KP: 6448: Using 16 for local hash table size (same as merge frequency), 1610000 for master hash table size
KP: 6448: Total memory allocation size (just evaluation, not kv stores themselves) could be up to 0 bytes (0 MB)
Will create 1610000 random integers for each child thread
Now starting evaluation for key-value store: Masstree
On 16 cores
Running on storage platform: disk
Starting single-threaded tests

*** BEGINING SINGLE THREADED TESTS***

***NOW DOING LATENCY TEST ON INDIVIDUAL FUNCTIONS ***
For put-insert: 
	 time elapsed 0:69897 (sec:usec) = 69897 usecs 
	 iterations 10000 (merge every 8 -> 1250 merges)
	 average cost 6.989700 usecs
	 Conflicts: 0 (of 1249 commits)

For put-append: 
	 time elapsed 0:219459 (sec:usec) = 219459 usecs 
	 iterations 30000 (merge every 8 -> 3750 merges)
	 average cost 7.315300 usecs
	 Conflicts: 0 (of 3747 commits)

For get: 
	 time elapsed 0:26915 (sec:usec) = 26915 usecs 
	 iterations 30000 (merge every 8 -> 3750 merges)
	 average cost 0.897167 usecs
	 Conflicts: 0 (of 0 commits)

For delete: 
	 time elapsed 0:20653 (sec:usec) = 20653 usecs 
	 iterations 30000 (merge every 8 -> 3750 merges)
	 average cost 0.688433 usecs
	 Conflicts: 0 (of 3747 commits)


*** CONCLUDING SINGLE THREADED TESTS***

Starting multi-threaded tests: num_threads=1, NUM_CPUS=16
KP: 6448: pinned new thread to CPU=0x0
KP: 6448: sleeping to allow threads enough time
KP: 6448: waking up from sleep (0)
For multithreaded run ramp r:-1-w:30-u:70-d:1
	 315094 total ops (311841 puts + 0 gets + 3253 dels)
	 2000000 in runtime (usecs) = 2 secs = 0.157547 ops/usec
	 155920.500000 op/sec put throughput (all threads)
	 0.000000 op/sec get throughput (all threads)
	 1626.500000 op/sec del throughput (all threads)
	 157547.000000 op/sec total throughput (all threads)
	 Conflicts in worker thread: 0 (of 39387 commits)
	 Errors in worker thread: 0
	 Put errors: 0, Del errors: 0, Get errors: 0
***END OF RAMP-UP-THREADS OUTPUT***

KP: 6448: pinned new thread to CPU=0x0
KP: 6448: sleeping to allow threads enough time
KP: 6448: pinned new thread to CPU=0x0
KP: 6448: sleeping to allow threads enough time
KP: 6448: pinned new thread to CPU=0x0
KP: 6448: sleeping to allow threads enough time
KP: 6448: pinned new thread to CPU=0x0
KP: 6448: sleeping to allow threads enough time
KP: 6448: pinned new thread to CPU=0x0
KP: 6448: sleeping to allow threads enough time
KP: 6448: waking up from sleep (0)
For multithreaded run ramp r:99-w:0-u:0-d:1
	 2969669 total ops (0 puts + 2939722 gets + 29947 dels)
	 2000000 in runtime (usecs) = 2 secs = 1.484835 ops/usec
	 0.000000 op/sec put throughput (all threads)
	 1469861.000000 op/sec get throughput (all threads)
	 14973.500000 op/sec del throughput (all threads)
	 1484834.500000 op/sec total throughput (all threads)
	 Conflicts in worker thread: 0 (of 3744 commits)
	 Errors in worker thread: 0
	 Put errors: 0, Del errors: 0, Get errors: 0
***END OF RAMP-UP-THREADS OUTPUT***

***CONCLUDING THREAD EVALUATION***
