KP: 3168: Using 16 for local hash table size (same as merge frequency), 1610000 for master hash table size
KP: 3168: Total memory allocation size (just evaluation, not kv stores themselves) could be up to 0 bytes (0 MB)
Will create 1610000 random integers for each child thread
Now starting evaluation for key-value store: Masstree
On 16 cores
Running on storage platform: disk
Starting single-threaded tests

*** BEGINING SINGLE THREADED TESTS***

***NOW DOING LATENCY TEST ON INDIVIDUAL FUNCTIONS ***
For put-insert: 
	 time elapsed 0:10781 (sec:usec) = 10781 usecs 
	 iterations 10000 (merge every 8 -> 1250 merges)
	 average cost 1.078100 usecs
	 Conflicts: 0 (of 1249 commits)

For put-append: 
	 time elapsed 0:27550 (sec:usec) = 27550 usecs 
	 iterations 30000 (merge every 8 -> 3750 merges)
	 average cost 0.918333 usecs
	 Conflicts: 0 (of 3747 commits)

For get: 
	 time elapsed 0:20909 (sec:usec) = 20909 usecs 
	 iterations 30000 (merge every 8 -> 3750 merges)
	 average cost 0.696967 usecs
	 Conflicts: 0 (of 0 commits)

For delete: 
	 time elapsed 0:20607 (sec:usec) = 20607 usecs 
	 iterations 30000 (merge every 8 -> 3750 merges)
	 average cost 0.686900 usecs
	 Conflicts: 0 (of 3747 commits)


*** CONCLUDING SINGLE THREADED TESTS***

Starting multi-threaded tests: num_threads=1, NUM_CPUS=16
KP: 3168: pinned new thread to CPU=0x0
KP: 3168: sleeping to allow threads enough time
KP: 3168: waking up from sleep (0)
For multithreaded run ramp r:-1-w:30-u:70-d:1
	 2174953 total ops (2153406 puts + 0 gets + 21547 dels)
	 2000000 in runtime (usecs) = 2 secs = 1.087476 ops/usec
	 1076703.000000 op/sec put throughput (all threads)
	 0.000000 op/sec get throughput (all threads)
	 10773.500000 op/sec del throughput (all threads)
	 1087476.500000 op/sec total throughput (all threads)
	 Conflicts in worker thread: 0 (of 271870 commits)
	 Errors in worker thread: 0
	 Put errors: 0, Del errors: 0, Get errors: 0
***END OF RAMP-UP-THREADS OUTPUT***

KP: 3168: pinned new thread to CPU=0x0
KP: 3168: sleeping to allow threads enough time
KP: 3168: pinned new thread to CPU=0x0
KP: 3168: sleeping to allow threads enough time
KP: 3168: pinned new thread to CPU=0x0
KP: 3168: sleeping to allow threads enough time
KP: 3168: pinned new thread to CPU=0x0
KP: 3168: sleeping to allow threads enough time
KP: 3168: pinned new thread to CPU=0x0
KP: 3168: sleeping to allow threads enough time
KP: 3168: waking up from sleep (0)
For multithreaded run ramp r:99-w:0-u:0-d:1
	 2958756 total ops (0 puts + 2929396 gets + 29360 dels)
	 2000000 in runtime (usecs) = 2 secs = 1.479378 ops/usec
	 0.000000 op/sec put throughput (all threads)
	 1464698.000000 op/sec get throughput (all threads)
	 14680.000977 op/sec del throughput (all threads)
	 1479378.000000 op/sec total throughput (all threads)
	 Conflicts in worker thread: 0 (of 3670 commits)
	 Errors in worker thread: 0
	 Put errors: 0, Del errors: 0, Get errors: 0
***END OF RAMP-UP-THREADS OUTPUT***

***CONCLUDING THREAD EVALUATION***
