KP: 2544: Using 16 for local hash table size (same as merge frequency), 1610000 for master hash table size
KP: 2544: Total memory allocation size (just evaluation, not kv stores themselves) could be up to 0 bytes (0 MB)
Will create 1610000 random integers for each child thread
Now starting evaluation for key-value store: Masstree
On 16 cores
Running on storage platform: disk
Starting single-threaded tests

*** BEGINING SINGLE THREADED TESTS***

***NOW DOING LATENCY TEST ON INDIVIDUAL FUNCTIONS ***
For put-insert: 
	 time elapsed 0:11663 (sec:usec) = 11663 usecs 
	 iterations 10000 (merge every 8 -> 1250 merges)
	 average cost 1.166300 usecs
	 Conflicts: 0 (of 1249 commits)

For put-append: 
	 time elapsed 0:30277 (sec:usec) = 30277 usecs 
	 iterations 30000 (merge every 8 -> 3750 merges)
	 average cost 1.009233 usecs
	 Conflicts: 0 (of 3747 commits)

For get: 
	 time elapsed 0:20905 (sec:usec) = 20905 usecs 
	 iterations 30000 (merge every 8 -> 3750 merges)
	 average cost 0.696833 usecs
	 Conflicts: 0 (of 0 commits)

For delete: 
	 time elapsed 0:20681 (sec:usec) = 20681 usecs 
	 iterations 30000 (merge every 8 -> 3750 merges)
	 average cost 0.689367 usecs
	 Conflicts: 0 (of 3747 commits)


*** CONCLUDING SINGLE THREADED TESTS***

Starting multi-threaded tests: num_threads=1, NUM_CPUS=16
KP: 2544: pinned new thread to CPU=0x0
KP: 2544: sleeping to allow threads enough time
KP: 2544: waking up from sleep (0)
For multithreaded run ramp r:-1-w:30-u:70-d:1
	 2023053 total ops (2002672 puts + 0 gets + 20381 dels)
	 2000000 in runtime (usecs) = 2 secs = 1.011526 ops/usec
	 1001336.000000 op/sec put throughput (all threads)
	 0.000000 op/sec get throughput (all threads)
	 10190.500000 op/sec del throughput (all threads)
	 1011526.437500 op/sec total throughput (all threads)
	 Conflicts in worker thread: 0 (of 252882 commits)
	 Errors in worker thread: 0
	 Put errors: 0, Del errors: 0, Get errors: 0
***END OF RAMP-UP-THREADS OUTPUT***

KP: 2544: pinned new thread to CPU=0x0
KP: 2544: sleeping to allow threads enough time
KP: 2544: pinned new thread to CPU=0x0
KP: 2544: sleeping to allow threads enough time
KP: 2544: pinned new thread to CPU=0x0
KP: 2544: sleeping to allow threads enough time
KP: 2544: pinned new thread to CPU=0x0
KP: 2544: sleeping to allow threads enough time
KP: 2544: pinned new thread to CPU=0x0
KP: 2544: sleeping to allow threads enough time
KP: 2544: waking up from sleep (0)
For multithreaded run ramp r:99-w:0-u:0-d:1
	 2971188 total ops (0 puts + 2941237 gets + 29951 dels)
	 2000000 in runtime (usecs) = 2 secs = 1.485594 ops/usec
	 0.000000 op/sec put throughput (all threads)
	 1470618.500000 op/sec get throughput (all threads)
	 14975.500000 op/sec del throughput (all threads)
	 1485594.000000 op/sec total throughput (all threads)
	 Conflicts in worker thread: 0 (of 3744 commits)
	 Errors in worker thread: 0
	 Put errors: 0, Del errors: 0, Get errors: 0
***END OF RAMP-UP-THREADS OUTPUT***

***CONCLUDING THREAD EVALUATION***
