KP: 5424: Using 16 for local hash table size (same as merge frequency), 1610000 for master hash table size
KP: 5424: Total memory allocation size (just evaluation, not kv stores themselves) could be up to 0 bytes (0 MB)
Will create 1610000 random integers for each child thread
Now starting evaluation for key-value store: Masstree
On 16 cores
Running on storage platform: disk
Starting single-threaded tests

*** BEGINING SINGLE THREADED TESTS***

***NOW DOING LATENCY TEST ON INDIVIDUAL FUNCTIONS ***
For put-insert: 
	 time elapsed 0:18401 (sec:usec) = 18401 usecs 
	 iterations 10000 (merge every 8 -> 1250 merges)
	 average cost 1.840100 usecs
	 Conflicts: 0 (of 1249 commits)

For put-append: 
	 time elapsed 0:58641 (sec:usec) = 58641 usecs 
	 iterations 30000 (merge every 8 -> 3750 merges)
	 average cost 1.954700 usecs
	 Conflicts: 0 (of 3747 commits)

For get: 
	 time elapsed 0:21507 (sec:usec) = 21507 usecs 
	 iterations 30000 (merge every 8 -> 3750 merges)
	 average cost 0.716900 usecs
	 Conflicts: 0 (of 0 commits)

For delete: 
	 time elapsed 0:20641 (sec:usec) = 20641 usecs 
	 iterations 30000 (merge every 8 -> 3750 merges)
	 average cost 0.688033 usecs
	 Conflicts: 0 (of 3747 commits)


*** CONCLUDING SINGLE THREADED TESTS***

Starting multi-threaded tests: num_threads=1, NUM_CPUS=16
KP: 5424: pinned new thread to CPU=0x0
KP: 5424: sleeping to allow threads enough time
KP: 5424: waking up from sleep (0)
For multithreaded run ramp r:-1-w:30-u:70-d:1
	 1225129 total ops (1213073 puts + 0 gets + 12056 dels)
	 2000000 in runtime (usecs) = 2 secs = 0.612565 ops/usec
	 606536.562500 op/sec put throughput (all threads)
	 0.000000 op/sec get throughput (all threads)
	 6028.000488 op/sec del throughput (all threads)
	 612564.500000 op/sec total throughput (all threads)
	 Conflicts in worker thread: 0 (of 153142 commits)
	 Errors in worker thread: 0
	 Put errors: 0, Del errors: 0, Get errors: 0
***END OF RAMP-UP-THREADS OUTPUT***

KP: 5424: pinned new thread to CPU=0x0
KP: 5424: sleeping to allow threads enough time
KP: 5424: pinned new thread to CPU=0x0
KP: 5424: sleeping to allow threads enough time
KP: 5424: pinned new thread to CPU=0x0
KP: 5424: sleeping to allow threads enough time
KP: 5424: pinned new thread to CPU=0x0
KP: 5424: sleeping to allow threads enough time
KP: 5424: pinned new thread to CPU=0x0
KP: 5424: sleeping to allow threads enough time
KP: 5424: waking up from sleep (0)
For multithreaded run ramp r:99-w:0-u:0-d:1
	 2843115 total ops (0 puts + 2814900 gets + 28215 dels)
	 2000000 in runtime (usecs) = 2 secs = 1.421558 ops/usec
	 0.000000 op/sec put throughput (all threads)
	 1407450.000000 op/sec get throughput (all threads)
	 14107.500000 op/sec del throughput (all threads)
	 1421557.500000 op/sec total throughput (all threads)
	 Conflicts in worker thread: 0 (of 3527 commits)
	 Errors in worker thread: 0
	 Put errors: 0, Del errors: 0, Get errors: 0
***END OF RAMP-UP-THREADS OUTPUT***

***CONCLUDING THREAD EVALUATION***
