KP: 3744: Using 256 for local hash table size (same as merge frequency), 1610000 for master hash table size
KP: 3744: Total memory allocation size (just evaluation, not kv stores themselves) could be up to 0 bytes (0 MB)
Will create 1610000 random integers for each child thread
Now starting evaluation for key-value store: Masstree
On 16 cores
Running on storage platform: disk
Starting single-threaded tests

*** BEGINING SINGLE THREADED TESTS***

***NOW DOING LATENCY TEST ON INDIVIDUAL FUNCTIONS ***
For put-insert: 
	 time elapsed 0:18834 (sec:usec) = 18834 usecs 
	 iterations 10000 (merge every 128 -> 78 merges)
	 average cost 1.883400 usecs
	 Conflicts: 0 (of 79 commits)

For put-append: 
	 time elapsed 0:57478 (sec:usec) = 57478 usecs 
	 iterations 30000 (merge every 128 -> 234 merges)
	 average cost 1.915933 usecs
	 Conflicts: 0 (of 237 commits)

For get: 
	 time elapsed 0:21433 (sec:usec) = 21433 usecs 
	 iterations 30000 (merge every 128 -> 234 merges)
	 average cost 0.714433 usecs
	 Conflicts: 0 (of 0 commits)

For delete: 
	 time elapsed 0:20543 (sec:usec) = 20543 usecs 
	 iterations 30000 (merge every 128 -> 234 merges)
	 average cost 0.684767 usecs
	 Conflicts: 0 (of 237 commits)


*** CONCLUDING SINGLE THREADED TESTS***

Starting multi-threaded tests: num_threads=1, NUM_CPUS=16
KP: 3744: pinned new thread to CPU=0x0
KP: 3744: sleeping to allow threads enough time
KP: 3744: waking up from sleep (0)
For multithreaded run ramp r:-1-w:30-u:70-d:1
	 1232315 total ops (1219765 puts + 0 gets + 12550 dels)
	 2000000 in runtime (usecs) = 2 secs = 0.616157 ops/usec
	 609882.500000 op/sec put throughput (all threads)
	 0.000000 op/sec get throughput (all threads)
	 6275.000000 op/sec del throughput (all threads)
	 616157.500000 op/sec total throughput (all threads)
	 Conflicts in worker thread: 0 (of 9628 commits)
	 Errors in worker thread: 0
	 Put errors: 0, Del errors: 0, Get errors: 0
***END OF RAMP-UP-THREADS OUTPUT***

KP: 3744: pinned new thread to CPU=0x0
KP: 3744: sleeping to allow threads enough time
KP: 3744: pinned new thread to CPU=0x0
KP: 3744: sleeping to allow threads enough time
KP: 3744: pinned new thread to CPU=0x0
KP: 3744: sleeping to allow threads enough time
KP: 3744: pinned new thread to CPU=0x0
KP: 3744: sleeping to allow threads enough time
KP: 3744: pinned new thread to CPU=0x0
KP: 3744: sleeping to allow threads enough time
KP: 3744: waking up from sleep (0)
For multithreaded run ramp r:99-w:0-u:0-d:1
	 2962074 total ops (0 puts + 2931757 gets + 30317 dels)
	 2000000 in runtime (usecs) = 2 secs = 1.481037 ops/usec
	 0.000000 op/sec put throughput (all threads)
	 1465878.500000 op/sec get throughput (all threads)
	 15158.500000 op/sec del throughput (all threads)
	 1481037.000000 op/sec total throughput (all threads)
	 Conflicts in worker thread: 0 (of 237 commits)
	 Errors in worker thread: 0
	 Put errors: 0, Del errors: 0, Get errors: 0
***END OF RAMP-UP-THREADS OUTPUT***

***CONCLUDING THREAD EVALUATION***
