KP: 16: Using 16 for local hash table size (same as merge frequency), 1610000 for master hash table size
KP: 16: Total memory allocation size (just evaluation, not kv stores themselves) could be up to 0 bytes (0 MB)
Will create 1610000 random integers for each child thread
Now starting evaluation for key-value store: Masstree
On 16 cores
Running on storage platform: disk
Starting single-threaded tests

*** BEGINING SINGLE THREADED TESTS***

***NOW DOING LATENCY TEST ON INDIVIDUAL FUNCTIONS ***
For put-insert: 
	 time elapsed 0:975750 (sec:usec) = 975750 usecs 
	 iterations 10000 (merge every 8 -> 1250 merges)
	 average cost 97.574997 usecs
	 Conflicts: 0 (of 1249 commits)

For put-append: 
	 time elapsed 2:902155 (sec:usec) = 2902155 usecs 
	 iterations 30000 (merge every 8 -> 3750 merges)
	 average cost 96.738503 usecs
	 Conflicts: 0 (of 3747 commits)

For get: 
	 time elapsed 0:25651 (sec:usec) = 25651 usecs 
	 iterations 30000 (merge every 8 -> 3750 merges)
	 average cost 0.855033 usecs
	 Conflicts: 0 (of 0 commits)

For delete: 
	 time elapsed 0:21686 (sec:usec) = 21686 usecs 
	 iterations 30000 (merge every 8 -> 3750 merges)
	 average cost 0.722867 usecs
	 Conflicts: 0 (of 3747 commits)


*** CONCLUDING SINGLE THREADED TESTS***

Starting multi-threaded tests: num_threads=1, NUM_CPUS=16
KP: 16: pinned new thread to CPU=0x0
KP: 16: sleeping to allow threads enough time
KP: 16: waking up from sleep (0)
For multithreaded run ramp r:-1-w:30-u:70-d:1
	 23002 total ops (22795 puts + 0 gets + 207 dels)
	 2000000 in runtime (usecs) = 2 secs = 0.011501 ops/usec
	 11397.500000 op/sec put throughput (all threads)
	 0.000000 op/sec get throughput (all threads)
	 103.500000 op/sec del throughput (all threads)
	 11501.000000 op/sec total throughput (all threads)
	 Conflicts in worker thread: 0 (of 2876 commits)
	 Errors in worker thread: 0
	 Put errors: 0, Del errors: 0, Get errors: 0
***END OF RAMP-UP-THREADS OUTPUT***

KP: 16: pinned new thread to CPU=0x0
KP: 16: sleeping to allow threads enough time
KP: 16: pinned new thread to CPU=0x0
KP: 16: sleeping to allow threads enough time
KP: 16: pinned new thread to CPU=0x0
KP: 16: sleeping to allow threads enough time
KP: 16: pinned new thread to CPU=0x0
KP: 16: sleeping to allow threads enough time
KP: 16: pinned new thread to CPU=0x0
KP: 16: sleeping to allow threads enough time
KP: 16: waking up from sleep (0)
For multithreaded run ramp r:99-w:0-u:0-d:1
	 2967687 total ops (0 puts + 2938013 gets + 29674 dels)
	 2000000 in runtime (usecs) = 2 secs = 1.483843 ops/usec
	 0.000000 op/sec put throughput (all threads)
	 1469006.500000 op/sec get throughput (all threads)
	 14837.000000 op/sec del throughput (all threads)
	 1483843.500000 op/sec total throughput (all threads)
	 Conflicts in worker thread: 0 (of 3710 commits)
	 Errors in worker thread: 0
	 Put errors: 0, Del errors: 0, Get errors: 0
***END OF RAMP-UP-THREADS OUTPUT***

***CONCLUDING THREAD EVALUATION***
