KP: 0: Using 16 for local hash table size (same as merge frequency), 1610000 for master hash table size
KP: 0: Total memory allocation size (just evaluation, not kv stores themselves) could be up to 0 bytes (0 MB)
Will create 1610000 random integers for each child thread
Now starting evaluation for key-value store: Masstree
On 16 cores
Running on storage platform: disk
Starting single-threaded tests

*** BEGINING SINGLE THREADED TESTS***

***NOW DOING LATENCY TEST ON INDIVIDUAL FUNCTIONS ***
For put-insert: 
	 time elapsed 0:10293 (sec:usec) = 10293 usecs 
	 iterations 10000 (merge every 8 -> 1250 merges)
	 average cost 1.029300 usecs
	 Conflicts: 0 (of 1249 commits)

For put-append: 
	 time elapsed 0:27071 (sec:usec) = 27071 usecs 
	 iterations 30000 (merge every 8 -> 3750 merges)
	 average cost 0.902367 usecs
	 Conflicts: 0 (of 3747 commits)

For get: 
	 time elapsed 0:20894 (sec:usec) = 20894 usecs 
	 iterations 30000 (merge every 8 -> 3750 merges)
	 average cost 0.696467 usecs
	 Conflicts: 0 (of 0 commits)

For delete: 
	 time elapsed 0:20602 (sec:usec) = 20602 usecs 
	 iterations 30000 (merge every 8 -> 3750 merges)
	 average cost 0.686733 usecs
	 Conflicts: 0 (of 3747 commits)


*** CONCLUDING SINGLE THREADED TESTS***

Starting multi-threaded tests: num_threads=1, NUM_CPUS=16
KP: 0: pinned new thread to CPU=0x0
KP: 0: sleeping to allow threads enough time
KP: 0: waking up from sleep (0)
For multithreaded run ramp r:-1-w:30-u:70-d:1
	 2215266 total ops (2192618 puts + 0 gets + 22648 dels)
	 2000000 in runtime (usecs) = 2 secs = 1.107633 ops/usec
	 1096309.000000 op/sec put throughput (all threads)
	 0.000000 op/sec get throughput (all threads)
	 11324.000000 op/sec del throughput (all threads)
	 1107633.000000 op/sec total throughput (all threads)
	 Conflicts in worker thread: 0 (of 276909 commits)
	 Errors in worker thread: 0
	 Put errors: 0, Del errors: 0, Get errors: 0
***END OF RAMP-UP-THREADS OUTPUT***

KP: 0: pinned new thread to CPU=0x0
KP: 0: sleeping to allow threads enough time
KP: 0: pinned new thread to CPU=0x0
KP: 0: sleeping to allow threads enough time
KP: 0: pinned new thread to CPU=0x0
KP: 0: sleeping to allow threads enough time
KP: 0: pinned new thread to CPU=0x0
KP: 0: sleeping to allow threads enough time
KP: 0: pinned new thread to CPU=0x0
KP: 0: sleeping to allow threads enough time
KP: 0: waking up from sleep (0)
For multithreaded run ramp r:99-w:0-u:0-d:1
	 2978192 total ops (0 puts + 2947358 gets + 30834 dels)
	 2000000 in runtime (usecs) = 2 secs = 1.489096 ops/usec
	 0.000000 op/sec put throughput (all threads)
	 1473679.125000 op/sec get throughput (all threads)
	 15417.000000 op/sec del throughput (all threads)
	 1489096.000000 op/sec total throughput (all threads)
	 Conflicts in worker thread: 0 (of 3855 commits)
	 Errors in worker thread: 0
	 Put errors: 0, Del errors: 0, Get errors: 0
***END OF RAMP-UP-THREADS OUTPUT***

***CONCLUDING THREAD EVALUATION***
