KP: 7344: Using 16 for local hash table size (same as merge frequency), 1610000 for master hash table size
KP: 7344: Total memory allocation size (just evaluation, not kv stores themselves) could be up to 0 bytes (0 MB)
Will create 1610000 random integers for each child thread
Now starting evaluation for key-value store: Masstree
On 16 cores
Running on storage platform: disk
Starting single-threaded tests

*** BEGINING SINGLE THREADED TESTS***

***NOW DOING LATENCY TEST ON INDIVIDUAL FUNCTIONS ***
For put-insert: 
	 time elapsed 0:10321 (sec:usec) = 10321 usecs 
	 iterations 10000 (merge every 8 -> 1250 merges)
	 average cost 1.032100 usecs
	 Conflicts: 0 (of 1249 commits)

For put-append: 
	 time elapsed 0:26933 (sec:usec) = 26933 usecs 
	 iterations 30000 (merge every 8 -> 3750 merges)
	 average cost 0.897767 usecs
	 Conflicts: 0 (of 3747 commits)

For get: 
	 time elapsed 0:20907 (sec:usec) = 20907 usecs 
	 iterations 30000 (merge every 8 -> 3750 merges)
	 average cost 0.696900 usecs
	 Conflicts: 0 (of 0 commits)

For delete: 
	 time elapsed 0:21416 (sec:usec) = 21416 usecs 
	 iterations 30000 (merge every 8 -> 3750 merges)
	 average cost 0.713867 usecs
	 Conflicts: 0 (of 3747 commits)


*** CONCLUDING SINGLE THREADED TESTS***

Starting multi-threaded tests: num_threads=1, NUM_CPUS=16
KP: 7344: pinned new thread to CPU=0x0
KP: 7344: sleeping to allow threads enough time
KP: 7344: waking up from sleep (0)
For multithreaded run ramp r:-1-w:30-u:70-d:1
	 2241068 total ops (2218651 puts + 0 gets + 22417 dels)
	 2000000 in runtime (usecs) = 2 secs = 1.120534 ops/usec
	 1109325.500000 op/sec put throughput (all threads)
	 0.000000 op/sec get throughput (all threads)
	 11208.500000 op/sec del throughput (all threads)
	 1120534.000000 op/sec total throughput (all threads)
	 Conflicts in worker thread: 0 (of 280134 commits)
	 Errors in worker thread: 0
	 Put errors: 0, Del errors: 0, Get errors: 0
***END OF RAMP-UP-THREADS OUTPUT***

KP: 7344: pinned new thread to CPU=0x0
KP: 7344: sleeping to allow threads enough time
KP: 7344: pinned new thread to CPU=0x0
KP: 7344: sleeping to allow threads enough time
KP: 7344: pinned new thread to CPU=0x0
KP: 7344: sleeping to allow threads enough time
KP: 7344: pinned new thread to CPU=0x0
KP: 7344: sleeping to allow threads enough time
KP: 7344: pinned new thread to CPU=0x0
KP: 7344: sleeping to allow threads enough time
KP: 7344: waking up from sleep (0)
For multithreaded run ramp r:99-w:0-u:0-d:1
	 2980643 total ops (0 puts + 2950714 gets + 29929 dels)
	 2000000 in runtime (usecs) = 2 secs = 1.490322 ops/usec
	 0.000000 op/sec put throughput (all threads)
	 1475357.000000 op/sec get throughput (all threads)
	 14964.500000 op/sec del throughput (all threads)
	 1490321.500000 op/sec total throughput (all threads)
	 Conflicts in worker thread: 0 (of 3742 commits)
	 Errors in worker thread: 0
	 Put errors: 0, Del errors: 0, Get errors: 0
***END OF RAMP-UP-THREADS OUTPUT***

***CONCLUDING THREAD EVALUATION***
