KP: 672: Using 16 for local hash table size (same as merge frequency), 92284688 for master hash table size
KP: 672: Total memory allocation size (just evaluation, not kv stores themselves) could be up to 0 bytes (0 MB)
Will create 92284688 random integers for each child thread
Now starting evaluation for key-value store: Masstree
On 16 cores
Running on storage platform: disk
Starting single-threaded tests
KP: 5520: Using 16 for local hash table size (same as merge frequency), 1610000 for master hash table size
KP: 5520: Total memory allocation size (just evaluation, not kv stores themselves) could be up to 0 bytes (0 MB)
Will create 1610000 random integers for each child thread
Now starting evaluation for key-value store: Masstree
On 16 cores
Running on storage platform: disk
Starting single-threaded tests

*** BEGINING SINGLE THREADED TESTS***

***NOW DOING LATENCY TEST ON INDIVIDUAL FUNCTIONS ***
For put-insert: 
	 time elapsed 0:10059 (sec:usec) = 10059 usecs 
	 iterations 10000 (merge every 8 -> 1250 merges)
	 average cost 1.005900 usecs
	 Conflicts: 0 (of 1249 commits)

For put-append: 
	 time elapsed 0:26677 (sec:usec) = 26677 usecs 
	 iterations 30000 (merge every 8 -> 3750 merges)
	 average cost 0.889233 usecs
	 Conflicts: 0 (of 3747 commits)

For get: 
	 time elapsed 0:20911 (sec:usec) = 20911 usecs 
	 iterations 30000 (merge every 8 -> 3750 merges)
	 average cost 0.697033 usecs
	 Conflicts: 0 (of 0 commits)

For delete: 
	 time elapsed 0:20615 (sec:usec) = 20615 usecs 
	 iterations 30000 (merge every 8 -> 3750 merges)
	 average cost 0.687167 usecs
	 Conflicts: 0 (of 3747 commits)


*** CONCLUDING SINGLE THREADED TESTS***

Starting multi-threaded tests: num_threads=1, NUM_CPUS=16
KP: 5520: pinned new thread to CPU=0x0
KP: 5520: sleeping to allow threads enough time
KP: 5520: waking up from sleep (0)
For multithreaded run ramp r:-1-w:30-u:70-d:1
	 2273882 total ops (2250949 puts + 0 gets + 22933 dels)
	 2000000 in runtime (usecs) = 2 secs = 1.136941 ops/usec
	 1125474.500000 op/sec put throughput (all threads)
	 0.000000 op/sec get throughput (all threads)
	 11466.500000 op/sec del throughput (all threads)
	 1136941.000000 op/sec total throughput (all threads)
	 Conflicts in worker thread: 0 (of 284236 commits)
	 Errors in worker thread: 0
	 Put errors: 0, Del errors: 0, Get errors: 0
***END OF RAMP-UP-THREADS OUTPUT***

KP: 5520: pinned new thread to CPU=0x0
KP: 5520: sleeping to allow threads enough time
KP: 5520: pinned new thread to CPU=0x0
KP: 5520: sleeping to allow threads enough time
KP: 5520: pinned new thread to CPU=0x0
KP: 5520: sleeping to allow threads enough time
KP: 5520: pinned new thread to CPU=0x0
KP: 5520: sleeping to allow threads enough time
KP: 5520: pinned new thread to CPU=0x0
KP: 5520: sleeping to allow threads enough time
KP: 5520: waking up from sleep (0)
For multithreaded run ramp r:99-w:0-u:0-d:1
	 2974369 total ops (0 puts + 2944429 gets + 29940 dels)
	 2000000 in runtime (usecs) = 2 secs = 1.487185 ops/usec
	 0.000000 op/sec put throughput (all threads)
	 1472214.500000 op/sec get throughput (all threads)
	 14970.000000 op/sec del throughput (all threads)
	 1487184.500000 op/sec total throughput (all threads)
	 Conflicts in worker thread: 0 (of 3743 commits)
	 Errors in worker thread: 0
	 Put errors: 0, Del errors: 0, Get errors: 0
***END OF RAMP-UP-THREADS OUTPUT***

***CONCLUDING THREAD EVALUATION***
