KP: 4912: Using 16 for local hash table size (same as merge frequency), 1610000 for master hash table size
KP: 4912: Total memory allocation size (just evaluation, not kv stores themselves) could be up to 0 bytes (0 MB)
Will create 1610000 random integers for each child thread
Now starting evaluation for key-value store: kp_kvstore
On 16 cores
Running on storage platform: disk
Starting single-threaded tests

*** BEGINING SINGLE THREADED TESTS***

***NOW DOING LATENCY TEST ON INDIVIDUAL FUNCTIONS ***
For put-insert: 
	 time elapsed 0:304252 (sec:usec) = 304252 usecs 
	 iterations 50000 (merge every 8 -> 6250 merges)
	 average cost 6.085040 usecs
	 Conflicts: 0 (of 6249 commits)

For put-append: 
	 time elapsed 0:933122 (sec:usec) = 933122 usecs 
	 iterations 150000 (merge every 8 -> 18750 merges)
	 average cost 6.220813 usecs
	 Conflicts: 0 (of 18747 commits)

For get: 
	 time elapsed 0:883746 (sec:usec) = 883746 usecs 
	 iterations 150000 (merge every 8 -> 18750 merges)
	 average cost 5.891640 usecs
	 Conflicts: 0 (of 0 commits)

For delete: 
	 time elapsed 0:390276 (sec:usec) = 390276 usecs 
	 iterations 150000 (merge every 8 -> 18750 merges)
	 average cost 2.601840 usecs
	 Conflicts: 0 (of 18747 commits)


*** CONCLUDING SINGLE THREADED TESTS***

Starting multi-threaded tests: num_threads=1, NUM_CPUS=16
KP: 4912: pinned new thread to CPU=0x0
KP: 4912: sleeping to allow threads enough time
KP: 4912: waking up from sleep (0)
For multithreaded run ramp r:-1-w:30-u:70-d:1
	 642592 total ops (636259 puts + 0 gets + 6333 dels)
	 2000000 in runtime (usecs) = 2 secs = 0.321296 ops/usec
	 318129.500000 op/sec put throughput (all threads)
	 0.000000 op/sec get throughput (all threads)
	 3166.500000 op/sec del throughput (all threads)
	 321296.000000 op/sec total throughput (all threads)
	 Conflicts in worker thread: 0 (of 80324 commits)
	 Errors in worker thread: 0
	 Put errors: 0, Del errors: 0, Get errors: 0
***END OF RAMP-UP-THREADS OUTPUT***

KP: 4912: pinned new thread to CPU=0x0
KP: 4912: sleeping to allow threads enough time
KP: 4912: waking up from sleep (0)
For multithreaded run ramp r:19-w:24-u:56-d:1
	 742612 total ops (586887 puts + 148381 gets + 7344 dels)
	 2000000 in runtime (usecs) = 2 secs = 0.371306 ops/usec
	 293443.500000 op/sec put throughput (all threads)
	 74190.507812 op/sec get throughput (all threads)
	 3672.000000 op/sec del throughput (all threads)
	 371306.000000 op/sec total throughput (all threads)
	 Conflicts in worker thread: 0 (of 74279 commits)
	 Errors in worker thread: 0
	 Put errors: 0, Del errors: 0, Get errors: 0
***END OF RAMP-UP-THREADS OUTPUT***

KP: 4912: pinned new thread to CPU=0x0
KP: 4912: sleeping to allow threads enough time
KP: 4912: waking up from sleep (0)
For multithreaded run ramp r:39-w:18-u:42-d:1
	 898856 total ops (530174 puts + 359880 gets + 8802 dels)
	 2000000 in runtime (usecs) = 2 secs = 0.449428 ops/usec
	 265087.000000 op/sec put throughput (all threads)
	 179940.000000 op/sec get throughput (all threads)
	 4401.000000 op/sec del throughput (all threads)
	 449428.000000 op/sec total throughput (all threads)
	 Conflicts in worker thread: 0 (of 67372 commits)
	 Errors in worker thread: 0
	 Put errors: 0, Del errors: 0, Get errors: 0
***END OF RAMP-UP-THREADS OUTPUT***

KP: 4912: pinned new thread to CPU=0x0
KP: 4912: sleeping to allow threads enough time
KP: 4912: waking up from sleep (0)
For multithreaded run ramp r:59-w:12-u:28-d:1
	 1151558 total ops (448734 puts + 691579 gets + 11245 dels)
	 2000000 in runtime (usecs) = 2 secs = 0.575779 ops/usec
	 224367.000000 op/sec put throughput (all threads)
	 345789.500000 op/sec get throughput (all threads)
	 5622.500000 op/sec del throughput (all threads)
	 575779.000000 op/sec total throughput (all threads)
	 Conflicts in worker thread: 0 (of 57498 commits)
	 Errors in worker thread: 0
	 Put errors: 0, Del errors: 0, Get errors: 0
***END OF RAMP-UP-THREADS OUTPUT***

KP: 4912: pinned new thread to CPU=0x0
KP: 4912: sleeping to allow threads enough time
KP: 4912: waking up from sleep (0)
For multithreaded run ramp r:79-w:6-u:14-d:1
	 1615890 total ops (306742 puts + 1293182 gets + 15966 dels)
	 2000000 in runtime (usecs) = 2 secs = 0.807945 ops/usec
	 153371.000000 op/sec put throughput (all threads)
	 646591.000000 op/sec get throughput (all threads)
	 7983.000000 op/sec del throughput (all threads)
	 807945.000000 op/sec total throughput (all threads)
	 Conflicts in worker thread: 0 (of 40339 commits)
	 Errors in worker thread: 0
	 Put errors: 0, Del errors: 0, Get errors: 0
***END OF RAMP-UP-THREADS OUTPUT***

KP: 4912: pinned new thread to CPU=0x0
KP: 4912: sleeping to allow threads enough time
KP: 4912: waking up from sleep (0)
For multithreaded run ramp r:99-w:0-u:0-d:1
	 3371951 total ops (0 puts + 3338657 gets + 33294 dels)
	 2000000 in runtime (usecs) = 2 secs = 1.685976 ops/usec
	 0.000000 op/sec put throughput (all threads)
	 1669328.500000 op/sec get throughput (all threads)
	 16647.000000 op/sec del throughput (all threads)
	 1685975.500000 op/sec total throughput (all threads)
	 Conflicts in worker thread: 0 (of 4162 commits)
	 Errors in worker thread: 0
	 Put errors: 0, Del errors: 0, Get errors: 0
***END OF RAMP-UP-THREADS OUTPUT***

***CONCLUDING THREAD EVALUATION***
