KP: 8096: Using 16 for local hash table size (same as merge frequency), 23078672 for master hash table size
KP: 8096: Total memory allocation size (just evaluation, not kv stores themselves) could be up to 0 bytes (0 MB)
Will create 23078672 random integers for each child thread
Now starting evaluation for key-value store: kp_kvstore
On 16 cores
Running on storage platform: disk
Starting single-threaded tests

*** BEGINING SINGLE THREADED TESTS***

***NOW DOING LATENCY TEST ON INDIVIDUAL FUNCTIONS ***
For put-insert: 
	 time elapsed 6:601571 (sec:usec) = 6601571 usecs 
	 iterations 2097152 (merge every 8 -> 262144 merges)
	 average cost 3.147874 usecs
	 Conflicts: 0 (of 262143 commits)

For put-append: 
	 time elapsed 25:224502 (sec:usec) = 25224502 usecs 
	 iterations 6291456 (merge every 8 -> 786432 merges)
	 average cost 4.009326 usecs
	 Conflicts: 0 (of 786429 commits)

For get: 
	 time elapsed 16:401532 (sec:usec) = 16401532 usecs 
	 iterations 6291456 (merge every 8 -> 786432 merges)
	 average cost 2.606953 usecs
	 Conflicts: 0 (of 0 commits)

For delete: 
	 time elapsed 31:93568 (sec:usec) = 31093568 usecs 
	 iterations 6291456 (merge every 8 -> 786432 merges)
	 average cost 4.942190 usecs
	 Conflicts: 0 (of 786429 commits)


*** CONCLUDING SINGLE THREADED TESTS***

Starting multi-threaded tests: num_threads=1, NUM_CPUS=16
KP: 8096: pinned new thread to CPU=0x0
KP: 8096: sleeping to allow threads enough time
KP: 8096: waking up from sleep (0)
For multithreaded run ramp r:-1-w:30-u:70-d:1
	 1295072 total ops (1282223 puts + 0 gets + 12849 dels)
	 2000000 in runtime (usecs) = 2 secs = 0.647536 ops/usec
	 641111.500000 op/sec put throughput (all threads)
	 0.000000 op/sec get throughput (all threads)
	 6424.500000 op/sec del throughput (all threads)
	 647536.000000 op/sec total throughput (all threads)
	 Conflicts in worker thread: 0 (of 161884 commits)
	 Errors in worker thread: 0
	 Put errors: 0, Del errors: 0, Get errors: 0
***END OF RAMP-UP-THREADS OUTPUT***

KP: 8096: pinned new thread to CPU=0x0
KP: 8096: sleeping to allow threads enough time
KP: 8096: waking up from sleep (0)
For multithreaded run ramp r:19-w:24-u:56-d:1
	 1396617 total ops (1103432 puts + 279296 gets + 13889 dels)
	 2000000 in runtime (usecs) = 2 secs = 0.698309 ops/usec
	 551716.000000 op/sec put throughput (all threads)
	 139648.015625 op/sec get throughput (all threads)
	 6944.500000 op/sec del throughput (all threads)
	 698308.500000 op/sec total throughput (all threads)
	 Conflicts in worker thread: 0 (of 139666 commits)
	 Errors in worker thread: 0
	 Put errors: 0, Del errors: 0, Get errors: 0
***END OF RAMP-UP-THREADS OUTPUT***

KP: 8096: pinned new thread to CPU=0x0
KP: 8096: sleeping to allow threads enough time
KP: 8096: waking up from sleep (0)
For multithreaded run ramp r:39-w:18-u:42-d:1
	 1592639 total ops (938303 puts + 638439 gets + 15897 dels)
	 2000000 in runtime (usecs) = 2 secs = 0.796319 ops/usec
	 469151.500000 op/sec put throughput (all threads)
	 319219.500000 op/sec get throughput (all threads)
	 7948.500000 op/sec del throughput (all threads)
	 796319.500000 op/sec total throughput (all threads)
	 Conflicts in worker thread: 0 (of 119275 commits)
	 Errors in worker thread: 0
	 Put errors: 0, Del errors: 0, Get errors: 0
***END OF RAMP-UP-THREADS OUTPUT***

KP: 8096: pinned new thread to CPU=0x0
KP: 8096: sleeping to allow threads enough time
KP: 8096: waking up from sleep (0)
For multithreaded run ramp r:59-w:12-u:28-d:1
	 1875895 total ops (731134 puts + 1125791 gets + 18970 dels)
	 2000000 in runtime (usecs) = 2 secs = 0.937948 ops/usec
	 365566.968750 op/sec put throughput (all threads)
	 562895.500000 op/sec get throughput (all threads)
	 9485.000000 op/sec del throughput (all threads)
	 937947.500000 op/sec total throughput (all threads)
	 Conflicts in worker thread: 0 (of 93763 commits)
	 Errors in worker thread: 0
	 Put errors: 0, Del errors: 0, Get errors: 0
***END OF RAMP-UP-THREADS OUTPUT***

KP: 8096: pinned new thread to CPU=0x0
KP: 8096: sleeping to allow threads enough time
KP: 8096: waking up from sleep (0)
For multithreaded run ramp r:79-w:6-u:14-d:1
	 2313198 total ops (438600 puts + 1851470 gets + 23128 dels)
	 2000000 in runtime (usecs) = 2 secs = 1.156599 ops/usec
	 219300.000000 op/sec put throughput (all threads)
	 925735.000000 op/sec get throughput (all threads)
	 11564.000000 op/sec del throughput (all threads)
	 1156599.000000 op/sec total throughput (all threads)
	 Conflicts in worker thread: 0 (of 57716 commits)
	 Errors in worker thread: 0
	 Put errors: 0, Del errors: 0, Get errors: 0
***END OF RAMP-UP-THREADS OUTPUT***

KP: 8096: pinned new thread to CPU=0x0
KP: 8096: sleeping to allow threads enough time
KP: 8096: waking up from sleep (0)
For multithreaded run ramp r:99-w:0-u:0-d:1
	 3294254 total ops (0 puts + 3261124 gets + 33130 dels)
	 2000000 in runtime (usecs) = 2 secs = 1.647127 ops/usec
	 0.000000 op/sec put throughput (all threads)
	 1630562.000000 op/sec get throughput (all threads)
	 16565.000000 op/sec del throughput (all threads)
	 1647127.000000 op/sec total throughput (all threads)
	 Conflicts in worker thread: 0 (of 4142 commits)
	 Errors in worker thread: 0
	 Put errors: 0, Del errors: 0, Get errors: 0
***END OF RAMP-UP-THREADS OUTPUT***

***CONCLUDING THREAD EVALUATION***
