KP: 5952: Using 16 for local hash table size (same as merge frequency), 1610000 for master hash table size
KP: 5952: Total memory allocation size (just evaluation, not kv stores themselves) could be up to 0 bytes (0 MB)
Will create 1610000 random integers for each child thread
Now starting evaluation for key-value store: kp_kvstore
On 16 cores
Running on storage platform: disk
Starting single-threaded tests

*** BEGINING SINGLE THREADED TESTS***

***NOW DOING LATENCY TEST ON INDIVIDUAL FUNCTIONS ***
For put-insert: 
	 time elapsed 0:135647 (sec:usec) = 135647 usecs 
	 iterations 50000 (merge every 8 -> 6250 merges)
	 average cost 2.712940 usecs
	 Conflicts: 0 (of 6249 commits)

For put-append: 
	 time elapsed 0:410231 (sec:usec) = 410231 usecs 
	 iterations 150000 (merge every 8 -> 18750 merges)
	 average cost 2.734873 usecs
	 Conflicts: 0 (of 18747 commits)

For get: 
	 time elapsed 0:278771 (sec:usec) = 278771 usecs 
	 iterations 150000 (merge every 8 -> 18750 merges)
	 average cost 1.858473 usecs
	 Conflicts: 0 (of 0 commits)

For delete: 
	 time elapsed 0:386964 (sec:usec) = 386964 usecs 
	 iterations 150000 (merge every 8 -> 18750 merges)
	 average cost 2.579760 usecs
	 Conflicts: 0 (of 18747 commits)


*** CONCLUDING SINGLE THREADED TESTS***

Starting multi-threaded tests: num_threads=1, NUM_CPUS=16
KP: 5952: pinned new thread to CPU=0x0
KP: 5952: sleeping to allow threads enough time
KP: 5952: waking up from sleep (0)
For multithreaded run ramp r:-1-w:30-u:70-d:1
	 1254880 total ops (1242563 puts + 0 gets + 12317 dels)
	 2000000 in runtime (usecs) = 2 secs = 0.627440 ops/usec
	 621281.500000 op/sec put throughput (all threads)
	 0.000000 op/sec get throughput (all threads)
	 6158.500000 op/sec del throughput (all threads)
	 627440.000000 op/sec total throughput (all threads)
	 Conflicts in worker thread: 0 (of 156860 commits)
	 Errors in worker thread: 0
	 Put errors: 0, Del errors: 0, Get errors: 0
***END OF RAMP-UP-THREADS OUTPUT***

KP: 5952: pinned new thread to CPU=0x0
KP: 5952: sleeping to allow threads enough time
KP: 5952: waking up from sleep (0)
For multithreaded run ramp r:19-w:24-u:56-d:1
	 1366220 total ops (1080507 puts + 272474 gets + 13239 dels)
	 2000000 in runtime (usecs) = 2 secs = 0.683110 ops/usec
	 540253.500000 op/sec put throughput (all threads)
	 136237.000000 op/sec get throughput (all threads)
	 6619.500000 op/sec del throughput (all threads)
	 683110.000000 op/sec total throughput (all threads)
	 Conflicts in worker thread: 0 (of 136719 commits)
	 Errors in worker thread: 0
	 Put errors: 0, Del errors: 0, Get errors: 0
***END OF RAMP-UP-THREADS OUTPUT***

KP: 5952: pinned new thread to CPU=0x0
KP: 5952: sleeping to allow threads enough time
KP: 5952: waking up from sleep (0)
For multithreaded run ramp r:39-w:18-u:42-d:1
	 1560775 total ops (922238 puts + 623215 gets + 15322 dels)
	 2000000 in runtime (usecs) = 2 secs = 0.780388 ops/usec
	 461119.000000 op/sec put throughput (all threads)
	 311607.500000 op/sec get throughput (all threads)
	 7661.000000 op/sec del throughput (all threads)
	 780387.500000 op/sec total throughput (all threads)
	 Conflicts in worker thread: 0 (of 117195 commits)
	 Errors in worker thread: 0
	 Put errors: 0, Del errors: 0, Get errors: 0
***END OF RAMP-UP-THREADS OUTPUT***

KP: 5952: pinned new thread to CPU=0x0
KP: 5952: sleeping to allow threads enough time
KP: 5952: waking up from sleep (0)
For multithreaded run ramp r:59-w:12-u:28-d:1
	 1859126 total ops (726050 puts + 1114789 gets + 18287 dels)
	 2000000 in runtime (usecs) = 2 secs = 0.929563 ops/usec
	 363025.000000 op/sec put throughput (all threads)
	 557394.500000 op/sec get throughput (all threads)
	 9143.500000 op/sec del throughput (all threads)
	 929563.000000 op/sec total throughput (all threads)
	 Conflicts in worker thread: 0 (of 93043 commits)
	 Errors in worker thread: 0
	 Put errors: 0, Del errors: 0, Get errors: 0
***END OF RAMP-UP-THREADS OUTPUT***

KP: 5952: pinned new thread to CPU=0x0
KP: 5952: sleeping to allow threads enough time
KP: 5952: waking up from sleep (0)
For multithreaded run ramp r:79-w:6-u:14-d:1
	 2324962 total ops (442877 puts + 1859106 gets + 22979 dels)
	 2000000 in runtime (usecs) = 2 secs = 1.162481 ops/usec
	 221438.500000 op/sec put throughput (all threads)
	 929553.000000 op/sec get throughput (all threads)
	 11489.500000 op/sec del throughput (all threads)
	 1162481.000000 op/sec total throughput (all threads)
	 Conflicts in worker thread: 0 (of 58232 commits)
	 Errors in worker thread: 0
	 Put errors: 0, Del errors: 0, Get errors: 0
***END OF RAMP-UP-THREADS OUTPUT***

KP: 5952: pinned new thread to CPU=0x0
KP: 5952: sleeping to allow threads enough time
KP: 5952: waking up from sleep (0)
For multithreaded run ramp r:99-w:0-u:0-d:1
	 3382681 total ops (0 puts + 3349119 gets + 33562 dels)
	 2000000 in runtime (usecs) = 2 secs = 1.691340 ops/usec
	 0.000000 op/sec put throughput (all threads)
	 1674559.500000 op/sec get throughput (all threads)
	 16781.000000 op/sec del throughput (all threads)
	 1691340.500000 op/sec total throughput (all threads)
	 Conflicts in worker thread: 0 (of 4196 commits)
	 Errors in worker thread: 0
	 Put errors: 0, Del errors: 0, Get errors: 0
***END OF RAMP-UP-THREADS OUTPUT***

***CONCLUDING THREAD EVALUATION***
