KP: 1264: Using 16 for local hash table size (same as merge frequency), 1610000 for master hash table size
KP: 1264: Total memory allocation size (just evaluation, not kv stores themselves) could be up to 0 bytes (0 MB)
Will create 1610000 random integers for each child thread
Now starting evaluation for key-value store: kp_kvstore
On 16 cores
Running on storage platform: disk
Starting single-threaded tests

*** BEGINING SINGLE THREADED TESTS***

***NOW DOING LATENCY TEST ON INDIVIDUAL FUNCTIONS ***
For put-insert: 
	 time elapsed 0:136220 (sec:usec) = 136220 usecs 
	 iterations 50000 (merge every 8 -> 6250 merges)
	 average cost 2.724400 usecs
	 Conflicts: 0 (of 6249 commits)

For put-append: 
	 time elapsed 0:427307 (sec:usec) = 427307 usecs 
	 iterations 150000 (merge every 8 -> 18750 merges)
	 average cost 2.848713 usecs
	 Conflicts: 0 (of 18747 commits)

For get: 
	 time elapsed 0:305625 (sec:usec) = 305625 usecs 
	 iterations 150000 (merge every 8 -> 18750 merges)
	 average cost 2.037500 usecs
	 Conflicts: 0 (of 0 commits)

For delete: 
	 time elapsed 0:396329 (sec:usec) = 396329 usecs 
	 iterations 150000 (merge every 8 -> 18750 merges)
	 average cost 2.642193 usecs
	 Conflicts: 0 (of 18747 commits)


*** CONCLUDING SINGLE THREADED TESTS***

Starting multi-threaded tests: num_threads=1, NUM_CPUS=16
KP: 1264: pinned new thread to CPU=0x0
KP: 1264: sleeping to allow threads enough time
KP: 1264: waking up from sleep (0)
For multithreaded run ramp r:-1-w:30-u:70-d:1
	 1239040 total ops (1226685 puts + 0 gets + 12355 dels)
	 2000000 in runtime (usecs) = 2 secs = 0.619520 ops/usec
	 613342.500000 op/sec put throughput (all threads)
	 0.000000 op/sec get throughput (all threads)
	 6177.500000 op/sec del throughput (all threads)
	 619520.000000 op/sec total throughput (all threads)
	 Conflicts in worker thread: 0 (of 154880 commits)
	 Errors in worker thread: 0
	 Put errors: 0, Del errors: 0, Get errors: 0
***END OF RAMP-UP-THREADS OUTPUT***

KP: 1264: pinned new thread to CPU=0x0
KP: 1264: sleeping to allow threads enough time
KP: 1264: waking up from sleep (0)
For multithreaded run ramp r:19-w:24-u:56-d:1
	 1340038 total ops (1058480 puts + 268168 gets + 13390 dels)
	 2000000 in runtime (usecs) = 2 secs = 0.670019 ops/usec
	 529240.000000 op/sec put throughput (all threads)
	 134084.000000 op/sec get throughput (all threads)
	 6695.000000 op/sec del throughput (all threads)
	 670019.000000 op/sec total throughput (all threads)
	 Conflicts in worker thread: 0 (of 133984 commits)
	 Errors in worker thread: 0
	 Put errors: 0, Del errors: 0, Get errors: 0
***END OF RAMP-UP-THREADS OUTPUT***

KP: 1264: pinned new thread to CPU=0x0
KP: 1264: sleeping to allow threads enough time
KP: 1264: waking up from sleep (0)
For multithreaded run ramp r:39-w:18-u:42-d:1
	 1558139 total ops (918606 puts + 624091 gets + 15442 dels)
	 2000000 in runtime (usecs) = 2 secs = 0.779069 ops/usec
	 459303.000000 op/sec put throughput (all threads)
	 312045.500000 op/sec get throughput (all threads)
	 7721.000000 op/sec del throughput (all threads)
	 779069.500000 op/sec total throughput (all threads)
	 Conflicts in worker thread: 0 (of 116756 commits)
	 Errors in worker thread: 0
	 Put errors: 0, Del errors: 0, Get errors: 0
***END OF RAMP-UP-THREADS OUTPUT***

KP: 1264: pinned new thread to CPU=0x0
KP: 1264: sleeping to allow threads enough time
KP: 1264: waking up from sleep (0)
For multithreaded run ramp r:59-w:12-u:28-d:1
	 1850931 total ops (720410 puts + 1112035 gets + 18486 dels)
	 2000000 in runtime (usecs) = 2 secs = 0.925466 ops/usec
	 360205.000000 op/sec put throughput (all threads)
	 556017.500000 op/sec get throughput (all threads)
	 9243.000000 op/sec del throughput (all threads)
	 925465.500000 op/sec total throughput (all threads)
	 Conflicts in worker thread: 0 (of 92362 commits)
	 Errors in worker thread: 0
	 Put errors: 0, Del errors: 0, Get errors: 0
***END OF RAMP-UP-THREADS OUTPUT***

KP: 1264: pinned new thread to CPU=0x0
KP: 1264: sleeping to allow threads enough time
KP: 1264: waking up from sleep (0)
For multithreaded run ramp r:79-w:6-u:14-d:1
	 2288862 total ops (434377 puts + 1831752 gets + 22733 dels)
	 2000000 in runtime (usecs) = 2 secs = 1.144431 ops/usec
	 217188.500000 op/sec put throughput (all threads)
	 915876.000000 op/sec get throughput (all threads)
	 11366.500000 op/sec del throughput (all threads)
	 1144431.000000 op/sec total throughput (all threads)
	 Conflicts in worker thread: 0 (of 57139 commits)
	 Errors in worker thread: 0
	 Put errors: 0, Del errors: 0, Get errors: 0
***END OF RAMP-UP-THREADS OUTPUT***

KP: 1264: pinned new thread to CPU=0x0
KP: 1264: sleeping to allow threads enough time
KP: 1264: waking up from sleep (0)
For multithreaded run ramp r:99-w:0-u:0-d:1
	 3387977 total ops (0 puts + 3354626 gets + 33351 dels)
	 2000000 in runtime (usecs) = 2 secs = 1.693988 ops/usec
	 0.000000 op/sec put throughput (all threads)
	 1677313.000000 op/sec get throughput (all threads)
	 16675.500000 op/sec del throughput (all threads)
	 1693988.500000 op/sec total throughput (all threads)
	 Conflicts in worker thread: 0 (of 4169 commits)
	 Errors in worker thread: 0
	 Put errors: 0, Del errors: 0, Get errors: 0
***END OF RAMP-UP-THREADS OUTPUT***

***CONCLUDING THREAD EVALUATION***
