KP: 2672: Using 16 for local hash table size (same as merge frequency), 1610000 for master hash table size
KP: 2672: Total memory allocation size (just evaluation, not kv stores themselves) could be up to 0 bytes (0 MB)
Will create 1610000 random integers for each child thread
Now starting evaluation for key-value store: kp_kvstore
On 16 cores
Running on storage platform: disk
Starting single-threaded tests

*** BEGINING SINGLE THREADED TESTS***

***NOW DOING LATENCY TEST ON INDIVIDUAL FUNCTIONS ***
For put-insert: 
	 time elapsed 0:43476 (sec:usec) = 43476 usecs 
	 iterations 16384 (merge every 8 -> 2048 merges)
	 average cost 2.653564 usecs
	 Conflicts: 0 (of 2047 commits)

For put-append: 
	 time elapsed 0:102247 (sec:usec) = 102247 usecs 
	 iterations 49152 (merge every 8 -> 6144 merges)
	 average cost 2.080220 usecs
	 Conflicts: 0 (of 6141 commits)

For get: 
	 time elapsed 0:48171 (sec:usec) = 48171 usecs 
	 iterations 49152 (merge every 8 -> 6144 merges)
	 average cost 0.980042 usecs
	 Conflicts: 0 (of 0 commits)

For delete: 
	 time elapsed 0:92280 (sec:usec) = 92280 usecs 
	 iterations 49152 (merge every 8 -> 6144 merges)
	 average cost 1.877441 usecs
	 Conflicts: 0 (of 6141 commits)


*** CONCLUDING SINGLE THREADED TESTS***

Starting multi-threaded tests: num_threads=1, NUM_CPUS=16
KP: 2672: pinned new thread to CPU=0x0
KP: 2672: sleeping to allow threads enough time
KP: 2672: waking up from sleep (0)
For multithreaded run ramp r:-1-w:30-u:70-d:1
	 1263148 total ops (1250252 puts + 0 gets + 12896 dels)
	 2000000 in runtime (usecs) = 2 secs = 0.631574 ops/usec
	 625126.000000 op/sec put throughput (all threads)
	 0.000000 op/sec get throughput (all threads)
	 6448.000000 op/sec del throughput (all threads)
	 631574.000000 op/sec total throughput (all threads)
	 Conflicts in worker thread: 0 (of 157894 commits)
	 Errors in worker thread: 0
	 Put errors: 0, Del errors: 0, Get errors: 0
***END OF RAMP-UP-THREADS OUTPUT***

KP: 2672: pinned new thread to CPU=0x0
KP: 2672: sleeping to allow threads enough time
KP: 2672: waking up from sleep (0)
For multithreaded run ramp r:19-w:24-u:56-d:1
	 1382408 total ops (1091508 puts + 276848 gets + 14052 dels)
	 2000000 in runtime (usecs) = 2 secs = 0.691204 ops/usec
	 545754.000000 op/sec put throughput (all threads)
	 138424.000000 op/sec get throughput (all threads)
	 7026.000000 op/sec del throughput (all threads)
	 691204.000000 op/sec total throughput (all threads)
	 Conflicts in worker thread: 0 (of 138195 commits)
	 Errors in worker thread: 0
	 Put errors: 0, Del errors: 0, Get errors: 0
***END OF RAMP-UP-THREADS OUTPUT***

KP: 2672: pinned new thread to CPU=0x0
KP: 2672: sleeping to allow threads enough time
KP: 2672: waking up from sleep (0)
For multithreaded run ramp r:39-w:18-u:42-d:1
	 1587257 total ops (935755 puts + 635328 gets + 16174 dels)
	 2000000 in runtime (usecs) = 2 secs = 0.793629 ops/usec
	 467877.500000 op/sec put throughput (all threads)
	 317664.000000 op/sec get throughput (all threads)
	 8087.000000 op/sec del throughput (all threads)
	 793628.500000 op/sec total throughput (all threads)
	 Conflicts in worker thread: 0 (of 118992 commits)
	 Errors in worker thread: 0
	 Put errors: 0, Del errors: 0, Get errors: 0
***END OF RAMP-UP-THREADS OUTPUT***

KP: 2672: pinned new thread to CPU=0x0
KP: 2672: sleeping to allow threads enough time
KP: 2672: waking up from sleep (0)
For multithreaded run ramp r:59-w:12-u:28-d:1
	 1888372 total ops (734430 puts + 1134692 gets + 19250 dels)
	 2000000 in runtime (usecs) = 2 secs = 0.944186 ops/usec
	 367215.000000 op/sec put throughput (all threads)
	 567346.000000 op/sec get throughput (all threads)
	 9625.000000 op/sec del throughput (all threads)
	 944186.000000 op/sec total throughput (all threads)
	 Conflicts in worker thread: 0 (of 94210 commits)
	 Errors in worker thread: 0
	 Put errors: 0, Del errors: 0, Get errors: 0
***END OF RAMP-UP-THREADS OUTPUT***

KP: 2672: pinned new thread to CPU=0x0
KP: 2672: sleeping to allow threads enough time
KP: 2672: waking up from sleep (0)
For multithreaded run ramp r:79-w:6-u:14-d:1
	 2360406 total ops (447515 puts + 1889029 gets + 23862 dels)
	 2000000 in runtime (usecs) = 2 secs = 1.180203 ops/usec
	 223757.500000 op/sec put throughput (all threads)
	 944514.562500 op/sec get throughput (all threads)
	 11931.000000 op/sec del throughput (all threads)
	 1180203.000000 op/sec total throughput (all threads)
	 Conflicts in worker thread: 0 (of 58923 commits)
	 Errors in worker thread: 0
	 Put errors: 0, Del errors: 0, Get errors: 0
***END OF RAMP-UP-THREADS OUTPUT***

KP: 2672: pinned new thread to CPU=0x0
KP: 2672: sleeping to allow threads enough time
KP: 2672: waking up from sleep (0)
For multithreaded run ramp r:99-w:0-u:0-d:1
	 3404011 total ops (0 puts + 3369339 gets + 34672 dels)
	 2000000 in runtime (usecs) = 2 secs = 1.702006 ops/usec
	 0.000000 op/sec put throughput (all threads)
	 1684669.500000 op/sec get throughput (all threads)
	 17336.000000 op/sec del throughput (all threads)
	 1702005.500000 op/sec total throughput (all threads)
	 Conflicts in worker thread: 0 (of 4334 commits)
	 Errors in worker thread: 0
	 Put errors: 0, Del errors: 0, Get errors: 0
***END OF RAMP-UP-THREADS OUTPUT***

***CONCLUDING THREAD EVALUATION***
