KP: 9616: Using 16 for local hash table size (same as merge frequency), 1610000 for master hash table size
KP: 9616: Total memory allocation size (just evaluation, not kv stores themselves) could be up to 0 bytes (0 MB)
Will create 134166 random integers for each child thread
Now starting evaluation for key-value store: LevelDB
On 16 cores
Running on storage platform: ramdisk
Starting single-threaded tests

*** BEGINING SINGLE THREADED TESTS***

ON PATH /mnt/pmfs/leveldb_client_name
***NOW DOING LATENCY TEST ON INDIVIDUAL FUNCTIONS ***
For put-insert: 
	 time elapsed 0:13245 (sec:usec) = 13245 usecs 
	 iterations 1000 (merge every 8 -> 125 merges)
	 average cost 13.245000 usecs
	 Conflicts: 0 (of 124 commits)

For put-append: 
	 time elapsed 0:41743 (sec:usec) = 41743 usecs 
	 iterations 3000 (merge every 8 -> 375 merges)
	 average cost 13.914333 usecs
	 Conflicts: 0 (of 372 commits)

For get: 
	 time elapsed 0:5871 (sec:usec) = 5871 usecs 
	 iterations 3000 (merge every 8 -> 375 merges)
	 average cost 1.957000 usecs
	 Conflicts: 0 (of 0 commits)

For delete: 
	 time elapsed 0:25711 (sec:usec) = 25711 usecs 
	 iterations 3000 (merge every 8 -> 375 merges)
	 average cost 8.570333 usecs
	 Conflicts: 0 (of 372 commits)


*** CONCLUDING SINGLE THREADED TESTS***

Starting multi-threaded tests: num_threads=12, NUM_CPUS=16
ON PATH /mnt/pmfs/leveldb_client_name
KP: 9616: pinned new thread to CPU=0x0
KP: 9616: pinned new thread to CPU=0x1
KP: 9616: pinned new thread to CPU=0x2
KP: 9616: pinned new thread to CPU=0x3
KP: 9616: pinned new thread to CPU=0x4
KP: 9616: pinned new thread to CPU=0x5
KP: 9616: pinned new thread to CPU=0x6
KP: 9616: pinned new thread to CPU=0x7
KP: 9616: pinned new thread to CPU=0x8
KP: 9616: pinned new thread to CPU=0x9
KP: 9616: pinned new thread to CPU=0xA
KP: 9616: pinned new thread to CPU=0xB
KP: 9616: sleeping to allow threads enough time
KP: 9616: waking up from sleep (0)
For multithreaded run ramp r:-1-w:30-u:70-d:1
	 91416 total ops (90513 puts + 0 gets + 903 dels)
	 2000000 in runtime (usecs) = 2 secs = 0.045708 ops/usec
	 45256.500000 op/sec put throughput (all threads)
	 0.000000 op/sec get throughput (all threads)
	 451.500000 op/sec del throughput (all threads)
	 45708.000000 op/sec total throughput (all threads)
	 Conflicts in worker thread: 0 (of 11427 commits)
	 Errors in worker thread: 0
	 Put errors: 0, Del errors: 0, Get errors: 0
***END OF RAMP-UP-THREADS OUTPUT***

ON PATH /mnt/pmfs/leveldb_client_name
KP: 9616: pinned new thread to CPU=0x0
KP: 9616: pinned new thread to CPU=0x1
KP: 9616: pinned new thread to CPU=0x2
KP: 9616: pinned new thread to CPU=0x3
KP: 9616: pinned new thread to CPU=0x4
KP: 9616: pinned new thread to CPU=0x5
KP: 9616: pinned new thread to CPU=0x6
KP: 9616: pinned new thread to CPU=0x7
KP: 9616: pinned new thread to CPU=0x8
KP: 9616: pinned new thread to CPU=0x9
KP: 9616: pinned new thread to CPU=0xA
KP: 9616: pinned new thread to CPU=0xB
KP: 9616: sleeping to allow threads enough time
KP: 9616: waking up from sleep (0)
For multithreaded run ramp r:19-w:24-u:56-d:1
	 114211 total ops (90351 puts + 22763 gets + 1097 dels)
	 2000000 in runtime (usecs) = 2 secs = 0.057106 ops/usec
	 45175.500000 op/sec put throughput (all threads)
	 11381.500000 op/sec get throughput (all threads)
	 548.499939 op/sec del throughput (all threads)
	 57105.500000 op/sec total throughput (all threads)
	 Conflicts in worker thread: 0 (of 11431 commits)
	 Errors in worker thread: 0
	 Put errors: 0, Del errors: 0, Get errors: 10
***END OF RAMP-UP-THREADS OUTPUT***

ON PATH /mnt/pmfs/leveldb_client_name
KP: 9616: pinned new thread to CPU=0x0
KP: 9616: pinned new thread to CPU=0x1
KP: 9616: pinned new thread to CPU=0x2
KP: 9616: pinned new thread to CPU=0x3
KP: 9616: pinned new thread to CPU=0x4
KP: 9616: pinned new thread to CPU=0x5
KP: 9616: pinned new thread to CPU=0x6
KP: 9616: pinned new thread to CPU=0x7
KP: 9616: pinned new thread to CPU=0x8
KP: 9616: pinned new thread to CPU=0x9
KP: 9616: pinned new thread to CPU=0xA
KP: 9616: pinned new thread to CPU=0xB
KP: 9616: sleeping to allow threads enough time
KP: 9616: waking up from sleep (0)
For multithreaded run ramp r:39-w:18-u:42-d:1
	 152691 total ops (90239 puts + 60907 gets + 1545 dels)
	 2000000 in runtime (usecs) = 2 secs = 0.076346 ops/usec
	 45119.500000 op/sec put throughput (all threads)
	 30453.500000 op/sec get throughput (all threads)
	 772.499939 op/sec del throughput (all threads)
	 76345.500000 op/sec total throughput (all threads)
	 Conflicts in worker thread: 0 (of 11473 commits)
	 Errors in worker thread: 0
	 Put errors: 0, Del errors: 0, Get errors: 74
***END OF RAMP-UP-THREADS OUTPUT***

ON PATH /mnt/pmfs/leveldb_client_name
KP: 9616: pinned new thread to CPU=0x0
KP: 9616: pinned new thread to CPU=0x1
KP: 9616: pinned new thread to CPU=0x2
KP: 9616: pinned new thread to CPU=0x3
KP: 9616: pinned new thread to CPU=0x4
KP: 9616: pinned new thread to CPU=0x5
KP: 9616: pinned new thread to CPU=0x6
KP: 9616: pinned new thread to CPU=0x7
KP: 9616: pinned new thread to CPU=0x8
KP: 9616: pinned new thread to CPU=0x9
KP: 9616: pinned new thread to CPU=0xA
KP: 9616: pinned new thread to CPU=0xB
KP: 9616: sleeping to allow threads enough time
KP: 9616: waking up from sleep (0)
For multithreaded run ramp r:59-w:12-u:28-d:1
	 232142 total ops (90159 puts + 139646 gets + 2337 dels)
	 2000000 in runtime (usecs) = 2 secs = 0.116071 ops/usec
	 45079.500000 op/sec put throughput (all threads)
	 69823.000000 op/sec get throughput (all threads)
	 1168.500000 op/sec del throughput (all threads)
	 116071.000000 op/sec total throughput (all threads)
	 Conflicts in worker thread: 0 (of 11562 commits)
	 Errors in worker thread: 0
	 Put errors: 0, Del errors: 0, Get errors: 295
***END OF RAMP-UP-THREADS OUTPUT***

ON PATH /mnt/pmfs/leveldb_client_name
KP: 9616: pinned new thread to CPU=0x0
KP: 9616: pinned new thread to CPU=0x1
KP: 9616: pinned new thread to CPU=0x2
KP: 9616: pinned new thread to CPU=0x3
KP: 9616: pinned new thread to CPU=0x4
KP: 9616: pinned new thread to CPU=0x5
KP: 9616: pinned new thread to CPU=0x6
KP: 9616: pinned new thread to CPU=0x7
KP: 9616: pinned new thread to CPU=0x8
KP: 9616: pinned new thread to CPU=0x9
KP: 9616: pinned new thread to CPU=0xA
KP: 9616: pinned new thread to CPU=0xB
KP: 9616: sleeping to allow threads enough time
KP: 9616: waking up from sleep (0)
For multithreaded run ramp r:79-w:6-u:14-d:1
	 454123 total ops (86305 puts + 363211 gets + 4607 dels)
	 2000000 in runtime (usecs) = 2 secs = 0.227061 ops/usec
	 43152.500000 op/sec put throughput (all threads)
	 181605.500000 op/sec get throughput (all threads)
	 2303.500000 op/sec del throughput (all threads)
	 227061.500000 op/sec total throughput (all threads)
	 Conflicts in worker thread: 0 (of 11364 commits)
	 Errors in worker thread: 0
	 Put errors: 0, Del errors: 0, Get errors: 1827
***END OF RAMP-UP-THREADS OUTPUT***

ON PATH /mnt/pmfs/leveldb_client_name
KP: 9616: pinned new thread to CPU=0x0
KP: 9616: pinned new thread to CPU=0x1
KP: 9616: pinned new thread to CPU=0x2
KP: 9616: pinned new thread to CPU=0x3
KP: 9616: pinned new thread to CPU=0x4
KP: 9616: pinned new thread to CPU=0x5
KP: 9616: pinned new thread to CPU=0x6
KP: 9616: pinned new thread to CPU=0x7
KP: 9616: pinned new thread to CPU=0x8
KP: 9616: pinned new thread to CPU=0x9
KP: 9616: pinned new thread to CPU=0xA
KP: 9616: pinned new thread to CPU=0xB
KP: 9616: sleeping to allow threads enough time
KP: 9616: waking up from sleep (0)
For multithreaded run ramp r:99-w:0-u:0-d:1
	 696346 total ops (0 puts + 689269 gets + 7077 dels)
	 2000000 in runtime (usecs) = 2 secs = 0.348173 ops/usec
	 0.000000 op/sec put throughput (all threads)
	 344634.500000 op/sec get throughput (all threads)
	 3538.500000 op/sec del throughput (all threads)
	 348173.000000 op/sec total throughput (all threads)
	 Conflicts in worker thread: 0 (of 889 commits)
	 Errors in worker thread: 0
	 Put errors: 0, Del errors: 0, Get errors: 58857
***END OF RAMP-UP-THREADS OUTPUT***

***CONCLUDING THREAD EVALUATION***
