KP: 4160: Using 16 for local hash table size (same as merge frequency), 1610000 for master hash table size
KP: 4160: Total memory allocation size (just evaluation, not kv stores themselves) could be up to 0 bytes (0 MB)
Will create 268333 random integers for each child thread
Now starting evaluation for key-value store: LevelDB
On 16 cores
Running on storage platform: ramdisk
Starting single-threaded tests

*** BEGINING SINGLE THREADED TESTS***

ON PATH /mnt/pmfs/leveldb_client_name
***NOW DOING LATENCY TEST ON INDIVIDUAL FUNCTIONS ***
For put-insert: 
	 time elapsed 0:13162 (sec:usec) = 13162 usecs 
	 iterations 1000 (merge every 8 -> 125 merges)
	 average cost 13.162000 usecs
	 Conflicts: 0 (of 124 commits)

For put-append: 
	 time elapsed 0:41521 (sec:usec) = 41521 usecs 
	 iterations 3000 (merge every 8 -> 375 merges)
	 average cost 13.840333 usecs
	 Conflicts: 0 (of 372 commits)

For get: 
	 time elapsed 0:6098 (sec:usec) = 6098 usecs 
	 iterations 3000 (merge every 8 -> 375 merges)
	 average cost 2.032667 usecs
	 Conflicts: 0 (of 0 commits)

For delete: 
	 time elapsed 0:21573 (sec:usec) = 21573 usecs 
	 iterations 3000 (merge every 8 -> 375 merges)
	 average cost 7.191000 usecs
	 Conflicts: 0 (of 372 commits)


*** CONCLUDING SINGLE THREADED TESTS***

Starting multi-threaded tests: num_threads=6, NUM_CPUS=16
ON PATH /mnt/pmfs/leveldb_client_name
KP: 4160: pinned new thread to CPU=0x0
KP: 4160: pinned new thread to CPU=0x1
KP: 4160: pinned new thread to CPU=0x2
KP: 4160: pinned new thread to CPU=0x3
KP: 4160: pinned new thread to CPU=0x4
KP: 4160: pinned new thread to CPU=0x5
KP: 4160: sleeping to allow threads enough time
KP: 4160: waking up from sleep (0)
For multithreaded run ramp r:-1-w:30-u:70-d:1
	 102208 total ops (101121 puts + 0 gets + 1087 dels)
	 2000000 in runtime (usecs) = 2 secs = 0.051104 ops/usec
	 50560.500000 op/sec put throughput (all threads)
	 0.000000 op/sec get throughput (all threads)
	 543.500061 op/sec del throughput (all threads)
	 51104.000000 op/sec total throughput (all threads)
	 Conflicts in worker thread: 0 (of 12776 commits)
	 Errors in worker thread: 0
	 Put errors: 0, Del errors: 0, Get errors: 0
***END OF RAMP-UP-THREADS OUTPUT***

ON PATH /mnt/pmfs/leveldb_client_name
KP: 4160: pinned new thread to CPU=0x0
KP: 4160: pinned new thread to CPU=0x1
KP: 4160: pinned new thread to CPU=0x2
KP: 4160: pinned new thread to CPU=0x3
KP: 4160: pinned new thread to CPU=0x4
KP: 4160: pinned new thread to CPU=0x5
KP: 4160: sleeping to allow threads enough time
KP: 4160: waking up from sleep (0)
For multithreaded run ramp r:19-w:24-u:56-d:1
	 127600 total ops (101097 puts + 25224 gets + 1279 dels)
	 2000000 in runtime (usecs) = 2 secs = 0.063800 ops/usec
	 50548.500000 op/sec put throughput (all threads)
	 12612.000000 op/sec get throughput (all threads)
	 639.500061 op/sec del throughput (all threads)
	 63800.000000 op/sec total throughput (all threads)
	 Conflicts in worker thread: 0 (of 12797 commits)
	 Errors in worker thread: 0
	 Put errors: 0, Del errors: 0, Get errors: 109
***END OF RAMP-UP-THREADS OUTPUT***

ON PATH /mnt/pmfs/leveldb_client_name
KP: 4160: pinned new thread to CPU=0x0
KP: 4160: pinned new thread to CPU=0x1
KP: 4160: pinned new thread to CPU=0x2
KP: 4160: pinned new thread to CPU=0x3
KP: 4160: pinned new thread to CPU=0x4
KP: 4160: pinned new thread to CPU=0x5
KP: 4160: sleeping to allow threads enough time
KP: 4160: waking up from sleep (0)
For multithreaded run ramp r:39-w:18-u:42-d:1
	 159748 total ops (94596 puts + 63532 gets + 1620 dels)
	 2000000 in runtime (usecs) = 2 secs = 0.079874 ops/usec
	 47298.000000 op/sec put throughput (all threads)
	 31766.000000 op/sec get throughput (all threads)
	 810.000000 op/sec del throughput (all threads)
	 79874.000000 op/sec total throughput (all threads)
	 Conflicts in worker thread: 0 (of 12027 commits)
	 Errors in worker thread: 0
	 Put errors: 0, Del errors: 0, Get errors: 163
***END OF RAMP-UP-THREADS OUTPUT***

ON PATH /mnt/pmfs/leveldb_client_name
KP: 4160: pinned new thread to CPU=0x0
KP: 4160: pinned new thread to CPU=0x1
KP: 4160: pinned new thread to CPU=0x2
KP: 4160: pinned new thread to CPU=0x3
KP: 4160: pinned new thread to CPU=0x4
KP: 4160: pinned new thread to CPU=0x5
KP: 4160: sleeping to allow threads enough time
KP: 4160: waking up from sleep (0)
For multithreaded run ramp r:59-w:12-u:28-d:1
	 235184 total ops (92067 puts + 140752 gets + 2365 dels)
	 2000000 in runtime (usecs) = 2 secs = 0.117592 ops/usec
	 46033.500000 op/sec put throughput (all threads)
	 70376.000000 op/sec get throughput (all threads)
	 1182.500000 op/sec del throughput (all threads)
	 117592.000000 op/sec total throughput (all threads)
	 Conflicts in worker thread: 0 (of 11804 commits)
	 Errors in worker thread: 0
	 Put errors: 0, Del errors: 0, Get errors: 890
***END OF RAMP-UP-THREADS OUTPUT***

ON PATH /mnt/pmfs/leveldb_client_name
KP: 4160: pinned new thread to CPU=0x0
KP: 4160: pinned new thread to CPU=0x1
KP: 4160: pinned new thread to CPU=0x2
KP: 4160: pinned new thread to CPU=0x3
KP: 4160: pinned new thread to CPU=0x4
KP: 4160: pinned new thread to CPU=0x5
KP: 4160: sleeping to allow threads enough time
KP: 4160: waking up from sleep (0)
For multithreaded run ramp r:79-w:6-u:14-d:1
	 493337 total ops (93149 puts + 395233 gets + 4955 dels)
	 2000000 in runtime (usecs) = 2 secs = 0.246669 ops/usec
	 46574.500000 op/sec put throughput (all threads)
	 197616.500000 op/sec get throughput (all threads)
	 2477.500000 op/sec del throughput (all threads)
	 246668.500000 op/sec total throughput (all threads)
	 Conflicts in worker thread: 0 (of 12263 commits)
	 Errors in worker thread: 0
	 Put errors: 0, Del errors: 0, Get errors: 5356
***END OF RAMP-UP-THREADS OUTPUT***

ON PATH /mnt/pmfs/leveldb_client_name
KP: 4160: pinned new thread to CPU=0x0
KP: 4160: pinned new thread to CPU=0x1
KP: 4160: pinned new thread to CPU=0x2
KP: 4160: pinned new thread to CPU=0x3
KP: 4160: pinned new thread to CPU=0x4
KP: 4160: pinned new thread to CPU=0x5
KP: 4160: sleeping to allow threads enough time
KP: 4160: waking up from sleep (0)
For multithreaded run ramp r:99-w:0-u:0-d:1
	 2309492 total ops (0 puts + 2286380 gets + 23112 dels)
	 2000000 in runtime (usecs) = 2 secs = 1.154746 ops/usec
	 0.000000 op/sec put throughput (all threads)
	 1143190.000000 op/sec get throughput (all threads)
	 11556.000000 op/sec del throughput (all threads)
	 1154746.000000 op/sec total throughput (all threads)
	 Conflicts in worker thread: 0 (of 2889 commits)
	 Errors in worker thread: 0
	 Put errors: 0, Del errors: 0, Get errors: 387999
***END OF RAMP-UP-THREADS OUTPUT***

***CONCLUDING THREAD EVALUATION***
