KP: 192: Using 2 for local hash table size (same as merge frequency), 1610000 for master hash table size
KP: 192: Total memory allocation size (just evaluation, not kv stores themselves) could be up to 0 bytes (0 MB)
Will create 1610000 random integers for each child thread
Now starting evaluation for key-value store: kp_kvstore
On 16 cores
Running on storage platform: disk
Starting single-threaded tests

*** BEGINING SINGLE THREADED TESTS***

***NOW DOING LATENCY TEST ON INDIVIDUAL FUNCTIONS ***
For put-insert: 
	 time elapsed 0:47972 (sec:usec) = 47972 usecs 
	 iterations 10000 (merge every 1 -> 10000 merges)
	 average cost 4.797200 usecs
	 Conflicts: 0 (of 10000 commits)

For put-append: 
	 time elapsed 0:184594 (sec:usec) = 184594 usecs 
	 iterations 30000 (merge every 1 -> 30000 merges)
	 average cost 6.153133 usecs
	 Conflicts: 0 (of 30000 commits)

For get: 
	 time elapsed 0:142188 (sec:usec) = 142188 usecs 
	 iterations 30000 (merge every 1 -> 30000 merges)
	 average cost 4.739600 usecs
	 Conflicts: 0 (of 0 commits)

For delete: 
	 time elapsed 0:100487 (sec:usec) = 100487 usecs 
	 iterations 30000 (merge every 1 -> 30000 merges)
	 average cost 3.349567 usecs
	 Conflicts: 0 (of 30000 commits)


*** CONCLUDING SINGLE THREADED TESTS***

Starting multi-threaded tests: num_threads=1, NUM_CPUS=16
KP: 192: pinned new thread to CPU=0x0
KP: 192: sleeping to allow threads enough time
KP: 192: waking up from sleep (0)
For multithreaded run ramp r:-1-w:30-u:70-d:1
	 465592 total ops (460901 puts + 0 gets + 4691 dels)
	 2000000 in runtime (usecs) = 2 secs = 0.232796 ops/usec
	 230450.500000 op/sec put throughput (all threads)
	 0.000000 op/sec get throughput (all threads)
	 2345.500000 op/sec del throughput (all threads)
	 232796.000000 op/sec total throughput (all threads)
	 Conflicts in worker thread: 0 (of 465592 commits)
	 Errors in worker thread: 0
	 Put errors: 0, Del errors: 0, Get errors: 0
***END OF RAMP-UP-THREADS OUTPUT***

KP: 192: pinned new thread to CPU=0x0
KP: 192: sleeping to allow threads enough time
KP: 192: waking up from sleep (0)
For multithreaded run ramp r:19-w:24-u:56-d:1
	 513518 total ops (405991 puts + 102465 gets + 5062 dels)
	 2000000 in runtime (usecs) = 2 secs = 0.256759 ops/usec
	 202995.500000 op/sec put throughput (all threads)
	 51232.500000 op/sec get throughput (all threads)
	 2531.000000 op/sec del throughput (all threads)
	 256758.984375 op/sec total throughput (all threads)
	 Conflicts in worker thread: 0 (of 411053 commits)
	 Errors in worker thread: 0
	 Put errors: 0, Del errors: 0, Get errors: 0
***END OF RAMP-UP-THREADS OUTPUT***

KP: 192: pinned new thread to CPU=0x0
KP: 192: sleeping to allow threads enough time
KP: 192: waking up from sleep (0)
For multithreaded run ramp r:39-w:18-u:42-d:1
	 616395 total ops (363911 puts + 246314 gets + 6170 dels)
	 2000000 in runtime (usecs) = 2 secs = 0.308197 ops/usec
	 181955.500000 op/sec put throughput (all threads)
	 123157.000000 op/sec get throughput (all threads)
	 3085.000000 op/sec del throughput (all threads)
	 308197.500000 op/sec total throughput (all threads)
	 Conflicts in worker thread: 0 (of 370081 commits)
	 Errors in worker thread: 0
	 Put errors: 0, Del errors: 0, Get errors: 0
***END OF RAMP-UP-THREADS OUTPUT***

KP: 192: pinned new thread to CPU=0x0
KP: 192: sleeping to allow threads enough time
KP: 192: waking up from sleep (0)
For multithreaded run ramp r:59-w:12-u:28-d:1
	 799309 total ops (311901 puts + 479305 gets + 8103 dels)
	 2000000 in runtime (usecs) = 2 secs = 0.399655 ops/usec
	 155950.500000 op/sec put throughput (all threads)
	 239652.500000 op/sec get throughput (all threads)
	 4051.500000 op/sec del throughput (all threads)
	 399654.500000 op/sec total throughput (all threads)
	 Conflicts in worker thread: 0 (of 320004 commits)
	 Errors in worker thread: 0
	 Put errors: 0, Del errors: 0, Get errors: 0
***END OF RAMP-UP-THREADS OUTPUT***

KP: 192: pinned new thread to CPU=0x0
KP: 192: sleeping to allow threads enough time
KP: 192: waking up from sleep (0)
For multithreaded run ramp r:79-w:6-u:14-d:1
	 1131834 total ops (216311 puts + 904206 gets + 11317 dels)
	 2000000 in runtime (usecs) = 2 secs = 0.565917 ops/usec
	 108155.500000 op/sec put throughput (all threads)
	 452103.000000 op/sec get throughput (all threads)
	 5658.500000 op/sec del throughput (all threads)
	 565917.000000 op/sec total throughput (all threads)
	 Conflicts in worker thread: 0 (of 227628 commits)
	 Errors in worker thread: 0
	 Put errors: 0, Del errors: 0, Get errors: 0
***END OF RAMP-UP-THREADS OUTPUT***

KP: 192: pinned new thread to CPU=0x0
KP: 192: sleeping to allow threads enough time
KP: 192: waking up from sleep (0)
For multithreaded run ramp r:99-w:0-u:0-d:1
	 2243041 total ops (0 puts + 2220598 gets + 22443 dels)
	 2000000 in runtime (usecs) = 2 secs = 1.121521 ops/usec
	 0.000000 op/sec put throughput (all threads)
	 1110299.000000 op/sec get throughput (all threads)
	 11221.500000 op/sec del throughput (all threads)
	 1121520.500000 op/sec total throughput (all threads)
	 Conflicts in worker thread: 0 (of 22443 commits)
	 Errors in worker thread: 0
	 Put errors: 0, Del errors: 0, Get errors: 0
***END OF RAMP-UP-THREADS OUTPUT***

***CONCLUDING THREAD EVALUATION***
