KP: 7504: Using 256 for local hash table size (same as merge frequency), 1610000 for master hash table size
KP: 7504: Total memory allocation size (just evaluation, not kv stores themselves) could be up to 0 bytes (0 MB)
Will create 1610000 random integers for each child thread
Now starting evaluation for key-value store: kp_kvstore
On 16 cores
Running on storage platform: disk
Starting single-threaded tests

*** BEGINING SINGLE THREADED TESTS***

***NOW DOING LATENCY TEST ON INDIVIDUAL FUNCTIONS ***
For put-insert: 
	 time elapsed 0:36235 (sec:usec) = 36235 usecs 
	 iterations 10000 (merge every 128 -> 78 merges)
	 average cost 3.623500 usecs
	 Conflicts: 0 (of 79 commits)

For put-append: 
	 time elapsed 0:95436 (sec:usec) = 95436 usecs 
	 iterations 30000 (merge every 128 -> 234 merges)
	 average cost 3.181200 usecs
	 Conflicts: 0 (of 237 commits)

For get: 
	 time elapsed 0:128926 (sec:usec) = 128926 usecs 
	 iterations 30000 (merge every 128 -> 234 merges)
	 average cost 4.297534 usecs
	 Conflicts: 0 (of 0 commits)

For delete: 
	 time elapsed 0:57462 (sec:usec) = 57462 usecs 
	 iterations 30000 (merge every 128 -> 234 merges)
	 average cost 1.915400 usecs
	 Conflicts: 0 (of 237 commits)


*** CONCLUDING SINGLE THREADED TESTS***

Starting multi-threaded tests: num_threads=1, NUM_CPUS=16
KP: 7504: pinned new thread to CPU=0x0
KP: 7504: sleeping to allow threads enough time
KP: 7504: waking up from sleep (0)
For multithreaded run ramp r:-1-w:30-u:70-d:1
	 1173248 total ops (1161442 puts + 0 gets + 11806 dels)
	 2000000 in runtime (usecs) = 2 secs = 0.586624 ops/usec
	 580721.000000 op/sec put throughput (all threads)
	 0.000000 op/sec get throughput (all threads)
	 5903.000000 op/sec del throughput (all threads)
	 586624.000000 op/sec total throughput (all threads)
	 Conflicts in worker thread: 0 (of 9166 commits)
	 Errors in worker thread: 0
	 Put errors: 0, Del errors: 0, Get errors: 0
***END OF RAMP-UP-THREADS OUTPUT***

KP: 7504: pinned new thread to CPU=0x0
KP: 7504: sleeping to allow threads enough time
KP: 7504: waking up from sleep (0)
For multithreaded run ramp r:19-w:24-u:56-d:1
	 1330948 total ops (1051288 puts + 266188 gets + 13472 dels)
	 2000000 in runtime (usecs) = 2 secs = 0.665474 ops/usec
	 525644.000000 op/sec put throughput (all threads)
	 133094.000000 op/sec get throughput (all threads)
	 6736.000000 op/sec del throughput (all threads)
	 665474.000000 op/sec total throughput (all threads)
	 Conflicts in worker thread: 0 (of 8319 commits)
	 Errors in worker thread: 0
	 Put errors: 0, Del errors: 0, Get errors: 0
***END OF RAMP-UP-THREADS OUTPUT***

KP: 7504: pinned new thread to CPU=0x0
KP: 7504: sleeping to allow threads enough time
KP: 7504: waking up from sleep (0)
For multithreaded run ramp r:39-w:18-u:42-d:1
	 1552666 total ops (916164 puts + 620694 gets + 15808 dels)
	 2000000 in runtime (usecs) = 2 secs = 0.776333 ops/usec
	 458082.000000 op/sec put throughput (all threads)
	 310347.000000 op/sec get throughput (all threads)
	 7904.000000 op/sec del throughput (all threads)
	 776333.000000 op/sec total throughput (all threads)
	 Conflicts in worker thread: 0 (of 7282 commits)
	 Errors in worker thread: 0
	 Put errors: 0, Del errors: 0, Get errors: 0
***END OF RAMP-UP-THREADS OUTPUT***

KP: 7504: pinned new thread to CPU=0x0
KP: 7504: sleeping to allow threads enough time
KP: 7504: waking up from sleep (0)
For multithreaded run ramp r:59-w:12-u:28-d:1
	 1867326 total ops (729437 puts + 1119183 gets + 18706 dels)
	 2000000 in runtime (usecs) = 2 secs = 0.933663 ops/usec
	 364718.500000 op/sec put throughput (all threads)
	 559591.500000 op/sec get throughput (all threads)
	 9353.000000 op/sec del throughput (all threads)
	 933663.000000 op/sec total throughput (all threads)
	 Conflicts in worker thread: 0 (of 5845 commits)
	 Errors in worker thread: 0
	 Put errors: 0, Del errors: 0, Get errors: 0
***END OF RAMP-UP-THREADS OUTPUT***

KP: 7504: pinned new thread to CPU=0x0
KP: 7504: sleeping to allow threads enough time
KP: 7504: waking up from sleep (0)
For multithreaded run ramp r:79-w:6-u:14-d:1
	 2353752 total ops (447354 puts + 1882959 gets + 23439 dels)
	 2000000 in runtime (usecs) = 2 secs = 1.176876 ops/usec
	 223677.000000 op/sec put throughput (all threads)
	 941479.500000 op/sec get throughput (all threads)
	 11719.500000 op/sec del throughput (all threads)
	 1176876.000000 op/sec total throughput (all threads)
	 Conflicts in worker thread: 0 (of 3679 commits)
	 Errors in worker thread: 0
	 Put errors: 0, Del errors: 0, Get errors: 0
***END OF RAMP-UP-THREADS OUTPUT***

KP: 7504: pinned new thread to CPU=0x0
KP: 7504: sleeping to allow threads enough time
KP: 7504: waking up from sleep (0)
For multithreaded run ramp r:99-w:0-u:0-d:1
	 3423987 total ops (0 puts + 3389860 gets + 34127 dels)
	 2000000 in runtime (usecs) = 2 secs = 1.711993 ops/usec
	 0.000000 op/sec put throughput (all threads)
	 1694930.000000 op/sec get throughput (all threads)
	 17063.500000 op/sec del throughput (all threads)
	 1711993.500000 op/sec total throughput (all threads)
	 Conflicts in worker thread: 0 (of 267 commits)
	 Errors in worker thread: 0
	 Put errors: 0, Del errors: 0, Get errors: 0
***END OF RAMP-UP-THREADS OUTPUT***

***CONCLUDING THREAD EVALUATION***
