KP: 8176: Using 16 for local hash table size (same as merge frequency), 1610000 for master hash table size
KP: 8176: Total memory allocation size (just evaluation, not kv stores themselves) could be up to 0 bytes (0 MB)
Will create 805000 random integers for each child thread
Now starting evaluation for key-value store: kp_kvstore
On 16 cores
Running on storage platform: disk
Starting single-threaded tests

*** BEGINING SINGLE THREADED TESTS***

***NOW DOING LATENCY TEST ON INDIVIDUAL FUNCTIONS ***
For put-insert: 
	 time elapsed 0:37749 (sec:usec) = 37749 usecs 
	 iterations 10000 (merge every 8 -> 1250 merges)
	 average cost 3.774900 usecs
	 Conflicts: 0 (of 1249 commits)

For put-append: 
	 time elapsed 0:121178 (sec:usec) = 121178 usecs 
	 iterations 30000 (merge every 8 -> 3750 merges)
	 average cost 4.039267 usecs
	 Conflicts: 0 (of 3747 commits)

For get: 
	 time elapsed 0:128938 (sec:usec) = 128938 usecs 
	 iterations 30000 (merge every 8 -> 3750 merges)
	 average cost 4.297933 usecs
	 Conflicts: 0 (of 0 commits)

For delete: 
	 time elapsed 0:63719 (sec:usec) = 63719 usecs 
	 iterations 30000 (merge every 8 -> 3750 merges)
	 average cost 2.123967 usecs
	 Conflicts: 0 (of 3747 commits)


*** CONCLUDING SINGLE THREADED TESTS***

Starting multi-threaded tests: num_threads=2, NUM_CPUS=16
KP: 8176: pinned new thread to CPU=0x0
KP: 8176: pinned new thread to CPU=0x1
KP: 8176: sleeping to allow threads enough time
KP: 8176: waking up from sleep (0)
For multithreaded run ramp r:-1-w:30-u:70-d:1
	 1482530 total ops (1467885 puts + 0 gets + 14645 dels)
	 2000000 in runtime (usecs) = 2 secs = 0.741265 ops/usec
	 733942.500000 op/sec put throughput (all threads)
	 0.000000 op/sec get throughput (all threads)
	 7322.500000 op/sec del throughput (all threads)
	 741265.000000 op/sec total throughput (all threads)
	 Conflicts in worker thread: 86223 (of 185317 commits)
	 Errors in worker thread: 0
	 Put errors: 0, Del errors: 0, Get errors: 0
***END OF RAMP-UP-THREADS OUTPUT***

KP: 8176: pinned new thread to CPU=0x0
KP: 8176: pinned new thread to CPU=0x1
KP: 8176: sleeping to allow threads enough time
KP: 8176: waking up from sleep (0)
For multithreaded run ramp r:19-w:24-u:56-d:1
	 1638653 total ops (1294062 puts + 328021 gets + 16570 dels)
	 2000000 in runtime (usecs) = 2 secs = 0.819327 ops/usec
	 647031.000000 op/sec put throughput (all threads)
	 164010.484375 op/sec get throughput (all threads)
	 8285.000000 op/sec del throughput (all threads)
	 819326.500000 op/sec total throughput (all threads)
	 Conflicts in worker thread: 76953 (of 163829 commits)
	 Errors in worker thread: 0
	 Put errors: 0, Del errors: 0, Get errors: 0
***END OF RAMP-UP-THREADS OUTPUT***

KP: 8176: pinned new thread to CPU=0x0
KP: 8176: pinned new thread to CPU=0x1
KP: 8176: sleeping to allow threads enough time
KP: 8176: waking up from sleep (0)
For multithreaded run ramp r:39-w:18-u:42-d:1
	 1943663 total ops (1145027 puts + 779378 gets + 19258 dels)
	 2000000 in runtime (usecs) = 2 secs = 0.971832 ops/usec
	 572513.500000 op/sec put throughput (all threads)
	 389689.031250 op/sec get throughput (all threads)
	 9629.000000 op/sec del throughput (all threads)
	 971831.500000 op/sec total throughput (all threads)
	 Conflicts in worker thread: 68773 (of 145536 commits)
	 Errors in worker thread: 0
	 Put errors: 0, Del errors: 0, Get errors: 0
***END OF RAMP-UP-THREADS OUTPUT***

KP: 8176: pinned new thread to CPU=0x0
KP: 8176: pinned new thread to CPU=0x1
KP: 8176: sleeping to allow threads enough time
KP: 8176: waking up from sleep (0)
For multithreaded run ramp r:59-w:12-u:28-d:1
	 2412040 total ops (936877 puts + 1450944 gets + 24219 dels)
	 2000000 in runtime (usecs) = 2 secs = 1.206020 ops/usec
	 468438.531250 op/sec put throughput (all threads)
	 725472.000000 op/sec get throughput (all threads)
	 12109.500000 op/sec del throughput (all threads)
	 1206020.000000 op/sec total throughput (all threads)
	 Conflicts in worker thread: 56902 (of 120137 commits)
	 Errors in worker thread: 0
	 Put errors: 0, Del errors: 0, Get errors: 0
***END OF RAMP-UP-THREADS OUTPUT***

KP: 8176: pinned new thread to CPU=0x0
KP: 8176: pinned new thread to CPU=0x1
KP: 8176: sleeping to allow threads enough time
KP: 8176: waking up from sleep (0)
For multithreaded run ramp r:79-w:6-u:14-d:1
	 3359001 total ops (634777 puts + 2690798 gets + 33426 dels)
	 2000000 in runtime (usecs) = 2 secs = 1.679500 ops/usec
	 317388.500000 op/sec put throughput (all threads)
	 1345399.000000 op/sec get throughput (all threads)
	 16713.000000 op/sec del throughput (all threads)
	 1679500.500000 op/sec total throughput (all threads)
	 Conflicts in worker thread: 39702 (of 83526 commits)
	 Errors in worker thread: 0
	 Put errors: 0, Del errors: 0, Get errors: 0
***END OF RAMP-UP-THREADS OUTPUT***

KP: 8176: pinned new thread to CPU=0x0
KP: 8176: pinned new thread to CPU=0x1
KP: 8176: sleeping to allow threads enough time
KP: 8176: waking up from sleep (0)
For multithreaded run ramp r:99-w:0-u:0-d:1
	 2565507 total ops (0 puts + 2540100 gets + 25407 dels)
	 2000000 in runtime (usecs) = 2 secs = 1.282753 ops/usec
	 0.000000 op/sec put throughput (all threads)
	 1270050.000000 op/sec get throughput (all threads)
	 12703.500000 op/sec del throughput (all threads)
	 1282753.500000 op/sec total throughput (all threads)
	 Conflicts in worker thread: 1305 (of 3176 commits)
	 Errors in worker thread: 0
	 Put errors: 0, Del errors: 0, Get errors: 0
***END OF RAMP-UP-THREADS OUTPUT***

***CONCLUDING THREAD EVALUATION***
