KP: 9408: Using 16 for local hash table size (same as merge frequency), 1610000 for master hash table size
KP: 9408: Total memory allocation size (just evaluation, not kv stores themselves) could be up to 0 bytes (0 MB)
Will create 1610000 random integers for each child thread
Now starting evaluation for key-value store: kp_kvstore
On 16 cores
Running on storage platform: disk
Starting single-threaded tests

*** BEGINING SINGLE THREADED TESTS***

***NOW DOING LATENCY TEST ON INDIVIDUAL FUNCTIONS ***
For put-insert: 
	 time elapsed 0:170077 (sec:usec) = 170077 usecs 
	 iterations 10000 (merge every 8 -> 1250 merges)
	 average cost 17.007700 usecs
	 Conflicts: 0 (of 1249 commits)

For put-append: 
	 time elapsed 0:506011 (sec:usec) = 506011 usecs 
	 iterations 30000 (merge every 8 -> 3750 merges)
	 average cost 16.867033 usecs
	 Conflicts: 0 (of 3747 commits)

For get: 
	 time elapsed 0:705070 (sec:usec) = 705070 usecs 
	 iterations 30000 (merge every 8 -> 3750 merges)
	 average cost 23.502333 usecs
	 Conflicts: 0 (of 0 commits)

For delete: 
	 time elapsed 0:73988 (sec:usec) = 73988 usecs 
	 iterations 30000 (merge every 8 -> 3750 merges)
	 average cost 2.466267 usecs
	 Conflicts: 0 (of 3747 commits)


*** CONCLUDING SINGLE THREADED TESTS***

Starting multi-threaded tests: num_threads=1, NUM_CPUS=16
KP: 9408: pinned new thread to CPU=0x0
KP: 9408: sleeping to allow threads enough time
KP: 9408: waking up from sleep (0)
For multithreaded run ramp r:-1-w:30-u:70-d:1
	 245541 total ops (243073 puts + 0 gets + 2468 dels)
	 2000000 in runtime (usecs) = 2 secs = 0.122771 ops/usec
	 121536.500000 op/sec put throughput (all threads)
	 0.000000 op/sec get throughput (all threads)
	 1234.000000 op/sec del throughput (all threads)
	 122770.500000 op/sec total throughput (all threads)
	 Conflicts in worker thread: 0 (of 30693 commits)
	 Errors in worker thread: 0
	 Put errors: 0, Del errors: 0, Get errors: 0
***END OF RAMP-UP-THREADS OUTPUT***

KP: 9408: pinned new thread to CPU=0x0
KP: 9408: sleeping to allow threads enough time
KP: 9408: waking up from sleep (0)
For multithreaded run ramp r:19-w:24-u:56-d:1
	 286926 total ops (227084 puts + 56999 gets + 2843 dels)
	 2000000 in runtime (usecs) = 2 secs = 0.143463 ops/usec
	 113542.000000 op/sec put throughput (all threads)
	 28499.498047 op/sec get throughput (all threads)
	 1421.500000 op/sec del throughput (all threads)
	 143463.000000 op/sec total throughput (all threads)
	 Conflicts in worker thread: 0 (of 28741 commits)
	 Errors in worker thread: 0
	 Put errors: 0, Del errors: 0, Get errors: 0
***END OF RAMP-UP-THREADS OUTPUT***

KP: 9408: pinned new thread to CPU=0x0
KP: 9408: sleeping to allow threads enough time
KP: 9408: waking up from sleep (0)
For multithreaded run ramp r:39-w:18-u:42-d:1
	 353356 total ops (208679 puts + 141180 gets + 3497 dels)
	 2000000 in runtime (usecs) = 2 secs = 0.176678 ops/usec
	 104339.500000 op/sec put throughput (all threads)
	 70590.000000 op/sec get throughput (all threads)
	 1748.500000 op/sec del throughput (all threads)
	 176678.000000 op/sec total throughput (all threads)
	 Conflicts in worker thread: 0 (of 26522 commits)
	 Errors in worker thread: 0
	 Put errors: 0, Del errors: 0, Get errors: 0
***END OF RAMP-UP-THREADS OUTPUT***

KP: 9408: pinned new thread to CPU=0x0
KP: 9408: sleeping to allow threads enough time
KP: 9408: waking up from sleep (0)
For multithreaded run ramp r:59-w:12-u:28-d:1
	 462307 total ops (180188 puts + 277562 gets + 4557 dels)
	 2000000 in runtime (usecs) = 2 secs = 0.231154 ops/usec
	 90094.000000 op/sec put throughput (all threads)
	 138781.000000 op/sec get throughput (all threads)
	 2278.500000 op/sec del throughput (all threads)
	 231153.500000 op/sec total throughput (all threads)
	 Conflicts in worker thread: 0 (of 23094 commits)
	 Errors in worker thread: 0
	 Put errors: 0, Del errors: 0, Get errors: 0
***END OF RAMP-UP-THREADS OUTPUT***

KP: 9408: pinned new thread to CPU=0x0
KP: 9408: sleeping to allow threads enough time
KP: 9408: waking up from sleep (0)
For multithreaded run ramp r:79-w:6-u:14-d:1
	 680791 total ops (129019 puts + 545009 gets + 6763 dels)
	 2000000 in runtime (usecs) = 2 secs = 0.340396 ops/usec
	 64509.500000 op/sec put throughput (all threads)
	 272504.500000 op/sec get throughput (all threads)
	 3381.500000 op/sec del throughput (all threads)
	 340395.500000 op/sec total throughput (all threads)
	 Conflicts in worker thread: 0 (of 16973 commits)
	 Errors in worker thread: 0
	 Put errors: 0, Del errors: 0, Get errors: 0
***END OF RAMP-UP-THREADS OUTPUT***

KP: 9408: pinned new thread to CPU=0x0
KP: 9408: sleeping to allow threads enough time
KP: 9408: waking up from sleep (0)
For multithreaded run ramp r:99-w:0-u:0-d:1
	 3278536 total ops (0 puts + 3245707 gets + 32829 dels)
	 2000000 in runtime (usecs) = 2 secs = 1.639268 ops/usec
	 0.000000 op/sec put throughput (all threads)
	 1622853.500000 op/sec get throughput (all threads)
	 16414.500000 op/sec del throughput (all threads)
	 1639268.000000 op/sec total throughput (all threads)
	 Conflicts in worker thread: 0 (of 4104 commits)
	 Errors in worker thread: 0
	 Put errors: 0, Del errors: 0, Get errors: 0
***END OF RAMP-UP-THREADS OUTPUT***

***CONCLUDING THREAD EVALUATION***
