KP: 6928: Using 512 for local hash table size (same as merge frequency), 1610000 for master hash table size
KP: 6928: Total memory allocation size (just evaluation, not kv stores themselves) could be up to 0 bytes (0 MB)
Will create 1610000 random integers for each child thread
Now starting evaluation for key-value store: kp_kvstore
On 16 cores
Running on storage platform: disk
Starting single-threaded tests

*** BEGINING SINGLE THREADED TESTS***

***NOW DOING LATENCY TEST ON INDIVIDUAL FUNCTIONS ***
For put-insert: 
	 time elapsed 0:37819 (sec:usec) = 37819 usecs 
	 iterations 10000 (merge every 256 -> 39 merges)
	 average cost 3.781900 usecs
	 Conflicts: 0 (of 40 commits)

For put-append: 
	 time elapsed 0:99148 (sec:usec) = 99148 usecs 
	 iterations 30000 (merge every 256 -> 117 merges)
	 average cost 3.304933 usecs
	 Conflicts: 0 (of 120 commits)

For get: 
	 time elapsed 0:157244 (sec:usec) = 157244 usecs 
	 iterations 30000 (merge every 256 -> 117 merges)
	 average cost 5.241467 usecs
	 Conflicts: 0 (of 0 commits)

For delete: 
	 time elapsed 0:57608 (sec:usec) = 57608 usecs 
	 iterations 30000 (merge every 256 -> 117 merges)
	 average cost 1.920267 usecs
	 Conflicts: 0 (of 120 commits)


*** CONCLUDING SINGLE THREADED TESTS***

Starting multi-threaded tests: num_threads=1, NUM_CPUS=16
KP: 6928: pinned new thread to CPU=0x0
KP: 6928: sleeping to allow threads enough time
KP: 6928: waking up from sleep (0)
For multithreaded run ramp r:-1-w:30-u:70-d:1
	 1131264 total ops (1120191 puts + 0 gets + 11073 dels)
	 2000000 in runtime (usecs) = 2 secs = 0.565632 ops/usec
	 560095.500000 op/sec put throughput (all threads)
	 0.000000 op/sec get throughput (all threads)
	 5536.500000 op/sec del throughput (all threads)
	 565632.000000 op/sec total throughput (all threads)
	 Conflicts in worker thread: 0 (of 4419 commits)
	 Errors in worker thread: 0
	 Put errors: 0, Del errors: 0, Get errors: 0
***END OF RAMP-UP-THREADS OUTPUT***

KP: 6928: pinned new thread to CPU=0x0
KP: 6928: sleeping to allow threads enough time
KP: 6928: waking up from sleep (0)
For multithreaded run ramp r:19-w:24-u:56-d:1
	 1275098 total ops (1007800 puts + 254592 gets + 12706 dels)
	 2000000 in runtime (usecs) = 2 secs = 0.637549 ops/usec
	 503900.000000 op/sec put throughput (all threads)
	 127295.992188 op/sec get throughput (all threads)
	 6353.000000 op/sec del throughput (all threads)
	 637549.000000 op/sec total throughput (all threads)
	 Conflicts in worker thread: 0 (of 3987 commits)
	 Errors in worker thread: 0
	 Put errors: 0, Del errors: 0, Get errors: 0
***END OF RAMP-UP-THREADS OUTPUT***

KP: 6928: pinned new thread to CPU=0x0
KP: 6928: sleeping to allow threads enough time
KP: 6928: waking up from sleep (0)
For multithreaded run ramp r:39-w:18-u:42-d:1
	 1490489 total ops (880334 puts + 595513 gets + 14642 dels)
	 2000000 in runtime (usecs) = 2 secs = 0.745245 ops/usec
	 440167.000000 op/sec put throughput (all threads)
	 297756.500000 op/sec get throughput (all threads)
	 7321.000000 op/sec del throughput (all threads)
	 745244.500000 op/sec total throughput (all threads)
	 Conflicts in worker thread: 0 (of 3496 commits)
	 Errors in worker thread: 0
	 Put errors: 0, Del errors: 0, Get errors: 0
***END OF RAMP-UP-THREADS OUTPUT***

KP: 6928: pinned new thread to CPU=0x0
KP: 6928: sleeping to allow threads enough time
KP: 6928: waking up from sleep (0)
For multithreaded run ramp r:59-w:12-u:28-d:1
	 1800003 total ops (703272 puts + 1079040 gets + 17691 dels)
	 2000000 in runtime (usecs) = 2 secs = 0.900002 ops/usec
	 351636.000000 op/sec put throughput (all threads)
	 539520.000000 op/sec get throughput (all threads)
	 8845.500000 op/sec del throughput (all threads)
	 900001.500000 op/sec total throughput (all threads)
	 Conflicts in worker thread: 0 (of 2817 commits)
	 Errors in worker thread: 0
	 Put errors: 0, Del errors: 0, Get errors: 0
***END OF RAMP-UP-THREADS OUTPUT***

KP: 6928: pinned new thread to CPU=0x0
KP: 6928: sleeping to allow threads enough time
KP: 6928: waking up from sleep (0)
For multithreaded run ramp r:79-w:6-u:14-d:1
	 2296840 total ops (436654 puts + 1836996 gets + 23190 dels)
	 2000000 in runtime (usecs) = 2 secs = 1.148420 ops/usec
	 218327.000000 op/sec put throughput (all threads)
	 918498.000000 op/sec get throughput (all threads)
	 11595.000000 op/sec del throughput (all threads)
	 1148420.000000 op/sec total throughput (all threads)
	 Conflicts in worker thread: 0 (of 1797 commits)
	 Errors in worker thread: 0
	 Put errors: 0, Del errors: 0, Get errors: 0
***END OF RAMP-UP-THREADS OUTPUT***

KP: 6928: pinned new thread to CPU=0x0
KP: 6928: sleeping to allow threads enough time
KP: 6928: waking up from sleep (0)
For multithreaded run ramp r:99-w:0-u:0-d:1
	 3506144 total ops (0 puts + 3471409 gets + 34735 dels)
	 2000000 in runtime (usecs) = 2 secs = 1.753072 ops/usec
	 0.000000 op/sec put throughput (all threads)
	 1735704.500000 op/sec get throughput (all threads)
	 17367.500000 op/sec del throughput (all threads)
	 1753072.000000 op/sec total throughput (all threads)
	 Conflicts in worker thread: 0 (of 136 commits)
	 Errors in worker thread: 0
	 Put errors: 0, Del errors: 0, Get errors: 0
***END OF RAMP-UP-THREADS OUTPUT***

***CONCLUDING THREAD EVALUATION***
