KP: 7808: Using 16 for local hash table size (same as merge frequency), 1610000 for master hash table size
KP: 7808: Total memory allocation size (just evaluation, not kv stores themselves) could be up to 0 bytes (0 MB)
Will create 1610000 random integers for each child thread
Now starting evaluation for key-value store: kp_kvstore
On 16 cores
Running on storage platform: disk
Starting single-threaded tests

*** BEGINING SINGLE THREADED TESTS***

***NOW DOING LATENCY TEST ON INDIVIDUAL FUNCTIONS ***
For put-insert: 
	 time elapsed 0:30473 (sec:usec) = 30473 usecs 
	 iterations 10000 (merge every 8 -> 1250 merges)
	 average cost 3.047300 usecs
	 Conflicts: 0 (of 1249 commits)

For put-append: 
	 time elapsed 0:59874 (sec:usec) = 59874 usecs 
	 iterations 30000 (merge every 8 -> 3750 merges)
	 average cost 1.995800 usecs
	 Conflicts: 0 (of 3747 commits)

For get: 
	 time elapsed 0:25995 (sec:usec) = 25995 usecs 
	 iterations 30000 (merge every 8 -> 3750 merges)
	 average cost 0.866500 usecs
	 Conflicts: 0 (of 0 commits)

For delete: 
	 time elapsed 0:56263 (sec:usec) = 56263 usecs 
	 iterations 30000 (merge every 8 -> 3750 merges)
	 average cost 1.875433 usecs
	 Conflicts: 0 (of 3747 commits)


*** CONCLUDING SINGLE THREADED TESTS***

Starting multi-threaded tests: num_threads=1, NUM_CPUS=16
KP: 7808: pinned new thread to CPU=0x0
KP: 7808: sleeping to allow threads enough time
KP: 7808: waking up from sleep (0)
For multithreaded run ramp r:-1-w:30-u:70-d:1
	 1127052 total ops (1115959 puts + 0 gets + 11093 dels)
	 2000000 in runtime (usecs) = 2 secs = 0.563526 ops/usec
	 557979.437500 op/sec put throughput (all threads)
	 0.000000 op/sec get throughput (all threads)
	 5546.500000 op/sec del throughput (all threads)
	 563526.000000 op/sec total throughput (all threads)
	 Conflicts in worker thread: 0 (of 140882 commits)
	 Errors in worker thread: 0
	 Put errors: 0, Del errors: 0, Get errors: 0
***END OF RAMP-UP-THREADS OUTPUT***

KP: 7808: pinned new thread to CPU=0x0
KP: 7808: sleeping to allow threads enough time
KP: 7808: waking up from sleep (0)
For multithreaded run ramp r:19-w:24-u:56-d:1
	 1191803 total ops (941401 puts + 238643 gets + 11759 dels)
	 2000000 in runtime (usecs) = 2 secs = 0.595901 ops/usec
	 470700.500000 op/sec put throughput (all threads)
	 119321.500000 op/sec get throughput (all threads)
	 5879.500000 op/sec del throughput (all threads)
	 595901.500000 op/sec total throughput (all threads)
	 Conflicts in worker thread: 0 (of 119145 commits)
	 Errors in worker thread: 0
	 Put errors: 0, Del errors: 0, Get errors: 0
***END OF RAMP-UP-THREADS OUTPUT***

KP: 7808: pinned new thread to CPU=0x0
KP: 7808: sleeping to allow threads enough time
KP: 7808: waking up from sleep (0)
For multithreaded run ramp r:39-w:18-u:42-d:1
	 1392140 total ops (821273 puts + 556812 gets + 14055 dels)
	 2000000 in runtime (usecs) = 2 secs = 0.696070 ops/usec
	 410636.500000 op/sec put throughput (all threads)
	 278406.000000 op/sec get throughput (all threads)
	 7027.500000 op/sec del throughput (all threads)
	 696070.000000 op/sec total throughput (all threads)
	 Conflicts in worker thread: 0 (of 104416 commits)
	 Errors in worker thread: 0
	 Put errors: 0, Del errors: 0, Get errors: 0
***END OF RAMP-UP-THREADS OUTPUT***

KP: 7808: pinned new thread to CPU=0x0
KP: 7808: sleeping to allow threads enough time
KP: 7808: waking up from sleep (0)
For multithreaded run ramp r:59-w:12-u:28-d:1
	 1661340 total ops (646563 puts + 998035 gets + 16742 dels)
	 2000000 in runtime (usecs) = 2 secs = 0.830670 ops/usec
	 323281.500000 op/sec put throughput (all threads)
	 499017.500000 op/sec get throughput (all threads)
	 8371.000000 op/sec del throughput (all threads)
	 830670.000000 op/sec total throughput (all threads)
	 Conflicts in worker thread: 0 (of 82914 commits)
	 Errors in worker thread: 0
	 Put errors: 0, Del errors: 0, Get errors: 0
***END OF RAMP-UP-THREADS OUTPUT***

KP: 7808: pinned new thread to CPU=0x0
KP: 7808: sleeping to allow threads enough time
KP: 7808: waking up from sleep (0)
For multithreaded run ramp r:79-w:6-u:14-d:1
	 2154218 total ops (409077 puts + 1723322 gets + 21819 dels)
	 2000000 in runtime (usecs) = 2 secs = 1.077109 ops/usec
	 204538.500000 op/sec put throughput (all threads)
	 861661.000000 op/sec get throughput (all threads)
	 10909.500000 op/sec del throughput (all threads)
	 1077109.000000 op/sec total throughput (all threads)
	 Conflicts in worker thread: 0 (of 53862 commits)
	 Errors in worker thread: 0
	 Put errors: 0, Del errors: 0, Get errors: 0
***END OF RAMP-UP-THREADS OUTPUT***

KP: 7808: pinned new thread to CPU=0x0
KP: 7808: sleeping to allow threads enough time
KP: 7808: waking up from sleep (0)
For multithreaded run ramp r:99-w:0-u:0-d:1
	 3314266 total ops (0 puts + 3280603 gets + 33663 dels)
	 2000000 in runtime (usecs) = 2 secs = 1.657133 ops/usec
	 0.000000 op/sec put throughput (all threads)
	 1640301.500000 op/sec get throughput (all threads)
	 16831.500000 op/sec del throughput (all threads)
	 1657133.000000 op/sec total throughput (all threads)
	 Conflicts in worker thread: 0 (of 4208 commits)
	 Errors in worker thread: 0
	 Put errors: 0, Del errors: 0, Get errors: 0
***END OF RAMP-UP-THREADS OUTPUT***

***CONCLUDING THREAD EVALUATION***
