KP: 7248: Using 256 for local hash table size (same as merge frequency), 1610000 for master hash table size
KP: 7248: Total memory allocation size (just evaluation, not kv stores themselves) could be up to 0 bytes (0 MB)
Will create 1610000 random integers for each child thread
Now starting evaluation for key-value store: kp_kvstore
On 16 cores
Running on storage platform: disk
Starting single-threaded tests

*** BEGINING SINGLE THREADED TESTS***

***NOW DOING LATENCY TEST ON INDIVIDUAL FUNCTIONS ***
For put-insert: 
	 time elapsed 0:81478 (sec:usec) = 81478 usecs 
	 iterations 25000 (merge every 128 -> 195 merges)
	 average cost 3.259120 usecs
	 Conflicts: 0 (of 196 commits)

For put-append: 
	 time elapsed 0:209522 (sec:usec) = 209522 usecs 
	 iterations 75000 (merge every 128 -> 585 merges)
	 average cost 2.793627 usecs
	 Conflicts: 0 (of 588 commits)

For get: 
	 time elapsed 0:140856 (sec:usec) = 140856 usecs 
	 iterations 75000 (merge every 128 -> 585 merges)
	 average cost 1.878080 usecs
	 Conflicts: 0 (of 0 commits)

For delete: 
	 time elapsed 0:137391 (sec:usec) = 137391 usecs 
	 iterations 75000 (merge every 128 -> 585 merges)
	 average cost 1.831880 usecs
	 Conflicts: 0 (of 588 commits)


*** CONCLUDING SINGLE THREADED TESTS***

Starting multi-threaded tests: num_threads=1, NUM_CPUS=16
KP: 7248: pinned new thread to CPU=0x0
KP: 7248: sleeping to allow threads enough time
KP: 7248: waking up from sleep (0)
For multithreaded run ramp r:-1-w:30-u:70-d:1
	 1324348 total ops (1310734 puts + 0 gets + 13614 dels)
	 2000000 in runtime (usecs) = 2 secs = 0.662174 ops/usec
	 655367.000000 op/sec put throughput (all threads)
	 0.000000 op/sec get throughput (all threads)
	 6807.000000 op/sec del throughput (all threads)
	 662174.000000 op/sec total throughput (all threads)
	 Conflicts in worker thread: 0 (of 10347 commits)
	 Errors in worker thread: 0
	 Put errors: 0, Del errors: 0, Get errors: 0
***END OF RAMP-UP-THREADS OUTPUT***

KP: 7248: pinned new thread to CPU=0x0
KP: 7248: sleeping to allow threads enough time
KP: 7248: waking up from sleep (0)
For multithreaded run ramp r:19-w:24-u:56-d:1
	 1488519 total ops (1176668 puts + 296831 gets + 15020 dels)
	 2000000 in runtime (usecs) = 2 secs = 0.744259 ops/usec
	 588334.000000 op/sec put throughput (all threads)
	 148415.500000 op/sec get throughput (all threads)
	 7510.000000 op/sec del throughput (all threads)
	 744259.500000 op/sec total throughput (all threads)
	 Conflicts in worker thread: 0 (of 9311 commits)
	 Errors in worker thread: 0
	 Put errors: 0, Del errors: 0, Get errors: 0
***END OF RAMP-UP-THREADS OUTPUT***

KP: 7248: pinned new thread to CPU=0x0
KP: 7248: sleeping to allow threads enough time
KP: 7248: waking up from sleep (0)
For multithreaded run ramp r:39-w:18-u:42-d:1
	 1716592 total ops (1013643 puts + 685694 gets + 17255 dels)
	 2000000 in runtime (usecs) = 2 secs = 0.858296 ops/usec
	 506821.500000 op/sec put throughput (all threads)
	 342847.000000 op/sec get throughput (all threads)
	 8627.500000 op/sec del throughput (all threads)
	 858296.000000 op/sec total throughput (all threads)
	 Conflicts in worker thread: 0 (of 8054 commits)
	 Errors in worker thread: 0
	 Put errors: 0, Del errors: 0, Get errors: 0
***END OF RAMP-UP-THREADS OUTPUT***

KP: 7248: pinned new thread to CPU=0x0
KP: 7248: sleeping to allow threads enough time
KP: 7248: waking up from sleep (0)
For multithreaded run ramp r:59-w:12-u:28-d:1
	 2034472 total ops (791919 puts + 1222450 gets + 20103 dels)
	 2000000 in runtime (usecs) = 2 secs = 1.017236 ops/usec
	 395959.500000 op/sec put throughput (all threads)
	 611225.000000 op/sec get throughput (all threads)
	 10051.500000 op/sec del throughput (all threads)
	 1017236.000000 op/sec total throughput (all threads)
	 Conflicts in worker thread: 0 (of 6344 commits)
	 Errors in worker thread: 0
	 Put errors: 0, Del errors: 0, Get errors: 0
***END OF RAMP-UP-THREADS OUTPUT***

KP: 7248: pinned new thread to CPU=0x0
KP: 7248: sleeping to allow threads enough time
KP: 7248: waking up from sleep (0)
For multithreaded run ramp r:79-w:6-u:14-d:1
	 2507007 total ops (475003 puts + 2006767 gets + 25237 dels)
	 2000000 in runtime (usecs) = 2 secs = 1.253503 ops/usec
	 237501.500000 op/sec put throughput (all threads)
	 1003383.500000 op/sec get throughput (all threads)
	 12618.500000 op/sec del throughput (all threads)
	 1253503.500000 op/sec total throughput (all threads)
	 Conflicts in worker thread: 0 (of 3909 commits)
	 Errors in worker thread: 0
	 Put errors: 0, Del errors: 0, Get errors: 0
***END OF RAMP-UP-THREADS OUTPUT***

KP: 7248: pinned new thread to CPU=0x0
KP: 7248: sleeping to allow threads enough time
KP: 7248: waking up from sleep (0)
For multithreaded run ramp r:99-w:0-u:0-d:1
	 3535509 total ops (0 puts + 3500023 gets + 35486 dels)
	 2000000 in runtime (usecs) = 2 secs = 1.767755 ops/usec
	 0.000000 op/sec put throughput (all threads)
	 1750011.500000 op/sec get throughput (all threads)
	 17743.000000 op/sec del throughput (all threads)
	 1767754.500000 op/sec total throughput (all threads)
	 Conflicts in worker thread: 0 (of 278 commits)
	 Errors in worker thread: 0
	 Put errors: 0, Del errors: 0, Get errors: 0
***END OF RAMP-UP-THREADS OUTPUT***

***CONCLUDING THREAD EVALUATION***
