KP: 7680: Using 16 for local hash table size (same as merge frequency), 1610000 for master hash table size
KP: 7680: Total memory allocation size (just evaluation, not kv stores themselves) could be up to 0 bytes (0 MB)
Will create 1610000 random integers for each child thread
Now starting evaluation for key-value store: kp_kvstore
On 16 cores
Running on storage platform: disk
Starting single-threaded tests

*** BEGINING SINGLE THREADED TESTS***

***NOW DOING LATENCY TEST ON INDIVIDUAL FUNCTIONS ***
For put-insert: 
	 time elapsed 0:332668 (sec:usec) = 332668 usecs 
	 iterations 100000 (merge every 8 -> 12500 merges)
	 average cost 3.326680 usecs
	 Conflicts: 0 (of 12499 commits)

For put-append: 
	 time elapsed 0:886858 (sec:usec) = 886858 usecs 
	 iterations 300000 (merge every 8 -> 37500 merges)
	 average cost 2.956193 usecs
	 Conflicts: 0 (of 37497 commits)

For get: 
	 time elapsed 0:549802 (sec:usec) = 549802 usecs 
	 iterations 300000 (merge every 8 -> 37500 merges)
	 average cost 1.832673 usecs
	 Conflicts: 0 (of 0 commits)

For delete: 
	 time elapsed 0:608463 (sec:usec) = 608463 usecs 
	 iterations 300000 (merge every 8 -> 37500 merges)
	 average cost 2.028210 usecs
	 Conflicts: 0 (of 37497 commits)


*** CONCLUDING SINGLE THREADED TESTS***

Starting multi-threaded tests: num_threads=1, NUM_CPUS=16
KP: 7680: pinned new thread to CPU=0x0
KP: 7680: sleeping to allow threads enough time
KP: 7680: waking up from sleep (0)
For multithreaded run ramp r:-1-w:30-u:70-d:1
	 1067287 total ops (1056426 puts + 0 gets + 10861 dels)
	 2000000 in runtime (usecs) = 2 secs = 0.533643 ops/usec
	 528213.000000 op/sec put throughput (all threads)
	 0.000000 op/sec get throughput (all threads)
	 5430.500000 op/sec del throughput (all threads)
	 533643.500000 op/sec total throughput (all threads)
	 Conflicts in worker thread: 0 (of 133411 commits)
	 Errors in worker thread: 0
	 Put errors: 0, Del errors: 0, Get errors: 0
***END OF RAMP-UP-THREADS OUTPUT***

KP: 7680: pinned new thread to CPU=0x0
KP: 7680: sleeping to allow threads enough time
KP: 7680: waking up from sleep (0)
For multithreaded run ramp r:19-w:24-u:56-d:1
	 1194752 total ops (943658 puts + 239010 gets + 12084 dels)
	 2000000 in runtime (usecs) = 2 secs = 0.597376 ops/usec
	 471829.000000 op/sec put throughput (all threads)
	 119505.000000 op/sec get throughput (all threads)
	 6042.000000 op/sec del throughput (all threads)
	 597376.000000 op/sec total throughput (all threads)
	 Conflicts in worker thread: 0 (of 119468 commits)
	 Errors in worker thread: 0
	 Put errors: 0, Del errors: 0, Get errors: 0
***END OF RAMP-UP-THREADS OUTPUT***

KP: 7680: pinned new thread to CPU=0x0
KP: 7680: sleeping to allow threads enough time
KP: 7680: waking up from sleep (0)
For multithreaded run ramp r:39-w:18-u:42-d:1
	 1410715 total ops (834117 puts + 562587 gets + 14011 dels)
	 2000000 in runtime (usecs) = 2 secs = 0.705357 ops/usec
	 417058.500000 op/sec put throughput (all threads)
	 281293.500000 op/sec get throughput (all threads)
	 7005.500000 op/sec del throughput (all threads)
	 705357.500000 op/sec total throughput (all threads)
	 Conflicts in worker thread: 0 (of 106016 commits)
	 Errors in worker thread: 0
	 Put errors: 0, Del errors: 0, Get errors: 0
***END OF RAMP-UP-THREADS OUTPUT***

KP: 7680: pinned new thread to CPU=0x0
KP: 7680: sleeping to allow threads enough time
KP: 7680: waking up from sleep (0)
For multithreaded run ramp r:59-w:12-u:28-d:1
	 1702885 total ops (665682 puts + 1020139 gets + 17064 dels)
	 2000000 in runtime (usecs) = 2 secs = 0.851443 ops/usec
	 332841.000000 op/sec put throughput (all threads)
	 510069.500000 op/sec get throughput (all threads)
	 8532.000000 op/sec del throughput (all threads)
	 851442.500000 op/sec total throughput (all threads)
	 Conflicts in worker thread: 0 (of 85344 commits)
	 Errors in worker thread: 0
	 Put errors: 0, Del errors: 0, Get errors: 0
***END OF RAMP-UP-THREADS OUTPUT***

KP: 7680: pinned new thread to CPU=0x0
KP: 7680: sleeping to allow threads enough time
KP: 7680: waking up from sleep (0)
For multithreaded run ramp r:79-w:6-u:14-d:1
	 2179808 total ops (415163 puts + 1742900 gets + 21745 dels)
	 2000000 in runtime (usecs) = 2 secs = 1.089904 ops/usec
	 207581.500000 op/sec put throughput (all threads)
	 871450.000000 op/sec get throughput (all threads)
	 10872.500000 op/sec del throughput (all threads)
	 1089904.000000 op/sec total throughput (all threads)
	 Conflicts in worker thread: 0 (of 54614 commits)
	 Errors in worker thread: 0
	 Put errors: 0, Del errors: 0, Get errors: 0
***END OF RAMP-UP-THREADS OUTPUT***

KP: 7680: pinned new thread to CPU=0x0
KP: 7680: sleeping to allow threads enough time
KP: 7680: waking up from sleep (0)
For multithreaded run ramp r:99-w:0-u:0-d:1
	 3346567 total ops (0 puts + 3313022 gets + 33545 dels)
	 2000000 in runtime (usecs) = 2 secs = 1.673283 ops/usec
	 0.000000 op/sec put throughput (all threads)
	 1656511.000000 op/sec get throughput (all threads)
	 16772.500000 op/sec del throughput (all threads)
	 1673283.500000 op/sec total throughput (all threads)
	 Conflicts in worker thread: 0 (of 4194 commits)
	 Errors in worker thread: 0
	 Put errors: 0, Del errors: 0, Get errors: 0
***END OF RAMP-UP-THREADS OUTPUT***

***CONCLUDING THREAD EVALUATION***
