KP: 2256: Using 1024 for local hash table size (same as merge frequency), 1610000 for master hash table size
KP: 2256: Total memory allocation size (just evaluation, not kv stores themselves) could be up to 0 bytes (0 MB)
Will create 1610000 random integers for each child thread
Now starting evaluation for key-value store: Masstree
On 16 cores
Running on storage platform: disk
Starting single-threaded tests

*** BEGINING SINGLE THREADED TESTS***

***NOW DOING LATENCY TEST ON INDIVIDUAL FUNCTIONS ***
For put-insert: 
	 time elapsed 0:17650 (sec:usec) = 17650 usecs 
	 iterations 10000 (merge every 512 -> 19 merges)
	 average cost 1.765000 usecs
	 Conflicts: 0 (of 20 commits)

For put-append: 
	 time elapsed 0:53128 (sec:usec) = 53128 usecs 
	 iterations 30000 (merge every 512 -> 58 merges)
	 average cost 1.770933 usecs
	 Conflicts: 0 (of 60 commits)

For get: 
	 time elapsed 0:21128 (sec:usec) = 21128 usecs 
	 iterations 30000 (merge every 512 -> 58 merges)
	 average cost 0.704267 usecs
	 Conflicts: 0 (of 0 commits)

For delete: 
	 time elapsed 0:20518 (sec:usec) = 20518 usecs 
	 iterations 30000 (merge every 512 -> 58 merges)
	 average cost 0.683933 usecs
	 Conflicts: 0 (of 60 commits)


*** CONCLUDING SINGLE THREADED TESTS***

Starting multi-threaded tests: num_threads=1, NUM_CPUS=16
KP: 2256: pinned new thread to CPU=0x0
KP: 2256: sleeping to allow threads enough time
KP: 2256: waking up from sleep (0)
For multithreaded run ramp r:-1-w:30-u:70-d:1
	 1245851 total ops (1233317 puts + 0 gets + 12534 dels)
	 2000000 in runtime (usecs) = 2 secs = 0.622926 ops/usec
	 616658.500000 op/sec put throughput (all threads)
	 0.000000 op/sec get throughput (all threads)
	 6267.000000 op/sec del throughput (all threads)
	 622925.500000 op/sec total throughput (all threads)
	 Conflicts in worker thread: 0 (of 2434 commits)
	 Errors in worker thread: 0
	 Put errors: 0, Del errors: 0, Get errors: 0
***END OF RAMP-UP-THREADS OUTPUT***

KP: 2256: pinned new thread to CPU=0x0
KP: 2256: sleeping to allow threads enough time
KP: 2256: pinned new thread to CPU=0x0
KP: 2256: sleeping to allow threads enough time
KP: 2256: pinned new thread to CPU=0x0
KP: 2256: sleeping to allow threads enough time
KP: 2256: pinned new thread to CPU=0x0
KP: 2256: sleeping to allow threads enough time
KP: 2256: pinned new thread to CPU=0x0
KP: 2256: sleeping to allow threads enough time
KP: 2256: waking up from sleep (0)
For multithreaded run ramp r:99-w:0-u:0-d:1
	 2850628 total ops (0 puts + 2822291 gets + 28337 dels)
	 2000000 in runtime (usecs) = 2 secs = 1.425314 ops/usec
	 0.000000 op/sec put throughput (all threads)
	 1411145.500000 op/sec get throughput (all threads)
	 14168.500000 op/sec del throughput (all threads)
	 1425314.000000 op/sec total throughput (all threads)
	 Conflicts in worker thread: 0 (of 56 commits)
	 Errors in worker thread: 0
	 Put errors: 0, Del errors: 0, Get errors: 0
***END OF RAMP-UP-THREADS OUTPUT***

***CONCLUDING THREAD EVALUATION***
