KP: 7296: Using 4 for local hash table size (same as merge frequency), 1610000 for master hash table size
KP: 7296: Total memory allocation size (just evaluation, not kv stores themselves) could be up to 0 bytes (0 MB)
Will create 1610000 random integers for each child thread
Now starting evaluation for key-value store: Masstree
On 16 cores
Running on storage platform: disk
Starting single-threaded tests

*** BEGINING SINGLE THREADED TESTS***

***NOW DOING LATENCY TEST ON INDIVIDUAL FUNCTIONS ***
For put-insert: 
	 time elapsed 0:17659 (sec:usec) = 17659 usecs 
	 iterations 10000 (merge every 2 -> 5000 merges)
	 average cost 1.765900 usecs
	 Conflicts: 0 (of 4999 commits)

For put-append: 
	 time elapsed 0:53485 (sec:usec) = 53485 usecs 
	 iterations 30000 (merge every 2 -> 15000 merges)
	 average cost 1.782833 usecs
	 Conflicts: 0 (of 14997 commits)

For get: 
	 time elapsed 0:21113 (sec:usec) = 21113 usecs 
	 iterations 30000 (merge every 2 -> 15000 merges)
	 average cost 0.703767 usecs
	 Conflicts: 0 (of 0 commits)

For delete: 
	 time elapsed 0:21950 (sec:usec) = 21950 usecs 
	 iterations 30000 (merge every 2 -> 15000 merges)
	 average cost 0.731667 usecs
	 Conflicts: 0 (of 14997 commits)


*** CONCLUDING SINGLE THREADED TESTS***

Starting multi-threaded tests: num_threads=1, NUM_CPUS=16
KP: 7296: pinned new thread to CPU=0x0
KP: 7296: sleeping to allow threads enough time
KP: 7296: waking up from sleep (0)
For multithreaded run ramp r:-1-w:30-u:70-d:1
	 1235034 total ops (1222733 puts + 0 gets + 12301 dels)
	 2000000 in runtime (usecs) = 2 secs = 0.617517 ops/usec
	 611366.500000 op/sec put throughput (all threads)
	 0.000000 op/sec get throughput (all threads)
	 6150.500000 op/sec del throughput (all threads)
	 617517.000000 op/sec total throughput (all threads)
	 Conflicts in worker thread: 0 (of 617517 commits)
	 Errors in worker thread: 0
	 Put errors: 0, Del errors: 0, Get errors: 0
***END OF RAMP-UP-THREADS OUTPUT***

KP: 7296: pinned new thread to CPU=0x0
KP: 7296: sleeping to allow threads enough time
KP: 7296: pinned new thread to CPU=0x0
KP: 7296: sleeping to allow threads enough time
KP: 7296: pinned new thread to CPU=0x0
KP: 7296: sleeping to allow threads enough time
KP: 7296: pinned new thread to CPU=0x0
KP: 7296: sleeping to allow threads enough time
KP: 7296: pinned new thread to CPU=0x0
KP: 7296: sleeping to allow threads enough time
KP: 7296: waking up from sleep (0)
For multithreaded run ramp r:99-w:0-u:0-d:1
	 2975890 total ops (0 puts + 2946077 gets + 29813 dels)
	 2000000 in runtime (usecs) = 2 secs = 1.487945 ops/usec
	 0.000000 op/sec put throughput (all threads)
	 1473038.500000 op/sec get throughput (all threads)
	 14906.500000 op/sec del throughput (all threads)
	 1487945.000000 op/sec total throughput (all threads)
	 Conflicts in worker thread: 0 (of 14907 commits)
	 Errors in worker thread: 0
	 Put errors: 0, Del errors: 0, Get errors: 0
***END OF RAMP-UP-THREADS OUTPUT***

***CONCLUDING THREAD EVALUATION***
