KP: 1504: Using 16 for local hash table size (same as merge frequency), 1610000 for master hash table size
KP: 1504: Total memory allocation size (just evaluation, not kv stores themselves) could be up to 0 bytes (0 MB)
Will create 1610000 random integers for each child thread
Now starting evaluation for key-value store: Masstree
On 16 cores
Running on storage platform: disk
Starting single-threaded tests

*** BEGINING SINGLE THREADED TESTS***

***NOW DOING LATENCY TEST ON INDIVIDUAL FUNCTIONS ***
For put-insert: 
	 time elapsed 0:5710 (sec:usec) = 5710 usecs 
	 iterations 1024 (merge every 8 -> 128 merges)
	 average cost 5.576172 usecs
	 Conflicts: 0 (of 127 commits)

For put-append: 
	 time elapsed 0:12775 (sec:usec) = 12775 usecs 
	 iterations 3072 (merge every 8 -> 384 merges)
	 average cost 4.158529 usecs
	 Conflicts: 0 (of 381 commits)

For get: 
	 time elapsed 0:2146 (sec:usec) = 2146 usecs 
	 iterations 3072 (merge every 8 -> 384 merges)
	 average cost 0.698568 usecs
	 Conflicts: 0 (of 0 commits)

For delete: 
	 time elapsed 0:2165 (sec:usec) = 2165 usecs 
	 iterations 3072 (merge every 8 -> 384 merges)
	 average cost 0.704753 usecs
	 Conflicts: 0 (of 381 commits)


*** CONCLUDING SINGLE THREADED TESTS***

Starting multi-threaded tests: num_threads=1, NUM_CPUS=16
KP: 1504: pinned new thread to CPU=0x0
KP: 1504: sleeping to allow threads enough time
KP: 1504: waking up from sleep (0)
For multithreaded run ramp r:-1-w:30-u:70-d:1
	 536647 total ops (531277 puts + 0 gets + 5370 dels)
	 2000000 in runtime (usecs) = 2 secs = 0.268324 ops/usec
	 265638.500000 op/sec put throughput (all threads)
	 0.000000 op/sec get throughput (all threads)
	 2685.000000 op/sec del throughput (all threads)
	 268323.500000 op/sec total throughput (all threads)
	 Conflicts in worker thread: 0 (of 67081 commits)
	 Errors in worker thread: 0
	 Put errors: 0, Del errors: 0, Get errors: 0
***END OF RAMP-UP-THREADS OUTPUT***

KP: 1504: pinned new thread to CPU=0x0
KP: 1504: sleeping to allow threads enough time
KP: 1504: pinned new thread to CPU=0x0
KP: 1504: sleeping to allow threads enough time
KP: 1504: pinned new thread to CPU=0x0
KP: 1504: sleeping to allow threads enough time
KP: 1504: pinned new thread to CPU=0x0
KP: 1504: sleeping to allow threads enough time
KP: 1504: pinned new thread to CPU=0x0
KP: 1504: sleeping to allow threads enough time
KP: 1504: waking up from sleep (0)
For multithreaded run ramp r:99-w:0-u:0-d:1
	 2954903 total ops (0 puts + 2924959 gets + 29944 dels)
	 2000000 in runtime (usecs) = 2 secs = 1.477451 ops/usec
	 0.000000 op/sec put throughput (all threads)
	 1462479.500000 op/sec get throughput (all threads)
	 14972.000000 op/sec del throughput (all threads)
	 1477451.500000 op/sec total throughput (all threads)
	 Conflicts in worker thread: 0 (of 3743 commits)
	 Errors in worker thread: 0
	 Put errors: 0, Del errors: 0, Get errors: 0
***END OF RAMP-UP-THREADS OUTPUT***

***CONCLUDING THREAD EVALUATION***
