KP: 9440: Using 4 for local hash table size (same as merge frequency), 1610000 for master hash table size
KP: 9440: Total memory allocation size (just evaluation, not kv stores themselves) could be up to 0 bytes (0 MB)
Will create 1610000 random integers for each child thread
Now starting evaluation for key-value store: Masstree
On 16 cores
Running on storage platform: disk
Starting single-threaded tests

*** BEGINING SINGLE THREADED TESTS***

***NOW DOING LATENCY TEST ON INDIVIDUAL FUNCTIONS ***
For put-insert: 
	 time elapsed 0:18465 (sec:usec) = 18465 usecs 
	 iterations 10000 (merge every 2 -> 5000 merges)
	 average cost 1.846500 usecs
	 Conflicts: 0 (of 4999 commits)

For put-append: 
	 time elapsed 0:54722 (sec:usec) = 54722 usecs 
	 iterations 30000 (merge every 2 -> 15000 merges)
	 average cost 1.824067 usecs
	 Conflicts: 0 (of 14997 commits)

For get: 
	 time elapsed 0:21219 (sec:usec) = 21219 usecs 
	 iterations 30000 (merge every 2 -> 15000 merges)
	 average cost 0.707300 usecs
	 Conflicts: 0 (of 0 commits)

For delete: 
	 time elapsed 0:21209 (sec:usec) = 21209 usecs 
	 iterations 30000 (merge every 2 -> 15000 merges)
	 average cost 0.706967 usecs
	 Conflicts: 0 (of 14997 commits)


*** CONCLUDING SINGLE THREADED TESTS***

Starting multi-threaded tests: num_threads=1, NUM_CPUS=16
KP: 9440: pinned new thread to CPU=0x0
KP: 9440: sleeping to allow threads enough time
KP: 9440: waking up from sleep (0)
For multithreaded run ramp r:-1-w:30-u:70-d:1
	 1230155 total ops (1217779 puts + 0 gets + 12376 dels)
	 2000000 in runtime (usecs) = 2 secs = 0.615077 ops/usec
	 608889.500000 op/sec put throughput (all threads)
	 0.000000 op/sec get throughput (all threads)
	 6188.000488 op/sec del throughput (all threads)
	 615077.500000 op/sec total throughput (all threads)
	 Conflicts in worker thread: 0 (of 615078 commits)
	 Errors in worker thread: 0
	 Put errors: 0, Del errors: 0, Get errors: 0
***END OF RAMP-UP-THREADS OUTPUT***

KP: 9440: pinned new thread to CPU=0x0
KP: 9440: sleeping to allow threads enough time
KP: 9440: pinned new thread to CPU=0x0
KP: 9440: sleeping to allow threads enough time
KP: 9440: pinned new thread to CPU=0x0
KP: 9440: sleeping to allow threads enough time
KP: 9440: pinned new thread to CPU=0x0
KP: 9440: sleeping to allow threads enough time
KP: 9440: pinned new thread to CPU=0x0
KP: 9440: sleeping to allow threads enough time
KP: 9440: waking up from sleep (0)
For multithreaded run ramp r:99-w:0-u:0-d:1
	 2855011 total ops (0 puts + 2826152 gets + 28859 dels)
	 2000000 in runtime (usecs) = 2 secs = 1.427505 ops/usec
	 0.000000 op/sec put throughput (all threads)
	 1413076.000000 op/sec get throughput (all threads)
	 14429.500000 op/sec del throughput (all threads)
	 1427505.500000 op/sec total throughput (all threads)
	 Conflicts in worker thread: 0 (of 14430 commits)
	 Errors in worker thread: 0
	 Put errors: 0, Del errors: 0, Get errors: 0
***END OF RAMP-UP-THREADS OUTPUT***

***CONCLUDING THREAD EVALUATION***
