KP: 7104: Using 64 for local hash table size (same as merge frequency), 1610000 for master hash table size
KP: 7104: Total memory allocation size (just evaluation, not kv stores themselves) could be up to 0 bytes (0 MB)
Will create 1610000 random integers for each child thread
Now starting evaluation for key-value store: Masstree
On 16 cores
Running on storage platform: disk
Starting single-threaded tests

*** BEGINING SINGLE THREADED TESTS***

***NOW DOING LATENCY TEST ON INDIVIDUAL FUNCTIONS ***
For put-insert: 
	 time elapsed 0:18085 (sec:usec) = 18085 usecs 
	 iterations 10000 (merge every 32 -> 312 merges)
	 average cost 1.808500 usecs
	 Conflicts: 0 (of 313 commits)

For put-append: 
	 time elapsed 0:54406 (sec:usec) = 54406 usecs 
	 iterations 30000 (merge every 32 -> 937 merges)
	 average cost 1.813533 usecs
	 Conflicts: 0 (of 939 commits)

For get: 
	 time elapsed 0:21265 (sec:usec) = 21265 usecs 
	 iterations 30000 (merge every 32 -> 937 merges)
	 average cost 0.708833 usecs
	 Conflicts: 0 (of 0 commits)

For delete: 
	 time elapsed 0:20554 (sec:usec) = 20554 usecs 
	 iterations 30000 (merge every 32 -> 937 merges)
	 average cost 0.685133 usecs
	 Conflicts: 0 (of 939 commits)


*** CONCLUDING SINGLE THREADED TESTS***

Starting multi-threaded tests: num_threads=1, NUM_CPUS=16
KP: 7104: pinned new thread to CPU=0x0
KP: 7104: sleeping to allow threads enough time
KP: 7104: waking up from sleep (0)
For multithreaded run ramp r:-1-w:30-u:70-d:1
	 1233272 total ops (1220969 puts + 0 gets + 12303 dels)
	 2000000 in runtime (usecs) = 2 secs = 0.616636 ops/usec
	 610484.500000 op/sec put throughput (all threads)
	 0.000000 op/sec get throughput (all threads)
	 6151.500000 op/sec del throughput (all threads)
	 616636.000000 op/sec total throughput (all threads)
	 Conflicts in worker thread: 0 (of 38540 commits)
	 Errors in worker thread: 0
	 Put errors: 0, Del errors: 0, Get errors: 0
***END OF RAMP-UP-THREADS OUTPUT***

KP: 7104: pinned new thread to CPU=0x0
KP: 7104: sleeping to allow threads enough time
KP: 7104: pinned new thread to CPU=0x0
KP: 7104: sleeping to allow threads enough time
KP: 7104: pinned new thread to CPU=0x0
KP: 7104: sleeping to allow threads enough time
KP: 7104: pinned new thread to CPU=0x0
KP: 7104: sleeping to allow threads enough time
KP: 7104: pinned new thread to CPU=0x0
KP: 7104: sleeping to allow threads enough time
KP: 7104: waking up from sleep (0)
For multithreaded run ramp r:99-w:0-u:0-d:1
	 2967813 total ops (0 puts + 2938188 gets + 29625 dels)
	 2000000 in runtime (usecs) = 2 secs = 1.483907 ops/usec
	 0.000000 op/sec put throughput (all threads)
	 1469094.000000 op/sec get throughput (all threads)
	 14812.500000 op/sec del throughput (all threads)
	 1483906.500000 op/sec total throughput (all threads)
	 Conflicts in worker thread: 0 (of 926 commits)
	 Errors in worker thread: 0
	 Put errors: 0, Del errors: 0, Get errors: 0
***END OF RAMP-UP-THREADS OUTPUT***

***CONCLUDING THREAD EVALUATION***
