KP: 3440: Using 1024 for local hash table size (same as merge frequency), 1610000 for master hash table size
KP: 3440: Total memory allocation size (just evaluation, not kv stores themselves) could be up to 0 bytes (0 MB)
Will create 1610000 random integers for each child thread
Now starting evaluation for key-value store: Masstree
On 16 cores
Running on storage platform: disk
Starting single-threaded tests

*** BEGINING SINGLE THREADED TESTS***

***NOW DOING LATENCY TEST ON INDIVIDUAL FUNCTIONS ***
For put-insert: 
	 time elapsed 0:18619 (sec:usec) = 18619 usecs 
	 iterations 10000 (merge every 512 -> 19 merges)
	 average cost 1.861900 usecs
	 Conflicts: 0 (of 20 commits)

For put-append: 
	 time elapsed 0:55056 (sec:usec) = 55056 usecs 
	 iterations 30000 (merge every 512 -> 58 merges)
	 average cost 1.835200 usecs
	 Conflicts: 0 (of 60 commits)

For get: 
	 time elapsed 0:21201 (sec:usec) = 21201 usecs 
	 iterations 30000 (merge every 512 -> 58 merges)
	 average cost 0.706700 usecs
	 Conflicts: 0 (of 0 commits)

For delete: 
	 time elapsed 0:20567 (sec:usec) = 20567 usecs 
	 iterations 30000 (merge every 512 -> 58 merges)
	 average cost 0.685567 usecs
	 Conflicts: 0 (of 60 commits)


*** CONCLUDING SINGLE THREADED TESTS***

Starting multi-threaded tests: num_threads=1, NUM_CPUS=16
KP: 3440: pinned new thread to CPU=0x0
KP: 3440: sleeping to allow threads enough time
KP: 3440: waking up from sleep (0)
For multithreaded run ramp r:-1-w:30-u:70-d:1
	 1242079 total ops (1229654 puts + 0 gets + 12425 dels)
	 2000000 in runtime (usecs) = 2 secs = 0.621040 ops/usec
	 614827.062500 op/sec put throughput (all threads)
	 0.000000 op/sec get throughput (all threads)
	 6212.500000 op/sec del throughput (all threads)
	 621039.500000 op/sec total throughput (all threads)
	 Conflicts in worker thread: 0 (of 2426 commits)
	 Errors in worker thread: 0
	 Put errors: 0, Del errors: 0, Get errors: 0
***END OF RAMP-UP-THREADS OUTPUT***

KP: 3440: pinned new thread to CPU=0x0
KP: 3440: sleeping to allow threads enough time
KP: 3440: pinned new thread to CPU=0x0
KP: 3440: sleeping to allow threads enough time
KP: 3440: pinned new thread to CPU=0x0
KP: 3440: sleeping to allow threads enough time
KP: 3440: pinned new thread to CPU=0x0
KP: 3440: sleeping to allow threads enough time
KP: 3440: pinned new thread to CPU=0x0
KP: 3440: sleeping to allow threads enough time
KP: 3440: waking up from sleep (0)
For multithreaded run ramp r:99-w:0-u:0-d:1
	 2964973 total ops (0 puts + 2935411 gets + 29562 dels)
	 2000000 in runtime (usecs) = 2 secs = 1.482486 ops/usec
	 0.000000 op/sec put throughput (all threads)
	 1467705.500000 op/sec get throughput (all threads)
	 14781.000000 op/sec del throughput (all threads)
	 1482486.500000 op/sec total throughput (all threads)
	 Conflicts in worker thread: 0 (of 58 commits)
	 Errors in worker thread: 0
	 Put errors: 0, Del errors: 0, Get errors: 0
***END OF RAMP-UP-THREADS OUTPUT***

***CONCLUDING THREAD EVALUATION***
