KP: 1424: Using 4096 for local hash table size (same as merge frequency), 1610000 for master hash table size
KP: 1424: Total memory allocation size (just evaluation, not kv stores themselves) could be up to 0 bytes (0 MB)
Will create 1610000 random integers for each child thread
Now starting evaluation for key-value store: Masstree
On 16 cores
Running on storage platform: disk
Starting single-threaded tests

*** BEGINING SINGLE THREADED TESTS***

***NOW DOING LATENCY TEST ON INDIVIDUAL FUNCTIONS ***
For put-insert: 
	 time elapsed 0:18367 (sec:usec) = 18367 usecs 
	 iterations 10000 (merge every 2048 -> 4 merges)
	 average cost 1.836700 usecs
	 Conflicts: 0 (of 5 commits)

For put-append: 
	 time elapsed 0:54251 (sec:usec) = 54251 usecs 
	 iterations 30000 (merge every 2048 -> 14 merges)
	 average cost 1.808367 usecs
	 Conflicts: 0 (of 15 commits)

For get: 
	 time elapsed 0:21175 (sec:usec) = 21175 usecs 
	 iterations 30000 (merge every 2048 -> 14 merges)
	 average cost 0.705833 usecs
	 Conflicts: 0 (of 0 commits)

For delete: 
	 time elapsed 0:20515 (sec:usec) = 20515 usecs 
	 iterations 30000 (merge every 2048 -> 14 merges)
	 average cost 0.683833 usecs
	 Conflicts: 0 (of 15 commits)


*** CONCLUDING SINGLE THREADED TESTS***

Starting multi-threaded tests: num_threads=1, NUM_CPUS=16
KP: 1424: pinned new thread to CPU=0x0
KP: 1424: sleeping to allow threads enough time
KP: 1424: waking up from sleep (0)
For multithreaded run ramp r:-1-w:30-u:70-d:1
	 1241116 total ops (1228494 puts + 0 gets + 12622 dels)
	 2000000 in runtime (usecs) = 2 secs = 0.620558 ops/usec
	 614247.000000 op/sec put throughput (all threads)
	 0.000000 op/sec get throughput (all threads)
	 6311.000000 op/sec del throughput (all threads)
	 620558.000000 op/sec total throughput (all threads)
	 Conflicts in worker thread: 0 (of 607 commits)
	 Errors in worker thread: 0
	 Put errors: 0, Del errors: 0, Get errors: 0
***END OF RAMP-UP-THREADS OUTPUT***

KP: 1424: pinned new thread to CPU=0x0
KP: 1424: sleeping to allow threads enough time
KP: 1424: pinned new thread to CPU=0x0
KP: 1424: sleeping to allow threads enough time
KP: 1424: pinned new thread to CPU=0x0
KP: 1424: sleeping to allow threads enough time
KP: 1424: pinned new thread to CPU=0x0
KP: 1424: sleeping to allow threads enough time
KP: 1424: pinned new thread to CPU=0x0
KP: 1424: sleeping to allow threads enough time
KP: 1424: waking up from sleep (0)
For multithreaded run ramp r:99-w:0-u:0-d:1
	 2973653 total ops (0 puts + 2943714 gets + 29939 dels)
	 2000000 in runtime (usecs) = 2 secs = 1.486827 ops/usec
	 0.000000 op/sec put throughput (all threads)
	 1471857.000000 op/sec get throughput (all threads)
	 14969.500000 op/sec del throughput (all threads)
	 1486826.500000 op/sec total throughput (all threads)
	 Conflicts in worker thread: 0 (of 15 commits)
	 Errors in worker thread: 0
	 Put errors: 0, Del errors: 0, Get errors: 0
***END OF RAMP-UP-THREADS OUTPUT***

***CONCLUDING THREAD EVALUATION***
