KP: 3216: Using 32 for local hash table size (same as merge frequency), 1610000 for master hash table size
KP: 3216: Total memory allocation size (just evaluation, not kv stores themselves) could be up to 0 bytes (0 MB)
Will create 1610000 random integers for each child thread
Now starting evaluation for key-value store: Masstree
On 16 cores
Running on storage platform: disk
Starting single-threaded tests

*** BEGINING SINGLE THREADED TESTS***

***NOW DOING LATENCY TEST ON INDIVIDUAL FUNCTIONS ***
For put-insert: 
	 time elapsed 0:18532 (sec:usec) = 18532 usecs 
	 iterations 10000 (merge every 16 -> 625 merges)
	 average cost 1.853200 usecs
	 Conflicts: 0 (of 624 commits)

For put-append: 
	 time elapsed 0:54992 (sec:usec) = 54992 usecs 
	 iterations 30000 (merge every 16 -> 1875 merges)
	 average cost 1.833067 usecs
	 Conflicts: 0 (of 1872 commits)

For get: 
	 time elapsed 0:21112 (sec:usec) = 21112 usecs 
	 iterations 30000 (merge every 16 -> 1875 merges)
	 average cost 0.703733 usecs
	 Conflicts: 0 (of 0 commits)

For delete: 
	 time elapsed 0:20565 (sec:usec) = 20565 usecs 
	 iterations 30000 (merge every 16 -> 1875 merges)
	 average cost 0.685500 usecs
	 Conflicts: 0 (of 1872 commits)


*** CONCLUDING SINGLE THREADED TESTS***

Starting multi-threaded tests: num_threads=1, NUM_CPUS=16
KP: 3216: pinned new thread to CPU=0x0
KP: 3216: sleeping to allow threads enough time
KP: 3216: waking up from sleep (0)
For multithreaded run ramp r:-1-w:30-u:70-d:1
	 1234546 total ops (1221893 puts + 0 gets + 12653 dels)
	 2000000 in runtime (usecs) = 2 secs = 0.617273 ops/usec
	 610946.500000 op/sec put throughput (all threads)
	 0.000000 op/sec get throughput (all threads)
	 6326.500000 op/sec del throughput (all threads)
	 617273.000000 op/sec total throughput (all threads)
	 Conflicts in worker thread: 0 (of 77160 commits)
	 Errors in worker thread: 0
	 Put errors: 0, Del errors: 0, Get errors: 0
***END OF RAMP-UP-THREADS OUTPUT***

KP: 3216: pinned new thread to CPU=0x0
KP: 3216: sleeping to allow threads enough time
KP: 3216: pinned new thread to CPU=0x0
KP: 3216: sleeping to allow threads enough time
KP: 3216: pinned new thread to CPU=0x0
KP: 3216: sleeping to allow threads enough time
KP: 3216: pinned new thread to CPU=0x0
KP: 3216: sleeping to allow threads enough time
KP: 3216: pinned new thread to CPU=0x0
KP: 3216: sleeping to allow threads enough time
KP: 3216: waking up from sleep (0)
For multithreaded run ramp r:99-w:0-u:0-d:1
	 2965258 total ops (0 puts + 2935527 gets + 29731 dels)
	 2000000 in runtime (usecs) = 2 secs = 1.482629 ops/usec
	 0.000000 op/sec put throughput (all threads)
	 1467763.500000 op/sec get throughput (all threads)
	 14865.500000 op/sec del throughput (all threads)
	 1482629.000000 op/sec total throughput (all threads)
	 Conflicts in worker thread: 0 (of 1859 commits)
	 Errors in worker thread: 0
	 Put errors: 0, Del errors: 0, Get errors: 0
***END OF RAMP-UP-THREADS OUTPUT***

***CONCLUDING THREAD EVALUATION***
