KP: 1136: Using 16 for local hash table size (same as merge frequency), 1610000 for master hash table size
KP: 1136: Total memory allocation size (just evaluation, not kv stores themselves) could be up to 0 bytes (0 MB)
Will create 1610000 random integers for each child thread
Now starting evaluation for key-value store: Masstree
On 16 cores
Running on storage platform: disk
Starting single-threaded tests

*** BEGINING SINGLE THREADED TESTS***

***NOW DOING LATENCY TEST ON INDIVIDUAL FUNCTIONS ***
For put-insert: 
	 time elapsed 0:17958 (sec:usec) = 17958 usecs 
	 iterations 10000 (merge every 8 -> 1250 merges)
	 average cost 1.795800 usecs
	 Conflicts: 0 (of 1249 commits)

For put-append: 
	 time elapsed 0:55488 (sec:usec) = 55488 usecs 
	 iterations 30000 (merge every 8 -> 3750 merges)
	 average cost 1.849600 usecs
	 Conflicts: 0 (of 3747 commits)

For get: 
	 time elapsed 0:21182 (sec:usec) = 21182 usecs 
	 iterations 30000 (merge every 8 -> 3750 merges)
	 average cost 0.706067 usecs
	 Conflicts: 0 (of 0 commits)

For delete: 
	 time elapsed 0:20829 (sec:usec) = 20829 usecs 
	 iterations 30000 (merge every 8 -> 3750 merges)
	 average cost 0.694300 usecs
	 Conflicts: 0 (of 3747 commits)


*** CONCLUDING SINGLE THREADED TESTS***

Starting multi-threaded tests: num_threads=1, NUM_CPUS=16
KP: 1136: pinned new thread to CPU=0x0
KP: 1136: sleeping to allow threads enough time
KP: 1136: waking up from sleep (0)
For multithreaded run ramp r:-1-w:30-u:70-d:1
	 1236812 total ops (1224455 puts + 0 gets + 12357 dels)
	 2000000 in runtime (usecs) = 2 secs = 0.618406 ops/usec
	 612227.500000 op/sec put throughput (all threads)
	 0.000000 op/sec get throughput (all threads)
	 6178.500000 op/sec del throughput (all threads)
	 618406.000000 op/sec total throughput (all threads)
	 Conflicts in worker thread: 0 (of 154602 commits)
	 Errors in worker thread: 0
	 Put errors: 0, Del errors: 0, Get errors: 0
***END OF RAMP-UP-THREADS OUTPUT***

KP: 1136: pinned new thread to CPU=0x0
KP: 1136: sleeping to allow threads enough time
KP: 1136: pinned new thread to CPU=0x0
KP: 1136: sleeping to allow threads enough time
KP: 1136: pinned new thread to CPU=0x0
KP: 1136: sleeping to allow threads enough time
KP: 1136: pinned new thread to CPU=0x0
KP: 1136: sleeping to allow threads enough time
KP: 1136: pinned new thread to CPU=0x0
KP: 1136: sleeping to allow threads enough time
KP: 1136: waking up from sleep (0)
For multithreaded run ramp r:99-w:0-u:0-d:1
	 2966938 total ops (0 puts + 2936981 gets + 29957 dels)
	 2000000 in runtime (usecs) = 2 secs = 1.483469 ops/usec
	 0.000000 op/sec put throughput (all threads)
	 1468490.500000 op/sec get throughput (all threads)
	 14978.500000 op/sec del throughput (all threads)
	 1483469.000000 op/sec total throughput (all threads)
	 Conflicts in worker thread: 0 (of 3745 commits)
	 Errors in worker thread: 0
	 Put errors: 0, Del errors: 0, Get errors: 0
***END OF RAMP-UP-THREADS OUTPUT***

***CONCLUDING THREAD EVALUATION***
