KP: 1008: Using 16 for local hash table size (same as merge frequency), 1610000 for master hash table size
KP: 1008: Total memory allocation size (just evaluation, not kv stores themselves) could be up to 0 bytes (0 MB)
Will create 268333 random integers for each child thread
Now starting evaluation for key-value store: Masstree
On 16 cores
Running on storage platform: disk
Starting single-threaded tests

*** BEGINING SINGLE THREADED TESTS***

***NOW DOING LATENCY TEST ON INDIVIDUAL FUNCTIONS ***
For put-insert: 
	 time elapsed 0:17979 (sec:usec) = 17979 usecs 
	 iterations 10000 (merge every 8 -> 1250 merges)
	 average cost 1.797900 usecs
	 Conflicts: 0 (of 1249 commits)

For put-append: 
	 time elapsed 0:55622 (sec:usec) = 55622 usecs 
	 iterations 30000 (merge every 8 -> 3750 merges)
	 average cost 1.854067 usecs
	 Conflicts: 0 (of 3747 commits)

For get: 
	 time elapsed 0:21627 (sec:usec) = 21627 usecs 
	 iterations 30000 (merge every 8 -> 3750 merges)
	 average cost 0.720900 usecs
	 Conflicts: 0 (of 0 commits)

For delete: 
	 time elapsed 0:20786 (sec:usec) = 20786 usecs 
	 iterations 30000 (merge every 8 -> 3750 merges)
	 average cost 0.692867 usecs
	 Conflicts: 0 (of 3747 commits)


*** CONCLUDING SINGLE THREADED TESTS***

Starting multi-threaded tests: num_threads=6, NUM_CPUS=16
KP: 1008: pinned new thread to CPU=0x0
KP: 1008: pinned new thread to CPU=0x1
KP: 1008: pinned new thread to CPU=0x2
KP: 1008: pinned new thread to CPU=0x3
KP: 1008: pinned new thread to CPU=0x4
KP: 1008: pinned new thread to CPU=0x5
KP: 1008: sleeping to allow threads enough time
KP: 1008: waking up from sleep (0)
For multithreaded run ramp r:-1-w:30-u:70-d:1
	 1377581 total ops (1364026 puts + 0 gets + 13555 dels)
	 2000000 in runtime (usecs) = 2 secs = 0.688791 ops/usec
	 682013.062500 op/sec put throughput (all threads)
	 0.000000 op/sec get throughput (all threads)
	 6777.500000 op/sec del throughput (all threads)
	 688790.500000 op/sec total throughput (all threads)
	 Conflicts in worker thread: 0 (of 207806 commits)
	 Errors in worker thread: 0
	 Put errors: 0, Del errors: 0, Get errors: 0
***END OF RAMP-UP-THREADS OUTPUT***

KP: 1008: pinned new thread to CPU=0x0
KP: 1008: pinned new thread to CPU=0x1
KP: 1008: pinned new thread to CPU=0x2
KP: 1008: pinned new thread to CPU=0x0
KP: 1008: pinned new thread to CPU=0x1
KP: 1008: pinned new thread to CPU=0x2
KP: 1008: pinned new thread to CPU=0x3
KP: 1008: pinned new thread to CPU=0x0
KP: 1008: pinned new thread to CPU=0x1
KP: 1008: pinned new thread to CPU=0x2
KP: 1008: pinned new thread to CPU=0x0
KP: 1008: pinned new thread to CPU=0x1
KP: 1008: pinned new thread to CPU=0x2
KP: 1008: pinned new thread to CPU=0x3
KP: 1008: pinned new thread to CPU=0x4
KP: 1008: pinned new thread to CPU=0x5
KP: 1008: pinned new thread to CPU=0x0
KP: 1008: pinned new thread to CPU=0x1
KP: 1008: pinned new thread to CPU=0x2
KP: 1008: pinned new thread to CPU=0x3
KP: 1008: pinned new thread to CPU=0x4
KP: 1008: pinned new thread to CPU=0x5
KP: 1008: sleeping to allow threads enough time
KP: 1008: waking up from sleep (0)
For multithreaded run ramp r:99-w:0-u:0-d:1
	 8799002 total ops (0 puts + 8711237 gets + 87765 dels)
	 2000000 in runtime (usecs) = 2 secs = 4.399501 ops/usec
	 0.000000 op/sec put throughput (all threads)
	 4355618.500000 op/sec get throughput (all threads)
	 43882.500000 op/sec del throughput (all threads)
	 4399501.000000 op/sec total throughput (all threads)
	 Conflicts in worker thread: 0 (of 10973 commits)
	 Errors in worker thread: 0
	 Put errors: 0, Del errors: 0, Get errors: 0
***END OF RAMP-UP-THREADS OUTPUT***

***CONCLUDING THREAD EVALUATION***
