KP: 2256: Using 8 for local hash table size (same as merge frequency), 1610000 for master hash table size
KP: 2256: Total memory allocation size (just evaluation, not kv stores themselves) could be up to 0 bytes (0 MB)
Will create 1610000 random integers for each child thread
Now starting evaluation for key-value store: LevelDB
On 16 cores
Running on storage platform: ramdisk
Starting single-threaded tests

*** BEGINING SINGLE THREADED TESTS***

ON PATH /mnt/pmfs/leveldb_client_name
***NOW DOING LATENCY TEST ON INDIVIDUAL FUNCTIONS ***
For put-insert: 
	 time elapsed 0:14493 (sec:usec) = 14493 usecs 
	 iterations 1000 (merge every 4 -> 250 merges)
	 average cost 14.493000 usecs
	 Conflicts: 0 (of 249 commits)

For put-append: 
	 time elapsed 0:45858 (sec:usec) = 45858 usecs 
	 iterations 3000 (merge every 4 -> 750 merges)
	 average cost 15.286000 usecs
	 Conflicts: 0 (of 747 commits)

For get: 
	 time elapsed 0:6250 (sec:usec) = 6250 usecs 
	 iterations 3000 (merge every 4 -> 750 merges)
	 average cost 2.083333 usecs
	 Conflicts: 0 (of 0 commits)

For delete: 
	 time elapsed 0:36251 (sec:usec) = 36251 usecs 
	 iterations 3000 (merge every 4 -> 750 merges)
	 average cost 12.083667 usecs
	 Conflicts: 0 (of 747 commits)


*** CONCLUDING SINGLE THREADED TESTS***

Starting multi-threaded tests: num_threads=1, NUM_CPUS=16
ON PATH /mnt/pmfs/leveldb_client_name
KP: 2256: pinned new thread to CPU=0x0
KP: 2256: sleeping to allow threads enough time
KP: 2256: waking up from sleep (0)
For multithreaded run ramp r:-1-w:30-u:70-d:1
	 72240 total ops (71489 puts + 0 gets + 751 dels)
	 2000000 in runtime (usecs) = 2 secs = 0.036120 ops/usec
	 35744.500000 op/sec put throughput (all threads)
	 0.000000 op/sec get throughput (all threads)
	 375.500000 op/sec del throughput (all threads)
	 36120.000000 op/sec total throughput (all threads)
	 Conflicts in worker thread: 0 (of 18060 commits)
	 Errors in worker thread: 0
	 Put errors: 0, Del errors: 0, Get errors: 0
***END OF RAMP-UP-THREADS OUTPUT***

ON PATH /mnt/pmfs/leveldb_client_name
KP: 2256: pinned new thread to CPU=0x0
KP: 2256: sleeping to allow threads enough time
KP: 2256: waking up from sleep (0)
For multithreaded run ramp r:19-w:24-u:56-d:1
	 90470 total ops (71429 puts + 18122 gets + 919 dels)
	 2000000 in runtime (usecs) = 2 secs = 0.045235 ops/usec
	 35714.500000 op/sec put throughput (all threads)
	 9061.000000 op/sec get throughput (all threads)
	 459.500000 op/sec del throughput (all threads)
	 45235.000000 op/sec total throughput (all threads)
	 Conflicts in worker thread: 0 (of 18087 commits)
	 Errors in worker thread: 0
	 Put errors: 0, Del errors: 0, Get errors: 315
***END OF RAMP-UP-THREADS OUTPUT***

ON PATH /mnt/pmfs/leveldb_client_name
KP: 2256: pinned new thread to CPU=0x0
KP: 2256: sleeping to allow threads enough time
KP: 2256: waking up from sleep (0)
For multithreaded run ramp r:39-w:18-u:42-d:1
	 119002 total ops (69778 puts + 48042 gets + 1182 dels)
	 2000000 in runtime (usecs) = 2 secs = 0.059501 ops/usec
	 34889.000000 op/sec put throughput (all threads)
	 24021.000000 op/sec get throughput (all threads)
	 591.000000 op/sec del throughput (all threads)
	 59501.000000 op/sec total throughput (all threads)
	 Conflicts in worker thread: 0 (of 17740 commits)
	 Errors in worker thread: 0
	 Put errors: 0, Del errors: 0, Get errors: 1098
***END OF RAMP-UP-THREADS OUTPUT***

ON PATH /mnt/pmfs/leveldb_client_name
KP: 2256: pinned new thread to CPU=0x0
KP: 2256: sleeping to allow threads enough time
KP: 2256: waking up from sleep (0)
For multithreaded run ramp r:59-w:12-u:28-d:1
	 174900 total ops (68197 puts + 104940 gets + 1763 dels)
	 2000000 in runtime (usecs) = 2 secs = 0.087450 ops/usec
	 34098.500000 op/sec put throughput (all threads)
	 52470.000000 op/sec get throughput (all threads)
	 881.500061 op/sec del throughput (all threads)
	 87450.000000 op/sec total throughput (all threads)
	 Conflicts in worker thread: 0 (of 17490 commits)
	 Errors in worker thread: 0
	 Put errors: 0, Del errors: 0, Get errors: 3577
***END OF RAMP-UP-THREADS OUTPUT***

ON PATH /mnt/pmfs/leveldb_client_name
KP: 2256: pinned new thread to CPU=0x0
KP: 2256: sleeping to allow threads enough time
KP: 2256: waking up from sleep (0)
For multithreaded run ramp r:79-w:6-u:14-d:1
	 322369 total ops (61223 puts + 257821 gets + 3325 dels)
	 2000000 in runtime (usecs) = 2 secs = 0.161185 ops/usec
	 30611.498047 op/sec put throughput (all threads)
	 128910.500000 op/sec get throughput (all threads)
	 1662.500000 op/sec del throughput (all threads)
	 161184.500000 op/sec total throughput (all threads)
	 Conflicts in worker thread: 0 (of 16137 commits)
	 Errors in worker thread: 0
	 Put errors: 0, Del errors: 0, Get errors: 18356
***END OF RAMP-UP-THREADS OUTPUT***

ON PATH /mnt/pmfs/leveldb_client_name
KP: 2256: pinned new thread to CPU=0x0
KP: 2256: sleeping to allow threads enough time
KP: 2256: waking up from sleep (0)
For multithreaded run ramp r:99-w:0-u:0-d:1
	 2214145 total ops (0 puts + 2191878 gets + 22267 dels)
	 2000000 in runtime (usecs) = 2 secs = 1.107072 ops/usec
	 0.000000 op/sec put throughput (all threads)
	 1095939.000000 op/sec get throughput (all threads)
	 11133.500000 op/sec del throughput (all threads)
	 1107072.500000 op/sec total throughput (all threads)
	 Conflicts in worker thread: 0 (of 5567 commits)
	 Errors in worker thread: 0
	 Put errors: 0, Del errors: 0, Get errors: 2191751
***END OF RAMP-UP-THREADS OUTPUT***

***CONCLUDING THREAD EVALUATION***
