KP: 3888: Using 16 for local hash table size (same as merge frequency), 1610000 for master hash table size
KP: 3888: Total memory allocation size (just evaluation, not kv stores themselves) could be up to 0 bytes (0 MB)
Will create 1610000 random integers for each child thread
Now starting evaluation for key-value store: kp_kvstore
On 16 cores
Running on storage platform: disk
Starting single-threaded tests

*** BEGINING SINGLE THREADED TESTS***

***NOW DOING LATENCY TEST ON INDIVIDUAL FUNCTIONS ***
For put-insert: 
	 time elapsed 0:25981 (sec:usec) = 25981 usecs 
	 iterations 10000 (merge every 8 -> 1250 merges)
	 average cost 2.598100 usecs
	 Conflicts: 0 (of 1249 commits)

For put-append: 
	 time elapsed 0:60779 (sec:usec) = 60779 usecs 
	 iterations 30000 (merge every 8 -> 3750 merges)
	 average cost 2.025967 usecs
	 Conflicts: 0 (of 3747 commits)

For get: 
	 time elapsed 0:26305 (sec:usec) = 26305 usecs 
	 iterations 30000 (merge every 8 -> 3750 merges)
	 average cost 0.876833 usecs
	 Conflicts: 0 (of 0 commits)

For delete: 
	 time elapsed 0:55838 (sec:usec) = 55838 usecs 
	 iterations 30000 (merge every 8 -> 3750 merges)
	 average cost 1.861267 usecs
	 Conflicts: 0 (of 3747 commits)


*** CONCLUDING SINGLE THREADED TESTS***

Starting multi-threaded tests: num_threads=1, NUM_CPUS=16
KP: 3888: pinned new thread to CPU=0x0
KP: 3888: sleeping to allow threads enough time
KP: 3888: waking up from sleep (0)
For multithreaded run ramp r:-1-w:30-u:70-d:1
	 1290480 total ops (1277870 puts + 0 gets + 12610 dels)
	 2000000 in runtime (usecs) = 2 secs = 0.645240 ops/usec
	 638935.000000 op/sec put throughput (all threads)
	 0.000000 op/sec get throughput (all threads)
	 6305.000000 op/sec del throughput (all threads)
	 645240.000000 op/sec total throughput (all threads)
	 Conflicts in worker thread: 0 (of 161310 commits)
	 Errors in worker thread: 0
	 Put errors: 0, Del errors: 0, Get errors: 0
***END OF RAMP-UP-THREADS OUTPUT***

KP: 3888: pinned new thread to CPU=0x0
KP: 3888: sleeping to allow threads enough time
KP: 3888: waking up from sleep (0)
For multithreaded run ramp r:19-w:24-u:56-d:1
	 1424674 total ops (1125189 puts + 285163 gets + 14322 dels)
	 2000000 in runtime (usecs) = 2 secs = 0.712337 ops/usec
	 562594.500000 op/sec put throughput (all threads)
	 142581.500000 op/sec get throughput (all threads)
	 7161.000000 op/sec del throughput (all threads)
	 712337.000000 op/sec total throughput (all threads)
	 Conflicts in worker thread: 0 (of 142439 commits)
	 Errors in worker thread: 0
	 Put errors: 0, Del errors: 0, Get errors: 0
***END OF RAMP-UP-THREADS OUTPUT***

KP: 3888: pinned new thread to CPU=0x0
KP: 3888: sleeping to allow threads enough time
KP: 3888: waking up from sleep (0)
For multithreaded run ramp r:39-w:18-u:42-d:1
	 1623416 total ops (958514 puts + 648779 gets + 16123 dels)
	 2000000 in runtime (usecs) = 2 secs = 0.811708 ops/usec
	 479257.000000 op/sec put throughput (all threads)
	 324389.500000 op/sec get throughput (all threads)
	 8061.500000 op/sec del throughput (all threads)
	 811708.000000 op/sec total throughput (all threads)
	 Conflicts in worker thread: 0 (of 121830 commits)
	 Errors in worker thread: 0
	 Put errors: 0, Del errors: 0, Get errors: 0
***END OF RAMP-UP-THREADS OUTPUT***

KP: 3888: pinned new thread to CPU=0x0
KP: 3888: sleeping to allow threads enough time
KP: 3888: waking up from sleep (0)
For multithreaded run ramp r:59-w:12-u:28-d:1
	 1916764 total ops (748862 puts + 1148796 gets + 19106 dels)
	 2000000 in runtime (usecs) = 2 secs = 0.958382 ops/usec
	 374431.000000 op/sec put throughput (all threads)
	 574398.000000 op/sec get throughput (all threads)
	 9553.000000 op/sec del throughput (all threads)
	 958382.000000 op/sec total throughput (all threads)
	 Conflicts in worker thread: 0 (of 95996 commits)
	 Errors in worker thread: 0
	 Put errors: 0, Del errors: 0, Get errors: 0
***END OF RAMP-UP-THREADS OUTPUT***

KP: 3888: pinned new thread to CPU=0x0
KP: 3888: sleeping to allow threads enough time
KP: 3888: waking up from sleep (0)
For multithreaded run ramp r:79-w:6-u:14-d:1
	 2369809 total ops (450069 puts + 1896185 gets + 23555 dels)
	 2000000 in runtime (usecs) = 2 secs = 1.184904 ops/usec
	 225034.500000 op/sec put throughput (all threads)
	 948092.500000 op/sec get throughput (all threads)
	 11777.500000 op/sec del throughput (all threads)
	 1184904.500000 op/sec total throughput (all threads)
	 Conflicts in worker thread: 0 (of 59203 commits)
	 Errors in worker thread: 0
	 Put errors: 0, Del errors: 0, Get errors: 0
***END OF RAMP-UP-THREADS OUTPUT***

KP: 3888: pinned new thread to CPU=0x0
KP: 3888: sleeping to allow threads enough time
KP: 3888: waking up from sleep (0)
For multithreaded run ramp r:99-w:0-u:0-d:1
	 3340911 total ops (0 puts + 3307787 gets + 33124 dels)
	 2000000 in runtime (usecs) = 2 secs = 1.670455 ops/usec
	 0.000000 op/sec put throughput (all threads)
	 1653893.500000 op/sec get throughput (all threads)
	 16562.000000 op/sec del throughput (all threads)
	 1670455.500000 op/sec total throughput (all threads)
	 Conflicts in worker thread: 0 (of 4141 commits)
	 Errors in worker thread: 0
	 Put errors: 0, Del errors: 0, Get errors: 0
***END OF RAMP-UP-THREADS OUTPUT***

***CONCLUDING THREAD EVALUATION***
