KP: 8976: Using 16 for local hash table size (same as merge frequency), 1610000 for master hash table size
KP: 8976: Total memory allocation size (just evaluation, not kv stores themselves) could be up to 0 bytes (0 MB)
Will create 1610000 random integers for each child thread
Now starting evaluation for key-value store: kp_kvstore
On 16 cores
Running on storage platform: disk
Starting single-threaded tests

*** BEGINING SINGLE THREADED TESTS***

***NOW DOING LATENCY TEST ON INDIVIDUAL FUNCTIONS ***
For put-insert: 
	 time elapsed 0:33131 (sec:usec) = 33131 usecs 
	 iterations 10000 (merge every 8 -> 1250 merges)
	 average cost 3.313100 usecs
	 Conflicts: 0 (of 1249 commits)

For put-append: 
	 time elapsed 0:92256 (sec:usec) = 92256 usecs 
	 iterations 30000 (merge every 8 -> 3750 merges)
	 average cost 3.075200 usecs
	 Conflicts: 0 (of 3747 commits)

For get: 
	 time elapsed 0:65426 (sec:usec) = 65426 usecs 
	 iterations 30000 (merge every 8 -> 3750 merges)
	 average cost 2.180867 usecs
	 Conflicts: 0 (of 0 commits)

For delete: 
	 time elapsed 0:56570 (sec:usec) = 56570 usecs 
	 iterations 30000 (merge every 8 -> 3750 merges)
	 average cost 1.885667 usecs
	 Conflicts: 0 (of 3747 commits)


*** CONCLUDING SINGLE THREADED TESTS***

Starting multi-threaded tests: num_threads=1, NUM_CPUS=16
KP: 8976: pinned new thread to CPU=0x0
KP: 8976: sleeping to allow threads enough time
KP: 8976: waking up from sleep (0)
For multithreaded run ramp r:-1-w:30-u:70-d:1
	 1031272 total ops (1020753 puts + 0 gets + 10519 dels)
	 2000000 in runtime (usecs) = 2 secs = 0.515636 ops/usec
	 510376.500000 op/sec put throughput (all threads)
	 0.000000 op/sec get throughput (all threads)
	 5259.500000 op/sec del throughput (all threads)
	 515636.031250 op/sec total throughput (all threads)
	 Conflicts in worker thread: 0 (of 128909 commits)
	 Errors in worker thread: 0
	 Put errors: 0, Del errors: 0, Get errors: 0
***END OF RAMP-UP-THREADS OUTPUT***

KP: 8976: pinned new thread to CPU=0x0
KP: 8976: sleeping to allow threads enough time
KP: 8976: waking up from sleep (0)
For multithreaded run ramp r:19-w:24-u:56-d:1
	 1150847 total ops (909366 puts + 229871 gets + 11610 dels)
	 2000000 in runtime (usecs) = 2 secs = 0.575423 ops/usec
	 454683.000000 op/sec put throughput (all threads)
	 114935.500000 op/sec get throughput (all threads)
	 5805.000000 op/sec del throughput (all threads)
	 575423.500000 op/sec total throughput (all threads)
	 Conflicts in worker thread: 0 (of 115122 commits)
	 Errors in worker thread: 0
	 Put errors: 0, Del errors: 0, Get errors: 0
***END OF RAMP-UP-THREADS OUTPUT***

KP: 8976: pinned new thread to CPU=0x0
KP: 8976: sleeping to allow threads enough time
KP: 8976: waking up from sleep (0)
For multithreaded run ramp r:39-w:18-u:42-d:1
	 1355277 total ops (799414 puts + 542139 gets + 13724 dels)
	 2000000 in runtime (usecs) = 2 secs = 0.677638 ops/usec
	 399707.000000 op/sec put throughput (all threads)
	 271069.500000 op/sec get throughput (all threads)
	 6862.000000 op/sec del throughput (all threads)
	 677638.500000 op/sec total throughput (all threads)
	 Conflicts in worker thread: 0 (of 101643 commits)
	 Errors in worker thread: 0
	 Put errors: 0, Del errors: 0, Get errors: 0
***END OF RAMP-UP-THREADS OUTPUT***

KP: 8976: pinned new thread to CPU=0x0
KP: 8976: sleeping to allow threads enough time
KP: 8976: waking up from sleep (0)
For multithreaded run ramp r:59-w:12-u:28-d:1
	 1645682 total ops (642533 puts + 986466 gets + 16683 dels)
	 2000000 in runtime (usecs) = 2 secs = 0.822841 ops/usec
	 321266.531250 op/sec put throughput (all threads)
	 493233.000000 op/sec get throughput (all threads)
	 8341.500000 op/sec del throughput (all threads)
	 822841.000000 op/sec total throughput (all threads)
	 Conflicts in worker thread: 0 (of 82402 commits)
	 Errors in worker thread: 0
	 Put errors: 0, Del errors: 0, Get errors: 0
***END OF RAMP-UP-THREADS OUTPUT***

KP: 8976: pinned new thread to CPU=0x0
KP: 8976: sleeping to allow threads enough time
KP: 8976: waking up from sleep (0)
For multithreaded run ramp r:79-w:6-u:14-d:1
	 2118470 total ops (401419 puts + 1695582 gets + 21469 dels)
	 2000000 in runtime (usecs) = 2 secs = 1.059235 ops/usec
	 200709.500000 op/sec put throughput (all threads)
	 847791.000000 op/sec get throughput (all threads)
	 10734.500000 op/sec del throughput (all threads)
	 1059235.000000 op/sec total throughput (all threads)
	 Conflicts in worker thread: 0 (of 52861 commits)
	 Errors in worker thread: 0
	 Put errors: 0, Del errors: 0, Get errors: 0
***END OF RAMP-UP-THREADS OUTPUT***

KP: 8976: pinned new thread to CPU=0x0
KP: 8976: sleeping to allow threads enough time
KP: 8976: waking up from sleep (0)
For multithreaded run ramp r:99-w:0-u:0-d:1
	 3344414 total ops (0 puts + 3310630 gets + 33784 dels)
	 2000000 in runtime (usecs) = 2 secs = 1.672207 ops/usec
	 0.000000 op/sec put throughput (all threads)
	 1655315.000000 op/sec get throughput (all threads)
	 16892.000000 op/sec del throughput (all threads)
	 1672207.000000 op/sec total throughput (all threads)
	 Conflicts in worker thread: 0 (of 4223 commits)
	 Errors in worker thread: 0
	 Put errors: 0, Del errors: 0, Get errors: 0
***END OF RAMP-UP-THREADS OUTPUT***

***CONCLUDING THREAD EVALUATION***
