KP: 9872: Using 16 for local hash table size (same as merge frequency), 1610000 for master hash table size
KP: 9872: Total memory allocation size (just evaluation, not kv stores themselves) could be up to 0 bytes (0 MB)
Will create 1610000 random integers for each child thread
Now starting evaluation for key-value store: kp_kvstore
On 16 cores
Running on storage platform: disk
Starting single-threaded tests

*** BEGINING SINGLE THREADED TESTS***

***NOW DOING LATENCY TEST ON INDIVIDUAL FUNCTIONS ***
For put-insert: 
	 time elapsed 0:27075 (sec:usec) = 27075 usecs 
	 iterations 10000 (merge every 8 -> 1250 merges)
	 average cost 2.707500 usecs
	 Conflicts: 0 (of 1249 commits)

For put-append: 
	 time elapsed 0:69618 (sec:usec) = 69618 usecs 
	 iterations 30000 (merge every 8 -> 3750 merges)
	 average cost 2.320600 usecs
	 Conflicts: 0 (of 3747 commits)

For get: 
	 time elapsed 0:51438 (sec:usec) = 51438 usecs 
	 iterations 30000 (merge every 8 -> 3750 merges)
	 average cost 1.714600 usecs
	 Conflicts: 0 (of 0 commits)

For delete: 
	 time elapsed 0:37835 (sec:usec) = 37835 usecs 
	 iterations 30000 (merge every 8 -> 3750 merges)
	 average cost 1.261167 usecs
	 Conflicts: 0 (of 3747 commits)


*** CONCLUDING SINGLE THREADED TESTS***

Starting multi-threaded tests: num_threads=1, NUM_CPUS=16
KP: 9872: pinned new thread to CPU=0x0
KP: 9872: sleeping to allow threads enough time
KP: 9872: waking up from sleep (0)
For multithreaded run ramp r:-1-w:30-u:70-d:1
	 1354292 total ops (1340441 puts + 0 gets + 13851 dels)
	 2000000 in runtime (usecs) = 2 secs = 0.677146 ops/usec
	 670220.500000 op/sec put throughput (all threads)
	 0.000000 op/sec get throughput (all threads)
	 6925.500000 op/sec del throughput (all threads)
	 677146.000000 op/sec total throughput (all threads)
	 Conflicts in worker thread: 0 (of 169287 commits)
	 Errors in worker thread: 0
	 Put errors: 0, Del errors: 0, Get errors: 0
***END OF RAMP-UP-THREADS OUTPUT***

KP: 9872: pinned new thread to CPU=0x0
KP: 9872: sleeping to allow threads enough time
KP: 9872: waking up from sleep (0)
For multithreaded run ramp r:19-w:24-u:56-d:1
	 1527329 total ops (1206090 puts + 305601 gets + 15638 dels)
	 2000000 in runtime (usecs) = 2 secs = 0.763664 ops/usec
	 603045.000000 op/sec put throughput (all threads)
	 152800.500000 op/sec get throughput (all threads)
	 7819.000000 op/sec del throughput (all threads)
	 763664.500000 op/sec total throughput (all threads)
	 Conflicts in worker thread: 0 (of 152716 commits)
	 Errors in worker thread: 0
	 Put errors: 0, Del errors: 0, Get errors: 0
***END OF RAMP-UP-THREADS OUTPUT***

KP: 9872: pinned new thread to CPU=0x0
KP: 9872: sleeping to allow threads enough time
KP: 9872: waking up from sleep (0)
For multithreaded run ramp r:39-w:18-u:42-d:1
	 1816702 total ops (1069841 puts + 728312 gets + 18549 dels)
	 2000000 in runtime (usecs) = 2 secs = 0.908351 ops/usec
	 534920.500000 op/sec put throughput (all threads)
	 364156.000000 op/sec get throughput (all threads)
	 9274.500000 op/sec del throughput (all threads)
	 908351.000000 op/sec total throughput (all threads)
	 Conflicts in worker thread: 0 (of 136049 commits)
	 Errors in worker thread: 0
	 Put errors: 0, Del errors: 0, Get errors: 0
***END OF RAMP-UP-THREADS OUTPUT***

KP: 9872: pinned new thread to CPU=0x0
KP: 9872: sleeping to allow threads enough time
KP: 9872: waking up from sleep (0)
For multithreaded run ramp r:59-w:12-u:28-d:1
	 2257699 total ops (877779 puts + 1356655 gets + 23265 dels)
	 2000000 in runtime (usecs) = 2 secs = 1.128850 ops/usec
	 438889.500000 op/sec put throughput (all threads)
	 678327.500000 op/sec get throughput (all threads)
	 11632.500000 op/sec del throughput (all threads)
	 1128849.500000 op/sec total throughput (all threads)
	 Conflicts in worker thread: 0 (of 112631 commits)
	 Errors in worker thread: 0
	 Put errors: 0, Del errors: 0, Get errors: 0
***END OF RAMP-UP-THREADS OUTPUT***

KP: 9872: pinned new thread to CPU=0x0
KP: 9872: sleeping to allow threads enough time
KP: 9872: waking up from sleep (0)
For multithreaded run ramp r:79-w:6-u:14-d:1
	 3073866 total ops (584608 puts + 2458249 gets + 31009 dels)
	 2000000 in runtime (usecs) = 2 secs = 1.536933 ops/usec
	 292304.000000 op/sec put throughput (all threads)
	 1229124.500000 op/sec get throughput (all threads)
	 15504.500000 op/sec del throughput (all threads)
	 1536933.000000 op/sec total throughput (all threads)
	 Conflicts in worker thread: 0 (of 76953 commits)
	 Errors in worker thread: 0
	 Put errors: 0, Del errors: 0, Get errors: 0
***END OF RAMP-UP-THREADS OUTPUT***

KP: 9872: pinned new thread to CPU=0x0
KP: 9872: sleeping to allow threads enough time
KP: 9872: waking up from sleep (0)
For multithreaded run ramp r:99-w:0-u:0-d:1
	 5508357 total ops (0 puts + 5452829 gets + 55528 dels)
	 2000000 in runtime (usecs) = 2 secs = 2.754179 ops/usec
	 0.000000 op/sec put throughput (all threads)
	 2726414.500000 op/sec get throughput (all threads)
	 27764.000000 op/sec del throughput (all threads)
	 2754178.500000 op/sec total throughput (all threads)
	 Conflicts in worker thread: 0 (of 6941 commits)
	 Errors in worker thread: 0
	 Put errors: 0, Del errors: 0, Get errors: 0
***END OF RAMP-UP-THREADS OUTPUT***

***CONCLUDING THREAD EVALUATION***
