KP: 4352: Using 16 for local hash table size (same as merge frequency), 1610000 for master hash table size
KP: 4352: Total memory allocation size (just evaluation, not kv stores themselves) could be up to 0 bytes (0 MB)
Will create 1610000 random integers for each child thread
Now starting evaluation for key-value store: kp_kvstore
On 16 cores
Running on storage platform: disk
Starting single-threaded tests

*** BEGINING SINGLE THREADED TESTS***

***NOW DOING LATENCY TEST ON INDIVIDUAL FUNCTIONS ***
For put-insert: 
	 time elapsed 0:42176 (sec:usec) = 42176 usecs 
	 iterations 10000 (merge every 8 -> 1250 merges)
	 average cost 4.217600 usecs
	 Conflicts: 0 (of 1249 commits)

For put-append: 
	 time elapsed 0:114892 (sec:usec) = 114892 usecs 
	 iterations 30000 (merge every 8 -> 3750 merges)
	 average cost 3.829733 usecs
	 Conflicts: 0 (of 3747 commits)

For get: 
	 time elapsed 0:79272 (sec:usec) = 79272 usecs 
	 iterations 30000 (merge every 8 -> 3750 merges)
	 average cost 2.642400 usecs
	 Conflicts: 0 (of 0 commits)

For delete: 
	 time elapsed 0:76896 (sec:usec) = 76896 usecs 
	 iterations 30000 (merge every 8 -> 3750 merges)
	 average cost 2.563200 usecs
	 Conflicts: 0 (of 3747 commits)


*** CONCLUDING SINGLE THREADED TESTS***

Starting multi-threaded tests: num_threads=1, NUM_CPUS=16
KP: 4352: pinned new thread to CPU=0x0
KP: 4352: sleeping to allow threads enough time
KP: 4352: waking up from sleep (0)
For multithreaded run ramp r:-1-w:30-u:70-d:1
	 848658 total ops (840183 puts + 0 gets + 8475 dels)
	 2000000 in runtime (usecs) = 2 secs = 0.424329 ops/usec
	 420091.500000 op/sec put throughput (all threads)
	 0.000000 op/sec get throughput (all threads)
	 4237.500000 op/sec del throughput (all threads)
	 424329.000000 op/sec total throughput (all threads)
	 Conflicts in worker thread: 0 (of 106083 commits)
	 Errors in worker thread: 0
	 Put errors: 0, Del errors: 0, Get errors: 0
***END OF RAMP-UP-THREADS OUTPUT***

KP: 4352: pinned new thread to CPU=0x0
KP: 4352: sleeping to allow threads enough time
KP: 4352: waking up from sleep (0)
For multithreaded run ramp r:19-w:24-u:56-d:1
	 946505 total ops (748879 puts + 188113 gets + 9513 dels)
	 2000000 in runtime (usecs) = 2 secs = 0.473253 ops/usec
	 374439.500000 op/sec put throughput (all threads)
	 94056.500000 op/sec get throughput (all threads)
	 4756.500000 op/sec del throughput (all threads)
	 473252.500000 op/sec total throughput (all threads)
	 Conflicts in worker thread: 0 (of 94799 commits)
	 Errors in worker thread: 0
	 Put errors: 0, Del errors: 0, Get errors: 0
***END OF RAMP-UP-THREADS OUTPUT***

KP: 4352: pinned new thread to CPU=0x0
KP: 4352: sleeping to allow threads enough time
KP: 4352: waking up from sleep (0)
For multithreaded run ramp r:39-w:18-u:42-d:1
	 1093686 total ops (646052 puts + 436717 gets + 10917 dels)
	 2000000 in runtime (usecs) = 2 secs = 0.546843 ops/usec
	 323026.000000 op/sec put throughput (all threads)
	 218358.500000 op/sec get throughput (all threads)
	 5458.500000 op/sec del throughput (all threads)
	 546843.000000 op/sec total throughput (all threads)
	 Conflicts in worker thread: 0 (of 82122 commits)
	 Errors in worker thread: 0
	 Put errors: 0, Del errors: 0, Get errors: 0
***END OF RAMP-UP-THREADS OUTPUT***

KP: 4352: pinned new thread to CPU=0x0
KP: 4352: sleeping to allow threads enough time
KP: 4352: waking up from sleep (0)
For multithreaded run ramp r:59-w:12-u:28-d:1
	 1299499 total ops (507654 puts + 779061 gets + 12784 dels)
	 2000000 in runtime (usecs) = 2 secs = 0.649750 ops/usec
	 253827.000000 op/sec put throughput (all threads)
	 389530.500000 op/sec get throughput (all threads)
	 6392.000000 op/sec del throughput (all threads)
	 649749.500000 op/sec total throughput (all threads)
	 Conflicts in worker thread: 0 (of 65055 commits)
	 Errors in worker thread: 0
	 Put errors: 0, Del errors: 0, Get errors: 0
***END OF RAMP-UP-THREADS OUTPUT***

KP: 4352: pinned new thread to CPU=0x0
KP: 4352: sleeping to allow threads enough time
KP: 4352: waking up from sleep (0)
For multithreaded run ramp r:79-w:6-u:14-d:1
	 1615106 total ops (306822 puts + 1291952 gets + 16332 dels)
	 2000000 in runtime (usecs) = 2 secs = 0.807553 ops/usec
	 153411.000000 op/sec put throughput (all threads)
	 645976.000000 op/sec get throughput (all threads)
	 8166.000000 op/sec del throughput (all threads)
	 807553.000000 op/sec total throughput (all threads)
	 Conflicts in worker thread: 0 (of 40395 commits)
	 Errors in worker thread: 0
	 Put errors: 0, Del errors: 0, Get errors: 0
***END OF RAMP-UP-THREADS OUTPUT***

KP: 4352: pinned new thread to CPU=0x0
KP: 4352: sleeping to allow threads enough time
KP: 4352: waking up from sleep (0)
For multithreaded run ramp r:99-w:0-u:0-d:1
	 2361051 total ops (0 puts + 2337934 gets + 23117 dels)
	 2000000 in runtime (usecs) = 2 secs = 1.180526 ops/usec
	 0.000000 op/sec put throughput (all threads)
	 1168967.000000 op/sec get throughput (all threads)
	 11558.500000 op/sec del throughput (all threads)
	 1180525.500000 op/sec total throughput (all threads)
	 Conflicts in worker thread: 0 (of 2890 commits)
	 Errors in worker thread: 0
	 Put errors: 0, Del errors: 0, Get errors: 0
***END OF RAMP-UP-THREADS OUTPUT***

***CONCLUDING THREAD EVALUATION***
