KP: 1392: Using 8 for local hash table size (same as merge frequency), 1610000 for master hash table size
KP: 1392: Total memory allocation size (just evaluation, not kv stores themselves) could be up to 0 bytes (0 MB)
Will create 1610000 random integers for each child thread
Now starting evaluation for key-value store: kp_kvstore
On 16 cores
Running on storage platform: disk
Starting single-threaded tests

*** BEGINING SINGLE THREADED TESTS***

***NOW DOING LATENCY TEST ON INDIVIDUAL FUNCTIONS ***
For put-insert: 
	 time elapsed 0:35668 (sec:usec) = 35668 usecs 
	 iterations 10000 (merge every 4 -> 2500 merges)
	 average cost 3.566800 usecs
	 Conflicts: 0 (of 2499 commits)

For put-append: 
	 time elapsed 0:99205 (sec:usec) = 99205 usecs 
	 iterations 30000 (merge every 4 -> 7500 merges)
	 average cost 3.306833 usecs
	 Conflicts: 0 (of 7497 commits)

For get: 
	 time elapsed 0:65773 (sec:usec) = 65773 usecs 
	 iterations 30000 (merge every 4 -> 7500 merges)
	 average cost 2.192433 usecs
	 Conflicts: 0 (of 0 commits)

For delete: 
	 time elapsed 0:61618 (sec:usec) = 61618 usecs 
	 iterations 30000 (merge every 4 -> 7500 merges)
	 average cost 2.053933 usecs
	 Conflicts: 0 (of 7497 commits)


*** CONCLUDING SINGLE THREADED TESTS***

Starting multi-threaded tests: num_threads=1, NUM_CPUS=16
KP: 1392: pinned new thread to CPU=0x0
KP: 1392: sleeping to allow threads enough time
KP: 1392: waking up from sleep (0)
For multithreaded run ramp r:-1-w:30-u:70-d:1
	 852373 total ops (843923 puts + 0 gets + 8450 dels)
	 2000000 in runtime (usecs) = 2 secs = 0.426187 ops/usec
	 421961.500000 op/sec put throughput (all threads)
	 0.000000 op/sec get throughput (all threads)
	 4225.000000 op/sec del throughput (all threads)
	 426186.500000 op/sec total throughput (all threads)
	 Conflicts in worker thread: 0 (of 213094 commits)
	 Errors in worker thread: 0
	 Put errors: 0, Del errors: 0, Get errors: 0
***END OF RAMP-UP-THREADS OUTPUT***

KP: 1392: pinned new thread to CPU=0x0
KP: 1392: sleeping to allow threads enough time
KP: 1392: waking up from sleep (0)
For multithreaded run ramp r:19-w:24-u:56-d:1
	 963681 total ops (760692 puts + 193197 gets + 9792 dels)
	 2000000 in runtime (usecs) = 2 secs = 0.481840 ops/usec
	 380346.000000 op/sec put throughput (all threads)
	 96598.500000 op/sec get throughput (all threads)
	 4896.000000 op/sec del throughput (all threads)
	 481840.500000 op/sec total throughput (all threads)
	 Conflicts in worker thread: 0 (of 192621 commits)
	 Errors in worker thread: 0
	 Put errors: 0, Del errors: 0, Get errors: 0
***END OF RAMP-UP-THREADS OUTPUT***

KP: 1392: pinned new thread to CPU=0x0
KP: 1392: sleeping to allow threads enough time
KP: 1392: waking up from sleep (0)
For multithreaded run ramp r:39-w:18-u:42-d:1
	 1133153 total ops (668613 puts + 453077 gets + 11463 dels)
	 2000000 in runtime (usecs) = 2 secs = 0.566576 ops/usec
	 334306.500000 op/sec put throughput (all threads)
	 226538.500000 op/sec get throughput (all threads)
	 5731.500000 op/sec del throughput (all threads)
	 566576.500000 op/sec total throughput (all threads)
	 Conflicts in worker thread: 0 (of 170019 commits)
	 Errors in worker thread: 0
	 Put errors: 0, Del errors: 0, Get errors: 0
***END OF RAMP-UP-THREADS OUTPUT***

KP: 1392: pinned new thread to CPU=0x0
KP: 1392: sleeping to allow threads enough time
KP: 1392: waking up from sleep (0)
For multithreaded run ramp r:59-w:12-u:28-d:1
	 1395340 total ops (542805 puts + 838734 gets + 13801 dels)
	 2000000 in runtime (usecs) = 2 secs = 0.697670 ops/usec
	 271402.500000 op/sec put throughput (all threads)
	 419367.000000 op/sec get throughput (all threads)
	 6900.500000 op/sec del throughput (all threads)
	 697670.000000 op/sec total throughput (all threads)
	 Conflicts in worker thread: 0 (of 139152 commits)
	 Errors in worker thread: 0
	 Put errors: 0, Del errors: 0, Get errors: 0
***END OF RAMP-UP-THREADS OUTPUT***

KP: 1392: pinned new thread to CPU=0x0
KP: 1392: sleeping to allow threads enough time
KP: 1392: waking up from sleep (0)
For multithreaded run ramp r:79-w:6-u:14-d:1
	 1840917 total ops (350008 puts + 1472405 gets + 18504 dels)
	 2000000 in runtime (usecs) = 2 secs = 0.920458 ops/usec
	 175003.984375 op/sec put throughput (all threads)
	 736202.500000 op/sec get throughput (all threads)
	 9252.000000 op/sec del throughput (all threads)
	 920458.500000 op/sec total throughput (all threads)
	 Conflicts in worker thread: 0 (of 92128 commits)
	 Errors in worker thread: 0
	 Put errors: 0, Del errors: 0, Get errors: 0
***END OF RAMP-UP-THREADS OUTPUT***

KP: 1392: pinned new thread to CPU=0x0
KP: 1392: sleeping to allow threads enough time
KP: 1392: waking up from sleep (0)
For multithreaded run ramp r:99-w:0-u:0-d:1
	 3146569 total ops (0 puts + 3115280 gets + 31289 dels)
	 2000000 in runtime (usecs) = 2 secs = 1.573285 ops/usec
	 0.000000 op/sec put throughput (all threads)
	 1557640.000000 op/sec get throughput (all threads)
	 15644.500000 op/sec del throughput (all threads)
	 1573284.500000 op/sec total throughput (all threads)
	 Conflicts in worker thread: 0 (of 7823 commits)
	 Errors in worker thread: 0
	 Put errors: 0, Del errors: 0, Get errors: 0
***END OF RAMP-UP-THREADS OUTPUT***

***CONCLUDING THREAD EVALUATION***
