KP: 5984: Using 512 for local hash table size (same as merge frequency), 1610000 for master hash table size
KP: 5984: Total memory allocation size (just evaluation, not kv stores themselves) could be up to 0 bytes (0 MB)
Will create 1610000 random integers for each child thread
Now starting evaluation for key-value store: kp_kvstore
On 16 cores
Running on storage platform: disk
Starting single-threaded tests

*** BEGINING SINGLE THREADED TESTS***

***NOW DOING LATENCY TEST ON INDIVIDUAL FUNCTIONS ***
For put-insert: 
	 time elapsed 0:33094 (sec:usec) = 33094 usecs 
	 iterations 10000 (merge every 256 -> 39 merges)
	 average cost 3.309400 usecs
	 Conflicts: 0 (of 40 commits)

For put-append: 
	 time elapsed 0:84562 (sec:usec) = 84562 usecs 
	 iterations 30000 (merge every 256 -> 117 merges)
	 average cost 2.818733 usecs
	 Conflicts: 0 (of 120 commits)

For get: 
	 time elapsed 0:65995 (sec:usec) = 65995 usecs 
	 iterations 30000 (merge every 256 -> 117 merges)
	 average cost 2.199833 usecs
	 Conflicts: 0 (of 0 commits)

For delete: 
	 time elapsed 0:53376 (sec:usec) = 53376 usecs 
	 iterations 30000 (merge every 256 -> 117 merges)
	 average cost 1.779200 usecs
	 Conflicts: 0 (of 120 commits)


*** CONCLUDING SINGLE THREADED TESTS***

Starting multi-threaded tests: num_threads=1, NUM_CPUS=16
KP: 5984: pinned new thread to CPU=0x0
KP: 5984: sleeping to allow threads enough time
KP: 5984: waking up from sleep (0)
For multithreaded run ramp r:-1-w:30-u:70-d:1
	 1294948 total ops (1282212 puts + 0 gets + 12736 dels)
	 2000000 in runtime (usecs) = 2 secs = 0.647474 ops/usec
	 641106.000000 op/sec put throughput (all threads)
	 0.000000 op/sec get throughput (all threads)
	 6368.000000 op/sec del throughput (all threads)
	 647474.000000 op/sec total throughput (all threads)
	 Conflicts in worker thread: 0 (of 5059 commits)
	 Errors in worker thread: 0
	 Put errors: 0, Del errors: 0, Get errors: 0
***END OF RAMP-UP-THREADS OUTPUT***

KP: 5984: pinned new thread to CPU=0x0
KP: 5984: sleeping to allow threads enough time
KP: 5984: waking up from sleep (0)
For multithreaded run ramp r:19-w:24-u:56-d:1
	 1461628 total ops (1155194 puts + 291987 gets + 14447 dels)
	 2000000 in runtime (usecs) = 2 secs = 0.730814 ops/usec
	 577597.000000 op/sec put throughput (all threads)
	 145993.500000 op/sec get throughput (all threads)
	 7223.500000 op/sec del throughput (all threads)
	 730814.000000 op/sec total throughput (all threads)
	 Conflicts in worker thread: 0 (of 4569 commits)
	 Errors in worker thread: 0
	 Put errors: 0, Del errors: 0, Get errors: 0
***END OF RAMP-UP-THREADS OUTPUT***

KP: 5984: pinned new thread to CPU=0x0
KP: 5984: sleeping to allow threads enough time
KP: 5984: waking up from sleep (0)
For multithreaded run ramp r:39-w:18-u:42-d:1
	 1690196 total ops (996644 puts + 676900 gets + 16652 dels)
	 2000000 in runtime (usecs) = 2 secs = 0.845098 ops/usec
	 498322.000000 op/sec put throughput (all threads)
	 338450.000000 op/sec get throughput (all threads)
	 8326.000000 op/sec del throughput (all threads)
	 845098.000000 op/sec total throughput (all threads)
	 Conflicts in worker thread: 0 (of 3959 commits)
	 Errors in worker thread: 0
	 Put errors: 0, Del errors: 0, Get errors: 0
***END OF RAMP-UP-THREADS OUTPUT***

KP: 5984: pinned new thread to CPU=0x0
KP: 5984: sleeping to allow threads enough time
KP: 5984: waking up from sleep (0)
For multithreaded run ramp r:59-w:12-u:28-d:1
	 2013719 total ops (785241 puts + 1208337 gets + 20141 dels)
	 2000000 in runtime (usecs) = 2 secs = 1.006860 ops/usec
	 392620.500000 op/sec put throughput (all threads)
	 604168.500000 op/sec get throughput (all threads)
	 10070.500000 op/sec del throughput (all threads)
	 1006859.562500 op/sec total throughput (all threads)
	 Conflicts in worker thread: 0 (of 3147 commits)
	 Errors in worker thread: 0
	 Put errors: 0, Del errors: 0, Get errors: 0
***END OF RAMP-UP-THREADS OUTPUT***

KP: 5984: pinned new thread to CPU=0x0
KP: 5984: sleeping to allow threads enough time
KP: 5984: waking up from sleep (0)
For multithreaded run ramp r:79-w:6-u:14-d:1
	 2491552 total ops (472980 puts + 1993773 gets + 24799 dels)
	 2000000 in runtime (usecs) = 2 secs = 1.245776 ops/usec
	 236490.000000 op/sec put throughput (all threads)
	 996886.500000 op/sec get throughput (all threads)
	 12399.500000 op/sec del throughput (all threads)
	 1245776.000000 op/sec total throughput (all threads)
	 Conflicts in worker thread: 0 (of 1945 commits)
	 Errors in worker thread: 0
	 Put errors: 0, Del errors: 0, Get errors: 0
***END OF RAMP-UP-THREADS OUTPUT***

KP: 5984: pinned new thread to CPU=0x0
KP: 5984: sleeping to allow threads enough time
KP: 5984: waking up from sleep (0)
For multithreaded run ramp r:99-w:0-u:0-d:1
	 3544164 total ops (0 puts + 3509331 gets + 34833 dels)
	 2000000 in runtime (usecs) = 2 secs = 1.772082 ops/usec
	 0.000000 op/sec put throughput (all threads)
	 1754665.500000 op/sec get throughput (all threads)
	 17416.500000 op/sec del throughput (all threads)
	 1772082.000000 op/sec total throughput (all threads)
	 Conflicts in worker thread: 0 (of 137 commits)
	 Errors in worker thread: 0
	 Put errors: 0, Del errors: 0, Get errors: 0
***END OF RAMP-UP-THREADS OUTPUT***

***CONCLUDING THREAD EVALUATION***
