KP: 5552: Using 16 for local hash table size (same as merge frequency), 1610000 for master hash table size
KP: 5552: Total memory allocation size (just evaluation, not kv stores themselves) could be up to 0 bytes (0 MB)
Will create 1610000 random integers for each child thread
Now starting evaluation for key-value store: kp_kvstore
On 16 cores
Running on storage platform: disk
Starting single-threaded tests

*** BEGINING SINGLE THREADED TESTS***

***NOW DOING LATENCY TEST ON INDIVIDUAL FUNCTIONS ***
For put-insert: 
	 time elapsed 0:296814 (sec:usec) = 296814 usecs 
	 iterations 10000 (merge every 8 -> 1250 merges)
	 average cost 29.681400 usecs
	 Conflicts: 0 (of 1249 commits)

For put-append: 
	 time elapsed 0:884441 (sec:usec) = 884441 usecs 
	 iterations 30000 (merge every 8 -> 3750 merges)
	 average cost 29.481367 usecs
	 Conflicts: 0 (of 3747 commits)

For get: 
	 time elapsed 0:766852 (sec:usec) = 766852 usecs 
	 iterations 30000 (merge every 8 -> 3750 merges)
	 average cost 25.561733 usecs
	 Conflicts: 0 (of 0 commits)

For delete: 
	 time elapsed 0:58566 (sec:usec) = 58566 usecs 
	 iterations 30000 (merge every 8 -> 3750 merges)
	 average cost 1.952200 usecs
	 Conflicts: 0 (of 3747 commits)


*** CONCLUDING SINGLE THREADED TESTS***

Starting multi-threaded tests: num_threads=1, NUM_CPUS=16
KP: 5552: pinned new thread to CPU=0x0
KP: 5552: sleeping to allow threads enough time
KP: 5552: waking up from sleep (0)
For multithreaded run ramp r:-1-w:30-u:70-d:1
	 140360 total ops (138982 puts + 0 gets + 1378 dels)
	 2000000 in runtime (usecs) = 2 secs = 0.070180 ops/usec
	 69491.000000 op/sec put throughput (all threads)
	 0.000000 op/sec get throughput (all threads)
	 689.000000 op/sec del throughput (all threads)
	 70180.000000 op/sec total throughput (all threads)
	 Conflicts in worker thread: 0 (of 17545 commits)
	 Errors in worker thread: 0
	 Put errors: 0, Del errors: 0, Get errors: 0
***END OF RAMP-UP-THREADS OUTPUT***

KP: 5552: pinned new thread to CPU=0x0
KP: 5552: sleeping to allow threads enough time
KP: 5552: waking up from sleep (0)
For multithreaded run ramp r:19-w:24-u:56-d:1
	 166190 total ops (131350 puts + 33169 gets + 1671 dels)
	 2000000 in runtime (usecs) = 2 secs = 0.083095 ops/usec
	 65675.000000 op/sec put throughput (all threads)
	 16584.500000 op/sec get throughput (all threads)
	 835.500061 op/sec del throughput (all threads)
	 83095.000000 op/sec total throughput (all threads)
	 Conflicts in worker thread: 0 (of 16628 commits)
	 Errors in worker thread: 0
	 Put errors: 0, Del errors: 0, Get errors: 0
***END OF RAMP-UP-THREADS OUTPUT***

KP: 5552: pinned new thread to CPU=0x0
KP: 5552: sleeping to allow threads enough time
KP: 5552: waking up from sleep (0)
For multithreaded run ramp r:39-w:18-u:42-d:1
	 206459 total ops (121688 puts + 82653 gets + 2118 dels)
	 2000000 in runtime (usecs) = 2 secs = 0.103230 ops/usec
	 60844.000000 op/sec put throughput (all threads)
	 41326.500000 op/sec get throughput (all threads)
	 1059.000000 op/sec del throughput (all threads)
	 103229.500000 op/sec total throughput (all threads)
	 Conflicts in worker thread: 0 (of 15476 commits)
	 Errors in worker thread: 0
	 Put errors: 0, Del errors: 0, Get errors: 0
***END OF RAMP-UP-THREADS OUTPUT***

KP: 5552: pinned new thread to CPU=0x0
KP: 5552: sleeping to allow threads enough time
KP: 5552: waking up from sleep (0)
For multithreaded run ramp r:59-w:12-u:28-d:1
	 273615 total ops (106625 puts + 164175 gets + 2815 dels)
	 2000000 in runtime (usecs) = 2 secs = 0.136808 ops/usec
	 53312.500000 op/sec put throughput (all threads)
	 82087.500000 op/sec get throughput (all threads)
	 1407.500000 op/sec del throughput (all threads)
	 136807.500000 op/sec total throughput (all threads)
	 Conflicts in worker thread: 0 (of 13680 commits)
	 Errors in worker thread: 0
	 Put errors: 0, Del errors: 0, Get errors: 0
***END OF RAMP-UP-THREADS OUTPUT***

KP: 5552: pinned new thread to CPU=0x0
KP: 5552: sleeping to allow threads enough time
KP: 5552: waking up from sleep (0)
For multithreaded run ramp r:79-w:6-u:14-d:1
	 413016 total ops (78740 puts + 330008 gets + 4268 dels)
	 2000000 in runtime (usecs) = 2 secs = 0.206508 ops/usec
	 39370.000000 op/sec put throughput (all threads)
	 165004.000000 op/sec get throughput (all threads)
	 2134.000000 op/sec del throughput (all threads)
	 206508.000000 op/sec total throughput (all threads)
	 Conflicts in worker thread: 0 (of 10376 commits)
	 Errors in worker thread: 0
	 Put errors: 0, Del errors: 0, Get errors: 0
***END OF RAMP-UP-THREADS OUTPUT***

KP: 5552: pinned new thread to CPU=0x0
KP: 5552: sleeping to allow threads enough time
KP: 5552: waking up from sleep (0)
For multithreaded run ramp r:99-w:0-u:0-d:1
	 3334300 total ops (0 puts + 3300669 gets + 33631 dels)
	 2000000 in runtime (usecs) = 2 secs = 1.667150 ops/usec
	 0.000000 op/sec put throughput (all threads)
	 1650334.500000 op/sec get throughput (all threads)
	 16815.500000 op/sec del throughput (all threads)
	 1667150.000000 op/sec total throughput (all threads)
	 Conflicts in worker thread: 0 (of 4204 commits)
	 Errors in worker thread: 0
	 Put errors: 0, Del errors: 0, Get errors: 0
***END OF RAMP-UP-THREADS OUTPUT***

***CONCLUDING THREAD EVALUATION***
