KP: 8464: Using 16 for local hash table size (same as merge frequency), 1610000 for master hash table size
KP: 8464: Total memory allocation size (just evaluation, not kv stores themselves) could be up to 0 bytes (0 MB)
Will create 1610000 random integers for each child thread
Now starting evaluation for key-value store: kp_kvstore
On 16 cores
Running on storage platform: disk
Starting single-threaded tests

*** BEGINING SINGLE THREADED TESTS***

***NOW DOING LATENCY TEST ON INDIVIDUAL FUNCTIONS ***
For put-insert: 
	 time elapsed 0:25829 (sec:usec) = 25829 usecs 
	 iterations 10000 (merge every 8 -> 1250 merges)
	 average cost 2.582900 usecs
	 Conflicts: 0 (of 1249 commits)

For put-append: 
	 time elapsed 0:60184 (sec:usec) = 60184 usecs 
	 iterations 30000 (merge every 8 -> 3750 merges)
	 average cost 2.006133 usecs
	 Conflicts: 0 (of 3747 commits)

For get: 
	 time elapsed 0:26455 (sec:usec) = 26455 usecs 
	 iterations 30000 (merge every 8 -> 3750 merges)
	 average cost 0.881833 usecs
	 Conflicts: 0 (of 0 commits)

For delete: 
	 time elapsed 0:55214 (sec:usec) = 55214 usecs 
	 iterations 30000 (merge every 8 -> 3750 merges)
	 average cost 1.840467 usecs
	 Conflicts: 0 (of 3747 commits)


*** CONCLUDING SINGLE THREADED TESTS***

Starting multi-threaded tests: num_threads=1, NUM_CPUS=16
KP: 8464: pinned new thread to CPU=0x0
KP: 8464: sleeping to allow threads enough time
KP: 8464: waking up from sleep (0)
For multithreaded run ramp r:-1-w:30-u:70-d:1
	 1294480 total ops (1281395 puts + 0 gets + 13085 dels)
	 2000000 in runtime (usecs) = 2 secs = 0.647240 ops/usec
	 640697.500000 op/sec put throughput (all threads)
	 0.000000 op/sec get throughput (all threads)
	 6542.500000 op/sec del throughput (all threads)
	 647240.000000 op/sec total throughput (all threads)
	 Conflicts in worker thread: 0 (of 161810 commits)
	 Errors in worker thread: 0
	 Put errors: 0, Del errors: 0, Get errors: 0
***END OF RAMP-UP-THREADS OUTPUT***

KP: 8464: pinned new thread to CPU=0x0
KP: 8464: sleeping to allow threads enough time
KP: 8464: waking up from sleep (0)
For multithreaded run ramp r:19-w:24-u:56-d:1
	 1423075 total ops (1125019 puts + 283658 gets + 14398 dels)
	 2000000 in runtime (usecs) = 2 secs = 0.711537 ops/usec
	 562509.500000 op/sec put throughput (all threads)
	 141829.000000 op/sec get throughput (all threads)
	 7199.000000 op/sec del throughput (all threads)
	 711537.500000 op/sec total throughput (all threads)
	 Conflicts in worker thread: 0 (of 142428 commits)
	 Errors in worker thread: 0
	 Put errors: 0, Del errors: 0, Get errors: 0
***END OF RAMP-UP-THREADS OUTPUT***

KP: 8464: pinned new thread to CPU=0x0
KP: 8464: sleeping to allow threads enough time
KP: 8464: waking up from sleep (0)
For multithreaded run ramp r:39-w:18-u:42-d:1
	 1629823 total ops (961307 puts + 652063 gets + 16453 dels)
	 2000000 in runtime (usecs) = 2 secs = 0.814911 ops/usec
	 480653.500000 op/sec put throughput (all threads)
	 326031.500000 op/sec get throughput (all threads)
	 8226.500000 op/sec del throughput (all threads)
	 814911.500000 op/sec total throughput (all threads)
	 Conflicts in worker thread: 0 (of 122220 commits)
	 Errors in worker thread: 0
	 Put errors: 0, Del errors: 0, Get errors: 0
***END OF RAMP-UP-THREADS OUTPUT***

KP: 8464: pinned new thread to CPU=0x0
KP: 8464: sleeping to allow threads enough time
KP: 8464: waking up from sleep (0)
For multithreaded run ramp r:59-w:12-u:28-d:1
	 1927851 total ops (751173 puts + 1157353 gets + 19325 dels)
	 2000000 in runtime (usecs) = 2 secs = 0.963925 ops/usec
	 375586.500000 op/sec put throughput (all threads)
	 578676.500000 op/sec get throughput (all threads)
	 9662.500000 op/sec del throughput (all threads)
	 963925.500000 op/sec total throughput (all threads)
	 Conflicts in worker thread: 0 (of 96313 commits)
	 Errors in worker thread: 0
	 Put errors: 0, Del errors: 0, Get errors: 0
***END OF RAMP-UP-THREADS OUTPUT***

KP: 8464: pinned new thread to CPU=0x0
KP: 8464: sleeping to allow threads enough time
KP: 8464: waking up from sleep (0)
For multithreaded run ramp r:79-w:6-u:14-d:1
	 2381127 total ops (451180 puts + 1906187 gets + 23760 dels)
	 2000000 in runtime (usecs) = 2 secs = 1.190564 ops/usec
	 225590.000000 op/sec put throughput (all threads)
	 953093.500000 op/sec get throughput (all threads)
	 11879.999023 op/sec del throughput (all threads)
	 1190563.500000 op/sec total throughput (all threads)
	 Conflicts in worker thread: 0 (of 59368 commits)
	 Errors in worker thread: 0
	 Put errors: 0, Del errors: 0, Get errors: 0
***END OF RAMP-UP-THREADS OUTPUT***

KP: 8464: pinned new thread to CPU=0x0
KP: 8464: sleeping to allow threads enough time
KP: 8464: waking up from sleep (0)
For multithreaded run ramp r:99-w:0-u:0-d:1
	 3343144 total ops (0 puts + 3309096 gets + 34048 dels)
	 2000000 in runtime (usecs) = 2 secs = 1.671572 ops/usec
	 0.000000 op/sec put throughput (all threads)
	 1654548.000000 op/sec get throughput (all threads)
	 17024.000000 op/sec del throughput (all threads)
	 1671572.000000 op/sec total throughput (all threads)
	 Conflicts in worker thread: 0 (of 4256 commits)
	 Errors in worker thread: 0
	 Put errors: 0, Del errors: 0, Get errors: 0
***END OF RAMP-UP-THREADS OUTPUT***

***CONCLUDING THREAD EVALUATION***
