KP: 752: Using 16 for local hash table size (same as merge frequency), 1610000 for master hash table size
KP: 752: Total memory allocation size (just evaluation, not kv stores themselves) could be up to 0 bytes (0 MB)
Will create 1610000 random integers for each child thread
Now starting evaluation for key-value store: kp_kvstore
On 16 cores
Running on storage platform: disk
Starting single-threaded tests

*** BEGINING SINGLE THREADED TESTS***

***NOW DOING LATENCY TEST ON INDIVIDUAL FUNCTIONS ***
For put-insert: 
	 time elapsed 0:25156 (sec:usec) = 25156 usecs 
	 iterations 10000 (merge every 8 -> 1250 merges)
	 average cost 2.515600 usecs
	 Conflicts: 0 (of 1249 commits)

For put-append: 
	 time elapsed 0:59159 (sec:usec) = 59159 usecs 
	 iterations 30000 (merge every 8 -> 3750 merges)
	 average cost 1.971967 usecs
	 Conflicts: 0 (of 3747 commits)

For get: 
	 time elapsed 0:25480 (sec:usec) = 25480 usecs 
	 iterations 30000 (merge every 8 -> 3750 merges)
	 average cost 0.849333 usecs
	 Conflicts: 0 (of 0 commits)

For delete: 
	 time elapsed 0:55584 (sec:usec) = 55584 usecs 
	 iterations 30000 (merge every 8 -> 3750 merges)
	 average cost 1.852800 usecs
	 Conflicts: 0 (of 3747 commits)


*** CONCLUDING SINGLE THREADED TESTS***

Starting multi-threaded tests: num_threads=1, NUM_CPUS=16
KP: 752: pinned new thread to CPU=0x0
KP: 752: sleeping to allow threads enough time
KP: 752: waking up from sleep (0)
For multithreaded run ramp r:-1-w:30-u:70-d:1
	 1303777 total ops (1290827 puts + 0 gets + 12950 dels)
	 2000000 in runtime (usecs) = 2 secs = 0.651888 ops/usec
	 645413.500000 op/sec put throughput (all threads)
	 0.000000 op/sec get throughput (all threads)
	 6475.000000 op/sec del throughput (all threads)
	 651888.500000 op/sec total throughput (all threads)
	 Conflicts in worker thread: 0 (of 162973 commits)
	 Errors in worker thread: 0
	 Put errors: 0, Del errors: 0, Get errors: 0
***END OF RAMP-UP-THREADS OUTPUT***

KP: 752: pinned new thread to CPU=0x0
KP: 752: sleeping to allow threads enough time
KP: 752: waking up from sleep (0)
For multithreaded run ramp r:19-w:24-u:56-d:1
	 1436879 total ops (1135358 puts + 287367 gets + 14154 dels)
	 2000000 in runtime (usecs) = 2 secs = 0.718440 ops/usec
	 567679.000000 op/sec put throughput (all threads)
	 143683.500000 op/sec get throughput (all threads)
	 7077.000000 op/sec del throughput (all threads)
	 718439.500000 op/sec total throughput (all threads)
	 Conflicts in worker thread: 0 (of 143689 commits)
	 Errors in worker thread: 0
	 Put errors: 0, Del errors: 0, Get errors: 0
***END OF RAMP-UP-THREADS OUTPUT***

KP: 752: pinned new thread to CPU=0x0
KP: 752: sleeping to allow threads enough time
KP: 752: waking up from sleep (0)
For multithreaded run ramp r:39-w:18-u:42-d:1
	 1631111 total ops (962426 puts + 652749 gets + 15936 dels)
	 2000000 in runtime (usecs) = 2 secs = 0.815556 ops/usec
	 481213.000000 op/sec put throughput (all threads)
	 326374.500000 op/sec get throughput (all threads)
	 7968.000000 op/sec del throughput (all threads)
	 815555.500000 op/sec total throughput (all threads)
	 Conflicts in worker thread: 0 (of 122296 commits)
	 Errors in worker thread: 0
	 Put errors: 0, Del errors: 0, Get errors: 0
***END OF RAMP-UP-THREADS OUTPUT***

KP: 752: pinned new thread to CPU=0x0
KP: 752: sleeping to allow threads enough time
KP: 752: waking up from sleep (0)
For multithreaded run ramp r:59-w:12-u:28-d:1
	 1936020 total ops (756730 puts + 1160356 gets + 18934 dels)
	 2000000 in runtime (usecs) = 2 secs = 0.968010 ops/usec
	 378365.000000 op/sec put throughput (all threads)
	 580178.000000 op/sec get throughput (all threads)
	 9467.000000 op/sec del throughput (all threads)
	 968010.000000 op/sec total throughput (all threads)
	 Conflicts in worker thread: 0 (of 96958 commits)
	 Errors in worker thread: 0
	 Put errors: 0, Del errors: 0, Get errors: 0
***END OF RAMP-UP-THREADS OUTPUT***

KP: 752: pinned new thread to CPU=0x0
KP: 752: sleeping to allow threads enough time
KP: 752: waking up from sleep (0)
For multithreaded run ramp r:79-w:6-u:14-d:1
	 2393263 total ops (454591 puts + 1915383 gets + 23289 dels)
	 2000000 in runtime (usecs) = 2 secs = 1.196632 ops/usec
	 227295.500000 op/sec put throughput (all threads)
	 957691.500000 op/sec get throughput (all threads)
	 11644.500000 op/sec del throughput (all threads)
	 1196631.500000 op/sec total throughput (all threads)
	 Conflicts in worker thread: 0 (of 59735 commits)
	 Errors in worker thread: 0
	 Put errors: 0, Del errors: 0, Get errors: 0
***END OF RAMP-UP-THREADS OUTPUT***

KP: 752: pinned new thread to CPU=0x0
KP: 752: sleeping to allow threads enough time
KP: 752: waking up from sleep (0)
For multithreaded run ramp r:99-w:0-u:0-d:1
	 3346779 total ops (0 puts + 3313662 gets + 33117 dels)
	 2000000 in runtime (usecs) = 2 secs = 1.673390 ops/usec
	 0.000000 op/sec put throughput (all threads)
	 1656831.000000 op/sec get throughput (all threads)
	 16558.500000 op/sec del throughput (all threads)
	 1673389.500000 op/sec total throughput (all threads)
	 Conflicts in worker thread: 0 (of 4140 commits)
	 Errors in worker thread: 0
	 Put errors: 0, Del errors: 0, Get errors: 0
***END OF RAMP-UP-THREADS OUTPUT***

***CONCLUDING THREAD EVALUATION***
