KP: 4784: Using 16 for local hash table size (same as merge frequency), 1610000 for master hash table size
KP: 4784: Total memory allocation size (just evaluation, not kv stores themselves) could be up to 0 bytes (0 MB)
Will create 1610000 random integers for each child thread
Now starting evaluation for key-value store: kp_kvstore
On 16 cores
Running on storage platform: disk
Starting single-threaded tests

*** BEGINING SINGLE THREADED TESTS***

***NOW DOING LATENCY TEST ON INDIVIDUAL FUNCTIONS ***
For put-insert: 
	 time elapsed 0:31676 (sec:usec) = 31676 usecs 
	 iterations 10000 (merge every 8 -> 1250 merges)
	 average cost 3.167600 usecs
	 Conflicts: 0 (of 1249 commits)

For put-append: 
	 time elapsed 0:91341 (sec:usec) = 91341 usecs 
	 iterations 30000 (merge every 8 -> 3750 merges)
	 average cost 3.044700 usecs
	 Conflicts: 0 (of 3747 commits)

For get: 
	 time elapsed 0:65103 (sec:usec) = 65103 usecs 
	 iterations 30000 (merge every 8 -> 3750 merges)
	 average cost 2.170100 usecs
	 Conflicts: 0 (of 0 commits)

For delete: 
	 time elapsed 0:56529 (sec:usec) = 56529 usecs 
	 iterations 30000 (merge every 8 -> 3750 merges)
	 average cost 1.884300 usecs
	 Conflicts: 0 (of 3747 commits)


*** CONCLUDING SINGLE THREADED TESTS***

Starting multi-threaded tests: num_threads=1, NUM_CPUS=16
KP: 4784: pinned new thread to CPU=0x0
KP: 4784: sleeping to allow threads enough time
KP: 4784: waking up from sleep (0)
For multithreaded run ramp r:-1-w:30-u:70-d:1
	 1036122 total ops (1025887 puts + 0 gets + 10235 dels)
	 2000000 in runtime (usecs) = 2 secs = 0.518061 ops/usec
	 512943.500000 op/sec put throughput (all threads)
	 0.000000 op/sec get throughput (all threads)
	 5117.500000 op/sec del throughput (all threads)
	 518060.968750 op/sec total throughput (all threads)
	 Conflicts in worker thread: 0 (of 129516 commits)
	 Errors in worker thread: 0
	 Put errors: 0, Del errors: 0, Get errors: 0
***END OF RAMP-UP-THREADS OUTPUT***

KP: 4784: pinned new thread to CPU=0x0
KP: 4784: sleeping to allow threads enough time
KP: 4784: waking up from sleep (0)
For multithreaded run ramp r:19-w:24-u:56-d:1
	 1160149 total ops (916793 puts + 231812 gets + 11544 dels)
	 2000000 in runtime (usecs) = 2 secs = 0.580074 ops/usec
	 458396.500000 op/sec put throughput (all threads)
	 115906.000000 op/sec get throughput (all threads)
	 5772.000488 op/sec del throughput (all threads)
	 580074.500000 op/sec total throughput (all threads)
	 Conflicts in worker thread: 0 (of 116043 commits)
	 Errors in worker thread: 0
	 Put errors: 0, Del errors: 0, Get errors: 0
***END OF RAMP-UP-THREADS OUTPUT***

KP: 4784: pinned new thread to CPU=0x0
KP: 4784: sleeping to allow threads enough time
KP: 4784: waking up from sleep (0)
For multithreaded run ramp r:39-w:18-u:42-d:1
	 1358661 total ops (801832 puts + 543344 gets + 13485 dels)
	 2000000 in runtime (usecs) = 2 secs = 0.679331 ops/usec
	 400916.000000 op/sec put throughput (all threads)
	 271672.000000 op/sec get throughput (all threads)
	 6742.500000 op/sec del throughput (all threads)
	 679330.500000 op/sec total throughput (all threads)
	 Conflicts in worker thread: 0 (of 101915 commits)
	 Errors in worker thread: 0
	 Put errors: 0, Del errors: 0, Get errors: 0
***END OF RAMP-UP-THREADS OUTPUT***

KP: 4784: pinned new thread to CPU=0x0
KP: 4784: sleeping to allow threads enough time
KP: 4784: waking up from sleep (0)
For multithreaded run ramp r:59-w:12-u:28-d:1
	 1653101 total ops (644538 puts + 991873 gets + 16690 dels)
	 2000000 in runtime (usecs) = 2 secs = 0.826550 ops/usec
	 322269.000000 op/sec put throughput (all threads)
	 495936.500000 op/sec get throughput (all threads)
	 8345.000000 op/sec del throughput (all threads)
	 826550.500000 op/sec total throughput (all threads)
	 Conflicts in worker thread: 0 (of 82654 commits)
	 Errors in worker thread: 0
	 Put errors: 0, Del errors: 0, Get errors: 0
***END OF RAMP-UP-THREADS OUTPUT***

KP: 4784: pinned new thread to CPU=0x0
KP: 4784: sleeping to allow threads enough time
KP: 4784: waking up from sleep (0)
For multithreaded run ramp r:79-w:6-u:14-d:1
	 2137360 total ops (405678 puts + 1710022 gets + 21660 dels)
	 2000000 in runtime (usecs) = 2 secs = 1.068680 ops/usec
	 202839.000000 op/sec put throughput (all threads)
	 855010.937500 op/sec get throughput (all threads)
	 10830.000000 op/sec del throughput (all threads)
	 1068680.000000 op/sec total throughput (all threads)
	 Conflicts in worker thread: 0 (of 53418 commits)
	 Errors in worker thread: 0
	 Put errors: 0, Del errors: 0, Get errors: 0
***END OF RAMP-UP-THREADS OUTPUT***

KP: 4784: pinned new thread to CPU=0x0
KP: 4784: sleeping to allow threads enough time
KP: 4784: waking up from sleep (0)
For multithreaded run ramp r:99-w:0-u:0-d:1
	 3345557 total ops (0 puts + 3311948 gets + 33609 dels)
	 2000000 in runtime (usecs) = 2 secs = 1.672778 ops/usec
	 0.000000 op/sec put throughput (all threads)
	 1655974.000000 op/sec get throughput (all threads)
	 16804.500000 op/sec del throughput (all threads)
	 1672778.500000 op/sec total throughput (all threads)
	 Conflicts in worker thread: 0 (of 4202 commits)
	 Errors in worker thread: 0
	 Put errors: 0, Del errors: 0, Get errors: 0
***END OF RAMP-UP-THREADS OUTPUT***

***CONCLUDING THREAD EVALUATION***
