KP: 9760: Using 16 for local hash table size (same as merge frequency), 1610000 for master hash table size
KP: 9760: Total memory allocation size (just evaluation, not kv stores themselves) could be up to 0 bytes (0 MB)
Will create 100625 random integers for each child thread
Now starting evaluation for key-value store: LevelDB
On 16 cores
Running on storage platform: ramdisk
Starting single-threaded tests

*** BEGINING SINGLE THREADED TESTS***

ON PATH /mnt/pmfs/leveldb_client_name
***NOW DOING LATENCY TEST ON INDIVIDUAL FUNCTIONS ***
For put-insert: 
	 time elapsed 0:11463 (sec:usec) = 11463 usecs 
	 iterations 1000 (merge every 8 -> 125 merges)
	 average cost 11.463000 usecs
	 Conflicts: 0 (of 124 commits)

For put-append: 
	 time elapsed 0:40383 (sec:usec) = 40383 usecs 
	 iterations 3000 (merge every 8 -> 375 merges)
	 average cost 13.461000 usecs
	 Conflicts: 0 (of 372 commits)

For get: 
	 time elapsed 0:6314 (sec:usec) = 6314 usecs 
	 iterations 3000 (merge every 8 -> 375 merges)
	 average cost 2.104667 usecs
	 Conflicts: 0 (of 0 commits)

For delete: 
	 time elapsed 0:31929 (sec:usec) = 31929 usecs 
	 iterations 3000 (merge every 8 -> 375 merges)
	 average cost 10.643000 usecs
	 Conflicts: 0 (of 372 commits)


*** CONCLUDING SINGLE THREADED TESTS***

Starting multi-threaded tests: num_threads=16, NUM_CPUS=16
ON PATH /mnt/pmfs/leveldb_client_name
KP: 9760: pinned new thread to CPU=0x0
KP: 9760: pinned new thread to CPU=0x1
KP: 9760: pinned new thread to CPU=0x2
KP: 9760: pinned new thread to CPU=0x3
KP: 9760: pinned new thread to CPU=0x4
KP: 9760: pinned new thread to CPU=0x5
KP: 9760: pinned new thread to CPU=0x6
KP: 9760: pinned new thread to CPU=0x7
KP: 9760: pinned new thread to CPU=0x8
KP: 9760: pinned new thread to CPU=0x9
KP: 9760: pinned new thread to CPU=0xA
KP: 9760: pinned new thread to CPU=0xB
KP: 9760: pinned new thread to CPU=0xC
KP: 9760: pinned new thread to CPU=0xD
KP: 9760: pinned new thread to CPU=0xE
KP: 9760: pinned new thread to CPU=0xF
KP: 9760: sleeping to allow threads enough time
KP: 9760: waking up from sleep (0)
For multithreaded run ramp r:-1-w:30-u:70-d:1
	 107064 total ops (105956 puts + 0 gets + 1108 dels)
	 2000000 in runtime (usecs) = 2 secs = 0.053532 ops/usec
	 52978.000000 op/sec put throughput (all threads)
	 0.000000 op/sec get throughput (all threads)
	 554.000000 op/sec del throughput (all threads)
	 53532.000000 op/sec total throughput (all threads)
	 Conflicts in worker thread: 0 (of 13383 commits)
	 Errors in worker thread: 0
	 Put errors: 0, Del errors: 0, Get errors: 0
***END OF RAMP-UP-THREADS OUTPUT***

ON PATH /mnt/pmfs/leveldb_client_name
KP: 9760: pinned new thread to CPU=0x0
KP: 9760: pinned new thread to CPU=0x1
KP: 9760: pinned new thread to CPU=0x2
KP: 9760: pinned new thread to CPU=0x3
KP: 9760: pinned new thread to CPU=0x4
KP: 9760: pinned new thread to CPU=0x5
KP: 9760: pinned new thread to CPU=0x6
KP: 9760: pinned new thread to CPU=0x7
KP: 9760: pinned new thread to CPU=0x8
KP: 9760: pinned new thread to CPU=0x9
KP: 9760: pinned new thread to CPU=0xA
KP: 9760: pinned new thread to CPU=0xB
KP: 9760: pinned new thread to CPU=0xC
KP: 9760: pinned new thread to CPU=0xD
KP: 9760: pinned new thread to CPU=0xE
KP: 9760: pinned new thread to CPU=0xF
KP: 9760: sleeping to allow threads enough time
KP: 9760: waking up from sleep (0)
For multithreaded run ramp r:19-w:24-u:56-d:1
	 135835 total ops (107418 puts + 27027 gets + 1390 dels)
	 2000000 in runtime (usecs) = 2 secs = 0.067918 ops/usec
	 53709.000000 op/sec put throughput (all threads)
	 13513.500000 op/sec get throughput (all threads)
	 695.000000 op/sec del throughput (all threads)
	 67917.500000 op/sec total throughput (all threads)
	 Conflicts in worker thread: 0 (of 13601 commits)
	 Errors in worker thread: 0
	 Put errors: 0, Del errors: 0, Get errors: 19
***END OF RAMP-UP-THREADS OUTPUT***

ON PATH /mnt/pmfs/leveldb_client_name
KP: 9760: pinned new thread to CPU=0x0
KP: 9760: pinned new thread to CPU=0x1
KP: 9760: pinned new thread to CPU=0x2
KP: 9760: pinned new thread to CPU=0x3
KP: 9760: pinned new thread to CPU=0x4
KP: 9760: pinned new thread to CPU=0x5
KP: 9760: pinned new thread to CPU=0x6
KP: 9760: pinned new thread to CPU=0x7
KP: 9760: pinned new thread to CPU=0x8
KP: 9760: pinned new thread to CPU=0x9
KP: 9760: pinned new thread to CPU=0xA
KP: 9760: pinned new thread to CPU=0xB
KP: 9760: pinned new thread to CPU=0xC
KP: 9760: pinned new thread to CPU=0xD
KP: 9760: pinned new thread to CPU=0xE
KP: 9760: pinned new thread to CPU=0xF
KP: 9760: sleeping to allow threads enough time
KP: 9760: waking up from sleep (0)
For multithreaded run ramp r:39-w:18-u:42-d:1
	 182020 total ops (107214 puts + 72908 gets + 1898 dels)
	 2000000 in runtime (usecs) = 2 secs = 0.091010 ops/usec
	 53606.996094 op/sec put throughput (all threads)
	 36454.000000 op/sec get throughput (all threads)
	 949.000000 op/sec del throughput (all threads)
	 91010.000000 op/sec total throughput (all threads)
	 Conflicts in worker thread: 0 (of 13639 commits)
	 Errors in worker thread: 0
	 Put errors: 0, Del errors: 0, Get errors: 86
***END OF RAMP-UP-THREADS OUTPUT***

ON PATH /mnt/pmfs/leveldb_client_name
KP: 9760: pinned new thread to CPU=0x0
KP: 9760: pinned new thread to CPU=0x1
KP: 9760: pinned new thread to CPU=0x2
KP: 9760: pinned new thread to CPU=0x3
KP: 9760: pinned new thread to CPU=0x4
KP: 9760: pinned new thread to CPU=0x5
KP: 9760: pinned new thread to CPU=0x6
KP: 9760: pinned new thread to CPU=0x7
KP: 9760: pinned new thread to CPU=0x8
KP: 9760: pinned new thread to CPU=0x9
KP: 9760: pinned new thread to CPU=0xA
KP: 9760: pinned new thread to CPU=0xB
KP: 9760: pinned new thread to CPU=0xC
KP: 9760: pinned new thread to CPU=0xD
KP: 9760: pinned new thread to CPU=0xE
KP: 9760: pinned new thread to CPU=0xF
KP: 9760: sleeping to allow threads enough time
KP: 9760: waking up from sleep (0)
For multithreaded run ramp r:59-w:12-u:28-d:1
	 276465 total ops (107828 puts + 165751 gets + 2886 dels)
	 2000000 in runtime (usecs) = 2 secs = 0.138232 ops/usec
	 53914.000000 op/sec put throughput (all threads)
	 82875.500000 op/sec get throughput (all threads)
	 1443.000122 op/sec del throughput (all threads)
	 138232.500000 op/sec total throughput (all threads)
	 Conflicts in worker thread: 0 (of 13840 commits)
	 Errors in worker thread: 0
	 Put errors: 0, Del errors: 0, Get errors: 390
***END OF RAMP-UP-THREADS OUTPUT***

ON PATH /mnt/pmfs/leveldb_client_name
KP: 9760: pinned new thread to CPU=0x0
KP: 9760: pinned new thread to CPU=0x1
KP: 9760: pinned new thread to CPU=0x2
KP: 9760: pinned new thread to CPU=0x3
KP: 9760: pinned new thread to CPU=0x4
KP: 9760: pinned new thread to CPU=0x5
KP: 9760: pinned new thread to CPU=0x6
KP: 9760: pinned new thread to CPU=0x7
KP: 9760: pinned new thread to CPU=0x8
KP: 9760: pinned new thread to CPU=0x9
KP: 9760: pinned new thread to CPU=0xA
KP: 9760: pinned new thread to CPU=0xB
KP: 9760: pinned new thread to CPU=0xC
KP: 9760: pinned new thread to CPU=0xD
KP: 9760: pinned new thread to CPU=0xE
KP: 9760: pinned new thread to CPU=0xF
KP: 9760: sleeping to allow threads enough time
KP: 9760: waking up from sleep (0)
For multithreaded run ramp r:79-w:6-u:14-d:1
	 461107 total ops (87539 puts + 368829 gets + 4739 dels)
	 2000000 in runtime (usecs) = 2 secs = 0.230553 ops/usec
	 43769.500000 op/sec put throughput (all threads)
	 184414.500000 op/sec get throughput (all threads)
	 2369.500000 op/sec del throughput (all threads)
	 230553.500000 op/sec total throughput (all threads)
	 Conflicts in worker thread: 0 (of 11535 commits)
	 Errors in worker thread: 0
	 Put errors: 0, Del errors: 0, Get errors: 1757
***END OF RAMP-UP-THREADS OUTPUT***

ON PATH /mnt/pmfs/leveldb_client_name
KP: 9760: pinned new thread to CPU=0x0
KP: 9760: pinned new thread to CPU=0x1
KP: 9760: pinned new thread to CPU=0x2
KP: 9760: pinned new thread to CPU=0x3
KP: 9760: pinned new thread to CPU=0x4
KP: 9760: pinned new thread to CPU=0x5
KP: 9760: pinned new thread to CPU=0x6
KP: 9760: pinned new thread to CPU=0x7
KP: 9760: pinned new thread to CPU=0x8
KP: 9760: pinned new thread to CPU=0x9
KP: 9760: pinned new thread to CPU=0xA
KP: 9760: pinned new thread to CPU=0xB
KP: 9760: pinned new thread to CPU=0xC
KP: 9760: pinned new thread to CPU=0xD
KP: 9760: pinned new thread to CPU=0xE
KP: 9760: pinned new thread to CPU=0xF
KP: 9760: sleeping to allow threads enough time
KP: 9760: waking up from sleep (0)
For multithreaded run ramp r:99-w:0-u:0-d:1
	 1033149 total ops (0 puts + 1022762 gets + 10387 dels)
	 2000000 in runtime (usecs) = 2 secs = 0.516575 ops/usec
	 0.000000 op/sec put throughput (all threads)
	 511381.000000 op/sec get throughput (all threads)
	 5193.500000 op/sec del throughput (all threads)
	 516574.500000 op/sec total throughput (all threads)
	 Conflicts in worker thread: 0 (of 1304 commits)
	 Errors in worker thread: 0
	 Put errors: 0, Del errors: 0, Get errors: 63634
***END OF RAMP-UP-THREADS OUTPUT***

***CONCLUDING THREAD EVALUATION***
