KP: 5728: Using 16 for local hash table size (same as merge frequency), 1610000 for master hash table size
KP: 5728: Total memory allocation size (just evaluation, not kv stores themselves) could be up to 0 bytes (0 MB)
Will create 1610000 random integers for each child thread
Now starting evaluation for key-value store: kp_kvstore
On 16 cores
Running on storage platform: disk
Starting single-threaded tests

*** BEGINING SINGLE THREADED TESTS***

***NOW DOING LATENCY TEST ON INDIVIDUAL FUNCTIONS ***
For put-insert: 
	 time elapsed 0:133982 (sec:usec) = 133982 usecs 
	 iterations 50000 (merge every 8 -> 6250 merges)
	 average cost 2.679640 usecs
	 Conflicts: 0 (of 6249 commits)

For put-append: 
	 time elapsed 0:407758 (sec:usec) = 407758 usecs 
	 iterations 150000 (merge every 8 -> 18750 merges)
	 average cost 2.718387 usecs
	 Conflicts: 0 (of 18747 commits)

For get: 
	 time elapsed 0:267240 (sec:usec) = 267240 usecs 
	 iterations 150000 (merge every 8 -> 18750 merges)
	 average cost 1.781600 usecs
	 Conflicts: 0 (of 0 commits)

For delete: 
	 time elapsed 0:392455 (sec:usec) = 392455 usecs 
	 iterations 150000 (merge every 8 -> 18750 merges)
	 average cost 2.616367 usecs
	 Conflicts: 0 (of 18747 commits)


*** CONCLUDING SINGLE THREADED TESTS***

Starting multi-threaded tests: num_threads=1, NUM_CPUS=16
KP: 5728: pinned new thread to CPU=0x0
KP: 5728: sleeping to allow threads enough time
KP: 5728: waking up from sleep (0)
For multithreaded run ramp r:-1-w:30-u:70-d:1
	 1258688 total ops (1245702 puts + 0 gets + 12986 dels)
	 2000000 in runtime (usecs) = 2 secs = 0.629344 ops/usec
	 622851.000000 op/sec put throughput (all threads)
	 0.000000 op/sec get throughput (all threads)
	 6493.000000 op/sec del throughput (all threads)
	 629344.000000 op/sec total throughput (all threads)
	 Conflicts in worker thread: 0 (of 157336 commits)
	 Errors in worker thread: 0
	 Put errors: 0, Del errors: 0, Get errors: 0
***END OF RAMP-UP-THREADS OUTPUT***

KP: 5728: pinned new thread to CPU=0x0
KP: 5728: sleeping to allow threads enough time
KP: 5728: waking up from sleep (0)
For multithreaded run ramp r:19-w:24-u:56-d:1
	 1367871 total ops (1080850 puts + 273134 gets + 13887 dels)
	 2000000 in runtime (usecs) = 2 secs = 0.683936 ops/usec
	 540425.000000 op/sec put throughput (all threads)
	 136567.000000 op/sec get throughput (all threads)
	 6943.500000 op/sec del throughput (all threads)
	 683935.500000 op/sec total throughput (all threads)
	 Conflicts in worker thread: 0 (of 136843 commits)
	 Errors in worker thread: 0
	 Put errors: 0, Del errors: 0, Get errors: 0
***END OF RAMP-UP-THREADS OUTPUT***

KP: 5728: pinned new thread to CPU=0x0
KP: 5728: sleeping to allow threads enough time
KP: 5728: waking up from sleep (0)
For multithreaded run ramp r:39-w:18-u:42-d:1
	 1571057 total ops (926467 puts + 628797 gets + 15793 dels)
	 2000000 in runtime (usecs) = 2 secs = 0.785528 ops/usec
	 463233.500000 op/sec put throughput (all threads)
	 314398.500000 op/sec get throughput (all threads)
	 7896.500000 op/sec del throughput (all threads)
	 785528.500000 op/sec total throughput (all threads)
	 Conflicts in worker thread: 0 (of 117783 commits)
	 Errors in worker thread: 0
	 Put errors: 0, Del errors: 0, Get errors: 0
***END OF RAMP-UP-THREADS OUTPUT***

KP: 5728: pinned new thread to CPU=0x0
KP: 5728: sleeping to allow threads enough time
KP: 5728: waking up from sleep (0)
For multithreaded run ramp r:59-w:12-u:28-d:1
	 1855731 total ops (724496 puts + 1112930 gets + 18305 dels)
	 2000000 in runtime (usecs) = 2 secs = 0.927866 ops/usec
	 362248.000000 op/sec put throughput (all threads)
	 556465.000000 op/sec get throughput (all threads)
	 9152.500000 op/sec del throughput (all threads)
	 927865.500000 op/sec total throughput (all threads)
	 Conflicts in worker thread: 0 (of 92851 commits)
	 Errors in worker thread: 0
	 Put errors: 0, Del errors: 0, Get errors: 0
***END OF RAMP-UP-THREADS OUTPUT***

KP: 5728: pinned new thread to CPU=0x0
KP: 5728: sleeping to allow threads enough time
KP: 5728: waking up from sleep (0)
For multithreaded run ramp r:79-w:6-u:14-d:1
	 2319715 total ops (441217 puts + 1855022 gets + 23476 dels)
	 2000000 in runtime (usecs) = 2 secs = 1.159858 ops/usec
	 220608.500000 op/sec put throughput (all threads)
	 927511.000000 op/sec get throughput (all threads)
	 11738.000000 op/sec del throughput (all threads)
	 1159857.500000 op/sec total throughput (all threads)
	 Conflicts in worker thread: 0 (of 58087 commits)
	 Errors in worker thread: 0
	 Put errors: 0, Del errors: 0, Get errors: 0
***END OF RAMP-UP-THREADS OUTPUT***

KP: 5728: pinned new thread to CPU=0x0
KP: 5728: sleeping to allow threads enough time
KP: 5728: waking up from sleep (0)
For multithreaded run ramp r:99-w:0-u:0-d:1
	 3392906 total ops (0 puts + 3358728 gets + 34178 dels)
	 2000000 in runtime (usecs) = 2 secs = 1.696453 ops/usec
	 0.000000 op/sec put throughput (all threads)
	 1679364.125000 op/sec get throughput (all threads)
	 17089.000000 op/sec del throughput (all threads)
	 1696453.000000 op/sec total throughput (all threads)
	 Conflicts in worker thread: 0 (of 4273 commits)
	 Errors in worker thread: 0
	 Put errors: 0, Del errors: 0, Get errors: 0
***END OF RAMP-UP-THREADS OUTPUT***

***CONCLUDING THREAD EVALUATION***
