KP: 4624: Using 16 for local hash table size (same as merge frequency), 1610000 for master hash table size
KP: 4624: Total memory allocation size (just evaluation, not kv stores themselves) could be up to 0 bytes (0 MB)
Will create 1610000 random integers for each child thread
Now starting evaluation for key-value store: Masstree
On 16 cores
Running on storage platform: disk
Starting single-threaded tests

*** BEGINING SINGLE THREADED TESTS***

***NOW DOING LATENCY TEST ON INDIVIDUAL FUNCTIONS ***
For put-insert: 
	 time elapsed 0:475611 (sec:usec) = 475611 usecs 
	 iterations 10000 (merge every 8 -> 1250 merges)
	 average cost 47.561100 usecs
	 Conflicts: 0 (of 1249 commits)

For put-append: 
	 time elapsed 1:396075 (sec:usec) = 1396075 usecs 
	 iterations 30000 (merge every 8 -> 3750 merges)
	 average cost 46.535831 usecs
	 Conflicts: 0 (of 3747 commits)

For get: 
	 time elapsed 0:29328 (sec:usec) = 29328 usecs 
	 iterations 30000 (merge every 8 -> 3750 merges)
	 average cost 0.977600 usecs
	 Conflicts: 0 (of 0 commits)

For delete: 
	 time elapsed 0:22866 (sec:usec) = 22866 usecs 
	 iterations 30000 (merge every 8 -> 3750 merges)
	 average cost 0.762200 usecs
	 Conflicts: 0 (of 3747 commits)


*** CONCLUDING SINGLE THREADED TESTS***

Starting multi-threaded tests: num_threads=1, NUM_CPUS=16
KP: 4624: pinned new thread to CPU=0x0
KP: 4624: sleeping to allow threads enough time
KP: 4624: waking up from sleep (0)
For multithreaded run ramp r:-1-w:30-u:70-d:1
	 47636 total ops (47174 puts + 0 gets + 462 dels)
	 2000000 in runtime (usecs) = 2 secs = 0.023818 ops/usec
	 23587.000000 op/sec put throughput (all threads)
	 0.000000 op/sec get throughput (all threads)
	 231.000000 op/sec del throughput (all threads)
	 23818.000000 op/sec total throughput (all threads)
	 Conflicts in worker thread: 0 (of 5955 commits)
	 Errors in worker thread: 0
	 Put errors: 0, Del errors: 0, Get errors: 0
***END OF RAMP-UP-THREADS OUTPUT***

KP: 4624: pinned new thread to CPU=0x0
KP: 4624: sleeping to allow threads enough time
KP: 4624: pinned new thread to CPU=0x0
KP: 4624: sleeping to allow threads enough time
KP: 4624: pinned new thread to CPU=0x0
KP: 4624: sleeping to allow threads enough time
KP: 4624: pinned new thread to CPU=0x0
KP: 4624: sleeping to allow threads enough time
KP: 4624: pinned new thread to CPU=0x0
KP: 4624: sleeping to allow threads enough time
KP: 4624: waking up from sleep (0)
For multithreaded run ramp r:99-w:0-u:0-d:1
	 2848066 total ops (0 puts + 2819650 gets + 28416 dels)
	 2000000 in runtime (usecs) = 2 secs = 1.424033 ops/usec
	 0.000000 op/sec put throughput (all threads)
	 1409825.000000 op/sec get throughput (all threads)
	 14208.000000 op/sec del throughput (all threads)
	 1424033.000000 op/sec total throughput (all threads)
	 Conflicts in worker thread: 0 (of 3552 commits)
	 Errors in worker thread: 0
	 Put errors: 0, Del errors: 0, Get errors: 0
***END OF RAMP-UP-THREADS OUTPUT***

***CONCLUDING THREAD EVALUATION***
