KP: 8784: Using 16 for local hash table size (same as merge frequency), 1610000 for master hash table size
KP: 8784: Total memory allocation size (just evaluation, not kv stores themselves) could be up to 0 bytes (0 MB)
Will create 1610000 random integers for each child thread
Now starting evaluation for key-value store: Masstree
On 16 cores
Running on storage platform: disk
Starting single-threaded tests

*** BEGINING SINGLE THREADED TESTS***

***NOW DOING LATENCY TEST ON INDIVIDUAL FUNCTIONS ***
For put-insert: 
	 time elapsed 0:9842 (sec:usec) = 9842 usecs 
	 iterations 10000 (merge every 8 -> 1250 merges)
	 average cost 0.984200 usecs
	 Conflicts: 0 (of 1249 commits)

For put-append: 
	 time elapsed 0:26834 (sec:usec) = 26834 usecs 
	 iterations 30000 (merge every 8 -> 3750 merges)
	 average cost 0.894467 usecs
	 Conflicts: 0 (of 3747 commits)

For get: 
	 time elapsed 0:20892 (sec:usec) = 20892 usecs 
	 iterations 30000 (merge every 8 -> 3750 merges)
	 average cost 0.696400 usecs
	 Conflicts: 0 (of 0 commits)

For delete: 
	 time elapsed 0:20582 (sec:usec) = 20582 usecs 
	 iterations 30000 (merge every 8 -> 3750 merges)
	 average cost 0.686067 usecs
	 Conflicts: 0 (of 3747 commits)


*** CONCLUDING SINGLE THREADED TESTS***

Starting multi-threaded tests: num_threads=1, NUM_CPUS=16
KP: 8784: pinned new thread to CPU=0x0
KP: 8784: sleeping to allow threads enough time
KP: 8784: waking up from sleep (0)
For multithreaded run ramp r:-1-w:30-u:70-d:1
	 2219819 total ops (2197110 puts + 0 gets + 22709 dels)
	 2000000 in runtime (usecs) = 2 secs = 1.109910 ops/usec
	 1098555.000000 op/sec put throughput (all threads)
	 0.000000 op/sec get throughput (all threads)
	 11354.500000 op/sec del throughput (all threads)
	 1109909.500000 op/sec total throughput (all threads)
	 Conflicts in worker thread: 0 (of 277478 commits)
	 Errors in worker thread: 0
	 Put errors: 0, Del errors: 0, Get errors: 0
***END OF RAMP-UP-THREADS OUTPUT***

KP: 8784: pinned new thread to CPU=0x0
KP: 8784: sleeping to allow threads enough time
KP: 8784: pinned new thread to CPU=0x0
KP: 8784: sleeping to allow threads enough time
KP: 8784: pinned new thread to CPU=0x0
KP: 8784: sleeping to allow threads enough time
KP: 8784: pinned new thread to CPU=0x0
KP: 8784: sleeping to allow threads enough time
KP: 8784: pinned new thread to CPU=0x0
KP: 8784: sleeping to allow threads enough time
KP: 8784: waking up from sleep (0)
For multithreaded run ramp r:99-w:0-u:0-d:1
	 2966493 total ops (0 puts + 2936675 gets + 29818 dels)
	 2000000 in runtime (usecs) = 2 secs = 1.483246 ops/usec
	 0.000000 op/sec put throughput (all threads)
	 1468337.500000 op/sec get throughput (all threads)
	 14909.000000 op/sec del throughput (all threads)
	 1483246.500000 op/sec total throughput (all threads)
	 Conflicts in worker thread: 0 (of 3728 commits)
	 Errors in worker thread: 0
	 Put errors: 0, Del errors: 0, Get errors: 0
***END OF RAMP-UP-THREADS OUTPUT***

***CONCLUDING THREAD EVALUATION***
