KP: 6864: Using 1024 for local hash table size (same as merge frequency), 1610000 for master hash table size
KP: 6864: Total memory allocation size (just evaluation, not kv stores themselves) could be up to 0 bytes (0 MB)
Will create 1610000 random integers for each child thread
Now starting evaluation for key-value store: kp_kvstore
On 16 cores
Running on storage platform: disk
Starting single-threaded tests

*** BEGINING SINGLE THREADED TESTS***

***NOW DOING LATENCY TEST ON INDIVIDUAL FUNCTIONS ***
For put-insert: 
	 time elapsed 0:184586 (sec:usec) = 184586 usecs 
	 iterations 10000 (merge every 512 -> 19 merges)
	 average cost 18.458599 usecs
	 Conflicts: 0 (of 20 commits)

For put-append: 
	 time elapsed 0:434357 (sec:usec) = 434357 usecs 
	 iterations 30000 (merge every 512 -> 58 merges)
	 average cost 14.478567 usecs
	 Conflicts: 0 (of 60 commits)

For get: 
	 time elapsed 0:131790 (sec:usec) = 131790 usecs 
	 iterations 30000 (merge every 512 -> 58 merges)
	 average cost 4.393000 usecs
	 Conflicts: 0 (of 0 commits)

For delete: 
	 time elapsed 0:281268 (sec:usec) = 281268 usecs 
	 iterations 30000 (merge every 512 -> 58 merges)
	 average cost 9.375600 usecs
	 Conflicts: 0 (of 60 commits)


*** CONCLUDING SINGLE THREADED TESTS***

Starting multi-threaded tests: num_threads=1, NUM_CPUS=16
KP: 6864: pinned new thread to CPU=0x0
KP: 6864: sleeping to allow threads enough time
KP: 6864: waking up from sleep (0)
For multithreaded run ramp r:-1-w:30-u:70-d:1
	 308121 total ops (305208 puts + 0 gets + 2913 dels)
	 2000000 in runtime (usecs) = 2 secs = 0.154060 ops/usec
	 152604.000000 op/sec put throughput (all threads)
	 0.000000 op/sec get throughput (all threads)
	 1456.500000 op/sec del throughput (all threads)
	 154060.500000 op/sec total throughput (all threads)
	 Conflicts in worker thread: 0 (of 602 commits)
	 Errors in worker thread: 0
	 Put errors: 0, Del errors: 0, Get errors: 0
***END OF RAMP-UP-THREADS OUTPUT***

KP: 6864: pinned new thread to CPU=0x0
KP: 6864: sleeping to allow threads enough time
KP: 6864: waking up from sleep (0)
For multithreaded run ramp r:19-w:24-u:56-d:1
	 375794 total ops (297405 puts + 74738 gets + 3651 dels)
	 2000000 in runtime (usecs) = 2 secs = 0.187897 ops/usec
	 148702.500000 op/sec put throughput (all threads)
	 37369.000000 op/sec get throughput (all threads)
	 1825.500000 op/sec del throughput (all threads)
	 187897.000000 op/sec total throughput (all threads)
	 Conflicts in worker thread: 0 (of 588 commits)
	 Errors in worker thread: 0
	 Put errors: 0, Del errors: 0, Get errors: 0
***END OF RAMP-UP-THREADS OUTPUT***

KP: 6864: pinned new thread to CPU=0x0
KP: 6864: sleeping to allow threads enough time
KP: 6864: waking up from sleep (0)
For multithreaded run ramp r:39-w:18-u:42-d:1
	 482556 total ops (285026 puts + 192764 gets + 4766 dels)
	 2000000 in runtime (usecs) = 2 secs = 0.241278 ops/usec
	 142513.000000 op/sec put throughput (all threads)
	 96382.000000 op/sec get throughput (all threads)
	 2383.000000 op/sec del throughput (all threads)
	 241278.000000 op/sec total throughput (all threads)
	 Conflicts in worker thread: 0 (of 566 commits)
	 Errors in worker thread: 0
	 Put errors: 0, Del errors: 0, Get errors: 0
***END OF RAMP-UP-THREADS OUTPUT***

KP: 6864: pinned new thread to CPU=0x0
KP: 6864: sleeping to allow threads enough time
KP: 6864: waking up from sleep (0)
For multithreaded run ramp r:59-w:12-u:28-d:1
	 675434 total ops (263660 puts + 405098 gets + 6676 dels)
	 2000000 in runtime (usecs) = 2 secs = 0.337717 ops/usec
	 131830.000000 op/sec put throughput (all threads)
	 202549.000000 op/sec get throughput (all threads)
	 3337.999756 op/sec del throughput (all threads)
	 337717.000000 op/sec total throughput (all threads)
	 Conflicts in worker thread: 0 (of 528 commits)
	 Errors in worker thread: 0
	 Put errors: 0, Del errors: 0, Get errors: 0
***END OF RAMP-UP-THREADS OUTPUT***

KP: 6864: pinned new thread to CPU=0x0
KP: 6864: sleeping to allow threads enough time
KP: 6864: waking up from sleep (0)
For multithreaded run ramp r:79-w:6-u:14-d:1
	 1126315 total ops (214307 puts + 900789 gets + 11219 dels)
	 2000000 in runtime (usecs) = 2 secs = 0.563157 ops/usec
	 107153.500000 op/sec put throughput (all threads)
	 450394.500000 op/sec get throughput (all threads)
	 5609.500000 op/sec del throughput (all threads)
	 563157.500000 op/sec total throughput (all threads)
	 Conflicts in worker thread: 0 (of 441 commits)
	 Errors in worker thread: 0
	 Put errors: 0, Del errors: 0, Get errors: 0
***END OF RAMP-UP-THREADS OUTPUT***

KP: 6864: pinned new thread to CPU=0x0
KP: 6864: sleeping to allow threads enough time
KP: 6864: waking up from sleep (0)
For multithreaded run ramp r:99-w:0-u:0-d:1
	 3503676 total ops (0 puts + 3469375 gets + 34301 dels)
	 2000000 in runtime (usecs) = 2 secs = 1.751838 ops/usec
	 0.000000 op/sec put throughput (all threads)
	 1734687.500000 op/sec get throughput (all threads)
	 17150.500000 op/sec del throughput (all threads)
	 1751838.000000 op/sec total throughput (all threads)
	 Conflicts in worker thread: 0 (of 67 commits)
	 Errors in worker thread: 0
	 Put errors: 0, Del errors: 0, Get errors: 0
***END OF RAMP-UP-THREADS OUTPUT***

***CONCLUDING THREAD EVALUATION***
