KP: 7872: Using 32 for local hash table size (same as merge frequency), 1610000 for master hash table size
KP: 7872: Total memory allocation size (just evaluation, not kv stores themselves) could be up to 0 bytes (0 MB)
Will create 1610000 random integers for each child thread
Now starting evaluation for key-value store: kp_kvstore
On 16 cores
Running on storage platform: disk
Starting single-threaded tests

*** BEGINING SINGLE THREADED TESTS***

***NOW DOING LATENCY TEST ON INDIVIDUAL FUNCTIONS ***
For put-insert: 
	 time elapsed 0:196596 (sec:usec) = 196596 usecs 
	 iterations 10000 (merge every 16 -> 625 merges)
	 average cost 19.659599 usecs
	 Conflicts: 0 (of 624 commits)

For put-append: 
	 time elapsed 0:456792 (sec:usec) = 456792 usecs 
	 iterations 30000 (merge every 16 -> 1875 merges)
	 average cost 15.226400 usecs
	 Conflicts: 0 (of 1872 commits)

For get: 
	 time elapsed 0:131223 (sec:usec) = 131223 usecs 
	 iterations 30000 (merge every 16 -> 1875 merges)
	 average cost 4.374100 usecs
	 Conflicts: 0 (of 0 commits)

For delete: 
	 time elapsed 0:301852 (sec:usec) = 301852 usecs 
	 iterations 30000 (merge every 16 -> 1875 merges)
	 average cost 10.061733 usecs
	 Conflicts: 0 (of 1872 commits)


*** CONCLUDING SINGLE THREADED TESTS***

Starting multi-threaded tests: num_threads=1, NUM_CPUS=16
KP: 7872: pinned new thread to CPU=0x0
KP: 7872: sleeping to allow threads enough time
KP: 7872: waking up from sleep (0)
For multithreaded run ramp r:-1-w:30-u:70-d:1
	 242640 total ops (240268 puts + 0 gets + 2372 dels)
	 2000000 in runtime (usecs) = 2 secs = 0.121320 ops/usec
	 120134.000000 op/sec put throughput (all threads)
	 0.000000 op/sec get throughput (all threads)
	 1186.000000 op/sec del throughput (all threads)
	 121320.000000 op/sec total throughput (all threads)
	 Conflicts in worker thread: 0 (of 15165 commits)
	 Errors in worker thread: 0
	 Put errors: 0, Del errors: 0, Get errors: 0
***END OF RAMP-UP-THREADS OUTPUT***

KP: 7872: pinned new thread to CPU=0x0
KP: 7872: sleeping to allow threads enough time
KP: 7872: waking up from sleep (0)
For multithreaded run ramp r:19-w:24-u:56-d:1
	 296053 total ops (233757 puts + 59349 gets + 2947 dels)
	 2000000 in runtime (usecs) = 2 secs = 0.148026 ops/usec
	 116878.500000 op/sec put throughput (all threads)
	 29674.500000 op/sec get throughput (all threads)
	 1473.500000 op/sec del throughput (all threads)
	 148026.500000 op/sec total throughput (all threads)
	 Conflicts in worker thread: 0 (of 14794 commits)
	 Errors in worker thread: 0
	 Put errors: 0, Del errors: 0, Get errors: 0
***END OF RAMP-UP-THREADS OUTPUT***

KP: 7872: pinned new thread to CPU=0x0
KP: 7872: sleeping to allow threads enough time
KP: 7872: waking up from sleep (0)
For multithreaded run ramp r:39-w:18-u:42-d:1
	 378683 total ops (223791 puts + 151179 gets + 3713 dels)
	 2000000 in runtime (usecs) = 2 secs = 0.189342 ops/usec
	 111895.500000 op/sec put throughput (all threads)
	 75589.500000 op/sec get throughput (all threads)
	 1856.500000 op/sec del throughput (all threads)
	 189341.500000 op/sec total throughput (all threads)
	 Conflicts in worker thread: 0 (of 14219 commits)
	 Errors in worker thread: 0
	 Put errors: 0, Del errors: 0, Get errors: 0
***END OF RAMP-UP-THREADS OUTPUT***

KP: 7872: pinned new thread to CPU=0x0
KP: 7872: sleeping to allow threads enough time
KP: 7872: waking up from sleep (0)
For multithreaded run ramp r:59-w:12-u:28-d:1
	 534982 total ops (208957 puts + 320726 gets + 5299 dels)
	 2000000 in runtime (usecs) = 2 secs = 0.267491 ops/usec
	 104478.500000 op/sec put throughput (all threads)
	 160363.000000 op/sec get throughput (all threads)
	 2649.500000 op/sec del throughput (all threads)
	 267491.000000 op/sec total throughput (all threads)
	 Conflicts in worker thread: 0 (of 13391 commits)
	 Errors in worker thread: 0
	 Put errors: 0, Del errors: 0, Get errors: 0
***END OF RAMP-UP-THREADS OUTPUT***

KP: 7872: pinned new thread to CPU=0x0
KP: 7872: sleeping to allow threads enough time
KP: 7872: waking up from sleep (0)
For multithreaded run ramp r:79-w:6-u:14-d:1
	 920421 total ops (175026 puts + 736421 gets + 8974 dels)
	 2000000 in runtime (usecs) = 2 secs = 0.460211 ops/usec
	 87513.000000 op/sec put throughput (all threads)
	 368210.500000 op/sec get throughput (all threads)
	 4487.000000 op/sec del throughput (all threads)
	 460210.500000 op/sec total throughput (all threads)
	 Conflicts in worker thread: 0 (of 11500 commits)
	 Errors in worker thread: 0
	 Put errors: 0, Del errors: 0, Get errors: 0
***END OF RAMP-UP-THREADS OUTPUT***

KP: 7872: pinned new thread to CPU=0x0
KP: 7872: sleeping to allow threads enough time
KP: 7872: waking up from sleep (0)
For multithreaded run ramp r:99-w:0-u:0-d:1
	 3332618 total ops (0 puts + 3299952 gets + 32666 dels)
	 2000000 in runtime (usecs) = 2 secs = 1.666309 ops/usec
	 0.000000 op/sec put throughput (all threads)
	 1649976.000000 op/sec get throughput (all threads)
	 16333.000000 op/sec del throughput (all threads)
	 1666309.000000 op/sec total throughput (all threads)
	 Conflicts in worker thread: 0 (of 2042 commits)
	 Errors in worker thread: 0
	 Put errors: 0, Del errors: 0, Get errors: 0
***END OF RAMP-UP-THREADS OUTPUT***

***CONCLUDING THREAD EVALUATION***
