KP: 6240: Using 16 for local hash table size (same as merge frequency), 1610000 for master hash table size
KP: 6240: Total memory allocation size (just evaluation, not kv stores themselves) could be up to 0 bytes (0 MB)
Will create 100625 random integers for each child thread
Now starting evaluation for key-value store: kp_kvstore
On 16 cores
Running on storage platform: disk
Starting single-threaded tests

*** BEGINING SINGLE THREADED TESTS***

***NOW DOING LATENCY TEST ON INDIVIDUAL FUNCTIONS ***
For put-insert: 
	 time elapsed 0:204223 (sec:usec) = 204223 usecs 
	 iterations 10000 (merge every 8 -> 1250 merges)
	 average cost 20.422300 usecs
	 Conflicts: 0 (of 1249 commits)

For put-append: 
	 time elapsed 0:493005 (sec:usec) = 493005 usecs 
	 iterations 30000 (merge every 8 -> 3750 merges)
	 average cost 16.433500 usecs
	 Conflicts: 0 (of 3747 commits)

For get: 
	 time elapsed 0:126837 (sec:usec) = 126837 usecs 
	 iterations 30000 (merge every 8 -> 3750 merges)
	 average cost 4.227900 usecs
	 Conflicts: 0 (of 0 commits)

For delete: 
	 time elapsed 0:330510 (sec:usec) = 330510 usecs 
	 iterations 30000 (merge every 8 -> 3750 merges)
	 average cost 11.017000 usecs
	 Conflicts: 0 (of 3747 commits)


*** CONCLUDING SINGLE THREADED TESTS***

Starting multi-threaded tests: num_threads=16, NUM_CPUS=16
KP: 6240: pinned new thread to CPU=0x0
KP: 6240: pinned new thread to CPU=0x1
KP: 6240: pinned new thread to CPU=0x2
KP: 6240: pinned new thread to CPU=0x3
KP: 6240: pinned new thread to CPU=0x4
KP: 6240: pinned new thread to CPU=0x5
KP: 6240: pinned new thread to CPU=0x6
KP: 6240: pinned new thread to CPU=0x7
KP: 6240: pinned new thread to CPU=0x8
KP: 6240: pinned new thread to CPU=0x9
KP: 6240: pinned new thread to CPU=0xA
KP: 6240: pinned new thread to CPU=0xB
KP: 6240: pinned new thread to CPU=0xC
KP: 6240: pinned new thread to CPU=0xD
KP: 6240: pinned new thread to CPU=0xE
KP: 6240: pinned new thread to CPU=0xF
KP: 6240: sleeping to allow threads enough time
KP: 6240: waking up from sleep (0)
For multithreaded run ramp r:-1-w:30-u:70-d:1
	 1294736 total ops (1281729 puts + 0 gets + 13007 dels)
	 2000000 in runtime (usecs) = 2 secs = 0.647368 ops/usec
	 640864.500000 op/sec put throughput (all threads)
	 0.000000 op/sec get throughput (all threads)
	 6503.500000 op/sec del throughput (all threads)
	 647368.000000 op/sec total throughput (all threads)
	 Conflicts in worker thread: 152524 (of 161842 commits)
	 Errors in worker thread: 0
	 Put errors: 0, Del errors: 0, Get errors: 0
***END OF RAMP-UP-THREADS OUTPUT***

KP: 6240: pinned new thread to CPU=0x0
KP: 6240: pinned new thread to CPU=0x1
KP: 6240: pinned new thread to CPU=0x2
KP: 6240: pinned new thread to CPU=0x3
KP: 6240: pinned new thread to CPU=0x4
KP: 6240: pinned new thread to CPU=0x5
KP: 6240: pinned new thread to CPU=0x6
KP: 6240: pinned new thread to CPU=0x7
KP: 6240: pinned new thread to CPU=0x8
KP: 6240: pinned new thread to CPU=0x9
KP: 6240: pinned new thread to CPU=0xA
KP: 6240: pinned new thread to CPU=0xB
KP: 6240: pinned new thread to CPU=0xC
KP: 6240: pinned new thread to CPU=0xD
KP: 6240: pinned new thread to CPU=0xE
KP: 6240: pinned new thread to CPU=0xF
KP: 6240: sleeping to allow threads enough time
KP: 6240: waking up from sleep (0)
For multithreaded run ramp r:19-w:24-u:56-d:1
	 1532309 total ops (1212287 puts + 304885 gets + 15137 dels)
	 2000000 in runtime (usecs) = 2 secs = 0.766155 ops/usec
	 606143.500000 op/sec put throughput (all threads)
	 152442.500000 op/sec get throughput (all threads)
	 7568.500000 op/sec del throughput (all threads)
	 766154.500000 op/sec total throughput (all threads)
	 Conflicts in worker thread: 144177 (of 153428 commits)
	 Errors in worker thread: 0
	 Put errors: 0, Del errors: 0, Get errors: 0
***END OF RAMP-UP-THREADS OUTPUT***

KP: 6240: pinned new thread to CPU=0x0
KP: 6240: pinned new thread to CPU=0x1
KP: 6240: pinned new thread to CPU=0x2
KP: 6240: pinned new thread to CPU=0x3
KP: 6240: pinned new thread to CPU=0x4
KP: 6240: pinned new thread to CPU=0x5
KP: 6240: pinned new thread to CPU=0x6
KP: 6240: pinned new thread to CPU=0x7
KP: 6240: pinned new thread to CPU=0x8
KP: 6240: pinned new thread to CPU=0x9
KP: 6240: pinned new thread to CPU=0xA
KP: 6240: pinned new thread to CPU=0xB
KP: 6240: pinned new thread to CPU=0xC
KP: 6240: pinned new thread to CPU=0xD
KP: 6240: pinned new thread to CPU=0xE
KP: 6240: pinned new thread to CPU=0xF
KP: 6240: sleeping to allow threads enough time
KP: 6240: waking up from sleep (0)
For multithreaded run ramp r:39-w:18-u:42-d:1
	 1949315 total ops (1151172 puts + 778587 gets + 19556 dels)
	 2000000 in runtime (usecs) = 2 secs = 0.974657 ops/usec
	 575586.000000 op/sec put throughput (all threads)
	 389293.500000 op/sec get throughput (all threads)
	 9778.000000 op/sec del throughput (all threads)
	 974657.500000 op/sec total throughput (all threads)
	 Conflicts in worker thread: 137052 (of 146341 commits)
	 Errors in worker thread: 0
	 Put errors: 0, Del errors: 0, Get errors: 0
***END OF RAMP-UP-THREADS OUTPUT***

KP: 6240: pinned new thread to CPU=0x0
KP: 6240: pinned new thread to CPU=0x1
KP: 6240: pinned new thread to CPU=0x2
KP: 6240: pinned new thread to CPU=0x3
KP: 6240: pinned new thread to CPU=0x4
KP: 6240: pinned new thread to CPU=0x5
KP: 6240: pinned new thread to CPU=0x6
KP: 6240: pinned new thread to CPU=0x7
KP: 6240: pinned new thread to CPU=0x8
KP: 6240: pinned new thread to CPU=0x9
KP: 6240: pinned new thread to CPU=0xA
KP: 6240: pinned new thread to CPU=0xB
KP: 6240: pinned new thread to CPU=0xC
KP: 6240: pinned new thread to CPU=0xD
KP: 6240: pinned new thread to CPU=0xE
KP: 6240: pinned new thread to CPU=0xF
KP: 6240: sleeping to allow threads enough time
KP: 6240: waking up from sleep (0)
For multithreaded run ramp r:59-w:12-u:28-d:1
	 2696361 total ops (1052041 puts + 1617455 gets + 26865 dels)
	 2000000 in runtime (usecs) = 2 secs = 1.348181 ops/usec
	 526020.500000 op/sec put throughput (all threads)
	 808727.500000 op/sec get throughput (all threads)
	 13432.500000 op/sec del throughput (all threads)
	 1348180.500000 op/sec total throughput (all threads)
	 Conflicts in worker thread: 125576 (of 134865 commits)
	 Errors in worker thread: 0
	 Put errors: 0, Del errors: 0, Get errors: 0
***END OF RAMP-UP-THREADS OUTPUT***

KP: 6240: pinned new thread to CPU=0x0
KP: 6240: pinned new thread to CPU=0x1
KP: 6240: pinned new thread to CPU=0x2
KP: 6240: pinned new thread to CPU=0x3
KP: 6240: pinned new thread to CPU=0x4
KP: 6240: pinned new thread to CPU=0x5
KP: 6240: pinned new thread to CPU=0x6
KP: 6240: pinned new thread to CPU=0x7
KP: 6240: pinned new thread to CPU=0x8
KP: 6240: pinned new thread to CPU=0x9
KP: 6240: pinned new thread to CPU=0xA
KP: 6240: pinned new thread to CPU=0xB
KP: 6240: pinned new thread to CPU=0xC
KP: 6240: pinned new thread to CPU=0xD
KP: 6240: pinned new thread to CPU=0xE
KP: 6240: pinned new thread to CPU=0xF
KP: 6240: sleeping to allow threads enough time
KP: 6240: waking up from sleep (0)
For multithreaded run ramp r:79-w:6-u:14-d:1
	 4331625 total ops (826837 puts + 3461627 gets + 43161 dels)
	 2000000 in runtime (usecs) = 2 secs = 2.165812 ops/usec
	 413418.500000 op/sec put throughput (all threads)
	 1730813.500000 op/sec get throughput (all threads)
	 21580.501953 op/sec del throughput (all threads)
	 2165812.500000 op/sec total throughput (all threads)
	 Conflicts in worker thread: 99922 (of 108753 commits)
	 Errors in worker thread: 0
	 Put errors: 0, Del errors: 0, Get errors: 0
***END OF RAMP-UP-THREADS OUTPUT***

KP: 6240: pinned new thread to CPU=0x0
KP: 6240: pinned new thread to CPU=0x1
KP: 6240: pinned new thread to CPU=0x2
KP: 6240: pinned new thread to CPU=0x3
KP: 6240: pinned new thread to CPU=0x4
KP: 6240: pinned new thread to CPU=0x5
KP: 6240: pinned new thread to CPU=0x6
KP: 6240: pinned new thread to CPU=0x7
KP: 6240: pinned new thread to CPU=0x8
KP: 6240: pinned new thread to CPU=0x9
KP: 6240: pinned new thread to CPU=0xA
KP: 6240: pinned new thread to CPU=0xB
KP: 6240: pinned new thread to CPU=0xC
KP: 6240: pinned new thread to CPU=0xD
KP: 6240: pinned new thread to CPU=0xE
KP: 6240: pinned new thread to CPU=0xF
KP: 6240: sleeping to allow threads enough time
KP: 6240: waking up from sleep (0)
For multithreaded run ramp r:99-w:0-u:0-d:1
	 10994770 total ops (0 puts + 10884903 gets + 109867 dels)
	 2000000 in runtime (usecs) = 2 secs = 5.497385 ops/usec
	 0.000000 op/sec put throughput (all threads)
	 5442451.500000 op/sec get throughput (all threads)
	 54933.500000 op/sec del throughput (all threads)
	 5497385.000000 op/sec total throughput (all threads)
	 Conflicts in worker thread: 12389 (of 13735 commits)
	 Errors in worker thread: 0
	 Put errors: 0, Del errors: 0, Get errors: 0
***END OF RAMP-UP-THREADS OUTPUT***

***CONCLUDING THREAD EVALUATION***
