KP: 4560: Using 16 for local hash table size (same as merge frequency), 1610000 for master hash table size
KP: 4560: Total memory allocation size (just evaluation, not kv stores themselves) could be up to 0 bytes (0 MB)
Will create 1610000 random integers for each child thread
Now starting evaluation for key-value store: Masstree
On 16 cores
Running on storage platform: disk
Starting single-threaded tests

*** BEGINING SINGLE THREADED TESTS***

***NOW DOING LATENCY TEST ON INDIVIDUAL FUNCTIONS ***
For put-insert: 
	 time elapsed 0:10601 (sec:usec) = 10601 usecs 
	 iterations 10000 (merge every 8 -> 1250 merges)
	 average cost 1.060100 usecs
	 Conflicts: 0 (of 1249 commits)

For put-append: 
	 time elapsed 0:27075 (sec:usec) = 27075 usecs 
	 iterations 30000 (merge every 8 -> 3750 merges)
	 average cost 0.902500 usecs
	 Conflicts: 0 (of 3747 commits)

For get: 
	 time elapsed 0:20896 (sec:usec) = 20896 usecs 
	 iterations 30000 (merge every 8 -> 3750 merges)
	 average cost 0.696533 usecs
	 Conflicts: 0 (of 0 commits)

For delete: 
	 time elapsed 0:20629 (sec:usec) = 20629 usecs 
	 iterations 30000 (merge every 8 -> 3750 merges)
	 average cost 0.687633 usecs
	 Conflicts: 0 (of 3747 commits)


*** CONCLUDING SINGLE THREADED TESTS***

Starting multi-threaded tests: num_threads=1, NUM_CPUS=16
KP: 4560: pinned new thread to CPU=0x0
KP: 4560: sleeping to allow threads enough time
KP: 4560: waking up from sleep (0)
For multithreaded run ramp r:-1-w:30-u:70-d:1
	 2232716 total ops (2210459 puts + 0 gets + 22257 dels)
	 2000000 in runtime (usecs) = 2 secs = 1.116358 ops/usec
	 1105229.500000 op/sec put throughput (all threads)
	 0.000000 op/sec get throughput (all threads)
	 11128.500000 op/sec del throughput (all threads)
	 1116358.000000 op/sec total throughput (all threads)
	 Conflicts in worker thread: 0 (of 279090 commits)
	 Errors in worker thread: 0
	 Put errors: 0, Del errors: 0, Get errors: 0
***END OF RAMP-UP-THREADS OUTPUT***

KP: 4560: pinned new thread to CPU=0x0
KP: 4560: sleeping to allow threads enough time
KP: 4560: pinned new thread to CPU=0x0
KP: 4560: sleeping to allow threads enough time
KP: 4560: pinned new thread to CPU=0x0
KP: 4560: sleeping to allow threads enough time
KP: 4560: pinned new thread to CPU=0x0
KP: 4560: sleeping to allow threads enough time
KP: 4560: pinned new thread to CPU=0x0
KP: 4560: sleeping to allow threads enough time
KP: 4560: waking up from sleep (0)
For multithreaded run ramp r:99-w:0-u:0-d:1
	 2970403 total ops (0 puts + 2940710 gets + 29693 dels)
	 2000000 in runtime (usecs) = 2 secs = 1.485201 ops/usec
	 0.000000 op/sec put throughput (all threads)
	 1470355.000000 op/sec get throughput (all threads)
	 14846.500000 op/sec del throughput (all threads)
	 1485201.500000 op/sec total throughput (all threads)
	 Conflicts in worker thread: 0 (of 3712 commits)
	 Errors in worker thread: 0
	 Put errors: 0, Del errors: 0, Get errors: 0
***END OF RAMP-UP-THREADS OUTPUT***

***CONCLUDING THREAD EVALUATION***
