KP: 9504: Using 16 for local hash table size (same as merge frequency), 1610000 for master hash table size
KP: 9504: Total memory allocation size (just evaluation, not kv stores themselves) could be up to 0 bytes (0 MB)
Will create 1610000 random integers for each child thread
Now starting evaluation for key-value store: Masstree
On 16 cores
Running on storage platform: disk
Starting single-threaded tests

*** BEGINING SINGLE THREADED TESTS***

***NOW DOING LATENCY TEST ON INDIVIDUAL FUNCTIONS ***
For put-insert: 
	 time elapsed 0:980178 (sec:usec) = 980178 usecs 
	 iterations 10000 (merge every 8 -> 1250 merges)
	 average cost 98.017799 usecs
	 Conflicts: 0 (of 1249 commits)

For put-append: 
	 time elapsed 2:877551 (sec:usec) = 2877551 usecs 
	 iterations 30000 (merge every 8 -> 3750 merges)
	 average cost 95.918365 usecs
	 Conflicts: 0 (of 3747 commits)

For get: 
	 time elapsed 0:48596 (sec:usec) = 48596 usecs 
	 iterations 30000 (merge every 8 -> 3750 merges)
	 average cost 1.619867 usecs
	 Conflicts: 0 (of 0 commits)

For delete: 
	 time elapsed 0:26176 (sec:usec) = 26176 usecs 
	 iterations 30000 (merge every 8 -> 3750 merges)
	 average cost 0.872533 usecs
	 Conflicts: 0 (of 3747 commits)


*** CONCLUDING SINGLE THREADED TESTS***

Starting multi-threaded tests: num_threads=1, NUM_CPUS=16
KP: 9504: pinned new thread to CPU=0x0
KP: 9504: sleeping to allow threads enough time
KP: 9504: waking up from sleep (0)
For multithreaded run ramp r:-1-w:30-u:70-d:1
	 23038 total ops (22816 puts + 0 gets + 222 dels)
	 2000000 in runtime (usecs) = 2 secs = 0.011519 ops/usec
	 11408.000000 op/sec put throughput (all threads)
	 0.000000 op/sec get throughput (all threads)
	 111.000000 op/sec del throughput (all threads)
	 11519.000000 op/sec total throughput (all threads)
	 Conflicts in worker thread: 0 (of 2880 commits)
	 Errors in worker thread: 0
	 Put errors: 0, Del errors: 0, Get errors: 0
***END OF RAMP-UP-THREADS OUTPUT***

KP: 9504: pinned new thread to CPU=0x0
KP: 9504: sleeping to allow threads enough time
KP: 9504: pinned new thread to CPU=0x0
KP: 9504: sleeping to allow threads enough time
KP: 9504: pinned new thread to CPU=0x0
KP: 9504: sleeping to allow threads enough time
KP: 9504: pinned new thread to CPU=0x0
KP: 9504: sleeping to allow threads enough time
KP: 9504: pinned new thread to CPU=0x0
KP: 9504: sleeping to allow threads enough time
KP: 9504: waking up from sleep (0)
For multithreaded run ramp r:99-w:0-u:0-d:1
	 2960523 total ops (0 puts + 2930732 gets + 29791 dels)
	 2000000 in runtime (usecs) = 2 secs = 1.480261 ops/usec
	 0.000000 op/sec put throughput (all threads)
	 1465366.000000 op/sec get throughput (all threads)
	 14895.500000 op/sec del throughput (all threads)
	 1480261.500000 op/sec total throughput (all threads)
	 Conflicts in worker thread: 0 (of 3724 commits)
	 Errors in worker thread: 0
	 Put errors: 0, Del errors: 0, Get errors: 0
***END OF RAMP-UP-THREADS OUTPUT***

***CONCLUDING THREAD EVALUATION***
