KP: 9808: Using 16 for local hash table size (same as merge frequency), 1610000 for master hash table size
KP: 9808: Total memory allocation size (just evaluation, not kv stores themselves) could be up to 0 bytes (0 MB)
Will create 1610000 random integers for each child thread
Now starting evaluation for key-value store: Masstree
On 16 cores
Running on storage platform: disk
Starting single-threaded tests

*** BEGINING SINGLE THREADED TESTS***

***NOW DOING LATENCY TEST ON INDIVIDUAL FUNCTIONS ***
For put-insert: 
	 time elapsed 0:14100 (sec:usec) = 14100 usecs 
	 iterations 10000 (merge every 8 -> 1250 merges)
	 average cost 1.410000 usecs
	 Conflicts: 0 (of 1249 commits)

For put-append: 
	 time elapsed 0:45599 (sec:usec) = 45599 usecs 
	 iterations 30000 (merge every 8 -> 3750 merges)
	 average cost 1.519967 usecs
	 Conflicts: 0 (of 3747 commits)

For get: 
	 time elapsed 0:9898 (sec:usec) = 9898 usecs 
	 iterations 30000 (merge every 8 -> 3750 merges)
	 average cost 0.329933 usecs
	 Conflicts: 0 (of 0 commits)

For delete: 
	 time elapsed 0:8520 (sec:usec) = 8520 usecs 
	 iterations 30000 (merge every 8 -> 3750 merges)
	 average cost 0.284000 usecs
	 Conflicts: 0 (of 3747 commits)


*** CONCLUDING SINGLE THREADED TESTS***

Starting multi-threaded tests: num_threads=1, NUM_CPUS=16
KP: 9808: pinned new thread to CPU=0x0
KP: 9808: sleeping to allow threads enough time
KP: 9808: waking up from sleep (0)
For multithreaded run ramp r:-1-w:30-u:70-d:1
	 1674970 total ops (1657996 puts + 0 gets + 16974 dels)
	 2000000 in runtime (usecs) = 2 secs = 0.837485 ops/usec
	 828998.000000 op/sec put throughput (all threads)
	 0.000000 op/sec get throughput (all threads)
	 8487.000000 op/sec del throughput (all threads)
	 837485.000000 op/sec total throughput (all threads)
	 Conflicts in worker thread: 0 (of 209372 commits)
	 Errors in worker thread: 0
	 Put errors: 0, Del errors: 0, Get errors: 0
***END OF RAMP-UP-THREADS OUTPUT***

KP: 9808: pinned new thread to CPU=0x0
KP: 9808: sleeping to allow threads enough time
KP: 9808: pinned new thread to CPU=0x0
KP: 9808: sleeping to allow threads enough time
KP: 9808: pinned new thread to CPU=0x0
KP: 9808: sleeping to allow threads enough time
KP: 9808: pinned new thread to CPU=0x0
KP: 9808: sleeping to allow threads enough time
KP: 9808: pinned new thread to CPU=0x0
KP: 9808: sleeping to allow threads enough time
KP: 9808: waking up from sleep (0)
For multithreaded run ramp r:99-w:0-u:0-d:1
	 6674683 total ops (0 puts + 6607299 gets + 67384 dels)
	 2000000 in runtime (usecs) = 2 secs = 3.337342 ops/usec
	 0.000000 op/sec put throughput (all threads)
	 3303649.500000 op/sec get throughput (all threads)
	 33692.000000 op/sec del throughput (all threads)
	 3337341.500000 op/sec total throughput (all threads)
	 Conflicts in worker thread: 0 (of 8423 commits)
	 Errors in worker thread: 0
	 Put errors: 0, Del errors: 0, Get errors: 0
***END OF RAMP-UP-THREADS OUTPUT***

***CONCLUDING THREAD EVALUATION***
