KP: 9088: Using 128 for local hash table size (same as merge frequency), 1610000 for master hash table size
KP: 9088: Total memory allocation size (just evaluation, not kv stores themselves) could be up to 0 bytes (0 MB)
Will create 1610000 random integers for each child thread
Now starting evaluation for key-value store: Masstree
On 16 cores
Running on storage platform: disk
Starting single-threaded tests

*** BEGINING SINGLE THREADED TESTS***

***NOW DOING LATENCY TEST ON INDIVIDUAL FUNCTIONS ***
For put-insert: 
	 time elapsed 0:17755 (sec:usec) = 17755 usecs 
	 iterations 10000 (merge every 64 -> 156 merges)
	 average cost 1.775500 usecs
	 Conflicts: 0 (of 157 commits)

For put-append: 
	 time elapsed 0:60018 (sec:usec) = 60018 usecs 
	 iterations 30000 (merge every 64 -> 468 merges)
	 average cost 2.000600 usecs
	 Conflicts: 0 (of 471 commits)

For get: 
	 time elapsed 0:21539 (sec:usec) = 21539 usecs 
	 iterations 30000 (merge every 64 -> 468 merges)
	 average cost 0.717967 usecs
	 Conflicts: 0 (of 0 commits)

For delete: 
	 time elapsed 0:20528 (sec:usec) = 20528 usecs 
	 iterations 30000 (merge every 64 -> 468 merges)
	 average cost 0.684267 usecs
	 Conflicts: 0 (of 471 commits)


*** CONCLUDING SINGLE THREADED TESTS***

Starting multi-threaded tests: num_threads=1, NUM_CPUS=16
KP: 9088: pinned new thread to CPU=0x0
KP: 9088: sleeping to allow threads enough time
KP: 9088: waking up from sleep (0)
For multithreaded run ramp r:-1-w:30-u:70-d:1
	 1219043 total ops (1207123 puts + 0 gets + 11920 dels)
	 2000000 in runtime (usecs) = 2 secs = 0.609522 ops/usec
	 603561.500000 op/sec put throughput (all threads)
	 0.000000 op/sec get throughput (all threads)
	 5960.000000 op/sec del throughput (all threads)
	 609521.500000 op/sec total throughput (all threads)
	 Conflicts in worker thread: 0 (of 19048 commits)
	 Errors in worker thread: 0
	 Put errors: 0, Del errors: 0, Get errors: 0
***END OF RAMP-UP-THREADS OUTPUT***

KP: 9088: pinned new thread to CPU=0x0
KP: 9088: sleeping to allow threads enough time
KP: 9088: pinned new thread to CPU=0x0
KP: 9088: sleeping to allow threads enough time
KP: 9088: pinned new thread to CPU=0x0
KP: 9088: sleeping to allow threads enough time
KP: 9088: pinned new thread to CPU=0x0
KP: 9088: sleeping to allow threads enough time
KP: 9088: pinned new thread to CPU=0x0
KP: 9088: sleeping to allow threads enough time
KP: 9088: waking up from sleep (0)
For multithreaded run ramp r:99-w:0-u:0-d:1
	 2916957 total ops (0 puts + 2887828 gets + 29129 dels)
	 2000000 in runtime (usecs) = 2 secs = 1.458478 ops/usec
	 0.000000 op/sec put throughput (all threads)
	 1443914.000000 op/sec get throughput (all threads)
	 14564.500000 op/sec del throughput (all threads)
	 1458478.500000 op/sec total throughput (all threads)
	 Conflicts in worker thread: 0 (of 456 commits)
	 Errors in worker thread: 0
	 Put errors: 0, Del errors: 0, Get errors: 0
***END OF RAMP-UP-THREADS OUTPUT***

***CONCLUDING THREAD EVALUATION***
