KP: 5328: Using 16 for local hash table size (same as merge frequency), 1610000 for master hash table size
KP: 5328: Total memory allocation size (just evaluation, not kv stores themselves) could be up to 0 bytes (0 MB)
Will create 402500 random integers for each child thread
Now starting evaluation for key-value store: Masstree
On 16 cores
Running on storage platform: disk
Starting single-threaded tests

*** BEGINING SINGLE THREADED TESTS***

***NOW DOING LATENCY TEST ON INDIVIDUAL FUNCTIONS ***
For put-insert: 
	 time elapsed 0:17835 (sec:usec) = 17835 usecs 
	 iterations 10000 (merge every 8 -> 1250 merges)
	 average cost 1.783500 usecs
	 Conflicts: 0 (of 1249 commits)

For put-append: 
	 time elapsed 0:60325 (sec:usec) = 60325 usecs 
	 iterations 30000 (merge every 8 -> 3750 merges)
	 average cost 2.010833 usecs
	 Conflicts: 0 (of 3747 commits)

For get: 
	 time elapsed 0:22257 (sec:usec) = 22257 usecs 
	 iterations 30000 (merge every 8 -> 3750 merges)
	 average cost 0.741900 usecs
	 Conflicts: 0 (of 0 commits)

For delete: 
	 time elapsed 0:20637 (sec:usec) = 20637 usecs 
	 iterations 30000 (merge every 8 -> 3750 merges)
	 average cost 0.687900 usecs
	 Conflicts: 0 (of 3747 commits)


*** CONCLUDING SINGLE THREADED TESTS***

Starting multi-threaded tests: num_threads=4, NUM_CPUS=16
KP: 5328: pinned new thread to CPU=0x0
KP: 5328: pinned new thread to CPU=0x1
KP: 5328: pinned new thread to CPU=0x2
KP: 5328: pinned new thread to CPU=0x3
KP: 5328: sleeping to allow threads enough time
KP: 5328: waking up from sleep (0)
For multithreaded run ramp r:-1-w:30-u:70-d:1
	 1520618 total ops (1505430 puts + 0 gets + 15188 dels)
	 2000000 in runtime (usecs) = 2 secs = 0.760309 ops/usec
	 752715.000000 op/sec put throughput (all threads)
	 0.000000 op/sec get throughput (all threads)
	 7594.000000 op/sec del throughput (all threads)
	 760309.000000 op/sec total throughput (all threads)
	 Conflicts in worker thread: 0 (of 190079 commits)
	 Errors in worker thread: 0
	 Put errors: 0, Del errors: 0, Get errors: 0
***END OF RAMP-UP-THREADS OUTPUT***

KP: 5328: pinned new thread to CPU=0x0
KP: 5328: pinned new thread to CPU=0x1
KP: 5328: pinned new thread to CPU=0x2
KP: 5328: pinned new thread to CPU=0x3
KP: 5328: pinned new thread to CPU=0x0
KP: 5328: pinned new thread to CPU=0x1
KP: 5328: pinned new thread to CPU=0x2
KP: 5328: pinned new thread to CPU=0x3
KP: 5328: sleeping to allow threads enough time
KP: 5328: pinned new thread to CPU=0x0
KP: 5328: pinned new thread to CPU=0x1
KP: 5328: pinned new thread to CPU=0x2
KP: 5328: pinned new thread to CPU=0x0
KP: 5328: pinned new thread to CPU=0x1
KP: 5328: pinned new thread to CPU=0x2
KP: 5328: pinned new thread to CPU=0x3
KP: 5328: pinned new thread to CPU=0x0
KP: 5328: pinned new thread to CPU=0x1
KP: 5328: pinned new thread to CPU=0x2
KP: 5328: pinned new thread to CPU=0x3
KP: 5328: sleeping to allow threads enough time
KP: 5328: waking up from sleep (0)
For multithreaded run ramp r:99-w:0-u:0-d:1
	 8163452 total ops (0 puts + 8080519 gets + 82933 dels)
	 2000000 in runtime (usecs) = 2 secs = 4.081726 ops/usec
	 0.000000 op/sec put throughput (all threads)
	 4040259.500000 op/sec get throughput (all threads)
	 41466.500000 op/sec del throughput (all threads)
	 4081726.000000 op/sec total throughput (all threads)
	 Conflicts in worker thread: 0 (of 10368 commits)
	 Errors in worker thread: 0
	 Put errors: 0, Del errors: 0, Get errors: 0
***END OF RAMP-UP-THREADS OUTPUT***

***CONCLUDING THREAD EVALUATION***
