KP: 4032: Using 8 for local hash table size (same as merge frequency), 1610000 for master hash table size
KP: 4032: Total memory allocation size (just evaluation, not kv stores themselves) could be up to 0 bytes (0 MB)
Will create 1610000 random integers for each child thread
Now starting evaluation for key-value store: LevelDB
On 16 cores
Running on storage platform: ramdisk
Starting single-threaded tests

*** BEGINING SINGLE THREADED TESTS***

ON PATH /mnt/pmfs/leveldb_client_name
***NOW DOING LATENCY TEST ON INDIVIDUAL FUNCTIONS ***
For put-insert: 
	 time elapsed 0:14740 (sec:usec) = 14740 usecs 
	 iterations 1000 (merge every 4 -> 250 merges)
	 average cost 14.740000 usecs
	 Conflicts: 0 (of 249 commits)

For put-append: 
	 time elapsed 0:46593 (sec:usec) = 46593 usecs 
	 iterations 3000 (merge every 4 -> 750 merges)
	 average cost 15.531000 usecs
	 Conflicts: 0 (of 747 commits)

For get: 
	 time elapsed 0:6269 (sec:usec) = 6269 usecs 
	 iterations 3000 (merge every 4 -> 750 merges)
	 average cost 2.089667 usecs
	 Conflicts: 0 (of 0 commits)

For delete: 
	 time elapsed 0:29684 (sec:usec) = 29684 usecs 
	 iterations 3000 (merge every 4 -> 750 merges)
	 average cost 9.894667 usecs
	 Conflicts: 0 (of 747 commits)


*** CONCLUDING SINGLE THREADED TESTS***

Starting multi-threaded tests: num_threads=1, NUM_CPUS=16
ON PATH /mnt/pmfs/leveldb_client_name
KP: 4032: pinned new thread to CPU=0x0
KP: 4032: sleeping to allow threads enough time
KP: 4032: waking up from sleep (0)
For multithreaded run ramp r:-1-w:30-u:70-d:1
	 70020 total ops (69295 puts + 0 gets + 725 dels)
	 2000000 in runtime (usecs) = 2 secs = 0.035010 ops/usec
	 34647.500000 op/sec put throughput (all threads)
	 0.000000 op/sec get throughput (all threads)
	 362.500000 op/sec del throughput (all threads)
	 35010.000000 op/sec total throughput (all threads)
	 Conflicts in worker thread: 0 (of 17505 commits)
	 Errors in worker thread: 0
	 Put errors: 0, Del errors: 0, Get errors: 0
***END OF RAMP-UP-THREADS OUTPUT***

ON PATH /mnt/pmfs/leveldb_client_name
KP: 4032: pinned new thread to CPU=0x0
KP: 4032: sleeping to allow threads enough time
KP: 4032: waking up from sleep (0)
For multithreaded run ramp r:19-w:24-u:56-d:1
	 85552 total ops (67557 puts + 17104 gets + 891 dels)
	 2000000 in runtime (usecs) = 2 secs = 0.042776 ops/usec
	 33778.500000 op/sec put throughput (all threads)
	 8552.000000 op/sec get throughput (all threads)
	 445.500000 op/sec del throughput (all threads)
	 42776.000000 op/sec total throughput (all threads)
	 Conflicts in worker thread: 0 (of 17112 commits)
	 Errors in worker thread: 0
	 Put errors: 0, Del errors: 0, Get errors: 348
***END OF RAMP-UP-THREADS OUTPUT***

ON PATH /mnt/pmfs/leveldb_client_name
KP: 4032: pinned new thread to CPU=0x0
KP: 4032: sleeping to allow threads enough time
KP: 4032: waking up from sleep (0)
For multithreaded run ramp r:39-w:18-u:42-d:1
	 112309 total ops (66317 puts + 44845 gets + 1147 dels)
	 2000000 in runtime (usecs) = 2 secs = 0.056155 ops/usec
	 33158.500000 op/sec put throughput (all threads)
	 22422.500000 op/sec get throughput (all threads)
	 573.500061 op/sec del throughput (all threads)
	 56154.500000 op/sec total throughput (all threads)
	 Conflicts in worker thread: 0 (of 16866 commits)
	 Errors in worker thread: 0
	 Put errors: 0, Del errors: 0, Get errors: 1063
***END OF RAMP-UP-THREADS OUTPUT***

ON PATH /mnt/pmfs/leveldb_client_name
KP: 4032: pinned new thread to CPU=0x0
KP: 4032: sleeping to allow threads enough time
KP: 4032: waking up from sleep (0)
For multithreaded run ramp r:59-w:12-u:28-d:1
	 167409 total ops (64833 puts + 100929 gets + 1647 dels)
	 2000000 in runtime (usecs) = 2 secs = 0.083705 ops/usec
	 32416.500000 op/sec put throughput (all threads)
	 50464.500000 op/sec get throughput (all threads)
	 823.500061 op/sec del throughput (all threads)
	 83704.500000 op/sec total throughput (all threads)
	 Conflicts in worker thread: 0 (of 16620 commits)
	 Errors in worker thread: 0
	 Put errors: 0, Del errors: 0, Get errors: 3400
***END OF RAMP-UP-THREADS OUTPUT***

ON PATH /mnt/pmfs/leveldb_client_name
KP: 4032: pinned new thread to CPU=0x0
KP: 4032: sleeping to allow threads enough time
KP: 4032: waking up from sleep (0)
For multithreaded run ramp r:79-w:6-u:14-d:1
	 313323 total ops (59348 puts + 250903 gets + 3072 dels)
	 2000000 in runtime (usecs) = 2 secs = 0.156661 ops/usec
	 29674.000000 op/sec put throughput (all threads)
	 125451.500000 op/sec get throughput (all threads)
	 1536.000000 op/sec del throughput (all threads)
	 156661.500000 op/sec total throughput (all threads)
	 Conflicts in worker thread: 0 (of 15605 commits)
	 Errors in worker thread: 0
	 Put errors: 0, Del errors: 0, Get errors: 17606
***END OF RAMP-UP-THREADS OUTPUT***

ON PATH /mnt/pmfs/leveldb_client_name
KP: 4032: pinned new thread to CPU=0x0
KP: 4032: sleeping to allow threads enough time
KP: 4032: waking up from sleep (0)
For multithreaded run ramp r:99-w:0-u:0-d:1
	 2192274 total ops (0 puts + 2170197 gets + 22077 dels)
	 2000000 in runtime (usecs) = 2 secs = 1.096137 ops/usec
	 0.000000 op/sec put throughput (all threads)
	 1085098.500000 op/sec get throughput (all threads)
	 11038.500000 op/sec del throughput (all threads)
	 1096137.000000 op/sec total throughput (all threads)
	 Conflicts in worker thread: 0 (of 5520 commits)
	 Errors in worker thread: 0
	 Put errors: 0, Del errors: 0, Get errors: 2169973
***END OF RAMP-UP-THREADS OUTPUT***

***CONCLUDING THREAD EVALUATION***
