KP: 8288: Using 16 for local hash table size (same as merge frequency), 1610000 for master hash table size
KP: 8288: Total memory allocation size (just evaluation, not kv stores themselves) could be up to 0 bytes (0 MB)
Will create 402500 random integers for each child thread
Now starting evaluation for key-value store: LevelDB
On 16 cores
Running on storage platform: ramdisk
Starting single-threaded tests

*** BEGINING SINGLE THREADED TESTS***

ON PATH /mnt/pmfs/leveldb_client_name
***NOW DOING LATENCY TEST ON INDIVIDUAL FUNCTIONS ***
For put-insert: 
	 time elapsed 0:13280 (sec:usec) = 13280 usecs 
	 iterations 1000 (merge every 8 -> 125 merges)
	 average cost 13.280000 usecs
	 Conflicts: 0 (of 124 commits)

For put-append: 
	 time elapsed 0:41676 (sec:usec) = 41676 usecs 
	 iterations 3000 (merge every 8 -> 375 merges)
	 average cost 13.892000 usecs
	 Conflicts: 0 (of 372 commits)

For get: 
	 time elapsed 0:6178 (sec:usec) = 6178 usecs 
	 iterations 3000 (merge every 8 -> 375 merges)
	 average cost 2.059333 usecs
	 Conflicts: 0 (of 0 commits)

For delete: 
	 time elapsed 0:21662 (sec:usec) = 21662 usecs 
	 iterations 3000 (merge every 8 -> 375 merges)
	 average cost 7.220667 usecs
	 Conflicts: 0 (of 372 commits)


*** CONCLUDING SINGLE THREADED TESTS***

Starting multi-threaded tests: num_threads=4, NUM_CPUS=16
ON PATH /mnt/pmfs/leveldb_client_name
KP: 8288: pinned new thread to CPU=0x0
KP: 8288: pinned new thread to CPU=0x1
KP: 8288: pinned new thread to CPU=0x2
KP: 8288: pinned new thread to CPU=0x3
KP: 8288: sleeping to allow threads enough time
KP: 8288: waking up from sleep (0)
For multithreaded run ramp r:-1-w:30-u:70-d:1
	 93584 total ops (92667 puts + 0 gets + 917 dels)
	 2000000 in runtime (usecs) = 2 secs = 0.046792 ops/usec
	 46333.500000 op/sec put throughput (all threads)
	 0.000000 op/sec get throughput (all threads)
	 458.500000 op/sec del throughput (all threads)
	 46792.000000 op/sec total throughput (all threads)
	 Conflicts in worker thread: 0 (of 11698 commits)
	 Errors in worker thread: 0
	 Put errors: 0, Del errors: 0, Get errors: 0
***END OF RAMP-UP-THREADS OUTPUT***

ON PATH /mnt/pmfs/leveldb_client_name
KP: 8288: pinned new thread to CPU=0x0
KP: 8288: pinned new thread to CPU=0x1
KP: 8288: pinned new thread to CPU=0x2
KP: 8288: pinned new thread to CPU=0x3
KP: 8288: sleeping to allow threads enough time
KP: 8288: waking up from sleep (0)
For multithreaded run ramp r:19-w:24-u:56-d:1
	 117949 total ops (93128 puts + 23677 gets + 1144 dels)
	 2000000 in runtime (usecs) = 2 secs = 0.058975 ops/usec
	 46564.000000 op/sec put throughput (all threads)
	 11838.500000 op/sec get throughput (all threads)
	 572.000000 op/sec del throughput (all threads)
	 58974.500000 op/sec total throughput (all threads)
	 Conflicts in worker thread: 0 (of 11784 commits)
	 Errors in worker thread: 0
	 Put errors: 0, Del errors: 0, Get errors: 113
***END OF RAMP-UP-THREADS OUTPUT***

ON PATH /mnt/pmfs/leveldb_client_name
KP: 8288: pinned new thread to CPU=0x0
KP: 8288: pinned new thread to CPU=0x1
KP: 8288: pinned new thread to CPU=0x2
KP: 8288: pinned new thread to CPU=0x3
KP: 8288: sleeping to allow threads enough time
KP: 8288: waking up from sleep (0)
For multithreaded run ramp r:39-w:18-u:42-d:1
	 156813 total ops (92329 puts + 62947 gets + 1537 dels)
	 2000000 in runtime (usecs) = 2 secs = 0.078406 ops/usec
	 46164.500000 op/sec put throughput (all threads)
	 31473.500000 op/sec get throughput (all threads)
	 768.499939 op/sec del throughput (all threads)
	 78406.500000 op/sec total throughput (all threads)
	 Conflicts in worker thread: 0 (of 11734 commits)
	 Errors in worker thread: 0
	 Put errors: 0, Del errors: 0, Get errors: 451
***END OF RAMP-UP-THREADS OUTPUT***

ON PATH /mnt/pmfs/leveldb_client_name
KP: 8288: pinned new thread to CPU=0x0
KP: 8288: pinned new thread to CPU=0x1
KP: 8288: pinned new thread to CPU=0x2
KP: 8288: pinned new thread to CPU=0x3
KP: 8288: sleeping to allow threads enough time
KP: 8288: waking up from sleep (0)
For multithreaded run ramp r:59-w:12-u:28-d:1
	 236563 total ops (92141 puts + 142123 gets + 2299 dels)
	 2000000 in runtime (usecs) = 2 secs = 0.118281 ops/usec
	 46070.500000 op/sec put throughput (all threads)
	 71061.507812 op/sec get throughput (all threads)
	 1149.500000 op/sec del throughput (all threads)
	 118281.500000 op/sec total throughput (all threads)
	 Conflicts in worker thread: 0 (of 11805 commits)
	 Errors in worker thread: 0
	 Put errors: 0, Del errors: 0, Get errors: 1415
***END OF RAMP-UP-THREADS OUTPUT***

ON PATH /mnt/pmfs/leveldb_client_name
KP: 8288: pinned new thread to CPU=0x0
KP: 8288: pinned new thread to CPU=0x1
KP: 8288: pinned new thread to CPU=0x2
KP: 8288: pinned new thread to CPU=0x3
KP: 8288: sleeping to allow threads enough time
KP: 8288: waking up from sleep (0)
For multithreaded run ramp r:79-w:6-u:14-d:1
	 484896 total ops (91581 puts + 388512 gets + 4803 dels)
	 2000000 in runtime (usecs) = 2 secs = 0.242448 ops/usec
	 45790.500000 op/sec put throughput (all threads)
	 194256.000000 op/sec get throughput (all threads)
	 2401.500000 op/sec del throughput (all threads)
	 242448.000000 op/sec total throughput (all threads)
	 Conflicts in worker thread: 0 (of 12048 commits)
	 Errors in worker thread: 0
	 Put errors: 0, Del errors: 0, Get errors: 7177
***END OF RAMP-UP-THREADS OUTPUT***

ON PATH /mnt/pmfs/leveldb_client_name
KP: 8288: pinned new thread to CPU=0x0
KP: 8288: pinned new thread to CPU=0x1
KP: 8288: pinned new thread to CPU=0x2
KP: 8288: pinned new thread to CPU=0x3
KP: 8288: sleeping to allow threads enough time
KP: 8288: waking up from sleep (0)
For multithreaded run ramp r:99-w:0-u:0-d:1
	 2583353 total ops (0 puts + 2557825 gets + 25528 dels)
	 2000000 in runtime (usecs) = 2 secs = 1.291677 ops/usec
	 0.000000 op/sec put throughput (all threads)
	 1278912.500000 op/sec get throughput (all threads)
	 12764.000000 op/sec del throughput (all threads)
	 1291676.500000 op/sec total throughput (all threads)
	 Conflicts in worker thread: 0 (of 3191 commits)
	 Errors in worker thread: 0
	 Put errors: 0, Del errors: 0, Get errors: 643930
***END OF RAMP-UP-THREADS OUTPUT***

***CONCLUDING THREAD EVALUATION***
