KP: 8272: Using 16 for local hash table size (same as merge frequency), 1610000 for master hash table size
KP: 8272: Total memory allocation size (just evaluation, not kv stores themselves) could be up to 0 bytes (0 MB)
Will create 1610000 random integers for each child thread
Now starting evaluation for key-value store: LevelDB
On 16 cores
Running on storage platform: ramdisk
Starting single-threaded tests

*** BEGINING SINGLE THREADED TESTS***

ON PATH /mnt/pmfs/leveldb_client_name
***NOW DOING LATENCY TEST ON INDIVIDUAL FUNCTIONS ***
For put-insert: 
	 time elapsed 0:13173 (sec:usec) = 13173 usecs 
	 iterations 1000 (merge every 8 -> 125 merges)
	 average cost 13.173000 usecs
	 Conflicts: 0 (of 124 commits)

For put-append: 
	 time elapsed 0:41821 (sec:usec) = 41821 usecs 
	 iterations 3000 (merge every 8 -> 375 merges)
	 average cost 13.940333 usecs
	 Conflicts: 0 (of 372 commits)

For get: 
	 time elapsed 0:6242 (sec:usec) = 6242 usecs 
	 iterations 3000 (merge every 8 -> 375 merges)
	 average cost 2.080667 usecs
	 Conflicts: 0 (of 0 commits)

For delete: 
	 time elapsed 0:21536 (sec:usec) = 21536 usecs 
	 iterations 3000 (merge every 8 -> 375 merges)
	 average cost 7.178667 usecs
	 Conflicts: 0 (of 372 commits)


*** CONCLUDING SINGLE THREADED TESTS***

Starting multi-threaded tests: num_threads=1, NUM_CPUS=16
ON PATH /mnt/pmfs/leveldb_client_name
KP: 8272: pinned new thread to CPU=0x0
KP: 8272: sleeping to allow threads enough time
KP: 8272: waking up from sleep (0)
For multithreaded run ramp r:-1-w:30-u:70-d:1
	 73696 total ops (72941 puts + 0 gets + 755 dels)
	 2000000 in runtime (usecs) = 2 secs = 0.036848 ops/usec
	 36470.500000 op/sec put throughput (all threads)
	 0.000000 op/sec get throughput (all threads)
	 377.500000 op/sec del throughput (all threads)
	 36848.000000 op/sec total throughput (all threads)
	 Conflicts in worker thread: 0 (of 9212 commits)
	 Errors in worker thread: 0
	 Put errors: 0, Del errors: 0, Get errors: 0
***END OF RAMP-UP-THREADS OUTPUT***

ON PATH /mnt/pmfs/leveldb_client_name
KP: 8272: pinned new thread to CPU=0x0
KP: 8272: sleeping to allow threads enough time
KP: 8272: waking up from sleep (0)
For multithreaded run ramp r:19-w:24-u:56-d:1
	 91175 total ops (72024 puts + 18223 gets + 928 dels)
	 2000000 in runtime (usecs) = 2 secs = 0.045587 ops/usec
	 36012.000000 op/sec put throughput (all threads)
	 9111.500000 op/sec get throughput (all threads)
	 464.000000 op/sec del throughput (all threads)
	 45587.500000 op/sec total throughput (all threads)
	 Conflicts in worker thread: 0 (of 9119 commits)
	 Errors in worker thread: 0
	 Put errors: 0, Del errors: 0, Get errors: 353
***END OF RAMP-UP-THREADS OUTPUT***

ON PATH /mnt/pmfs/leveldb_client_name
KP: 8272: pinned new thread to CPU=0x0
KP: 8272: sleeping to allow threads enough time
KP: 8272: waking up from sleep (0)
For multithreaded run ramp r:39-w:18-u:42-d:1
	 119962 total ops (70889 puts + 47872 gets + 1201 dels)
	 2000000 in runtime (usecs) = 2 secs = 0.059981 ops/usec
	 35444.500000 op/sec put throughput (all threads)
	 23936.000000 op/sec get throughput (all threads)
	 600.499939 op/sec del throughput (all threads)
	 59981.000000 op/sec total throughput (all threads)
	 Conflicts in worker thread: 0 (of 9012 commits)
	 Errors in worker thread: 0
	 Put errors: 0, Del errors: 0, Get errors: 1173
***END OF RAMP-UP-THREADS OUTPUT***

ON PATH /mnt/pmfs/leveldb_client_name
KP: 8272: pinned new thread to CPU=0x0
KP: 8272: sleeping to allow threads enough time
KP: 8272: waking up from sleep (0)
For multithreaded run ramp r:59-w:12-u:28-d:1
	 177506 total ops (69275 puts + 106434 gets + 1797 dels)
	 2000000 in runtime (usecs) = 2 secs = 0.088753 ops/usec
	 34637.500000 op/sec put throughput (all threads)
	 53217.000000 op/sec get throughput (all threads)
	 898.499939 op/sec del throughput (all threads)
	 88753.000000 op/sec total throughput (all threads)
	 Conflicts in worker thread: 0 (of 8884 commits)
	 Errors in worker thread: 0
	 Put errors: 0, Del errors: 0, Get errors: 3687
***END OF RAMP-UP-THREADS OUTPUT***

ON PATH /mnt/pmfs/leveldb_client_name
KP: 8272: pinned new thread to CPU=0x0
KP: 8272: sleeping to allow threads enough time
KP: 8272: waking up from sleep (0)
For multithreaded run ramp r:79-w:6-u:14-d:1
	 337054 total ops (63678 puts + 269966 gets + 3410 dels)
	 2000000 in runtime (usecs) = 2 secs = 0.168527 ops/usec
	 31839.000000 op/sec put throughput (all threads)
	 134983.000000 op/sec get throughput (all threads)
	 1704.999878 op/sec del throughput (all threads)
	 168527.000000 op/sec total throughput (all threads)
	 Conflicts in worker thread: 0 (of 8386 commits)
	 Errors in worker thread: 0
	 Put errors: 0, Del errors: 0, Get errors: 20269
***END OF RAMP-UP-THREADS OUTPUT***

ON PATH /mnt/pmfs/leveldb_client_name
KP: 8272: pinned new thread to CPU=0x0
KP: 8272: sleeping to allow threads enough time
KP: 8272: waking up from sleep (0)
For multithreaded run ramp r:99-w:0-u:0-d:1
	 2241245 total ops (0 puts + 2218572 gets + 22673 dels)
	 2000000 in runtime (usecs) = 2 secs = 1.120623 ops/usec
	 0.000000 op/sec put throughput (all threads)
	 1109286.000000 op/sec get throughput (all threads)
	 11336.500000 op/sec del throughput (all threads)
	 1120622.500000 op/sec total throughput (all threads)
	 Conflicts in worker thread: 0 (of 2835 commits)
	 Errors in worker thread: 0
	 Put errors: 0, Del errors: 0, Get errors: 2217733
***END OF RAMP-UP-THREADS OUTPUT***

***CONCLUDING THREAD EVALUATION***
