KP: 1472: Using 16 for local hash table size (same as merge frequency), 1610000 for master hash table size
KP: 1472: Total memory allocation size (just evaluation, not kv stores themselves) could be up to 0 bytes (0 MB)
Will create 1610000 random integers for each child thread
Now starting evaluation for key-value store: Masstree
On 16 cores
Running on storage platform: disk
Starting single-threaded tests

*** BEGINING SINGLE THREADED TESTS***

***NOW DOING LATENCY TEST ON INDIVIDUAL FUNCTIONS ***
For put-insert: 
	 time elapsed 0:90963 (sec:usec) = 90963 usecs 
	 iterations 100000 (merge every 8 -> 12500 merges)
	 average cost 0.909630 usecs
	 Conflicts: 0 (of 12499 commits)

For put-append: 
	 time elapsed 0:280980 (sec:usec) = 280980 usecs 
	 iterations 300000 (merge every 8 -> 37500 merges)
	 average cost 0.936600 usecs
	 Conflicts: 0 (of 37497 commits)

For get: 
	 time elapsed 0:212460 (sec:usec) = 212460 usecs 
	 iterations 300000 (merge every 8 -> 37500 merges)
	 average cost 0.708200 usecs
	 Conflicts: 0 (of 0 commits)

For delete: 
	 time elapsed 0:209616 (sec:usec) = 209616 usecs 
	 iterations 300000 (merge every 8 -> 37500 merges)
	 average cost 0.698720 usecs
	 Conflicts: 0 (of 37497 commits)


*** CONCLUDING SINGLE THREADED TESTS***

Starting multi-threaded tests: num_threads=1, NUM_CPUS=16
KP: 1472: pinned new thread to CPU=0x0
KP: 1472: sleeping to allow threads enough time
KP: 1472: waking up from sleep (0)
For multithreaded run ramp r:-1-w:30-u:70-d:1
	 2202157 total ops (2180365 puts + 0 gets + 21792 dels)
	 2000000 in runtime (usecs) = 2 secs = 1.101079 ops/usec
	 1090182.500000 op/sec put throughput (all threads)
	 0.000000 op/sec get throughput (all threads)
	 10896.000000 op/sec del throughput (all threads)
	 1101078.500000 op/sec total throughput (all threads)
	 Conflicts in worker thread: 0 (of 275270 commits)
	 Errors in worker thread: 0
	 Put errors: 0, Del errors: 0, Get errors: 0
***END OF RAMP-UP-THREADS OUTPUT***

KP: 1472: pinned new thread to CPU=0x0
KP: 1472: sleeping to allow threads enough time
KP: 1472: pinned new thread to CPU=0x0
KP: 1472: sleeping to allow threads enough time
KP: 1472: pinned new thread to CPU=0x0
KP: 1472: sleeping to allow threads enough time
KP: 1472: pinned new thread to CPU=0x0
KP: 1472: sleeping to allow threads enough time
KP: 1472: pinned new thread to CPU=0x0
KP: 1472: sleeping to allow threads enough time
KP: 1472: waking up from sleep (0)
For multithreaded run ramp r:99-w:0-u:0-d:1
	 2974555 total ops (0 puts + 2945100 gets + 29455 dels)
	 2000000 in runtime (usecs) = 2 secs = 1.487278 ops/usec
	 0.000000 op/sec put throughput (all threads)
	 1472550.000000 op/sec get throughput (all threads)
	 14727.500000 op/sec del throughput (all threads)
	 1487277.500000 op/sec total throughput (all threads)
	 Conflicts in worker thread: 0 (of 3682 commits)
	 Errors in worker thread: 0
	 Put errors: 0, Del errors: 0, Get errors: 0
***END OF RAMP-UP-THREADS OUTPUT***

***CONCLUDING THREAD EVALUATION***
