KP: 6656: Using 16 for local hash table size (same as merge frequency), 1610000 for master hash table size
KP: 6656: Total memory allocation size (just evaluation, not kv stores themselves) could be up to 0 bytes (0 MB)
Will create 1610000 random integers for each child thread
Now starting evaluation for key-value store: Masstree
On 16 cores
Running on storage platform: disk
Starting single-threaded tests

*** BEGINING SINGLE THREADED TESTS***

***NOW DOING LATENCY TEST ON INDIVIDUAL FUNCTIONS ***
For put-insert: 
	 time elapsed 0:17752 (sec:usec) = 17752 usecs 
	 iterations 10000 (merge every 8 -> 1250 merges)
	 average cost 1.775200 usecs
	 Conflicts: 0 (of 1249 commits)

For put-append: 
	 time elapsed 0:53059 (sec:usec) = 53059 usecs 
	 iterations 30000 (merge every 8 -> 3750 merges)
	 average cost 1.768633 usecs
	 Conflicts: 0 (of 3747 commits)

For get: 
	 time elapsed 0:21086 (sec:usec) = 21086 usecs 
	 iterations 30000 (merge every 8 -> 3750 merges)
	 average cost 0.702867 usecs
	 Conflicts: 0 (of 0 commits)

For delete: 
	 time elapsed 0:20629 (sec:usec) = 20629 usecs 
	 iterations 30000 (merge every 8 -> 3750 merges)
	 average cost 0.687633 usecs
	 Conflicts: 0 (of 3747 commits)


*** CONCLUDING SINGLE THREADED TESTS***

Starting multi-threaded tests: num_threads=1, NUM_CPUS=16
KP: 6656: pinned new thread to CPU=0x0
KP: 6656: sleeping to allow threads enough time
KP: 6656: waking up from sleep (0)
For multithreaded run ramp r:-1-w:30-u:70-d:1
	 1239273 total ops (1226852 puts + 0 gets + 12421 dels)
	 2000000 in runtime (usecs) = 2 secs = 0.619636 ops/usec
	 613426.000000 op/sec put throughput (all threads)
	 0.000000 op/sec get throughput (all threads)
	 6210.500000 op/sec del throughput (all threads)
	 619636.500000 op/sec total throughput (all threads)
	 Conflicts in worker thread: 0 (of 154910 commits)
	 Errors in worker thread: 0
	 Put errors: 0, Del errors: 0, Get errors: 0
***END OF RAMP-UP-THREADS OUTPUT***

KP: 6656: pinned new thread to CPU=0x0
KP: 6656: sleeping to allow threads enough time
KP: 6656: pinned new thread to CPU=0x0
KP: 6656: sleeping to allow threads enough time
KP: 6656: pinned new thread to CPU=0x0
KP: 6656: sleeping to allow threads enough time
KP: 6656: pinned new thread to CPU=0x0
KP: 6656: sleeping to allow threads enough time
KP: 6656: pinned new thread to CPU=0x0
KP: 6656: sleeping to allow threads enough time
KP: 6656: waking up from sleep (0)
For multithreaded run ramp r:99-w:0-u:0-d:1
	 2853606 total ops (0 puts + 2825101 gets + 28505 dels)
	 2000000 in runtime (usecs) = 2 secs = 1.426803 ops/usec
	 0.000000 op/sec put throughput (all threads)
	 1412550.500000 op/sec get throughput (all threads)
	 14252.500000 op/sec del throughput (all threads)
	 1426803.000000 op/sec total throughput (all threads)
	 Conflicts in worker thread: 0 (of 3564 commits)
	 Errors in worker thread: 0
	 Put errors: 0, Del errors: 0, Get errors: 0
***END OF RAMP-UP-THREADS OUTPUT***

***CONCLUDING THREAD EVALUATION***
