KP: 7920: Using 16 for local hash table size (same as merge frequency), 1610000 for master hash table size
KP: 7920: Total memory allocation size (just evaluation, not kv stores themselves) could be up to 0 bytes (0 MB)
Will create 1610000 random integers for each child thread
Now starting evaluation for key-value store: Masstree
On 16 cores
Running on storage platform: disk
Starting single-threaded tests

*** BEGINING SINGLE THREADED TESTS***

***NOW DOING LATENCY TEST ON INDIVIDUAL FUNCTIONS ***
For put-insert: 
	 time elapsed 0:13297 (sec:usec) = 13297 usecs 
	 iterations 10000 (merge every 8 -> 1250 merges)
	 average cost 1.329700 usecs
	 Conflicts: 0 (of 1249 commits)

For put-append: 
	 time elapsed 0:40787 (sec:usec) = 40787 usecs 
	 iterations 30000 (merge every 8 -> 3750 merges)
	 average cost 1.359567 usecs
	 Conflicts: 0 (of 3747 commits)

For get: 
	 time elapsed 0:10998 (sec:usec) = 10998 usecs 
	 iterations 30000 (merge every 8 -> 3750 merges)
	 average cost 0.366600 usecs
	 Conflicts: 0 (of 0 commits)

For delete: 
	 time elapsed 0:9406 (sec:usec) = 9406 usecs 
	 iterations 30000 (merge every 8 -> 3750 merges)
	 average cost 0.313533 usecs
	 Conflicts: 0 (of 3747 commits)


*** CONCLUDING SINGLE THREADED TESTS***

Starting multi-threaded tests: num_threads=1, NUM_CPUS=16
KP: 7920: pinned new thread to CPU=0x0
KP: 7920: sleeping to allow threads enough time
KP: 7920: waking up from sleep (0)
For multithreaded run ramp r:-1-w:30-u:70-d:1
	 1672118 total ops (1655627 puts + 0 gets + 16491 dels)
	 2000000 in runtime (usecs) = 2 secs = 0.836059 ops/usec
	 827813.500000 op/sec put throughput (all threads)
	 0.000000 op/sec get throughput (all threads)
	 8245.500000 op/sec del throughput (all threads)
	 836059.000000 op/sec total throughput (all threads)
	 Conflicts in worker thread: 0 (of 209015 commits)
	 Errors in worker thread: 0
	 Put errors: 0, Del errors: 0, Get errors: 0
***END OF RAMP-UP-THREADS OUTPUT***

KP: 7920: pinned new thread to CPU=0x0
KP: 7920: sleeping to allow threads enough time
KP: 7920: pinned new thread to CPU=0x0
KP: 7920: sleeping to allow threads enough time
KP: 7920: pinned new thread to CPU=0x0
KP: 7920: sleeping to allow threads enough time
KP: 7920: pinned new thread to CPU=0x0
KP: 7920: sleeping to allow threads enough time
KP: 7920: pinned new thread to CPU=0x0
KP: 7920: sleeping to allow threads enough time
KP: 7920: waking up from sleep (0)
For multithreaded run ramp r:99-w:0-u:0-d:1
	 6304160 total ops (0 puts + 6241623 gets + 62537 dels)
	 2000000 in runtime (usecs) = 2 secs = 3.152080 ops/usec
	 0.000000 op/sec put throughput (all threads)
	 3120811.500000 op/sec get throughput (all threads)
	 31268.500000 op/sec del throughput (all threads)
	 3152080.000000 op/sec total throughput (all threads)
	 Conflicts in worker thread: 0 (of 7818 commits)
	 Errors in worker thread: 0
	 Put errors: 0, Del errors: 0, Get errors: 0
***END OF RAMP-UP-THREADS OUTPUT***

***CONCLUDING THREAD EVALUATION***
