KP: 8352: Using 256 for local hash table size (same as merge frequency), 1610000 for master hash table size
KP: 8352: Total memory allocation size (just evaluation, not kv stores themselves) could be up to 0 bytes (0 MB)
Will create 1610000 random integers for each child thread
Now starting evaluation for key-value store: Masstree
On 16 cores
Running on storage platform: disk
Starting single-threaded tests

*** BEGINING SINGLE THREADED TESTS***

***NOW DOING LATENCY TEST ON INDIVIDUAL FUNCTIONS ***
For put-insert: 
	 time elapsed 0:17835 (sec:usec) = 17835 usecs 
	 iterations 10000 (merge every 128 -> 78 merges)
	 average cost 1.783500 usecs
	 Conflicts: 0 (of 79 commits)

For put-append: 
	 time elapsed 0:53392 (sec:usec) = 53392 usecs 
	 iterations 30000 (merge every 128 -> 234 merges)
	 average cost 1.779733 usecs
	 Conflicts: 0 (of 237 commits)

For get: 
	 time elapsed 0:21082 (sec:usec) = 21082 usecs 
	 iterations 30000 (merge every 128 -> 234 merges)
	 average cost 0.702733 usecs
	 Conflicts: 0 (of 0 commits)

For delete: 
	 time elapsed 0:20527 (sec:usec) = 20527 usecs 
	 iterations 30000 (merge every 128 -> 234 merges)
	 average cost 0.684233 usecs
	 Conflicts: 0 (of 237 commits)


*** CONCLUDING SINGLE THREADED TESTS***

Starting multi-threaded tests: num_threads=1, NUM_CPUS=16
KP: 8352: pinned new thread to CPU=0x0
KP: 8352: sleeping to allow threads enough time
KP: 8352: waking up from sleep (0)
For multithreaded run ramp r:-1-w:30-u:70-d:1
	 1244409 total ops (1231903 puts + 0 gets + 12506 dels)
	 2000000 in runtime (usecs) = 2 secs = 0.622204 ops/usec
	 615951.500000 op/sec put throughput (all threads)
	 0.000000 op/sec get throughput (all threads)
	 6253.000000 op/sec del throughput (all threads)
	 622204.500000 op/sec total throughput (all threads)
	 Conflicts in worker thread: 0 (of 9722 commits)
	 Errors in worker thread: 0
	 Put errors: 0, Del errors: 0, Get errors: 0
***END OF RAMP-UP-THREADS OUTPUT***

KP: 8352: pinned new thread to CPU=0x0
KP: 8352: sleeping to allow threads enough time
KP: 8352: pinned new thread to CPU=0x0
KP: 8352: sleeping to allow threads enough time
KP: 8352: pinned new thread to CPU=0x0
KP: 8352: sleeping to allow threads enough time
KP: 8352: pinned new thread to CPU=0x0
KP: 8352: sleeping to allow threads enough time
KP: 8352: pinned new thread to CPU=0x0
KP: 8352: sleeping to allow threads enough time
KP: 8352: waking up from sleep (0)
For multithreaded run ramp r:99-w:0-u:0-d:1
	 2977531 total ops (0 puts + 2947961 gets + 29570 dels)
	 2000000 in runtime (usecs) = 2 secs = 1.488765 ops/usec
	 0.000000 op/sec put throughput (all threads)
	 1473980.500000 op/sec get throughput (all threads)
	 14785.000000 op/sec del throughput (all threads)
	 1488765.500000 op/sec total throughput (all threads)
	 Conflicts in worker thread: 0 (of 232 commits)
	 Errors in worker thread: 0
	 Put errors: 0, Del errors: 0, Get errors: 0
***END OF RAMP-UP-THREADS OUTPUT***

***CONCLUDING THREAD EVALUATION***
