KP: 9024: Using 512 for local hash table size (same as merge frequency), 1610000 for master hash table size
KP: 9024: Total memory allocation size (just evaluation, not kv stores themselves) could be up to 0 bytes (0 MB)
Will create 1610000 random integers for each child thread
Now starting evaluation for key-value store: Masstree
On 16 cores
Running on storage platform: disk
Starting single-threaded tests

*** BEGINING SINGLE THREADED TESTS***

***NOW DOING LATENCY TEST ON INDIVIDUAL FUNCTIONS ***
For put-insert: 
	 time elapsed 0:18324 (sec:usec) = 18324 usecs 
	 iterations 10000 (merge every 256 -> 39 merges)
	 average cost 1.832400 usecs
	 Conflicts: 0 (of 40 commits)

For put-append: 
	 time elapsed 0:53328 (sec:usec) = 53328 usecs 
	 iterations 30000 (merge every 256 -> 117 merges)
	 average cost 1.777600 usecs
	 Conflicts: 0 (of 120 commits)

For get: 
	 time elapsed 0:21140 (sec:usec) = 21140 usecs 
	 iterations 30000 (merge every 256 -> 117 merges)
	 average cost 0.704667 usecs
	 Conflicts: 0 (of 0 commits)

For delete: 
	 time elapsed 0:20496 (sec:usec) = 20496 usecs 
	 iterations 30000 (merge every 256 -> 117 merges)
	 average cost 0.683200 usecs
	 Conflicts: 0 (of 120 commits)


*** CONCLUDING SINGLE THREADED TESTS***

Starting multi-threaded tests: num_threads=1, NUM_CPUS=16
KP: 9024: pinned new thread to CPU=0x0
KP: 9024: sleeping to allow threads enough time
KP: 9024: waking up from sleep (0)
For multithreaded run ramp r:-1-w:30-u:70-d:1
	 1247028 total ops (1234507 puts + 0 gets + 12521 dels)
	 2000000 in runtime (usecs) = 2 secs = 0.623514 ops/usec
	 617253.500000 op/sec put throughput (all threads)
	 0.000000 op/sec get throughput (all threads)
	 6260.500000 op/sec del throughput (all threads)
	 623514.000000 op/sec total throughput (all threads)
	 Conflicts in worker thread: 0 (of 4872 commits)
	 Errors in worker thread: 0
	 Put errors: 0, Del errors: 0, Get errors: 0
***END OF RAMP-UP-THREADS OUTPUT***

KP: 9024: pinned new thread to CPU=0x0
KP: 9024: sleeping to allow threads enough time
KP: 9024: pinned new thread to CPU=0x0
KP: 9024: sleeping to allow threads enough time
KP: 9024: pinned new thread to CPU=0x0
KP: 9024: sleeping to allow threads enough time
KP: 9024: pinned new thread to CPU=0x0
KP: 9024: sleeping to allow threads enough time
KP: 9024: pinned new thread to CPU=0x0
KP: 9024: sleeping to allow threads enough time
KP: 9024: waking up from sleep (0)
For multithreaded run ramp r:99-w:0-u:0-d:1
	 2972299 total ops (0 puts + 2942547 gets + 29752 dels)
	 2000000 in runtime (usecs) = 2 secs = 1.486150 ops/usec
	 0.000000 op/sec put throughput (all threads)
	 1471273.500000 op/sec get throughput (all threads)
	 14876.000000 op/sec del throughput (all threads)
	 1486149.500000 op/sec total throughput (all threads)
	 Conflicts in worker thread: 0 (of 117 commits)
	 Errors in worker thread: 0
	 Put errors: 0, Del errors: 0, Get errors: 0
***END OF RAMP-UP-THREADS OUTPUT***

***CONCLUDING THREAD EVALUATION***
