KP: 6688: Using 16 for local hash table size (same as merge frequency), 1610000 for master hash table size
KP: 6688: Total memory allocation size (just evaluation, not kv stores themselves) could be up to 0 bytes (0 MB)
Will create 1610000 random integers for each child thread
Now starting evaluation for key-value store: kp_kvstore
On 16 cores
Running on storage platform: disk
Starting single-threaded tests

*** BEGINING SINGLE THREADED TESTS***

***NOW DOING LATENCY TEST ON INDIVIDUAL FUNCTIONS ***
For put-insert: 
	 time elapsed 0:356471 (sec:usec) = 356471 usecs 
	 iterations 10000 (merge every 8 -> 1250 merges)
	 average cost 35.647099 usecs
	 Conflicts: 0 (of 1249 commits)

For put-append: 
	 time elapsed 0:964704 (sec:usec) = 964704 usecs 
	 iterations 30000 (merge every 8 -> 3750 merges)
	 average cost 32.156799 usecs
	 Conflicts: 0 (of 3747 commits)

For get: 
	 time elapsed 0:294974 (sec:usec) = 294974 usecs 
	 iterations 30000 (merge every 8 -> 3750 merges)
	 average cost 9.832467 usecs
	 Conflicts: 0 (of 0 commits)

For delete: 
	 time elapsed 0:381598 (sec:usec) = 381598 usecs 
	 iterations 30000 (merge every 8 -> 3750 merges)
	 average cost 12.719934 usecs
	 Conflicts: 0 (of 3747 commits)


*** CONCLUDING SINGLE THREADED TESTS***

Starting multi-threaded tests: num_threads=1, NUM_CPUS=16
KP: 6688: pinned new thread to CPU=0x0
KP: 6688: sleeping to allow threads enough time
KP: 6688: waking up from sleep (0)
For multithreaded run ramp r:-1-w:30-u:70-d:1
	 118952 total ops (117800 puts + 0 gets + 1152 dels)
	 2000000 in runtime (usecs) = 2 secs = 0.059476 ops/usec
	 58900.000000 op/sec put throughput (all threads)
	 0.000000 op/sec get throughput (all threads)
	 576.000000 op/sec del throughput (all threads)
	 59476.000000 op/sec total throughput (all threads)
	 Conflicts in worker thread: 0 (of 14869 commits)
	 Errors in worker thread: 0
	 Put errors: 0, Del errors: 0, Get errors: 0
***END OF RAMP-UP-THREADS OUTPUT***

KP: 6688: pinned new thread to CPU=0x0
KP: 6688: sleeping to allow threads enough time
KP: 6688: waking up from sleep (0)
For multithreaded run ramp r:19-w:24-u:56-d:1
	 146166 total ops (115470 puts + 29278 gets + 1418 dels)
	 2000000 in runtime (usecs) = 2 secs = 0.073083 ops/usec
	 57735.000000 op/sec put throughput (all threads)
	 14639.000000 op/sec get throughput (all threads)
	 709.000000 op/sec del throughput (all threads)
	 73083.000000 op/sec total throughput (all threads)
	 Conflicts in worker thread: 0 (of 14611 commits)
	 Errors in worker thread: 0
	 Put errors: 0, Del errors: 0, Get errors: 0
***END OF RAMP-UP-THREADS OUTPUT***

KP: 6688: pinned new thread to CPU=0x0
KP: 6688: sleeping to allow threads enough time
KP: 6688: waking up from sleep (0)
For multithreaded run ramp r:39-w:18-u:42-d:1
	 191609 total ops (112912 puts + 76833 gets + 1864 dels)
	 2000000 in runtime (usecs) = 2 secs = 0.095804 ops/usec
	 56456.000000 op/sec put throughput (all threads)
	 38416.500000 op/sec get throughput (all threads)
	 932.000000 op/sec del throughput (all threads)
	 95804.500000 op/sec total throughput (all threads)
	 Conflicts in worker thread: 0 (of 14347 commits)
	 Errors in worker thread: 0
	 Put errors: 0, Del errors: 0, Get errors: 0
***END OF RAMP-UP-THREADS OUTPUT***

KP: 6688: pinned new thread to CPU=0x0
KP: 6688: sleeping to allow threads enough time
KP: 6688: waking up from sleep (0)
For multithreaded run ramp r:59-w:12-u:28-d:1
	 274655 total ops (107056 puts + 164880 gets + 2719 dels)
	 2000000 in runtime (usecs) = 2 secs = 0.137328 ops/usec
	 53528.000000 op/sec put throughput (all threads)
	 82440.000000 op/sec get throughput (all threads)
	 1359.500000 op/sec del throughput (all threads)
	 137327.500000 op/sec total throughput (all threads)
	 Conflicts in worker thread: 0 (of 13722 commits)
	 Errors in worker thread: 0
	 Put errors: 0, Del errors: 0, Get errors: 0
***END OF RAMP-UP-THREADS OUTPUT***

KP: 6688: pinned new thread to CPU=0x0
KP: 6688: sleeping to allow threads enough time
KP: 6688: waking up from sleep (0)
For multithreaded run ramp r:79-w:6-u:14-d:1
	 504918 total ops (96235 puts + 403686 gets + 4997 dels)
	 2000000 in runtime (usecs) = 2 secs = 0.252459 ops/usec
	 48117.500000 op/sec put throughput (all threads)
	 201843.000000 op/sec get throughput (all threads)
	 2498.500000 op/sec del throughput (all threads)
	 252458.984375 op/sec total throughput (all threads)
	 Conflicts in worker thread: 0 (of 12654 commits)
	 Errors in worker thread: 0
	 Put errors: 0, Del errors: 0, Get errors: 0
***END OF RAMP-UP-THREADS OUTPUT***

KP: 6688: pinned new thread to CPU=0x0
KP: 6688: sleeping to allow threads enough time
KP: 6688: waking up from sleep (0)
For multithreaded run ramp r:99-w:0-u:0-d:1
	 3120523 total ops (0 puts + 3090081 gets + 30442 dels)
	 2000000 in runtime (usecs) = 2 secs = 1.560261 ops/usec
	 0.000000 op/sec put throughput (all threads)
	 1545040.500000 op/sec get throughput (all threads)
	 15221.000000 op/sec del throughput (all threads)
	 1560261.500000 op/sec total throughput (all threads)
	 Conflicts in worker thread: 0 (of 3806 commits)
	 Errors in worker thread: 0
	 Put errors: 0, Del errors: 0, Get errors: 0
***END OF RAMP-UP-THREADS OUTPUT***

***CONCLUDING THREAD EVALUATION***
