KP: 368: Using 16 for local hash table size (same as merge frequency), 1610000 for master hash table size
KP: 368: Total memory allocation size (just evaluation, not kv stores themselves) could be up to 0 bytes (0 MB)
Will create 1610000 random integers for each child thread
Now starting evaluation for key-value store: kp_kvstore
On 16 cores
Running on storage platform: disk
Starting single-threaded tests

*** BEGINING SINGLE THREADED TESTS***

***NOW DOING LATENCY TEST ON INDIVIDUAL FUNCTIONS ***
For put-insert: 
	 time elapsed 0:177748 (sec:usec) = 177748 usecs 
	 iterations 10000 (merge every 8 -> 1250 merges)
	 average cost 17.774799 usecs
	 Conflicts: 0 (of 1249 commits)

For put-append: 
	 time elapsed 0:411848 (sec:usec) = 411848 usecs 
	 iterations 30000 (merge every 8 -> 3750 merges)
	 average cost 13.728267 usecs
	 Conflicts: 0 (of 3747 commits)

For get: 
	 time elapsed 0:27359 (sec:usec) = 27359 usecs 
	 iterations 30000 (merge every 8 -> 3750 merges)
	 average cost 0.911967 usecs
	 Conflicts: 0 (of 0 commits)

For delete: 
	 time elapsed 0:361168 (sec:usec) = 361168 usecs 
	 iterations 30000 (merge every 8 -> 3750 merges)
	 average cost 12.038934 usecs
	 Conflicts: 0 (of 3747 commits)


*** CONCLUDING SINGLE THREADED TESTS***

Starting multi-threaded tests: num_threads=1, NUM_CPUS=16
KP: 368: pinned new thread to CPU=0x0
KP: 368: sleeping to allow threads enough time
KP: 368: waking up from sleep (0)
For multithreaded run ramp r:-1-w:30-u:70-d:1
	 226864 total ops (224603 puts + 0 gets + 2261 dels)
	 2000000 in runtime (usecs) = 2 secs = 0.113432 ops/usec
	 112301.500000 op/sec put throughput (all threads)
	 0.000000 op/sec get throughput (all threads)
	 1130.500000 op/sec del throughput (all threads)
	 113432.000000 op/sec total throughput (all threads)
	 Conflicts in worker thread: 0 (of 28358 commits)
	 Errors in worker thread: 0
	 Put errors: 0, Del errors: 0, Get errors: 0
***END OF RAMP-UP-THREADS OUTPUT***

KP: 368: pinned new thread to CPU=0x0
KP: 368: sleeping to allow threads enough time
KP: 368: waking up from sleep (0)
For multithreaded run ramp r:19-w:24-u:56-d:1
	 275035 total ops (217059 puts + 55219 gets + 2757 dels)
	 2000000 in runtime (usecs) = 2 secs = 0.137517 ops/usec
	 108529.500000 op/sec put throughput (all threads)
	 27609.500000 op/sec get throughput (all threads)
	 1378.500000 op/sec del throughput (all threads)
	 137517.500000 op/sec total throughput (all threads)
	 Conflicts in worker thread: 0 (of 27477 commits)
	 Errors in worker thread: 0
	 Put errors: 0, Del errors: 0, Get errors: 0
***END OF RAMP-UP-THREADS OUTPUT***

KP: 368: pinned new thread to CPU=0x0
KP: 368: sleeping to allow threads enough time
KP: 368: waking up from sleep (0)
For multithreaded run ramp r:39-w:18-u:42-d:1
	 353236 total ops (208537 puts + 141212 gets + 3487 dels)
	 2000000 in runtime (usecs) = 2 secs = 0.176618 ops/usec
	 104268.500000 op/sec put throughput (all threads)
	 70605.992188 op/sec get throughput (all threads)
	 1743.500000 op/sec del throughput (all threads)
	 176618.000000 op/sec total throughput (all threads)
	 Conflicts in worker thread: 0 (of 26503 commits)
	 Errors in worker thread: 0
	 Put errors: 0, Del errors: 0, Get errors: 0
***END OF RAMP-UP-THREADS OUTPUT***

KP: 368: pinned new thread to CPU=0x0
KP: 368: sleeping to allow threads enough time
KP: 368: waking up from sleep (0)
For multithreaded run ramp r:59-w:12-u:28-d:1
	 498225 total ops (194239 puts + 299025 gets + 4961 dels)
	 2000000 in runtime (usecs) = 2 secs = 0.249113 ops/usec
	 97119.500000 op/sec put throughput (all threads)
	 149512.500000 op/sec get throughput (all threads)
	 2480.500000 op/sec del throughput (all threads)
	 249112.500000 op/sec total throughput (all threads)
	 Conflicts in worker thread: 0 (of 24900 commits)
	 Errors in worker thread: 0
	 Put errors: 0, Del errors: 0, Get errors: 0
***END OF RAMP-UP-THREADS OUTPUT***

KP: 368: pinned new thread to CPU=0x0
KP: 368: sleeping to allow threads enough time
KP: 368: waking up from sleep (0)
For multithreaded run ramp r:79-w:6-u:14-d:1
	 862688 total ops (163974 puts + 690152 gets + 8562 dels)
	 2000000 in runtime (usecs) = 2 secs = 0.431344 ops/usec
	 81987.000000 op/sec put throughput (all threads)
	 345076.000000 op/sec get throughput (all threads)
	 4281.000000 op/sec del throughput (all threads)
	 431344.000000 op/sec total throughput (all threads)
	 Conflicts in worker thread: 0 (of 21567 commits)
	 Errors in worker thread: 0
	 Put errors: 0, Del errors: 0, Get errors: 0
***END OF RAMP-UP-THREADS OUTPUT***

KP: 368: pinned new thread to CPU=0x0
KP: 368: sleeping to allow threads enough time
KP: 368: waking up from sleep (0)
For multithreaded run ramp r:99-w:0-u:0-d:1
	 3116107 total ops (0 puts + 3085262 gets + 30845 dels)
	 2000000 in runtime (usecs) = 2 secs = 1.558053 ops/usec
	 0.000000 op/sec put throughput (all threads)
	 1542631.125000 op/sec get throughput (all threads)
	 15422.500000 op/sec del throughput (all threads)
	 1558053.500000 op/sec total throughput (all threads)
	 Conflicts in worker thread: 0 (of 3856 commits)
	 Errors in worker thread: 0
	 Put errors: 0, Del errors: 0, Get errors: 0
***END OF RAMP-UP-THREADS OUTPUT***

***CONCLUDING THREAD EVALUATION***
