KP: 1664: Using 16 for local hash table size (same as merge frequency), 1610000 for master hash table size
KP: 1664: Total memory allocation size (just evaluation, not kv stores themselves) could be up to 0 bytes (0 MB)
Will create 1610000 random integers for each child thread
Now starting evaluation for key-value store: kp_kvstore
On 16 cores
Running on storage platform: disk
Starting single-threaded tests

*** BEGINING SINGLE THREADED TESTS***

***NOW DOING LATENCY TEST ON INDIVIDUAL FUNCTIONS ***
For put-insert: 
	 time elapsed 1:587996 (sec:usec) = 1587996 usecs 
	 iterations 100000 (merge every 8 -> 12500 merges)
	 average cost 15.879960 usecs
	 Conflicts: 0 (of 12499 commits)

For put-append: 
	 time elapsed 3:970904 (sec:usec) = 3970904 usecs 
	 iterations 300000 (merge every 8 -> 37500 merges)
	 average cost 13.236346 usecs
	 Conflicts: 0 (of 37497 commits)

For get: 
	 time elapsed 0:910032 (sec:usec) = 910032 usecs 
	 iterations 300000 (merge every 8 -> 37500 merges)
	 average cost 3.033440 usecs
	 Conflicts: 0 (of 0 commits)

For delete: 
	 time elapsed 3:685750 (sec:usec) = 3685750 usecs 
	 iterations 300000 (merge every 8 -> 37500 merges)
	 average cost 12.285833 usecs
	 Conflicts: 0 (of 37497 commits)


*** CONCLUDING SINGLE THREADED TESTS***

Starting multi-threaded tests: num_threads=1, NUM_CPUS=16
KP: 1664: pinned new thread to CPU=0x0
KP: 1664: sleeping to allow threads enough time
KP: 1664: waking up from sleep (0)
For multithreaded run ramp r:-1-w:30-u:70-d:1
	 252584 total ops (250053 puts + 0 gets + 2531 dels)
	 2000000 in runtime (usecs) = 2 secs = 0.126292 ops/usec
	 125026.500000 op/sec put throughput (all threads)
	 0.000000 op/sec get throughput (all threads)
	 1265.500000 op/sec del throughput (all threads)
	 126292.007812 op/sec total throughput (all threads)
	 Conflicts in worker thread: 0 (of 31573 commits)
	 Errors in worker thread: 0
	 Put errors: 0, Del errors: 0, Get errors: 0
***END OF RAMP-UP-THREADS OUTPUT***

KP: 1664: pinned new thread to CPU=0x0
KP: 1664: sleeping to allow threads enough time
KP: 1664: waking up from sleep (0)
For multithreaded run ramp r:19-w:24-u:56-d:1
	 305706 total ops (241546 puts + 61112 gets + 3048 dels)
	 2000000 in runtime (usecs) = 2 secs = 0.152853 ops/usec
	 120773.000000 op/sec put throughput (all threads)
	 30556.000000 op/sec get throughput (all threads)
	 1524.000000 op/sec del throughput (all threads)
	 152853.000000 op/sec total throughput (all threads)
	 Conflicts in worker thread: 0 (of 30575 commits)
	 Errors in worker thread: 0
	 Put errors: 0, Del errors: 0, Get errors: 0
***END OF RAMP-UP-THREADS OUTPUT***

KP: 1664: pinned new thread to CPU=0x0
KP: 1664: sleeping to allow threads enough time
KP: 1664: waking up from sleep (0)
For multithreaded run ramp r:39-w:18-u:42-d:1
	 384010 total ops (226378 puts + 153762 gets + 3870 dels)
	 2000000 in runtime (usecs) = 2 secs = 0.192005 ops/usec
	 113189.000000 op/sec put throughput (all threads)
	 76881.000000 op/sec get throughput (all threads)
	 1935.000122 op/sec del throughput (all threads)
	 192005.000000 op/sec total throughput (all threads)
	 Conflicts in worker thread: 0 (of 28781 commits)
	 Errors in worker thread: 0
	 Put errors: 0, Del errors: 0, Get errors: 0
***END OF RAMP-UP-THREADS OUTPUT***

KP: 1664: pinned new thread to CPU=0x0
KP: 1664: sleeping to allow threads enough time
KP: 1664: waking up from sleep (0)
For multithreaded run ramp r:59-w:12-u:28-d:1
	 540062 total ops (210693 puts + 323990 gets + 5379 dels)
	 2000000 in runtime (usecs) = 2 secs = 0.270031 ops/usec
	 105346.500000 op/sec put throughput (all threads)
	 161995.000000 op/sec get throughput (all threads)
	 2689.500000 op/sec del throughput (all threads)
	 270031.000000 op/sec total throughput (all threads)
	 Conflicts in worker thread: 0 (of 27009 commits)
	 Errors in worker thread: 0
	 Put errors: 0, Del errors: 0, Get errors: 0
***END OF RAMP-UP-THREADS OUTPUT***

KP: 1664: pinned new thread to CPU=0x0
KP: 1664: sleeping to allow threads enough time
KP: 1664: waking up from sleep (0)
For multithreaded run ramp r:79-w:6-u:14-d:1
	 919938 total ops (174927 puts + 735874 gets + 9137 dels)
	 2000000 in runtime (usecs) = 2 secs = 0.459969 ops/usec
	 87463.500000 op/sec put throughput (all threads)
	 367937.000000 op/sec get throughput (all threads)
	 4568.500000 op/sec del throughput (all threads)
	 459969.000000 op/sec total throughput (all threads)
	 Conflicts in worker thread: 0 (of 23008 commits)
	 Errors in worker thread: 0
	 Put errors: 0, Del errors: 0, Get errors: 0
***END OF RAMP-UP-THREADS OUTPUT***

KP: 1664: pinned new thread to CPU=0x0
KP: 1664: sleeping to allow threads enough time
KP: 1664: waking up from sleep (0)
For multithreaded run ramp r:99-w:0-u:0-d:1
	 3120826 total ops (0 puts + 3089119 gets + 31707 dels)
	 2000000 in runtime (usecs) = 2 secs = 1.560413 ops/usec
	 0.000000 op/sec put throughput (all threads)
	 1544559.500000 op/sec get throughput (all threads)
	 15853.500000 op/sec del throughput (all threads)
	 1560413.000000 op/sec total throughput (all threads)
	 Conflicts in worker thread: 0 (of 3964 commits)
	 Errors in worker thread: 0
	 Put errors: 0, Del errors: 0, Get errors: 0
***END OF RAMP-UP-THREADS OUTPUT***

***CONCLUDING THREAD EVALUATION***
