KP: 2368: Using 16 for local hash table size (same as merge frequency), 1610000 for master hash table size
KP: 2368: Total memory allocation size (just evaluation, not kv stores themselves) could be up to 0 bytes (0 MB)
Will create 1610000 random integers for each child thread
Now starting evaluation for key-value store: kp_kvstore
On 16 cores
Running on storage platform: disk
Starting single-threaded tests

*** BEGINING SINGLE THREADED TESTS***

***NOW DOING LATENCY TEST ON INDIVIDUAL FUNCTIONS ***
For put-insert: 
	 time elapsed 0:1940 (sec:usec) = 1940 usecs 
	 iterations 100 (merge every 8 -> 12 merges)
	 average cost 19.400000 usecs
	 Conflicts: 0 (of 13 commits)

For put-append: 
	 time elapsed 0:3758 (sec:usec) = 3758 usecs 
	 iterations 300 (merge every 8 -> 37 merges)
	 average cost 12.526667 usecs
	 Conflicts: 0 (of 39 commits)

For get: 
	 time elapsed 0:265 (sec:usec) = 265 usecs 
	 iterations 300 (merge every 8 -> 37 merges)
	 average cost 0.883333 usecs
	 Conflicts: 0 (of 0 commits)

For delete: 
	 time elapsed 0:3365 (sec:usec) = 3365 usecs 
	 iterations 300 (merge every 8 -> 37 merges)
	 average cost 11.216666 usecs
	 Conflicts: 0 (of 39 commits)


*** CONCLUDING SINGLE THREADED TESTS***

Starting multi-threaded tests: num_threads=1, NUM_CPUS=16
KP: 2368: pinned new thread to CPU=0x0
KP: 2368: sleeping to allow threads enough time
KP: 2368: waking up from sleep (0)
For multithreaded run ramp r:-1-w:30-u:70-d:1
	 250008 total ops (247458 puts + 0 gets + 2550 dels)
	 2000000 in runtime (usecs) = 2 secs = 0.125004 ops/usec
	 123729.000000 op/sec put throughput (all threads)
	 0.000000 op/sec get throughput (all threads)
	 1275.000122 op/sec del throughput (all threads)
	 125003.992188 op/sec total throughput (all threads)
	 Conflicts in worker thread: 0 (of 31251 commits)
	 Errors in worker thread: 0
	 Put errors: 0, Del errors: 0, Get errors: 0
***END OF RAMP-UP-THREADS OUTPUT***

KP: 2368: pinned new thread to CPU=0x0
KP: 2368: sleeping to allow threads enough time
KP: 2368: waking up from sleep (0)
For multithreaded run ramp r:19-w:24-u:56-d:1
	 305515 total ops (241724 puts + 60715 gets + 3076 dels)
	 2000000 in runtime (usecs) = 2 secs = 0.152757 ops/usec
	 120862.000000 op/sec put throughput (all threads)
	 30357.500000 op/sec get throughput (all threads)
	 1538.000000 op/sec del throughput (all threads)
	 152757.500000 op/sec total throughput (all threads)
	 Conflicts in worker thread: 0 (of 30600 commits)
	 Errors in worker thread: 0
	 Put errors: 0, Del errors: 0, Get errors: 0
***END OF RAMP-UP-THREADS OUTPUT***

KP: 2368: pinned new thread to CPU=0x0
KP: 2368: sleeping to allow threads enough time
KP: 2368: waking up from sleep (0)
For multithreaded run ramp r:39-w:18-u:42-d:1
	 382518 total ops (225374 puts + 153215 gets + 3929 dels)
	 2000000 in runtime (usecs) = 2 secs = 0.191259 ops/usec
	 112687.000000 op/sec put throughput (all threads)
	 76607.500000 op/sec get throughput (all threads)
	 1964.500000 op/sec del throughput (all threads)
	 191259.000000 op/sec total throughput (all threads)
	 Conflicts in worker thread: 0 (of 28663 commits)
	 Errors in worker thread: 0
	 Put errors: 0, Del errors: 0, Get errors: 0
***END OF RAMP-UP-THREADS OUTPUT***

KP: 2368: pinned new thread to CPU=0x0
KP: 2368: sleeping to allow threads enough time
KP: 2368: waking up from sleep (0)
For multithreaded run ramp r:59-w:12-u:28-d:1
	 542400 total ops (211504 puts + 325448 gets + 5448 dels)
	 2000000 in runtime (usecs) = 2 secs = 0.271200 ops/usec
	 105752.000000 op/sec put throughput (all threads)
	 162724.000000 op/sec get throughput (all threads)
	 2724.000000 op/sec del throughput (all threads)
	 271200.000000 op/sec total throughput (all threads)
	 Conflicts in worker thread: 0 (of 27119 commits)
	 Errors in worker thread: 0
	 Put errors: 0, Del errors: 0, Get errors: 0
***END OF RAMP-UP-THREADS OUTPUT***

KP: 2368: pinned new thread to CPU=0x0
KP: 2368: sleeping to allow threads enough time
KP: 2368: waking up from sleep (0)
For multithreaded run ramp r:79-w:6-u:14-d:1
	 930040 total ops (176046 puts + 744686 gets + 9308 dels)
	 2000000 in runtime (usecs) = 2 secs = 0.465020 ops/usec
	 88023.000000 op/sec put throughput (all threads)
	 372343.000000 op/sec get throughput (all threads)
	 4654.000000 op/sec del throughput (all threads)
	 465020.000000 op/sec total throughput (all threads)
	 Conflicts in worker thread: 0 (of 23170 commits)
	 Errors in worker thread: 0
	 Put errors: 0, Del errors: 0, Get errors: 0
***END OF RAMP-UP-THREADS OUTPUT***

KP: 2368: pinned new thread to CPU=0x0
KP: 2368: sleeping to allow threads enough time
KP: 2368: waking up from sleep (0)
For multithreaded run ramp r:99-w:0-u:0-d:1
	 3142374 total ops (0 puts + 3110678 gets + 31696 dels)
	 2000000 in runtime (usecs) = 2 secs = 1.571187 ops/usec
	 0.000000 op/sec put throughput (all threads)
	 1555339.000000 op/sec get throughput (all threads)
	 15847.999023 op/sec del throughput (all threads)
	 1571187.000000 op/sec total throughput (all threads)
	 Conflicts in worker thread: 0 (of 3962 commits)
	 Errors in worker thread: 0
	 Put errors: 0, Del errors: 0, Get errors: 0
***END OF RAMP-UP-THREADS OUTPUT***

***CONCLUDING THREAD EVALUATION***
