KP: 4528: Using 16 for local hash table size (same as merge frequency), 1610000 for master hash table size
KP: 4528: Total memory allocation size (just evaluation, not kv stores themselves) could be up to 0 bytes (0 MB)
Will create 1610000 random integers for each child thread
Now starting evaluation for key-value store: kp_kvstore
On 16 cores
Running on storage platform: disk
Starting single-threaded tests

*** BEGINING SINGLE THREADED TESTS***

***NOW DOING LATENCY TEST ON INDIVIDUAL FUNCTIONS ***
For put-insert: 
	 time elapsed 0:199638 (sec:usec) = 199638 usecs 
	 iterations 10000 (merge every 8 -> 1250 merges)
	 average cost 19.963800 usecs
	 Conflicts: 0 (of 1249 commits)

For put-append: 
	 time elapsed 0:486088 (sec:usec) = 486088 usecs 
	 iterations 30000 (merge every 8 -> 3750 merges)
	 average cost 16.202934 usecs
	 Conflicts: 0 (of 3747 commits)

For get: 
	 time elapsed 0:124109 (sec:usec) = 124109 usecs 
	 iterations 30000 (merge every 8 -> 3750 merges)
	 average cost 4.136967 usecs
	 Conflicts: 0 (of 0 commits)

For delete: 
	 time elapsed 0:322409 (sec:usec) = 322409 usecs 
	 iterations 30000 (merge every 8 -> 3750 merges)
	 average cost 10.746966 usecs
	 Conflicts: 0 (of 3747 commits)


*** CONCLUDING SINGLE THREADED TESTS***

Starting multi-threaded tests: num_threads=1, NUM_CPUS=16
KP: 4528: pinned new thread to CPU=0x0
KP: 4528: sleeping to allow threads enough time
KP: 4528: waking up from sleep (0)
For multithreaded run ramp r:-1-w:30-u:70-d:1
	 207288 total ops (205227 puts + 0 gets + 2061 dels)
	 2000000 in runtime (usecs) = 2 secs = 0.103644 ops/usec
	 102613.500000 op/sec put throughput (all threads)
	 0.000000 op/sec get throughput (all threads)
	 1030.500000 op/sec del throughput (all threads)
	 103644.000000 op/sec total throughput (all threads)
	 Conflicts in worker thread: 0 (of 25911 commits)
	 Errors in worker thread: 0
	 Put errors: 0, Del errors: 0, Get errors: 0
***END OF RAMP-UP-THREADS OUTPUT***

KP: 4528: pinned new thread to CPU=0x0
KP: 4528: sleeping to allow threads enough time
KP: 4528: waking up from sleep (0)
For multithreaded run ramp r:19-w:24-u:56-d:1
	 251628 total ops (198753 puts + 50332 gets + 2543 dels)
	 2000000 in runtime (usecs) = 2 secs = 0.125814 ops/usec
	 99376.500000 op/sec put throughput (all threads)
	 25166.000000 op/sec get throughput (all threads)
	 1271.500000 op/sec del throughput (all threads)
	 125814.007812 op/sec total throughput (all threads)
	 Conflicts in worker thread: 0 (of 25162 commits)
	 Errors in worker thread: 0
	 Put errors: 0, Del errors: 0, Get errors: 0
***END OF RAMP-UP-THREADS OUTPUT***

KP: 4528: pinned new thread to CPU=0x0
KP: 4528: sleeping to allow threads enough time
KP: 4528: waking up from sleep (0)
For multithreaded run ramp r:39-w:18-u:42-d:1
	 324172 total ops (191043 puts + 129812 gets + 3317 dels)
	 2000000 in runtime (usecs) = 2 secs = 0.162086 ops/usec
	 95521.500000 op/sec put throughput (all threads)
	 64906.000000 op/sec get throughput (all threads)
	 1658.500000 op/sec del throughput (all threads)
	 162086.000000 op/sec total throughput (all threads)
	 Conflicts in worker thread: 0 (of 24295 commits)
	 Errors in worker thread: 0
	 Put errors: 0, Del errors: 0, Get errors: 0
***END OF RAMP-UP-THREADS OUTPUT***

KP: 4528: pinned new thread to CPU=0x0
KP: 4528: sleeping to allow threads enough time
KP: 4528: waking up from sleep (0)
For multithreaded run ramp r:59-w:12-u:28-d:1
	 457939 total ops (178673 puts + 274611 gets + 4655 dels)
	 2000000 in runtime (usecs) = 2 secs = 0.228969 ops/usec
	 89336.500000 op/sec put throughput (all threads)
	 137305.500000 op/sec get throughput (all threads)
	 2327.500000 op/sec del throughput (all threads)
	 228969.500000 op/sec total throughput (all threads)
	 Conflicts in worker thread: 0 (of 22916 commits)
	 Errors in worker thread: 0
	 Put errors: 0, Del errors: 0, Get errors: 0
***END OF RAMP-UP-THREADS OUTPUT***

KP: 4528: pinned new thread to CPU=0x0
KP: 4528: sleeping to allow threads enough time
KP: 4528: waking up from sleep (0)
For multithreaded run ramp r:79-w:6-u:14-d:1
	 800085 total ops (151915 puts + 640142 gets + 8028 dels)
	 2000000 in runtime (usecs) = 2 secs = 0.400043 ops/usec
	 75957.500000 op/sec put throughput (all threads)
	 320071.000000 op/sec get throughput (all threads)
	 4014.000244 op/sec del throughput (all threads)
	 400042.500000 op/sec total throughput (all threads)
	 Conflicts in worker thread: 0 (of 19993 commits)
	 Errors in worker thread: 0
	 Put errors: 0, Del errors: 0, Get errors: 0
***END OF RAMP-UP-THREADS OUTPUT***

KP: 4528: pinned new thread to CPU=0x0
KP: 4528: sleeping to allow threads enough time
KP: 4528: waking up from sleep (0)
For multithreaded run ramp r:99-w:0-u:0-d:1
	 3162683 total ops (0 puts + 3130859 gets + 31824 dels)
	 2000000 in runtime (usecs) = 2 secs = 1.581342 ops/usec
	 0.000000 op/sec put throughput (all threads)
	 1565429.500000 op/sec get throughput (all threads)
	 15911.999023 op/sec del throughput (all threads)
	 1581341.500000 op/sec total throughput (all threads)
	 Conflicts in worker thread: 0 (of 3978 commits)
	 Errors in worker thread: 0
	 Put errors: 0, Del errors: 0, Get errors: 0
***END OF RAMP-UP-THREADS OUTPUT***

***CONCLUDING THREAD EVALUATION***
