KP: 4912: Using 16 for local hash table size (same as merge frequency), 1610000 for master hash table size
KP: 4912: Total memory allocation size (just evaluation, not kv stores themselves) could be up to 0 bytes (0 MB)
Will create 1610000 random integers for each child thread
Now starting evaluation for key-value store: kp_kvstore
On 16 cores
Running on storage platform: disk
Starting single-threaded tests

*** BEGINING SINGLE THREADED TESTS***

***NOW DOING LATENCY TEST ON INDIVIDUAL FUNCTIONS ***
For put-insert: 
	 time elapsed 0:45590 (sec:usec) = 45590 usecs 
	 iterations 10000 (merge every 8 -> 1250 merges)
	 average cost 4.559000 usecs
	 Conflicts: 0 (of 1249 commits)

For put-append: 
	 time elapsed 0:140258 (sec:usec) = 140258 usecs 
	 iterations 30000 (merge every 8 -> 3750 merges)
	 average cost 4.675267 usecs
	 Conflicts: 0 (of 3747 commits)

For get: 
	 time elapsed 0:127786 (sec:usec) = 127786 usecs 
	 iterations 30000 (merge every 8 -> 3750 merges)
	 average cost 4.259533 usecs
	 Conflicts: 0 (of 0 commits)

For delete: 
	 time elapsed 0:83686 (sec:usec) = 83686 usecs 
	 iterations 30000 (merge every 8 -> 3750 merges)
	 average cost 2.789533 usecs
	 Conflicts: 0 (of 3747 commits)


*** CONCLUDING SINGLE THREADED TESTS***

Starting multi-threaded tests: num_threads=1, NUM_CPUS=16
KP: 4912: pinned new thread to CPU=0x0
KP: 4912: sleeping to allow threads enough time
KP: 4912: waking up from sleep (0)
For multithreaded run ramp r:-1-w:30-u:70-d:1
	 795512 total ops (787496 puts + 0 gets + 8016 dels)
	 2000000 in runtime (usecs) = 2 secs = 0.397756 ops/usec
	 393748.000000 op/sec put throughput (all threads)
	 0.000000 op/sec get throughput (all threads)
	 4008.000000 op/sec del throughput (all threads)
	 397756.000000 op/sec total throughput (all threads)
	 Conflicts in worker thread: 0 (of 99439 commits)
	 Errors in worker thread: 0
	 Put errors: 0, Del errors: 0, Get errors: 0
***END OF RAMP-UP-THREADS OUTPUT***

KP: 4912: pinned new thread to CPU=0x0
KP: 4912: sleeping to allow threads enough time
KP: 4912: waking up from sleep (0)
For multithreaded run ramp r:19-w:24-u:56-d:1
	 880881 total ops (695332 puts + 176659 gets + 8890 dels)
	 2000000 in runtime (usecs) = 2 secs = 0.440441 ops/usec
	 347666.000000 op/sec put throughput (all threads)
	 88329.500000 op/sec get throughput (all threads)
	 4445.000000 op/sec del throughput (all threads)
	 440440.500000 op/sec total throughput (all threads)
	 Conflicts in worker thread: 0 (of 88028 commits)
	 Errors in worker thread: 0
	 Put errors: 0, Del errors: 0, Get errors: 0
***END OF RAMP-UP-THREADS OUTPUT***

KP: 4912: pinned new thread to CPU=0x0
KP: 4912: sleeping to allow threads enough time
KP: 4912: waking up from sleep (0)
For multithreaded run ramp r:39-w:18-u:42-d:1
	 1015837 total ops (599179 puts + 406366 gets + 10292 dels)
	 2000000 in runtime (usecs) = 2 secs = 0.507918 ops/usec
	 299589.500000 op/sec put throughput (all threads)
	 203183.000000 op/sec get throughput (all threads)
	 5146.000000 op/sec del throughput (all threads)
	 507918.468750 op/sec total throughput (all threads)
	 Conflicts in worker thread: 0 (of 76184 commits)
	 Errors in worker thread: 0
	 Put errors: 0, Del errors: 0, Get errors: 0
***END OF RAMP-UP-THREADS OUTPUT***

KP: 4912: pinned new thread to CPU=0x0
KP: 4912: sleeping to allow threads enough time
KP: 4912: waking up from sleep (0)
For multithreaded run ramp r:59-w:12-u:28-d:1
	 1215165 total ops (472970 puts + 729886 gets + 12309 dels)
	 2000000 in runtime (usecs) = 2 secs = 0.607583 ops/usec
	 236485.000000 op/sec put throughput (all threads)
	 364943.031250 op/sec get throughput (all threads)
	 6154.500000 op/sec del throughput (all threads)
	 607582.500000 op/sec total throughput (all threads)
	 Conflicts in worker thread: 0 (of 60660 commits)
	 Errors in worker thread: 0
	 Put errors: 0, Del errors: 0, Get errors: 0
***END OF RAMP-UP-THREADS OUTPUT***

KP: 4912: pinned new thread to CPU=0x0
KP: 4912: sleeping to allow threads enough time
KP: 4912: waking up from sleep (0)
For multithreaded run ramp r:79-w:6-u:14-d:1
	 1522010 total ops (288832 puts + 1217805 gets + 15373 dels)
	 2000000 in runtime (usecs) = 2 secs = 0.761005 ops/usec
	 144416.000000 op/sec put throughput (all threads)
	 608902.500000 op/sec get throughput (all threads)
	 7686.500000 op/sec del throughput (all threads)
	 761005.000000 op/sec total throughput (all threads)
	 Conflicts in worker thread: 0 (of 38026 commits)
	 Errors in worker thread: 0
	 Put errors: 0, Del errors: 0, Get errors: 0
***END OF RAMP-UP-THREADS OUTPUT***

KP: 4912: pinned new thread to CPU=0x0
KP: 4912: sleeping to allow threads enough time
KP: 4912: waking up from sleep (0)
For multithreaded run ramp r:99-w:0-u:0-d:1
	 2337933 total ops (0 puts + 2314029 gets + 23904 dels)
	 2000000 in runtime (usecs) = 2 secs = 1.168967 ops/usec
	 0.000000 op/sec put throughput (all threads)
	 1157014.500000 op/sec get throughput (all threads)
	 11952.000000 op/sec del throughput (all threads)
	 1168966.500000 op/sec total throughput (all threads)
	 Conflicts in worker thread: 0 (of 2988 commits)
	 Errors in worker thread: 0
	 Put errors: 0, Del errors: 0, Get errors: 0
***END OF RAMP-UP-THREADS OUTPUT***

***CONCLUDING THREAD EVALUATION***
