KP: 2768: Using 1024 for local hash table size (same as merge frequency), 1610000 for master hash table size
KP: 2768: Total memory allocation size (just evaluation, not kv stores themselves) could be up to 0 bytes (0 MB)
Will create 1610000 random integers for each child thread
Now starting evaluation for key-value store: kp_kvstore
On 16 cores
Running on storage platform: disk
Starting single-threaded tests

*** BEGINING SINGLE THREADED TESTS***

***NOW DOING LATENCY TEST ON INDIVIDUAL FUNCTIONS ***
For put-insert: 
	 time elapsed 0:34773 (sec:usec) = 34773 usecs 
	 iterations 10000 (merge every 512 -> 19 merges)
	 average cost 3.477300 usecs
	 Conflicts: 0 (of 20 commits)

For put-append: 
	 time elapsed 0:94734 (sec:usec) = 94734 usecs 
	 iterations 30000 (merge every 512 -> 58 merges)
	 average cost 3.157800 usecs
	 Conflicts: 0 (of 60 commits)

For get: 
	 time elapsed 0:117407 (sec:usec) = 117407 usecs 
	 iterations 30000 (merge every 512 -> 58 merges)
	 average cost 3.913567 usecs
	 Conflicts: 0 (of 0 commits)

For delete: 
	 time elapsed 0:56889 (sec:usec) = 56889 usecs 
	 iterations 30000 (merge every 512 -> 58 merges)
	 average cost 1.896300 usecs
	 Conflicts: 0 (of 60 commits)


*** CONCLUDING SINGLE THREADED TESTS***

Starting multi-threaded tests: num_threads=1, NUM_CPUS=16
KP: 2768: pinned new thread to CPU=0x0
KP: 2768: sleeping to allow threads enough time
KP: 2768: waking up from sleep (0)
For multithreaded run ramp r:-1-w:30-u:70-d:1
	 1191936 total ops (1180281 puts + 0 gets + 11655 dels)
	 2000000 in runtime (usecs) = 2 secs = 0.595968 ops/usec
	 590140.500000 op/sec put throughput (all threads)
	 0.000000 op/sec get throughput (all threads)
	 5827.500000 op/sec del throughput (all threads)
	 595968.000000 op/sec total throughput (all threads)
	 Conflicts in worker thread: 0 (of 2328 commits)
	 Errors in worker thread: 0
	 Put errors: 0, Del errors: 0, Get errors: 0
***END OF RAMP-UP-THREADS OUTPUT***

KP: 2768: pinned new thread to CPU=0x0
KP: 2768: sleeping to allow threads enough time
KP: 2768: waking up from sleep (0)
For multithreaded run ramp r:19-w:24-u:56-d:1
	 1349070 total ops (1065889 puts + 269806 gets + 13375 dels)
	 2000000 in runtime (usecs) = 2 secs = 0.674535 ops/usec
	 532944.500000 op/sec put throughput (all threads)
	 134903.000000 op/sec get throughput (all threads)
	 6687.500000 op/sec del throughput (all threads)
	 674535.000000 op/sec total throughput (all threads)
	 Conflicts in worker thread: 0 (of 2108 commits)
	 Errors in worker thread: 0
	 Put errors: 0, Del errors: 0, Get errors: 0
***END OF RAMP-UP-THREADS OUTPUT***

KP: 2768: pinned new thread to CPU=0x0
KP: 2768: sleeping to allow threads enough time
KP: 2768: waking up from sleep (0)
For multithreaded run ramp r:39-w:18-u:42-d:1
	 1560912 total ops (921912 puts + 623440 gets + 15560 dels)
	 2000000 in runtime (usecs) = 2 secs = 0.780456 ops/usec
	 460956.000000 op/sec put throughput (all threads)
	 311720.000000 op/sec get throughput (all threads)
	 7779.999512 op/sec del throughput (all threads)
	 780456.000000 op/sec total throughput (all threads)
	 Conflicts in worker thread: 0 (of 1831 commits)
	 Errors in worker thread: 0
	 Put errors: 0, Del errors: 0, Get errors: 0
***END OF RAMP-UP-THREADS OUTPUT***

KP: 2768: pinned new thread to CPU=0x0
KP: 2768: sleeping to allow threads enough time
KP: 2768: waking up from sleep (0)
For multithreaded run ramp r:59-w:12-u:28-d:1
	 1865779 total ops (726902 puts + 1120152 gets + 18725 dels)
	 2000000 in runtime (usecs) = 2 secs = 0.932890 ops/usec
	 363451.000000 op/sec put throughput (all threads)
	 560076.000000 op/sec get throughput (all threads)
	 9362.500000 op/sec del throughput (all threads)
	 932889.500000 op/sec total throughput (all threads)
	 Conflicts in worker thread: 0 (of 1457 commits)
	 Errors in worker thread: 0
	 Put errors: 0, Del errors: 0, Get errors: 0
***END OF RAMP-UP-THREADS OUTPUT***

KP: 2768: pinned new thread to CPU=0x0
KP: 2768: sleeping to allow threads enough time
KP: 2768: waking up from sleep (0)
For multithreaded run ramp r:79-w:6-u:14-d:1
	 2326121 total ops (442860 puts + 1860201 gets + 23060 dels)
	 2000000 in runtime (usecs) = 2 secs = 1.163061 ops/usec
	 221430.000000 op/sec put throughput (all threads)
	 930100.500000 op/sec get throughput (all threads)
	 11530.000000 op/sec del throughput (all threads)
	 1163060.500000 op/sec total throughput (all threads)
	 Conflicts in worker thread: 0 (of 910 commits)
	 Errors in worker thread: 0
	 Put errors: 0, Del errors: 0, Get errors: 0
***END OF RAMP-UP-THREADS OUTPUT***

KP: 2768: pinned new thread to CPU=0x0
KP: 2768: sleeping to allow threads enough time
KP: 2768: waking up from sleep (0)
For multithreaded run ramp r:99-w:0-u:0-d:1
	 3516839 total ops (0 puts + 3482371 gets + 34468 dels)
	 2000000 in runtime (usecs) = 2 secs = 1.758420 ops/usec
	 0.000000 op/sec put throughput (all threads)
	 1741185.500000 op/sec get throughput (all threads)
	 17234.000000 op/sec del throughput (all threads)
	 1758419.500000 op/sec total throughput (all threads)
	 Conflicts in worker thread: 0 (of 68 commits)
	 Errors in worker thread: 0
	 Put errors: 0, Del errors: 0, Get errors: 0
***END OF RAMP-UP-THREADS OUTPUT***

***CONCLUDING THREAD EVALUATION***
