KP: 9744: Using 128 for local hash table size (same as merge frequency), 1610000 for master hash table size
KP: 9744: Total memory allocation size (just evaluation, not kv stores themselves) could be up to 0 bytes (0 MB)
Will create 1610000 random integers for each child thread
Now starting evaluation for key-value store: kp_kvstore
On 16 cores
Running on storage platform: disk
Starting single-threaded tests

*** BEGINING SINGLE THREADED TESTS***

***NOW DOING LATENCY TEST ON INDIVIDUAL FUNCTIONS ***
For put-insert: 
	 time elapsed 0:34985 (sec:usec) = 34985 usecs 
	 iterations 10000 (merge every 64 -> 156 merges)
	 average cost 3.498500 usecs
	 Conflicts: 0 (of 157 commits)

For put-append: 
	 time elapsed 0:93848 (sec:usec) = 93848 usecs 
	 iterations 30000 (merge every 64 -> 468 merges)
	 average cost 3.128267 usecs
	 Conflicts: 0 (of 471 commits)

For get: 
	 time elapsed 0:109869 (sec:usec) = 109869 usecs 
	 iterations 30000 (merge every 64 -> 468 merges)
	 average cost 3.662300 usecs
	 Conflicts: 0 (of 0 commits)

For delete: 
	 time elapsed 0:57254 (sec:usec) = 57254 usecs 
	 iterations 30000 (merge every 64 -> 468 merges)
	 average cost 1.908467 usecs
	 Conflicts: 0 (of 471 commits)


*** CONCLUDING SINGLE THREADED TESTS***

Starting multi-threaded tests: num_threads=1, NUM_CPUS=16
KP: 9744: pinned new thread to CPU=0x0
KP: 9744: sleeping to allow threads enough time
KP: 9744: waking up from sleep (0)
For multithreaded run ramp r:-1-w:30-u:70-d:1
	 1150848 total ops (1139345 puts + 0 gets + 11503 dels)
	 2000000 in runtime (usecs) = 2 secs = 0.575424 ops/usec
	 569672.562500 op/sec put throughput (all threads)
	 0.000000 op/sec get throughput (all threads)
	 5751.500000 op/sec del throughput (all threads)
	 575424.000000 op/sec total throughput (all threads)
	 Conflicts in worker thread: 0 (of 17982 commits)
	 Errors in worker thread: 0
	 Put errors: 0, Del errors: 0, Get errors: 0
***END OF RAMP-UP-THREADS OUTPUT***

KP: 9744: pinned new thread to CPU=0x0
KP: 9744: sleeping to allow threads enough time
KP: 9744: waking up from sleep (0)
For multithreaded run ramp r:19-w:24-u:56-d:1
	 1305564 total ops (1031085 puts + 261340 gets + 13139 dels)
	 2000000 in runtime (usecs) = 2 secs = 0.652782 ops/usec
	 515542.531250 op/sec put throughput (all threads)
	 130670.000000 op/sec get throughput (all threads)
	 6569.500000 op/sec del throughput (all threads)
	 652782.000000 op/sec total throughput (all threads)
	 Conflicts in worker thread: 0 (of 16316 commits)
	 Errors in worker thread: 0
	 Put errors: 0, Del errors: 0, Get errors: 0
***END OF RAMP-UP-THREADS OUTPUT***

KP: 9744: pinned new thread to CPU=0x0
KP: 9744: sleeping to allow threads enough time
KP: 9744: waking up from sleep (0)
For multithreaded run ramp r:39-w:18-u:42-d:1
	 1525803 total ops (900378 puts + 610113 gets + 15312 dels)
	 2000000 in runtime (usecs) = 2 secs = 0.762901 ops/usec
	 450189.000000 op/sec put throughput (all threads)
	 305056.500000 op/sec get throughput (all threads)
	 7656.000000 op/sec del throughput (all threads)
	 762901.500000 op/sec total throughput (all threads)
	 Conflicts in worker thread: 0 (of 14308 commits)
	 Errors in worker thread: 0
	 Put errors: 0, Del errors: 0, Get errors: 0
***END OF RAMP-UP-THREADS OUTPUT***

KP: 9744: pinned new thread to CPU=0x0
KP: 9744: sleeping to allow threads enough time
KP: 9744: waking up from sleep (0)
For multithreaded run ramp r:59-w:12-u:28-d:1
	 1830705 total ops (714185 puts + 1098161 gets + 18359 dels)
	 2000000 in runtime (usecs) = 2 secs = 0.915353 ops/usec
	 357092.500000 op/sec put throughput (all threads)
	 549080.500000 op/sec get throughput (all threads)
	 9179.500000 op/sec del throughput (all threads)
	 915352.500000 op/sec total throughput (all threads)
	 Conflicts in worker thread: 0 (of 11446 commits)
	 Errors in worker thread: 0
	 Put errors: 0, Del errors: 0, Get errors: 0
***END OF RAMP-UP-THREADS OUTPUT***

KP: 9744: pinned new thread to CPU=0x0
KP: 9744: sleeping to allow threads enough time
KP: 9744: waking up from sleep (0)
For multithreaded run ramp r:79-w:6-u:14-d:1
	 2289428 total ops (435012 puts + 1831416 gets + 23000 dels)
	 2000000 in runtime (usecs) = 2 secs = 1.144714 ops/usec
	 217506.000000 op/sec put throughput (all threads)
	 915708.000000 op/sec get throughput (all threads)
	 11500.000000 op/sec del throughput (all threads)
	 1144714.000000 op/sec total throughput (all threads)
	 Conflicts in worker thread: 0 (of 7157 commits)
	 Errors in worker thread: 0
	 Put errors: 0, Del errors: 0, Get errors: 0
***END OF RAMP-UP-THREADS OUTPUT***

KP: 9744: pinned new thread to CPU=0x0
KP: 9744: sleeping to allow threads enough time
KP: 9744: waking up from sleep (0)
For multithreaded run ramp r:99-w:0-u:0-d:1
	 3448133 total ops (0 puts + 3413365 gets + 34768 dels)
	 2000000 in runtime (usecs) = 2 secs = 1.724066 ops/usec
	 0.000000 op/sec put throughput (all threads)
	 1706682.500000 op/sec get throughput (all threads)
	 17384.000000 op/sec del throughput (all threads)
	 1724066.500000 op/sec total throughput (all threads)
	 Conflicts in worker thread: 0 (of 544 commits)
	 Errors in worker thread: 0
	 Put errors: 0, Del errors: 0, Get errors: 0
***END OF RAMP-UP-THREADS OUTPUT***

***CONCLUDING THREAD EVALUATION***
