KP: 9856: Using 2048 for local hash table size (same as merge frequency), 1610000 for master hash table size
KP: 9856: Total memory allocation size (just evaluation, not kv stores themselves) could be up to 0 bytes (0 MB)
Will create 1610000 random integers for each child thread
Now starting evaluation for key-value store: kp_kvstore
On 16 cores
Running on storage platform: disk
Starting single-threaded tests

*** BEGINING SINGLE THREADED TESTS***

***NOW DOING LATENCY TEST ON INDIVIDUAL FUNCTIONS ***
For put-insert: 
	 time elapsed 0:35002 (sec:usec) = 35002 usecs 
	 iterations 10000 (merge every 1024 -> 9 merges)
	 average cost 3.500200 usecs
	 Conflicts: 0 (of 10 commits)

For put-append: 
	 time elapsed 0:95067 (sec:usec) = 95067 usecs 
	 iterations 30000 (merge every 1024 -> 29 merges)
	 average cost 3.168900 usecs
	 Conflicts: 0 (of 30 commits)

For get: 
	 time elapsed 0:112900 (sec:usec) = 112900 usecs 
	 iterations 30000 (merge every 1024 -> 29 merges)
	 average cost 3.763333 usecs
	 Conflicts: 0 (of 0 commits)

For delete: 
	 time elapsed 0:57966 (sec:usec) = 57966 usecs 
	 iterations 30000 (merge every 1024 -> 29 merges)
	 average cost 1.932200 usecs
	 Conflicts: 0 (of 30 commits)


*** CONCLUDING SINGLE THREADED TESTS***

Starting multi-threaded tests: num_threads=1, NUM_CPUS=16
KP: 9856: pinned new thread to CPU=0x0
KP: 9856: sleeping to allow threads enough time
KP: 9856: waking up from sleep (0)
For multithreaded run ramp r:-1-w:30-u:70-d:1
	 1195018 total ops (1183017 puts + 0 gets + 12001 dels)
	 2000000 in runtime (usecs) = 2 secs = 0.597509 ops/usec
	 591508.500000 op/sec put throughput (all threads)
	 0.000000 op/sec get throughput (all threads)
	 6000.500000 op/sec del throughput (all threads)
	 597509.000000 op/sec total throughput (all threads)
	 Conflicts in worker thread: 0 (of 1168 commits)
	 Errors in worker thread: 0
	 Put errors: 0, Del errors: 0, Get errors: 0
***END OF RAMP-UP-THREADS OUTPUT***

KP: 9856: pinned new thread to CPU=0x0
KP: 9856: sleeping to allow threads enough time
KP: 9856: waking up from sleep (0)
For multithreaded run ramp r:19-w:24-u:56-d:1
	 1349475 total ops (1065776 puts + 270384 gets + 13315 dels)
	 2000000 in runtime (usecs) = 2 secs = 0.674738 ops/usec
	 532888.000000 op/sec put throughput (all threads)
	 135192.000000 op/sec get throughput (all threads)
	 6657.500000 op/sec del throughput (all threads)
	 674737.500000 op/sec total throughput (all threads)
	 Conflicts in worker thread: 0 (of 1054 commits)
	 Errors in worker thread: 0
	 Put errors: 0, Del errors: 0, Get errors: 0
***END OF RAMP-UP-THREADS OUTPUT***

KP: 9856: pinned new thread to CPU=0x0
KP: 9856: sleeping to allow threads enough time
KP: 9856: waking up from sleep (0)
For multithreaded run ramp r:39-w:18-u:42-d:1
	 1572377 total ops (925800 puts + 630745 gets + 15832 dels)
	 2000000 in runtime (usecs) = 2 secs = 0.786188 ops/usec
	 462900.000000 op/sec put throughput (all threads)
	 315372.500000 op/sec get throughput (all threads)
	 7916.000488 op/sec del throughput (all threads)
	 786188.500000 op/sec total throughput (all threads)
	 Conflicts in worker thread: 0 (of 920 commits)
	 Errors in worker thread: 0
	 Put errors: 0, Del errors: 0, Get errors: 0
***END OF RAMP-UP-THREADS OUTPUT***

KP: 9856: pinned new thread to CPU=0x0
KP: 9856: sleeping to allow threads enough time
KP: 9856: waking up from sleep (0)
For multithreaded run ramp r:59-w:12-u:28-d:1
	 1881748 total ops (733993 puts + 1129108 gets + 18647 dels)
	 2000000 in runtime (usecs) = 2 secs = 0.940874 ops/usec
	 366996.500000 op/sec put throughput (all threads)
	 564554.000000 op/sec get throughput (all threads)
	 9323.500000 op/sec del throughput (all threads)
	 940874.000000 op/sec total throughput (all threads)
	 Conflicts in worker thread: 0 (of 735 commits)
	 Errors in worker thread: 0
	 Put errors: 0, Del errors: 0, Get errors: 0
***END OF RAMP-UP-THREADS OUTPUT***

KP: 9856: pinned new thread to CPU=0x0
KP: 9856: sleeping to allow threads enough time
KP: 9856: waking up from sleep (0)
For multithreaded run ramp r:79-w:6-u:14-d:1
	 2342552 total ops (443171 puts + 1876219 gets + 23162 dels)
	 2000000 in runtime (usecs) = 2 secs = 1.171276 ops/usec
	 221585.500000 op/sec put throughput (all threads)
	 938109.500000 op/sec get throughput (all threads)
	 11581.000000 op/sec del throughput (all threads)
	 1171276.000000 op/sec total throughput (all threads)
	 Conflicts in worker thread: 0 (of 456 commits)
	 Errors in worker thread: 0
	 Put errors: 0, Del errors: 0, Get errors: 0
***END OF RAMP-UP-THREADS OUTPUT***

KP: 9856: pinned new thread to CPU=0x0
KP: 9856: sleeping to allow threads enough time
KP: 9856: waking up from sleep (0)
For multithreaded run ramp r:99-w:0-u:0-d:1
	 3510398 total ops (0 puts + 3475357 gets + 35041 dels)
	 2000000 in runtime (usecs) = 2 secs = 1.755199 ops/usec
	 0.000000 op/sec put throughput (all threads)
	 1737678.500000 op/sec get throughput (all threads)
	 17520.500000 op/sec del throughput (all threads)
	 1755199.000000 op/sec total throughput (all threads)
	 Conflicts in worker thread: 0 (of 35 commits)
	 Errors in worker thread: 0
	 Put errors: 0, Del errors: 0, Get errors: 0
***END OF RAMP-UP-THREADS OUTPUT***

***CONCLUDING THREAD EVALUATION***
