KP: 7856: Using 16 for local hash table size (same as merge frequency), 1610000 for master hash table size
KP: 7856: Total memory allocation size (just evaluation, not kv stores themselves) could be up to 0 bytes (0 MB)
Will create 1610000 random integers for each child thread
Now starting evaluation for key-value store: kp_kvstore
On 16 cores
Running on storage platform: disk
Starting single-threaded tests

*** BEGINING SINGLE THREADED TESTS***

***NOW DOING LATENCY TEST ON INDIVIDUAL FUNCTIONS ***
For put-insert: 
	 time elapsed 0:28350 (sec:usec) = 28350 usecs 
	 iterations 10000 (merge every 8 -> 1250 merges)
	 average cost 2.835000 usecs
	 Conflicts: 0 (of 1249 commits)

For put-append: 
	 time elapsed 0:60962 (sec:usec) = 60962 usecs 
	 iterations 30000 (merge every 8 -> 3750 merges)
	 average cost 2.032067 usecs
	 Conflicts: 0 (of 3747 commits)

For get: 
	 time elapsed 0:27007 (sec:usec) = 27007 usecs 
	 iterations 30000 (merge every 8 -> 3750 merges)
	 average cost 0.900233 usecs
	 Conflicts: 0 (of 0 commits)

For delete: 
	 time elapsed 0:56066 (sec:usec) = 56066 usecs 
	 iterations 30000 (merge every 8 -> 3750 merges)
	 average cost 1.868867 usecs
	 Conflicts: 0 (of 3747 commits)


*** CONCLUDING SINGLE THREADED TESTS***

Starting multi-threaded tests: num_threads=1, NUM_CPUS=16
KP: 7856: pinned new thread to CPU=0x0
KP: 7856: sleeping to allow threads enough time
KP: 7856: waking up from sleep (0)
For multithreaded run ramp r:-1-w:30-u:70-d:1
	 1199995 total ops (1188009 puts + 0 gets + 11986 dels)
	 2000000 in runtime (usecs) = 2 secs = 0.599998 ops/usec
	 594004.500000 op/sec put throughput (all threads)
	 0.000000 op/sec get throughput (all threads)
	 5993.000000 op/sec del throughput (all threads)
	 599997.500000 op/sec total throughput (all threads)
	 Conflicts in worker thread: 0 (of 150000 commits)
	 Errors in worker thread: 0
	 Put errors: 0, Del errors: 0, Get errors: 0
***END OF RAMP-UP-THREADS OUTPUT***

KP: 7856: pinned new thread to CPU=0x0
KP: 7856: sleeping to allow threads enough time
KP: 7856: waking up from sleep (0)
For multithreaded run ramp r:19-w:24-u:56-d:1
	 1284898 total ops (1015179 puts + 256832 gets + 12887 dels)
	 2000000 in runtime (usecs) = 2 secs = 0.642449 ops/usec
	 507589.500000 op/sec put throughput (all threads)
	 128416.000000 op/sec get throughput (all threads)
	 6443.500000 op/sec del throughput (all threads)
	 642449.000000 op/sec total throughput (all threads)
	 Conflicts in worker thread: 0 (of 128509 commits)
	 Errors in worker thread: 0
	 Put errors: 0, Del errors: 0, Get errors: 0
***END OF RAMP-UP-THREADS OUTPUT***

KP: 7856: pinned new thread to CPU=0x0
KP: 7856: sleeping to allow threads enough time
KP: 7856: waking up from sleep (0)
For multithreaded run ramp r:39-w:18-u:42-d:1
	 1483184 total ops (874064 puts + 594113 gets + 15007 dels)
	 2000000 in runtime (usecs) = 2 secs = 0.741592 ops/usec
	 437032.000000 op/sec put throughput (all threads)
	 297056.500000 op/sec get throughput (all threads)
	 7503.500000 op/sec del throughput (all threads)
	 741592.000000 op/sec total throughput (all threads)
	 Conflicts in worker thread: 0 (of 111134 commits)
	 Errors in worker thread: 0
	 Put errors: 0, Del errors: 0, Get errors: 0
***END OF RAMP-UP-THREADS OUTPUT***

KP: 7856: pinned new thread to CPU=0x0
KP: 7856: sleeping to allow threads enough time
KP: 7856: waking up from sleep (0)
For multithreaded run ramp r:59-w:12-u:28-d:1
	 1764239 total ops (685896 puts + 1060854 gets + 17489 dels)
	 2000000 in runtime (usecs) = 2 secs = 0.882119 ops/usec
	 342948.000000 op/sec put throughput (all threads)
	 530427.000000 op/sec get throughput (all threads)
	 8744.500000 op/sec del throughput (all threads)
	 882119.500000 op/sec total throughput (all threads)
	 Conflicts in worker thread: 0 (of 87924 commits)
	 Errors in worker thread: 0
	 Put errors: 0, Del errors: 0, Get errors: 0
***END OF RAMP-UP-THREADS OUTPUT***

KP: 7856: pinned new thread to CPU=0x0
KP: 7856: sleeping to allow threads enough time
KP: 7856: waking up from sleep (0)
For multithreaded run ramp r:79-w:6-u:14-d:1
	 2224605 total ops (420477 puts + 1781646 gets + 22482 dels)
	 2000000 in runtime (usecs) = 2 secs = 1.112303 ops/usec
	 210238.500000 op/sec put throughput (all threads)
	 890823.000000 op/sec get throughput (all threads)
	 11241.000000 op/sec del throughput (all threads)
	 1112302.500000 op/sec total throughput (all threads)
	 Conflicts in worker thread: 0 (of 55370 commits)
	 Errors in worker thread: 0
	 Put errors: 0, Del errors: 0, Get errors: 0
***END OF RAMP-UP-THREADS OUTPUT***

KP: 7856: pinned new thread to CPU=0x0
KP: 7856: sleeping to allow threads enough time
KP: 7856: waking up from sleep (0)
For multithreaded run ramp r:99-w:0-u:0-d:1
	 3326807 total ops (0 puts + 3293199 gets + 33608 dels)
	 2000000 in runtime (usecs) = 2 secs = 1.663404 ops/usec
	 0.000000 op/sec put throughput (all threads)
	 1646599.500000 op/sec get throughput (all threads)
	 16804.000000 op/sec del throughput (all threads)
	 1663403.500000 op/sec total throughput (all threads)
	 Conflicts in worker thread: 0 (of 4201 commits)
	 Errors in worker thread: 0
	 Put errors: 0, Del errors: 0, Get errors: 0
***END OF RAMP-UP-THREADS OUTPUT***

***CONCLUDING THREAD EVALUATION***
