KP: 3632: Using 16 for local hash table size (same as merge frequency), 1610000 for master hash table size
KP: 3632: Total memory allocation size (just evaluation, not kv stores themselves) could be up to 0 bytes (0 MB)
Will create 1610000 random integers for each child thread
Now starting evaluation for key-value store: kp_kvstore
On 16 cores
Running on storage platform: disk
Starting single-threaded tests

*** BEGINING SINGLE THREADED TESTS***

***NOW DOING LATENCY TEST ON INDIVIDUAL FUNCTIONS ***
For put-insert: 
	 time elapsed 0:28544 (sec:usec) = 28544 usecs 
	 iterations 10000 (merge every 8 -> 1250 merges)
	 average cost 2.854400 usecs
	 Conflicts: 0 (of 1249 commits)

For put-append: 
	 time elapsed 0:61945 (sec:usec) = 61945 usecs 
	 iterations 30000 (merge every 8 -> 3750 merges)
	 average cost 2.064833 usecs
	 Conflicts: 0 (of 3747 commits)

For get: 
	 time elapsed 0:27282 (sec:usec) = 27282 usecs 
	 iterations 30000 (merge every 8 -> 3750 merges)
	 average cost 0.909400 usecs
	 Conflicts: 0 (of 0 commits)

For delete: 
	 time elapsed 0:55656 (sec:usec) = 55656 usecs 
	 iterations 30000 (merge every 8 -> 3750 merges)
	 average cost 1.855200 usecs
	 Conflicts: 0 (of 3747 commits)


*** CONCLUDING SINGLE THREADED TESTS***

Starting multi-threaded tests: num_threads=1, NUM_CPUS=16
KP: 3632: pinned new thread to CPU=0x0
KP: 3632: sleeping to allow threads enough time
KP: 3632: waking up from sleep (0)
For multithreaded run ramp r:-1-w:30-u:70-d:1
	 1191189 total ops (1179244 puts + 0 gets + 11945 dels)
	 2000000 in runtime (usecs) = 2 secs = 0.595595 ops/usec
	 589622.000000 op/sec put throughput (all threads)
	 0.000000 op/sec get throughput (all threads)
	 5972.500000 op/sec del throughput (all threads)
	 595594.500000 op/sec total throughput (all threads)
	 Conflicts in worker thread: 0 (of 148899 commits)
	 Errors in worker thread: 0
	 Put errors: 0, Del errors: 0, Get errors: 0
***END OF RAMP-UP-THREADS OUTPUT***

KP: 3632: pinned new thread to CPU=0x0
KP: 3632: sleeping to allow threads enough time
KP: 3632: waking up from sleep (0)
For multithreaded run ramp r:19-w:24-u:56-d:1
	 1285464 total ops (1015730 puts + 256846 gets + 12888 dels)
	 2000000 in runtime (usecs) = 2 secs = 0.642732 ops/usec
	 507865.000000 op/sec put throughput (all threads)
	 128423.000000 op/sec get throughput (all threads)
	 6444.000488 op/sec del throughput (all threads)
	 642732.000000 op/sec total throughput (all threads)
	 Conflicts in worker thread: 0 (of 128578 commits)
	 Errors in worker thread: 0
	 Put errors: 0, Del errors: 0, Get errors: 0
***END OF RAMP-UP-THREADS OUTPUT***

KP: 3632: pinned new thread to CPU=0x0
KP: 3632: sleeping to allow threads enough time
KP: 3632: waking up from sleep (0)
For multithreaded run ramp r:39-w:18-u:42-d:1
	 1480024 total ops (872934 puts + 592137 gets + 14953 dels)
	 2000000 in runtime (usecs) = 2 secs = 0.740012 ops/usec
	 436467.000000 op/sec put throughput (all threads)
	 296068.500000 op/sec get throughput (all threads)
	 7476.500000 op/sec del throughput (all threads)
	 740012.000000 op/sec total throughput (all threads)
	 Conflicts in worker thread: 0 (of 110986 commits)
	 Errors in worker thread: 0
	 Put errors: 0, Del errors: 0, Get errors: 0
***END OF RAMP-UP-THREADS OUTPUT***

KP: 3632: pinned new thread to CPU=0x0
KP: 3632: sleeping to allow threads enough time
KP: 3632: waking up from sleep (0)
For multithreaded run ramp r:59-w:12-u:28-d:1
	 1758687 total ops (686590 puts + 1054815 gets + 17282 dels)
	 2000000 in runtime (usecs) = 2 secs = 0.879344 ops/usec
	 343295.000000 op/sec put throughput (all threads)
	 527407.500000 op/sec get throughput (all threads)
	 8641.000000 op/sec del throughput (all threads)
	 879343.500000 op/sec total throughput (all threads)
	 Conflicts in worker thread: 0 (of 87984 commits)
	 Errors in worker thread: 0
	 Put errors: 0, Del errors: 0, Get errors: 0
***END OF RAMP-UP-THREADS OUTPUT***

KP: 3632: pinned new thread to CPU=0x0
KP: 3632: sleeping to allow threads enough time
KP: 3632: waking up from sleep (0)
For multithreaded run ramp r:79-w:6-u:14-d:1
	 2210690 total ops (419778 puts + 1768821 gets + 22091 dels)
	 2000000 in runtime (usecs) = 2 secs = 1.105345 ops/usec
	 209889.000000 op/sec put throughput (all threads)
	 884410.500000 op/sec get throughput (all threads)
	 11045.500000 op/sec del throughput (all threads)
	 1105345.000000 op/sec total throughput (all threads)
	 Conflicts in worker thread: 0 (of 55234 commits)
	 Errors in worker thread: 0
	 Put errors: 0, Del errors: 0, Get errors: 0
***END OF RAMP-UP-THREADS OUTPUT***

KP: 3632: pinned new thread to CPU=0x0
KP: 3632: sleeping to allow threads enough time
KP: 3632: waking up from sleep (0)
For multithreaded run ramp r:99-w:0-u:0-d:1
	 3306762 total ops (0 puts + 3273963 gets + 32799 dels)
	 2000000 in runtime (usecs) = 2 secs = 1.653381 ops/usec
	 0.000000 op/sec put throughput (all threads)
	 1636981.500000 op/sec get throughput (all threads)
	 16399.500000 op/sec del throughput (all threads)
	 1653381.000000 op/sec total throughput (all threads)
	 Conflicts in worker thread: 0 (of 4100 commits)
	 Errors in worker thread: 0
	 Put errors: 0, Del errors: 0, Get errors: 0
***END OF RAMP-UP-THREADS OUTPUT***

***CONCLUDING THREAD EVALUATION***
