KP: 1296: Using 16 for local hash table size (same as merge frequency), 1610000 for master hash table size
KP: 1296: Total memory allocation size (just evaluation, not kv stores themselves) could be up to 0 bytes (0 MB)
Will create 1610000 random integers for each child thread
Now starting evaluation for key-value store: kp_kvstore
On 16 cores
Running on storage platform: disk
Starting single-threaded tests

*** BEGINING SINGLE THREADED TESTS***

***NOW DOING LATENCY TEST ON INDIVIDUAL FUNCTIONS ***
For put-insert: 
	 time elapsed 0:28089 (sec:usec) = 28089 usecs 
	 iterations 10000 (merge every 8 -> 1250 merges)
	 average cost 2.808900 usecs
	 Conflicts: 0 (of 1249 commits)

For put-append: 
	 time elapsed 0:58692 (sec:usec) = 58692 usecs 
	 iterations 30000 (merge every 8 -> 3750 merges)
	 average cost 1.956400 usecs
	 Conflicts: 0 (of 3747 commits)

For get: 
	 time elapsed 0:25219 (sec:usec) = 25219 usecs 
	 iterations 30000 (merge every 8 -> 3750 merges)
	 average cost 0.840633 usecs
	 Conflicts: 0 (of 0 commits)

For delete: 
	 time elapsed 0:55484 (sec:usec) = 55484 usecs 
	 iterations 30000 (merge every 8 -> 3750 merges)
	 average cost 1.849467 usecs
	 Conflicts: 0 (of 3747 commits)


*** CONCLUDING SINGLE THREADED TESTS***

Starting multi-threaded tests: num_threads=1, NUM_CPUS=16
KP: 1296: pinned new thread to CPU=0x0
KP: 1296: sleeping to allow threads enough time
KP: 1296: waking up from sleep (0)
For multithreaded run ramp r:-1-w:30-u:70-d:1
	 1214816 total ops (1202746 puts + 0 gets + 12070 dels)
	 2000000 in runtime (usecs) = 2 secs = 0.607408 ops/usec
	 601373.000000 op/sec put throughput (all threads)
	 0.000000 op/sec get throughput (all threads)
	 6035.000000 op/sec del throughput (all threads)
	 607408.000000 op/sec total throughput (all threads)
	 Conflicts in worker thread: 0 (of 151852 commits)
	 Errors in worker thread: 0
	 Put errors: 0, Del errors: 0, Get errors: 0
***END OF RAMP-UP-THREADS OUTPUT***

KP: 1296: pinned new thread to CPU=0x0
KP: 1296: sleeping to allow threads enough time
KP: 1296: waking up from sleep (0)
For multithreaded run ramp r:19-w:24-u:56-d:1
	 1302125 total ops (1027847 puts + 261461 gets + 12817 dels)
	 2000000 in runtime (usecs) = 2 secs = 0.651062 ops/usec
	 513923.500000 op/sec put throughput (all threads)
	 130730.500000 op/sec get throughput (all threads)
	 6408.500000 op/sec del throughput (all threads)
	 651062.500000 op/sec total throughput (all threads)
	 Conflicts in worker thread: 0 (of 130083 commits)
	 Errors in worker thread: 0
	 Put errors: 0, Del errors: 0, Get errors: 0
***END OF RAMP-UP-THREADS OUTPUT***

KP: 1296: pinned new thread to CPU=0x0
KP: 1296: sleeping to allow threads enough time
KP: 1296: waking up from sleep (0)
For multithreaded run ramp r:39-w:18-u:42-d:1
	 1501669 total ops (886167 puts + 600661 gets + 14841 dels)
	 2000000 in runtime (usecs) = 2 secs = 0.750835 ops/usec
	 443083.500000 op/sec put throughput (all threads)
	 300330.468750 op/sec get throughput (all threads)
	 7420.500000 op/sec del throughput (all threads)
	 750834.500000 op/sec total throughput (all threads)
	 Conflicts in worker thread: 0 (of 112626 commits)
	 Errors in worker thread: 0
	 Put errors: 0, Del errors: 0, Get errors: 0
***END OF RAMP-UP-THREADS OUTPUT***

KP: 1296: pinned new thread to CPU=0x0
KP: 1296: sleeping to allow threads enough time
KP: 1296: waking up from sleep (0)
For multithreaded run ramp r:59-w:12-u:28-d:1
	 1797215 total ops (700347 puts + 1079056 gets + 17812 dels)
	 2000000 in runtime (usecs) = 2 secs = 0.898607 ops/usec
	 350173.500000 op/sec put throughput (all threads)
	 539528.000000 op/sec get throughput (all threads)
	 8906.000000 op/sec del throughput (all threads)
	 898607.500000 op/sec total throughput (all threads)
	 Conflicts in worker thread: 0 (of 89770 commits)
	 Errors in worker thread: 0
	 Put errors: 0, Del errors: 0, Get errors: 0
***END OF RAMP-UP-THREADS OUTPUT***

KP: 1296: pinned new thread to CPU=0x0
KP: 1296: sleeping to allow threads enough time
KP: 1296: waking up from sleep (0)
For multithreaded run ramp r:79-w:6-u:14-d:1
	 2263571 total ops (429536 puts + 1811521 gets + 22514 dels)
	 2000000 in runtime (usecs) = 2 secs = 1.131786 ops/usec
	 214768.000000 op/sec put throughput (all threads)
	 905760.500000 op/sec get throughput (all threads)
	 11257.000000 op/sec del throughput (all threads)
	 1131785.500000 op/sec total throughput (all threads)
	 Conflicts in worker thread: 0 (of 56507 commits)
	 Errors in worker thread: 0
	 Put errors: 0, Del errors: 0, Get errors: 0
***END OF RAMP-UP-THREADS OUTPUT***

KP: 1296: pinned new thread to CPU=0x0
KP: 1296: sleeping to allow threads enough time
KP: 1296: waking up from sleep (0)
For multithreaded run ramp r:99-w:0-u:0-d:1
	 3328656 total ops (0 puts + 3296095 gets + 32561 dels)
	 2000000 in runtime (usecs) = 2 secs = 1.664328 ops/usec
	 0.000000 op/sec put throughput (all threads)
	 1648047.500000 op/sec get throughput (all threads)
	 16280.500000 op/sec del throughput (all threads)
	 1664328.000000 op/sec total throughput (all threads)
	 Conflicts in worker thread: 0 (of 4071 commits)
	 Errors in worker thread: 0
	 Put errors: 0, Del errors: 0, Get errors: 0
***END OF RAMP-UP-THREADS OUTPUT***

***CONCLUDING THREAD EVALUATION***
