KP: 1744: Using 16 for local hash table size (same as merge frequency), 1610000 for master hash table size
KP: 1744: Total memory allocation size (just evaluation, not kv stores themselves) could be up to 0 bytes (0 MB)
Will create 1610000 random integers for each child thread
Now starting evaluation for key-value store: kp_kvstore
On 16 cores
Running on storage platform: disk
Starting single-threaded tests

*** BEGINING SINGLE THREADED TESTS***

***NOW DOING LATENCY TEST ON INDIVIDUAL FUNCTIONS ***
For put-insert: 
	 time elapsed 0:227337 (sec:usec) = 227337 usecs 
	 iterations 10000 (merge every 8 -> 1250 merges)
	 average cost 22.733700 usecs
	 Conflicts: 0 (of 1249 commits)

For put-append: 
	 time elapsed 0:674132 (sec:usec) = 674132 usecs 
	 iterations 30000 (merge every 8 -> 3750 merges)
	 average cost 22.471067 usecs
	 Conflicts: 0 (of 3747 commits)

For get: 
	 time elapsed 0:760422 (sec:usec) = 760422 usecs 
	 iterations 30000 (merge every 8 -> 3750 merges)
	 average cost 25.347401 usecs
	 Conflicts: 0 (of 0 commits)

For delete: 
	 time elapsed 0:69178 (sec:usec) = 69178 usecs 
	 iterations 30000 (merge every 8 -> 3750 merges)
	 average cost 2.305933 usecs
	 Conflicts: 0 (of 3747 commits)


*** CONCLUDING SINGLE THREADED TESTS***

Starting multi-threaded tests: num_threads=1, NUM_CPUS=16
KP: 1744: pinned new thread to CPU=0x0
KP: 1744: sleeping to allow threads enough time
KP: 1744: waking up from sleep (0)
For multithreaded run ramp r:-1-w:30-u:70-d:1
	 183465 total ops (181577 puts + 0 gets + 1888 dels)
	 2000000 in runtime (usecs) = 2 secs = 0.091733 ops/usec
	 90788.500000 op/sec put throughput (all threads)
	 0.000000 op/sec get throughput (all threads)
	 944.000000 op/sec del throughput (all threads)
	 91732.500000 op/sec total throughput (all threads)
	 Conflicts in worker thread: 0 (of 22934 commits)
	 Errors in worker thread: 0
	 Put errors: 0, Del errors: 0, Get errors: 0
***END OF RAMP-UP-THREADS OUTPUT***

KP: 1744: pinned new thread to CPU=0x0
KP: 1744: sleeping to allow threads enough time
KP: 1744: waking up from sleep (0)
For multithreaded run ramp r:19-w:24-u:56-d:1
	 216089 total ops (170808 puts + 43083 gets + 2198 dels)
	 2000000 in runtime (usecs) = 2 secs = 0.108044 ops/usec
	 85404.000000 op/sec put throughput (all threads)
	 21541.500000 op/sec get throughput (all threads)
	 1099.000122 op/sec del throughput (all threads)
	 108044.500000 op/sec total throughput (all threads)
	 Conflicts in worker thread: 0 (of 21626 commits)
	 Errors in worker thread: 0
	 Put errors: 0, Del errors: 0, Get errors: 0
***END OF RAMP-UP-THREADS OUTPUT***

KP: 1744: pinned new thread to CPU=0x0
KP: 1744: sleeping to allow threads enough time
KP: 1744: waking up from sleep (0)
For multithreaded run ramp r:39-w:18-u:42-d:1
	 266433 total ops (157463 puts + 106313 gets + 2657 dels)
	 2000000 in runtime (usecs) = 2 secs = 0.133217 ops/usec
	 78731.500000 op/sec put throughput (all threads)
	 53156.500000 op/sec get throughput (all threads)
	 1328.500000 op/sec del throughput (all threads)
	 133216.500000 op/sec total throughput (all threads)
	 Conflicts in worker thread: 0 (of 20015 commits)
	 Errors in worker thread: 0
	 Put errors: 0, Del errors: 0, Get errors: 0
***END OF RAMP-UP-THREADS OUTPUT***

KP: 1744: pinned new thread to CPU=0x0
KP: 1744: sleeping to allow threads enough time
KP: 1744: waking up from sleep (0)
For multithreaded run ramp r:59-w:12-u:28-d:1
	 350402 total ops (136442 puts + 210469 gets + 3491 dels)
	 2000000 in runtime (usecs) = 2 secs = 0.175201 ops/usec
	 68221.000000 op/sec put throughput (all threads)
	 105234.500000 op/sec get throughput (all threads)
	 1745.500000 op/sec del throughput (all threads)
	 175201.000000 op/sec total throughput (all threads)
	 Conflicts in worker thread: 0 (of 17492 commits)
	 Errors in worker thread: 0
	 Put errors: 0, Del errors: 0, Get errors: 0
***END OF RAMP-UP-THREADS OUTPUT***

KP: 1744: pinned new thread to CPU=0x0
KP: 1744: sleeping to allow threads enough time
KP: 1744: waking up from sleep (0)
For multithreaded run ramp r:79-w:6-u:14-d:1
	 519233 total ops (98507 puts + 415433 gets + 5293 dels)
	 2000000 in runtime (usecs) = 2 secs = 0.259616 ops/usec
	 49253.500000 op/sec put throughput (all threads)
	 207716.500000 op/sec get throughput (all threads)
	 2646.500000 op/sec del throughput (all threads)
	 259616.500000 op/sec total throughput (all threads)
	 Conflicts in worker thread: 0 (of 12975 commits)
	 Errors in worker thread: 0
	 Put errors: 0, Del errors: 0, Get errors: 0
***END OF RAMP-UP-THREADS OUTPUT***

KP: 1744: pinned new thread to CPU=0x0
KP: 1744: sleeping to allow threads enough time
KP: 1744: waking up from sleep (0)
For multithreaded run ramp r:99-w:0-u:0-d:1
	 3296865 total ops (0 puts + 3263681 gets + 33184 dels)
	 2000000 in runtime (usecs) = 2 secs = 1.648432 ops/usec
	 0.000000 op/sec put throughput (all threads)
	 1631840.500000 op/sec get throughput (all threads)
	 16592.000000 op/sec del throughput (all threads)
	 1648432.500000 op/sec total throughput (all threads)
	 Conflicts in worker thread: 0 (of 4148 commits)
	 Errors in worker thread: 0
	 Put errors: 0, Del errors: 0, Get errors: 0
***END OF RAMP-UP-THREADS OUTPUT***

***CONCLUDING THREAD EVALUATION***
