KP: 2224: Using 16 for local hash table size (same as merge frequency), 1610000 for master hash table size
KP: 2224: Total memory allocation size (just evaluation, not kv stores themselves) could be up to 0 bytes (0 MB)
Will create 1610000 random integers for each child thread
Now starting evaluation for key-value store: kp_kvstore
On 16 cores
Running on storage platform: disk
Starting single-threaded tests

*** BEGINING SINGLE THREADED TESTS***

***NOW DOING LATENCY TEST ON INDIVIDUAL FUNCTIONS ***
For put-insert: 
	 time elapsed 0:885940 (sec:usec) = 885940 usecs 
	 iterations 10000 (merge every 8 -> 1250 merges)
	 average cost 88.594002 usecs
	 Conflicts: 0 (of 1249 commits)

For put-append: 
	 time elapsed 2:574091 (sec:usec) = 2574091 usecs 
	 iterations 30000 (merge every 8 -> 3750 merges)
	 average cost 85.803032 usecs
	 Conflicts: 0 (of 3747 commits)

For get: 
	 time elapsed 0:619421 (sec:usec) = 619421 usecs 
	 iterations 30000 (merge every 8 -> 3750 merges)
	 average cost 20.647367 usecs
	 Conflicts: 0 (of 0 commits)

For delete: 
	 time elapsed 0:292551 (sec:usec) = 292551 usecs 
	 iterations 30000 (merge every 8 -> 3750 merges)
	 average cost 9.751700 usecs
	 Conflicts: 0 (of 3747 commits)


*** CONCLUDING SINGLE THREADED TESTS***

Starting multi-threaded tests: num_threads=1, NUM_CPUS=16
KP: 2224: pinned new thread to CPU=0x0
KP: 2224: sleeping to allow threads enough time
KP: 2224: waking up from sleep (0)
For multithreaded run ramp r:-1-w:30-u:70-d:1
	 50096 total ops (49668 puts + 0 gets + 428 dels)
	 2000000 in runtime (usecs) = 2 secs = 0.025048 ops/usec
	 24834.000000 op/sec put throughput (all threads)
	 0.000000 op/sec get throughput (all threads)
	 214.000000 op/sec del throughput (all threads)
	 25048.000000 op/sec total throughput (all threads)
	 Conflicts in worker thread: 0 (of 6262 commits)
	 Errors in worker thread: 0
	 Put errors: 0, Del errors: 0, Get errors: 0
***END OF RAMP-UP-THREADS OUTPUT***

KP: 2224: pinned new thread to CPU=0x0
KP: 2224: sleeping to allow threads enough time
KP: 2224: waking up from sleep (0)
For multithreaded run ramp r:19-w:24-u:56-d:1
	 61124 total ops (48313 puts + 12239 gets + 572 dels)
	 2000000 in runtime (usecs) = 2 secs = 0.030562 ops/usec
	 24156.500000 op/sec put throughput (all threads)
	 6119.500000 op/sec get throughput (all threads)
	 286.000000 op/sec del throughput (all threads)
	 30562.000000 op/sec total throughput (all threads)
	 Conflicts in worker thread: 0 (of 6111 commits)
	 Errors in worker thread: 0
	 Put errors: 0, Del errors: 0, Get errors: 0
***END OF RAMP-UP-THREADS OUTPUT***

KP: 2224: pinned new thread to CPU=0x0
KP: 2224: sleeping to allow threads enough time
KP: 2224: waking up from sleep (0)
For multithreaded run ramp r:39-w:18-u:42-d:1
	 80500 total ops (47495 puts + 32228 gets + 777 dels)
	 2000000 in runtime (usecs) = 2 secs = 0.040250 ops/usec
	 23747.500000 op/sec put throughput (all threads)
	 16114.000000 op/sec get throughput (all threads)
	 388.500000 op/sec del throughput (all threads)
	 40250.000000 op/sec total throughput (all threads)
	 Conflicts in worker thread: 0 (of 6034 commits)
	 Errors in worker thread: 0
	 Put errors: 0, Del errors: 0, Get errors: 0
***END OF RAMP-UP-THREADS OUTPUT***

KP: 2224: pinned new thread to CPU=0x0
KP: 2224: sleeping to allow threads enough time
KP: 2224: waking up from sleep (0)
For multithreaded run ramp r:59-w:12-u:28-d:1
	 117633 total ops (45808 puts + 70665 gets + 1160 dels)
	 2000000 in runtime (usecs) = 2 secs = 0.058817 ops/usec
	 22904.000000 op/sec put throughput (all threads)
	 35332.500000 op/sec get throughput (all threads)
	 580.000000 op/sec del throughput (all threads)
	 58816.500000 op/sec total throughput (all threads)
	 Conflicts in worker thread: 0 (of 5871 commits)
	 Errors in worker thread: 0
	 Put errors: 0, Del errors: 0, Get errors: 0
***END OF RAMP-UP-THREADS OUTPUT***

KP: 2224: pinned new thread to CPU=0x0
KP: 2224: sleeping to allow threads enough time
KP: 2224: waking up from sleep (0)
For multithreaded run ramp r:79-w:6-u:14-d:1
	 219947 total ops (41748 puts + 175987 gets + 2212 dels)
	 2000000 in runtime (usecs) = 2 secs = 0.109973 ops/usec
	 20874.000000 op/sec put throughput (all threads)
	 87993.500000 op/sec get throughput (all threads)
	 1106.000000 op/sec del throughput (all threads)
	 109973.500000 op/sec total throughput (all threads)
	 Conflicts in worker thread: 0 (of 5495 commits)
	 Errors in worker thread: 0
	 Put errors: 0, Del errors: 0, Get errors: 0
***END OF RAMP-UP-THREADS OUTPUT***

KP: 2224: pinned new thread to CPU=0x0
KP: 2224: sleeping to allow threads enough time
KP: 2224: waking up from sleep (0)
For multithreaded run ramp r:99-w:0-u:0-d:1
	 3122146 total ops (0 puts + 3091072 gets + 31074 dels)
	 2000000 in runtime (usecs) = 2 secs = 1.561073 ops/usec
	 0.000000 op/sec put throughput (all threads)
	 1545536.000000 op/sec get throughput (all threads)
	 15537.000000 op/sec del throughput (all threads)
	 1561073.000000 op/sec total throughput (all threads)
	 Conflicts in worker thread: 0 (of 3885 commits)
	 Errors in worker thread: 0
	 Put errors: 0, Del errors: 0, Get errors: 0
***END OF RAMP-UP-THREADS OUTPUT***

***CONCLUDING THREAD EVALUATION***
