KP: 7312: Using 16 for local hash table size (same as merge frequency), 1610000 for master hash table size
KP: 7312: Total memory allocation size (just evaluation, not kv stores themselves) could be up to 0 bytes (0 MB)
Will create 100625 random integers for each child thread
Now starting evaluation for key-value store: LevelDB
On 16 cores
Running on storage platform: disk
Starting single-threaded tests

*** BEGINING SINGLE THREADED TESTS***

ON PATH /home/katelin/leveldb_client_name
***NOW DOING LATENCY TEST ON INDIVIDUAL FUNCTIONS ***
For put-insert: 
	 time elapsed 4:368858 (sec:usec) = 4368858 usecs 
	 iterations 1000 (merge every 8 -> 125 merges)
	 average cost 4368.857910 usecs
	 Conflicts: 0 (of 124 commits)

For put-append: 
	 time elapsed 13:306332 (sec:usec) = 13306332 usecs 
	 iterations 3000 (merge every 8 -> 375 merges)
	 average cost 4435.443848 usecs
	 Conflicts: 0 (of 372 commits)

For get: 
	 time elapsed 0:105242 (sec:usec) = 105242 usecs 
	 iterations 3000 (merge every 8 -> 375 merges)
	 average cost 35.080666 usecs
	 Conflicts: 0 (of 0 commits)

For delete: 
	 time elapsed 13:396278 (sec:usec) = 13396278 usecs 
	 iterations 3000 (merge every 8 -> 375 merges)
	 average cost 4465.425781 usecs
	 Conflicts: 0 (of 372 commits)


*** CONCLUDING SINGLE THREADED TESTS***

Starting multi-threaded tests: num_threads=16, NUM_CPUS=16
ON PATH /home/katelin/leveldb_client_name
KP: 7312: pinned new thread to CPU=0x0
KP: 7312: pinned new thread to CPU=0x1
KP: 7312: pinned new thread to CPU=0x2
KP: 7312: pinned new thread to CPU=0x3
KP: 7312: pinned new thread to CPU=0x4
KP: 7312: pinned new thread to CPU=0x5
KP: 7312: pinned new thread to CPU=0x6
KP: 7312: pinned new thread to CPU=0x7
KP: 7312: pinned new thread to CPU=0x8
KP: 7312: pinned new thread to CPU=0x9
KP: 7312: pinned new thread to CPU=0xA
KP: 7312: pinned new thread to CPU=0xB
KP: 7312: pinned new thread to CPU=0xC
KP: 7312: pinned new thread to CPU=0xD
KP: 7312: pinned new thread to CPU=0xE
KP: 7312: pinned new thread to CPU=0xF
KP: 7312: sleeping to allow threads enough time
KP: 7312: waking up from sleep (0)
For multithreaded run ramp r:-1-w:30-u:70-d:1
	 520 total ops (517 puts + 0 gets + 3 dels)
	 2000000 in runtime (usecs) = 2 secs = 0.000260 ops/usec
	 258.500000 op/sec put throughput (all threads)
	 0.000000 op/sec get throughput (all threads)
	 1.500000 op/sec del throughput (all threads)
	 260.000000 op/sec total throughput (all threads)
	 Conflicts in worker thread: 0 (of 65 commits)
	 Errors in worker thread: 0
	 Put errors: 0, Del errors: 0, Get errors: 0
***END OF RAMP-UP-THREADS OUTPUT***

ON PATH /home/katelin/leveldb_client_name
KP: 7312: pinned new thread to CPU=0x0
KP: 7312: pinned new thread to CPU=0x1
KP: 7312: pinned new thread to CPU=0x2
KP: 7312: pinned new thread to CPU=0x3
KP: 7312: pinned new thread to CPU=0x4
KP: 7312: pinned new thread to CPU=0x5
KP: 7312: pinned new thread to CPU=0x6
KP: 7312: pinned new thread to CPU=0x7
KP: 7312: pinned new thread to CPU=0x8
KP: 7312: pinned new thread to CPU=0x9
KP: 7312: pinned new thread to CPU=0xA
KP: 7312: pinned new thread to CPU=0xB
KP: 7312: pinned new thread to CPU=0xC
KP: 7312: pinned new thread to CPU=0xD
KP: 7312: pinned new thread to CPU=0xE
KP: 7312: pinned new thread to CPU=0xF
KP: 7312: sleeping to allow threads enough time
KP: 7312: waking up from sleep (0)
For multithreaded run ramp r:19-w:24-u:56-d:1
	 584 total ops (475 puts + 104 gets + 5 dels)
	 2000000 in runtime (usecs) = 2 secs = 0.000292 ops/usec
	 237.500000 op/sec put throughput (all threads)
	 52.000000 op/sec get throughput (all threads)
	 2.500000 op/sec del throughput (all threads)
	 292.000000 op/sec total throughput (all threads)
	 Conflicts in worker thread: 0 (of 60 commits)
	 Errors in worker thread: 0
	 Put errors: 0, Del errors: 0, Get errors: 0
***END OF RAMP-UP-THREADS OUTPUT***

ON PATH /home/katelin/leveldb_client_name
KP: 7312: pinned new thread to CPU=0x0
KP: 7312: pinned new thread to CPU=0x1
KP: 7312: pinned new thread to CPU=0x2
KP: 7312: pinned new thread to CPU=0x3
KP: 7312: pinned new thread to CPU=0x4
KP: 7312: pinned new thread to CPU=0x5
KP: 7312: pinned new thread to CPU=0x6
KP: 7312: pinned new thread to CPU=0x7
KP: 7312: pinned new thread to CPU=0x8
KP: 7312: pinned new thread to CPU=0x9
KP: 7312: pinned new thread to CPU=0xA
KP: 7312: pinned new thread to CPU=0xB
KP: 7312: pinned new thread to CPU=0xC
KP: 7312: pinned new thread to CPU=0xD
KP: 7312: pinned new thread to CPU=0xE
KP: 7312: pinned new thread to CPU=0xF
KP: 7312: sleeping to allow threads enough time
KP: 7312: waking up from sleep (0)
For multithreaded run ramp r:39-w:18-u:42-d:1
	 830 total ops (466 puts + 358 gets + 6 dels)
	 2000000 in runtime (usecs) = 2 secs = 0.000415 ops/usec
	 233.000000 op/sec put throughput (all threads)
	 179.000000 op/sec get throughput (all threads)
	 3.000000 op/sec del throughput (all threads)
	 415.000000 op/sec total throughput (all threads)
	 Conflicts in worker thread: 0 (of 59 commits)
	 Errors in worker thread: 0
	 Put errors: 0, Del errors: 0, Get errors: 0
***END OF RAMP-UP-THREADS OUTPUT***

ON PATH /home/katelin/leveldb_client_name
KP: 7312: pinned new thread to CPU=0x0
KP: 7312: pinned new thread to CPU=0x1
KP: 7312: pinned new thread to CPU=0x2
KP: 7312: pinned new thread to CPU=0x3
KP: 7312: pinned new thread to CPU=0x4
KP: 7312: pinned new thread to CPU=0x5
KP: 7312: pinned new thread to CPU=0x6
KP: 7312: pinned new thread to CPU=0x7
KP: 7312: pinned new thread to CPU=0x8
KP: 7312: pinned new thread to CPU=0x9
KP: 7312: pinned new thread to CPU=0xA
KP: 7312: pinned new thread to CPU=0xB
KP: 7312: pinned new thread to CPU=0xC
KP: 7312: pinned new thread to CPU=0xD
KP: 7312: pinned new thread to CPU=0xE
KP: 7312: pinned new thread to CPU=0xF
KP: 7312: sleeping to allow threads enough time
KP: 7312: waking up from sleep (0)
For multithreaded run ramp r:59-w:12-u:28-d:1
	 1278 total ops (493 puts + 774 gets + 11 dels)
	 2000000 in runtime (usecs) = 2 secs = 0.000639 ops/usec
	 246.500000 op/sec put throughput (all threads)
	 387.000000 op/sec get throughput (all threads)
	 5.500000 op/sec del throughput (all threads)
	 639.000000 op/sec total throughput (all threads)
	 Conflicts in worker thread: 0 (of 63 commits)
	 Errors in worker thread: 0
	 Put errors: 0, Del errors: 0, Get errors: 0
***END OF RAMP-UP-THREADS OUTPUT***

ON PATH /home/katelin/leveldb_client_name
KP: 7312: pinned new thread to CPU=0x0
KP: 7312: pinned new thread to CPU=0x1
KP: 7312: pinned new thread to CPU=0x2
KP: 7312: pinned new thread to CPU=0x3
KP: 7312: pinned new thread to CPU=0x4
KP: 7312: pinned new thread to CPU=0x5
KP: 7312: pinned new thread to CPU=0x6
KP: 7312: pinned new thread to CPU=0x7
KP: 7312: pinned new thread to CPU=0x8
KP: 7312: pinned new thread to CPU=0x9
KP: 7312: pinned new thread to CPU=0xA
KP: 7312: pinned new thread to CPU=0xB
KP: 7312: pinned new thread to CPU=0xC
KP: 7312: pinned new thread to CPU=0xD
KP: 7312: pinned new thread to CPU=0xE
KP: 7312: pinned new thread to CPU=0xF
KP: 7312: sleeping to allow threads enough time
KP: 7312: waking up from sleep (0)
For multithreaded run ramp r:79-w:6-u:14-d:1
	 2439 total ops (474 puts + 1943 gets + 22 dels)
	 2000000 in runtime (usecs) = 2 secs = 0.001219 ops/usec
	 237.000000 op/sec put throughput (all threads)
	 971.500061 op/sec get throughput (all threads)
	 11.000000 op/sec del throughput (all threads)
	 1219.500000 op/sec total throughput (all threads)
	 Conflicts in worker thread: 0 (of 62 commits)
	 Errors in worker thread: 0
	 Put errors: 0, Del errors: 0, Get errors: 0
***END OF RAMP-UP-THREADS OUTPUT***

ON PATH /home/katelin/leveldb_client_name
KP: 7312: pinned new thread to CPU=0x0
KP: 7312: pinned new thread to CPU=0x1
KP: 7312: pinned new thread to CPU=0x2
KP: 7312: pinned new thread to CPU=0x3
KP: 7312: pinned new thread to CPU=0x4
KP: 7312: pinned new thread to CPU=0x5
KP: 7312: pinned new thread to CPU=0x6
KP: 7312: pinned new thread to CPU=0x7
KP: 7312: pinned new thread to CPU=0x8
KP: 7312: pinned new thread to CPU=0x9
KP: 7312: pinned new thread to CPU=0xA
KP: 7312: pinned new thread to CPU=0xB
KP: 7312: pinned new thread to CPU=0xC
KP: 7312: pinned new thread to CPU=0xD
KP: 7312: pinned new thread to CPU=0xE
KP: 7312: pinned new thread to CPU=0xF
KP: 7312: sleeping to allow threads enough time
KP: 7312: waking up from sleep (0)
For multithreaded run ramp r:99-w:0-u:0-d:1
	 57738 total ops (0 puts + 57210 gets + 528 dels)
	 2000000 in runtime (usecs) = 2 secs = 0.028869 ops/usec
	 0.000000 op/sec put throughput (all threads)
	 28605.000000 op/sec get throughput (all threads)
	 264.000000 op/sec del throughput (all threads)
	 28869.000000 op/sec total throughput (all threads)
	 Conflicts in worker thread: 0 (of 66 commits)
	 Errors in worker thread: 0
	 Put errors: 0, Del errors: 0, Get errors: 3116
***END OF RAMP-UP-THREADS OUTPUT***

***CONCLUDING THREAD EVALUATION***
