KP: 208: Using 16 for local hash table size (same as merge frequency), 1610000 for master hash table size
KP: 208: Total memory allocation size (just evaluation, not kv stores themselves) could be up to 0 bytes (0 MB)
Will create 1610000 random integers for each child thread
Now starting evaluation for key-value store: Masstree
On 16 cores
Running on storage platform: disk
Starting single-threaded tests

*** BEGINING SINGLE THREADED TESTS***

***NOW DOING LATENCY TEST ON INDIVIDUAL FUNCTIONS ***
For put-insert: 
	 time elapsed 0:2511 (sec:usec) = 2511 usecs 
	 iterations 1000 (merge every 8 -> 125 merges)
	 average cost 2.511000 usecs
	 Conflicts: 0 (of 124 commits)

For put-append: 
	 time elapsed 0:2747 (sec:usec) = 2747 usecs 
	 iterations 3000 (merge every 8 -> 375 merges)
	 average cost 0.915667 usecs
	 Conflicts: 0 (of 372 commits)

For get: 
	 time elapsed 0:2074 (sec:usec) = 2074 usecs 
	 iterations 3000 (merge every 8 -> 375 merges)
	 average cost 0.691333 usecs
	 Conflicts: 0 (of 0 commits)

For delete: 
	 time elapsed 0:2056 (sec:usec) = 2056 usecs 
	 iterations 3000 (merge every 8 -> 375 merges)
	 average cost 0.685333 usecs
	 Conflicts: 0 (of 372 commits)


*** CONCLUDING SINGLE THREADED TESTS***

Starting multi-threaded tests: num_threads=1, NUM_CPUS=16
KP: 208: pinned new thread to CPU=0x0
KP: 208: sleeping to allow threads enough time
KP: 208: waking up from sleep (0)
For multithreaded run ramp r:-1-w:30-u:70-d:1
	 2204164 total ops (2182070 puts + 0 gets + 22094 dels)
	 2000000 in runtime (usecs) = 2 secs = 1.102082 ops/usec
	 1091035.000000 op/sec put throughput (all threads)
	 0.000000 op/sec get throughput (all threads)
	 11047.000000 op/sec del throughput (all threads)
	 1102082.000000 op/sec total throughput (all threads)
	 Conflicts in worker thread: 0 (of 275521 commits)
	 Errors in worker thread: 0
	 Put errors: 0, Del errors: 0, Get errors: 0
***END OF RAMP-UP-THREADS OUTPUT***

KP: 208: pinned new thread to CPU=0x0
KP: 208: sleeping to allow threads enough time
KP: 208: pinned new thread to CPU=0x0
KP: 208: sleeping to allow threads enough time
KP: 208: pinned new thread to CPU=0x0
KP: 208: sleeping to allow threads enough time
KP: 208: pinned new thread to CPU=0x0
KP: 208: sleeping to allow threads enough time
KP: 208: pinned new thread to CPU=0x0
KP: 208: sleeping to allow threads enough time
KP: 208: waking up from sleep (0)
For multithreaded run ramp r:99-w:0-u:0-d:1
	 2963036 total ops (0 puts + 2933235 gets + 29801 dels)
	 2000000 in runtime (usecs) = 2 secs = 1.481518 ops/usec
	 0.000000 op/sec put throughput (all threads)
	 1466617.500000 op/sec get throughput (all threads)
	 14900.500000 op/sec del throughput (all threads)
	 1481518.000000 op/sec total throughput (all threads)
	 Conflicts in worker thread: 0 (of 3726 commits)
	 Errors in worker thread: 0
	 Put errors: 0, Del errors: 0, Get errors: 0
***END OF RAMP-UP-THREADS OUTPUT***

***CONCLUDING THREAD EVALUATION***
