KP: 9824: Using 16 for local hash table size (same as merge frequency), 1610000 for master hash table size
KP: 9824: Total memory allocation size (just evaluation, not kv stores themselves) could be up to 0 bytes (0 MB)
Will create 1610000 random integers for each child thread
Now starting evaluation for key-value store: Masstree
On 16 cores
Running on storage platform: disk
Starting single-threaded tests

*** BEGINING SINGLE THREADED TESTS***

***NOW DOING LATENCY TEST ON INDIVIDUAL FUNCTIONS ***
For put-insert: 
	 time elapsed 0:12819 (sec:usec) = 12819 usecs 
	 iterations 10000 (merge every 8 -> 1250 merges)
	 average cost 1.281900 usecs
	 Conflicts: 0 (of 1249 commits)

For put-append: 
	 time elapsed 0:37829 (sec:usec) = 37829 usecs 
	 iterations 30000 (merge every 8 -> 3750 merges)
	 average cost 1.260967 usecs
	 Conflicts: 0 (of 3747 commits)

For get: 
	 time elapsed 0:9487 (sec:usec) = 9487 usecs 
	 iterations 30000 (merge every 8 -> 3750 merges)
	 average cost 0.316233 usecs
	 Conflicts: 0 (of 0 commits)

For delete: 
	 time elapsed 0:8479 (sec:usec) = 8479 usecs 
	 iterations 30000 (merge every 8 -> 3750 merges)
	 average cost 0.282633 usecs
	 Conflicts: 0 (of 3747 commits)


*** CONCLUDING SINGLE THREADED TESTS***

Starting multi-threaded tests: num_threads=1, NUM_CPUS=16
KP: 9824: pinned new thread to CPU=0x0
KP: 9824: sleeping to allow threads enough time
KP: 9824: waking up from sleep (0)
For multithreaded run ramp r:-1-w:30-u:70-d:1
	 1729473 total ops (1712579 puts + 0 gets + 16894 dels)
	 2000000 in runtime (usecs) = 2 secs = 0.864736 ops/usec
	 856289.500000 op/sec put throughput (all threads)
	 0.000000 op/sec get throughput (all threads)
	 8447.000000 op/sec del throughput (all threads)
	 864736.500000 op/sec total throughput (all threads)
	 Conflicts in worker thread: 0 (of 216185 commits)
	 Errors in worker thread: 0
	 Put errors: 0, Del errors: 0, Get errors: 0
***END OF RAMP-UP-THREADS OUTPUT***

KP: 9824: pinned new thread to CPU=0x0
KP: 9824: sleeping to allow threads enough time
KP: 9824: pinned new thread to CPU=0x0
KP: 9824: sleeping to allow threads enough time
KP: 9824: pinned new thread to CPU=0x0
KP: 9824: sleeping to allow threads enough time
KP: 9824: pinned new thread to CPU=0x0
KP: 9824: sleeping to allow threads enough time
KP: 9824: pinned new thread to CPU=0x0
KP: 9824: sleeping to allow threads enough time
KP: 9824: waking up from sleep (0)
For multithreaded run ramp r:99-w:0-u:0-d:1
	 6975195 total ops (0 puts + 6905346 gets + 69849 dels)
	 2000000 in runtime (usecs) = 2 secs = 3.487597 ops/usec
	 0.000000 op/sec put throughput (all threads)
	 3452673.000000 op/sec get throughput (all threads)
	 34924.500000 op/sec del throughput (all threads)
	 3487597.500000 op/sec total throughput (all threads)
	 Conflicts in worker thread: 0 (of 8732 commits)
	 Errors in worker thread: 0
	 Put errors: 0, Del errors: 0, Get errors: 0
***END OF RAMP-UP-THREADS OUTPUT***

***CONCLUDING THREAD EVALUATION***
