KP: 4624: Using 2 for local hash table size (same as merge frequency), 1610000 for master hash table size
KP: 4624: Total memory allocation size (just evaluation, not kv stores themselves) could be up to 0 bytes (0 MB)
Will create 1610000 random integers for each child thread
Now starting evaluation for key-value store: Masstree
On 16 cores
Running on storage platform: disk
Starting single-threaded tests

*** BEGINING SINGLE THREADED TESTS***

***NOW DOING LATENCY TEST ON INDIVIDUAL FUNCTIONS ***
For put-insert: 
	 time elapsed 0:18409 (sec:usec) = 18409 usecs 
	 iterations 10000 (merge every 1 -> 10000 merges)
	 average cost 1.840900 usecs
	 Conflicts: 0 (of 10000 commits)

For put-append: 
	 time elapsed 0:52070 (sec:usec) = 52070 usecs 
	 iterations 30000 (merge every 1 -> 30000 merges)
	 average cost 1.735667 usecs
	 Conflicts: 0 (of 30000 commits)

For get: 
	 time elapsed 0:20999 (sec:usec) = 20999 usecs 
	 iterations 30000 (merge every 1 -> 30000 merges)
	 average cost 0.699967 usecs
	 Conflicts: 0 (of 0 commits)

For delete: 
	 time elapsed 0:20762 (sec:usec) = 20762 usecs 
	 iterations 30000 (merge every 1 -> 30000 merges)
	 average cost 0.692067 usecs
	 Conflicts: 0 (of 30000 commits)


*** CONCLUDING SINGLE THREADED TESTS***

Starting multi-threaded tests: num_threads=1, NUM_CPUS=16
KP: 4624: pinned new thread to CPU=0x0
KP: 4624: sleeping to allow threads enough time
KP: 4624: waking up from sleep (0)
For multithreaded run ramp r:-1-w:30-u:70-d:1
	 1229639 total ops (1217455 puts + 0 gets + 12184 dels)
	 2000000 in runtime (usecs) = 2 secs = 0.614820 ops/usec
	 608727.562500 op/sec put throughput (all threads)
	 0.000000 op/sec get throughput (all threads)
	 6092.000488 op/sec del throughput (all threads)
	 614819.500000 op/sec total throughput (all threads)
	 Conflicts in worker thread: 0 (of 1229639 commits)
	 Errors in worker thread: 0
	 Put errors: 0, Del errors: 0, Get errors: 0
***END OF RAMP-UP-THREADS OUTPUT***

KP: 4624: pinned new thread to CPU=0x0
KP: 4624: sleeping to allow threads enough time
KP: 4624: pinned new thread to CPU=0x0
KP: 4624: sleeping to allow threads enough time
KP: 4624: pinned new thread to CPU=0x0
KP: 4624: sleeping to allow threads enough time
KP: 4624: pinned new thread to CPU=0x0
KP: 4624: sleeping to allow threads enough time
KP: 4624: pinned new thread to CPU=0x0
KP: 4624: sleeping to allow threads enough time
KP: 4624: waking up from sleep (0)
For multithreaded run ramp r:99-w:0-u:0-d:1
	 2974979 total ops (0 puts + 2945678 gets + 29301 dels)
	 2000000 in runtime (usecs) = 2 secs = 1.487489 ops/usec
	 0.000000 op/sec put throughput (all threads)
	 1472839.000000 op/sec get throughput (all threads)
	 14650.500000 op/sec del throughput (all threads)
	 1487489.500000 op/sec total throughput (all threads)
	 Conflicts in worker thread: 0 (of 29301 commits)
	 Errors in worker thread: 0
	 Put errors: 0, Del errors: 0, Get errors: 0
***END OF RAMP-UP-THREADS OUTPUT***

***CONCLUDING THREAD EVALUATION***
