KP: 8688: Using 16 for local hash table size (same as merge frequency), 1610000 for master hash table size
KP: 8688: Total memory allocation size (just evaluation, not kv stores themselves) could be up to 0 bytes (0 MB)
Will create 1610000 random integers for each child thread
Now starting evaluation for key-value store: Masstree
On 16 cores
Running on storage platform: disk
Starting single-threaded tests

*** BEGINING SINGLE THREADED TESTS***

***NOW DOING LATENCY TEST ON INDIVIDUAL FUNCTIONS ***
For put-insert: 
	 time elapsed 0:25929 (sec:usec) = 25929 usecs 
	 iterations 10000 (merge every 8 -> 1250 merges)
	 average cost 2.592900 usecs
	 Conflicts: 0 (of 1249 commits)

For put-append: 
	 time elapsed 0:75791 (sec:usec) = 75791 usecs 
	 iterations 30000 (merge every 8 -> 3750 merges)
	 average cost 2.526367 usecs
	 Conflicts: 0 (of 3747 commits)

For get: 
	 time elapsed 0:21467 (sec:usec) = 21467 usecs 
	 iterations 30000 (merge every 8 -> 3750 merges)
	 average cost 0.715567 usecs
	 Conflicts: 0 (of 0 commits)

For delete: 
	 time elapsed 0:20679 (sec:usec) = 20679 usecs 
	 iterations 30000 (merge every 8 -> 3750 merges)
	 average cost 0.689300 usecs
	 Conflicts: 0 (of 3747 commits)


*** CONCLUDING SINGLE THREADED TESTS***

Starting multi-threaded tests: num_threads=1, NUM_CPUS=16
KP: 8688: pinned new thread to CPU=0x0
KP: 8688: sleeping to allow threads enough time
KP: 8688: waking up from sleep (0)
For multithreaded run ramp r:-1-w:30-u:70-d:1
	 865724 total ops (857186 puts + 0 gets + 8538 dels)
	 2000000 in runtime (usecs) = 2 secs = 0.432862 ops/usec
	 428593.000000 op/sec put throughput (all threads)
	 0.000000 op/sec get throughput (all threads)
	 4269.000000 op/sec del throughput (all threads)
	 432862.000000 op/sec total throughput (all threads)
	 Conflicts in worker thread: 0 (of 108216 commits)
	 Errors in worker thread: 0
	 Put errors: 0, Del errors: 0, Get errors: 0
***END OF RAMP-UP-THREADS OUTPUT***

KP: 8688: pinned new thread to CPU=0x0
KP: 8688: sleeping to allow threads enough time
KP: 8688: pinned new thread to CPU=0x0
KP: 8688: sleeping to allow threads enough time
KP: 8688: pinned new thread to CPU=0x0
KP: 8688: sleeping to allow threads enough time
KP: 8688: pinned new thread to CPU=0x0
KP: 8688: sleeping to allow threads enough time
KP: 8688: pinned new thread to CPU=0x0
KP: 8688: sleeping to allow threads enough time
KP: 8688: waking up from sleep (0)
For multithreaded run ramp r:99-w:0-u:0-d:1
	 2970264 total ops (0 puts + 2940696 gets + 29568 dels)
	 2000000 in runtime (usecs) = 2 secs = 1.485132 ops/usec
	 0.000000 op/sec put throughput (all threads)
	 1470348.000000 op/sec get throughput (all threads)
	 14784.000000 op/sec del throughput (all threads)
	 1485132.000000 op/sec total throughput (all threads)
	 Conflicts in worker thread: 0 (of 3696 commits)
	 Errors in worker thread: 0
	 Put errors: 0, Del errors: 0, Get errors: 0
***END OF RAMP-UP-THREADS OUTPUT***

***CONCLUDING THREAD EVALUATION***
