KP: 176: Using 16 for local hash table size (same as merge frequency), 1610000 for master hash table size
KP: 176: Total memory allocation size (just evaluation, not kv stores themselves) could be up to 0 bytes (0 MB)
Will create 1610000 random integers for each child thread
Now starting evaluation for key-value store: kp_kvstore
On 16 cores
Running on storage platform: disk
Starting single-threaded tests

*** BEGINING SINGLE THREADED TESTS***

***NOW DOING LATENCY TEST ON INDIVIDUAL FUNCTIONS ***
For put-insert: 
	 time elapsed 0:224315 (sec:usec) = 224315 usecs 
	 iterations 10000 (merge every 8 -> 1250 merges)
	 average cost 22.431499 usecs
	 Conflicts: 0 (of 1249 commits)

For put-append: 
	 time elapsed 0:533529 (sec:usec) = 533529 usecs 
	 iterations 30000 (merge every 8 -> 3750 merges)
	 average cost 17.784300 usecs
	 Conflicts: 0 (of 3747 commits)

For get: 
	 time elapsed 0:152587 (sec:usec) = 152587 usecs 
	 iterations 30000 (merge every 8 -> 3750 merges)
	 average cost 5.086233 usecs
	 Conflicts: 0 (of 0 commits)

For delete: 
	 time elapsed 0:377155 (sec:usec) = 377155 usecs 
	 iterations 30000 (merge every 8 -> 3750 merges)
	 average cost 12.571834 usecs
	 Conflicts: 0 (of 3747 commits)


*** CONCLUDING SINGLE THREADED TESTS***

Starting multi-threaded tests: num_threads=1, NUM_CPUS=16
KP: 176: pinned new thread to CPU=0x0
KP: 176: sleeping to allow threads enough time
KP: 176: waking up from sleep (0)
For multithreaded run ramp r:-1-w:30-u:70-d:1
	 183944 total ops (182063 puts + 0 gets + 1881 dels)
	 2000000 in runtime (usecs) = 2 secs = 0.091972 ops/usec
	 91031.500000 op/sec put throughput (all threads)
	 0.000000 op/sec get throughput (all threads)
	 940.499939 op/sec del throughput (all threads)
	 91972.000000 op/sec total throughput (all threads)
	 Conflicts in worker thread: 0 (of 22993 commits)
	 Errors in worker thread: 0
	 Put errors: 0, Del errors: 0, Get errors: 0
***END OF RAMP-UP-THREADS OUTPUT***

KP: 176: pinned new thread to CPU=0x0
KP: 176: sleeping to allow threads enough time
KP: 176: waking up from sleep (0)
For multithreaded run ramp r:19-w:24-u:56-d:1
	 222811 total ops (175823 puts + 44742 gets + 2246 dels)
	 2000000 in runtime (usecs) = 2 secs = 0.111405 ops/usec
	 87911.500000 op/sec put throughput (all threads)
	 22371.000000 op/sec get throughput (all threads)
	 1123.000122 op/sec del throughput (all threads)
	 111405.500000 op/sec total throughput (all threads)
	 Conflicts in worker thread: 0 (of 22259 commits)
	 Errors in worker thread: 0
	 Put errors: 0, Del errors: 0, Get errors: 0
***END OF RAMP-UP-THREADS OUTPUT***

KP: 176: pinned new thread to CPU=0x0
KP: 176: sleeping to allow threads enough time
KP: 176: waking up from sleep (0)
For multithreaded run ramp r:39-w:18-u:42-d:1
	 288374 total ops (169947 puts + 115510 gets + 2917 dels)
	 2000000 in runtime (usecs) = 2 secs = 0.144187 ops/usec
	 84973.500000 op/sec put throughput (all threads)
	 57755.000000 op/sec get throughput (all threads)
	 1458.500000 op/sec del throughput (all threads)
	 144187.000000 op/sec total throughput (all threads)
	 Conflicts in worker thread: 0 (of 21608 commits)
	 Errors in worker thread: 0
	 Put errors: 0, Del errors: 0, Get errors: 0
***END OF RAMP-UP-THREADS OUTPUT***

KP: 176: pinned new thread to CPU=0x0
KP: 176: sleeping to allow threads enough time
KP: 176: waking up from sleep (0)
For multithreaded run ramp r:59-w:12-u:28-d:1
	 410076 total ops (159734 puts + 246284 gets + 4058 dels)
	 2000000 in runtime (usecs) = 2 secs = 0.205038 ops/usec
	 79867.000000 op/sec put throughput (all threads)
	 123142.000000 op/sec get throughput (all threads)
	 2028.999878 op/sec del throughput (all threads)
	 205038.000000 op/sec total throughput (all threads)
	 Conflicts in worker thread: 0 (of 20474 commits)
	 Errors in worker thread: 0
	 Put errors: 0, Del errors: 0, Get errors: 0
***END OF RAMP-UP-THREADS OUTPUT***

KP: 176: pinned new thread to CPU=0x0
KP: 176: sleeping to allow threads enough time
KP: 176: waking up from sleep (0)
For multithreaded run ramp r:79-w:6-u:14-d:1
	 720746 total ops (136885 puts + 576514 gets + 7347 dels)
	 2000000 in runtime (usecs) = 2 secs = 0.360373 ops/usec
	 68442.500000 op/sec put throughput (all threads)
	 288257.031250 op/sec get throughput (all threads)
	 3673.500000 op/sec del throughput (all threads)
	 360373.000000 op/sec total throughput (all threads)
	 Conflicts in worker thread: 0 (of 18029 commits)
	 Errors in worker thread: 0
	 Put errors: 0, Del errors: 0, Get errors: 0
***END OF RAMP-UP-THREADS OUTPUT***

KP: 176: pinned new thread to CPU=0x0
KP: 176: sleeping to allow threads enough time
KP: 176: waking up from sleep (0)
For multithreaded run ramp r:99-w:0-u:0-d:1
	 3041656 total ops (0 puts + 3010824 gets + 30832 dels)
	 2000000 in runtime (usecs) = 2 secs = 1.520828 ops/usec
	 0.000000 op/sec put throughput (all threads)
	 1505412.000000 op/sec get throughput (all threads)
	 15416.000977 op/sec del throughput (all threads)
	 1520828.000000 op/sec total throughput (all threads)
	 Conflicts in worker thread: 0 (of 3854 commits)
	 Errors in worker thread: 0
	 Put errors: 0, Del errors: 0, Get errors: 0
***END OF RAMP-UP-THREADS OUTPUT***

***CONCLUDING THREAD EVALUATION***
