KP: 9360: Using 16 for local hash table size (same as merge frequency), 1610000 for master hash table size
KP: 9360: Total memory allocation size (just evaluation, not kv stores themselves) could be up to 0 bytes (0 MB)
Will create 1610000 random integers for each child thread
Now starting evaluation for key-value store: kp_kvstore
On 16 cores
Running on storage platform: disk
Starting single-threaded tests

*** BEGINING SINGLE THREADED TESTS***

***NOW DOING LATENCY TEST ON INDIVIDUAL FUNCTIONS ***
For put-insert: 
	 time elapsed 1:654449 (sec:usec) = 1654449 usecs 
	 iterations 10000 (merge every 8 -> 1250 merges)
	 average cost 165.444901 usecs
	 Conflicts: 0 (of 1249 commits)

For put-append: 
	 time elapsed 4:881783 (sec:usec) = 4881783 usecs 
	 iterations 30000 (merge every 8 -> 3750 merges)
	 average cost 162.726105 usecs
	 Conflicts: 0 (of 3747 commits)

For get: 
	 time elapsed 1:335321 (sec:usec) = 1335321 usecs 
	 iterations 30000 (merge every 8 -> 3750 merges)
	 average cost 44.510700 usecs
	 Conflicts: 0 (of 0 commits)

For delete: 
	 time elapsed 0:380725 (sec:usec) = 380725 usecs 
	 iterations 30000 (merge every 8 -> 3750 merges)
	 average cost 12.690833 usecs
	 Conflicts: 0 (of 3747 commits)


*** CONCLUDING SINGLE THREADED TESTS***

Starting multi-threaded tests: num_threads=1, NUM_CPUS=16
KP: 9360: pinned new thread to CPU=0x0
KP: 9360: sleeping to allow threads enough time
KP: 9360: waking up from sleep (0)
For multithreaded run ramp r:-1-w:30-u:70-d:1
	 26584 total ops (26310 puts + 0 gets + 274 dels)
	 2000000 in runtime (usecs) = 2 secs = 0.013292 ops/usec
	 13155.000000 op/sec put throughput (all threads)
	 0.000000 op/sec get throughput (all threads)
	 137.000000 op/sec del throughput (all threads)
	 13292.000000 op/sec total throughput (all threads)
	 Conflicts in worker thread: 0 (of 3323 commits)
	 Errors in worker thread: 0
	 Put errors: 0, Del errors: 0, Get errors: 0
***END OF RAMP-UP-THREADS OUTPUT***

KP: 9360: pinned new thread to CPU=0x0
KP: 9360: sleeping to allow threads enough time
KP: 9360: waking up from sleep (0)
For multithreaded run ramp r:19-w:24-u:56-d:1
	 32469 total ops (25742 puts + 6405 gets + 322 dels)
	 2000000 in runtime (usecs) = 2 secs = 0.016235 ops/usec
	 12871.000000 op/sec put throughput (all threads)
	 3202.500000 op/sec get throughput (all threads)
	 161.000000 op/sec del throughput (all threads)
	 16234.500000 op/sec total throughput (all threads)
	 Conflicts in worker thread: 0 (of 3258 commits)
	 Errors in worker thread: 0
	 Put errors: 0, Del errors: 0, Get errors: 0
***END OF RAMP-UP-THREADS OUTPUT***

KP: 9360: pinned new thread to CPU=0x0
KP: 9360: sleeping to allow threads enough time
KP: 9360: waking up from sleep (0)
For multithreaded run ramp r:39-w:18-u:42-d:1
	 42405 total ops (25052 puts + 16909 gets + 444 dels)
	 2000000 in runtime (usecs) = 2 secs = 0.021203 ops/usec
	 12526.000000 op/sec put throughput (all threads)
	 8454.500000 op/sec get throughput (all threads)
	 222.000000 op/sec del throughput (all threads)
	 21202.500000 op/sec total throughput (all threads)
	 Conflicts in worker thread: 0 (of 3187 commits)
	 Errors in worker thread: 0
	 Put errors: 0, Del errors: 0, Get errors: 0
***END OF RAMP-UP-THREADS OUTPUT***

KP: 9360: pinned new thread to CPU=0x0
KP: 9360: sleeping to allow threads enough time
KP: 9360: waking up from sleep (0)
For multithreaded run ramp r:59-w:12-u:28-d:1
	 62654 total ops (24320 puts + 37710 gets + 624 dels)
	 2000000 in runtime (usecs) = 2 secs = 0.031327 ops/usec
	 12160.000000 op/sec put throughput (all threads)
	 18855.000000 op/sec get throughput (all threads)
	 312.000000 op/sec del throughput (all threads)
	 31327.001953 op/sec total throughput (all threads)
	 Conflicts in worker thread: 0 (of 3118 commits)
	 Errors in worker thread: 0
	 Put errors: 0, Del errors: 0, Get errors: 0
***END OF RAMP-UP-THREADS OUTPUT***

KP: 9360: pinned new thread to CPU=0x0
KP: 9360: sleeping to allow threads enough time
KP: 9360: waking up from sleep (0)
For multithreaded run ramp r:79-w:6-u:14-d:1
	 117353 total ops (22435 puts + 93729 gets + 1189 dels)
	 2000000 in runtime (usecs) = 2 secs = 0.058676 ops/usec
	 11217.500000 op/sec put throughput (all threads)
	 46864.500000 op/sec get throughput (all threads)
	 594.499939 op/sec del throughput (all threads)
	 58676.500000 op/sec total throughput (all threads)
	 Conflicts in worker thread: 0 (of 2953 commits)
	 Errors in worker thread: 0
	 Put errors: 0, Del errors: 0, Get errors: 0
***END OF RAMP-UP-THREADS OUTPUT***

KP: 9360: pinned new thread to CPU=0x0
KP: 9360: sleeping to allow threads enough time
KP: 9360: waking up from sleep (0)
For multithreaded run ramp r:99-w:0-u:0-d:1
	 2981060 total ops (0 puts + 2950916 gets + 30144 dels)
	 2000000 in runtime (usecs) = 2 secs = 1.490530 ops/usec
	 0.000000 op/sec put throughput (all threads)
	 1475458.000000 op/sec get throughput (all threads)
	 15072.000000 op/sec del throughput (all threads)
	 1490530.000000 op/sec total throughput (all threads)
	 Conflicts in worker thread: 0 (of 3768 commits)
	 Errors in worker thread: 0
	 Put errors: 0, Del errors: 0, Get errors: 0
***END OF RAMP-UP-THREADS OUTPUT***

***CONCLUDING THREAD EVALUATION***
