KP: 8656: Using 16 for local hash table size (same as merge frequency), 1610000 for master hash table size
KP: 8656: Total memory allocation size (just evaluation, not kv stores themselves) could be up to 0 bytes (0 MB)
Will create 1610000 random integers for each child thread
Now starting evaluation for key-value store: kp_kvstore
On 16 cores
Running on storage platform: disk
Starting single-threaded tests

*** BEGINING SINGLE THREADED TESTS***

***NOW DOING LATENCY TEST ON INDIVIDUAL FUNCTIONS ***
For put-insert: 
	 time elapsed 1:334090 (sec:usec) = 1334090 usecs 
	 iterations 10000 (merge every 8 -> 1250 merges)
	 average cost 133.408997 usecs
	 Conflicts: 0 (of 1249 commits)

For put-append: 
	 time elapsed 3:894841 (sec:usec) = 3894841 usecs 
	 iterations 30000 (merge every 8 -> 3750 merges)
	 average cost 129.828033 usecs
	 Conflicts: 0 (of 3747 commits)

For get: 
	 time elapsed 0:955329 (sec:usec) = 955329 usecs 
	 iterations 30000 (merge every 8 -> 3750 merges)
	 average cost 31.844299 usecs
	 Conflicts: 0 (of 0 commits)

For delete: 
	 time elapsed 0:381358 (sec:usec) = 381358 usecs 
	 iterations 30000 (merge every 8 -> 3750 merges)
	 average cost 12.711933 usecs
	 Conflicts: 0 (of 3747 commits)


*** CONCLUDING SINGLE THREADED TESTS***

Starting multi-threaded tests: num_threads=1, NUM_CPUS=16
KP: 8656: pinned new thread to CPU=0x0
KP: 8656: sleeping to allow threads enough time
KP: 8656: waking up from sleep (0)
For multithreaded run ramp r:-1-w:30-u:70-d:1
	 32760 total ops (32447 puts + 0 gets + 313 dels)
	 2000000 in runtime (usecs) = 2 secs = 0.016380 ops/usec
	 16223.500000 op/sec put throughput (all threads)
	 0.000000 op/sec get throughput (all threads)
	 156.500000 op/sec del throughput (all threads)
	 16380.000977 op/sec total throughput (all threads)
	 Conflicts in worker thread: 0 (of 4095 commits)
	 Errors in worker thread: 0
	 Put errors: 0, Del errors: 0, Get errors: 0
***END OF RAMP-UP-THREADS OUTPUT***

KP: 8656: pinned new thread to CPU=0x0
KP: 8656: sleeping to allow threads enough time
KP: 8656: waking up from sleep (0)
For multithreaded run ramp r:19-w:24-u:56-d:1
	 40045 total ops (31688 puts + 7989 gets + 368 dels)
	 2000000 in runtime (usecs) = 2 secs = 0.020023 ops/usec
	 15844.000000 op/sec put throughput (all threads)
	 3994.500000 op/sec get throughput (all threads)
	 184.000000 op/sec del throughput (all threads)
	 20022.500000 op/sec total throughput (all threads)
	 Conflicts in worker thread: 0 (of 4007 commits)
	 Errors in worker thread: 0
	 Put errors: 0, Del errors: 0, Get errors: 0
***END OF RAMP-UP-THREADS OUTPUT***

KP: 8656: pinned new thread to CPU=0x0
KP: 8656: sleeping to allow threads enough time
KP: 8656: waking up from sleep (0)
For multithreaded run ramp r:39-w:18-u:42-d:1
	 52384 total ops (30949 puts + 20944 gets + 491 dels)
	 2000000 in runtime (usecs) = 2 secs = 0.026192 ops/usec
	 15474.500000 op/sec put throughput (all threads)
	 10471.999023 op/sec get throughput (all threads)
	 245.500000 op/sec del throughput (all threads)
	 26192.000000 op/sec total throughput (all threads)
	 Conflicts in worker thread: 0 (of 3930 commits)
	 Errors in worker thread: 0
	 Put errors: 0, Del errors: 0, Get errors: 0
***END OF RAMP-UP-THREADS OUTPUT***

KP: 8656: pinned new thread to CPU=0x0
KP: 8656: sleeping to allow threads enough time
KP: 8656: waking up from sleep (0)
For multithreaded run ramp r:59-w:12-u:28-d:1
	 76772 total ops (29663 puts + 46340 gets + 769 dels)
	 2000000 in runtime (usecs) = 2 secs = 0.038386 ops/usec
	 14831.500000 op/sec put throughput (all threads)
	 23170.000000 op/sec get throughput (all threads)
	 384.500000 op/sec del throughput (all threads)
	 38386.000000 op/sec total throughput (all threads)
	 Conflicts in worker thread: 0 (of 3804 commits)
	 Errors in worker thread: 0
	 Put errors: 0, Del errors: 0, Get errors: 0
***END OF RAMP-UP-THREADS OUTPUT***

KP: 8656: pinned new thread to CPU=0x0
KP: 8656: sleeping to allow threads enough time
KP: 8656: waking up from sleep (0)
For multithreaded run ramp r:79-w:6-u:14-d:1
	 145759 total ops (27490 puts + 116817 gets + 1452 dels)
	 2000000 in runtime (usecs) = 2 secs = 0.072880 ops/usec
	 13745.000000 op/sec put throughput (all threads)
	 58408.500000 op/sec get throughput (all threads)
	 726.000000 op/sec del throughput (all threads)
	 72879.500000 op/sec total throughput (all threads)
	 Conflicts in worker thread: 0 (of 3618 commits)
	 Errors in worker thread: 0
	 Put errors: 0, Del errors: 0, Get errors: 0
***END OF RAMP-UP-THREADS OUTPUT***

KP: 8656: pinned new thread to CPU=0x0
KP: 8656: sleeping to allow threads enough time
KP: 8656: waking up from sleep (0)
For multithreaded run ramp r:99-w:0-u:0-d:1
	 2996596 total ops (0 puts + 2966411 gets + 30185 dels)
	 2000000 in runtime (usecs) = 2 secs = 1.498298 ops/usec
	 0.000000 op/sec put throughput (all threads)
	 1483205.500000 op/sec get throughput (all threads)
	 15092.500000 op/sec del throughput (all threads)
	 1498298.000000 op/sec total throughput (all threads)
	 Conflicts in worker thread: 0 (of 3774 commits)
	 Errors in worker thread: 0
	 Put errors: 0, Del errors: 0, Get errors: 0
***END OF RAMP-UP-THREADS OUTPUT***

***CONCLUDING THREAD EVALUATION***
