KP: 2992: Using 2 for local hash table size (same as merge frequency), 1610000 for master hash table size
KP: 2992: Total memory allocation size (just evaluation, not kv stores themselves) could be up to 0 bytes (0 MB)
Will create 1610000 random integers for each child thread
Now starting evaluation for key-value store: LevelDB
On 16 cores
Running on storage platform: ramdisk
Starting single-threaded tests

*** BEGINING SINGLE THREADED TESTS***

ON PATH /mnt/pmfs/leveldb_client_name
***NOW DOING LATENCY TEST ON INDIVIDUAL FUNCTIONS ***
For put-insert: 
	 time elapsed 0:22711 (sec:usec) = 22711 usecs 
	 iterations 1000 (merge every 1 -> 1000 merges)
	 average cost 22.711000 usecs
	 Conflicts: 0 (of 1000 commits)

For put-append: 
	 time elapsed 0:80643 (sec:usec) = 80643 usecs 
	 iterations 3000 (merge every 1 -> 3000 merges)
	 average cost 26.881001 usecs
	 Conflicts: 0 (of 3000 commits)

For get: 
	 time elapsed 0:6261 (sec:usec) = 6261 usecs 
	 iterations 3000 (merge every 1 -> 3000 merges)
	 average cost 2.087000 usecs
	 Conflicts: 0 (of 0 commits)

For delete: 
	 time elapsed 0:66733 (sec:usec) = 66733 usecs 
	 iterations 3000 (merge every 1 -> 3000 merges)
	 average cost 22.244333 usecs
	 Conflicts: 0 (of 3000 commits)


*** CONCLUDING SINGLE THREADED TESTS***

Starting multi-threaded tests: num_threads=1, NUM_CPUS=16
ON PATH /mnt/pmfs/leveldb_client_name
KP: 2992: pinned new thread to CPU=0x0
KP: 2992: sleeping to allow threads enough time
KP: 2992: waking up from sleep (0)
For multithreaded run ramp r:-1-w:30-u:70-d:1
	 50238 total ops (49737 puts + 0 gets + 501 dels)
	 2000000 in runtime (usecs) = 2 secs = 0.025119 ops/usec
	 24868.500000 op/sec put throughput (all threads)
	 0.000000 op/sec get throughput (all threads)
	 250.500000 op/sec del throughput (all threads)
	 25119.000000 op/sec total throughput (all threads)
	 Conflicts in worker thread: 0 (of 50238 commits)
	 Errors in worker thread: 0
	 Put errors: 0, Del errors: 0, Get errors: 0
***END OF RAMP-UP-THREADS OUTPUT***

ON PATH /mnt/pmfs/leveldb_client_name
KP: 2992: pinned new thread to CPU=0x0
KP: 2992: sleeping to allow threads enough time
KP: 2992: waking up from sleep (0)
For multithreaded run ramp r:19-w:24-u:56-d:1
	 62771 total ops (49594 puts + 12542 gets + 635 dels)
	 2000000 in runtime (usecs) = 2 secs = 0.031385 ops/usec
	 24797.000000 op/sec put throughput (all threads)
	 6271.000000 op/sec get throughput (all threads)
	 317.500000 op/sec del throughput (all threads)
	 31385.500000 op/sec total throughput (all threads)
	 Conflicts in worker thread: 0 (of 50229 commits)
	 Errors in worker thread: 0
	 Put errors: 0, Del errors: 0, Get errors: 235
***END OF RAMP-UP-THREADS OUTPUT***

ON PATH /mnt/pmfs/leveldb_client_name
KP: 2992: pinned new thread to CPU=0x0
KP: 2992: sleeping to allow threads enough time
KP: 2992: waking up from sleep (0)
For multithreaded run ramp r:39-w:18-u:42-d:1
	 83134 total ops (49113 puts + 33231 gets + 790 dels)
	 2000000 in runtime (usecs) = 2 secs = 0.041567 ops/usec
	 24556.501953 op/sec put throughput (all threads)
	 16615.500000 op/sec get throughput (all threads)
	 395.000000 op/sec del throughput (all threads)
	 41567.000000 op/sec total throughput (all threads)
	 Conflicts in worker thread: 0 (of 49903 commits)
	 Errors in worker thread: 0
	 Put errors: 0, Del errors: 0, Get errors: 697
***END OF RAMP-UP-THREADS OUTPUT***

ON PATH /mnt/pmfs/leveldb_client_name
KP: 2992: pinned new thread to CPU=0x0
KP: 2992: sleeping to allow threads enough time
KP: 2992: waking up from sleep (0)
For multithreaded run ramp r:59-w:12-u:28-d:1
	 122987 total ops (48164 puts + 73635 gets + 1188 dels)
	 2000000 in runtime (usecs) = 2 secs = 0.061494 ops/usec
	 24082.000000 op/sec put throughput (all threads)
	 36817.500000 op/sec get throughput (all threads)
	 594.000000 op/sec del throughput (all threads)
	 61493.500000 op/sec total throughput (all threads)
	 Conflicts in worker thread: 0 (of 49352 commits)
	 Errors in worker thread: 0
	 Put errors: 0, Del errors: 0, Get errors: 2581
***END OF RAMP-UP-THREADS OUTPUT***

ON PATH /mnt/pmfs/leveldb_client_name
KP: 2992: pinned new thread to CPU=0x0
KP: 2992: sleeping to allow threads enough time
KP: 2992: waking up from sleep (0)
For multithreaded run ramp r:79-w:6-u:14-d:1
	 241047 total ops (45746 puts + 192923 gets + 2378 dels)
	 2000000 in runtime (usecs) = 2 secs = 0.120523 ops/usec
	 22873.000000 op/sec put throughput (all threads)
	 96461.500000 op/sec get throughput (all threads)
	 1188.999878 op/sec del throughput (all threads)
	 120523.500000 op/sec total throughput (all threads)
	 Conflicts in worker thread: 0 (of 48124 commits)
	 Errors in worker thread: 0
	 Put errors: 0, Del errors: 0, Get errors: 13455
***END OF RAMP-UP-THREADS OUTPUT***

ON PATH /mnt/pmfs/leveldb_client_name
KP: 2992: pinned new thread to CPU=0x0
KP: 2992: sleeping to allow threads enough time
KP: 2992: waking up from sleep (0)
For multithreaded run ramp r:99-w:0-u:0-d:1
	 2007231 total ops (0 puts + 1987209 gets + 20022 dels)
	 2000000 in runtime (usecs) = 2 secs = 1.003615 ops/usec
	 0.000000 op/sec put throughput (all threads)
	 993604.437500 op/sec get throughput (all threads)
	 10011.000000 op/sec del throughput (all threads)
	 1003615.500000 op/sec total throughput (all threads)
	 Conflicts in worker thread: 0 (of 20022 commits)
	 Errors in worker thread: 0
	 Put errors: 0, Del errors: 0, Get errors: 1986961
***END OF RAMP-UP-THREADS OUTPUT***

***CONCLUDING THREAD EVALUATION***
