KP: 5584: Using 16 for local hash table size (same as merge frequency), 1610000 for master hash table size
KP: 5584: Total memory allocation size (just evaluation, not kv stores themselves) could be up to 0 bytes (0 MB)
Will create 1610000 random integers for each child thread
Now starting evaluation for key-value store: LevelDB
On 16 cores
Running on storage platform: ramdisk
Starting single-threaded tests

*** BEGINING SINGLE THREADED TESTS***

ON PATH /mnt/pmfs/leveldb_client_name
***NOW DOING LATENCY TEST ON INDIVIDUAL FUNCTIONS ***
For put-insert: 
	 time elapsed 0:13262 (sec:usec) = 13262 usecs 
	 iterations 1000 (merge every 8 -> 125 merges)
	 average cost 13.262000 usecs
	 Conflicts: 0 (of 124 commits)

For put-append: 
	 time elapsed 0:41807 (sec:usec) = 41807 usecs 
	 iterations 3000 (merge every 8 -> 375 merges)
	 average cost 13.935667 usecs
	 Conflicts: 0 (of 372 commits)

For get: 
	 time elapsed 0:6292 (sec:usec) = 6292 usecs 
	 iterations 3000 (merge every 8 -> 375 merges)
	 average cost 2.097333 usecs
	 Conflicts: 0 (of 0 commits)

For delete: 
	 time elapsed 0:21495 (sec:usec) = 21495 usecs 
	 iterations 3000 (merge every 8 -> 375 merges)
	 average cost 7.165000 usecs
	 Conflicts: 0 (of 372 commits)


*** CONCLUDING SINGLE THREADED TESTS***

Starting multi-threaded tests: num_threads=1, NUM_CPUS=16
ON PATH /mnt/pmfs/leveldb_client_name
KP: 5584: pinned new thread to CPU=0x0
KP: 5584: sleeping to allow threads enough time
KP: 5584: waking up from sleep (0)
For multithreaded run ramp r:-1-w:30-u:70-d:1
	 73688 total ops (72962 puts + 0 gets + 726 dels)
	 2000000 in runtime (usecs) = 2 secs = 0.036844 ops/usec
	 36481.000000 op/sec put throughput (all threads)
	 0.000000 op/sec get throughput (all threads)
	 363.000000 op/sec del throughput (all threads)
	 36844.000000 op/sec total throughput (all threads)
	 Conflicts in worker thread: 0 (of 9211 commits)
	 Errors in worker thread: 0
	 Put errors: 0, Del errors: 0, Get errors: 0
***END OF RAMP-UP-THREADS OUTPUT***

ON PATH /mnt/pmfs/leveldb_client_name
KP: 5584: pinned new thread to CPU=0x0
KP: 5584: sleeping to allow threads enough time
KP: 5584: waking up from sleep (0)
For multithreaded run ramp r:19-w:24-u:56-d:1
	 89899 total ops (71136 puts + 17883 gets + 880 dels)
	 2000000 in runtime (usecs) = 2 secs = 0.044950 ops/usec
	 35568.000000 op/sec put throughput (all threads)
	 8941.500000 op/sec get throughput (all threads)
	 440.000000 op/sec del throughput (all threads)
	 44949.500000 op/sec total throughput (all threads)
	 Conflicts in worker thread: 0 (of 9002 commits)
	 Errors in worker thread: 0
	 Put errors: 0, Del errors: 0, Get errors: 326
***END OF RAMP-UP-THREADS OUTPUT***

ON PATH /mnt/pmfs/leveldb_client_name
KP: 5584: pinned new thread to CPU=0x0
KP: 5584: sleeping to allow threads enough time
KP: 5584: waking up from sleep (0)
For multithreaded run ramp r:39-w:18-u:42-d:1
	 120573 total ops (71131 puts + 48285 gets + 1157 dels)
	 2000000 in runtime (usecs) = 2 secs = 0.060286 ops/usec
	 35565.500000 op/sec put throughput (all threads)
	 24142.500000 op/sec get throughput (all threads)
	 578.499939 op/sec del throughput (all threads)
	 60286.500000 op/sec total throughput (all threads)
	 Conflicts in worker thread: 0 (of 9036 commits)
	 Errors in worker thread: 0
	 Put errors: 0, Del errors: 0, Get errors: 1117
***END OF RAMP-UP-THREADS OUTPUT***

ON PATH /mnt/pmfs/leveldb_client_name
KP: 5584: pinned new thread to CPU=0x0
KP: 5584: sleeping to allow threads enough time
KP: 5584: waking up from sleep (0)
For multithreaded run ramp r:59-w:12-u:28-d:1
	 175996 total ops (68596 puts + 105708 gets + 1692 dels)
	 2000000 in runtime (usecs) = 2 secs = 0.087998 ops/usec
	 34298.000000 op/sec put throughput (all threads)
	 52854.000000 op/sec get throughput (all threads)
	 846.000000 op/sec del throughput (all threads)
	 87998.000000 op/sec total throughput (all threads)
	 Conflicts in worker thread: 0 (of 8786 commits)
	 Errors in worker thread: 0
	 Put errors: 0, Del errors: 0, Get errors: 3671
***END OF RAMP-UP-THREADS OUTPUT***

ON PATH /mnt/pmfs/leveldb_client_name
KP: 5584: pinned new thread to CPU=0x0
KP: 5584: sleeping to allow threads enough time
KP: 5584: waking up from sleep (0)
For multithreaded run ramp r:79-w:6-u:14-d:1
	 336534 total ops (63711 puts + 269550 gets + 3273 dels)
	 2000000 in runtime (usecs) = 2 secs = 0.168267 ops/usec
	 31855.500000 op/sec put throughput (all threads)
	 134775.000000 op/sec get throughput (all threads)
	 1636.500000 op/sec del throughput (all threads)
	 168267.000000 op/sec total throughput (all threads)
	 Conflicts in worker thread: 0 (of 8373 commits)
	 Errors in worker thread: 0
	 Put errors: 0, Del errors: 0, Get errors: 18631
***END OF RAMP-UP-THREADS OUTPUT***

ON PATH /mnt/pmfs/leveldb_client_name
KP: 5584: pinned new thread to CPU=0x0
KP: 5584: sleeping to allow threads enough time
KP: 5584: waking up from sleep (0)
For multithreaded run ramp r:99-w:0-u:0-d:1
	 2242266 total ops (0 puts + 2220404 gets + 21862 dels)
	 2000000 in runtime (usecs) = 2 secs = 1.121133 ops/usec
	 0.000000 op/sec put throughput (all threads)
	 1110202.000000 op/sec get throughput (all threads)
	 10931.000000 op/sec del throughput (all threads)
	 1121133.000000 op/sec total throughput (all threads)
	 Conflicts in worker thread: 0 (of 2733 commits)
	 Errors in worker thread: 0
	 Put errors: 0, Del errors: 0, Get errors: 2219660
***END OF RAMP-UP-THREADS OUTPUT***

***CONCLUDING THREAD EVALUATION***
