KP: 2768: Using 512 for local hash table size (same as merge frequency), 1610000 for master hash table size
KP: 2768: Total memory allocation size (just evaluation, not kv stores themselves) could be up to 0 bytes (0 MB)
Will create 1610000 random integers for each child thread
Now starting evaluation for key-value store: kp_kvstore
On 16 cores
Running on storage platform: disk
Starting single-threaded tests

*** BEGINING SINGLE THREADED TESTS***

***NOW DOING LATENCY TEST ON INDIVIDUAL FUNCTIONS ***
For put-insert: 
	 time elapsed 0:33889 (sec:usec) = 33889 usecs 
	 iterations 10000 (merge every 256 -> 39 merges)
	 average cost 3.388900 usecs
	 Conflicts: 0 (of 40 commits)

For put-append: 
	 time elapsed 0:88771 (sec:usec) = 88771 usecs 
	 iterations 30000 (merge every 256 -> 117 merges)
	 average cost 2.959033 usecs
	 Conflicts: 0 (of 120 commits)

For get: 
	 time elapsed 0:88157 (sec:usec) = 88157 usecs 
	 iterations 30000 (merge every 256 -> 117 merges)
	 average cost 2.938567 usecs
	 Conflicts: 0 (of 0 commits)

For delete: 
	 time elapsed 0:54717 (sec:usec) = 54717 usecs 
	 iterations 30000 (merge every 256 -> 117 merges)
	 average cost 1.823900 usecs
	 Conflicts: 0 (of 120 commits)


*** CONCLUDING SINGLE THREADED TESTS***

Starting multi-threaded tests: num_threads=1, NUM_CPUS=16
KP: 2768: pinned new thread to CPU=0x0
KP: 2768: sleeping to allow threads enough time
KP: 2768: waking up from sleep (0)
For multithreaded run ramp r:-1-w:30-u:70-d:1
	 1250048 total ops (1237599 puts + 0 gets + 12449 dels)
	 2000000 in runtime (usecs) = 2 secs = 0.625024 ops/usec
	 618799.500000 op/sec put throughput (all threads)
	 0.000000 op/sec get throughput (all threads)
	 6224.500000 op/sec del throughput (all threads)
	 625024.000000 op/sec total throughput (all threads)
	 Conflicts in worker thread: 0 (of 4883 commits)
	 Errors in worker thread: 0
	 Put errors: 0, Del errors: 0, Get errors: 0
***END OF RAMP-UP-THREADS OUTPUT***

KP: 2768: pinned new thread to CPU=0x0
KP: 2768: sleeping to allow threads enough time
KP: 2768: waking up from sleep (0)
For multithreaded run ramp r:19-w:24-u:56-d:1
	 1407660 total ops (1112310 puts + 281516 gets + 13834 dels)
	 2000000 in runtime (usecs) = 2 secs = 0.703830 ops/usec
	 556155.000000 op/sec put throughput (all threads)
	 140758.000000 op/sec get throughput (all threads)
	 6917.000000 op/sec del throughput (all threads)
	 703830.000000 op/sec total throughput (all threads)
	 Conflicts in worker thread: 0 (of 4399 commits)
	 Errors in worker thread: 0
	 Put errors: 0, Del errors: 0, Get errors: 0
***END OF RAMP-UP-THREADS OUTPUT***

KP: 2768: pinned new thread to CPU=0x0
KP: 2768: sleeping to allow threads enough time
KP: 2768: waking up from sleep (0)
For multithreaded run ramp r:39-w:18-u:42-d:1
	 1629060 total ops (962105 puts + 650809 gets + 16146 dels)
	 2000000 in runtime (usecs) = 2 secs = 0.814530 ops/usec
	 481052.500000 op/sec put throughput (all threads)
	 325404.500000 op/sec get throughput (all threads)
	 8073.000000 op/sec del throughput (all threads)
	 814530.000000 op/sec total throughput (all threads)
	 Conflicts in worker thread: 0 (of 3822 commits)
	 Errors in worker thread: 0
	 Put errors: 0, Del errors: 0, Get errors: 0
***END OF RAMP-UP-THREADS OUTPUT***

KP: 2768: pinned new thread to CPU=0x0
KP: 2768: sleeping to allow threads enough time
KP: 2768: waking up from sleep (0)
For multithreaded run ramp r:59-w:12-u:28-d:1
	 1946855 total ops (761013 puts + 1166339 gets + 19503 dels)
	 2000000 in runtime (usecs) = 2 secs = 0.973427 ops/usec
	 380506.500000 op/sec put throughput (all threads)
	 583169.500000 op/sec get throughput (all threads)
	 9751.500000 op/sec del throughput (all threads)
	 973427.500000 op/sec total throughput (all threads)
	 Conflicts in worker thread: 0 (of 3049 commits)
	 Errors in worker thread: 0
	 Put errors: 0, Del errors: 0, Get errors: 0
***END OF RAMP-UP-THREADS OUTPUT***

KP: 2768: pinned new thread to CPU=0x0
KP: 2768: sleeping to allow threads enough time
KP: 2768: waking up from sleep (0)
For multithreaded run ramp r:79-w:6-u:14-d:1
	 2422647 total ops (459848 puts + 1938545 gets + 24254 dels)
	 2000000 in runtime (usecs) = 2 secs = 1.211323 ops/usec
	 229924.000000 op/sec put throughput (all threads)
	 969272.500000 op/sec get throughput (all threads)
	 12127.000000 op/sec del throughput (all threads)
	 1211323.500000 op/sec total throughput (all threads)
	 Conflicts in worker thread: 0 (of 1892 commits)
	 Errors in worker thread: 0
	 Put errors: 0, Del errors: 0, Get errors: 0
***END OF RAMP-UP-THREADS OUTPUT***

KP: 2768: pinned new thread to CPU=0x0
KP: 2768: sleeping to allow threads enough time
KP: 2768: waking up from sleep (0)
For multithreaded run ramp r:99-w:0-u:0-d:1
	 3527170 total ops (0 puts + 3492107 gets + 35063 dels)
	 2000000 in runtime (usecs) = 2 secs = 1.763585 ops/usec
	 0.000000 op/sec put throughput (all threads)
	 1746053.500000 op/sec get throughput (all threads)
	 17531.500000 op/sec del throughput (all threads)
	 1763585.000000 op/sec total throughput (all threads)
	 Conflicts in worker thread: 0 (of 137 commits)
	 Errors in worker thread: 0
	 Put errors: 0, Del errors: 0, Get errors: 0
***END OF RAMP-UP-THREADS OUTPUT***

***CONCLUDING THREAD EVALUATION***
