KP: 1872: Using 16 for local hash table size (same as merge frequency), 1610000 for master hash table size
KP: 1872: Total memory allocation size (just evaluation, not kv stores themselves) could be up to 0 bytes (0 MB)
Will create 1610000 random integers for each child thread
Now starting evaluation for key-value store: kp_kvstore
On 16 cores
Running on storage platform: disk
Starting single-threaded tests

*** BEGINING SINGLE THREADED TESTS***

***NOW DOING LATENCY TEST ON INDIVIDUAL FUNCTIONS ***
For put-insert: 
	 time elapsed 0:27551 (sec:usec) = 27551 usecs 
	 iterations 10000 (merge every 8 -> 1250 merges)
	 average cost 2.755100 usecs
	 Conflicts: 0 (of 1249 commits)

For put-append: 
	 time elapsed 0:61545 (sec:usec) = 61545 usecs 
	 iterations 30000 (merge every 8 -> 3750 merges)
	 average cost 2.051500 usecs
	 Conflicts: 0 (of 3747 commits)

For get: 
	 time elapsed 0:27271 (sec:usec) = 27271 usecs 
	 iterations 30000 (merge every 8 -> 3750 merges)
	 average cost 0.909033 usecs
	 Conflicts: 0 (of 0 commits)

For delete: 
	 time elapsed 0:55435 (sec:usec) = 55435 usecs 
	 iterations 30000 (merge every 8 -> 3750 merges)
	 average cost 1.847833 usecs
	 Conflicts: 0 (of 3747 commits)


*** CONCLUDING SINGLE THREADED TESTS***

Starting multi-threaded tests: num_threads=1, NUM_CPUS=16
KP: 1872: pinned new thread to CPU=0x0
KP: 1872: sleeping to allow threads enough time
KP: 1872: waking up from sleep (0)
For multithreaded run ramp r:-1-w:30-u:70-d:1
	 1241215 total ops (1228868 puts + 0 gets + 12347 dels)
	 2000000 in runtime (usecs) = 2 secs = 0.620607 ops/usec
	 614434.000000 op/sec put throughput (all threads)
	 0.000000 op/sec get throughput (all threads)
	 6173.500000 op/sec del throughput (all threads)
	 620607.500000 op/sec total throughput (all threads)
	 Conflicts in worker thread: 0 (of 155152 commits)
	 Errors in worker thread: 0
	 Put errors: 0, Del errors: 0, Get errors: 0
***END OF RAMP-UP-THREADS OUTPUT***

KP: 1872: pinned new thread to CPU=0x0
KP: 1872: sleeping to allow threads enough time
KP: 1872: waking up from sleep (0)
For multithreaded run ramp r:19-w:24-u:56-d:1
	 1347221 total ops (1063533 puts + 270413 gets + 13275 dels)
	 2000000 in runtime (usecs) = 2 secs = 0.673611 ops/usec
	 531766.500000 op/sec put throughput (all threads)
	 135206.500000 op/sec get throughput (all threads)
	 6637.500000 op/sec del throughput (all threads)
	 673610.500000 op/sec total throughput (all threads)
	 Conflicts in worker thread: 0 (of 134601 commits)
	 Errors in worker thread: 0
	 Put errors: 0, Del errors: 0, Get errors: 0
***END OF RAMP-UP-THREADS OUTPUT***

KP: 1872: pinned new thread to CPU=0x0
KP: 1872: sleeping to allow threads enough time
KP: 1872: waking up from sleep (0)
For multithreaded run ramp r:39-w:18-u:42-d:1
	 1539874 total ops (909551 puts + 615178 gets + 15145 dels)
	 2000000 in runtime (usecs) = 2 secs = 0.769937 ops/usec
	 454775.500000 op/sec put throughput (all threads)
	 307589.000000 op/sec get throughput (all threads)
	 7572.500000 op/sec del throughput (all threads)
	 769937.000000 op/sec total throughput (all threads)
	 Conflicts in worker thread: 0 (of 115587 commits)
	 Errors in worker thread: 0
	 Put errors: 0, Del errors: 0, Get errors: 0
***END OF RAMP-UP-THREADS OUTPUT***

KP: 1872: pinned new thread to CPU=0x0
KP: 1872: sleeping to allow threads enough time
KP: 1872: waking up from sleep (0)
For multithreaded run ramp r:59-w:12-u:28-d:1
	 1855078 total ops (722473 puts + 1114620 gets + 17985 dels)
	 2000000 in runtime (usecs) = 2 secs = 0.927539 ops/usec
	 361236.500000 op/sec put throughput (all threads)
	 557310.000000 op/sec get throughput (all threads)
	 8992.500000 op/sec del throughput (all threads)
	 927539.000000 op/sec total throughput (all threads)
	 Conflicts in worker thread: 0 (of 92558 commits)
	 Errors in worker thread: 0
	 Put errors: 0, Del errors: 0, Get errors: 0
***END OF RAMP-UP-THREADS OUTPUT***

KP: 1872: pinned new thread to CPU=0x0
KP: 1872: sleeping to allow threads enough time
KP: 1872: waking up from sleep (0)
For multithreaded run ramp r:79-w:6-u:14-d:1
	 2305036 total ops (436191 puts + 1846116 gets + 22729 dels)
	 2000000 in runtime (usecs) = 2 secs = 1.152518 ops/usec
	 218095.500000 op/sec put throughput (all threads)
	 923058.000000 op/sec get throughput (all threads)
	 11364.500000 op/sec del throughput (all threads)
	 1152518.000000 op/sec total throughput (all threads)
	 Conflicts in worker thread: 0 (of 57365 commits)
	 Errors in worker thread: 0
	 Put errors: 0, Del errors: 0, Get errors: 0
***END OF RAMP-UP-THREADS OUTPUT***

KP: 1872: pinned new thread to CPU=0x0
KP: 1872: sleeping to allow threads enough time
KP: 1872: waking up from sleep (0)
For multithreaded run ramp r:99-w:0-u:0-d:1
	 3340081 total ops (0 puts + 3307313 gets + 32768 dels)
	 2000000 in runtime (usecs) = 2 secs = 1.670040 ops/usec
	 0.000000 op/sec put throughput (all threads)
	 1653656.500000 op/sec get throughput (all threads)
	 16384.000000 op/sec del throughput (all threads)
	 1670040.500000 op/sec total throughput (all threads)
	 Conflicts in worker thread: 0 (of 4096 commits)
	 Errors in worker thread: 0
	 Put errors: 0, Del errors: 0, Get errors: 0
***END OF RAMP-UP-THREADS OUTPUT***

***CONCLUDING THREAD EVALUATION***
