KP: 6768: Using 16 for local hash table size (same as merge frequency), 1610000 for master hash table size
KP: 6768: Total memory allocation size (just evaluation, not kv stores themselves) could be up to 0 bytes (0 MB)
Will create 1610000 random integers for each child thread
Now starting evaluation for key-value store: Masstree
On 16 cores
Running on storage platform: disk
Starting single-threaded tests

*** BEGINING SINGLE THREADED TESTS***

***NOW DOING LATENCY TEST ON INDIVIDUAL FUNCTIONS ***
For put-insert: 
	 time elapsed 0:42226 (sec:usec) = 42226 usecs 
	 iterations 10000 (merge every 8 -> 1250 merges)
	 average cost 4.222600 usecs
	 Conflicts: 0 (of 1249 commits)

For put-append: 
	 time elapsed 0:128039 (sec:usec) = 128039 usecs 
	 iterations 30000 (merge every 8 -> 3750 merges)
	 average cost 4.267967 usecs
	 Conflicts: 0 (of 3747 commits)

For get: 
	 time elapsed 0:23352 (sec:usec) = 23352 usecs 
	 iterations 30000 (merge every 8 -> 3750 merges)
	 average cost 0.778400 usecs
	 Conflicts: 0 (of 0 commits)

For delete: 
	 time elapsed 0:20736 (sec:usec) = 20736 usecs 
	 iterations 30000 (merge every 8 -> 3750 merges)
	 average cost 0.691200 usecs
	 Conflicts: 0 (of 3747 commits)


*** CONCLUDING SINGLE THREADED TESTS***

Starting multi-threaded tests: num_threads=1, NUM_CPUS=16
KP: 6768: pinned new thread to CPU=0x0
KP: 6768: sleeping to allow threads enough time
KP: 6768: waking up from sleep (0)
For multithreaded run ramp r:-1-w:30-u:70-d:1
	 531312 total ops (525871 puts + 0 gets + 5441 dels)
	 2000000 in runtime (usecs) = 2 secs = 0.265656 ops/usec
	 262935.500000 op/sec put throughput (all threads)
	 0.000000 op/sec get throughput (all threads)
	 2720.500000 op/sec del throughput (all threads)
	 265656.000000 op/sec total throughput (all threads)
	 Conflicts in worker thread: 0 (of 66414 commits)
	 Errors in worker thread: 0
	 Put errors: 0, Del errors: 0, Get errors: 0
***END OF RAMP-UP-THREADS OUTPUT***

KP: 6768: pinned new thread to CPU=0x0
KP: 6768: sleeping to allow threads enough time
KP: 6768: pinned new thread to CPU=0x0
KP: 6768: sleeping to allow threads enough time
KP: 6768: pinned new thread to CPU=0x0
KP: 6768: sleeping to allow threads enough time
KP: 6768: pinned new thread to CPU=0x0
KP: 6768: sleeping to allow threads enough time
KP: 6768: pinned new thread to CPU=0x0
KP: 6768: sleeping to allow threads enough time
KP: 6768: waking up from sleep (0)
For multithreaded run ramp r:99-w:0-u:0-d:1
	 2962194 total ops (0 puts + 2932191 gets + 30003 dels)
	 2000000 in runtime (usecs) = 2 secs = 1.481097 ops/usec
	 0.000000 op/sec put throughput (all threads)
	 1466095.500000 op/sec get throughput (all threads)
	 15001.500000 op/sec del throughput (all threads)
	 1481097.000000 op/sec total throughput (all threads)
	 Conflicts in worker thread: 0 (of 3751 commits)
	 Errors in worker thread: 0
	 Put errors: 0, Del errors: 0, Get errors: 0
***END OF RAMP-UP-THREADS OUTPUT***

***CONCLUDING THREAD EVALUATION***
