KP: 7456: Using 16 for local hash table size (same as merge frequency), 1610000 for master hash table size
KP: 7456: Total memory allocation size (just evaluation, not kv stores themselves) could be up to 0 bytes (0 MB)
Will create 1610000 random integers for each child thread
Now starting evaluation for key-value store: Masstree
On 16 cores
Running on storage platform: disk
Starting single-threaded tests

*** BEGINING SINGLE THREADED TESTS***

***NOW DOING LATENCY TEST ON INDIVIDUAL FUNCTIONS ***
For put-insert: 
	 time elapsed 0:1931 (sec:usec) = 1931 usecs 
	 iterations 128 (merge every 8 -> 16 merges)
	 average cost 15.085938 usecs
	 Conflicts: 0 (of 15 commits)

For put-append: 
	 time elapsed 0:1502 (sec:usec) = 1502 usecs 
	 iterations 384 (merge every 8 -> 48 merges)
	 average cost 3.911458 usecs
	 Conflicts: 0 (of 45 commits)

For get: 
	 time elapsed 0:270 (sec:usec) = 270 usecs 
	 iterations 384 (merge every 8 -> 48 merges)
	 average cost 0.703125 usecs
	 Conflicts: 0 (of 0 commits)

For delete: 
	 time elapsed 0:278 (sec:usec) = 278 usecs 
	 iterations 384 (merge every 8 -> 48 merges)
	 average cost 0.723958 usecs
	 Conflicts: 0 (of 45 commits)


*** CONCLUDING SINGLE THREADED TESTS***

Starting multi-threaded tests: num_threads=1, NUM_CPUS=16
KP: 7456: pinned new thread to CPU=0x0
KP: 7456: sleeping to allow threads enough time
KP: 7456: waking up from sleep (0)
For multithreaded run ramp r:-1-w:30-u:70-d:1
	 537420 total ops (532056 puts + 0 gets + 5364 dels)
	 2000000 in runtime (usecs) = 2 secs = 0.268710 ops/usec
	 266028.000000 op/sec put throughput (all threads)
	 0.000000 op/sec get throughput (all threads)
	 2681.999756 op/sec del throughput (all threads)
	 268710.000000 op/sec total throughput (all threads)
	 Conflicts in worker thread: 0 (of 67178 commits)
	 Errors in worker thread: 0
	 Put errors: 0, Del errors: 0, Get errors: 0
***END OF RAMP-UP-THREADS OUTPUT***

KP: 7456: pinned new thread to CPU=0x0
KP: 7456: sleeping to allow threads enough time
KP: 7456: pinned new thread to CPU=0x0
KP: 7456: sleeping to allow threads enough time
KP: 7456: pinned new thread to CPU=0x0
KP: 7456: sleeping to allow threads enough time
KP: 7456: pinned new thread to CPU=0x0
KP: 7456: sleeping to allow threads enough time
KP: 7456: pinned new thread to CPU=0x0
KP: 7456: sleeping to allow threads enough time
KP: 7456: waking up from sleep (0)
For multithreaded run ramp r:99-w:0-u:0-d:1
	 2955538 total ops (0 puts + 2925689 gets + 29849 dels)
	 2000000 in runtime (usecs) = 2 secs = 1.477769 ops/usec
	 0.000000 op/sec put throughput (all threads)
	 1462844.500000 op/sec get throughput (all threads)
	 14924.500000 op/sec del throughput (all threads)
	 1477769.000000 op/sec total throughput (all threads)
	 Conflicts in worker thread: 0 (of 3732 commits)
	 Errors in worker thread: 0
	 Put errors: 0, Del errors: 0, Get errors: 0
***END OF RAMP-UP-THREADS OUTPUT***

***CONCLUDING THREAD EVALUATION***
