KP: 4496: Using 16 for local hash table size (same as merge frequency), 1610000 for master hash table size
KP: 4496: Total memory allocation size (just evaluation, not kv stores themselves) could be up to 0 bytes (0 MB)
Will create 1610000 random integers for each child thread
Now starting evaluation for key-value store: Masstree
On 16 cores
Running on storage platform: disk
Starting single-threaded tests

*** BEGINING SINGLE THREADED TESTS***

***NOW DOING LATENCY TEST ON INDIVIDUAL FUNCTIONS ***
For put-insert: 
	 time elapsed 0:8488 (sec:usec) = 8488 usecs 
	 iterations 8192 (merge every 8 -> 1024 merges)
	 average cost 1.036133 usecs
	 Conflicts: 0 (of 1023 commits)

For put-append: 
	 time elapsed 0:22805 (sec:usec) = 22805 usecs 
	 iterations 24576 (merge every 8 -> 3072 merges)
	 average cost 0.927938 usecs
	 Conflicts: 0 (of 3069 commits)

For get: 
	 time elapsed 0:17229 (sec:usec) = 17229 usecs 
	 iterations 24576 (merge every 8 -> 3072 merges)
	 average cost 0.701050 usecs
	 Conflicts: 0 (of 0 commits)

For delete: 
	 time elapsed 0:16953 (sec:usec) = 16953 usecs 
	 iterations 24576 (merge every 8 -> 3072 merges)
	 average cost 0.689819 usecs
	 Conflicts: 0 (of 3069 commits)


*** CONCLUDING SINGLE THREADED TESTS***

Starting multi-threaded tests: num_threads=1, NUM_CPUS=16
KP: 4496: pinned new thread to CPU=0x0
KP: 4496: sleeping to allow threads enough time
KP: 4496: waking up from sleep (0)
For multithreaded run ramp r:-1-w:30-u:70-d:1
	 2216222 total ops (2193945 puts + 0 gets + 22277 dels)
	 2000000 in runtime (usecs) = 2 secs = 1.108111 ops/usec
	 1096972.500000 op/sec put throughput (all threads)
	 0.000000 op/sec get throughput (all threads)
	 11138.500000 op/sec del throughput (all threads)
	 1108111.000000 op/sec total throughput (all threads)
	 Conflicts in worker thread: 0 (of 277028 commits)
	 Errors in worker thread: 0
	 Put errors: 0, Del errors: 0, Get errors: 0
***END OF RAMP-UP-THREADS OUTPUT***

KP: 4496: pinned new thread to CPU=0x0
KP: 4496: sleeping to allow threads enough time
KP: 4496: pinned new thread to CPU=0x0
KP: 4496: sleeping to allow threads enough time
KP: 4496: pinned new thread to CPU=0x0
KP: 4496: sleeping to allow threads enough time
KP: 4496: pinned new thread to CPU=0x0
KP: 4496: sleeping to allow threads enough time
KP: 4496: pinned new thread to CPU=0x0
KP: 4496: sleeping to allow threads enough time
KP: 4496: waking up from sleep (0)
For multithreaded run ramp r:99-w:0-u:0-d:1
	 2953796 total ops (0 puts + 2924776 gets + 29020 dels)
	 2000000 in runtime (usecs) = 2 secs = 1.476898 ops/usec
	 0.000000 op/sec put throughput (all threads)
	 1462388.000000 op/sec get throughput (all threads)
	 14510.000000 op/sec del throughput (all threads)
	 1476898.000000 op/sec total throughput (all threads)
	 Conflicts in worker thread: 0 (of 3628 commits)
	 Errors in worker thread: 0
	 Put errors: 0, Del errors: 0, Get errors: 0
***END OF RAMP-UP-THREADS OUTPUT***

***CONCLUDING THREAD EVALUATION***
