KP: 7328: Using 16 for local hash table size (same as merge frequency), 1610000 for master hash table size
KP: 7328: Total memory allocation size (just evaluation, not kv stores themselves) could be up to 0 bytes (0 MB)
Will create 1610000 random integers for each child thread
Now starting evaluation for key-value store: Masstree
On 16 cores
Running on storage platform: disk
Starting single-threaded tests

*** BEGINING SINGLE THREADED TESTS***

***NOW DOING LATENCY TEST ON INDIVIDUAL FUNCTIONS ***
For put-insert: 
	 time elapsed 0:1873 (sec:usec) = 1873 usecs 
	 iterations 32 (merge every 8 -> 4 merges)
	 average cost 58.531250 usecs
	 Conflicts: 0 (of 3 commits)

For put-append: 
	 time elapsed 0:1229 (sec:usec) = 1229 usecs 
	 iterations 96 (merge every 8 -> 12 merges)
	 average cost 12.802083 usecs
	 Conflicts: 0 (of 9 commits)

For get: 
	 time elapsed 0:72 (sec:usec) = 72 usecs 
	 iterations 96 (merge every 8 -> 12 merges)
	 average cost 0.750000 usecs
	 Conflicts: 0 (of 0 commits)

For delete: 
	 time elapsed 0:76 (sec:usec) = 76 usecs 
	 iterations 96 (merge every 8 -> 12 merges)
	 average cost 0.791667 usecs
	 Conflicts: 0 (of 9 commits)


*** CONCLUDING SINGLE THREADED TESTS***

Starting multi-threaded tests: num_threads=1, NUM_CPUS=16
KP: 7328: pinned new thread to CPU=0x0
KP: 7328: sleeping to allow threads enough time
KP: 7328: waking up from sleep (0)
For multithreaded run ramp r:-1-w:30-u:70-d:1
	 159686 total ops (158124 puts + 0 gets + 1562 dels)
	 2000000 in runtime (usecs) = 2 secs = 0.079843 ops/usec
	 79062.000000 op/sec put throughput (all threads)
	 0.000000 op/sec get throughput (all threads)
	 781.000000 op/sec del throughput (all threads)
	 79843.000000 op/sec total throughput (all threads)
	 Conflicts in worker thread: 0 (of 19961 commits)
	 Errors in worker thread: 0
	 Put errors: 0, Del errors: 0, Get errors: 0
***END OF RAMP-UP-THREADS OUTPUT***

KP: 7328: pinned new thread to CPU=0x0
KP: 7328: sleeping to allow threads enough time
KP: 7328: pinned new thread to CPU=0x0
KP: 7328: sleeping to allow threads enough time
KP: 7328: pinned new thread to CPU=0x0
KP: 7328: sleeping to allow threads enough time
KP: 7328: pinned new thread to CPU=0x0
KP: 7328: sleeping to allow threads enough time
KP: 7328: pinned new thread to CPU=0x0
KP: 7328: sleeping to allow threads enough time
KP: 7328: waking up from sleep (0)
For multithreaded run ramp r:99-w:0-u:0-d:1
	 2946182 total ops (0 puts + 2916878 gets + 29304 dels)
	 2000000 in runtime (usecs) = 2 secs = 1.473091 ops/usec
	 0.000000 op/sec put throughput (all threads)
	 1458439.000000 op/sec get throughput (all threads)
	 14652.000000 op/sec del throughput (all threads)
	 1473091.000000 op/sec total throughput (all threads)
	 Conflicts in worker thread: 0 (of 3663 commits)
	 Errors in worker thread: 0
	 Put errors: 0, Del errors: 0, Get errors: 0
***END OF RAMP-UP-THREADS OUTPUT***

***CONCLUDING THREAD EVALUATION***
