KP: 8992: Using 16 for local hash table size (same as merge frequency), 1610000 for master hash table size
KP: 8992: Total memory allocation size (just evaluation, not kv stores themselves) could be up to 0 bytes (0 MB)
Will create 1610000 random integers for each child thread
Now starting evaluation for key-value store: Masstree
On 16 cores
Running on storage platform: disk
Starting single-threaded tests

*** BEGINING SINGLE THREADED TESTS***

***NOW DOING LATENCY TEST ON INDIVIDUAL FUNCTIONS ***
For put-insert: 
	 time elapsed 0:2944 (sec:usec) = 2944 usecs 
	 iterations 1024 (merge every 8 -> 128 merges)
	 average cost 2.875000 usecs
	 Conflicts: 0 (of 127 commits)

For put-append: 
	 time elapsed 0:3963 (sec:usec) = 3963 usecs 
	 iterations 3072 (merge every 8 -> 384 merges)
	 average cost 1.290039 usecs
	 Conflicts: 0 (of 381 commits)

For get: 
	 time elapsed 0:2147 (sec:usec) = 2147 usecs 
	 iterations 3072 (merge every 8 -> 384 merges)
	 average cost 0.698893 usecs
	 Conflicts: 0 (of 0 commits)

For delete: 
	 time elapsed 0:2123 (sec:usec) = 2123 usecs 
	 iterations 3072 (merge every 8 -> 384 merges)
	 average cost 0.691081 usecs
	 Conflicts: 0 (of 381 commits)


*** CONCLUDING SINGLE THREADED TESTS***

Starting multi-threaded tests: num_threads=1, NUM_CPUS=16
KP: 8992: pinned new thread to CPU=0x0
KP: 8992: sleeping to allow threads enough time
KP: 8992: waking up from sleep (0)
For multithreaded run ramp r:-1-w:30-u:70-d:1
	 1604924 total ops (1588905 puts + 0 gets + 16019 dels)
	 2000000 in runtime (usecs) = 2 secs = 0.802462 ops/usec
	 794452.500000 op/sec put throughput (all threads)
	 0.000000 op/sec get throughput (all threads)
	 8009.500000 op/sec del throughput (all threads)
	 802462.000000 op/sec total throughput (all threads)
	 Conflicts in worker thread: 0 (of 200616 commits)
	 Errors in worker thread: 0
	 Put errors: 0, Del errors: 0, Get errors: 0
***END OF RAMP-UP-THREADS OUTPUT***

KP: 8992: pinned new thread to CPU=0x0
KP: 8992: sleeping to allow threads enough time
KP: 8992: pinned new thread to CPU=0x0
KP: 8992: sleeping to allow threads enough time
KP: 8992: pinned new thread to CPU=0x0
KP: 8992: sleeping to allow threads enough time
KP: 8992: pinned new thread to CPU=0x0
KP: 8992: sleeping to allow threads enough time
KP: 8992: pinned new thread to CPU=0x0
KP: 8992: sleeping to allow threads enough time
KP: 8992: waking up from sleep (0)
For multithreaded run ramp r:99-w:0-u:0-d:1
	 2950749 total ops (0 puts + 2920948 gets + 29801 dels)
	 2000000 in runtime (usecs) = 2 secs = 1.475374 ops/usec
	 0.000000 op/sec put throughput (all threads)
	 1460474.000000 op/sec get throughput (all threads)
	 14900.500000 op/sec del throughput (all threads)
	 1475374.500000 op/sec total throughput (all threads)
	 Conflicts in worker thread: 0 (of 3726 commits)
	 Errors in worker thread: 0
	 Put errors: 0, Del errors: 0, Get errors: 0
***END OF RAMP-UP-THREADS OUTPUT***

***CONCLUDING THREAD EVALUATION***
