KP: 1584: Using 16 for local hash table size (same as merge frequency), 1610000 for master hash table size
KP: 1584: Total memory allocation size (just evaluation, not kv stores themselves) could be up to 0 bytes (0 MB)
Will create 1610000 random integers for each child thread
Now starting evaluation for key-value store: kp_kvstore
On 16 cores
Running on storage platform: disk
Starting single-threaded tests

*** BEGINING SINGLE THREADED TESTS***

***NOW DOING LATENCY TEST ON INDIVIDUAL FUNCTIONS ***
For put-insert: 
	 time elapsed 0:192315 (sec:usec) = 192315 usecs 
	 iterations 10000 (merge every 8 -> 1250 merges)
	 average cost 19.231501 usecs
	 Conflicts: 0 (of 1249 commits)

For put-append: 
	 time elapsed 0:452601 (sec:usec) = 452601 usecs 
	 iterations 30000 (merge every 8 -> 3750 merges)
	 average cost 15.086700 usecs
	 Conflicts: 0 (of 3747 commits)

For get: 
	 time elapsed 0:108031 (sec:usec) = 108031 usecs 
	 iterations 30000 (merge every 8 -> 3750 merges)
	 average cost 3.601033 usecs
	 Conflicts: 0 (of 0 commits)

For delete: 
	 time elapsed 0:285985 (sec:usec) = 285985 usecs 
	 iterations 30000 (merge every 8 -> 3750 merges)
	 average cost 9.532833 usecs
	 Conflicts: 0 (of 3747 commits)


*** CONCLUDING SINGLE THREADED TESTS***

Starting multi-threaded tests: num_threads=1, NUM_CPUS=16
KP: 1584: pinned new thread to CPU=0x0
KP: 1584: sleeping to allow threads enough time
KP: 1584: waking up from sleep (0)
For multithreaded run ramp r:-1-w:30-u:70-d:1
	 222176 total ops (219923 puts + 0 gets + 2253 dels)
	 2000000 in runtime (usecs) = 2 secs = 0.111088 ops/usec
	 109961.500000 op/sec put throughput (all threads)
	 0.000000 op/sec get throughput (all threads)
	 1126.500000 op/sec del throughput (all threads)
	 111088.000000 op/sec total throughput (all threads)
	 Conflicts in worker thread: 0 (of 27772 commits)
	 Errors in worker thread: 0
	 Put errors: 0, Del errors: 0, Get errors: 0
***END OF RAMP-UP-THREADS OUTPUT***

KP: 1584: pinned new thread to CPU=0x0
KP: 1584: sleeping to allow threads enough time
KP: 1584: waking up from sleep (0)
For multithreaded run ramp r:19-w:24-u:56-d:1
	 269110 total ops (212818 puts + 53558 gets + 2734 dels)
	 2000000 in runtime (usecs) = 2 secs = 0.134555 ops/usec
	 106409.000000 op/sec put throughput (all threads)
	 26779.000000 op/sec get throughput (all threads)
	 1367.000122 op/sec del throughput (all threads)
	 134555.000000 op/sec total throughput (all threads)
	 Conflicts in worker thread: 0 (of 26944 commits)
	 Errors in worker thread: 0
	 Put errors: 0, Del errors: 0, Get errors: 0
***END OF RAMP-UP-THREADS OUTPUT***

KP: 1584: pinned new thread to CPU=0x0
KP: 1584: sleeping to allow threads enough time
KP: 1584: waking up from sleep (0)
For multithreaded run ramp r:39-w:18-u:42-d:1
	 347282 total ops (205409 puts + 138298 gets + 3575 dels)
	 2000000 in runtime (usecs) = 2 secs = 0.173641 ops/usec
	 102704.500000 op/sec put throughput (all threads)
	 69149.000000 op/sec get throughput (all threads)
	 1787.500000 op/sec del throughput (all threads)
	 173641.000000 op/sec total throughput (all threads)
	 Conflicts in worker thread: 0 (of 26123 commits)
	 Errors in worker thread: 0
	 Put errors: 0, Del errors: 0, Get errors: 0
***END OF RAMP-UP-THREADS OUTPUT***

KP: 1584: pinned new thread to CPU=0x0
KP: 1584: sleeping to allow threads enough time
KP: 1584: waking up from sleep (0)
For multithreaded run ramp r:59-w:12-u:28-d:1
	 501928 total ops (195832 puts + 301064 gets + 5032 dels)
	 2000000 in runtime (usecs) = 2 secs = 0.250964 ops/usec
	 97916.000000 op/sec put throughput (all threads)
	 150532.000000 op/sec get throughput (all threads)
	 2516.000000 op/sec del throughput (all threads)
	 250963.984375 op/sec total throughput (all threads)
	 Conflicts in worker thread: 0 (of 25108 commits)
	 Errors in worker thread: 0
	 Put errors: 0, Del errors: 0, Get errors: 0
***END OF RAMP-UP-THREADS OUTPUT***

KP: 1584: pinned new thread to CPU=0x0
KP: 1584: sleeping to allow threads enough time
KP: 1584: waking up from sleep (0)
For multithreaded run ramp r:79-w:6-u:14-d:1
	 904367 total ops (171222 puts + 723887 gets + 9258 dels)
	 2000000 in runtime (usecs) = 2 secs = 0.452184 ops/usec
	 85611.000000 op/sec put throughput (all threads)
	 361943.500000 op/sec get throughput (all threads)
	 4629.000000 op/sec del throughput (all threads)
	 452183.500000 op/sec total throughput (all threads)
	 Conflicts in worker thread: 0 (of 22560 commits)
	 Errors in worker thread: 0
	 Put errors: 0, Del errors: 0, Get errors: 0
***END OF RAMP-UP-THREADS OUTPUT***

KP: 1584: pinned new thread to CPU=0x0
KP: 1584: sleeping to allow threads enough time
KP: 1584: waking up from sleep (0)
For multithreaded run ramp r:99-w:0-u:0-d:1
	 4493370 total ops (0 puts + 4448228 gets + 45142 dels)
	 2000000 in runtime (usecs) = 2 secs = 2.246685 ops/usec
	 0.000000 op/sec put throughput (all threads)
	 2224114.000000 op/sec get throughput (all threads)
	 22571.000000 op/sec del throughput (all threads)
	 2246685.000000 op/sec total throughput (all threads)
	 Conflicts in worker thread: 0 (of 5643 commits)
	 Errors in worker thread: 0
	 Put errors: 0, Del errors: 0, Get errors: 0
***END OF RAMP-UP-THREADS OUTPUT***

***CONCLUDING THREAD EVALUATION***
