KP: 6544: Using 2048 for local hash table size (same as merge frequency), 1610000 for master hash table size
KP: 6544: Total memory allocation size (just evaluation, not kv stores themselves) could be up to 0 bytes (0 MB)
Will create 1610000 random integers for each child thread
Now starting evaluation for key-value store: kp_kvstore
On 16 cores
Running on storage platform: disk
Starting single-threaded tests

*** BEGINING SINGLE THREADED TESTS***

***NOW DOING LATENCY TEST ON INDIVIDUAL FUNCTIONS ***
For put-insert: 
	 time elapsed 0:181347 (sec:usec) = 181347 usecs 
	 iterations 10000 (merge every 1024 -> 9 merges)
	 average cost 18.134701 usecs
	 Conflicts: 0 (of 10 commits)

For put-append: 
	 time elapsed 0:431228 (sec:usec) = 431228 usecs 
	 iterations 30000 (merge every 1024 -> 29 merges)
	 average cost 14.374267 usecs
	 Conflicts: 0 (of 30 commits)

For get: 
	 time elapsed 0:128894 (sec:usec) = 128894 usecs 
	 iterations 30000 (merge every 1024 -> 29 merges)
	 average cost 4.296467 usecs
	 Conflicts: 0 (of 0 commits)

For delete: 
	 time elapsed 0:277868 (sec:usec) = 277868 usecs 
	 iterations 30000 (merge every 1024 -> 29 merges)
	 average cost 9.262267 usecs
	 Conflicts: 0 (of 30 commits)


*** CONCLUDING SINGLE THREADED TESTS***

Starting multi-threaded tests: num_threads=1, NUM_CPUS=16
KP: 6544: pinned new thread to CPU=0x0
KP: 6544: sleeping to allow threads enough time
KP: 6544: waking up from sleep (0)
For multithreaded run ramp r:-1-w:30-u:70-d:1
	 317440 total ops (314288 puts + 0 gets + 3152 dels)
	 2000000 in runtime (usecs) = 2 secs = 0.158720 ops/usec
	 157144.000000 op/sec put throughput (all threads)
	 0.000000 op/sec get throughput (all threads)
	 1576.000000 op/sec del throughput (all threads)
	 158720.000000 op/sec total throughput (all threads)
	 Conflicts in worker thread: 0 (of 310 commits)
	 Errors in worker thread: 0
	 Put errors: 0, Del errors: 0, Get errors: 0
***END OF RAMP-UP-THREADS OUTPUT***

KP: 6544: pinned new thread to CPU=0x0
KP: 6544: sleeping to allow threads enough time
KP: 6544: waking up from sleep (0)
For multithreaded run ramp r:19-w:24-u:56-d:1
	 385151 total ops (304349 puts + 76927 gets + 3875 dels)
	 2000000 in runtime (usecs) = 2 secs = 0.192575 ops/usec
	 152174.500000 op/sec put throughput (all threads)
	 38463.500000 op/sec get throughput (all threads)
	 1937.500000 op/sec del throughput (all threads)
	 192575.500000 op/sec total throughput (all threads)
	 Conflicts in worker thread: 0 (of 301 commits)
	 Errors in worker thread: 0
	 Put errors: 0, Del errors: 0, Get errors: 0
***END OF RAMP-UP-THREADS OUTPUT***

KP: 6544: pinned new thread to CPU=0x0
KP: 6544: sleeping to allow threads enough time
KP: 6544: waking up from sleep (0)
For multithreaded run ramp r:39-w:18-u:42-d:1
	 494453 total ops (291946 puts + 197493 gets + 5014 dels)
	 2000000 in runtime (usecs) = 2 secs = 0.247227 ops/usec
	 145973.000000 op/sec put throughput (all threads)
	 98746.500000 op/sec get throughput (all threads)
	 2507.000000 op/sec del throughput (all threads)
	 247226.500000 op/sec total throughput (all threads)
	 Conflicts in worker thread: 0 (of 290 commits)
	 Errors in worker thread: 0
	 Put errors: 0, Del errors: 0, Get errors: 0
***END OF RAMP-UP-THREADS OUTPUT***

KP: 6544: pinned new thread to CPU=0x0
KP: 6544: sleeping to allow threads enough time
KP: 6544: waking up from sleep (0)
For multithreaded run ramp r:59-w:12-u:28-d:1
	 687376 total ops (268521 puts + 411920 gets + 6935 dels)
	 2000000 in runtime (usecs) = 2 secs = 0.343688 ops/usec
	 134260.500000 op/sec put throughput (all threads)
	 205960.000000 op/sec get throughput (all threads)
	 3467.500000 op/sec del throughput (all threads)
	 343688.000000 op/sec total throughput (all threads)
	 Conflicts in worker thread: 0 (of 269 commits)
	 Errors in worker thread: 0
	 Put errors: 0, Del errors: 0, Get errors: 0
***END OF RAMP-UP-THREADS OUTPUT***

KP: 6544: pinned new thread to CPU=0x0
KP: 6544: sleeping to allow threads enough time
KP: 6544: waking up from sleep (0)
For multithreaded run ramp r:79-w:6-u:14-d:1
	 1146028 total ops (217814 puts + 916652 gets + 11562 dels)
	 2000000 in runtime (usecs) = 2 secs = 0.573014 ops/usec
	 108907.000000 op/sec put throughput (all threads)
	 458326.031250 op/sec get throughput (all threads)
	 5781.000000 op/sec del throughput (all threads)
	 573014.000000 op/sec total throughput (all threads)
	 Conflicts in worker thread: 0 (of 224 commits)
	 Errors in worker thread: 0
	 Put errors: 0, Del errors: 0, Get errors: 0
***END OF RAMP-UP-THREADS OUTPUT***

KP: 6544: pinned new thread to CPU=0x0
KP: 6544: sleeping to allow threads enough time
KP: 6544: waking up from sleep (0)
For multithreaded run ramp r:99-w:0-u:0-d:1
	 3507876 total ops (0 puts + 3472354 gets + 35522 dels)
	 2000000 in runtime (usecs) = 2 secs = 1.753938 ops/usec
	 0.000000 op/sec put throughput (all threads)
	 1736177.000000 op/sec get throughput (all threads)
	 17761.000000 op/sec del throughput (all threads)
	 1753938.000000 op/sec total throughput (all threads)
	 Conflicts in worker thread: 0 (of 35 commits)
	 Errors in worker thread: 0
	 Put errors: 0, Del errors: 0, Get errors: 0
***END OF RAMP-UP-THREADS OUTPUT***

***CONCLUDING THREAD EVALUATION***
