KP: 7680: Using 512 for local hash table size (same as merge frequency), 1610000 for master hash table size
KP: 7680: Total memory allocation size (just evaluation, not kv stores themselves) could be up to 0 bytes (0 MB)
Will create 1610000 random integers for each child thread
Now starting evaluation for key-value store: kp_kvstore
On 16 cores
Running on storage platform: disk
Starting single-threaded tests

*** BEGINING SINGLE THREADED TESTS***

***NOW DOING LATENCY TEST ON INDIVIDUAL FUNCTIONS ***
For put-insert: 
	 time elapsed 0:181155 (sec:usec) = 181155 usecs 
	 iterations 10000 (merge every 256 -> 39 merges)
	 average cost 18.115499 usecs
	 Conflicts: 0 (of 40 commits)

For put-append: 
	 time elapsed 0:433158 (sec:usec) = 433158 usecs 
	 iterations 30000 (merge every 256 -> 117 merges)
	 average cost 14.438600 usecs
	 Conflicts: 0 (of 120 commits)

For get: 
	 time elapsed 0:123115 (sec:usec) = 123115 usecs 
	 iterations 30000 (merge every 256 -> 117 merges)
	 average cost 4.103833 usecs
	 Conflicts: 0 (of 0 commits)

For delete: 
	 time elapsed 0:278562 (sec:usec) = 278562 usecs 
	 iterations 30000 (merge every 256 -> 117 merges)
	 average cost 9.285400 usecs
	 Conflicts: 0 (of 120 commits)


*** CONCLUDING SINGLE THREADED TESTS***

Starting multi-threaded tests: num_threads=1, NUM_CPUS=16
KP: 7680: pinned new thread to CPU=0x0
KP: 7680: sleeping to allow threads enough time
KP: 7680: waking up from sleep (0)
For multithreaded run ramp r:-1-w:30-u:70-d:1
	 310528 total ops (307402 puts + 0 gets + 3126 dels)
	 2000000 in runtime (usecs) = 2 secs = 0.155264 ops/usec
	 153701.000000 op/sec put throughput (all threads)
	 0.000000 op/sec get throughput (all threads)
	 1563.000122 op/sec del throughput (all threads)
	 155264.000000 op/sec total throughput (all threads)
	 Conflicts in worker thread: 0 (of 1213 commits)
	 Errors in worker thread: 0
	 Put errors: 0, Del errors: 0, Get errors: 0
***END OF RAMP-UP-THREADS OUTPUT***

KP: 7680: pinned new thread to CPU=0x0
KP: 7680: sleeping to allow threads enough time
KP: 7680: waking up from sleep (0)
For multithreaded run ramp r:19-w:24-u:56-d:1
	 376884 total ops (297578 puts + 75575 gets + 3731 dels)
	 2000000 in runtime (usecs) = 2 secs = 0.188442 ops/usec
	 148789.000000 op/sec put throughput (all threads)
	 37787.500000 op/sec get throughput (all threads)
	 1865.500000 op/sec del throughput (all threads)
	 188442.000000 op/sec total throughput (all threads)
	 Conflicts in worker thread: 0 (of 1177 commits)
	 Errors in worker thread: 0
	 Put errors: 0, Del errors: 0, Get errors: 0
***END OF RAMP-UP-THREADS OUTPUT***

KP: 7680: pinned new thread to CPU=0x0
KP: 7680: sleeping to allow threads enough time
KP: 7680: waking up from sleep (0)
For multithreaded run ramp r:39-w:18-u:42-d:1
	 482832 total ops (284939 puts + 193040 gets + 4853 dels)
	 2000000 in runtime (usecs) = 2 secs = 0.241416 ops/usec
	 142469.500000 op/sec put throughput (all threads)
	 96520.000000 op/sec get throughput (all threads)
	 2426.500000 op/sec del throughput (all threads)
	 241416.000000 op/sec total throughput (all threads)
	 Conflicts in worker thread: 0 (of 1132 commits)
	 Errors in worker thread: 0
	 Put errors: 0, Del errors: 0, Get errors: 0
***END OF RAMP-UP-THREADS OUTPUT***

KP: 7680: pinned new thread to CPU=0x0
KP: 7680: sleeping to allow threads enough time
KP: 7680: waking up from sleep (0)
For multithreaded run ramp r:59-w:12-u:28-d:1
	 673638 total ops (262646 puts + 404326 gets + 6666 dels)
	 2000000 in runtime (usecs) = 2 secs = 0.336819 ops/usec
	 131323.000000 op/sec put throughput (all threads)
	 202163.000000 op/sec get throughput (all threads)
	 3333.000000 op/sec del throughput (all threads)
	 336819.000000 op/sec total throughput (all threads)
	 Conflicts in worker thread: 0 (of 1052 commits)
	 Errors in worker thread: 0
	 Put errors: 0, Del errors: 0, Get errors: 0
***END OF RAMP-UP-THREADS OUTPUT***

KP: 7680: pinned new thread to CPU=0x0
KP: 7680: sleeping to allow threads enough time
KP: 7680: waking up from sleep (0)
For multithreaded run ramp r:79-w:6-u:14-d:1
	 1120195 total ops (213366 puts + 895939 gets + 10890 dels)
	 2000000 in runtime (usecs) = 2 secs = 0.560098 ops/usec
	 106683.000000 op/sec put throughput (all threads)
	 447969.500000 op/sec get throughput (all threads)
	 5445.000000 op/sec del throughput (all threads)
	 560097.500000 op/sec total throughput (all threads)
	 Conflicts in worker thread: 0 (of 876 commits)
	 Errors in worker thread: 0
	 Put errors: 0, Del errors: 0, Get errors: 0
***END OF RAMP-UP-THREADS OUTPUT***

KP: 7680: pinned new thread to CPU=0x0
KP: 7680: sleeping to allow threads enough time
KP: 7680: waking up from sleep (0)
For multithreaded run ramp r:99-w:0-u:0-d:1
	 3462046 total ops (0 puts + 3428377 gets + 33669 dels)
	 2000000 in runtime (usecs) = 2 secs = 1.731023 ops/usec
	 0.000000 op/sec put throughput (all threads)
	 1714188.500000 op/sec get throughput (all threads)
	 16834.500000 op/sec del throughput (all threads)
	 1731023.000000 op/sec total throughput (all threads)
	 Conflicts in worker thread: 0 (of 132 commits)
	 Errors in worker thread: 0
	 Put errors: 0, Del errors: 0, Get errors: 0
***END OF RAMP-UP-THREADS OUTPUT***

***CONCLUDING THREAD EVALUATION***
