KP: 1264: Using 16 for local hash table size (same as merge frequency), 1610000 for master hash table size
KP: 1264: Total memory allocation size (just evaluation, not kv stores themselves) could be up to 0 bytes (0 MB)
Will create 134166 random integers for each child thread
Now starting evaluation for key-value store: kp_kvstore
On 16 cores
Running on storage platform: disk
Starting single-threaded tests

*** BEGINING SINGLE THREADED TESTS***

***NOW DOING LATENCY TEST ON INDIVIDUAL FUNCTIONS ***
For put-insert: 
	 time elapsed 0:203794 (sec:usec) = 203794 usecs 
	 iterations 10000 (merge every 8 -> 1250 merges)
	 average cost 20.379400 usecs
	 Conflicts: 0 (of 1249 commits)

For put-append: 
	 time elapsed 0:491742 (sec:usec) = 491742 usecs 
	 iterations 30000 (merge every 8 -> 3750 merges)
	 average cost 16.391399 usecs
	 Conflicts: 0 (of 3747 commits)

For get: 
	 time elapsed 0:129427 (sec:usec) = 129427 usecs 
	 iterations 30000 (merge every 8 -> 3750 merges)
	 average cost 4.314233 usecs
	 Conflicts: 0 (of 0 commits)

For delete: 
	 time elapsed 0:331319 (sec:usec) = 331319 usecs 
	 iterations 30000 (merge every 8 -> 3750 merges)
	 average cost 11.043966 usecs
	 Conflicts: 0 (of 3747 commits)


*** CONCLUDING SINGLE THREADED TESTS***

Starting multi-threaded tests: num_threads=12, NUM_CPUS=16
KP: 1264: pinned new thread to CPU=0x0
KP: 1264: pinned new thread to CPU=0x1
KP: 1264: pinned new thread to CPU=0x2
KP: 1264: pinned new thread to CPU=0x3
KP: 1264: pinned new thread to CPU=0x4
KP: 1264: pinned new thread to CPU=0x5
KP: 1264: pinned new thread to CPU=0x6
KP: 1264: pinned new thread to CPU=0x7
KP: 1264: pinned new thread to CPU=0x8
KP: 1264: pinned new thread to CPU=0x9
KP: 1264: pinned new thread to CPU=0xA
KP: 1264: pinned new thread to CPU=0xB
KP: 1264: sleeping to allow threads enough time
KP: 1264: waking up from sleep (0)
For multithreaded run ramp r:-1-w:30-u:70-d:1
	 1373440 total ops (1359863 puts + 0 gets + 13577 dels)
	 2000000 in runtime (usecs) = 2 secs = 0.686720 ops/usec
	 679931.500000 op/sec put throughput (all threads)
	 0.000000 op/sec get throughput (all threads)
	 6788.500000 op/sec del throughput (all threads)
	 686720.000000 op/sec total throughput (all threads)
	 Conflicts in worker thread: 157877 (of 171681 commits)
	 Errors in worker thread: 0
	 Put errors: 0, Del errors: 0, Get errors: 0
***END OF RAMP-UP-THREADS OUTPUT***

KP: 1264: pinned new thread to CPU=0x0
KP: 1264: pinned new thread to CPU=0x1
KP: 1264: pinned new thread to CPU=0x2
KP: 1264: pinned new thread to CPU=0x3
KP: 1264: pinned new thread to CPU=0x4
KP: 1264: pinned new thread to CPU=0x5
KP: 1264: pinned new thread to CPU=0x6
KP: 1264: pinned new thread to CPU=0x7
KP: 1264: pinned new thread to CPU=0x8
KP: 1264: pinned new thread to CPU=0x9
KP: 1264: pinned new thread to CPU=0xA
KP: 1264: pinned new thread to CPU=0xB
KP: 1264: sleeping to allow threads enough time
KP: 1264: waking up from sleep (0)
For multithreaded run ramp r:19-w:24-u:56-d:1
	 1635240 total ops (1291203 puts + 327736 gets + 16301 dels)
	 2000000 in runtime (usecs) = 2 secs = 0.817620 ops/usec
	 645601.500000 op/sec put throughput (all threads)
	 163868.000000 op/sec get throughput (all threads)
	 8150.500000 op/sec del throughput (all threads)
	 817620.000000 op/sec total throughput (all threads)
	 Conflicts in worker thread: 149883 (of 163438 commits)
	 Errors in worker thread: 0
	 Put errors: 0, Del errors: 0, Get errors: 0
***END OF RAMP-UP-THREADS OUTPUT***

KP: 1264: pinned new thread to CPU=0x0
KP: 1264: pinned new thread to CPU=0x1
KP: 1264: pinned new thread to CPU=0x2
KP: 1264: pinned new thread to CPU=0x3
KP: 1264: pinned new thread to CPU=0x4
KP: 1264: pinned new thread to CPU=0x5
KP: 1264: pinned new thread to CPU=0x6
KP: 1264: pinned new thread to CPU=0x7
KP: 1264: pinned new thread to CPU=0x8
KP: 1264: pinned new thread to CPU=0x9
KP: 1264: pinned new thread to CPU=0xA
KP: 1264: pinned new thread to CPU=0xB
KP: 1264: sleeping to allow threads enough time
KP: 1264: waking up from sleep (0)
For multithreaded run ramp r:39-w:18-u:42-d:1
	 2038274 total ops (1203863 puts + 813740 gets + 20671 dels)
	 2000000 in runtime (usecs) = 2 secs = 1.019137 ops/usec
	 601931.500000 op/sec put throughput (all threads)
	 406870.000000 op/sec get throughput (all threads)
	 10335.500000 op/sec del throughput (all threads)
	 1019137.000000 op/sec total throughput (all threads)
	 Conflicts in worker thread: 139923 (of 153069 commits)
	 Errors in worker thread: 0
	 Put errors: 0, Del errors: 0, Get errors: 0
***END OF RAMP-UP-THREADS OUTPUT***

KP: 1264: pinned new thread to CPU=0x0
KP: 1264: pinned new thread to CPU=0x1
KP: 1264: pinned new thread to CPU=0x2
KP: 1264: pinned new thread to CPU=0x3
KP: 1264: pinned new thread to CPU=0x4
KP: 1264: pinned new thread to CPU=0x5
KP: 1264: pinned new thread to CPU=0x6
KP: 1264: pinned new thread to CPU=0x7
KP: 1264: pinned new thread to CPU=0x8
KP: 1264: pinned new thread to CPU=0x9
KP: 1264: pinned new thread to CPU=0xA
KP: 1264: pinned new thread to CPU=0xB
KP: 1264: sleeping to allow threads enough time
KP: 1264: waking up from sleep (0)
For multithreaded run ramp r:59-w:12-u:28-d:1
	 2780452 total ops (1082869 puts + 1669875 gets + 27708 dels)
	 2000000 in runtime (usecs) = 2 secs = 1.390226 ops/usec
	 541434.500000 op/sec put throughput (all threads)
	 834937.500000 op/sec get throughput (all threads)
	 13854.000000 op/sec del throughput (all threads)
	 1390226.000000 op/sec total throughput (all threads)
	 Conflicts in worker thread: 126256 (of 138823 commits)
	 Errors in worker thread: 0
	 Put errors: 0, Del errors: 0, Get errors: 0
***END OF RAMP-UP-THREADS OUTPUT***

KP: 1264: pinned new thread to CPU=0x0
KP: 1264: pinned new thread to CPU=0x1
KP: 1264: pinned new thread to CPU=0x2
KP: 1264: pinned new thread to CPU=0x3
KP: 1264: pinned new thread to CPU=0x4
KP: 1264: pinned new thread to CPU=0x5
KP: 1264: pinned new thread to CPU=0x6
KP: 1264: pinned new thread to CPU=0x7
KP: 1264: pinned new thread to CPU=0x8
KP: 1264: pinned new thread to CPU=0x9
KP: 1264: pinned new thread to CPU=0xA
KP: 1264: pinned new thread to CPU=0xB
KP: 1264: sleeping to allow threads enough time
KP: 1264: waking up from sleep (0)
For multithreaded run ramp r:79-w:6-u:14-d:1
	 4067730 total ops (772319 puts + 3255231 gets + 40180 dels)
	 2000000 in runtime (usecs) = 2 secs = 2.033865 ops/usec
	 386159.500000 op/sec put throughput (all threads)
	 1627615.500000 op/sec get throughput (all threads)
	 20090.000000 op/sec del throughput (all threads)
	 2033865.000000 op/sec total throughput (all threads)
	 Conflicts in worker thread: 91338 (of 101563 commits)
	 Errors in worker thread: 0
	 Put errors: 0, Del errors: 0, Get errors: 0
***END OF RAMP-UP-THREADS OUTPUT***

KP: 1264: pinned new thread to CPU=0x0
KP: 1264: pinned new thread to CPU=0x1
KP: 1264: pinned new thread to CPU=0x2
KP: 1264: pinned new thread to CPU=0x3
KP: 1264: pinned new thread to CPU=0x4
KP: 1264: pinned new thread to CPU=0x5
KP: 1264: pinned new thread to CPU=0x6
KP: 1264: pinned new thread to CPU=0x7
KP: 1264: pinned new thread to CPU=0x8
KP: 1264: pinned new thread to CPU=0x9
KP: 1264: pinned new thread to CPU=0xA
KP: 1264: pinned new thread to CPU=0xB
KP: 1264: sleeping to allow threads enough time
KP: 1264: waking up from sleep (0)
For multithreaded run ramp r:99-w:0-u:0-d:1
	 11712344 total ops (0 puts + 11596003 gets + 116341 dels)
	 2000000 in runtime (usecs) = 2 secs = 5.856172 ops/usec
	 0.000000 op/sec put throughput (all threads)
	 5798001.500000 op/sec get throughput (all threads)
	 58170.500000 op/sec del throughput (all threads)
	 5856172.000000 op/sec total throughput (all threads)
	 Conflicts in worker thread: 12810 (of 14547 commits)
	 Errors in worker thread: 0
	 Put errors: 0, Del errors: 0, Get errors: 0
***END OF RAMP-UP-THREADS OUTPUT***

***CONCLUDING THREAD EVALUATION***
