KP: 8112: Using 16 for local hash table size (same as merge frequency), 1610000 for master hash table size
KP: 8112: Total memory allocation size (just evaluation, not kv stores themselves) could be up to 0 bytes (0 MB)
Will create 1610000 random integers for each child thread
Now starting evaluation for key-value store: kp_kvstore
On 16 cores
Running on storage platform: disk
Starting single-threaded tests

*** BEGINING SINGLE THREADED TESTS***

***NOW DOING LATENCY TEST ON INDIVIDUAL FUNCTIONS ***
For put-insert: 
	 time elapsed 0:197965 (sec:usec) = 197965 usecs 
	 iterations 10000 (merge every 8 -> 1250 merges)
	 average cost 19.796499 usecs
	 Conflicts: 0 (of 1249 commits)

For put-append: 
	 time elapsed 0:483498 (sec:usec) = 483498 usecs 
	 iterations 30000 (merge every 8 -> 3750 merges)
	 average cost 16.116600 usecs
	 Conflicts: 0 (of 3747 commits)

For get: 
	 time elapsed 0:123792 (sec:usec) = 123792 usecs 
	 iterations 30000 (merge every 8 -> 3750 merges)
	 average cost 4.126400 usecs
	 Conflicts: 0 (of 0 commits)

For delete: 
	 time elapsed 0:323856 (sec:usec) = 323856 usecs 
	 iterations 30000 (merge every 8 -> 3750 merges)
	 average cost 10.795200 usecs
	 Conflicts: 0 (of 3747 commits)


*** CONCLUDING SINGLE THREADED TESTS***

Starting multi-threaded tests: num_threads=1, NUM_CPUS=16
KP: 8112: pinned new thread to CPU=0x0
KP: 8112: sleeping to allow threads enough time
KP: 8112: waking up from sleep (0)
For multithreaded run ramp r:-1-w:30-u:70-d:1
	 204928 total ops (202894 puts + 0 gets + 2034 dels)
	 2000000 in runtime (usecs) = 2 secs = 0.102464 ops/usec
	 101447.000000 op/sec put throughput (all threads)
	 0.000000 op/sec get throughput (all threads)
	 1017.000000 op/sec del throughput (all threads)
	 102464.000000 op/sec total throughput (all threads)
	 Conflicts in worker thread: 0 (of 25616 commits)
	 Errors in worker thread: 0
	 Put errors: 0, Del errors: 0, Get errors: 0
***END OF RAMP-UP-THREADS OUTPUT***

KP: 8112: pinned new thread to CPU=0x0
KP: 8112: sleeping to allow threads enough time
KP: 8112: waking up from sleep (0)
For multithreaded run ramp r:19-w:24-u:56-d:1
	 248148 total ops (196325 puts + 49348 gets + 2475 dels)
	 2000000 in runtime (usecs) = 2 secs = 0.124074 ops/usec
	 98162.500000 op/sec put throughput (all threads)
	 24674.000000 op/sec get throughput (all threads)
	 1237.500000 op/sec del throughput (all threads)
	 124074.000000 op/sec total throughput (all threads)
	 Conflicts in worker thread: 0 (of 24850 commits)
	 Errors in worker thread: 0
	 Put errors: 0, Del errors: 0, Get errors: 0
***END OF RAMP-UP-THREADS OUTPUT***

KP: 8112: pinned new thread to CPU=0x0
KP: 8112: sleeping to allow threads enough time
KP: 8112: waking up from sleep (0)
For multithreaded run ramp r:39-w:18-u:42-d:1
	 320997 total ops (189539 puts + 128205 gets + 3253 dels)
	 2000000 in runtime (usecs) = 2 secs = 0.160498 ops/usec
	 94769.492188 op/sec put throughput (all threads)
	 64102.500000 op/sec get throughput (all threads)
	 1626.500000 op/sec del throughput (all threads)
	 160498.500000 op/sec total throughput (all threads)
	 Conflicts in worker thread: 0 (of 24099 commits)
	 Errors in worker thread: 0
	 Put errors: 0, Del errors: 0, Get errors: 0
***END OF RAMP-UP-THREADS OUTPUT***

KP: 8112: pinned new thread to CPU=0x0
KP: 8112: sleeping to allow threads enough time
KP: 8112: waking up from sleep (0)
For multithreaded run ramp r:59-w:12-u:28-d:1
	 457463 total ops (178294 puts + 274509 gets + 4660 dels)
	 2000000 in runtime (usecs) = 2 secs = 0.228731 ops/usec
	 89147.000000 op/sec put throughput (all threads)
	 137254.500000 op/sec get throughput (all threads)
	 2329.999756 op/sec del throughput (all threads)
	 228731.500000 op/sec total throughput (all threads)
	 Conflicts in worker thread: 0 (of 22870 commits)
	 Errors in worker thread: 0
	 Put errors: 0, Del errors: 0, Get errors: 0
***END OF RAMP-UP-THREADS OUTPUT***

KP: 8112: pinned new thread to CPU=0x0
KP: 8112: sleeping to allow threads enough time
KP: 8112: waking up from sleep (0)
For multithreaded run ramp r:79-w:6-u:14-d:1
	 793079 total ops (150963 puts + 634083 gets + 8033 dels)
	 2000000 in runtime (usecs) = 2 secs = 0.396540 ops/usec
	 75481.500000 op/sec put throughput (all threads)
	 317041.500000 op/sec get throughput (all threads)
	 4016.500000 op/sec del throughput (all threads)
	 396539.500000 op/sec total throughput (all threads)
	 Conflicts in worker thread: 0 (of 19875 commits)
	 Errors in worker thread: 0
	 Put errors: 0, Del errors: 0, Get errors: 0
***END OF RAMP-UP-THREADS OUTPUT***

KP: 8112: pinned new thread to CPU=0x0
KP: 8112: sleeping to allow threads enough time
KP: 8112: waking up from sleep (0)
For multithreaded run ramp r:99-w:0-u:0-d:1
	 3158860 total ops (0 puts + 3127172 gets + 31688 dels)
	 2000000 in runtime (usecs) = 2 secs = 1.579430 ops/usec
	 0.000000 op/sec put throughput (all threads)
	 1563585.875000 op/sec get throughput (all threads)
	 15844.000000 op/sec del throughput (all threads)
	 1579430.000000 op/sec total throughput (all threads)
	 Conflicts in worker thread: 0 (of 3961 commits)
	 Errors in worker thread: 0
	 Put errors: 0, Del errors: 0, Get errors: 0
***END OF RAMP-UP-THREADS OUTPUT***

***CONCLUDING THREAD EVALUATION***
