KP: 9104: Using 16 for local hash table size (same as merge frequency), 1610000 for master hash table size
KP: 9104: Total memory allocation size (just evaluation, not kv stores themselves) could be up to 0 bytes (0 MB)
Will create 1610000 random integers for each child thread
Now starting evaluation for key-value store: kp_kvstore
On 16 cores
Running on storage platform: disk
Starting single-threaded tests

*** BEGINING SINGLE THREADED TESTS***

***NOW DOING LATENCY TEST ON INDIVIDUAL FUNCTIONS ***
For put-insert: 
	 time elapsed 0:241605 (sec:usec) = 241605 usecs 
	 iterations 10000 (merge every 8 -> 1250 merges)
	 average cost 24.160500 usecs
	 Conflicts: 0 (of 1249 commits)

For put-append: 
	 time elapsed 0:620882 (sec:usec) = 620882 usecs 
	 iterations 30000 (merge every 8 -> 3750 merges)
	 average cost 20.696066 usecs
	 Conflicts: 0 (of 3747 commits)

For get: 
	 time elapsed 0:179458 (sec:usec) = 179458 usecs 
	 iterations 30000 (merge every 8 -> 3750 merges)
	 average cost 5.981933 usecs
	 Conflicts: 0 (of 0 commits)

For delete: 
	 time elapsed 0:330187 (sec:usec) = 330187 usecs 
	 iterations 30000 (merge every 8 -> 3750 merges)
	 average cost 11.006233 usecs
	 Conflicts: 0 (of 3747 commits)


*** CONCLUDING SINGLE THREADED TESTS***

Starting multi-threaded tests: num_threads=1, NUM_CPUS=16
KP: 9104: pinned new thread to CPU=0x0
KP: 9104: sleeping to allow threads enough time
KP: 9104: waking up from sleep (0)
For multithreaded run ramp r:-1-w:30-u:70-d:1
	 171392 total ops (169672 puts + 0 gets + 1720 dels)
	 2000000 in runtime (usecs) = 2 secs = 0.085696 ops/usec
	 84836.000000 op/sec put throughput (all threads)
	 0.000000 op/sec get throughput (all threads)
	 860.000000 op/sec del throughput (all threads)
	 85696.000000 op/sec total throughput (all threads)
	 Conflicts in worker thread: 0 (of 21424 commits)
	 Errors in worker thread: 0
	 Put errors: 0, Del errors: 0, Get errors: 0
***END OF RAMP-UP-THREADS OUTPUT***

KP: 9104: pinned new thread to CPU=0x0
KP: 9104: sleeping to allow threads enough time
KP: 9104: waking up from sleep (0)
For multithreaded run ramp r:19-w:24-u:56-d:1
	 209249 total ops (165489 puts + 41601 gets + 2159 dels)
	 2000000 in runtime (usecs) = 2 secs = 0.104625 ops/usec
	 82744.500000 op/sec put throughput (all threads)
	 20800.500000 op/sec get throughput (all threads)
	 1079.500000 op/sec del throughput (all threads)
	 104624.500000 op/sec total throughput (all threads)
	 Conflicts in worker thread: 0 (of 20956 commits)
	 Errors in worker thread: 0
	 Put errors: 0, Del errors: 0, Get errors: 0
***END OF RAMP-UP-THREADS OUTPUT***

KP: 9104: pinned new thread to CPU=0x0
KP: 9104: sleeping to allow threads enough time
KP: 9104: waking up from sleep (0)
For multithreaded run ramp r:39-w:18-u:42-d:1
	 271543 total ops (160335 puts + 108447 gets + 2761 dels)
	 2000000 in runtime (usecs) = 2 secs = 0.135771 ops/usec
	 80167.500000 op/sec put throughput (all threads)
	 54223.500000 op/sec get throughput (all threads)
	 1380.500000 op/sec del throughput (all threads)
	 135771.500000 op/sec total throughput (all threads)
	 Conflicts in worker thread: 0 (of 20387 commits)
	 Errors in worker thread: 0
	 Put errors: 0, Del errors: 0, Get errors: 0
***END OF RAMP-UP-THREADS OUTPUT***

KP: 9104: pinned new thread to CPU=0x0
KP: 9104: sleeping to allow threads enough time
KP: 9104: waking up from sleep (0)
For multithreaded run ramp r:59-w:12-u:28-d:1
	 387019 total ops (151065 puts + 232027 gets + 3927 dels)
	 2000000 in runtime (usecs) = 2 secs = 0.193510 ops/usec
	 75532.500000 op/sec put throughput (all threads)
	 116013.500000 op/sec get throughput (all threads)
	 1963.500000 op/sec del throughput (all threads)
	 193509.500000 op/sec total throughput (all threads)
	 Conflicts in worker thread: 0 (of 19374 commits)
	 Errors in worker thread: 0
	 Put errors: 0, Del errors: 0, Get errors: 0
***END OF RAMP-UP-THREADS OUTPUT***

KP: 9104: pinned new thread to CPU=0x0
KP: 9104: sleeping to allow threads enough time
KP: 9104: waking up from sleep (0)
For multithreaded run ramp r:79-w:6-u:14-d:1
	 685708 total ops (130418 puts + 548364 gets + 6926 dels)
	 2000000 in runtime (usecs) = 2 secs = 0.342854 ops/usec
	 65209.000000 op/sec put throughput (all threads)
	 274182.000000 op/sec get throughput (all threads)
	 3463.000000 op/sec del throughput (all threads)
	 342854.000000 op/sec total throughput (all threads)
	 Conflicts in worker thread: 0 (of 17168 commits)
	 Errors in worker thread: 0
	 Put errors: 0, Del errors: 0, Get errors: 0
***END OF RAMP-UP-THREADS OUTPUT***

KP: 9104: pinned new thread to CPU=0x0
KP: 9104: sleeping to allow threads enough time
KP: 9104: waking up from sleep (0)
For multithreaded run ramp r:99-w:0-u:0-d:1
	 3162142 total ops (0 puts + 3130462 gets + 31680 dels)
	 2000000 in runtime (usecs) = 2 secs = 1.581071 ops/usec
	 0.000000 op/sec put throughput (all threads)
	 1565231.000000 op/sec get throughput (all threads)
	 15840.000000 op/sec del throughput (all threads)
	 1581071.000000 op/sec total throughput (all threads)
	 Conflicts in worker thread: 0 (of 3960 commits)
	 Errors in worker thread: 0
	 Put errors: 0, Del errors: 0, Get errors: 0
***END OF RAMP-UP-THREADS OUTPUT***

***CONCLUDING THREAD EVALUATION***
