KP: 4160: Using 16 for local hash table size (same as merge frequency), 1610000 for master hash table size
KP: 4160: Total memory allocation size (just evaluation, not kv stores themselves) could be up to 0 bytes (0 MB)
Will create 1610000 random integers for each child thread
Now starting evaluation for key-value store: kp_kvstore
On 16 cores
Running on storage platform: disk
Starting single-threaded tests

*** BEGINING SINGLE THREADED TESTS***

***NOW DOING LATENCY TEST ON INDIVIDUAL FUNCTIONS ***
For put-insert: 
	 time elapsed 0:150097 (sec:usec) = 150097 usecs 
	 iterations 10000 (merge every 8 -> 1250 merges)
	 average cost 15.009700 usecs
	 Conflicts: 0 (of 1249 commits)

For put-append: 
	 time elapsed 0:346762 (sec:usec) = 346762 usecs 
	 iterations 30000 (merge every 8 -> 3750 merges)
	 average cost 11.558733 usecs
	 Conflicts: 0 (of 3747 commits)

For get: 
	 time elapsed 0:25514 (sec:usec) = 25514 usecs 
	 iterations 30000 (merge every 8 -> 3750 merges)
	 average cost 0.850467 usecs
	 Conflicts: 0 (of 0 commits)

For delete: 
	 time elapsed 0:317211 (sec:usec) = 317211 usecs 
	 iterations 30000 (merge every 8 -> 3750 merges)
	 average cost 10.573700 usecs
	 Conflicts: 0 (of 3747 commits)


*** CONCLUDING SINGLE THREADED TESTS***

Starting multi-threaded tests: num_threads=1, NUM_CPUS=16
KP: 4160: pinned new thread to CPU=0x0
KP: 4160: sleeping to allow threads enough time
KP: 4160: waking up from sleep (0)
For multithreaded run ramp r:-1-w:30-u:70-d:1
	 259392 total ops (256795 puts + 0 gets + 2597 dels)
	 2000000 in runtime (usecs) = 2 secs = 0.129696 ops/usec
	 128397.500000 op/sec put throughput (all threads)
	 0.000000 op/sec get throughput (all threads)
	 1298.500000 op/sec del throughput (all threads)
	 129696.000000 op/sec total throughput (all threads)
	 Conflicts in worker thread: 0 (of 32424 commits)
	 Errors in worker thread: 0
	 Put errors: 0, Del errors: 0, Get errors: 0
***END OF RAMP-UP-THREADS OUTPUT***

KP: 4160: pinned new thread to CPU=0x0
KP: 4160: sleeping to allow threads enough time
KP: 4160: waking up from sleep (0)
For multithreaded run ramp r:19-w:24-u:56-d:1
	 313404 total ops (247744 puts + 62620 gets + 3040 dels)
	 2000000 in runtime (usecs) = 2 secs = 0.156702 ops/usec
	 123872.000000 op/sec put throughput (all threads)
	 31310.000000 op/sec get throughput (all threads)
	 1520.000000 op/sec del throughput (all threads)
	 156702.000000 op/sec total throughput (all threads)
	 Conflicts in worker thread: 0 (of 31348 commits)
	 Errors in worker thread: 0
	 Put errors: 0, Del errors: 0, Get errors: 0
***END OF RAMP-UP-THREADS OUTPUT***

KP: 4160: pinned new thread to CPU=0x0
KP: 4160: sleeping to allow threads enough time
KP: 4160: waking up from sleep (0)
For multithreaded run ramp r:39-w:18-u:42-d:1
	 404408 total ops (238498 puts + 161920 gets + 3990 dels)
	 2000000 in runtime (usecs) = 2 secs = 0.202204 ops/usec
	 119249.000000 op/sec put throughput (all threads)
	 80959.992188 op/sec get throughput (all threads)
	 1995.000122 op/sec del throughput (all threads)
	 202204.000000 op/sec total throughput (all threads)
	 Conflicts in worker thread: 0 (of 30311 commits)
	 Errors in worker thread: 0
	 Put errors: 0, Del errors: 0, Get errors: 0
***END OF RAMP-UP-THREADS OUTPUT***

KP: 4160: pinned new thread to CPU=0x0
KP: 4160: sleeping to allow threads enough time
KP: 4160: waking up from sleep (0)
For multithreaded run ramp r:59-w:12-u:28-d:1
	 568329 total ops (221363 puts + 341297 gets + 5669 dels)
	 2000000 in runtime (usecs) = 2 secs = 0.284164 ops/usec
	 110681.500000 op/sec put throughput (all threads)
	 170648.500000 op/sec get throughput (all threads)
	 2834.500000 op/sec del throughput (all threads)
	 284164.500000 op/sec total throughput (all threads)
	 Conflicts in worker thread: 0 (of 28379 commits)
	 Errors in worker thread: 0
	 Put errors: 0, Del errors: 0, Get errors: 0
***END OF RAMP-UP-THREADS OUTPUT***

KP: 4160: pinned new thread to CPU=0x0
KP: 4160: sleeping to allow threads enough time
KP: 4160: waking up from sleep (0)
For multithreaded run ramp r:79-w:6-u:14-d:1
	 966587 total ops (183152 puts + 773891 gets + 9544 dels)
	 2000000 in runtime (usecs) = 2 secs = 0.483294 ops/usec
	 91576.000000 op/sec put throughput (all threads)
	 386945.500000 op/sec get throughput (all threads)
	 4771.999512 op/sec del throughput (all threads)
	 483293.500000 op/sec total throughput (all threads)
	 Conflicts in worker thread: 0 (of 24087 commits)
	 Errors in worker thread: 0
	 Put errors: 0, Del errors: 0, Get errors: 0
***END OF RAMP-UP-THREADS OUTPUT***

KP: 4160: pinned new thread to CPU=0x0
KP: 4160: sleeping to allow threads enough time
KP: 4160: waking up from sleep (0)
For multithreaded run ramp r:99-w:0-u:0-d:1
	 3169220 total ops (0 puts + 3137702 gets + 31518 dels)
	 2000000 in runtime (usecs) = 2 secs = 1.584610 ops/usec
	 0.000000 op/sec put throughput (all threads)
	 1568851.000000 op/sec get throughput (all threads)
	 15759.000000 op/sec del throughput (all threads)
	 1584610.000000 op/sec total throughput (all threads)
	 Conflicts in worker thread: 0 (of 3940 commits)
	 Errors in worker thread: 0
	 Put errors: 0, Del errors: 0, Get errors: 0
***END OF RAMP-UP-THREADS OUTPUT***

***CONCLUDING THREAD EVALUATION***
