KP: 7776: Using 16 for local hash table size (same as merge frequency), 1610000 for master hash table size
KP: 7776: Total memory allocation size (just evaluation, not kv stores themselves) could be up to 0 bytes (0 MB)
Will create 1610000 random integers for each child thread
Now starting evaluation for key-value store: kp_kvstore
On 16 cores
Running on storage platform: disk
Starting single-threaded tests

*** BEGINING SINGLE THREADED TESTS***

***NOW DOING LATENCY TEST ON INDIVIDUAL FUNCTIONS ***
For put-insert: 
	 time elapsed 1:315964 (sec:usec) = 1315964 usecs 
	 iterations 10000 (merge every 8 -> 1250 merges)
	 average cost 131.596405 usecs
	 Conflicts: 0 (of 1249 commits)

For put-append: 
	 time elapsed 3:853479 (sec:usec) = 3853479 usecs 
	 iterations 30000 (merge every 8 -> 3750 merges)
	 average cost 128.449295 usecs
	 Conflicts: 0 (of 3747 commits)

For get: 
	 time elapsed 0:846033 (sec:usec) = 846033 usecs 
	 iterations 30000 (merge every 8 -> 3750 merges)
	 average cost 28.201099 usecs
	 Conflicts: 0 (of 0 commits)

For delete: 
	 time elapsed 0:332431 (sec:usec) = 332431 usecs 
	 iterations 30000 (merge every 8 -> 3750 merges)
	 average cost 11.081034 usecs
	 Conflicts: 0 (of 3747 commits)


*** CONCLUDING SINGLE THREADED TESTS***

Starting multi-threaded tests: num_threads=1, NUM_CPUS=16
KP: 7776: pinned new thread to CPU=0x0
KP: 7776: sleeping to allow threads enough time
KP: 7776: waking up from sleep (0)
For multithreaded run ramp r:-1-w:30-u:70-d:1
	 33992 total ops (33679 puts + 0 gets + 313 dels)
	 2000000 in runtime (usecs) = 2 secs = 0.016996 ops/usec
	 16839.500000 op/sec put throughput (all threads)
	 0.000000 op/sec get throughput (all threads)
	 156.500000 op/sec del throughput (all threads)
	 16996.000000 op/sec total throughput (all threads)
	 Conflicts in worker thread: 0 (of 4249 commits)
	 Errors in worker thread: 0
	 Put errors: 0, Del errors: 0, Get errors: 0
***END OF RAMP-UP-THREADS OUTPUT***

KP: 7776: pinned new thread to CPU=0x0
KP: 7776: sleeping to allow threads enough time
KP: 7776: waking up from sleep (0)
For multithreaded run ramp r:19-w:24-u:56-d:1
	 41641 total ops (32835 puts + 8385 gets + 421 dels)
	 2000000 in runtime (usecs) = 2 secs = 0.020821 ops/usec
	 16417.500000 op/sec put throughput (all threads)
	 4192.500000 op/sec get throughput (all threads)
	 210.500000 op/sec del throughput (all threads)
	 20820.500000 op/sec total throughput (all threads)
	 Conflicts in worker thread: 0 (of 4157 commits)
	 Errors in worker thread: 0
	 Put errors: 0, Del errors: 0, Get errors: 0
***END OF RAMP-UP-THREADS OUTPUT***

KP: 7776: pinned new thread to CPU=0x0
KP: 7776: sleeping to allow threads enough time
KP: 7776: waking up from sleep (0)
For multithreaded run ramp r:39-w:18-u:42-d:1
	 53730 total ops (31739 puts + 21458 gets + 533 dels)
	 2000000 in runtime (usecs) = 2 secs = 0.026865 ops/usec
	 15869.500000 op/sec put throughput (all threads)
	 10729.000000 op/sec get throughput (all threads)
	 266.500000 op/sec del throughput (all threads)
	 26865.000000 op/sec total throughput (all threads)
	 Conflicts in worker thread: 0 (of 4034 commits)
	 Errors in worker thread: 0
	 Put errors: 0, Del errors: 0, Get errors: 0
***END OF RAMP-UP-THREADS OUTPUT***

KP: 7776: pinned new thread to CPU=0x0
KP: 7776: sleeping to allow threads enough time
KP: 7776: waking up from sleep (0)
For multithreaded run ramp r:59-w:12-u:28-d:1
	 78151 total ops (30518 puts + 46848 gets + 785 dels)
	 2000000 in runtime (usecs) = 2 secs = 0.039076 ops/usec
	 15259.000000 op/sec put throughput (all threads)
	 23424.000000 op/sec get throughput (all threads)
	 392.500000 op/sec del throughput (all threads)
	 39075.500000 op/sec total throughput (all threads)
	 Conflicts in worker thread: 0 (of 3913 commits)
	 Errors in worker thread: 0
	 Put errors: 0, Del errors: 0, Get errors: 0
***END OF RAMP-UP-THREADS OUTPUT***

KP: 7776: pinned new thread to CPU=0x0
KP: 7776: sleeping to allow threads enough time
KP: 7776: waking up from sleep (0)
For multithreaded run ramp r:79-w:6-u:14-d:1
	 146770 total ops (27819 puts + 117474 gets + 1477 dels)
	 2000000 in runtime (usecs) = 2 secs = 0.073385 ops/usec
	 13909.500000 op/sec put throughput (all threads)
	 58737.000000 op/sec get throughput (all threads)
	 738.499939 op/sec del throughput (all threads)
	 73385.000000 op/sec total throughput (all threads)
	 Conflicts in worker thread: 0 (of 3662 commits)
	 Errors in worker thread: 0
	 Put errors: 0, Del errors: 0, Get errors: 0
***END OF RAMP-UP-THREADS OUTPUT***

KP: 7776: pinned new thread to CPU=0x0
KP: 7776: sleeping to allow threads enough time
KP: 7776: waking up from sleep (0)
For multithreaded run ramp r:99-w:0-u:0-d:1
	 2975965 total ops (0 puts + 2946149 gets + 29816 dels)
	 2000000 in runtime (usecs) = 2 secs = 1.487983 ops/usec
	 0.000000 op/sec put throughput (all threads)
	 1473074.500000 op/sec get throughput (all threads)
	 14908.000000 op/sec del throughput (all threads)
	 1487982.500000 op/sec total throughput (all threads)
	 Conflicts in worker thread: 0 (of 3727 commits)
	 Errors in worker thread: 0
	 Put errors: 0, Del errors: 0, Get errors: 0
***END OF RAMP-UP-THREADS OUTPUT***

***CONCLUDING THREAD EVALUATION***
