KP: 3168: Using 16 for local hash table size (same as merge frequency), 1610000 for master hash table size
KP: 3168: Total memory allocation size (just evaluation, not kv stores themselves) could be up to 0 bytes (0 MB)
Will create 1610000 random integers for each child thread
Now starting evaluation for key-value store: Masstree
On 16 cores
Running on storage platform: disk
Starting single-threaded tests

*** BEGINING SINGLE THREADED TESTS***

***NOW DOING LATENCY TEST ON INDIVIDUAL FUNCTIONS ***
For put-insert: 
	 time elapsed 0:9904 (sec:usec) = 9904 usecs 
	 iterations 10000 (merge every 8 -> 1250 merges)
	 average cost 0.990400 usecs
	 Conflicts: 0 (of 1249 commits)

For put-append: 
	 time elapsed 0:27063 (sec:usec) = 27063 usecs 
	 iterations 30000 (merge every 8 -> 3750 merges)
	 average cost 0.902100 usecs
	 Conflicts: 0 (of 3747 commits)

For get: 
	 time elapsed 0:20889 (sec:usec) = 20889 usecs 
	 iterations 30000 (merge every 8 -> 3750 merges)
	 average cost 0.696300 usecs
	 Conflicts: 0 (of 0 commits)

For delete: 
	 time elapsed 0:20556 (sec:usec) = 20556 usecs 
	 iterations 30000 (merge every 8 -> 3750 merges)
	 average cost 0.685200 usecs
	 Conflicts: 0 (of 3747 commits)


*** CONCLUDING SINGLE THREADED TESTS***

Starting multi-threaded tests: num_threads=1, NUM_CPUS=16
KP: 3168: pinned new thread to CPU=0x0
KP: 3168: sleeping to allow threads enough time
KP: 3168: waking up from sleep (0)
For multithreaded run ramp r:-1-w:30-u:70-d:1
	 2183240 total ops (2161404 puts + 0 gets + 21836 dels)
	 2000000 in runtime (usecs) = 2 secs = 1.091620 ops/usec
	 1080702.000000 op/sec put throughput (all threads)
	 0.000000 op/sec get throughput (all threads)
	 10918.000000 op/sec del throughput (all threads)
	 1091620.000000 op/sec total throughput (all threads)
	 Conflicts in worker thread: 0 (of 272905 commits)
	 Errors in worker thread: 0
	 Put errors: 0, Del errors: 0, Get errors: 0
***END OF RAMP-UP-THREADS OUTPUT***

KP: 3168: pinned new thread to CPU=0x0
KP: 3168: sleeping to allow threads enough time
KP: 3168: pinned new thread to CPU=0x0
KP: 3168: sleeping to allow threads enough time
KP: 3168: pinned new thread to CPU=0x0
KP: 3168: sleeping to allow threads enough time
KP: 3168: pinned new thread to CPU=0x0
KP: 3168: sleeping to allow threads enough time
KP: 3168: pinned new thread to CPU=0x0
KP: 3168: sleeping to allow threads enough time
KP: 3168: waking up from sleep (0)
For multithreaded run ramp r:99-w:0-u:0-d:1
	 2966248 total ops (0 puts + 2937000 gets + 29248 dels)
	 2000000 in runtime (usecs) = 2 secs = 1.483124 ops/usec
	 0.000000 op/sec put throughput (all threads)
	 1468500.000000 op/sec get throughput (all threads)
	 14624.000000 op/sec del throughput (all threads)
	 1483124.000000 op/sec total throughput (all threads)
	 Conflicts in worker thread: 0 (of 3656 commits)
	 Errors in worker thread: 0
	 Put errors: 0, Del errors: 0, Get errors: 0
***END OF RAMP-UP-THREADS OUTPUT***

***CONCLUDING THREAD EVALUATION***
