KP: 7008: Using 64 for local hash table size (same as merge frequency), 1610000 for master hash table size
KP: 7008: Total memory allocation size (just evaluation, not kv stores themselves) could be up to 0 bytes (0 MB)
Will create 1610000 random integers for each child thread
Now starting evaluation for key-value store: Masstree
On 16 cores
Running on storage platform: disk
Starting single-threaded tests

*** BEGINING SINGLE THREADED TESTS***

***NOW DOING LATENCY TEST ON INDIVIDUAL FUNCTIONS ***
For put-insert: 
	 time elapsed 0:18235 (sec:usec) = 18235 usecs 
	 iterations 10000 (merge every 32 -> 312 merges)
	 average cost 1.823500 usecs
	 Conflicts: 0 (of 313 commits)

For put-append: 
	 time elapsed 0:57562 (sec:usec) = 57562 usecs 
	 iterations 30000 (merge every 32 -> 937 merges)
	 average cost 1.918733 usecs
	 Conflicts: 0 (of 939 commits)

For get: 
	 time elapsed 0:21313 (sec:usec) = 21313 usecs 
	 iterations 30000 (merge every 32 -> 937 merges)
	 average cost 0.710433 usecs
	 Conflicts: 0 (of 0 commits)

For delete: 
	 time elapsed 0:20544 (sec:usec) = 20544 usecs 
	 iterations 30000 (merge every 32 -> 937 merges)
	 average cost 0.684800 usecs
	 Conflicts: 0 (of 939 commits)


*** CONCLUDING SINGLE THREADED TESTS***

Starting multi-threaded tests: num_threads=1, NUM_CPUS=16
KP: 7008: pinned new thread to CPU=0x0
KP: 7008: sleeping to allow threads enough time
KP: 7008: waking up from sleep (0)
For multithreaded run ramp r:-1-w:30-u:70-d:1
	 1222087 total ops (1209601 puts + 0 gets + 12486 dels)
	 2000000 in runtime (usecs) = 2 secs = 0.611044 ops/usec
	 604800.500000 op/sec put throughput (all threads)
	 0.000000 op/sec get throughput (all threads)
	 6243.000000 op/sec del throughput (all threads)
	 611043.500000 op/sec total throughput (all threads)
	 Conflicts in worker thread: 0 (of 38191 commits)
	 Errors in worker thread: 0
	 Put errors: 0, Del errors: 0, Get errors: 0
***END OF RAMP-UP-THREADS OUTPUT***

KP: 7008: pinned new thread to CPU=0x0
KP: 7008: sleeping to allow threads enough time
KP: 7008: pinned new thread to CPU=0x0
KP: 7008: sleeping to allow threads enough time
KP: 7008: pinned new thread to CPU=0x0
KP: 7008: sleeping to allow threads enough time
KP: 7008: pinned new thread to CPU=0x0
KP: 7008: sleeping to allow threads enough time
KP: 7008: pinned new thread to CPU=0x0
KP: 7008: sleeping to allow threads enough time
KP: 7008: waking up from sleep (0)
For multithreaded run ramp r:99-w:0-u:0-d:1
	 2835668 total ops (0 puts + 2807078 gets + 28590 dels)
	 2000000 in runtime (usecs) = 2 secs = 1.417834 ops/usec
	 0.000000 op/sec put throughput (all threads)
	 1403539.000000 op/sec get throughput (all threads)
	 14295.000000 op/sec del throughput (all threads)
	 1417834.000000 op/sec total throughput (all threads)
	 Conflicts in worker thread: 0 (of 894 commits)
	 Errors in worker thread: 0
	 Put errors: 0, Del errors: 0, Get errors: 0
***END OF RAMP-UP-THREADS OUTPUT***

***CONCLUDING THREAD EVALUATION***
