KP: 656: Using 16 for local hash table size (same as merge frequency), 1610000 for master hash table size
KP: 656: Total memory allocation size (just evaluation, not kv stores themselves) could be up to 0 bytes (0 MB)
Will create 100625 random integers for each child thread
Now starting evaluation for key-value store: Masstree
On 16 cores
Running on storage platform: disk
Starting single-threaded tests

*** BEGINING SINGLE THREADED TESTS***

***NOW DOING LATENCY TEST ON INDIVIDUAL FUNCTIONS ***
For put-insert: 
	 time elapsed 0:17959 (sec:usec) = 17959 usecs 
	 iterations 10000 (merge every 8 -> 1250 merges)
	 average cost 1.795900 usecs
	 Conflicts: 0 (of 1249 commits)

For put-append: 
	 time elapsed 0:59195 (sec:usec) = 59195 usecs 
	 iterations 30000 (merge every 8 -> 3750 merges)
	 average cost 1.973167 usecs
	 Conflicts: 0 (of 3747 commits)

For get: 
	 time elapsed 0:21420 (sec:usec) = 21420 usecs 
	 iterations 30000 (merge every 8 -> 3750 merges)
	 average cost 0.714000 usecs
	 Conflicts: 0 (of 0 commits)

For delete: 
	 time elapsed 0:20630 (sec:usec) = 20630 usecs 
	 iterations 30000 (merge every 8 -> 3750 merges)
	 average cost 0.687667 usecs
	 Conflicts: 0 (of 3747 commits)


*** CONCLUDING SINGLE THREADED TESTS***

Starting multi-threaded tests: num_threads=16, NUM_CPUS=16
KP: 656: pinned new thread to CPU=0x0
KP: 656: pinned new thread to CPU=0x1
KP: 656: pinned new thread to CPU=0x2
KP: 656: pinned new thread to CPU=0x3
KP: 656: pinned new thread to CPU=0x4
KP: 656: pinned new thread to CPU=0x5
KP: 656: pinned new thread to CPU=0x6
KP: 656: pinned new thread to CPU=0x7
KP: 656: pinned new thread to CPU=0x8
KP: 656: pinned new thread to CPU=0x9
KP: 656: pinned new thread to CPU=0xA
KP: 656: pinned new thread to CPU=0xB
KP: 656: pinned new thread to CPU=0xC
KP: 656: pinned new thread to CPU=0xD
KP: 656: pinned new thread to CPU=0xE
KP: 656: pinned new thread to CPU=0xF
KP: 656: sleeping to allow threads enough time
KP: 656: waking up from sleep (0)
For multithreaded run ramp r:-1-w:30-u:70-d:1
	 178317 total ops (176507 puts + 0 gets + 1810 dels)
	 2000000 in runtime (usecs) = 2 secs = 0.089158 ops/usec
	 88253.500000 op/sec put throughput (all threads)
	 0.000000 op/sec get throughput (all threads)
	 905.000000 op/sec del throughput (all threads)
	 89158.500000 op/sec total throughput (all threads)
	 Conflicts in worker thread: 0 (of 22296 commits)
	 Errors in worker thread: 0
	 Put errors: 0, Del errors: 0, Get errors: 0
***END OF RAMP-UP-THREADS OUTPUT***

KP: 656: pinned new thread to CPU=0x0
KP: 656: pinned new thread to CPU=0x1
KP: 656: pinned new thread to CPU=0x2
KP: 656: pinned new thread to CPU=0x3
KP: 656: pinned new thread to CPU=0x4
KP: 656: pinned new thread to CPU=0x5
KP: 656: pinned new thread to CPU=0x6
KP: 656: pinned new thread to CPU=0x0
KP: 656: pinned new thread to CPU=0x1
KP: 656: pinned new thread to CPU=0x2
KP: 656: pinned new thread to CPU=0x3
KP: 656: pinned new thread to CPU=0x0
KP: 656: pinned new thread to CPU=0x1
KP: 656: pinned new thread to CPU=0x2
KP: 656: pinned new thread to CPU=0x3
KP: 656: pinned new thread to CPU=0x4
KP: 656: pinned new thread to CPU=0x5
KP: 656: pinned new thread to CPU=0x6
KP: 656: pinned new thread to CPU=0x0
KP: 656: pinned new thread to CPU=0x1
KP: 656: pinned new thread to CPU=0x2
KP: 656: pinned new thread to CPU=0x3
KP: 656: pinned new thread to CPU=0x4
KP: 656: pinned new thread to CPU=0x5
KP: 656: pinned new thread to CPU=0x0
KP: 656: pinned new thread to CPU=0x1
KP: 656: pinned new thread to CPU=0x2
KP: 656: pinned new thread to CPU=0x3
KP: 656: pinned new thread to CPU=0x4
KP: 656: pinned new thread to CPU=0x5
KP: 656: pinned new thread to CPU=0x6
KP: 656: pinned new thread to CPU=0x7
KP: 656: pinned new thread to CPU=0x8
KP: 656: pinned new thread to CPU=0x9
KP: 656: pinned new thread to CPU=0xA
KP: 656: pinned new thread to CPU=0xB
KP: 656: pinned new thread to CPU=0xC
KP: 656: pinned new thread to CPU=0xD
KP: 656: pinned new thread to CPU=0xE
KP: 656: pinned new thread to CPU=0xF
KP: 656: sleeping to allow threads enough time
KP: 656: waking up from sleep (0)
For multithreaded run ramp r:99-w:0-u:0-d:1
	 6242781 total ops (0 puts + 6834306 gets + 61999 dels)
	 2000000 in runtime (usecs) = 2 secs = 3.121391 ops/usec
	 0.000000 op/sec put throughput (all threads)
	 3417153.000000 op/sec get throughput (all threads)
	 30999.500000 op/sec del throughput (all threads)
	 3121390.500000 op/sec total throughput (all threads)
	 Conflicts in worker thread: 0 (of 8460 commits)
	 Errors in worker thread: 0
	 Put errors: 0, Del errors: 0, Get errors: 0
***END OF RAMP-UP-THREADS OUTPUT***

***CONCLUDING THREAD EVALUATION***
