KP: 4864: Using 2 for local hash table size (same as merge frequency), 1610000 for master hash table size
KP: 4864: Total memory allocation size (just evaluation, not kv stores themselves) could be up to 0 bytes (0 MB)
Will create 1610000 random integers for each child thread
Now starting evaluation for key-value store: kp_kvstore
On 16 cores
Running on storage platform: disk
Starting single-threaded tests

*** BEGINING SINGLE THREADED TESTS***

***NOW DOING LATENCY TEST ON INDIVIDUAL FUNCTIONS ***
For put-insert: 
	 time elapsed 0:49813 (sec:usec) = 49813 usecs 
	 iterations 10000 (merge every 1 -> 10000 merges)
	 average cost 4.981300 usecs
	 Conflicts: 0 (of 10000 commits)

For put-append: 
	 time elapsed 0:207815 (sec:usec) = 207815 usecs 
	 iterations 30000 (merge every 1 -> 30000 merges)
	 average cost 6.927166 usecs
	 Conflicts: 0 (of 30000 commits)

For get: 
	 time elapsed 0:171951 (sec:usec) = 171951 usecs 
	 iterations 30000 (merge every 1 -> 30000 merges)
	 average cost 5.731700 usecs
	 Conflicts: 0 (of 0 commits)

For delete: 
	 time elapsed 0:107503 (sec:usec) = 107503 usecs 
	 iterations 30000 (merge every 1 -> 30000 merges)
	 average cost 3.583433 usecs
	 Conflicts: 0 (of 30000 commits)


*** CONCLUDING SINGLE THREADED TESTS***

Starting multi-threaded tests: num_threads=1, NUM_CPUS=16
KP: 4864: pinned new thread to CPU=0x0
KP: 4864: sleeping to allow threads enough time
KP: 4864: waking up from sleep (0)
For multithreaded run ramp r:-1-w:30-u:70-d:1
	 471277 total ops (466537 puts + 0 gets + 4740 dels)
	 2000000 in runtime (usecs) = 2 secs = 0.235638 ops/usec
	 233268.500000 op/sec put throughput (all threads)
	 0.000000 op/sec get throughput (all threads)
	 2369.999756 op/sec del throughput (all threads)
	 235638.500000 op/sec total throughput (all threads)
	 Conflicts in worker thread: 0 (of 471277 commits)
	 Errors in worker thread: 0
	 Put errors: 0, Del errors: 0, Get errors: 0
***END OF RAMP-UP-THREADS OUTPUT***

KP: 4864: pinned new thread to CPU=0x0
KP: 4864: sleeping to allow threads enough time
KP: 4864: waking up from sleep (0)
For multithreaded run ramp r:19-w:24-u:56-d:1
	 518532 total ops (409685 puts + 103671 gets + 5176 dels)
	 2000000 in runtime (usecs) = 2 secs = 0.259266 ops/usec
	 204842.500000 op/sec put throughput (all threads)
	 51835.500000 op/sec get throughput (all threads)
	 2588.000000 op/sec del throughput (all threads)
	 259265.984375 op/sec total throughput (all threads)
	 Conflicts in worker thread: 0 (of 414861 commits)
	 Errors in worker thread: 0
	 Put errors: 0, Del errors: 0, Get errors: 0
***END OF RAMP-UP-THREADS OUTPUT***

KP: 4864: pinned new thread to CPU=0x0
KP: 4864: sleeping to allow threads enough time
KP: 4864: waking up from sleep (0)
For multithreaded run ramp r:39-w:18-u:42-d:1
	 619131 total ops (365301 puts + 247517 gets + 6313 dels)
	 2000000 in runtime (usecs) = 2 secs = 0.309566 ops/usec
	 182650.500000 op/sec put throughput (all threads)
	 123758.500000 op/sec get throughput (all threads)
	 3156.500000 op/sec del throughput (all threads)
	 309565.500000 op/sec total throughput (all threads)
	 Conflicts in worker thread: 0 (of 371614 commits)
	 Errors in worker thread: 0
	 Put errors: 0, Del errors: 0, Get errors: 0
***END OF RAMP-UP-THREADS OUTPUT***

KP: 4864: pinned new thread to CPU=0x0
KP: 4864: sleeping to allow threads enough time
KP: 4864: waking up from sleep (0)
For multithreaded run ramp r:59-w:12-u:28-d:1
	 782051 total ops (304769 puts + 469399 gets + 7883 dels)
	 2000000 in runtime (usecs) = 2 secs = 0.391026 ops/usec
	 152384.500000 op/sec put throughput (all threads)
	 234699.500000 op/sec get throughput (all threads)
	 3941.500000 op/sec del throughput (all threads)
	 391025.500000 op/sec total throughput (all threads)
	 Conflicts in worker thread: 0 (of 312652 commits)
	 Errors in worker thread: 0
	 Put errors: 0, Del errors: 0, Get errors: 0
***END OF RAMP-UP-THREADS OUTPUT***

KP: 4864: pinned new thread to CPU=0x0
KP: 4864: sleeping to allow threads enough time
KP: 4864: waking up from sleep (0)
For multithreaded run ramp r:79-w:6-u:14-d:1
	 1127730 total ops (213932 puts + 902356 gets + 11442 dels)
	 2000000 in runtime (usecs) = 2 secs = 0.563865 ops/usec
	 106966.000000 op/sec put throughput (all threads)
	 451178.000000 op/sec get throughput (all threads)
	 5721.000000 op/sec del throughput (all threads)
	 563865.000000 op/sec total throughput (all threads)
	 Conflicts in worker thread: 0 (of 225374 commits)
	 Errors in worker thread: 0
	 Put errors: 0, Del errors: 0, Get errors: 0
***END OF RAMP-UP-THREADS OUTPUT***

KP: 4864: pinned new thread to CPU=0x0
KP: 4864: sleeping to allow threads enough time
KP: 4864: waking up from sleep (0)
For multithreaded run ramp r:99-w:0-u:0-d:1
	 2235923 total ops (0 puts + 2213463 gets + 22460 dels)
	 2000000 in runtime (usecs) = 2 secs = 1.117962 ops/usec
	 0.000000 op/sec put throughput (all threads)
	 1106731.500000 op/sec get throughput (all threads)
	 11230.000000 op/sec del throughput (all threads)
	 1117961.500000 op/sec total throughput (all threads)
	 Conflicts in worker thread: 0 (of 22460 commits)
	 Errors in worker thread: 0
	 Put errors: 0, Del errors: 0, Get errors: 0
***END OF RAMP-UP-THREADS OUTPUT***

***CONCLUDING THREAD EVALUATION***
