KP: 4224: Using 16 for local hash table size (same as merge frequency), 1610000 for master hash table size
KP: 4224: Total memory allocation size (just evaluation, not kv stores themselves) could be up to 0 bytes (0 MB)
Will create 1610000 random integers for each child thread
Now starting evaluation for key-value store: kp_kvstore
On 16 cores
Running on storage platform: disk
Starting single-threaded tests

*** BEGINING SINGLE THREADED TESTS***

***NOW DOING LATENCY TEST ON INDIVIDUAL FUNCTIONS ***
For put-insert: 
	 time elapsed 0:30252 (sec:usec) = 30252 usecs 
	 iterations 10000 (merge every 8 -> 1250 merges)
	 average cost 3.025200 usecs
	 Conflicts: 0 (of 1249 commits)

For put-append: 
	 time elapsed 0:59909 (sec:usec) = 59909 usecs 
	 iterations 30000 (merge every 8 -> 3750 merges)
	 average cost 1.996967 usecs
	 Conflicts: 0 (of 3747 commits)

For get: 
	 time elapsed 0:25197 (sec:usec) = 25197 usecs 
	 iterations 30000 (merge every 8 -> 3750 merges)
	 average cost 0.839900 usecs
	 Conflicts: 0 (of 0 commits)

For delete: 
	 time elapsed 0:55907 (sec:usec) = 55907 usecs 
	 iterations 30000 (merge every 8 -> 3750 merges)
	 average cost 1.863567 usecs
	 Conflicts: 0 (of 3747 commits)


*** CONCLUDING SINGLE THREADED TESTS***

Starting multi-threaded tests: num_threads=1, NUM_CPUS=16
KP: 4224: pinned new thread to CPU=0x0
KP: 4224: sleeping to allow threads enough time
KP: 4224: waking up from sleep (0)
For multithreaded run ramp r:-1-w:30-u:70-d:1
	 1119058 total ops (1107772 puts + 0 gets + 11286 dels)
	 2000000 in runtime (usecs) = 2 secs = 0.559529 ops/usec
	 553886.000000 op/sec put throughput (all threads)
	 0.000000 op/sec get throughput (all threads)
	 5643.000000 op/sec del throughput (all threads)
	 559529.000000 op/sec total throughput (all threads)
	 Conflicts in worker thread: 0 (of 139883 commits)
	 Errors in worker thread: 0
	 Put errors: 0, Del errors: 0, Get errors: 0
***END OF RAMP-UP-THREADS OUTPUT***

KP: 4224: pinned new thread to CPU=0x0
KP: 4224: sleeping to allow threads enough time
KP: 4224: waking up from sleep (0)
For multithreaded run ramp r:19-w:24-u:56-d:1
	 1195527 total ops (944047 puts + 239487 gets + 11993 dels)
	 2000000 in runtime (usecs) = 2 secs = 0.597763 ops/usec
	 472023.500000 op/sec put throughput (all threads)
	 119743.500000 op/sec get throughput (all threads)
	 5996.500000 op/sec del throughput (all threads)
	 597763.500000 op/sec total throughput (all threads)
	 Conflicts in worker thread: 0 (of 119505 commits)
	 Errors in worker thread: 0
	 Put errors: 0, Del errors: 0, Get errors: 0
***END OF RAMP-UP-THREADS OUTPUT***

KP: 4224: pinned new thread to CPU=0x0
KP: 4224: sleeping to allow threads enough time
KP: 4224: waking up from sleep (0)
For multithreaded run ramp r:39-w:18-u:42-d:1
	 1394416 total ops (822399 puts + 558120 gets + 13897 dels)
	 2000000 in runtime (usecs) = 2 secs = 0.697208 ops/usec
	 411199.500000 op/sec put throughput (all threads)
	 279060.000000 op/sec get throughput (all threads)
	 6948.500000 op/sec del throughput (all threads)
	 697208.000000 op/sec total throughput (all threads)
	 Conflicts in worker thread: 0 (of 104537 commits)
	 Errors in worker thread: 0
	 Put errors: 0, Del errors: 0, Get errors: 0
***END OF RAMP-UP-THREADS OUTPUT***

KP: 4224: pinned new thread to CPU=0x0
KP: 4224: sleeping to allow threads enough time
KP: 4224: waking up from sleep (0)
For multithreaded run ramp r:59-w:12-u:28-d:1
	 1669491 total ops (651271 puts + 1001587 gets + 16633 dels)
	 2000000 in runtime (usecs) = 2 secs = 0.834746 ops/usec
	 325635.500000 op/sec put throughput (all threads)
	 500793.500000 op/sec get throughput (all threads)
	 8316.500000 op/sec del throughput (all threads)
	 834745.500000 op/sec total throughput (all threads)
	 Conflicts in worker thread: 0 (of 83488 commits)
	 Errors in worker thread: 0
	 Put errors: 0, Del errors: 0, Get errors: 0
***END OF RAMP-UP-THREADS OUTPUT***

KP: 4224: pinned new thread to CPU=0x0
KP: 4224: sleeping to allow threads enough time
KP: 4224: waking up from sleep (0)
For multithreaded run ramp r:79-w:6-u:14-d:1
	 2142718 total ops (408388 puts + 1713039 gets + 21291 dels)
	 2000000 in runtime (usecs) = 2 secs = 1.071359 ops/usec
	 204194.000000 op/sec put throughput (all threads)
	 856519.500000 op/sec get throughput (all threads)
	 10645.500000 op/sec del throughput (all threads)
	 1071359.000000 op/sec total throughput (all threads)
	 Conflicts in worker thread: 0 (of 53710 commits)
	 Errors in worker thread: 0
	 Put errors: 0, Del errors: 0, Get errors: 0
***END OF RAMP-UP-THREADS OUTPUT***

KP: 4224: pinned new thread to CPU=0x0
KP: 4224: sleeping to allow threads enough time
KP: 4224: waking up from sleep (0)
For multithreaded run ramp r:99-w:0-u:0-d:1
	 3326205 total ops (0 puts + 3292992 gets + 33213 dels)
	 2000000 in runtime (usecs) = 2 secs = 1.663103 ops/usec
	 0.000000 op/sec put throughput (all threads)
	 1646496.000000 op/sec get throughput (all threads)
	 16606.500000 op/sec del throughput (all threads)
	 1663102.500000 op/sec total throughput (all threads)
	 Conflicts in worker thread: 0 (of 4152 commits)
	 Errors in worker thread: 0
	 Put errors: 0, Del errors: 0, Get errors: 0
***END OF RAMP-UP-THREADS OUTPUT***

***CONCLUDING THREAD EVALUATION***
