KP: 3536: Using 16 for local hash table size (same as merge frequency), 1610000 for master hash table size
KP: 3536: Total memory allocation size (just evaluation, not kv stores themselves) could be up to 0 bytes (0 MB)
Will create 1610000 random integers for each child thread
Now starting evaluation for key-value store: kp_kvstore
On 16 cores
Running on storage platform: disk
Starting single-threaded tests

*** BEGINING SINGLE THREADED TESTS***

***NOW DOING LATENCY TEST ON INDIVIDUAL FUNCTIONS ***
For put-insert: 
	 time elapsed 0:575709 (sec:usec) = 575709 usecs 
	 iterations 10000 (merge every 8 -> 1250 merges)
	 average cost 57.570900 usecs
	 Conflicts: 0 (of 1249 commits)

For put-append: 
	 time elapsed 1:701785 (sec:usec) = 1701785 usecs 
	 iterations 30000 (merge every 8 -> 3750 merges)
	 average cost 56.726166 usecs
	 Conflicts: 0 (of 3747 commits)

For get: 
	 time elapsed 1:971845 (sec:usec) = 1971845 usecs 
	 iterations 30000 (merge every 8 -> 3750 merges)
	 average cost 65.728165 usecs
	 Conflicts: 0 (of 0 commits)

For delete: 
	 time elapsed 0:79406 (sec:usec) = 79406 usecs 
	 iterations 30000 (merge every 8 -> 3750 merges)
	 average cost 2.646867 usecs
	 Conflicts: 0 (of 3747 commits)


*** CONCLUDING SINGLE THREADED TESTS***

Starting multi-threaded tests: num_threads=1, NUM_CPUS=16
KP: 3536: pinned new thread to CPU=0x0
KP: 3536: sleeping to allow threads enough time
KP: 3536: waking up from sleep (0)
For multithreaded run ramp r:-1-w:30-u:70-d:1
	 76000 total ops (75260 puts + 0 gets + 740 dels)
	 2000000 in runtime (usecs) = 2 secs = 0.038000 ops/usec
	 37630.000000 op/sec put throughput (all threads)
	 0.000000 op/sec get throughput (all threads)
	 370.000000 op/sec del throughput (all threads)
	 38000.000000 op/sec total throughput (all threads)
	 Conflicts in worker thread: 0 (of 9500 commits)
	 Errors in worker thread: 0
	 Put errors: 0, Del errors: 0, Get errors: 0
***END OF RAMP-UP-THREADS OUTPUT***

KP: 3536: pinned new thread to CPU=0x0
KP: 3536: sleeping to allow threads enough time
KP: 3536: waking up from sleep (0)
For multithreaded run ramp r:19-w:24-u:56-d:1
	 89803 total ops (71142 puts + 17786 gets + 875 dels)
	 2000000 in runtime (usecs) = 2 secs = 0.044902 ops/usec
	 35571.000000 op/sec put throughput (all threads)
	 8893.000000 op/sec get throughput (all threads)
	 437.500000 op/sec del throughput (all threads)
	 44901.500000 op/sec total throughput (all threads)
	 Conflicts in worker thread: 0 (of 9003 commits)
	 Errors in worker thread: 0
	 Put errors: 0, Del errors: 0, Get errors: 0
***END OF RAMP-UP-THREADS OUTPUT***

KP: 3536: pinned new thread to CPU=0x0
KP: 3536: sleeping to allow threads enough time
KP: 3536: waking up from sleep (0)
For multithreaded run ramp r:39-w:18-u:42-d:1
	 110935 total ops (65420 puts + 44456 gets + 1059 dels)
	 2000000 in runtime (usecs) = 2 secs = 0.055468 ops/usec
	 32710.000000 op/sec put throughput (all threads)
	 22228.000000 op/sec get throughput (all threads)
	 529.500000 op/sec del throughput (all threads)
	 55467.500000 op/sec total throughput (all threads)
	 Conflicts in worker thread: 0 (of 8310 commits)
	 Errors in worker thread: 0
	 Put errors: 0, Del errors: 0, Get errors: 0
***END OF RAMP-UP-THREADS OUTPUT***

KP: 3536: pinned new thread to CPU=0x0
KP: 3536: sleeping to allow threads enough time
KP: 3536: waking up from sleep (0)
For multithreaded run ramp r:59-w:12-u:28-d:1
	 146346 total ops (56787 puts + 88138 gets + 1421 dels)
	 2000000 in runtime (usecs) = 2 secs = 0.073173 ops/usec
	 28393.500000 op/sec put throughput (all threads)
	 44069.000000 op/sec get throughput (all threads)
	 710.499939 op/sec del throughput (all threads)
	 73173.000000 op/sec total throughput (all threads)
	 Conflicts in worker thread: 0 (of 7276 commits)
	 Errors in worker thread: 0
	 Put errors: 0, Del errors: 0, Get errors: 0
***END OF RAMP-UP-THREADS OUTPUT***

KP: 3536: pinned new thread to CPU=0x0
KP: 3536: sleeping to allow threads enough time
KP: 3536: waking up from sleep (0)
For multithreaded run ramp r:79-w:6-u:14-d:1
	 217185 total ops (41094 puts + 173985 gets + 2106 dels)
	 2000000 in runtime (usecs) = 2 secs = 0.108593 ops/usec
	 20547.000000 op/sec put throughput (all threads)
	 86992.500000 op/sec get throughput (all threads)
	 1053.000000 op/sec del throughput (all threads)
	 108592.500000 op/sec total throughput (all threads)
	 Conflicts in worker thread: 0 (of 5400 commits)
	 Errors in worker thread: 0
	 Put errors: 0, Del errors: 0, Get errors: 0
***END OF RAMP-UP-THREADS OUTPUT***

KP: 3536: pinned new thread to CPU=0x0
KP: 3536: sleeping to allow threads enough time
KP: 3536: waking up from sleep (0)
For multithreaded run ramp r:99-w:0-u:0-d:1
	 3303196 total ops (0 puts + 3270071 gets + 33125 dels)
	 2000000 in runtime (usecs) = 2 secs = 1.651598 ops/usec
	 0.000000 op/sec put throughput (all threads)
	 1635035.500000 op/sec get throughput (all threads)
	 16562.500000 op/sec del throughput (all threads)
	 1651598.000000 op/sec total throughput (all threads)
	 Conflicts in worker thread: 0 (of 4141 commits)
	 Errors in worker thread: 0
	 Put errors: 0, Del errors: 0, Get errors: 0
***END OF RAMP-UP-THREADS OUTPUT***

***CONCLUDING THREAD EVALUATION***
