KP: 8384: Using 16 for local hash table size (same as merge frequency), 1610000 for master hash table size
KP: 8384: Total memory allocation size (just evaluation, not kv stores themselves) could be up to 0 bytes (0 MB)
Will create 1610000 random integers for each child thread
Now starting evaluation for key-value store: kp_kvstore
On 16 cores
Running on storage platform: disk
Starting single-threaded tests

*** BEGINING SINGLE THREADED TESTS***

***NOW DOING LATENCY TEST ON INDIVIDUAL FUNCTIONS ***
For put-insert: 
	 time elapsed 1:772266 (sec:usec) = 1772266 usecs 
	 iterations 100000 (merge every 8 -> 12500 merges)
	 average cost 17.722660 usecs
	 Conflicts: 0 (of 12499 commits)

For put-append: 
	 time elapsed 4:527822 (sec:usec) = 4527822 usecs 
	 iterations 300000 (merge every 8 -> 37500 merges)
	 average cost 15.092740 usecs
	 Conflicts: 0 (of 37497 commits)

For get: 
	 time elapsed 1:84913 (sec:usec) = 1084913 usecs 
	 iterations 300000 (merge every 8 -> 37500 merges)
	 average cost 3.616377 usecs
	 Conflicts: 0 (of 0 commits)

For delete: 
	 time elapsed 4:199006 (sec:usec) = 4199006 usecs 
	 iterations 300000 (merge every 8 -> 37500 merges)
	 average cost 13.996687 usecs
	 Conflicts: 0 (of 37497 commits)


*** CONCLUDING SINGLE THREADED TESTS***

Starting multi-threaded tests: num_threads=1, NUM_CPUS=16
KP: 8384: pinned new thread to CPU=0x0
KP: 8384: sleeping to allow threads enough time
KP: 8384: waking up from sleep (0)
For multithreaded run ramp r:-1-w:30-u:70-d:1
	 226528 total ops (224316 puts + 0 gets + 2212 dels)
	 2000000 in runtime (usecs) = 2 secs = 0.113264 ops/usec
	 112158.000000 op/sec put throughput (all threads)
	 0.000000 op/sec get throughput (all threads)
	 1106.000000 op/sec del throughput (all threads)
	 113264.000000 op/sec total throughput (all threads)
	 Conflicts in worker thread: 0 (of 28316 commits)
	 Errors in worker thread: 0
	 Put errors: 0, Del errors: 0, Get errors: 0
***END OF RAMP-UP-THREADS OUTPUT***

KP: 8384: pinned new thread to CPU=0x0
KP: 8384: sleeping to allow threads enough time
KP: 8384: waking up from sleep (0)
For multithreaded run ramp r:19-w:24-u:56-d:1
	 273931 total ops (216534 puts + 54675 gets + 2722 dels)
	 2000000 in runtime (usecs) = 2 secs = 0.136965 ops/usec
	 108267.000000 op/sec put throughput (all threads)
	 27337.500000 op/sec get throughput (all threads)
	 1360.999878 op/sec del throughput (all threads)
	 136965.500000 op/sec total throughput (all threads)
	 Conflicts in worker thread: 0 (of 27407 commits)
	 Errors in worker thread: 0
	 Put errors: 0, Del errors: 0, Get errors: 0
***END OF RAMP-UP-THREADS OUTPUT***

KP: 8384: pinned new thread to CPU=0x0
KP: 8384: sleeping to allow threads enough time
KP: 8384: waking up from sleep (0)
For multithreaded run ramp r:39-w:18-u:42-d:1
	 353371 total ops (208032 puts + 141747 gets + 3592 dels)
	 2000000 in runtime (usecs) = 2 secs = 0.176685 ops/usec
	 104016.000000 op/sec put throughput (all threads)
	 70873.500000 op/sec get throughput (all threads)
	 1796.000000 op/sec del throughput (all threads)
	 176685.500000 op/sec total throughput (all threads)
	 Conflicts in worker thread: 0 (of 26453 commits)
	 Errors in worker thread: 0
	 Put errors: 0, Del errors: 0, Get errors: 0
***END OF RAMP-UP-THREADS OUTPUT***

KP: 8384: pinned new thread to CPU=0x0
KP: 8384: sleeping to allow threads enough time
KP: 8384: waking up from sleep (0)
For multithreaded run ramp r:59-w:12-u:28-d:1
	 497414 total ops (193912 puts + 298574 gets + 4928 dels)
	 2000000 in runtime (usecs) = 2 secs = 0.248707 ops/usec
	 96956.000000 op/sec put throughput (all threads)
	 149287.000000 op/sec get throughput (all threads)
	 2464.000000 op/sec del throughput (all threads)
	 248707.000000 op/sec total throughput (all threads)
	 Conflicts in worker thread: 0 (of 24855 commits)
	 Errors in worker thread: 0
	 Put errors: 0, Del errors: 0, Get errors: 0
***END OF RAMP-UP-THREADS OUTPUT***

KP: 8384: pinned new thread to CPU=0x0
KP: 8384: sleeping to allow threads enough time
KP: 8384: waking up from sleep (0)
For multithreaded run ramp r:79-w:6-u:14-d:1
	 862714 total ops (164097 puts + 690081 gets + 8536 dels)
	 2000000 in runtime (usecs) = 2 secs = 0.431357 ops/usec
	 82048.500000 op/sec put throughput (all threads)
	 345040.500000 op/sec get throughput (all threads)
	 4268.000000 op/sec del throughput (all threads)
	 431357.000000 op/sec total throughput (all threads)
	 Conflicts in worker thread: 0 (of 21580 commits)
	 Errors in worker thread: 0
	 Put errors: 0, Del errors: 0, Get errors: 0
***END OF RAMP-UP-THREADS OUTPUT***

KP: 8384: pinned new thread to CPU=0x0
KP: 8384: sleeping to allow threads enough time
KP: 8384: waking up from sleep (0)
For multithreaded run ramp r:99-w:0-u:0-d:1
	 3136889 total ops (0 puts + 3105786 gets + 31103 dels)
	 2000000 in runtime (usecs) = 2 secs = 1.568444 ops/usec
	 0.000000 op/sec put throughput (all threads)
	 1552893.000000 op/sec get throughput (all threads)
	 15551.500000 op/sec del throughput (all threads)
	 1568444.500000 op/sec total throughput (all threads)
	 Conflicts in worker thread: 0 (of 3888 commits)
	 Errors in worker thread: 0
	 Put errors: 0, Del errors: 0, Get errors: 0
***END OF RAMP-UP-THREADS OUTPUT***

***CONCLUDING THREAD EVALUATION***
