KP: 9952: Using 16 for local hash table size (same as merge frequency), 1610000 for master hash table size
KP: 9952: Total memory allocation size (just evaluation, not kv stores themselves) could be up to 0 bytes (0 MB)
Will create 1610000 random integers for each child thread
Now starting evaluation for key-value store: kp_kvstore
On 16 cores
Running on storage platform: disk
Starting single-threaded tests

*** BEGINING SINGLE THREADED TESTS***

***NOW DOING LATENCY TEST ON INDIVIDUAL FUNCTIONS ***
For put-insert: 
	 time elapsed 0:224644 (sec:usec) = 224644 usecs 
	 iterations 10000 (merge every 8 -> 1250 merges)
	 average cost 22.464399 usecs
	 Conflicts: 0 (of 1249 commits)

For put-append: 
	 time elapsed 0:533948 (sec:usec) = 533948 usecs 
	 iterations 30000 (merge every 8 -> 3750 merges)
	 average cost 17.798267 usecs
	 Conflicts: 0 (of 3747 commits)

For get: 
	 time elapsed 0:153298 (sec:usec) = 153298 usecs 
	 iterations 30000 (merge every 8 -> 3750 merges)
	 average cost 5.109933 usecs
	 Conflicts: 0 (of 0 commits)

For delete: 
	 time elapsed 0:376828 (sec:usec) = 376828 usecs 
	 iterations 30000 (merge every 8 -> 3750 merges)
	 average cost 12.560933 usecs
	 Conflicts: 0 (of 3747 commits)


*** CONCLUDING SINGLE THREADED TESTS***

Starting multi-threaded tests: num_threads=1, NUM_CPUS=16
KP: 9952: pinned new thread to CPU=0x0
KP: 9952: sleeping to allow threads enough time
KP: 9952: waking up from sleep (0)
For multithreaded run ramp r:-1-w:30-u:70-d:1
	 184231 total ops (182334 puts + 0 gets + 1897 dels)
	 2000000 in runtime (usecs) = 2 secs = 0.092115 ops/usec
	 91167.000000 op/sec put throughput (all threads)
	 0.000000 op/sec get throughput (all threads)
	 948.499939 op/sec del throughput (all threads)
	 92115.500000 op/sec total throughput (all threads)
	 Conflicts in worker thread: 0 (of 23029 commits)
	 Errors in worker thread: 0
	 Put errors: 0, Del errors: 0, Get errors: 0
***END OF RAMP-UP-THREADS OUTPUT***

KP: 9952: pinned new thread to CPU=0x0
KP: 9952: sleeping to allow threads enough time
KP: 9952: waking up from sleep (0)
For multithreaded run ramp r:19-w:24-u:56-d:1
	 223561 total ops (176793 puts + 44481 gets + 2287 dels)
	 2000000 in runtime (usecs) = 2 secs = 0.111781 ops/usec
	 88396.500000 op/sec put throughput (all threads)
	 22240.500000 op/sec get throughput (all threads)
	 1143.500000 op/sec del throughput (all threads)
	 111780.500000 op/sec total throughput (all threads)
	 Conflicts in worker thread: 0 (of 22385 commits)
	 Errors in worker thread: 0
	 Put errors: 0, Del errors: 0, Get errors: 0
***END OF RAMP-UP-THREADS OUTPUT***

KP: 9952: pinned new thread to CPU=0x0
KP: 9952: sleeping to allow threads enough time
KP: 9952: waking up from sleep (0)
For multithreaded run ramp r:39-w:18-u:42-d:1
	 286673 total ops (169553 puts + 114225 gets + 2895 dels)
	 2000000 in runtime (usecs) = 2 secs = 0.143337 ops/usec
	 84776.500000 op/sec put throughput (all threads)
	 57112.500000 op/sec get throughput (all threads)
	 1447.500000 op/sec del throughput (all threads)
	 143336.500000 op/sec total throughput (all threads)
	 Conflicts in worker thread: 0 (of 21556 commits)
	 Errors in worker thread: 0
	 Put errors: 0, Del errors: 0, Get errors: 0
***END OF RAMP-UP-THREADS OUTPUT***

KP: 9952: pinned new thread to CPU=0x0
KP: 9952: sleeping to allow threads enough time
KP: 9952: waking up from sleep (0)
For multithreaded run ramp r:59-w:12-u:28-d:1
	 408736 total ops (159372 puts + 245200 gets + 4164 dels)
	 2000000 in runtime (usecs) = 2 secs = 0.204368 ops/usec
	 79686.000000 op/sec put throughput (all threads)
	 122600.000000 op/sec get throughput (all threads)
	 2082.000000 op/sec del throughput (all threads)
	 204368.000000 op/sec total throughput (all threads)
	 Conflicts in worker thread: 0 (of 20442 commits)
	 Errors in worker thread: 0
	 Put errors: 0, Del errors: 0, Get errors: 0
***END OF RAMP-UP-THREADS OUTPUT***

KP: 9952: pinned new thread to CPU=0x0
KP: 9952: sleeping to allow threads enough time
KP: 9952: waking up from sleep (0)
For multithreaded run ramp r:79-w:6-u:14-d:1
	 715451 total ops (136043 puts + 572211 gets + 7197 dels)
	 2000000 in runtime (usecs) = 2 secs = 0.357726 ops/usec
	 68021.500000 op/sec put throughput (all threads)
	 286105.500000 op/sec get throughput (all threads)
	 3598.500000 op/sec del throughput (all threads)
	 357725.500000 op/sec total throughput (all threads)
	 Conflicts in worker thread: 0 (of 17905 commits)
	 Errors in worker thread: 0
	 Put errors: 0, Del errors: 0, Get errors: 0
***END OF RAMP-UP-THREADS OUTPUT***

KP: 9952: pinned new thread to CPU=0x0
KP: 9952: sleeping to allow threads enough time
KP: 9952: waking up from sleep (0)
For multithreaded run ramp r:99-w:0-u:0-d:1
	 2992111 total ops (0 puts + 2961317 gets + 30794 dels)
	 2000000 in runtime (usecs) = 2 secs = 1.496055 ops/usec
	 0.000000 op/sec put throughput (all threads)
	 1480658.500000 op/sec get throughput (all threads)
	 15397.000000 op/sec del throughput (all threads)
	 1496055.500000 op/sec total throughput (all threads)
	 Conflicts in worker thread: 0 (of 3850 commits)
	 Errors in worker thread: 0
	 Put errors: 0, Del errors: 0, Get errors: 0
***END OF RAMP-UP-THREADS OUTPUT***

***CONCLUDING THREAD EVALUATION***
