KP: 8400: Using 16 for local hash table size (same as merge frequency), 1610000 for master hash table size
KP: 8400: Total memory allocation size (just evaluation, not kv stores themselves) could be up to 0 bytes (0 MB)
Will create 1610000 random integers for each child thread
Now starting evaluation for key-value store: kp_kvstore
On 16 cores
Running on storage platform: disk
Starting single-threaded tests

*** BEGINING SINGLE THREADED TESTS***

***NOW DOING LATENCY TEST ON INDIVIDUAL FUNCTIONS ***
For put-insert: 
	 time elapsed 0:212543 (sec:usec) = 212543 usecs 
	 iterations 10000 (merge every 8 -> 1250 merges)
	 average cost 21.254299 usecs
	 Conflicts: 0 (of 1249 commits)

For put-append: 
	 time elapsed 0:499617 (sec:usec) = 499617 usecs 
	 iterations 30000 (merge every 8 -> 3750 merges)
	 average cost 16.653900 usecs
	 Conflicts: 0 (of 3747 commits)

For get: 
	 time elapsed 0:134769 (sec:usec) = 134769 usecs 
	 iterations 30000 (merge every 8 -> 3750 merges)
	 average cost 4.492300 usecs
	 Conflicts: 0 (of 0 commits)

For delete: 
	 time elapsed 0:346459 (sec:usec) = 346459 usecs 
	 iterations 30000 (merge every 8 -> 3750 merges)
	 average cost 11.548634 usecs
	 Conflicts: 0 (of 3747 commits)


*** CONCLUDING SINGLE THREADED TESTS***

Starting multi-threaded tests: num_threads=1, NUM_CPUS=16
KP: 8400: pinned new thread to CPU=0x0
KP: 8400: sleeping to allow threads enough time
KP: 8400: waking up from sleep (0)
For multithreaded run ramp r:-1-w:30-u:70-d:1
	 191376 total ops (189460 puts + 0 gets + 1916 dels)
	 2000000 in runtime (usecs) = 2 secs = 0.095688 ops/usec
	 94730.000000 op/sec put throughput (all threads)
	 0.000000 op/sec get throughput (all threads)
	 958.000000 op/sec del throughput (all threads)
	 95688.000000 op/sec total throughput (all threads)
	 Conflicts in worker thread: 0 (of 23922 commits)
	 Errors in worker thread: 0
	 Put errors: 0, Del errors: 0, Get errors: 0
***END OF RAMP-UP-THREADS OUTPUT***

KP: 8400: pinned new thread to CPU=0x0
KP: 8400: sleeping to allow threads enough time
KP: 8400: waking up from sleep (0)
For multithreaded run ramp r:19-w:24-u:56-d:1
	 232311 total ops (183381 puts + 46623 gets + 2307 dels)
	 2000000 in runtime (usecs) = 2 secs = 0.116155 ops/usec
	 91690.500000 op/sec put throughput (all threads)
	 23311.500000 op/sec get throughput (all threads)
	 1153.500000 op/sec del throughput (all threads)
	 116155.500000 op/sec total throughput (all threads)
	 Conflicts in worker thread: 0 (of 23211 commits)
	 Errors in worker thread: 0
	 Put errors: 0, Del errors: 0, Get errors: 0
***END OF RAMP-UP-THREADS OUTPUT***

KP: 8400: pinned new thread to CPU=0x0
KP: 8400: sleeping to allow threads enough time
KP: 8400: waking up from sleep (0)
For multithreaded run ramp r:39-w:18-u:42-d:1
	 300036 total ops (176796 puts + 120228 gets + 3012 dels)
	 2000000 in runtime (usecs) = 2 secs = 0.150018 ops/usec
	 88397.992188 op/sec put throughput (all threads)
	 60114.000000 op/sec get throughput (all threads)
	 1506.000000 op/sec del throughput (all threads)
	 150018.000000 op/sec total throughput (all threads)
	 Conflicts in worker thread: 0 (of 22476 commits)
	 Errors in worker thread: 0
	 Put errors: 0, Del errors: 0, Get errors: 0
***END OF RAMP-UP-THREADS OUTPUT***

KP: 8400: pinned new thread to CPU=0x0
KP: 8400: sleeping to allow threads enough time
KP: 8400: waking up from sleep (0)
For multithreaded run ramp r:59-w:12-u:28-d:1
	 425446 total ops (166218 puts + 255078 gets + 4150 dels)
	 2000000 in runtime (usecs) = 2 secs = 0.212723 ops/usec
	 83109.000000 op/sec put throughput (all threads)
	 127539.000000 op/sec get throughput (all threads)
	 2075.000000 op/sec del throughput (all threads)
	 212723.000000 op/sec total throughput (all threads)
	 Conflicts in worker thread: 0 (of 21296 commits)
	 Errors in worker thread: 0
	 Put errors: 0, Del errors: 0, Get errors: 0
***END OF RAMP-UP-THREADS OUTPUT***

KP: 8400: pinned new thread to CPU=0x0
KP: 8400: sleeping to allow threads enough time
KP: 8400: waking up from sleep (0)
For multithreaded run ramp r:79-w:6-u:14-d:1
	 761154 total ops (144609 puts + 608884 gets + 7661 dels)
	 2000000 in runtime (usecs) = 2 secs = 0.380577 ops/usec
	 72304.500000 op/sec put throughput (all threads)
	 304442.031250 op/sec get throughput (all threads)
	 3830.500000 op/sec del throughput (all threads)
	 380577.000000 op/sec total throughput (all threads)
	 Conflicts in worker thread: 0 (of 19034 commits)
	 Errors in worker thread: 0
	 Put errors: 0, Del errors: 0, Get errors: 0
***END OF RAMP-UP-THREADS OUTPUT***

KP: 8400: pinned new thread to CPU=0x0
KP: 8400: sleeping to allow threads enough time
KP: 8400: waking up from sleep (0)
For multithreaded run ramp r:99-w:0-u:0-d:1
	 3460894 total ops (0 puts + 3426649 gets + 34245 dels)
	 2000000 in runtime (usecs) = 2 secs = 1.730447 ops/usec
	 0.000000 op/sec put throughput (all threads)
	 1713324.500000 op/sec get throughput (all threads)
	 17122.500000 op/sec del throughput (all threads)
	 1730447.000000 op/sec total throughput (all threads)
	 Conflicts in worker thread: 0 (of 4281 commits)
	 Errors in worker thread: 0
	 Put errors: 0, Del errors: 0, Get errors: 0
***END OF RAMP-UP-THREADS OUTPUT***

***CONCLUDING THREAD EVALUATION***
