KP: 3536: Using 8 for local hash table size (same as merge frequency), 1610000 for master hash table size
KP: 3536: Total memory allocation size (just evaluation, not kv stores themselves) could be up to 0 bytes (0 MB)
Will create 1610000 random integers for each child thread
Now starting evaluation for key-value store: kp_kvstore
On 16 cores
Running on storage platform: disk
Starting single-threaded tests

*** BEGINING SINGLE THREADED TESTS***

***NOW DOING LATENCY TEST ON INDIVIDUAL FUNCTIONS ***
For put-insert: 
	 time elapsed 0:243739 (sec:usec) = 243739 usecs 
	 iterations 10000 (merge every 4 -> 2500 merges)
	 average cost 24.373899 usecs
	 Conflicts: 0 (of 2499 commits)

For put-append: 
	 time elapsed 0:592754 (sec:usec) = 592754 usecs 
	 iterations 30000 (merge every 4 -> 7500 merges)
	 average cost 19.758467 usecs
	 Conflicts: 0 (of 7497 commits)

For get: 
	 time elapsed 0:162847 (sec:usec) = 162847 usecs 
	 iterations 30000 (merge every 4 -> 7500 merges)
	 average cost 5.428233 usecs
	 Conflicts: 0 (of 0 commits)

For delete: 
	 time elapsed 0:432636 (sec:usec) = 432636 usecs 
	 iterations 30000 (merge every 4 -> 7500 merges)
	 average cost 14.421200 usecs
	 Conflicts: 0 (of 7497 commits)


*** CONCLUDING SINGLE THREADED TESTS***

Starting multi-threaded tests: num_threads=1, NUM_CPUS=16
KP: 3536: pinned new thread to CPU=0x0
KP: 3536: sleeping to allow threads enough time
KP: 3536: waking up from sleep (0)
For multithreaded run ramp r:-1-w:30-u:70-d:1
	 133528 total ops (132204 puts + 0 gets + 1324 dels)
	 2000000 in runtime (usecs) = 2 secs = 0.066764 ops/usec
	 66102.000000 op/sec put throughput (all threads)
	 0.000000 op/sec get throughput (all threads)
	 662.000000 op/sec del throughput (all threads)
	 66764.000000 op/sec total throughput (all threads)
	 Conflicts in worker thread: 0 (of 33382 commits)
	 Errors in worker thread: 0
	 Put errors: 0, Del errors: 0, Get errors: 0
***END OF RAMP-UP-THREADS OUTPUT***

KP: 3536: pinned new thread to CPU=0x0
KP: 3536: sleeping to allow threads enough time
KP: 3536: waking up from sleep (0)
For multithreaded run ramp r:19-w:24-u:56-d:1
	 162238 total ops (128179 puts + 32458 gets + 1601 dels)
	 2000000 in runtime (usecs) = 2 secs = 0.081119 ops/usec
	 64089.500000 op/sec put throughput (all threads)
	 16229.000000 op/sec get throughput (all threads)
	 800.499939 op/sec del throughput (all threads)
	 81119.000000 op/sec total throughput (all threads)
	 Conflicts in worker thread: 0 (of 32445 commits)
	 Errors in worker thread: 0
	 Put errors: 0, Del errors: 0, Get errors: 0
***END OF RAMP-UP-THREADS OUTPUT***

KP: 3536: pinned new thread to CPU=0x0
KP: 3536: sleeping to allow threads enough time
KP: 3536: waking up from sleep (0)
For multithreaded run ramp r:39-w:18-u:42-d:1
	 209365 total ops (123769 puts + 83477 gets + 2119 dels)
	 2000000 in runtime (usecs) = 2 secs = 0.104682 ops/usec
	 61884.503906 op/sec put throughput (all threads)
	 41738.500000 op/sec get throughput (all threads)
	 1059.500000 op/sec del throughput (all threads)
	 104682.500000 op/sec total throughput (all threads)
	 Conflicts in worker thread: 0 (of 31472 commits)
	 Errors in worker thread: 0
	 Put errors: 0, Del errors: 0, Get errors: 0
***END OF RAMP-UP-THREADS OUTPUT***

KP: 3536: pinned new thread to CPU=0x0
KP: 3536: sleeping to allow threads enough time
KP: 3536: waking up from sleep (0)
For multithreaded run ramp r:59-w:12-u:28-d:1
	 298405 total ops (116355 puts + 179092 gets + 2958 dels)
	 2000000 in runtime (usecs) = 2 secs = 0.149202 ops/usec
	 58177.500000 op/sec put throughput (all threads)
	 89546.000000 op/sec get throughput (all threads)
	 1479.000122 op/sec del throughput (all threads)
	 149202.500000 op/sec total throughput (all threads)
	 Conflicts in worker thread: 0 (of 29829 commits)
	 Errors in worker thread: 0
	 Put errors: 0, Del errors: 0, Get errors: 0
***END OF RAMP-UP-THREADS OUTPUT***

KP: 3536: pinned new thread to CPU=0x0
KP: 3536: sleeping to allow threads enough time
KP: 3536: waking up from sleep (0)
For multithreaded run ramp r:79-w:6-u:14-d:1
	 537606 total ops (102061 puts + 430334 gets + 5211 dels)
	 2000000 in runtime (usecs) = 2 secs = 0.268803 ops/usec
	 51030.500000 op/sec put throughput (all threads)
	 215167.000000 op/sec get throughput (all threads)
	 2605.500000 op/sec del throughput (all threads)
	 268803.000000 op/sec total throughput (all threads)
	 Conflicts in worker thread: 0 (of 26818 commits)
	 Errors in worker thread: 0
	 Put errors: 0, Del errors: 0, Get errors: 0
***END OF RAMP-UP-THREADS OUTPUT***

KP: 3536: pinned new thread to CPU=0x0
KP: 3536: sleeping to allow threads enough time
KP: 3536: waking up from sleep (0)
For multithreaded run ramp r:99-w:0-u:0-d:1
	 2722532 total ops (0 puts + 2695849 gets + 26683 dels)
	 2000000 in runtime (usecs) = 2 secs = 1.361266 ops/usec
	 0.000000 op/sec put throughput (all threads)
	 1347924.500000 op/sec get throughput (all threads)
	 13341.500000 op/sec del throughput (all threads)
	 1361266.000000 op/sec total throughput (all threads)
	 Conflicts in worker thread: 0 (of 6671 commits)
	 Errors in worker thread: 0
	 Put errors: 0, Del errors: 0, Get errors: 0
***END OF RAMP-UP-THREADS OUTPUT***

***CONCLUDING THREAD EVALUATION***
