KP: 7344: Using 4 for local hash table size (same as merge frequency), 1610000 for master hash table size
KP: 7344: Total memory allocation size (just evaluation, not kv stores themselves) could be up to 0 bytes (0 MB)
Will create 1610000 random integers for each child thread
Now starting evaluation for key-value store: kp_kvstore
On 16 cores
Running on storage platform: disk
Starting single-threaded tests

*** BEGINING SINGLE THREADED TESTS***

***NOW DOING LATENCY TEST ON INDIVIDUAL FUNCTIONS ***
For put-insert: 
	 time elapsed 0:276785 (sec:usec) = 276785 usecs 
	 iterations 10000 (merge every 2 -> 5000 merges)
	 average cost 27.678499 usecs
	 Conflicts: 0 (of 4999 commits)

For put-append: 
	 time elapsed 0:697327 (sec:usec) = 697327 usecs 
	 iterations 30000 (merge every 2 -> 15000 merges)
	 average cost 23.244234 usecs
	 Conflicts: 0 (of 14997 commits)

For get: 
	 time elapsed 0:157264 (sec:usec) = 157264 usecs 
	 iterations 30000 (merge every 2 -> 15000 merges)
	 average cost 5.242133 usecs
	 Conflicts: 0 (of 0 commits)

For delete: 
	 time elapsed 0:535001 (sec:usec) = 535001 usecs 
	 iterations 30000 (merge every 2 -> 15000 merges)
	 average cost 17.833366 usecs
	 Conflicts: 0 (of 14997 commits)


*** CONCLUDING SINGLE THREADED TESTS***

Starting multi-threaded tests: num_threads=1, NUM_CPUS=16
KP: 7344: pinned new thread to CPU=0x0
KP: 7344: sleeping to allow threads enough time
KP: 7344: waking up from sleep (0)
For multithreaded run ramp r:-1-w:30-u:70-d:1
	 95184 total ops (94230 puts + 0 gets + 954 dels)
	 2000000 in runtime (usecs) = 2 secs = 0.047592 ops/usec
	 47115.000000 op/sec put throughput (all threads)
	 0.000000 op/sec get throughput (all threads)
	 477.000000 op/sec del throughput (all threads)
	 47592.000000 op/sec total throughput (all threads)
	 Conflicts in worker thread: 0 (of 47592 commits)
	 Errors in worker thread: 0
	 Put errors: 0, Del errors: 0, Get errors: 0
***END OF RAMP-UP-THREADS OUTPUT***

KP: 7344: pinned new thread to CPU=0x0
KP: 7344: sleeping to allow threads enough time
KP: 7344: waking up from sleep (0)
For multithreaded run ramp r:19-w:24-u:56-d:1
	 115552 total ops (91377 puts + 23030 gets + 1145 dels)
	 2000000 in runtime (usecs) = 2 secs = 0.057776 ops/usec
	 45688.500000 op/sec put throughput (all threads)
	 11515.000000 op/sec get throughput (all threads)
	 572.499939 op/sec del throughput (all threads)
	 57776.000000 op/sec total throughput (all threads)
	 Conflicts in worker thread: 0 (of 46261 commits)
	 Errors in worker thread: 0
	 Put errors: 0, Del errors: 0, Get errors: 0
***END OF RAMP-UP-THREADS OUTPUT***

KP: 7344: pinned new thread to CPU=0x0
KP: 7344: sleeping to allow threads enough time
KP: 7344: waking up from sleep (0)
For multithreaded run ramp r:39-w:18-u:42-d:1
	 149086 total ops (87936 puts + 59600 gets + 1550 dels)
	 2000000 in runtime (usecs) = 2 secs = 0.074543 ops/usec
	 43968.000000 op/sec put throughput (all threads)
	 29800.000000 op/sec get throughput (all threads)
	 775.000000 op/sec del throughput (all threads)
	 74543.000000 op/sec total throughput (all threads)
	 Conflicts in worker thread: 0 (of 44743 commits)
	 Errors in worker thread: 0
	 Put errors: 0, Del errors: 0, Get errors: 0
***END OF RAMP-UP-THREADS OUTPUT***

KP: 7344: pinned new thread to CPU=0x0
KP: 7344: sleeping to allow threads enough time
KP: 7344: waking up from sleep (0)
For multithreaded run ramp r:59-w:12-u:28-d:1
	 215211 total ops (83847 puts + 129183 gets + 2181 dels)
	 2000000 in runtime (usecs) = 2 secs = 0.107606 ops/usec
	 41923.496094 op/sec put throughput (all threads)
	 64591.500000 op/sec get throughput (all threads)
	 1090.500000 op/sec del throughput (all threads)
	 107605.500000 op/sec total throughput (all threads)
	 Conflicts in worker thread: 0 (of 43014 commits)
	 Errors in worker thread: 0
	 Put errors: 0, Del errors: 0, Get errors: 0
***END OF RAMP-UP-THREADS OUTPUT***

KP: 7344: pinned new thread to CPU=0x0
KP: 7344: sleeping to allow threads enough time
KP: 7344: waking up from sleep (0)
For multithreaded run ramp r:79-w:6-u:14-d:1
	 392595 total ops (74589 puts + 314211 gets + 3795 dels)
	 2000000 in runtime (usecs) = 2 secs = 0.196297 ops/usec
	 37294.500000 op/sec put throughput (all threads)
	 157105.500000 op/sec get throughput (all threads)
	 1897.500000 op/sec del throughput (all threads)
	 196297.500000 op/sec total throughput (all threads)
	 Conflicts in worker thread: 0 (of 39192 commits)
	 Errors in worker thread: 0
	 Put errors: 0, Del errors: 0, Get errors: 0
***END OF RAMP-UP-THREADS OUTPUT***

KP: 7344: pinned new thread to CPU=0x0
KP: 7344: sleeping to allow threads enough time
KP: 7344: waking up from sleep (0)
For multithreaded run ramp r:99-w:0-u:0-d:1
	 2287360 total ops (0 puts + 2264463 gets + 22897 dels)
	 2000000 in runtime (usecs) = 2 secs = 1.143680 ops/usec
	 0.000000 op/sec put throughput (all threads)
	 1132231.500000 op/sec get throughput (all threads)
	 11448.500000 op/sec del throughput (all threads)
	 1143680.000000 op/sec total throughput (all threads)
	 Conflicts in worker thread: 0 (of 11449 commits)
	 Errors in worker thread: 0
	 Put errors: 0, Del errors: 0, Get errors: 0
***END OF RAMP-UP-THREADS OUTPUT***

***CONCLUDING THREAD EVALUATION***
