KP: 8208: Using 16 for local hash table size (same as merge frequency), 1610000 for master hash table size
KP: 8208: Total memory allocation size (just evaluation, not kv stores themselves) could be up to 0 bytes (0 MB)
Will create 268333 random integers for each child thread
Now starting evaluation for key-value store: kp_kvstore
On 16 cores
Running on storage platform: disk
Starting single-threaded tests

*** BEGINING SINGLE THREADED TESTS***

***NOW DOING LATENCY TEST ON INDIVIDUAL FUNCTIONS ***
For put-insert: 
	 time elapsed 0:224187 (sec:usec) = 224187 usecs 
	 iterations 10000 (merge every 8 -> 1250 merges)
	 average cost 22.418699 usecs
	 Conflicts: 0 (of 1249 commits)

For put-append: 
	 time elapsed 0:535272 (sec:usec) = 535272 usecs 
	 iterations 30000 (merge every 8 -> 3750 merges)
	 average cost 17.842400 usecs
	 Conflicts: 0 (of 3747 commits)

For get: 
	 time elapsed 0:152290 (sec:usec) = 152290 usecs 
	 iterations 30000 (merge every 8 -> 3750 merges)
	 average cost 5.076334 usecs
	 Conflicts: 0 (of 0 commits)

For delete: 
	 time elapsed 0:379830 (sec:usec) = 379830 usecs 
	 iterations 30000 (merge every 8 -> 3750 merges)
	 average cost 12.661000 usecs
	 Conflicts: 0 (of 3747 commits)


*** CONCLUDING SINGLE THREADED TESTS***

Starting multi-threaded tests: num_threads=6, NUM_CPUS=16
KP: 8208: pinned new thread to CPU=0x0
KP: 8208: pinned new thread to CPU=0x1
KP: 8208: pinned new thread to CPU=0x2
KP: 8208: pinned new thread to CPU=0x3
KP: 8208: pinned new thread to CPU=0x4
KP: 8208: pinned new thread to CPU=0x5
KP: 8208: sleeping to allow threads enough time
KP: 8208: waking up from sleep (0)
For multithreaded run ramp r:-1-w:30-u:70-d:1
	 978328 total ops (968524 puts + 0 gets + 9804 dels)
	 2000000 in runtime (usecs) = 2 secs = 0.489164 ops/usec
	 484262.000000 op/sec put throughput (all threads)
	 0.000000 op/sec get throughput (all threads)
	 4902.000000 op/sec del throughput (all threads)
	 489164.000000 op/sec total throughput (all threads)
	 Conflicts in worker thread: 102649 (of 122291 commits)
	 Errors in worker thread: 0
	 Put errors: 0, Del errors: 0, Get errors: 0
***END OF RAMP-UP-THREADS OUTPUT***

KP: 8208: pinned new thread to CPU=0x0
KP: 8208: pinned new thread to CPU=0x1
KP: 8208: pinned new thread to CPU=0x2
KP: 8208: pinned new thread to CPU=0x3
KP: 8208: pinned new thread to CPU=0x4
KP: 8208: pinned new thread to CPU=0x5
KP: 8208: sleeping to allow threads enough time
KP: 8208: waking up from sleep (0)
For multithreaded run ramp r:19-w:24-u:56-d:1
	 1201162 total ops (949695 puts + 239381 gets + 12086 dels)
	 2000000 in runtime (usecs) = 2 secs = 0.600581 ops/usec
	 474847.500000 op/sec put throughput (all threads)
	 119690.500000 op/sec get throughput (all threads)
	 6043.000000 op/sec del throughput (all threads)
	 600581.000000 op/sec total throughput (all threads)
	 Conflicts in worker thread: 100771 (of 120223 commits)
	 Errors in worker thread: 0
	 Put errors: 0, Del errors: 0, Get errors: 0
***END OF RAMP-UP-THREADS OUTPUT***

KP: 8208: pinned new thread to CPU=0x0
KP: 8208: pinned new thread to CPU=0x1
KP: 8208: pinned new thread to CPU=0x2
KP: 8208: pinned new thread to CPU=0x3
KP: 8208: pinned new thread to CPU=0x4
KP: 8208: pinned new thread to CPU=0x5
KP: 8208: sleeping to allow threads enough time
KP: 8208: waking up from sleep (0)
For multithreaded run ramp r:39-w:18-u:42-d:1
	 1554779 total ops (916431 puts + 623004 gets + 15344 dels)
	 2000000 in runtime (usecs) = 2 secs = 0.777390 ops/usec
	 458215.500000 op/sec put throughput (all threads)
	 311502.000000 op/sec get throughput (all threads)
	 7672.000000 op/sec del throughput (all threads)
	 777389.500000 op/sec total throughput (all threads)
	 Conflicts in worker thread: 97386 (of 116472 commits)
	 Errors in worker thread: 0
	 Put errors: 0, Del errors: 0, Get errors: 0
***END OF RAMP-UP-THREADS OUTPUT***

KP: 8208: pinned new thread to CPU=0x0
KP: 8208: pinned new thread to CPU=0x1
KP: 8208: pinned new thread to CPU=0x2
KP: 8208: pinned new thread to CPU=0x3
KP: 8208: pinned new thread to CPU=0x4
KP: 8208: pinned new thread to CPU=0x5
KP: 8208: sleeping to allow threads enough time
KP: 8208: waking up from sleep (0)
For multithreaded run ramp r:59-w:12-u:28-d:1
	 2177587 total ops (847634 puts + 1308412 gets + 21541 dels)
	 2000000 in runtime (usecs) = 2 secs = 1.088794 ops/usec
	 423817.000000 op/sec put throughput (all threads)
	 654206.000000 op/sec get throughput (all threads)
	 10770.500000 op/sec del throughput (all threads)
	 1088793.500000 op/sec total throughput (all threads)
	 Conflicts in worker thread: 90574 (of 108647 commits)
	 Errors in worker thread: 0
	 Put errors: 0, Del errors: 0, Get errors: 0
***END OF RAMP-UP-THREADS OUTPUT***

KP: 8208: pinned new thread to CPU=0x0
KP: 8208: pinned new thread to CPU=0x1
KP: 8208: pinned new thread to CPU=0x2
KP: 8208: pinned new thread to CPU=0x3
KP: 8208: pinned new thread to CPU=0x4
KP: 8208: pinned new thread to CPU=0x5
KP: 8208: sleeping to allow threads enough time
KP: 8208: waking up from sleep (0)
For multithreaded run ramp r:79-w:6-u:14-d:1
	 3699524 total ops (701035 puts + 2961204 gets + 37285 dels)
	 2000000 in runtime (usecs) = 2 secs = 1.849762 ops/usec
	 350517.500000 op/sec put throughput (all threads)
	 1480602.000000 op/sec get throughput (all threads)
	 18642.500000 op/sec del throughput (all threads)
	 1849762.000000 op/sec total throughput (all threads)
	 Conflicts in worker thread: 76374 (of 92290 commits)
	 Errors in worker thread: 0
	 Put errors: 0, Del errors: 0, Get errors: 0
***END OF RAMP-UP-THREADS OUTPUT***

KP: 8208: pinned new thread to CPU=0x0
KP: 8208: pinned new thread to CPU=0x1
KP: 8208: pinned new thread to CPU=0x2
KP: 8208: pinned new thread to CPU=0x3
KP: 8208: pinned new thread to CPU=0x4
KP: 8208: pinned new thread to CPU=0x5
KP: 8208: sleeping to allow threads enough time
KP: 8208: waking up from sleep (0)
For multithreaded run ramp r:99-w:0-u:0-d:1
	 11791147 total ops (0 puts + 11673546 gets + 117601 dels)
	 2000000 in runtime (usecs) = 2 secs = 5.895574 ops/usec
	 0.000000 op/sec put throughput (all threads)
	 5836773.000000 op/sec get throughput (all threads)
	 58800.500000 op/sec del throughput (all threads)
	 5895573.500000 op/sec total throughput (all threads)
	 Conflicts in worker thread: 11762 (of 14702 commits)
	 Errors in worker thread: 0
	 Put errors: 0, Del errors: 0, Get errors: 0
***END OF RAMP-UP-THREADS OUTPUT***

***CONCLUDING THREAD EVALUATION***
