KP: 5408: Using 16 for local hash table size (same as merge frequency), 1610000 for master hash table size
KP: 5408: Total memory allocation size (just evaluation, not kv stores themselves) could be up to 0 bytes (0 MB)
Will create 1610000 random integers for each child thread
Now starting evaluation for key-value store: kp_kvstore
On 16 cores
Running on storage platform: disk
Starting single-threaded tests

*** BEGINING SINGLE THREADED TESTS***

***NOW DOING LATENCY TEST ON INDIVIDUAL FUNCTIONS ***
For put-insert: 
	 time elapsed 0:535579 (sec:usec) = 535579 usecs 
	 iterations 10000 (merge every 8 -> 1250 merges)
	 average cost 53.557899 usecs
	 Conflicts: 0 (of 1249 commits)

For put-append: 
	 time elapsed 1:502674 (sec:usec) = 1502674 usecs 
	 iterations 30000 (merge every 8 -> 3750 merges)
	 average cost 50.089134 usecs
	 Conflicts: 0 (of 3747 commits)

For get: 
	 time elapsed 0:446783 (sec:usec) = 446783 usecs 
	 iterations 30000 (merge every 8 -> 3750 merges)
	 average cost 14.892767 usecs
	 Conflicts: 0 (of 0 commits)

For delete: 
	 time elapsed 0:384568 (sec:usec) = 384568 usecs 
	 iterations 30000 (merge every 8 -> 3750 merges)
	 average cost 12.818933 usecs
	 Conflicts: 0 (of 3747 commits)


*** CONCLUDING SINGLE THREADED TESTS***

Starting multi-threaded tests: num_threads=1, NUM_CPUS=16
KP: 5408: pinned new thread to CPU=0x0
KP: 5408: sleeping to allow threads enough time
KP: 5408: waking up from sleep (0)
For multithreaded run ramp r:-1-w:30-u:70-d:1
	 82184 total ops (81365 puts + 0 gets + 819 dels)
	 2000000 in runtime (usecs) = 2 secs = 0.041092 ops/usec
	 40682.500000 op/sec put throughput (all threads)
	 0.000000 op/sec get throughput (all threads)
	 409.500000 op/sec del throughput (all threads)
	 41092.000000 op/sec total throughput (all threads)
	 Conflicts in worker thread: 0 (of 10273 commits)
	 Errors in worker thread: 0
	 Put errors: 0, Del errors: 0, Get errors: 0
***END OF RAMP-UP-THREADS OUTPUT***

KP: 5408: pinned new thread to CPU=0x0
KP: 5408: sleeping to allow threads enough time
KP: 5408: waking up from sleep (0)
For multithreaded run ramp r:19-w:24-u:56-d:1
	 100738 total ops (79578 puts + 20154 gets + 1006 dels)
	 2000000 in runtime (usecs) = 2 secs = 0.050369 ops/usec
	 39789.000000 op/sec put throughput (all threads)
	 10077.000000 op/sec get throughput (all threads)
	 503.000000 op/sec del throughput (all threads)
	 50369.000000 op/sec total throughput (all threads)
	 Conflicts in worker thread: 0 (of 10073 commits)
	 Errors in worker thread: 0
	 Put errors: 0, Del errors: 0, Get errors: 0
***END OF RAMP-UP-THREADS OUTPUT***

KP: 5408: pinned new thread to CPU=0x0
KP: 5408: sleeping to allow threads enough time
KP: 5408: waking up from sleep (0)
For multithreaded run ramp r:39-w:18-u:42-d:1
	 131907 total ops (77542 puts + 53099 gets + 1266 dels)
	 2000000 in runtime (usecs) = 2 secs = 0.065954 ops/usec
	 38771.000000 op/sec put throughput (all threads)
	 26549.500000 op/sec get throughput (all threads)
	 633.000000 op/sec del throughput (all threads)
	 65953.500000 op/sec total throughput (all threads)
	 Conflicts in worker thread: 0 (of 9851 commits)
	 Errors in worker thread: 0
	 Put errors: 0, Del errors: 0, Get errors: 0
***END OF RAMP-UP-THREADS OUTPUT***

KP: 5408: pinned new thread to CPU=0x0
KP: 5408: sleeping to allow threads enough time
KP: 5408: waking up from sleep (0)
For multithreaded run ramp r:59-w:12-u:28-d:1
	 190335 total ops (73880 puts + 114614 gets + 1841 dels)
	 2000000 in runtime (usecs) = 2 secs = 0.095168 ops/usec
	 36940.000000 op/sec put throughput (all threads)
	 57307.000000 op/sec get throughput (all threads)
	 920.499939 op/sec del throughput (all threads)
	 95167.500000 op/sec total throughput (all threads)
	 Conflicts in worker thread: 0 (of 9466 commits)
	 Errors in worker thread: 0
	 Put errors: 0, Del errors: 0, Get errors: 0
***END OF RAMP-UP-THREADS OUTPUT***

KP: 5408: pinned new thread to CPU=0x0
KP: 5408: sleeping to allow threads enough time
KP: 5408: waking up from sleep (0)
For multithreaded run ramp r:79-w:6-u:14-d:1
	 350621 total ops (66679 puts + 280493 gets + 3449 dels)
	 2000000 in runtime (usecs) = 2 secs = 0.175311 ops/usec
	 33339.500000 op/sec put throughput (all threads)
	 140246.500000 op/sec get throughput (all threads)
	 1724.500000 op/sec del throughput (all threads)
	 175310.500000 op/sec total throughput (all threads)
	 Conflicts in worker thread: 0 (of 8766 commits)
	 Errors in worker thread: 0
	 Put errors: 0, Del errors: 0, Get errors: 0
***END OF RAMP-UP-THREADS OUTPUT***

KP: 5408: pinned new thread to CPU=0x0
KP: 5408: sleeping to allow threads enough time
KP: 5408: waking up from sleep (0)
For multithreaded run ramp r:99-w:0-u:0-d:1
	 3122849 total ops (0 puts + 3091289 gets + 31560 dels)
	 2000000 in runtime (usecs) = 2 secs = 1.561424 ops/usec
	 0.000000 op/sec put throughput (all threads)
	 1545644.500000 op/sec get throughput (all threads)
	 15780.000000 op/sec del throughput (all threads)
	 1561424.500000 op/sec total throughput (all threads)
	 Conflicts in worker thread: 0 (of 3945 commits)
	 Errors in worker thread: 0
	 Put errors: 0, Del errors: 0, Get errors: 0
***END OF RAMP-UP-THREADS OUTPUT***

***CONCLUDING THREAD EVALUATION***
