KP: 8688: Using 16 for local hash table size (same as merge frequency), 1610000 for master hash table size
KP: 8688: Total memory allocation size (just evaluation, not kv stores themselves) could be up to 0 bytes (0 MB)
Will create 1610000 random integers for each child thread
Now starting evaluation for key-value store: Masstree
On 16 cores
Running on storage platform: disk
Starting single-threaded tests

*** BEGINING SINGLE THREADED TESTS***

***NOW DOING LATENCY TEST ON INDIVIDUAL FUNCTIONS ***
For put-insert: 
	 time elapsed 0:13724 (sec:usec) = 13724 usecs 
	 iterations 10000 (merge every 8 -> 1250 merges)
	 average cost 1.372400 usecs
	 Conflicts: 0 (of 1249 commits)

For put-append: 
	 time elapsed 0:43494 (sec:usec) = 43494 usecs 
	 iterations 30000 (merge every 8 -> 3750 merges)
	 average cost 1.449800 usecs
	 Conflicts: 0 (of 3747 commits)

For get: 
	 time elapsed 0:9877 (sec:usec) = 9877 usecs 
	 iterations 30000 (merge every 8 -> 3750 merges)
	 average cost 0.329233 usecs
	 Conflicts: 0 (of 0 commits)

For delete: 
	 time elapsed 0:8484 (sec:usec) = 8484 usecs 
	 iterations 30000 (merge every 8 -> 3750 merges)
	 average cost 0.282800 usecs
	 Conflicts: 0 (of 3747 commits)


*** CONCLUDING SINGLE THREADED TESTS***

Starting multi-threaded tests: num_threads=1, NUM_CPUS=16
KP: 8688: pinned new thread to CPU=0x0
KP: 8688: sleeping to allow threads enough time
KP: 8688: waking up from sleep (0)
For multithreaded run ramp r:-1-w:30-u:70-d:1
	 1683995 total ops (1667443 puts + 0 gets + 16552 dels)
	 2000000 in runtime (usecs) = 2 secs = 0.841998 ops/usec
	 833721.562500 op/sec put throughput (all threads)
	 0.000000 op/sec get throughput (all threads)
	 8276.000000 op/sec del throughput (all threads)
	 841997.500000 op/sec total throughput (all threads)
	 Conflicts in worker thread: 0 (of 210500 commits)
	 Errors in worker thread: 0
	 Put errors: 0, Del errors: 0, Get errors: 0
***END OF RAMP-UP-THREADS OUTPUT***

KP: 8688: pinned new thread to CPU=0x0
KP: 8688: sleeping to allow threads enough time
KP: 8688: pinned new thread to CPU=0x0
KP: 8688: sleeping to allow threads enough time
KP: 8688: pinned new thread to CPU=0x0
KP: 8688: sleeping to allow threads enough time
KP: 8688: pinned new thread to CPU=0x0
KP: 8688: sleeping to allow threads enough time
KP: 8688: pinned new thread to CPU=0x0
KP: 8688: sleeping to allow threads enough time
KP: 8688: waking up from sleep (0)
For multithreaded run ramp r:99-w:0-u:0-d:1
	 6866380 total ops (0 puts + 6798528 gets + 67852 dels)
	 2000000 in runtime (usecs) = 2 secs = 3.433190 ops/usec
	 0.000000 op/sec put throughput (all threads)
	 3399264.000000 op/sec get throughput (all threads)
	 33926.000000 op/sec del throughput (all threads)
	 3433190.000000 op/sec total throughput (all threads)
	 Conflicts in worker thread: 0 (of 8482 commits)
	 Errors in worker thread: 0
	 Put errors: 0, Del errors: 0, Get errors: 0
***END OF RAMP-UP-THREADS OUTPUT***

***CONCLUDING THREAD EVALUATION***
