KP: 496: Using 2048 for local hash table size (same as merge frequency), 1610000 for master hash table size
KP: 496: Total memory allocation size (just evaluation, not kv stores themselves) could be up to 0 bytes (0 MB)
Will create 1610000 random integers for each child thread
Now starting evaluation for key-value store: Masstree
On 16 cores
Running on storage platform: disk
Starting single-threaded tests

*** BEGINING SINGLE THREADED TESTS***

***NOW DOING LATENCY TEST ON INDIVIDUAL FUNCTIONS ***
For put-insert: 
	 time elapsed 0:18110 (sec:usec) = 18110 usecs 
	 iterations 10000 (merge every 1024 -> 9 merges)
	 average cost 1.811000 usecs
	 Conflicts: 0 (of 10 commits)

For put-append: 
	 time elapsed 0:57250 (sec:usec) = 57250 usecs 
	 iterations 30000 (merge every 1024 -> 29 merges)
	 average cost 1.908333 usecs
	 Conflicts: 0 (of 30 commits)

For get: 
	 time elapsed 0:21389 (sec:usec) = 21389 usecs 
	 iterations 30000 (merge every 1024 -> 29 merges)
	 average cost 0.712967 usecs
	 Conflicts: 0 (of 0 commits)

For delete: 
	 time elapsed 0:20512 (sec:usec) = 20512 usecs 
	 iterations 30000 (merge every 1024 -> 29 merges)
	 average cost 0.683733 usecs
	 Conflicts: 0 (of 30 commits)


*** CONCLUDING SINGLE THREADED TESTS***

Starting multi-threaded tests: num_threads=1, NUM_CPUS=16
KP: 496: pinned new thread to CPU=0x0
KP: 496: sleeping to allow threads enough time
KP: 496: waking up from sleep (0)
For multithreaded run ramp r:-1-w:30-u:70-d:1
	 1231692 total ops (1219498 puts + 0 gets + 12194 dels)
	 2000000 in runtime (usecs) = 2 secs = 0.615846 ops/usec
	 609749.000000 op/sec put throughput (all threads)
	 0.000000 op/sec get throughput (all threads)
	 6097.000000 op/sec del throughput (all threads)
	 615846.000000 op/sec total throughput (all threads)
	 Conflicts in worker thread: 0 (of 1203 commits)
	 Errors in worker thread: 0
	 Put errors: 0, Del errors: 0, Get errors: 0
***END OF RAMP-UP-THREADS OUTPUT***

KP: 496: pinned new thread to CPU=0x0
KP: 496: sleeping to allow threads enough time
KP: 496: pinned new thread to CPU=0x0
KP: 496: sleeping to allow threads enough time
KP: 496: pinned new thread to CPU=0x0
KP: 496: sleeping to allow threads enough time
KP: 496: pinned new thread to CPU=0x0
KP: 496: sleeping to allow threads enough time
KP: 496: pinned new thread to CPU=0x0
KP: 496: sleeping to allow threads enough time
KP: 496: waking up from sleep (0)
For multithreaded run ramp r:99-w:0-u:0-d:1
	 2965270 total ops (0 puts + 2935436 gets + 29834 dels)
	 2000000 in runtime (usecs) = 2 secs = 1.482635 ops/usec
	 0.000000 op/sec put throughput (all threads)
	 1467718.000000 op/sec get throughput (all threads)
	 14917.000000 op/sec del throughput (all threads)
	 1482635.000000 op/sec total throughput (all threads)
	 Conflicts in worker thread: 0 (of 30 commits)
	 Errors in worker thread: 0
	 Put errors: 0, Del errors: 0, Get errors: 0
***END OF RAMP-UP-THREADS OUTPUT***

***CONCLUDING THREAD EVALUATION***
