KP: 2144: Using 16 for local hash table size (same as merge frequency), 1610000 for master hash table size
KP: 2144: Total memory allocation size (just evaluation, not kv stores themselves) could be up to 0 bytes (0 MB)
Will create 1610000 random integers for each child thread
Now starting evaluation for key-value store: Masstree
On 16 cores
Running on storage platform: disk
Starting single-threaded tests

*** BEGINING SINGLE THREADED TESTS***

***NOW DOING LATENCY TEST ON INDIVIDUAL FUNCTIONS ***
For put-insert: 
	 time elapsed 0:989069 (sec:usec) = 989069 usecs 
	 iterations 10000 (merge every 8 -> 1250 merges)
	 average cost 98.906898 usecs
	 Conflicts: 0 (of 1249 commits)

For put-append: 
	 time elapsed 2:909750 (sec:usec) = 2909750 usecs 
	 iterations 30000 (merge every 8 -> 3750 merges)
	 average cost 96.991669 usecs
	 Conflicts: 0 (of 3747 commits)

For get: 
	 time elapsed 0:42599 (sec:usec) = 42599 usecs 
	 iterations 30000 (merge every 8 -> 3750 merges)
	 average cost 1.419967 usecs
	 Conflicts: 0 (of 0 commits)

For delete: 
	 time elapsed 0:25146 (sec:usec) = 25146 usecs 
	 iterations 30000 (merge every 8 -> 3750 merges)
	 average cost 0.838200 usecs
	 Conflicts: 0 (of 3747 commits)


*** CONCLUDING SINGLE THREADED TESTS***

Starting multi-threaded tests: num_threads=1, NUM_CPUS=16
KP: 2144: pinned new thread to CPU=0x0
KP: 2144: sleeping to allow threads enough time
KP: 2144: waking up from sleep (0)
For multithreaded run ramp r:-1-w:30-u:70-d:1
	 23074 total ops (22834 puts + 0 gets + 240 dels)
	 2000000 in runtime (usecs) = 2 secs = 0.011537 ops/usec
	 11417.000000 op/sec put throughput (all threads)
	 0.000000 op/sec get throughput (all threads)
	 120.000000 op/sec del throughput (all threads)
	 11537.000000 op/sec total throughput (all threads)
	 Conflicts in worker thread: 0 (of 2885 commits)
	 Errors in worker thread: 0
	 Put errors: 0, Del errors: 0, Get errors: 0
***END OF RAMP-UP-THREADS OUTPUT***

KP: 2144: pinned new thread to CPU=0x0
KP: 2144: sleeping to allow threads enough time
KP: 2144: pinned new thread to CPU=0x0
KP: 2144: sleeping to allow threads enough time
KP: 2144: pinned new thread to CPU=0x0
KP: 2144: sleeping to allow threads enough time
KP: 2144: pinned new thread to CPU=0x0
KP: 2144: sleeping to allow threads enough time
KP: 2144: pinned new thread to CPU=0x0
KP: 2144: sleeping to allow threads enough time
KP: 2144: waking up from sleep (0)
For multithreaded run ramp r:99-w:0-u:0-d:1
	 2844352 total ops (0 puts + 2815909 gets + 28443 dels)
	 2000000 in runtime (usecs) = 2 secs = 1.422176 ops/usec
	 0.000000 op/sec put throughput (all threads)
	 1407954.500000 op/sec get throughput (all threads)
	 14221.500000 op/sec del throughput (all threads)
	 1422176.000000 op/sec total throughput (all threads)
	 Conflicts in worker thread: 0 (of 3556 commits)
	 Errors in worker thread: 0
	 Put errors: 0, Del errors: 0, Get errors: 0
***END OF RAMP-UP-THREADS OUTPUT***

***CONCLUDING THREAD EVALUATION***
