KP: 9680: Using 16 for local hash table size (same as merge frequency), 1610000 for master hash table size
KP: 9680: Total memory allocation size (just evaluation, not kv stores themselves) could be up to 0 bytes (0 MB)
Will create 1610000 random integers for each child thread
Now starting evaluation for key-value store: kp_kvstore
On 16 cores
Running on storage platform: disk
Starting single-threaded tests

*** BEGINING SINGLE THREADED TESTS***

***NOW DOING LATENCY TEST ON INDIVIDUAL FUNCTIONS ***
For put-insert: 
	 time elapsed 0:36668 (sec:usec) = 36668 usecs 
	 iterations 10000 (merge every 8 -> 1250 merges)
	 average cost 3.666800 usecs
	 Conflicts: 0 (of 1249 commits)

For put-append: 
	 time elapsed 0:111308 (sec:usec) = 111308 usecs 
	 iterations 30000 (merge every 8 -> 3750 merges)
	 average cost 3.710267 usecs
	 Conflicts: 0 (of 3747 commits)

For get: 
	 time elapsed 0:111148 (sec:usec) = 111148 usecs 
	 iterations 30000 (merge every 8 -> 3750 merges)
	 average cost 3.704933 usecs
	 Conflicts: 0 (of 0 commits)

For delete: 
	 time elapsed 0:61662 (sec:usec) = 61662 usecs 
	 iterations 30000 (merge every 8 -> 3750 merges)
	 average cost 2.055400 usecs
	 Conflicts: 0 (of 3747 commits)


*** CONCLUDING SINGLE THREADED TESTS***

Starting multi-threaded tests: num_threads=1, NUM_CPUS=16
KP: 9680: pinned new thread to CPU=0x0
KP: 9680: sleeping to allow threads enough time
KP: 9680: waking up from sleep (0)
For multithreaded run ramp r:-1-w:30-u:70-d:1
	 960655 total ops (951163 puts + 0 gets + 9492 dels)
	 2000000 in runtime (usecs) = 2 secs = 0.480327 ops/usec
	 475581.500000 op/sec put throughput (all threads)
	 0.000000 op/sec get throughput (all threads)
	 4746.000000 op/sec del throughput (all threads)
	 480327.500000 op/sec total throughput (all threads)
	 Conflicts in worker thread: 0 (of 120082 commits)
	 Errors in worker thread: 0
	 Put errors: 0, Del errors: 0, Get errors: 0
***END OF RAMP-UP-THREADS OUTPUT***

KP: 9680: pinned new thread to CPU=0x0
KP: 9680: sleeping to allow threads enough time
KP: 9680: waking up from sleep (0)
For multithreaded run ramp r:19-w:24-u:56-d:1
	 1068100 total ops (842850 puts + 214641 gets + 10609 dels)
	 2000000 in runtime (usecs) = 2 secs = 0.534050 ops/usec
	 421425.000000 op/sec put throughput (all threads)
	 107320.500000 op/sec get throughput (all threads)
	 5304.500000 op/sec del throughput (all threads)
	 534050.000000 op/sec total throughput (all threads)
	 Conflicts in worker thread: 0 (of 106683 commits)
	 Errors in worker thread: 0
	 Put errors: 0, Del errors: 0, Get errors: 0
***END OF RAMP-UP-THREADS OUTPUT***

KP: 9680: pinned new thread to CPU=0x0
KP: 9680: sleeping to allow threads enough time
KP: 9680: waking up from sleep (0)
For multithreaded run ramp r:39-w:18-u:42-d:1
	 1253867 total ops (738348 puts + 503011 gets + 12508 dels)
	 2000000 in runtime (usecs) = 2 secs = 0.626934 ops/usec
	 369174.000000 op/sec put throughput (all threads)
	 251505.484375 op/sec get throughput (all threads)
	 6254.000000 op/sec del throughput (all threads)
	 626933.500000 op/sec total throughput (all threads)
	 Conflicts in worker thread: 0 (of 93857 commits)
	 Errors in worker thread: 0
	 Put errors: 0, Del errors: 0, Get errors: 0
***END OF RAMP-UP-THREADS OUTPUT***

KP: 9680: pinned new thread to CPU=0x0
KP: 9680: sleeping to allow threads enough time
KP: 9680: waking up from sleep (0)
For multithreaded run ramp r:59-w:12-u:28-d:1
	 1523030 total ops (592670 puts + 915174 gets + 15186 dels)
	 2000000 in runtime (usecs) = 2 secs = 0.761515 ops/usec
	 296335.031250 op/sec put throughput (all threads)
	 457587.000000 op/sec get throughput (all threads)
	 7593.000000 op/sec del throughput (all threads)
	 761515.000000 op/sec total throughput (all threads)
	 Conflicts in worker thread: 0 (of 75982 commits)
	 Errors in worker thread: 0
	 Put errors: 0, Del errors: 0, Get errors: 0
***END OF RAMP-UP-THREADS OUTPUT***

KP: 9680: pinned new thread to CPU=0x0
KP: 9680: sleeping to allow threads enough time
KP: 9680: waking up from sleep (0)
For multithreaded run ramp r:79-w:6-u:14-d:1
	 1978610 total ops (375889 puts + 1583209 gets + 19512 dels)
	 2000000 in runtime (usecs) = 2 secs = 0.989305 ops/usec
	 187944.500000 op/sec put throughput (all threads)
	 791604.500000 op/sec get throughput (all threads)
	 9756.000000 op/sec del throughput (all threads)
	 989305.000000 op/sec total throughput (all threads)
	 Conflicts in worker thread: 0 (of 49426 commits)
	 Errors in worker thread: 0
	 Put errors: 0, Del errors: 0, Get errors: 0
***END OF RAMP-UP-THREADS OUTPUT***

KP: 9680: pinned new thread to CPU=0x0
KP: 9680: sleeping to allow threads enough time
KP: 9680: waking up from sleep (0)
For multithreaded run ramp r:99-w:0-u:0-d:1
	 3305873 total ops (0 puts + 3272928 gets + 32945 dels)
	 2000000 in runtime (usecs) = 2 secs = 1.652936 ops/usec
	 0.000000 op/sec put throughput (all threads)
	 1636463.875000 op/sec get throughput (all threads)
	 16472.500000 op/sec del throughput (all threads)
	 1652936.500000 op/sec total throughput (all threads)
	 Conflicts in worker thread: 0 (of 4119 commits)
	 Errors in worker thread: 0
	 Put errors: 0, Del errors: 0, Get errors: 0
***END OF RAMP-UP-THREADS OUTPUT***

***CONCLUDING THREAD EVALUATION***
