KP: 5728: Using 16 for local hash table size (same as merge frequency), 1610000 for master hash table size
KP: 5728: Total memory allocation size (just evaluation, not kv stores themselves) could be up to 0 bytes (0 MB)
Will create 134166 random integers for each child thread
Now starting evaluation for key-value store: kp_kvstore
On 16 cores
Running on storage platform: disk
Starting single-threaded tests

*** BEGINING SINGLE THREADED TESTS***

***NOW DOING LATENCY TEST ON INDIVIDUAL FUNCTIONS ***
For put-insert: 
	 time elapsed 0:37352 (sec:usec) = 37352 usecs 
	 iterations 10000 (merge every 8 -> 1250 merges)
	 average cost 3.735200 usecs
	 Conflicts: 0 (of 1249 commits)

For put-append: 
	 time elapsed 0:113473 (sec:usec) = 113473 usecs 
	 iterations 30000 (merge every 8 -> 3750 merges)
	 average cost 3.782433 usecs
	 Conflicts: 0 (of 3747 commits)

For get: 
	 time elapsed 0:110567 (sec:usec) = 110567 usecs 
	 iterations 30000 (merge every 8 -> 3750 merges)
	 average cost 3.685567 usecs
	 Conflicts: 0 (of 0 commits)

For delete: 
	 time elapsed 0:61797 (sec:usec) = 61797 usecs 
	 iterations 30000 (merge every 8 -> 3750 merges)
	 average cost 2.059900 usecs
	 Conflicts: 0 (of 3747 commits)


*** CONCLUDING SINGLE THREADED TESTS***

Starting multi-threaded tests: num_threads=12, NUM_CPUS=16
KP: 5728: pinned new thread to CPU=0x0
KP: 5728: pinned new thread to CPU=0x1
KP: 5728: pinned new thread to CPU=0x2
KP: 5728: pinned new thread to CPU=0x3
KP: 5728: pinned new thread to CPU=0x4
KP: 5728: pinned new thread to CPU=0x5
KP: 5728: pinned new thread to CPU=0x6
KP: 5728: pinned new thread to CPU=0x7
KP: 5728: pinned new thread to CPU=0x8
KP: 5728: pinned new thread to CPU=0x9
KP: 5728: pinned new thread to CPU=0xA
KP: 5728: pinned new thread to CPU=0xB
KP: 5728: sleeping to allow threads enough time
KP: 5728: waking up from sleep (0)
For multithreaded run ramp r:-1-w:30-u:70-d:1
	 2464023 total ops (2439226 puts + 0 gets + 24797 dels)
	 2000000 in runtime (usecs) = 2 secs = 1.232012 ops/usec
	 1219613.000000 op/sec put throughput (all threads)
	 0.000000 op/sec get throughput (all threads)
	 12398.500000 op/sec del throughput (all threads)
	 1232011.500000 op/sec total throughput (all threads)
	 Conflicts in worker thread: 282340 (of 308003 commits)
	 Errors in worker thread: 0
	 Put errors: 0, Del errors: 0, Get errors: 0
***END OF RAMP-UP-THREADS OUTPUT***

KP: 5728: pinned new thread to CPU=0x0
KP: 5728: pinned new thread to CPU=0x1
KP: 5728: pinned new thread to CPU=0x2
KP: 5728: pinned new thread to CPU=0x3
KP: 5728: pinned new thread to CPU=0x4
KP: 5728: pinned new thread to CPU=0x5
KP: 5728: pinned new thread to CPU=0x6
KP: 5728: pinned new thread to CPU=0x7
KP: 5728: pinned new thread to CPU=0x8
KP: 5728: pinned new thread to CPU=0x9
KP: 5728: pinned new thread to CPU=0xA
KP: 5728: pinned new thread to CPU=0xB
KP: 5728: sleeping to allow threads enough time
KP: 5728: waking up from sleep (0)
For multithreaded run ramp r:19-w:24-u:56-d:1
	 2844574 total ops (2248565 puts + 567309 gets + 28700 dels)
	 2000000 in runtime (usecs) = 2 secs = 1.422287 ops/usec
	 1124282.500000 op/sec put throughput (all threads)
	 283654.500000 op/sec get throughput (all threads)
	 14350.000000 op/sec del throughput (all threads)
	 1422287.000000 op/sec total throughput (all threads)
	 Conflicts in worker thread: 260484 (of 284660 commits)
	 Errors in worker thread: 0
	 Put errors: 0, Del errors: 0, Get errors: 0
***END OF RAMP-UP-THREADS OUTPUT***

KP: 5728: pinned new thread to CPU=0x0
KP: 5728: pinned new thread to CPU=0x1
KP: 5728: pinned new thread to CPU=0x2
KP: 5728: pinned new thread to CPU=0x3
KP: 5728: pinned new thread to CPU=0x4
KP: 5728: pinned new thread to CPU=0x5
KP: 5728: pinned new thread to CPU=0x6
KP: 5728: pinned new thread to CPU=0x7
KP: 5728: pinned new thread to CPU=0x8
KP: 5728: pinned new thread to CPU=0x9
KP: 5728: pinned new thread to CPU=0xA
KP: 5728: pinned new thread to CPU=0xB
KP: 5728: sleeping to allow threads enough time
KP: 5728: waking up from sleep (0)
For multithreaded run ramp r:39-w:18-u:42-d:1
	 3523108 total ops (2076849 puts + 1410731 gets + 35528 dels)
	 2000000 in runtime (usecs) = 2 secs = 1.761554 ops/usec
	 1038424.500000 op/sec put throughput (all threads)
	 705365.500000 op/sec get throughput (all threads)
	 17764.000000 op/sec del throughput (all threads)
	 1761554.000000 op/sec total throughput (all threads)
	 Conflicts in worker thread: 240858 (of 264048 commits)
	 Errors in worker thread: 0
	 Put errors: 0, Del errors: 0, Get errors: 0
***END OF RAMP-UP-THREADS OUTPUT***

KP: 5728: pinned new thread to CPU=0x0
KP: 5728: pinned new thread to CPU=0x1
KP: 5728: pinned new thread to CPU=0x2
KP: 5728: pinned new thread to CPU=0x3
KP: 5728: pinned new thread to CPU=0x4
KP: 5728: pinned new thread to CPU=0x5
KP: 5728: pinned new thread to CPU=0x6
KP: 5728: pinned new thread to CPU=0x7
KP: 5728: pinned new thread to CPU=0x8
KP: 5728: pinned new thread to CPU=0x9
KP: 5728: pinned new thread to CPU=0xA
KP: 5728: pinned new thread to CPU=0xB
KP: 5728: sleeping to allow threads enough time
KP: 5728: waking up from sleep (0)
For multithreaded run ramp r:59-w:12-u:28-d:1
	 4498857 total ops (1753985 puts + 2700020 gets + 44852 dels)
	 2000000 in runtime (usecs) = 2 secs = 2.249429 ops/usec
	 876992.500000 op/sec put throughput (all threads)
	 1350010.000000 op/sec get throughput (all threads)
	 22426.000000 op/sec del throughput (all threads)
	 2249428.500000 op/sec total throughput (all threads)
	 Conflicts in worker thread: 203736 (of 224855 commits)
	 Errors in worker thread: 0
	 Put errors: 0, Del errors: 0, Get errors: 0
***END OF RAMP-UP-THREADS OUTPUT***

KP: 5728: pinned new thread to CPU=0x0
KP: 5728: pinned new thread to CPU=0x1
KP: 5728: pinned new thread to CPU=0x2
KP: 5728: pinned new thread to CPU=0x3
KP: 5728: pinned new thread to CPU=0x4
KP: 5728: pinned new thread to CPU=0x5
KP: 5728: pinned new thread to CPU=0x6
KP: 5728: pinned new thread to CPU=0x7
KP: 5728: pinned new thread to CPU=0x8
KP: 5728: pinned new thread to CPU=0x9
KP: 5728: pinned new thread to CPU=0xA
KP: 5728: pinned new thread to CPU=0xB
KP: 5728: sleeping to allow threads enough time
KP: 5728: waking up from sleep (0)
For multithreaded run ramp r:79-w:6-u:14-d:1
	 6216875 total ops (1182186 puts + 4972890 gets + 61799 dels)
	 2000000 in runtime (usecs) = 2 secs = 3.108438 ops/usec
	 591093.000000 op/sec put throughput (all threads)
	 2486445.000000 op/sec get throughput (all threads)
	 30899.498047 op/sec del throughput (all threads)
	 3108437.500000 op/sec total throughput (all threads)
	 Conflicts in worker thread: 139049 (of 155499 commits)
	 Errors in worker thread: 0
	 Put errors: 0, Del errors: 0, Get errors: 0
***END OF RAMP-UP-THREADS OUTPUT***

KP: 5728: pinned new thread to CPU=0x0
KP: 5728: pinned new thread to CPU=0x1
KP: 5728: pinned new thread to CPU=0x2
KP: 5728: pinned new thread to CPU=0x3
KP: 5728: pinned new thread to CPU=0x4
KP: 5728: pinned new thread to CPU=0x5
KP: 5728: pinned new thread to CPU=0x6
KP: 5728: pinned new thread to CPU=0x7
KP: 5728: pinned new thread to CPU=0x8
KP: 5728: pinned new thread to CPU=0x9
KP: 5728: pinned new thread to CPU=0xA
KP: 5728: pinned new thread to CPU=0xB
KP: 5728: sleeping to allow threads enough time
KP: 5728: waking up from sleep (0)
For multithreaded run ramp r:99-w:0-u:0-d:1
	 13656099 total ops (0 puts + 13518829 gets + 137270 dels)
	 2000000 in runtime (usecs) = 2 secs = 6.828050 ops/usec
	 0.000000 op/sec put throughput (all threads)
	 6759414.500000 op/sec get throughput (all threads)
	 68635.000000 op/sec del throughput (all threads)
	 6828049.500000 op/sec total throughput (all threads)
	 Conflicts in worker thread: 15023 (of 17162 commits)
	 Errors in worker thread: 0
	 Put errors: 0, Del errors: 0, Get errors: 0
***END OF RAMP-UP-THREADS OUTPUT***

***CONCLUDING THREAD EVALUATION***
