KP: 3968: Using 16 for local hash table size (same as merge frequency), 1610000 for master hash table size
KP: 3968: Total memory allocation size (just evaluation, not kv stores themselves) could be up to 0 bytes (0 MB)
Will create 1610000 random integers for each child thread
Now starting evaluation for key-value store: kp_kvstore
On 16 cores
Running on storage platform: disk
Starting single-threaded tests

*** BEGINING SINGLE THREADED TESTS***

***NOW DOING LATENCY TEST ON INDIVIDUAL FUNCTIONS ***
For put-insert: 
	 time elapsed 0:37291 (sec:usec) = 37291 usecs 
	 iterations 10000 (merge every 8 -> 1250 merges)
	 average cost 3.729100 usecs
	 Conflicts: 0 (of 1249 commits)

For put-append: 
	 time elapsed 0:111015 (sec:usec) = 111015 usecs 
	 iterations 30000 (merge every 8 -> 3750 merges)
	 average cost 3.700500 usecs
	 Conflicts: 0 (of 3747 commits)

For get: 
	 time elapsed 0:112257 (sec:usec) = 112257 usecs 
	 iterations 30000 (merge every 8 -> 3750 merges)
	 average cost 3.741900 usecs
	 Conflicts: 0 (of 0 commits)

For delete: 
	 time elapsed 0:61674 (sec:usec) = 61674 usecs 
	 iterations 30000 (merge every 8 -> 3750 merges)
	 average cost 2.055800 usecs
	 Conflicts: 0 (of 3747 commits)


*** CONCLUDING SINGLE THREADED TESTS***

Starting multi-threaded tests: num_threads=1, NUM_CPUS=16
KP: 3968: pinned new thread to CPU=0x0
KP: 3968: sleeping to allow threads enough time
KP: 3968: waking up from sleep (0)
For multithreaded run ramp r:-1-w:30-u:70-d:1
	 959008 total ops (949405 puts + 0 gets + 9603 dels)
	 2000000 in runtime (usecs) = 2 secs = 0.479504 ops/usec
	 474702.500000 op/sec put throughput (all threads)
	 0.000000 op/sec get throughput (all threads)
	 4801.500000 op/sec del throughput (all threads)
	 479504.000000 op/sec total throughput (all threads)
	 Conflicts in worker thread: 0 (of 119876 commits)
	 Errors in worker thread: 0
	 Put errors: 0, Del errors: 0, Get errors: 0
***END OF RAMP-UP-THREADS OUTPUT***

KP: 3968: pinned new thread to CPU=0x0
KP: 3968: sleeping to allow threads enough time
KP: 3968: waking up from sleep (0)
For multithreaded run ramp r:19-w:24-u:56-d:1
	 1078203 total ops (851007 puts + 216388 gets + 10808 dels)
	 2000000 in runtime (usecs) = 2 secs = 0.539101 ops/usec
	 425503.500000 op/sec put throughput (all threads)
	 108194.000000 op/sec get throughput (all threads)
	 5404.000488 op/sec del throughput (all threads)
	 539101.500000 op/sec total throughput (all threads)
	 Conflicts in worker thread: 0 (of 107727 commits)
	 Errors in worker thread: 0
	 Put errors: 0, Del errors: 0, Get errors: 0
***END OF RAMP-UP-THREADS OUTPUT***

KP: 3968: pinned new thread to CPU=0x0
KP: 3968: sleeping to allow threads enough time
KP: 3968: waking up from sleep (0)
For multithreaded run ramp r:39-w:18-u:42-d:1
	 1248608 total ops (736336 puts + 499566 gets + 12706 dels)
	 2000000 in runtime (usecs) = 2 secs = 0.624304 ops/usec
	 368168.000000 op/sec put throughput (all threads)
	 249783.000000 op/sec get throughput (all threads)
	 6353.000000 op/sec del throughput (all threads)
	 624304.000000 op/sec total throughput (all threads)
	 Conflicts in worker thread: 0 (of 93631 commits)
	 Errors in worker thread: 0
	 Put errors: 0, Del errors: 0, Get errors: 0
***END OF RAMP-UP-THREADS OUTPUT***

KP: 3968: pinned new thread to CPU=0x0
KP: 3968: sleeping to allow threads enough time
KP: 3968: waking up from sleep (0)
For multithreaded run ramp r:59-w:12-u:28-d:1
	 1528529 total ops (595540 puts + 917673 gets + 15316 dels)
	 2000000 in runtime (usecs) = 2 secs = 0.764265 ops/usec
	 297770.000000 op/sec put throughput (all threads)
	 458836.500000 op/sec get throughput (all threads)
	 7658.000000 op/sec del throughput (all threads)
	 764264.500000 op/sec total throughput (all threads)
	 Conflicts in worker thread: 0 (of 76357 commits)
	 Errors in worker thread: 0
	 Put errors: 0, Del errors: 0, Get errors: 0
***END OF RAMP-UP-THREADS OUTPUT***

KP: 3968: pinned new thread to CPU=0x0
KP: 3968: sleeping to allow threads enough time
KP: 3968: waking up from sleep (0)
For multithreaded run ramp r:79-w:6-u:14-d:1
	 1985711 total ops (378638 puts + 1587208 gets + 19865 dels)
	 2000000 in runtime (usecs) = 2 secs = 0.992855 ops/usec
	 189319.000000 op/sec put throughput (all threads)
	 793604.000000 op/sec get throughput (all threads)
	 9932.500000 op/sec del throughput (all threads)
	 992855.500000 op/sec total throughput (all threads)
	 Conflicts in worker thread: 0 (of 49813 commits)
	 Errors in worker thread: 0
	 Put errors: 0, Del errors: 0, Get errors: 0
***END OF RAMP-UP-THREADS OUTPUT***

KP: 3968: pinned new thread to CPU=0x0
KP: 3968: sleeping to allow threads enough time
KP: 3968: waking up from sleep (0)
For multithreaded run ramp r:99-w:0-u:0-d:1
	 3310234 total ops (0 puts + 3276681 gets + 33553 dels)
	 2000000 in runtime (usecs) = 2 secs = 1.655117 ops/usec
	 0.000000 op/sec put throughput (all threads)
	 1638340.500000 op/sec get throughput (all threads)
	 16776.500000 op/sec del throughput (all threads)
	 1655117.000000 op/sec total throughput (all threads)
	 Conflicts in worker thread: 0 (of 4195 commits)
	 Errors in worker thread: 0
	 Put errors: 0, Del errors: 0, Get errors: 0
***END OF RAMP-UP-THREADS OUTPUT***

***CONCLUDING THREAD EVALUATION***
