KP: 8480: Using 16 for local hash table size (same as merge frequency), 1610000 for master hash table size
KP: 8480: Total memory allocation size (just evaluation, not kv stores themselves) could be up to 0 bytes (0 MB)
Will create 1610000 random integers for each child thread
Now starting evaluation for key-value store: Masstree
On 16 cores
Running on storage platform: disk
Starting single-threaded tests

*** BEGINING SINGLE THREADED TESTS***

***NOW DOING LATENCY TEST ON INDIVIDUAL FUNCTIONS ***
For put-insert: 
	 time elapsed 0:18556 (sec:usec) = 18556 usecs 
	 iterations 10000 (merge every 8 -> 1250 merges)
	 average cost 1.855600 usecs
	 Conflicts: 0 (of 1249 commits)

For put-append: 
	 time elapsed 0:56187 (sec:usec) = 56187 usecs 
	 iterations 30000 (merge every 8 -> 3750 merges)
	 average cost 1.872900 usecs
	 Conflicts: 0 (of 3747 commits)

For get: 
	 time elapsed 0:21372 (sec:usec) = 21372 usecs 
	 iterations 30000 (merge every 8 -> 3750 merges)
	 average cost 0.712400 usecs
	 Conflicts: 0 (of 0 commits)

For delete: 
	 time elapsed 0:20613 (sec:usec) = 20613 usecs 
	 iterations 30000 (merge every 8 -> 3750 merges)
	 average cost 0.687100 usecs
	 Conflicts: 0 (of 3747 commits)


*** CONCLUDING SINGLE THREADED TESTS***

Starting multi-threaded tests: num_threads=1, NUM_CPUS=16
KP: 8480: pinned new thread to CPU=0x0
KP: 8480: sleeping to allow threads enough time
KP: 8480: waking up from sleep (0)
For multithreaded run ramp r:-1-w:30-u:70-d:1
	 1232456 total ops (1220339 puts + 0 gets + 12117 dels)
	 2000000 in runtime (usecs) = 2 secs = 0.616228 ops/usec
	 610169.500000 op/sec put throughput (all threads)
	 0.000000 op/sec get throughput (all threads)
	 6058.500000 op/sec del throughput (all threads)
	 616228.000000 op/sec total throughput (all threads)
	 Conflicts in worker thread: 0 (of 154057 commits)
	 Errors in worker thread: 0
	 Put errors: 0, Del errors: 0, Get errors: 0
***END OF RAMP-UP-THREADS OUTPUT***

KP: 8480: pinned new thread to CPU=0x0
KP: 8480: sleeping to allow threads enough time
KP: 8480: pinned new thread to CPU=0x0
KP: 8480: sleeping to allow threads enough time
KP: 8480: pinned new thread to CPU=0x0
KP: 8480: sleeping to allow threads enough time
KP: 8480: pinned new thread to CPU=0x0
KP: 8480: sleeping to allow threads enough time
KP: 8480: pinned new thread to CPU=0x0
KP: 8480: sleeping to allow threads enough time
KP: 8480: waking up from sleep (0)
For multithreaded run ramp r:99-w:0-u:0-d:1
	 2964546 total ops (0 puts + 2934217 gets + 30329 dels)
	 2000000 in runtime (usecs) = 2 secs = 1.482273 ops/usec
	 0.000000 op/sec put throughput (all threads)
	 1467108.500000 op/sec get throughput (all threads)
	 15164.500000 op/sec del throughput (all threads)
	 1482273.000000 op/sec total throughput (all threads)
	 Conflicts in worker thread: 0 (of 3792 commits)
	 Errors in worker thread: 0
	 Put errors: 0, Del errors: 0, Get errors: 0
***END OF RAMP-UP-THREADS OUTPUT***

***CONCLUDING THREAD EVALUATION***
