KP: 6592: Using 16 for local hash table size (same as merge frequency), 1610000 for master hash table size
KP: 6592: Total memory allocation size (just evaluation, not kv stores themselves) could be up to 0 bytes (0 MB)
Will create 1610000 random integers for each child thread
Now starting evaluation for key-value store: Masstree
On 16 cores
Running on storage platform: disk
Starting single-threaded tests

*** BEGINING SINGLE THREADED TESTS***

***NOW DOING LATENCY TEST ON INDIVIDUAL FUNCTIONS ***
For put-insert: 
	 time elapsed 0:18318 (sec:usec) = 18318 usecs 
	 iterations 10000 (merge every 8 -> 1250 merges)
	 average cost 1.831800 usecs
	 Conflicts: 0 (of 1249 commits)

For put-append: 
	 time elapsed 0:56902 (sec:usec) = 56902 usecs 
	 iterations 30000 (merge every 8 -> 3750 merges)
	 average cost 1.896733 usecs
	 Conflicts: 0 (of 3747 commits)

For get: 
	 time elapsed 0:21481 (sec:usec) = 21481 usecs 
	 iterations 30000 (merge every 8 -> 3750 merges)
	 average cost 0.716033 usecs
	 Conflicts: 0 (of 0 commits)

For delete: 
	 time elapsed 0:20736 (sec:usec) = 20736 usecs 
	 iterations 30000 (merge every 8 -> 3750 merges)
	 average cost 0.691200 usecs
	 Conflicts: 0 (of 3747 commits)


*** CONCLUDING SINGLE THREADED TESTS***

Starting multi-threaded tests: num_threads=1, NUM_CPUS=16
KP: 6592: pinned new thread to CPU=0x0
KP: 6592: sleeping to allow threads enough time
KP: 6592: waking up from sleep (0)
For multithreaded run ramp r:-1-w:30-u:70-d:1
	 1226520 total ops (1214465 puts + 0 gets + 12055 dels)
	 2000000 in runtime (usecs) = 2 secs = 0.613260 ops/usec
	 607232.500000 op/sec put throughput (all threads)
	 0.000000 op/sec get throughput (all threads)
	 6027.500000 op/sec del throughput (all threads)
	 613260.000000 op/sec total throughput (all threads)
	 Conflicts in worker thread: 0 (of 153315 commits)
	 Errors in worker thread: 0
	 Put errors: 0, Del errors: 0, Get errors: 0
***END OF RAMP-UP-THREADS OUTPUT***

KP: 6592: pinned new thread to CPU=0x0
KP: 6592: sleeping to allow threads enough time
KP: 6592: pinned new thread to CPU=0x0
KP: 6592: sleeping to allow threads enough time
KP: 6592: pinned new thread to CPU=0x0
KP: 6592: sleeping to allow threads enough time
KP: 6592: pinned new thread to CPU=0x0
KP: 6592: sleeping to allow threads enough time
KP: 6592: pinned new thread to CPU=0x0
KP: 6592: sleeping to allow threads enough time
KP: 6592: waking up from sleep (0)
For multithreaded run ramp r:99-w:0-u:0-d:1
	 2961904 total ops (0 puts + 2932124 gets + 29780 dels)
	 2000000 in runtime (usecs) = 2 secs = 1.480952 ops/usec
	 0.000000 op/sec put throughput (all threads)
	 1466062.000000 op/sec get throughput (all threads)
	 14890.000000 op/sec del throughput (all threads)
	 1480952.000000 op/sec total throughput (all threads)
	 Conflicts in worker thread: 0 (of 3723 commits)
	 Errors in worker thread: 0
	 Put errors: 0, Del errors: 0, Get errors: 0
***END OF RAMP-UP-THREADS OUTPUT***

***CONCLUDING THREAD EVALUATION***
