KP: 3264: Using 16 for local hash table size (same as merge frequency), 1610000 for master hash table size
KP: 3264: Total memory allocation size (just evaluation, not kv stores themselves) could be up to 0 bytes (0 MB)
Will create 1610000 random integers for each child thread
Now starting evaluation for key-value store: kp_kvstore
On 16 cores
Running on storage platform: disk
Starting single-threaded tests

*** BEGINING SINGLE THREADED TESTS***

***NOW DOING LATENCY TEST ON INDIVIDUAL FUNCTIONS ***
For put-insert: 
	 time elapsed 0:137176 (sec:usec) = 137176 usecs 
	 iterations 50000 (merge every 8 -> 6250 merges)
	 average cost 2.743520 usecs
	 Conflicts: 0 (of 6249 commits)

For put-append: 
	 time elapsed 0:425714 (sec:usec) = 425714 usecs 
	 iterations 150000 (merge every 8 -> 18750 merges)
	 average cost 2.838093 usecs
	 Conflicts: 0 (of 18747 commits)

For get: 
	 time elapsed 0:311181 (sec:usec) = 311181 usecs 
	 iterations 150000 (merge every 8 -> 18750 merges)
	 average cost 2.074540 usecs
	 Conflicts: 0 (of 0 commits)

For delete: 
	 time elapsed 0:391812 (sec:usec) = 391812 usecs 
	 iterations 150000 (merge every 8 -> 18750 merges)
	 average cost 2.612080 usecs
	 Conflicts: 0 (of 18747 commits)


*** CONCLUDING SINGLE THREADED TESTS***

Starting multi-threaded tests: num_threads=1, NUM_CPUS=16
KP: 3264: pinned new thread to CPU=0x0
KP: 3264: sleeping to allow threads enough time
KP: 3264: waking up from sleep (0)
For multithreaded run ramp r:-1-w:30-u:70-d:1
	 1259643 total ops (1246889 puts + 0 gets + 12754 dels)
	 2000000 in runtime (usecs) = 2 secs = 0.629821 ops/usec
	 623444.500000 op/sec put throughput (all threads)
	 0.000000 op/sec get throughput (all threads)
	 6377.000000 op/sec del throughput (all threads)
	 629821.500000 op/sec total throughput (all threads)
	 Conflicts in worker thread: 0 (of 157456 commits)
	 Errors in worker thread: 0
	 Put errors: 0, Del errors: 0, Get errors: 0
***END OF RAMP-UP-THREADS OUTPUT***

KP: 3264: pinned new thread to CPU=0x0
KP: 3264: sleeping to allow threads enough time
KP: 3264: waking up from sleep (0)
For multithreaded run ramp r:19-w:24-u:56-d:1
	 1364336 total ops (1077332 puts + 272930 gets + 14074 dels)
	 2000000 in runtime (usecs) = 2 secs = 0.682168 ops/usec
	 538666.000000 op/sec put throughput (all threads)
	 136465.000000 op/sec get throughput (all threads)
	 7037.000000 op/sec del throughput (all threads)
	 682168.000000 op/sec total throughput (all threads)
	 Conflicts in worker thread: 0 (of 136426 commits)
	 Errors in worker thread: 0
	 Put errors: 0, Del errors: 0, Get errors: 0
***END OF RAMP-UP-THREADS OUTPUT***

KP: 3264: pinned new thread to CPU=0x0
KP: 3264: sleeping to allow threads enough time
KP: 3264: waking up from sleep (0)
For multithreaded run ramp r:39-w:18-u:42-d:1
	 1552569 total ops (916424 puts + 620521 gets + 15624 dels)
	 2000000 in runtime (usecs) = 2 secs = 0.776285 ops/usec
	 458212.031250 op/sec put throughput (all threads)
	 310260.500000 op/sec get throughput (all threads)
	 7811.999512 op/sec del throughput (all threads)
	 776284.500000 op/sec total throughput (all threads)
	 Conflicts in worker thread: 0 (of 116506 commits)
	 Errors in worker thread: 0
	 Put errors: 0, Del errors: 0, Get errors: 0
***END OF RAMP-UP-THREADS OUTPUT***

KP: 3264: pinned new thread to CPU=0x0
KP: 3264: sleeping to allow threads enough time
KP: 3264: waking up from sleep (0)
For multithreaded run ramp r:59-w:12-u:28-d:1
	 1848702 total ops (720095 puts + 1109803 gets + 18804 dels)
	 2000000 in runtime (usecs) = 2 secs = 0.924351 ops/usec
	 360047.500000 op/sec put throughput (all threads)
	 554901.500000 op/sec get throughput (all threads)
	 9402.000000 op/sec del throughput (all threads)
	 924351.000000 op/sec total throughput (all threads)
	 Conflicts in worker thread: 0 (of 92363 commits)
	 Errors in worker thread: 0
	 Put errors: 0, Del errors: 0, Get errors: 0
***END OF RAMP-UP-THREADS OUTPUT***

KP: 3264: pinned new thread to CPU=0x0
KP: 3264: sleeping to allow threads enough time
KP: 3264: waking up from sleep (0)
For multithreaded run ramp r:79-w:6-u:14-d:1
	 2323063 total ops (441498 puts + 1858199 gets + 23366 dels)
	 2000000 in runtime (usecs) = 2 secs = 1.161531 ops/usec
	 220749.000000 op/sec put throughput (all threads)
	 929099.500000 op/sec get throughput (all threads)
	 11683.000000 op/sec del throughput (all threads)
	 1161531.500000 op/sec total throughput (all threads)
	 Conflicts in worker thread: 0 (of 58108 commits)
	 Errors in worker thread: 0
	 Put errors: 0, Del errors: 0, Get errors: 0
***END OF RAMP-UP-THREADS OUTPUT***

KP: 3264: pinned new thread to CPU=0x0
KP: 3264: sleeping to allow threads enough time
KP: 3264: waking up from sleep (0)
For multithreaded run ramp r:99-w:0-u:0-d:1
	 3377915 total ops (0 puts + 3344153 gets + 33762 dels)
	 2000000 in runtime (usecs) = 2 secs = 1.688957 ops/usec
	 0.000000 op/sec put throughput (all threads)
	 1672076.500000 op/sec get throughput (all threads)
	 16881.000000 op/sec del throughput (all threads)
	 1688957.500000 op/sec total throughput (all threads)
	 Conflicts in worker thread: 0 (of 4221 commits)
	 Errors in worker thread: 0
	 Put errors: 0, Del errors: 0, Get errors: 0
***END OF RAMP-UP-THREADS OUTPUT***

***CONCLUDING THREAD EVALUATION***
