KP: 5760: Using 16 for local hash table size (same as merge frequency), 1610000 for master hash table size
KP: 5760: Total memory allocation size (just evaluation, not kv stores themselves) could be up to 0 bytes (0 MB)
Will create 1610000 random integers for each child thread
Now starting evaluation for key-value store: kp_kvstore
On 16 cores
Running on storage platform: disk
Starting single-threaded tests

*** BEGINING SINGLE THREADED TESTS***

***NOW DOING LATENCY TEST ON INDIVIDUAL FUNCTIONS ***
For put-insert: 
	 time elapsed 0:839132 (sec:usec) = 839132 usecs 
	 iterations 50000 (merge every 8 -> 6250 merges)
	 average cost 16.782640 usecs
	 Conflicts: 0 (of 6249 commits)

For put-append: 
	 time elapsed 2:481897 (sec:usec) = 2481897 usecs 
	 iterations 150000 (merge every 8 -> 18750 merges)
	 average cost 16.545980 usecs
	 Conflicts: 0 (of 18747 commits)

For get: 
	 time elapsed 2:603795 (sec:usec) = 2603795 usecs 
	 iterations 150000 (merge every 8 -> 18750 merges)
	 average cost 17.358633 usecs
	 Conflicts: 0 (of 0 commits)

For delete: 
	 time elapsed 0:384692 (sec:usec) = 384692 usecs 
	 iterations 150000 (merge every 8 -> 18750 merges)
	 average cost 2.564613 usecs
	 Conflicts: 0 (of 18747 commits)


*** CONCLUDING SINGLE THREADED TESTS***

Starting multi-threaded tests: num_threads=1, NUM_CPUS=16
KP: 5760: pinned new thread to CPU=0x0
KP: 5760: sleeping to allow threads enough time
KP: 5760: waking up from sleep (0)
For multithreaded run ramp r:-1-w:30-u:70-d:1
	 250230 total ops (247793 puts + 0 gets + 2437 dels)
	 2000000 in runtime (usecs) = 2 secs = 0.125115 ops/usec
	 123896.500000 op/sec put throughput (all threads)
	 0.000000 op/sec get throughput (all threads)
	 1218.500000 op/sec del throughput (all threads)
	 125115.007812 op/sec total throughput (all threads)
	 Conflicts in worker thread: 0 (of 31279 commits)
	 Errors in worker thread: 0
	 Put errors: 0, Del errors: 0, Get errors: 0
***END OF RAMP-UP-THREADS OUTPUT***

KP: 5760: pinned new thread to CPU=0x0
KP: 5760: sleeping to allow threads enough time
KP: 5760: waking up from sleep (0)
For multithreaded run ramp r:19-w:24-u:56-d:1
	 294757 total ops (232881 puts + 58989 gets + 2887 dels)
	 2000000 in runtime (usecs) = 2 secs = 0.147379 ops/usec
	 116440.500000 op/sec put throughput (all threads)
	 29494.500000 op/sec get throughput (all threads)
	 1443.500000 op/sec del throughput (all threads)
	 147378.500000 op/sec total throughput (all threads)
	 Conflicts in worker thread: 0 (of 29471 commits)
	 Errors in worker thread: 0
	 Put errors: 0, Del errors: 0, Get errors: 0
***END OF RAMP-UP-THREADS OUTPUT***

KP: 5760: pinned new thread to CPU=0x0
KP: 5760: sleeping to allow threads enough time
KP: 5760: waking up from sleep (0)
For multithreaded run ramp r:39-w:18-u:42-d:1
	 361674 total ops (213249 puts + 144922 gets + 3503 dels)
	 2000000 in runtime (usecs) = 2 secs = 0.180837 ops/usec
	 106624.500000 op/sec put throughput (all threads)
	 72461.000000 op/sec get throughput (all threads)
	 1751.500000 op/sec del throughput (all threads)
	 180837.000000 op/sec total throughput (all threads)
	 Conflicts in worker thread: 0 (of 27094 commits)
	 Errors in worker thread: 0
	 Put errors: 0, Del errors: 0, Get errors: 0
***END OF RAMP-UP-THREADS OUTPUT***

KP: 5760: pinned new thread to CPU=0x0
KP: 5760: sleeping to allow threads enough time
KP: 5760: waking up from sleep (0)
For multithreaded run ramp r:59-w:12-u:28-d:1
	 474372 total ops (184434 puts + 285383 gets + 4555 dels)
	 2000000 in runtime (usecs) = 2 secs = 0.237186 ops/usec
	 92217.000000 op/sec put throughput (all threads)
	 142691.500000 op/sec get throughput (all threads)
	 2277.500000 op/sec del throughput (all threads)
	 237186.000000 op/sec total throughput (all threads)
	 Conflicts in worker thread: 0 (of 23624 commits)
	 Errors in worker thread: 0
	 Put errors: 0, Del errors: 0, Get errors: 0
***END OF RAMP-UP-THREADS OUTPUT***

KP: 5760: pinned new thread to CPU=0x0
KP: 5760: sleeping to allow threads enough time
KP: 5760: waking up from sleep (0)
For multithreaded run ramp r:79-w:6-u:14-d:1
	 701928 total ops (133233 puts + 561802 gets + 6893 dels)
	 2000000 in runtime (usecs) = 2 secs = 0.350964 ops/usec
	 66616.500000 op/sec put throughput (all threads)
	 280901.000000 op/sec get throughput (all threads)
	 3446.500000 op/sec del throughput (all threads)
	 350964.000000 op/sec total throughput (all threads)
	 Conflicts in worker thread: 0 (of 17516 commits)
	 Errors in worker thread: 0
	 Put errors: 0, Del errors: 0, Get errors: 0
***END OF RAMP-UP-THREADS OUTPUT***

KP: 5760: pinned new thread to CPU=0x0
KP: 5760: sleeping to allow threads enough time
KP: 5760: waking up from sleep (0)
For multithreaded run ramp r:99-w:0-u:0-d:1
	 3395248 total ops (0 puts + 3361787 gets + 33461 dels)
	 2000000 in runtime (usecs) = 2 secs = 1.697624 ops/usec
	 0.000000 op/sec put throughput (all threads)
	 1680893.500000 op/sec get throughput (all threads)
	 16730.500000 op/sec del throughput (all threads)
	 1697624.000000 op/sec total throughput (all threads)
	 Conflicts in worker thread: 0 (of 4183 commits)
	 Errors in worker thread: 0
	 Put errors: 0, Del errors: 0, Get errors: 0
***END OF RAMP-UP-THREADS OUTPUT***

***CONCLUDING THREAD EVALUATION***
