KP: 4416: Using 2048 for local hash table size (same as merge frequency), 1610000 for master hash table size
KP: 4416: Total memory allocation size (just evaluation, not kv stores themselves) could be up to 0 bytes (0 MB)
Will create 1610000 random integers for each child thread
Now starting evaluation for key-value store: kp_kvstore
On 16 cores
Running on storage platform: disk
Starting single-threaded tests

*** BEGINING SINGLE THREADED TESTS***

***NOW DOING LATENCY TEST ON INDIVIDUAL FUNCTIONS ***
For put-insert: 
	 time elapsed 0:36113 (sec:usec) = 36113 usecs 
	 iterations 10000 (merge every 1024 -> 9 merges)
	 average cost 3.611300 usecs
	 Conflicts: 0 (of 10 commits)

For put-append: 
	 time elapsed 0:98340 (sec:usec) = 98340 usecs 
	 iterations 30000 (merge every 1024 -> 29 merges)
	 average cost 3.278000 usecs
	 Conflicts: 0 (of 30 commits)

For get: 
	 time elapsed 0:131290 (sec:usec) = 131290 usecs 
	 iterations 30000 (merge every 1024 -> 29 merges)
	 average cost 4.376333 usecs
	 Conflicts: 0 (of 0 commits)

For delete: 
	 time elapsed 0:58958 (sec:usec) = 58958 usecs 
	 iterations 30000 (merge every 1024 -> 29 merges)
	 average cost 1.965267 usecs
	 Conflicts: 0 (of 30 commits)


*** CONCLUDING SINGLE THREADED TESTS***

Starting multi-threaded tests: num_threads=1, NUM_CPUS=16
KP: 4416: pinned new thread to CPU=0x0
KP: 4416: sleeping to allow threads enough time
KP: 4416: waking up from sleep (0)
For multithreaded run ramp r:-1-w:30-u:70-d:1
	 1158372 total ops (1146564 puts + 0 gets + 11808 dels)
	 2000000 in runtime (usecs) = 2 secs = 0.579186 ops/usec
	 573282.000000 op/sec put throughput (all threads)
	 0.000000 op/sec get throughput (all threads)
	 5904.000000 op/sec del throughput (all threads)
	 579186.000000 op/sec total throughput (all threads)
	 Conflicts in worker thread: 0 (of 1132 commits)
	 Errors in worker thread: 0
	 Put errors: 0, Del errors: 0, Get errors: 0
***END OF RAMP-UP-THREADS OUTPUT***

KP: 4416: pinned new thread to CPU=0x0
KP: 4416: sleeping to allow threads enough time
KP: 4416: waking up from sleep (0)
For multithreaded run ramp r:19-w:24-u:56-d:1
	 1314076 total ops (1038329 puts + 262428 gets + 13319 dels)
	 2000000 in runtime (usecs) = 2 secs = 0.657038 ops/usec
	 519164.500000 op/sec put throughput (all threads)
	 131214.000000 op/sec get throughput (all threads)
	 6659.500000 op/sec del throughput (all threads)
	 657038.000000 op/sec total throughput (all threads)
	 Conflicts in worker thread: 0 (of 1027 commits)
	 Errors in worker thread: 0
	 Put errors: 0, Del errors: 0, Get errors: 0
***END OF RAMP-UP-THREADS OUTPUT***

KP: 4416: pinned new thread to CPU=0x0
KP: 4416: sleeping to allow threads enough time
KP: 4416: waking up from sleep (0)
For multithreaded run ramp r:39-w:18-u:42-d:1
	 1535751 total ops (904662 puts + 615487 gets + 15602 dels)
	 2000000 in runtime (usecs) = 2 secs = 0.767875 ops/usec
	 452331.000000 op/sec put throughput (all threads)
	 307743.500000 op/sec get throughput (all threads)
	 7801.000000 op/sec del throughput (all threads)
	 767875.500000 op/sec total throughput (all threads)
	 Conflicts in worker thread: 0 (of 899 commits)
	 Errors in worker thread: 0
	 Put errors: 0, Del errors: 0, Get errors: 0
***END OF RAMP-UP-THREADS OUTPUT***

KP: 4416: pinned new thread to CPU=0x0
KP: 4416: sleeping to allow threads enough time
KP: 4416: waking up from sleep (0)
For multithreaded run ramp r:59-w:12-u:28-d:1
	 1846734 total ops (720619 puts + 1107470 gets + 18645 dels)
	 2000000 in runtime (usecs) = 2 secs = 0.923367 ops/usec
	 360309.500000 op/sec put throughput (all threads)
	 553735.000000 op/sec get throughput (all threads)
	 9322.500000 op/sec del throughput (all threads)
	 923367.000000 op/sec total throughput (all threads)
	 Conflicts in worker thread: 0 (of 722 commits)
	 Errors in worker thread: 0
	 Put errors: 0, Del errors: 0, Get errors: 0
***END OF RAMP-UP-THREADS OUTPUT***

KP: 4416: pinned new thread to CPU=0x0
KP: 4416: sleeping to allow threads enough time
KP: 4416: waking up from sleep (0)
For multithreaded run ramp r:79-w:6-u:14-d:1
	 2329179 total ops (443194 puts + 1862245 gets + 23740 dels)
	 2000000 in runtime (usecs) = 2 secs = 1.164590 ops/usec
	 221597.015625 op/sec put throughput (all threads)
	 931122.500000 op/sec get throughput (all threads)
	 11870.000000 op/sec del throughput (all threads)
	 1164589.500000 op/sec total throughput (all threads)
	 Conflicts in worker thread: 0 (of 456 commits)
	 Errors in worker thread: 0
	 Put errors: 0, Del errors: 0, Get errors: 0
***END OF RAMP-UP-THREADS OUTPUT***

KP: 4416: pinned new thread to CPU=0x0
KP: 4416: sleeping to allow threads enough time
KP: 4416: waking up from sleep (0)
For multithreaded run ramp r:99-w:0-u:0-d:1
	 3525444 total ops (0 puts + 3489718 gets + 35726 dels)
	 2000000 in runtime (usecs) = 2 secs = 1.762722 ops/usec
	 0.000000 op/sec put throughput (all threads)
	 1744859.000000 op/sec get throughput (all threads)
	 17863.000000 op/sec del throughput (all threads)
	 1762722.000000 op/sec total throughput (all threads)
	 Conflicts in worker thread: 0 (of 35 commits)
	 Errors in worker thread: 0
	 Put errors: 0, Del errors: 0, Get errors: 0
***END OF RAMP-UP-THREADS OUTPUT***

***CONCLUDING THREAD EVALUATION***
