KP: 5952: Using 128 for local hash table size (same as merge frequency), 1610000 for master hash table size
KP: 5952: Total memory allocation size (just evaluation, not kv stores themselves) could be up to 0 bytes (0 MB)
Will create 1610000 random integers for each child thread
Now starting evaluation for key-value store: kp_kvstore
On 16 cores
Running on storage platform: disk
Starting single-threaded tests

*** BEGINING SINGLE THREADED TESTS***

***NOW DOING LATENCY TEST ON INDIVIDUAL FUNCTIONS ***
For put-insert: 
	 time elapsed 0:36163 (sec:usec) = 36163 usecs 
	 iterations 10000 (merge every 64 -> 156 merges)
	 average cost 3.616300 usecs
	 Conflicts: 0 (of 157 commits)

For put-append: 
	 time elapsed 0:97792 (sec:usec) = 97792 usecs 
	 iterations 30000 (merge every 64 -> 468 merges)
	 average cost 3.259733 usecs
	 Conflicts: 0 (of 471 commits)

For get: 
	 time elapsed 0:129376 (sec:usec) = 129376 usecs 
	 iterations 30000 (merge every 64 -> 468 merges)
	 average cost 4.312533 usecs
	 Conflicts: 0 (of 0 commits)

For delete: 
	 time elapsed 0:58512 (sec:usec) = 58512 usecs 
	 iterations 30000 (merge every 64 -> 468 merges)
	 average cost 1.950400 usecs
	 Conflicts: 0 (of 471 commits)


*** CONCLUDING SINGLE THREADED TESTS***

Starting multi-threaded tests: num_threads=1, NUM_CPUS=16
KP: 5952: pinned new thread to CPU=0x0
KP: 5952: sleeping to allow threads enough time
KP: 5952: waking up from sleep (0)
For multithreaded run ramp r:-1-w:30-u:70-d:1
	 1095929 total ops (1085021 puts + 0 gets + 10908 dels)
	 2000000 in runtime (usecs) = 2 secs = 0.547965 ops/usec
	 542510.500000 op/sec put throughput (all threads)
	 0.000000 op/sec get throughput (all threads)
	 5454.000000 op/sec del throughput (all threads)
	 547964.500000 op/sec total throughput (all threads)
	 Conflicts in worker thread: 0 (of 17124 commits)
	 Errors in worker thread: 0
	 Put errors: 0, Del errors: 0, Get errors: 0
***END OF RAMP-UP-THREADS OUTPUT***

KP: 5952: pinned new thread to CPU=0x0
KP: 5952: sleeping to allow threads enough time
KP: 5952: waking up from sleep (0)
For multithreaded run ramp r:19-w:24-u:56-d:1
	 1246296 total ops (983687 puts + 250267 gets + 12342 dels)
	 2000000 in runtime (usecs) = 2 secs = 0.623148 ops/usec
	 491843.500000 op/sec put throughput (all threads)
	 125133.500000 op/sec get throughput (all threads)
	 6171.000000 op/sec del throughput (all threads)
	 623148.000000 op/sec total throughput (all threads)
	 Conflicts in worker thread: 0 (of 15563 commits)
	 Errors in worker thread: 0
	 Put errors: 0, Del errors: 0, Get errors: 0
***END OF RAMP-UP-THREADS OUTPUT***

KP: 5952: pinned new thread to CPU=0x0
KP: 5952: sleeping to allow threads enough time
KP: 5952: waking up from sleep (0)
For multithreaded run ramp r:39-w:18-u:42-d:1
	 1469968 total ops (866975 puts + 588560 gets + 14433 dels)
	 2000000 in runtime (usecs) = 2 secs = 0.734984 ops/usec
	 433487.500000 op/sec put throughput (all threads)
	 294280.000000 op/sec get throughput (all threads)
	 7216.500000 op/sec del throughput (all threads)
	 734984.000000 op/sec total throughput (all threads)
	 Conflicts in worker thread: 0 (of 13772 commits)
	 Errors in worker thread: 0
	 Put errors: 0, Del errors: 0, Get errors: 0
***END OF RAMP-UP-THREADS OUTPUT***

KP: 5952: pinned new thread to CPU=0x0
KP: 5952: sleeping to allow threads enough time
KP: 5952: waking up from sleep (0)
For multithreaded run ramp r:59-w:12-u:28-d:1
	 1776666 total ops (694075 puts + 1065199 gets + 17392 dels)
	 2000000 in runtime (usecs) = 2 secs = 0.888333 ops/usec
	 347037.500000 op/sec put throughput (all threads)
	 532599.500000 op/sec get throughput (all threads)
	 8696.000977 op/sec del throughput (all threads)
	 888333.000000 op/sec total throughput (all threads)
	 Conflicts in worker thread: 0 (of 11117 commits)
	 Errors in worker thread: 0
	 Put errors: 0, Del errors: 0, Get errors: 0
***END OF RAMP-UP-THREADS OUTPUT***

KP: 5952: pinned new thread to CPU=0x0
KP: 5952: sleeping to allow threads enough time
KP: 5952: waking up from sleep (0)
For multithreaded run ramp r:79-w:6-u:14-d:1
	 2274825 total ops (431990 puts + 1820369 gets + 22466 dels)
	 2000000 in runtime (usecs) = 2 secs = 1.137413 ops/usec
	 215995.000000 op/sec put throughput (all threads)
	 910184.500000 op/sec get throughput (all threads)
	 11233.000000 op/sec del throughput (all threads)
	 1137412.500000 op/sec total throughput (all threads)
	 Conflicts in worker thread: 0 (of 7101 commits)
	 Errors in worker thread: 0
	 Put errors: 0, Del errors: 0, Get errors: 0
***END OF RAMP-UP-THREADS OUTPUT***

KP: 5952: pinned new thread to CPU=0x0
KP: 5952: sleeping to allow threads enough time
KP: 5952: waking up from sleep (0)
For multithreaded run ramp r:99-w:0-u:0-d:1
	 3475894 total ops (0 puts + 3440969 gets + 34925 dels)
	 2000000 in runtime (usecs) = 2 secs = 1.737947 ops/usec
	 0.000000 op/sec put throughput (all threads)
	 1720484.500000 op/sec get throughput (all threads)
	 17462.500000 op/sec del throughput (all threads)
	 1737947.000000 op/sec total throughput (all threads)
	 Conflicts in worker thread: 0 (of 546 commits)
	 Errors in worker thread: 0
	 Put errors: 0, Del errors: 0, Get errors: 0
***END OF RAMP-UP-THREADS OUTPUT***

***CONCLUDING THREAD EVALUATION***
