KP: 8864: Using 16 for local hash table size (same as merge frequency), 1610000 for master hash table size
KP: 8864: Total memory allocation size (just evaluation, not kv stores themselves) could be up to 0 bytes (0 MB)
Will create 1610000 random integers for each child thread
Now starting evaluation for key-value store: kp_kvstore
On 16 cores
Running on storage platform: disk
Starting single-threaded tests

*** BEGINING SINGLE THREADED TESTS***

***NOW DOING LATENCY TEST ON INDIVIDUAL FUNCTIONS ***
For put-insert: 
	 time elapsed 0:30340 (sec:usec) = 30340 usecs 
	 iterations 10000 (merge every 8 -> 1250 merges)
	 average cost 3.034000 usecs
	 Conflicts: 0 (of 1249 commits)

For put-append: 
	 time elapsed 0:61897 (sec:usec) = 61897 usecs 
	 iterations 30000 (merge every 8 -> 3750 merges)
	 average cost 2.063233 usecs
	 Conflicts: 0 (of 3747 commits)

For get: 
	 time elapsed 0:27324 (sec:usec) = 27324 usecs 
	 iterations 30000 (merge every 8 -> 3750 merges)
	 average cost 0.910800 usecs
	 Conflicts: 0 (of 0 commits)

For delete: 
	 time elapsed 0:56204 (sec:usec) = 56204 usecs 
	 iterations 30000 (merge every 8 -> 3750 merges)
	 average cost 1.873467 usecs
	 Conflicts: 0 (of 3747 commits)


*** CONCLUDING SINGLE THREADED TESTS***

Starting multi-threaded tests: num_threads=1, NUM_CPUS=16
KP: 8864: pinned new thread to CPU=0x0
KP: 8864: sleeping to allow threads enough time
KP: 8864: waking up from sleep (0)
For multithreaded run ramp r:-1-w:30-u:70-d:1
	 1121662 total ops (1110374 puts + 0 gets + 11288 dels)
	 2000000 in runtime (usecs) = 2 secs = 0.560831 ops/usec
	 555187.000000 op/sec put throughput (all threads)
	 0.000000 op/sec get throughput (all threads)
	 5644.000488 op/sec del throughput (all threads)
	 560831.000000 op/sec total throughput (all threads)
	 Conflicts in worker thread: 0 (of 140208 commits)
	 Errors in worker thread: 0
	 Put errors: 0, Del errors: 0, Get errors: 0
***END OF RAMP-UP-THREADS OUTPUT***

KP: 8864: pinned new thread to CPU=0x0
KP: 8864: sleeping to allow threads enough time
KP: 8864: waking up from sleep (0)
For multithreaded run ramp r:19-w:24-u:56-d:1
	 1215886 total ops (960167 puts + 243582 gets + 12137 dels)
	 2000000 in runtime (usecs) = 2 secs = 0.607943 ops/usec
	 480083.500000 op/sec put throughput (all threads)
	 121791.000000 op/sec get throughput (all threads)
	 6068.500000 op/sec del throughput (all threads)
	 607943.000000 op/sec total throughput (all threads)
	 Conflicts in worker thread: 0 (of 121538 commits)
	 Errors in worker thread: 0
	 Put errors: 0, Del errors: 0, Get errors: 0
***END OF RAMP-UP-THREADS OUTPUT***

KP: 8864: pinned new thread to CPU=0x0
KP: 8864: sleeping to allow threads enough time
KP: 8864: waking up from sleep (0)
For multithreaded run ramp r:39-w:18-u:42-d:1
	 1410038 total ops (833087 puts + 562926 gets + 14025 dels)
	 2000000 in runtime (usecs) = 2 secs = 0.705019 ops/usec
	 416543.500000 op/sec put throughput (all threads)
	 281463.000000 op/sec get throughput (all threads)
	 7012.500000 op/sec del throughput (all threads)
	 705019.000000 op/sec total throughput (all threads)
	 Conflicts in worker thread: 0 (of 105889 commits)
	 Errors in worker thread: 0
	 Put errors: 0, Del errors: 0, Get errors: 0
***END OF RAMP-UP-THREADS OUTPUT***

KP: 8864: pinned new thread to CPU=0x0
KP: 8864: sleeping to allow threads enough time
KP: 8864: waking up from sleep (0)
For multithreaded run ramp r:59-w:12-u:28-d:1
	 1689006 total ops (658693 puts + 1013557 gets + 16756 dels)
	 2000000 in runtime (usecs) = 2 secs = 0.844503 ops/usec
	 329346.500000 op/sec put throughput (all threads)
	 506778.500000 op/sec get throughput (all threads)
	 8378.000000 op/sec del throughput (all threads)
	 844503.000000 op/sec total throughput (all threads)
	 Conflicts in worker thread: 0 (of 84432 commits)
	 Errors in worker thread: 0
	 Put errors: 0, Del errors: 0, Get errors: 0
***END OF RAMP-UP-THREADS OUTPUT***

KP: 8864: pinned new thread to CPU=0x0
KP: 8864: sleeping to allow threads enough time
KP: 8864: waking up from sleep (0)
For multithreaded run ramp r:79-w:6-u:14-d:1
	 2139271 total ops (405640 puts + 1712133 gets + 21498 dels)
	 2000000 in runtime (usecs) = 2 secs = 1.069636 ops/usec
	 202820.000000 op/sec put throughput (all threads)
	 856066.500000 op/sec get throughput (all threads)
	 10749.000000 op/sec del throughput (all threads)
	 1069635.500000 op/sec total throughput (all threads)
	 Conflicts in worker thread: 0 (of 53393 commits)
	 Errors in worker thread: 0
	 Put errors: 0, Del errors: 0, Get errors: 0
***END OF RAMP-UP-THREADS OUTPUT***

KP: 8864: pinned new thread to CPU=0x0
KP: 8864: sleeping to allow threads enough time
KP: 8864: waking up from sleep (0)
For multithreaded run ramp r:99-w:0-u:0-d:1
	 3316144 total ops (0 puts + 3283003 gets + 33141 dels)
	 2000000 in runtime (usecs) = 2 secs = 1.658072 ops/usec
	 0.000000 op/sec put throughput (all threads)
	 1641501.500000 op/sec get throughput (all threads)
	 16570.500000 op/sec del throughput (all threads)
	 1658072.000000 op/sec total throughput (all threads)
	 Conflicts in worker thread: 0 (of 4143 commits)
	 Errors in worker thread: 0
	 Put errors: 0, Del errors: 0, Get errors: 0
***END OF RAMP-UP-THREADS OUTPUT***

***CONCLUDING THREAD EVALUATION***
