KP: 3680: Using 16 for local hash table size (same as merge frequency), 1610000 for master hash table size
KP: 3680: Total memory allocation size (just evaluation, not kv stores themselves) could be up to 0 bytes (0 MB)
Will create 1610000 random integers for each child thread
Now starting evaluation for key-value store: kp_kvstore
On 16 cores
Running on storage platform: disk
Starting single-threaded tests

*** BEGINING SINGLE THREADED TESTS***

***NOW DOING LATENCY TEST ON INDIVIDUAL FUNCTIONS ***
For put-insert: 
	 time elapsed 0:34999 (sec:usec) = 34999 usecs 
	 iterations 10000 (merge every 8 -> 1250 merges)
	 average cost 3.499900 usecs
	 Conflicts: 0 (of 1249 commits)

For put-append: 
	 time elapsed 0:83093 (sec:usec) = 83093 usecs 
	 iterations 30000 (merge every 8 -> 3750 merges)
	 average cost 2.769767 usecs
	 Conflicts: 0 (of 3747 commits)

For get: 
	 time elapsed 0:66270 (sec:usec) = 66270 usecs 
	 iterations 30000 (merge every 8 -> 3750 merges)
	 average cost 2.209000 usecs
	 Conflicts: 0 (of 0 commits)

For delete: 
	 time elapsed 0:57843 (sec:usec) = 57843 usecs 
	 iterations 30000 (merge every 8 -> 3750 merges)
	 average cost 1.928100 usecs
	 Conflicts: 0 (of 3747 commits)


*** CONCLUDING SINGLE THREADED TESTS***

Starting multi-threaded tests: num_threads=1, NUM_CPUS=16
KP: 3680: pinned new thread to CPU=0x0
KP: 3680: sleeping to allow threads enough time
KP: 3680: waking up from sleep (0)
For multithreaded run ramp r:-1-w:30-u:70-d:1
	 973296 total ops (963516 puts + 0 gets + 9780 dels)
	 2000000 in runtime (usecs) = 2 secs = 0.486648 ops/usec
	 481758.000000 op/sec put throughput (all threads)
	 0.000000 op/sec get throughput (all threads)
	 4890.000000 op/sec del throughput (all threads)
	 486648.000000 op/sec total throughput (all threads)
	 Conflicts in worker thread: 0 (of 121662 commits)
	 Errors in worker thread: 0
	 Put errors: 0, Del errors: 0, Get errors: 0
***END OF RAMP-UP-THREADS OUTPUT***

KP: 3680: pinned new thread to CPU=0x0
KP: 3680: sleeping to allow threads enough time
KP: 3680: waking up from sleep (0)
For multithreaded run ramp r:19-w:24-u:56-d:1
	 1074486 total ops (849711 puts + 213933 gets + 10842 dels)
	 2000000 in runtime (usecs) = 2 secs = 0.537243 ops/usec
	 424855.500000 op/sec put throughput (all threads)
	 106966.500000 op/sec get throughput (all threads)
	 5421.000000 op/sec del throughput (all threads)
	 537243.000000 op/sec total throughput (all threads)
	 Conflicts in worker thread: 0 (of 107570 commits)
	 Errors in worker thread: 0
	 Put errors: 0, Del errors: 0, Get errors: 0
***END OF RAMP-UP-THREADS OUTPUT***

KP: 3680: pinned new thread to CPU=0x0
KP: 3680: sleeping to allow threads enough time
KP: 3680: waking up from sleep (0)
For multithreaded run ramp r:39-w:18-u:42-d:1
	 1255546 total ops (740803 puts + 502082 gets + 12661 dels)
	 2000000 in runtime (usecs) = 2 secs = 0.627773 ops/usec
	 370401.500000 op/sec put throughput (all threads)
	 251041.000000 op/sec get throughput (all threads)
	 6330.500000 op/sec del throughput (all threads)
	 627773.000000 op/sec total throughput (all threads)
	 Conflicts in worker thread: 0 (of 94183 commits)
	 Errors in worker thread: 0
	 Put errors: 0, Del errors: 0, Get errors: 0
***END OF RAMP-UP-THREADS OUTPUT***

KP: 3680: pinned new thread to CPU=0x0
KP: 3680: sleeping to allow threads enough time
KP: 3680: waking up from sleep (0)
For multithreaded run ramp r:59-w:12-u:28-d:1
	 1508185 total ops (589429 puts + 903577 gets + 15179 dels)
	 2000000 in runtime (usecs) = 2 secs = 0.754093 ops/usec
	 294714.500000 op/sec put throughput (all threads)
	 451788.500000 op/sec get throughput (all threads)
	 7589.500000 op/sec del throughput (all threads)
	 754092.500000 op/sec total throughput (all threads)
	 Conflicts in worker thread: 0 (of 75576 commits)
	 Errors in worker thread: 0
	 Put errors: 0, Del errors: 0, Get errors: 0
***END OF RAMP-UP-THREADS OUTPUT***

KP: 3680: pinned new thread to CPU=0x0
KP: 3680: sleeping to allow threads enough time
KP: 3680: waking up from sleep (0)
For multithreaded run ramp r:79-w:6-u:14-d:1
	 1924711 total ops (366227 puts + 1539519 gets + 18965 dels)
	 2000000 in runtime (usecs) = 2 secs = 0.962355 ops/usec
	 183113.500000 op/sec put throughput (all threads)
	 769759.500000 op/sec get throughput (all threads)
	 9482.500000 op/sec del throughput (all threads)
	 962355.500000 op/sec total throughput (all threads)
	 Conflicts in worker thread: 0 (of 48149 commits)
	 Errors in worker thread: 0
	 Put errors: 0, Del errors: 0, Get errors: 0
***END OF RAMP-UP-THREADS OUTPUT***

KP: 3680: pinned new thread to CPU=0x0
KP: 3680: sleeping to allow threads enough time
KP: 3680: waking up from sleep (0)
For multithreaded run ramp r:99-w:0-u:0-d:1
	 3130325 total ops (0 puts + 3099364 gets + 30961 dels)
	 2000000 in runtime (usecs) = 2 secs = 1.565163 ops/usec
	 0.000000 op/sec put throughput (all threads)
	 1549682.000000 op/sec get throughput (all threads)
	 15480.500000 op/sec del throughput (all threads)
	 1565162.500000 op/sec total throughput (all threads)
	 Conflicts in worker thread: 0 (of 3871 commits)
	 Errors in worker thread: 0
	 Put errors: 0, Del errors: 0, Get errors: 0
***END OF RAMP-UP-THREADS OUTPUT***

***CONCLUDING THREAD EVALUATION***
