KP: 9472: Using 512 for local hash table size (same as merge frequency), 1610000 for master hash table size
KP: 9472: Total memory allocation size (just evaluation, not kv stores themselves) could be up to 0 bytes (0 MB)
Will create 1610000 random integers for each child thread
Now starting evaluation for key-value store: LevelDB
On 16 cores
Running on storage platform: ramdisk
Starting single-threaded tests

*** BEGINING SINGLE THREADED TESTS***

ON PATH /mnt/pmfs/leveldb_client_name
***NOW DOING LATENCY TEST ON INDIVIDUAL FUNCTIONS ***
For put-insert: 
	 time elapsed 0:11414 (sec:usec) = 11414 usecs 
	 iterations 1000 (merge every 256 -> 3 merges)
	 average cost 11.414000 usecs
	 Conflicts: 0 (of 4 commits)

For put-append: 
	 time elapsed 0:44810 (sec:usec) = 44810 usecs 
	 iterations 3000 (merge every 256 -> 11 merges)
	 average cost 14.936666 usecs
	 Conflicts: 0 (of 12 commits)

For get: 
	 time elapsed 0:6670 (sec:usec) = 6670 usecs 
	 iterations 3000 (merge every 256 -> 11 merges)
	 average cost 2.223333 usecs
	 Conflicts: 0 (of 0 commits)

For delete: 
	 time elapsed 0:6931 (sec:usec) = 6931 usecs 
	 iterations 3000 (merge every 256 -> 11 merges)
	 average cost 2.310333 usecs
	 Conflicts: 0 (of 12 commits)


*** CONCLUDING SINGLE THREADED TESTS***

Starting multi-threaded tests: num_threads=1, NUM_CPUS=16
ON PATH /mnt/pmfs/leveldb_client_name
KP: 9472: pinned new thread to CPU=0x0
KP: 9472: sleeping to allow threads enough time
KP: 9472: waking up from sleep (0)
For multithreaded run ramp r:-1-w:30-u:70-d:1
	 85248 total ops (84418 puts + 0 gets + 830 dels)
	 2000000 in runtime (usecs) = 2 secs = 0.042624 ops/usec
	 42209.000000 op/sec put throughput (all threads)
	 0.000000 op/sec get throughput (all threads)
	 415.000000 op/sec del throughput (all threads)
	 42624.000000 op/sec total throughput (all threads)
	 Conflicts in worker thread: 0 (of 333 commits)
	 Errors in worker thread: 0
	 Put errors: 0, Del errors: 0, Get errors: 0
***END OF RAMP-UP-THREADS OUTPUT***

ON PATH /mnt/pmfs/leveldb_client_name
KP: 9472: pinned new thread to CPU=0x0
KP: 9472: sleeping to allow threads enough time
KP: 9472: waking up from sleep (0)
For multithreaded run ramp r:19-w:24-u:56-d:1
	 106518 total ops (84216 puts + 21270 gets + 1032 dels)
	 2000000 in runtime (usecs) = 2 secs = 0.053259 ops/usec
	 42108.000000 op/sec put throughput (all threads)
	 10635.000000 op/sec get throughput (all threads)
	 516.000000 op/sec del throughput (all threads)
	 53259.000000 op/sec total throughput (all threads)
	 Conflicts in worker thread: 0 (of 333 commits)
	 Errors in worker thread: 0
	 Put errors: 0, Del errors: 0, Get errors: 212
***END OF RAMP-UP-THREADS OUTPUT***

ON PATH /mnt/pmfs/leveldb_client_name
KP: 9472: pinned new thread to CPU=0x0
KP: 9472: sleeping to allow threads enough time
KP: 9472: waking up from sleep (0)
For multithreaded run ramp r:39-w:18-u:42-d:1
	 142648 total ops (83828 puts + 57400 gets + 1420 dels)
	 2000000 in runtime (usecs) = 2 secs = 0.071324 ops/usec
	 41914.000000 op/sec put throughput (all threads)
	 28700.000000 op/sec get throughput (all threads)
	 710.000000 op/sec del throughput (all threads)
	 71324.000000 op/sec total throughput (all threads)
	 Conflicts in worker thread: 0 (of 333 commits)
	 Errors in worker thread: 0
	 Put errors: 0, Del errors: 0, Get errors: 1283
***END OF RAMP-UP-THREADS OUTPUT***

ON PATH /mnt/pmfs/leveldb_client_name
KP: 9472: pinned new thread to CPU=0x0
KP: 9472: sleeping to allow threads enough time
KP: 9472: waking up from sleep (0)
For multithreaded run ramp r:59-w:12-u:28-d:1
	 185140 total ops (72143 puts + 111156 gets + 1841 dels)
	 2000000 in runtime (usecs) = 2 secs = 0.092570 ops/usec
	 36071.500000 op/sec put throughput (all threads)
	 55578.000000 op/sec get throughput (all threads)
	 920.499939 op/sec del throughput (all threads)
	 92570.000000 op/sec total throughput (all threads)
	 Conflicts in worker thread: 0 (of 289 commits)
	 Errors in worker thread: 0
	 Put errors: 0, Del errors: 0, Get errors: 5074
***END OF RAMP-UP-THREADS OUTPUT***

ON PATH /mnt/pmfs/leveldb_client_name
KP: 9472: pinned new thread to CPU=0x0
KP: 9472: sleeping to allow threads enough time
KP: 9472: waking up from sleep (0)
For multithreaded run ramp r:79-w:6-u:14-d:1
	 334913 total ops (63940 puts + 267585 gets + 3388 dels)
	 2000000 in runtime (usecs) = 2 secs = 0.167456 ops/usec
	 31970.000000 op/sec put throughput (all threads)
	 133792.500000 op/sec get throughput (all threads)
	 1694.000000 op/sec del throughput (all threads)
	 167456.500000 op/sec total throughput (all threads)
	 Conflicts in worker thread: 0 (of 263 commits)
	 Errors in worker thread: 0
	 Put errors: 0, Del errors: 0, Get errors: 15295
***END OF RAMP-UP-THREADS OUTPUT***

ON PATH /mnt/pmfs/leveldb_client_name
KP: 9472: pinned new thread to CPU=0x0
KP: 9472: sleeping to allow threads enough time
KP: 9472: waking up from sleep (0)
For multithreaded run ramp r:99-w:0-u:0-d:1
	 2239559 total ops (0 puts + 2217548 gets + 22011 dels)
	 2000000 in runtime (usecs) = 2 secs = 1.119779 ops/usec
	 0.000000 op/sec put throughput (all threads)
	 1108774.000000 op/sec get throughput (all threads)
	 11005.500000 op/sec del throughput (all threads)
	 1119779.500000 op/sec total throughput (all threads)
	 Conflicts in worker thread: 0 (of 86 commits)
	 Errors in worker thread: 0
	 Put errors: 0, Del errors: 0, Get errors: 2190870
***END OF RAMP-UP-THREADS OUTPUT***

***CONCLUDING THREAD EVALUATION***
