KP: 9504: Using 16 for local hash table size (same as merge frequency), 1610000 for master hash table size
KP: 9504: Total memory allocation size (just evaluation, not kv stores themselves) could be up to 0 bytes (0 MB)
Will create 268333 random integers for each child thread
Now starting evaluation for key-value store: LevelDB
On 16 cores
Running on storage platform: ramdisk
Starting single-threaded tests

*** BEGINING SINGLE THREADED TESTS***

ON PATH /mnt/pmfs/leveldb_client_name
***NOW DOING LATENCY TEST ON INDIVIDUAL FUNCTIONS ***
For put-insert: 
	 time elapsed 0:12908 (sec:usec) = 12908 usecs 
	 iterations 1000 (merge every 8 -> 125 merges)
	 average cost 12.908000 usecs
	 Conflicts: 0 (of 124 commits)

For put-append: 
	 time elapsed 0:41234 (sec:usec) = 41234 usecs 
	 iterations 3000 (merge every 8 -> 375 merges)
	 average cost 13.744667 usecs
	 Conflicts: 0 (of 372 commits)

For get: 
	 time elapsed 0:6038 (sec:usec) = 6038 usecs 
	 iterations 3000 (merge every 8 -> 375 merges)
	 average cost 2.012667 usecs
	 Conflicts: 0 (of 0 commits)

For delete: 
	 time elapsed 0:21636 (sec:usec) = 21636 usecs 
	 iterations 3000 (merge every 8 -> 375 merges)
	 average cost 7.212000 usecs
	 Conflicts: 0 (of 372 commits)


*** CONCLUDING SINGLE THREADED TESTS***

Starting multi-threaded tests: num_threads=6, NUM_CPUS=16
ON PATH /mnt/pmfs/leveldb_client_name
KP: 9504: pinned new thread to CPU=0x0
KP: 9504: pinned new thread to CPU=0x1
KP: 9504: pinned new thread to CPU=0x2
KP: 9504: pinned new thread to CPU=0x3
KP: 9504: pinned new thread to CPU=0x4
KP: 9504: pinned new thread to CPU=0x5
KP: 9504: sleeping to allow threads enough time
KP: 9504: waking up from sleep (0)
For multithreaded run ramp r:-1-w:30-u:70-d:1
	 112264 total ops (111130 puts + 0 gets + 1134 dels)
	 2000000 in runtime (usecs) = 2 secs = 0.056132 ops/usec
	 55565.000000 op/sec put throughput (all threads)
	 0.000000 op/sec get throughput (all threads)
	 567.000000 op/sec del throughput (all threads)
	 56132.000000 op/sec total throughput (all threads)
	 Conflicts in worker thread: 0 (of 14033 commits)
	 Errors in worker thread: 0
	 Put errors: 0, Del errors: 0, Get errors: 0
***END OF RAMP-UP-THREADS OUTPUT***

ON PATH /mnt/pmfs/leveldb_client_name
KP: 9504: pinned new thread to CPU=0x0
KP: 9504: pinned new thread to CPU=0x1
KP: 9504: pinned new thread to CPU=0x2
KP: 9504: pinned new thread to CPU=0x3
KP: 9504: pinned new thread to CPU=0x4
KP: 9504: pinned new thread to CPU=0x5
KP: 9504: sleeping to allow threads enough time
KP: 9504: waking up from sleep (0)
For multithreaded run ramp r:19-w:24-u:56-d:1
	 127961 total ops (101088 puts + 25609 gets + 1264 dels)
	 2000000 in runtime (usecs) = 2 secs = 0.063980 ops/usec
	 50544.000000 op/sec put throughput (all threads)
	 12804.500000 op/sec get throughput (all threads)
	 632.000000 op/sec del throughput (all threads)
	 63980.496094 op/sec total throughput (all threads)
	 Conflicts in worker thread: 0 (of 12794 commits)
	 Errors in worker thread: 0
	 Put errors: 0, Del errors: 0, Get errors: 42
***END OF RAMP-UP-THREADS OUTPUT***

ON PATH /mnt/pmfs/leveldb_client_name
KP: 9504: pinned new thread to CPU=0x0
KP: 9504: pinned new thread to CPU=0x1
KP: 9504: pinned new thread to CPU=0x2
KP: 9504: pinned new thread to CPU=0x3
KP: 9504: pinned new thread to CPU=0x4
KP: 9504: pinned new thread to CPU=0x5
KP: 9504: sleeping to allow threads enough time
KP: 9504: waking up from sleep (0)
For multithreaded run ramp r:39-w:18-u:42-d:1
	 173747 total ops (102416 puts + 69667 gets + 1664 dels)
	 2000000 in runtime (usecs) = 2 secs = 0.086874 ops/usec
	 51208.000000 op/sec put throughput (all threads)
	 34833.500000 op/sec get throughput (all threads)
	 832.000000 op/sec del throughput (all threads)
	 86873.500000 op/sec total throughput (all threads)
	 Conflicts in worker thread: 0 (of 13010 commits)
	 Errors in worker thread: 0
	 Put errors: 0, Del errors: 0, Get errors: 338
***END OF RAMP-UP-THREADS OUTPUT***

ON PATH /mnt/pmfs/leveldb_client_name
KP: 9504: pinned new thread to CPU=0x0
KP: 9504: pinned new thread to CPU=0x1
KP: 9504: pinned new thread to CPU=0x2
KP: 9504: pinned new thread to CPU=0x3
KP: 9504: pinned new thread to CPU=0x4
KP: 9504: pinned new thread to CPU=0x5
KP: 9504: sleeping to allow threads enough time
KP: 9504: waking up from sleep (0)
For multithreaded run ramp r:59-w:12-u:28-d:1
	 275036 total ops (107122 puts + 165227 gets + 2687 dels)
	 2000000 in runtime (usecs) = 2 secs = 0.137518 ops/usec
	 53561.000000 op/sec put throughput (all threads)
	 82613.500000 op/sec get throughput (all threads)
	 1343.500000 op/sec del throughput (all threads)
	 137518.000000 op/sec total throughput (all threads)
	 Conflicts in worker thread: 0 (of 13727 commits)
	 Errors in worker thread: 0
	 Put errors: 0, Del errors: 0, Get errors: 835
***END OF RAMP-UP-THREADS OUTPUT***

ON PATH /mnt/pmfs/leveldb_client_name
KP: 9504: pinned new thread to CPU=0x0
KP: 9504: pinned new thread to CPU=0x1
KP: 9504: pinned new thread to CPU=0x2
KP: 9504: pinned new thread to CPU=0x3
KP: 9504: pinned new thread to CPU=0x4
KP: 9504: pinned new thread to CPU=0x5
KP: 9504: sleeping to allow threads enough time
KP: 9504: waking up from sleep (0)
For multithreaded run ramp r:79-w:6-u:14-d:1
	 521730 total ops (99073 puts + 417479 gets + 5178 dels)
	 2000000 in runtime (usecs) = 2 secs = 0.260865 ops/usec
	 49536.500000 op/sec put throughput (all threads)
	 208739.500000 op/sec get throughput (all threads)
	 2589.000000 op/sec del throughput (all threads)
	 260865.000000 op/sec total throughput (all threads)
	 Conflicts in worker thread: 0 (of 13032 commits)
	 Errors in worker thread: 0
	 Put errors: 0, Del errors: 0, Get errors: 5790
***END OF RAMP-UP-THREADS OUTPUT***

ON PATH /mnt/pmfs/leveldb_client_name
KP: 9504: pinned new thread to CPU=0x0
KP: 9504: pinned new thread to CPU=0x1
KP: 9504: pinned new thread to CPU=0x2
KP: 9504: pinned new thread to CPU=0x3
KP: 9504: pinned new thread to CPU=0x4
KP: 9504: pinned new thread to CPU=0x5
KP: 9504: sleeping to allow threads enough time
KP: 9504: waking up from sleep (0)
For multithreaded run ramp r:99-w:0-u:0-d:1
	 2427589 total ops (0 puts + 2403665 gets + 23924 dels)
	 2000000 in runtime (usecs) = 2 secs = 1.213794 ops/usec
	 0.000000 op/sec put throughput (all threads)
	 1201832.500000 op/sec get throughput (all threads)
	 11962.000000 op/sec del throughput (all threads)
	 1213794.500000 op/sec total throughput (all threads)
	 Conflicts in worker thread: 0 (of 2993 commits)
	 Errors in worker thread: 0
	 Put errors: 0, Del errors: 0, Get errors: 395851
***END OF RAMP-UP-THREADS OUTPUT***

***CONCLUDING THREAD EVALUATION***
