KP: 928: Using 512 for local hash table size (same as merge frequency), 1610000 for master hash table size
KP: 928: Total memory allocation size (just evaluation, not kv stores themselves) could be up to 0 bytes (0 MB)
Will create 1610000 random integers for each child thread
Now starting evaluation for key-value store: Masstree
On 16 cores
Running on storage platform: disk
Starting single-threaded tests

*** BEGINING SINGLE THREADED TESTS***

***NOW DOING LATENCY TEST ON INDIVIDUAL FUNCTIONS ***
For put-insert: 
	 time elapsed 0:18196 (sec:usec) = 18196 usecs 
	 iterations 10000 (merge every 256 -> 39 merges)
	 average cost 1.819600 usecs
	 Conflicts: 0 (of 40 commits)

For put-append: 
	 time elapsed 0:58216 (sec:usec) = 58216 usecs 
	 iterations 30000 (merge every 256 -> 117 merges)
	 average cost 1.940533 usecs
	 Conflicts: 0 (of 120 commits)

For get: 
	 time elapsed 0:21301 (sec:usec) = 21301 usecs 
	 iterations 30000 (merge every 256 -> 117 merges)
	 average cost 0.710033 usecs
	 Conflicts: 0 (of 0 commits)

For delete: 
	 time elapsed 0:20518 (sec:usec) = 20518 usecs 
	 iterations 30000 (merge every 256 -> 117 merges)
	 average cost 0.683933 usecs
	 Conflicts: 0 (of 120 commits)


*** CONCLUDING SINGLE THREADED TESTS***

Starting multi-threaded tests: num_threads=1, NUM_CPUS=16
KP: 928: pinned new thread to CPU=0x0
KP: 928: sleeping to allow threads enough time
KP: 928: waking up from sleep (0)
For multithreaded run ramp r:-1-w:30-u:70-d:1
	 1225750 total ops (1213381 puts + 0 gets + 12369 dels)
	 2000000 in runtime (usecs) = 2 secs = 0.612875 ops/usec
	 606690.500000 op/sec put throughput (all threads)
	 0.000000 op/sec get throughput (all threads)
	 6184.500000 op/sec del throughput (all threads)
	 612875.000000 op/sec total throughput (all threads)
	 Conflicts in worker thread: 0 (of 4789 commits)
	 Errors in worker thread: 0
	 Put errors: 0, Del errors: 0, Get errors: 0
***END OF RAMP-UP-THREADS OUTPUT***

KP: 928: pinned new thread to CPU=0x0
KP: 928: sleeping to allow threads enough time
KP: 928: pinned new thread to CPU=0x0
KP: 928: sleeping to allow threads enough time
KP: 928: pinned new thread to CPU=0x0
KP: 928: sleeping to allow threads enough time
KP: 928: pinned new thread to CPU=0x0
KP: 928: sleeping to allow threads enough time
KP: 928: pinned new thread to CPU=0x0
KP: 928: sleeping to allow threads enough time
KP: 928: waking up from sleep (0)
For multithreaded run ramp r:99-w:0-u:0-d:1
	 2960649 total ops (0 puts + 2930560 gets + 30089 dels)
	 2000000 in runtime (usecs) = 2 secs = 1.480325 ops/usec
	 0.000000 op/sec put throughput (all threads)
	 1465280.000000 op/sec get throughput (all threads)
	 15044.500000 op/sec del throughput (all threads)
	 1480324.500000 op/sec total throughput (all threads)
	 Conflicts in worker thread: 0 (of 118 commits)
	 Errors in worker thread: 0
	 Put errors: 0, Del errors: 0, Get errors: 0
***END OF RAMP-UP-THREADS OUTPUT***

***CONCLUDING THREAD EVALUATION***
