KP: 5920: Using 16 for local hash table size (same as merge frequency), 1610000 for master hash table size
KP: 5920: Total memory allocation size (just evaluation, not kv stores themselves) could be up to 0 bytes (0 MB)
Will create 1610000 random integers for each child thread
Now starting evaluation for key-value store: Masstree
On 16 cores
Running on storage platform: disk
Starting single-threaded tests

*** BEGINING SINGLE THREADED TESTS***

***NOW DOING LATENCY TEST ON INDIVIDUAL FUNCTIONS ***
For put-insert: 
	 time elapsed 0:9965 (sec:usec) = 9965 usecs 
	 iterations 10000 (merge every 8 -> 1250 merges)
	 average cost 0.996500 usecs
	 Conflicts: 0 (of 1249 commits)

For put-append: 
	 time elapsed 0:27161 (sec:usec) = 27161 usecs 
	 iterations 30000 (merge every 8 -> 3750 merges)
	 average cost 0.905367 usecs
	 Conflicts: 0 (of 3747 commits)

For get: 
	 time elapsed 0:20907 (sec:usec) = 20907 usecs 
	 iterations 30000 (merge every 8 -> 3750 merges)
	 average cost 0.696900 usecs
	 Conflicts: 0 (of 0 commits)

For delete: 
	 time elapsed 0:20557 (sec:usec) = 20557 usecs 
	 iterations 30000 (merge every 8 -> 3750 merges)
	 average cost 0.685233 usecs
	 Conflicts: 0 (of 3747 commits)


*** CONCLUDING SINGLE THREADED TESTS***

Starting multi-threaded tests: num_threads=1, NUM_CPUS=16
KP: 5920: pinned new thread to CPU=0x0
KP: 5920: sleeping to allow threads enough time
KP: 5920: waking up from sleep (0)
For multithreaded run ramp r:-1-w:30-u:70-d:1
	 2208066 total ops (2185755 puts + 0 gets + 22311 dels)
	 2000000 in runtime (usecs) = 2 secs = 1.104033 ops/usec
	 1092877.500000 op/sec put throughput (all threads)
	 0.000000 op/sec get throughput (all threads)
	 11155.500000 op/sec del throughput (all threads)
	 1104033.000000 op/sec total throughput (all threads)
	 Conflicts in worker thread: 0 (of 276009 commits)
	 Errors in worker thread: 0
	 Put errors: 0, Del errors: 0, Get errors: 0
***END OF RAMP-UP-THREADS OUTPUT***

KP: 5920: pinned new thread to CPU=0x0
KP: 5920: sleeping to allow threads enough time
KP: 5920: pinned new thread to CPU=0x0
KP: 5920: sleeping to allow threads enough time
KP: 5920: pinned new thread to CPU=0x0
KP: 5920: sleeping to allow threads enough time
KP: 5920: pinned new thread to CPU=0x0
KP: 5920: sleeping to allow threads enough time
KP: 5920: pinned new thread to CPU=0x0
KP: 5920: sleeping to allow threads enough time
KP: 5920: waking up from sleep (0)
For multithreaded run ramp r:99-w:0-u:0-d:1
	 2974325 total ops (0 puts + 2944732 gets + 29593 dels)
	 2000000 in runtime (usecs) = 2 secs = 1.487162 ops/usec
	 0.000000 op/sec put throughput (all threads)
	 1472366.000000 op/sec get throughput (all threads)
	 14796.500000 op/sec del throughput (all threads)
	 1487162.500000 op/sec total throughput (all threads)
	 Conflicts in worker thread: 0 (of 3700 commits)
	 Errors in worker thread: 0
	 Put errors: 0, Del errors: 0, Get errors: 0
***END OF RAMP-UP-THREADS OUTPUT***

***CONCLUDING THREAD EVALUATION***
