KP: 8560: Using 16 for local hash table size (same as merge frequency), 1610000 for master hash table size
KP: 8560: Total memory allocation size (just evaluation, not kv stores themselves) could be up to 0 bytes (0 MB)
Will create 1610000 random integers for each child thread
Now starting evaluation for key-value store: Masstree
On 16 cores
Running on storage platform: disk
Starting single-threaded tests

*** BEGINING SINGLE THREADED TESTS***

***NOW DOING LATENCY TEST ON INDIVIDUAL FUNCTIONS ***
For put-insert: 
	 time elapsed 0:458577 (sec:usec) = 458577 usecs 
	 iterations 10000 (merge every 8 -> 1250 merges)
	 average cost 45.857700 usecs
	 Conflicts: 0 (of 1249 commits)

For put-append: 
	 time elapsed 1:377233 (sec:usec) = 1377233 usecs 
	 iterations 30000 (merge every 8 -> 3750 merges)
	 average cost 45.907768 usecs
	 Conflicts: 0 (of 3747 commits)

For get: 
	 time elapsed 0:24705 (sec:usec) = 24705 usecs 
	 iterations 30000 (merge every 8 -> 3750 merges)
	 average cost 0.823500 usecs
	 Conflicts: 0 (of 0 commits)

For delete: 
	 time elapsed 0:21787 (sec:usec) = 21787 usecs 
	 iterations 30000 (merge every 8 -> 3750 merges)
	 average cost 0.726233 usecs
	 Conflicts: 0 (of 3747 commits)


*** CONCLUDING SINGLE THREADED TESTS***

Starting multi-threaded tests: num_threads=1, NUM_CPUS=16
KP: 8560: pinned new thread to CPU=0x0
KP: 8560: sleeping to allow threads enough time
KP: 8560: waking up from sleep (0)
For multithreaded run ramp r:-1-w:30-u:70-d:1
	 48271 total ops (47810 puts + 0 gets + 461 dels)
	 2000000 in runtime (usecs) = 2 secs = 0.024136 ops/usec
	 23905.000000 op/sec put throughput (all threads)
	 0.000000 op/sec get throughput (all threads)
	 230.500000 op/sec del throughput (all threads)
	 24135.500000 op/sec total throughput (all threads)
	 Conflicts in worker thread: 0 (of 6034 commits)
	 Errors in worker thread: 0
	 Put errors: 0, Del errors: 0, Get errors: 0
***END OF RAMP-UP-THREADS OUTPUT***

KP: 8560: pinned new thread to CPU=0x0
KP: 8560: sleeping to allow threads enough time
KP: 8560: pinned new thread to CPU=0x0
KP: 8560: sleeping to allow threads enough time
KP: 8560: pinned new thread to CPU=0x0
KP: 8560: sleeping to allow threads enough time
KP: 8560: pinned new thread to CPU=0x0
KP: 8560: sleeping to allow threads enough time
KP: 8560: pinned new thread to CPU=0x0
KP: 8560: sleeping to allow threads enough time
KP: 8560: waking up from sleep (0)
For multithreaded run ramp r:99-w:0-u:0-d:1
	 2970868 total ops (0 puts + 2941133 gets + 29735 dels)
	 2000000 in runtime (usecs) = 2 secs = 1.485434 ops/usec
	 0.000000 op/sec put throughput (all threads)
	 1470566.500000 op/sec get throughput (all threads)
	 14867.500000 op/sec del throughput (all threads)
	 1485434.000000 op/sec total throughput (all threads)
	 Conflicts in worker thread: 0 (of 3717 commits)
	 Errors in worker thread: 0
	 Put errors: 0, Del errors: 0, Get errors: 0
***END OF RAMP-UP-THREADS OUTPUT***

***CONCLUDING THREAD EVALUATION***
