KP: 7856: Using 16 for local hash table size (same as merge frequency), 1610000 for master hash table size
KP: 7856: Total memory allocation size (just evaluation, not kv stores themselves) could be up to 0 bytes (0 MB)
Will create 1610000 random integers for each child thread
Now starting evaluation for key-value store: Masstree
On 16 cores
Running on storage platform: disk
Starting single-threaded tests

*** BEGINING SINGLE THREADED TESTS***

***NOW DOING LATENCY TEST ON INDIVIDUAL FUNCTIONS ***
For put-insert: 
	 time elapsed 0:134039 (sec:usec) = 134039 usecs 
	 iterations 10000 (merge every 8 -> 1250 merges)
	 average cost 13.403900 usecs
	 Conflicts: 0 (of 1249 commits)

For put-append: 
	 time elapsed 0:400700 (sec:usec) = 400700 usecs 
	 iterations 30000 (merge every 8 -> 3750 merges)
	 average cost 13.356667 usecs
	 Conflicts: 0 (of 3747 commits)

For get: 
	 time elapsed 0:24084 (sec:usec) = 24084 usecs 
	 iterations 30000 (merge every 8 -> 3750 merges)
	 average cost 0.802800 usecs
	 Conflicts: 0 (of 0 commits)

For delete: 
	 time elapsed 0:21583 (sec:usec) = 21583 usecs 
	 iterations 30000 (merge every 8 -> 3750 merges)
	 average cost 0.719433 usecs
	 Conflicts: 0 (of 3747 commits)


*** CONCLUDING SINGLE THREADED TESTS***

Starting multi-threaded tests: num_threads=1, NUM_CPUS=16
KP: 7856: pinned new thread to CPU=0x0
KP: 7856: sleeping to allow threads enough time
KP: 7856: waking up from sleep (0)
For multithreaded run ramp r:-1-w:30-u:70-d:1
	 161306 total ops (159705 puts + 0 gets + 1601 dels)
	 2000000 in runtime (usecs) = 2 secs = 0.080653 ops/usec
	 79852.500000 op/sec put throughput (all threads)
	 0.000000 op/sec get throughput (all threads)
	 800.499939 op/sec del throughput (all threads)
	 80653.000000 op/sec total throughput (all threads)
	 Conflicts in worker thread: 0 (of 20164 commits)
	 Errors in worker thread: 0
	 Put errors: 0, Del errors: 0, Get errors: 0
***END OF RAMP-UP-THREADS OUTPUT***

KP: 7856: pinned new thread to CPU=0x0
KP: 7856: sleeping to allow threads enough time
KP: 7856: pinned new thread to CPU=0x0
KP: 7856: sleeping to allow threads enough time
KP: 7856: pinned new thread to CPU=0x0
KP: 7856: sleeping to allow threads enough time
KP: 7856: pinned new thread to CPU=0x0
KP: 7856: sleeping to allow threads enough time
KP: 7856: pinned new thread to CPU=0x0
KP: 7856: sleeping to allow threads enough time
KP: 7856: waking up from sleep (0)
For multithreaded run ramp r:99-w:0-u:0-d:1
	 2971239 total ops (0 puts + 2941849 gets + 29390 dels)
	 2000000 in runtime (usecs) = 2 secs = 1.485620 ops/usec
	 0.000000 op/sec put throughput (all threads)
	 1470924.500000 op/sec get throughput (all threads)
	 14695.000000 op/sec del throughput (all threads)
	 1485619.500000 op/sec total throughput (all threads)
	 Conflicts in worker thread: 0 (of 3674 commits)
	 Errors in worker thread: 0
	 Put errors: 0, Del errors: 0, Get errors: 0
***END OF RAMP-UP-THREADS OUTPUT***

***CONCLUDING THREAD EVALUATION***
