KP: 2496: Using 16 for local hash table size (same as merge frequency), 1610000 for master hash table size
KP: 2496: Total memory allocation size (just evaluation, not kv stores themselves) could be up to 0 bytes (0 MB)
Will create 1610000 random integers for each child thread
Now starting evaluation for key-value store: Masstree
On 16 cores
Running on storage platform: disk
Starting single-threaded tests

*** BEGINING SINGLE THREADED TESTS***

***NOW DOING LATENCY TEST ON INDIVIDUAL FUNCTIONS ***
For put-insert: 
	 time elapsed 0:70404 (sec:usec) = 70404 usecs 
	 iterations 10000 (merge every 8 -> 1250 merges)
	 average cost 7.040400 usecs
	 Conflicts: 0 (of 1249 commits)

For put-append: 
	 time elapsed 0:202234 (sec:usec) = 202234 usecs 
	 iterations 30000 (merge every 8 -> 3750 merges)
	 average cost 6.741133 usecs
	 Conflicts: 0 (of 3747 commits)

For get: 
	 time elapsed 0:22223 (sec:usec) = 22223 usecs 
	 iterations 30000 (merge every 8 -> 3750 merges)
	 average cost 0.740767 usecs
	 Conflicts: 0 (of 0 commits)

For delete: 
	 time elapsed 0:20692 (sec:usec) = 20692 usecs 
	 iterations 30000 (merge every 8 -> 3750 merges)
	 average cost 0.689733 usecs
	 Conflicts: 0 (of 3747 commits)


*** CONCLUDING SINGLE THREADED TESTS***

Starting multi-threaded tests: num_threads=1, NUM_CPUS=16
KP: 2496: pinned new thread to CPU=0x0
KP: 2496: sleeping to allow threads enough time
KP: 2496: waking up from sleep (0)
For multithreaded run ramp r:-1-w:30-u:70-d:1
	 323639 total ops (320395 puts + 0 gets + 3244 dels)
	 2000000 in runtime (usecs) = 2 secs = 0.161820 ops/usec
	 160197.500000 op/sec put throughput (all threads)
	 0.000000 op/sec get throughput (all threads)
	 1622.000000 op/sec del throughput (all threads)
	 161819.500000 op/sec total throughput (all threads)
	 Conflicts in worker thread: 0 (of 40455 commits)
	 Errors in worker thread: 0
	 Put errors: 0, Del errors: 0, Get errors: 0
***END OF RAMP-UP-THREADS OUTPUT***

KP: 2496: pinned new thread to CPU=0x0
KP: 2496: sleeping to allow threads enough time
KP: 2496: pinned new thread to CPU=0x0
KP: 2496: sleeping to allow threads enough time
KP: 2496: pinned new thread to CPU=0x0
KP: 2496: sleeping to allow threads enough time
KP: 2496: pinned new thread to CPU=0x0
KP: 2496: sleeping to allow threads enough time
KP: 2496: pinned new thread to CPU=0x0
KP: 2496: sleeping to allow threads enough time
KP: 2496: waking up from sleep (0)
For multithreaded run ramp r:99-w:0-u:0-d:1
	 2980168 total ops (0 puts + 2949967 gets + 30201 dels)
	 2000000 in runtime (usecs) = 2 secs = 1.490084 ops/usec
	 0.000000 op/sec put throughput (all threads)
	 1474983.500000 op/sec get throughput (all threads)
	 15100.500000 op/sec del throughput (all threads)
	 1490084.000000 op/sec total throughput (all threads)
	 Conflicts in worker thread: 0 (of 3776 commits)
	 Errors in worker thread: 0
	 Put errors: 0, Del errors: 0, Get errors: 0
***END OF RAMP-UP-THREADS OUTPUT***

***CONCLUDING THREAD EVALUATION***
