KP: 3184: Using 16 for local hash table size (same as merge frequency), 1610000 for master hash table size
KP: 3184: Total memory allocation size (just evaluation, not kv stores themselves) could be up to 0 bytes (0 MB)
Will create 402500 random integers for each child thread
Now starting evaluation for key-value store: LevelDB
On 16 cores
Running on storage platform: ramdisk
Starting single-threaded tests

*** BEGINING SINGLE THREADED TESTS***

ON PATH /mnt/pmfs/leveldb_client_name
***NOW DOING LATENCY TEST ON INDIVIDUAL FUNCTIONS ***
For put-insert: 
	 time elapsed 0:12910 (sec:usec) = 12910 usecs 
	 iterations 1000 (merge every 8 -> 125 merges)
	 average cost 12.910000 usecs
	 Conflicts: 0 (of 124 commits)

For put-append: 
	 time elapsed 0:41152 (sec:usec) = 41152 usecs 
	 iterations 3000 (merge every 8 -> 375 merges)
	 average cost 13.717334 usecs
	 Conflicts: 0 (of 372 commits)

For get: 
	 time elapsed 0:5850 (sec:usec) = 5850 usecs 
	 iterations 3000 (merge every 8 -> 375 merges)
	 average cost 1.950000 usecs
	 Conflicts: 0 (of 0 commits)

For delete: 
	 time elapsed 0:32115 (sec:usec) = 32115 usecs 
	 iterations 3000 (merge every 8 -> 375 merges)
	 average cost 10.705000 usecs
	 Conflicts: 0 (of 372 commits)


*** CONCLUDING SINGLE THREADED TESTS***

Starting multi-threaded tests: num_threads=4, NUM_CPUS=16
ON PATH /mnt/pmfs/leveldb_client_name
KP: 3184: pinned new thread to CPU=0x0
KP: 3184: pinned new thread to CPU=0x1
KP: 3184: pinned new thread to CPU=0x2
KP: 3184: pinned new thread to CPU=0x3
KP: 3184: sleeping to allow threads enough time
KP: 3184: waking up from sleep (0)
For multithreaded run ramp r:-1-w:30-u:70-d:1
	 101040 total ops (100063 puts + 0 gets + 977 dels)
	 2000000 in runtime (usecs) = 2 secs = 0.050520 ops/usec
	 50031.500000 op/sec put throughput (all threads)
	 0.000000 op/sec get throughput (all threads)
	 488.500000 op/sec del throughput (all threads)
	 50520.000000 op/sec total throughput (all threads)
	 Conflicts in worker thread: 0 (of 12630 commits)
	 Errors in worker thread: 0
	 Put errors: 0, Del errors: 0, Get errors: 0
***END OF RAMP-UP-THREADS OUTPUT***

ON PATH /mnt/pmfs/leveldb_client_name
KP: 3184: pinned new thread to CPU=0x0
KP: 3184: pinned new thread to CPU=0x1
KP: 3184: pinned new thread to CPU=0x2
KP: 3184: pinned new thread to CPU=0x3
KP: 3184: sleeping to allow threads enough time
KP: 3184: waking up from sleep (0)
For multithreaded run ramp r:19-w:24-u:56-d:1
	 128296 total ops (101588 puts + 25432 gets + 1276 dels)
	 2000000 in runtime (usecs) = 2 secs = 0.064148 ops/usec
	 50794.000000 op/sec put throughput (all threads)
	 12716.000000 op/sec get throughput (all threads)
	 638.000000 op/sec del throughput (all threads)
	 64148.000000 op/sec total throughput (all threads)
	 Conflicts in worker thread: 0 (of 12858 commits)
	 Errors in worker thread: 0
	 Put errors: 0, Del errors: 0, Get errors: 117
***END OF RAMP-UP-THREADS OUTPUT***

ON PATH /mnt/pmfs/leveldb_client_name
KP: 3184: pinned new thread to CPU=0x0
KP: 3184: pinned new thread to CPU=0x1
KP: 3184: pinned new thread to CPU=0x2
KP: 3184: pinned new thread to CPU=0x3
KP: 3184: sleeping to allow threads enough time
KP: 3184: waking up from sleep (0)
For multithreaded run ramp r:39-w:18-u:42-d:1
	 170646 total ops (100998 puts + 67950 gets + 1698 dels)
	 2000000 in runtime (usecs) = 2 secs = 0.085323 ops/usec
	 50499.000000 op/sec put throughput (all threads)
	 33975.000000 op/sec get throughput (all threads)
	 849.000000 op/sec del throughput (all threads)
	 85323.000000 op/sec total throughput (all threads)
	 Conflicts in worker thread: 0 (of 12837 commits)
	 Errors in worker thread: 0
	 Put errors: 0, Del errors: 0, Get errors: 249
***END OF RAMP-UP-THREADS OUTPUT***

ON PATH /mnt/pmfs/leveldb_client_name
KP: 3184: pinned new thread to CPU=0x0
KP: 3184: pinned new thread to CPU=0x1
KP: 3184: pinned new thread to CPU=0x2
KP: 3184: pinned new thread to CPU=0x3
KP: 3184: sleeping to allow threads enough time
KP: 3184: waking up from sleep (0)
For multithreaded run ramp r:59-w:12-u:28-d:1
	 251222 total ops (97787 puts + 150950 gets + 2485 dels)
	 2000000 in runtime (usecs) = 2 secs = 0.125611 ops/usec
	 48893.500000 op/sec put throughput (all threads)
	 75475.000000 op/sec get throughput (all threads)
	 1242.500000 op/sec del throughput (all threads)
	 125611.007812 op/sec total throughput (all threads)
	 Conflicts in worker thread: 0 (of 12534 commits)
	 Errors in worker thread: 0
	 Put errors: 0, Del errors: 0, Get errors: 847
***END OF RAMP-UP-THREADS OUTPUT***

ON PATH /mnt/pmfs/leveldb_client_name
KP: 3184: pinned new thread to CPU=0x0
KP: 3184: pinned new thread to CPU=0x1
KP: 3184: pinned new thread to CPU=0x2
KP: 3184: pinned new thread to CPU=0x3
KP: 3184: sleeping to allow threads enough time
KP: 3184: waking up from sleep (0)
For multithreaded run ramp r:79-w:6-u:14-d:1
	 482690 total ops (91646 puts + 386362 gets + 4682 dels)
	 2000000 in runtime (usecs) = 2 secs = 0.241345 ops/usec
	 45823.000000 op/sec put throughput (all threads)
	 193181.015625 op/sec get throughput (all threads)
	 2341.000000 op/sec del throughput (all threads)
	 241345.000000 op/sec total throughput (all threads)
	 Conflicts in worker thread: 0 (of 12041 commits)
	 Errors in worker thread: 0
	 Put errors: 0, Del errors: 0, Get errors: 4924
***END OF RAMP-UP-THREADS OUTPUT***

ON PATH /mnt/pmfs/leveldb_client_name
KP: 3184: pinned new thread to CPU=0x0
KP: 3184: pinned new thread to CPU=0x1
KP: 3184: pinned new thread to CPU=0x2
KP: 3184: pinned new thread to CPU=0x3
KP: 3184: sleeping to allow threads enough time
KP: 3184: waking up from sleep (0)
For multithreaded run ramp r:99-w:0-u:0-d:1
	 2751038 total ops (0 puts + 2723443 gets + 27595 dels)
	 2000000 in runtime (usecs) = 2 secs = 1.375519 ops/usec
	 0.000000 op/sec put throughput (all threads)
	 1361721.500000 op/sec get throughput (all threads)
	 13797.500000 op/sec del throughput (all threads)
	 1375519.000000 op/sec total throughput (all threads)
	 Conflicts in worker thread: 0 (of 3451 commits)
	 Errors in worker thread: 0
	 Put errors: 0, Del errors: 0, Get errors: 715399
***END OF RAMP-UP-THREADS OUTPUT***

***CONCLUDING THREAD EVALUATION***
