KP: 7856: Using 16 for local hash table size (same as merge frequency), 2893584 for master hash table size
KP: 7856: Total memory allocation size (just evaluation, not kv stores themselves) could be up to 0 bytes (0 MB)
Will create 2893584 random integers for each child thread
Now starting evaluation for key-value store: Masstree
On 16 cores
Running on storage platform: disk
Starting single-threaded tests

*** BEGINING SINGLE THREADED TESTS***

***NOW DOING LATENCY TEST ON INDIVIDUAL FUNCTIONS ***
For put-insert: 
	 time elapsed 0:228036 (sec:usec) = 228036 usecs 
	 iterations 262144 (merge every 8 -> 32768 merges)
	 average cost 0.869888 usecs
	 Conflicts: 0 (of 32767 commits)

For put-append: 
	 time elapsed 0:720636 (sec:usec) = 720636 usecs 
	 iterations 786432 (merge every 8 -> 98304 merges)
	 average cost 0.916336 usecs
	 Conflicts: 0 (of 98301 commits)

For get: 
	 time elapsed 0:568632 (sec:usec) = 568632 usecs 
	 iterations 786432 (merge every 8 -> 98304 merges)
	 average cost 0.723053 usecs
	 Conflicts: 0 (of 0 commits)

For delete: 
	 time elapsed 0:547989 (sec:usec) = 547989 usecs 
	 iterations 786432 (merge every 8 -> 98304 merges)
	 average cost 0.696804 usecs
	 Conflicts: 0 (of 98301 commits)


*** CONCLUDING SINGLE THREADED TESTS***

Starting multi-threaded tests: num_threads=1, NUM_CPUS=16
KP: 7856: pinned new thread to CPU=0x0
KP: 7856: sleeping to allow threads enough time
KP: 7856: waking up from sleep (0)
For multithreaded run ramp r:-1-w:30-u:70-d:1
	 2286958 total ops (2263987 puts + 0 gets + 22971 dels)
	 2000000 in runtime (usecs) = 2 secs = 1.143479 ops/usec
	 1131993.500000 op/sec put throughput (all threads)
	 0.000000 op/sec get throughput (all threads)
	 11485.500000 op/sec del throughput (all threads)
	 1143479.000000 op/sec total throughput (all threads)
	 Conflicts in worker thread: 0 (of 285870 commits)
	 Errors in worker thread: 0
	 Put errors: 0, Del errors: 0, Get errors: 0
***END OF RAMP-UP-THREADS OUTPUT***

KP: 7856: pinned new thread to CPU=0x0
KP: 7856: sleeping to allow threads enough time
KP: 7856: pinned new thread to CPU=0x0
KP: 7856: sleeping to allow threads enough time
KP: 7856: pinned new thread to CPU=0x0
KP: 7856: sleeping to allow threads enough time
KP: 7856: pinned new thread to CPU=0x0
KP: 7856: sleeping to allow threads enough time
KP: 7856: pinned new thread to CPU=0x0
KP: 7856: sleeping to allow threads enough time
KP: 7856: waking up from sleep (0)
For multithreaded run ramp r:99-w:0-u:0-d:1
	 2942577 total ops (0 puts + 2913284 gets + 29293 dels)
	 2000000 in runtime (usecs) = 2 secs = 1.471288 ops/usec
	 0.000000 op/sec put throughput (all threads)
	 1456642.125000 op/sec get throughput (all threads)
	 14646.500000 op/sec del throughput (all threads)
	 1471288.500000 op/sec total throughput (all threads)
	 Conflicts in worker thread: 0 (of 3662 commits)
	 Errors in worker thread: 0
	 Put errors: 0, Del errors: 0, Get errors: 0
***END OF RAMP-UP-THREADS OUTPUT***

***CONCLUDING THREAD EVALUATION***
