KP: 368: Using 16 for local hash table size (same as merge frequency), 1610000 for master hash table size
KP: 368: Total memory allocation size (just evaluation, not kv stores themselves) could be up to 0 bytes (0 MB)
Will create 1610000 random integers for each child thread
Now starting evaluation for key-value store: Masstree
On 16 cores
Running on storage platform: disk
Starting single-threaded tests

*** BEGINING SINGLE THREADED TESTS***

***NOW DOING LATENCY TEST ON INDIVIDUAL FUNCTIONS ***
For put-insert: 
	 time elapsed 0:1945 (sec:usec) = 1945 usecs 
	 iterations 4 (merge every 8 -> 0 merges)
	 average cost 486.250000 usecs
	 Conflicts: 0 (of 1 commits)

For put-append: 
	 time elapsed 0:1211 (sec:usec) = 1211 usecs 
	 iterations 12 (merge every 8 -> 1 merges)
	 average cost 100.916664 usecs
	 Conflicts: 0 (of 3 commits)

For get: 
	 time elapsed 0:15 (sec:usec) = 15 usecs 
	 iterations 12 (merge every 8 -> 1 merges)
	 average cost 1.250000 usecs
	 Conflicts: 0 (of 0 commits)

For delete: 
	 time elapsed 0:15 (sec:usec) = 15 usecs 
	 iterations 12 (merge every 8 -> 1 merges)
	 average cost 1.250000 usecs
	 Conflicts: 0 (of 3 commits)


*** CONCLUDING SINGLE THREADED TESTS***

Starting multi-threaded tests: num_threads=1, NUM_CPUS=16
KP: 368: pinned new thread to CPU=0x0
KP: 368: sleeping to allow threads enough time
KP: 368: waking up from sleep (0)
For multithreaded run ramp r:-1-w:30-u:70-d:1
	 23184 total ops (22969 puts + 0 gets + 215 dels)
	 2000000 in runtime (usecs) = 2 secs = 0.011592 ops/usec
	 11484.500000 op/sec put throughput (all threads)
	 0.000000 op/sec get throughput (all threads)
	 107.500000 op/sec del throughput (all threads)
	 11592.000000 op/sec total throughput (all threads)
	 Conflicts in worker thread: 0 (of 2898 commits)
	 Errors in worker thread: 0
	 Put errors: 0, Del errors: 0, Get errors: 0
***END OF RAMP-UP-THREADS OUTPUT***

KP: 368: pinned new thread to CPU=0x0
KP: 368: sleeping to allow threads enough time
KP: 368: pinned new thread to CPU=0x0
KP: 368: sleeping to allow threads enough time
KP: 368: pinned new thread to CPU=0x0
KP: 368: sleeping to allow threads enough time
KP: 368: pinned new thread to CPU=0x0
KP: 368: sleeping to allow threads enough time
KP: 368: pinned new thread to CPU=0x0
KP: 368: sleeping to allow threads enough time
KP: 368: waking up from sleep (0)
For multithreaded run ramp r:99-w:0-u:0-d:1
	 2954195 total ops (0 puts + 2925153 gets + 29042 dels)
	 2000000 in runtime (usecs) = 2 secs = 1.477098 ops/usec
	 0.000000 op/sec put throughput (all threads)
	 1462576.500000 op/sec get throughput (all threads)
	 14521.000000 op/sec del throughput (all threads)
	 1477097.500000 op/sec total throughput (all threads)
	 Conflicts in worker thread: 0 (of 3631 commits)
	 Errors in worker thread: 0
	 Put errors: 0, Del errors: 0, Get errors: 0
***END OF RAMP-UP-THREADS OUTPUT***

***CONCLUDING THREAD EVALUATION***
