KP: 3104: Using 16 for local hash table size (same as merge frequency), 1610000 for master hash table size
KP: 3104: Total memory allocation size (just evaluation, not kv stores themselves) could be up to 0 bytes (0 MB)
Will create 1610000 random integers for each child thread
Now starting evaluation for key-value store: Masstree
On 16 cores
Running on storage platform: disk
Starting single-threaded tests

*** BEGINING SINGLE THREADED TESTS***

***NOW DOING LATENCY TEST ON INDIVIDUAL FUNCTIONS ***
For put-insert: 
	 time elapsed 0:32907 (sec:usec) = 32907 usecs 
	 iterations 32768 (merge every 8 -> 4096 merges)
	 average cost 1.004242 usecs
	 Conflicts: 0 (of 4095 commits)

For put-append: 
	 time elapsed 0:96344 (sec:usec) = 96344 usecs 
	 iterations 98304 (merge every 8 -> 12288 merges)
	 average cost 0.980062 usecs
	 Conflicts: 0 (of 12285 commits)

For get: 
	 time elapsed 0:69276 (sec:usec) = 69276 usecs 
	 iterations 98304 (merge every 8 -> 12288 merges)
	 average cost 0.704712 usecs
	 Conflicts: 0 (of 0 commits)

For delete: 
	 time elapsed 0:67921 (sec:usec) = 67921 usecs 
	 iterations 98304 (merge every 8 -> 12288 merges)
	 average cost 0.690928 usecs
	 Conflicts: 0 (of 12285 commits)


*** CONCLUDING SINGLE THREADED TESTS***

Starting multi-threaded tests: num_threads=1, NUM_CPUS=16
KP: 3104: pinned new thread to CPU=0x0
KP: 3104: sleeping to allow threads enough time
KP: 3104: waking up from sleep (0)
For multithreaded run ramp r:-1-w:30-u:70-d:1
	 2104086 total ops (2082882 puts + 0 gets + 21204 dels)
	 2000000 in runtime (usecs) = 2 secs = 1.052043 ops/usec
	 1041441.000000 op/sec put throughput (all threads)
	 0.000000 op/sec get throughput (all threads)
	 10602.000000 op/sec del throughput (all threads)
	 1052043.000000 op/sec total throughput (all threads)
	 Conflicts in worker thread: 0 (of 263011 commits)
	 Errors in worker thread: 0
	 Put errors: 0, Del errors: 0, Get errors: 0
***END OF RAMP-UP-THREADS OUTPUT***

KP: 3104: pinned new thread to CPU=0x0
KP: 3104: sleeping to allow threads enough time
KP: 3104: pinned new thread to CPU=0x0
KP: 3104: sleeping to allow threads enough time
KP: 3104: pinned new thread to CPU=0x0
KP: 3104: sleeping to allow threads enough time
KP: 3104: pinned new thread to CPU=0x0
KP: 3104: sleeping to allow threads enough time
KP: 3104: pinned new thread to CPU=0x0
KP: 3104: sleeping to allow threads enough time
KP: 3104: waking up from sleep (0)
For multithreaded run ramp r:99-w:0-u:0-d:1
	 2954896 total ops (0 puts + 2925241 gets + 29655 dels)
	 2000000 in runtime (usecs) = 2 secs = 1.477448 ops/usec
	 0.000000 op/sec put throughput (all threads)
	 1462620.500000 op/sec get throughput (all threads)
	 14827.500000 op/sec del throughput (all threads)
	 1477448.000000 op/sec total throughput (all threads)
	 Conflicts in worker thread: 0 (of 3707 commits)
	 Errors in worker thread: 0
	 Put errors: 0, Del errors: 0, Get errors: 0
***END OF RAMP-UP-THREADS OUTPUT***

***CONCLUDING THREAD EVALUATION***
