KP: 7488: Using 16 for local hash table size (same as merge frequency), 1610000 for master hash table size
KP: 7488: Total memory allocation size (just evaluation, not kv stores themselves) could be up to 0 bytes (0 MB)
Will create 1610000 random integers for each child thread
Now starting evaluation for key-value store: Masstree
On 16 cores
Running on storage platform: disk
Starting single-threaded tests

*** BEGINING SINGLE THREADED TESTS***

***NOW DOING LATENCY TEST ON INDIVIDUAL FUNCTIONS ***
For put-insert: 
	 time elapsed 0:15789 (sec:usec) = 15789 usecs 
	 iterations 16384 (merge every 8 -> 2048 merges)
	 average cost 0.963684 usecs
	 Conflicts: 0 (of 2047 commits)

For put-append: 
	 time elapsed 0:44771 (sec:usec) = 44771 usecs 
	 iterations 49152 (merge every 8 -> 6144 merges)
	 average cost 0.910868 usecs
	 Conflicts: 0 (of 6141 commits)

For get: 
	 time elapsed 0:34571 (sec:usec) = 34571 usecs 
	 iterations 49152 (merge every 8 -> 6144 merges)
	 average cost 0.703349 usecs
	 Conflicts: 0 (of 0 commits)

For delete: 
	 time elapsed 0:33950 (sec:usec) = 33950 usecs 
	 iterations 49152 (merge every 8 -> 6144 merges)
	 average cost 0.690715 usecs
	 Conflicts: 0 (of 6141 commits)


*** CONCLUDING SINGLE THREADED TESTS***

Starting multi-threaded tests: num_threads=1, NUM_CPUS=16
KP: 7488: pinned new thread to CPU=0x0
KP: 7488: sleeping to allow threads enough time
KP: 7488: waking up from sleep (0)
For multithreaded run ramp r:-1-w:30-u:70-d:1
	 2263503 total ops (2241121 puts + 0 gets + 22382 dels)
	 2000000 in runtime (usecs) = 2 secs = 1.131752 ops/usec
	 1120560.500000 op/sec put throughput (all threads)
	 0.000000 op/sec get throughput (all threads)
	 11191.000000 op/sec del throughput (all threads)
	 1131751.500000 op/sec total throughput (all threads)
	 Conflicts in worker thread: 0 (of 282938 commits)
	 Errors in worker thread: 0
	 Put errors: 0, Del errors: 0, Get errors: 0
***END OF RAMP-UP-THREADS OUTPUT***

KP: 7488: pinned new thread to CPU=0x0
KP: 7488: sleeping to allow threads enough time
KP: 7488: pinned new thread to CPU=0x0
KP: 7488: sleeping to allow threads enough time
KP: 7488: pinned new thread to CPU=0x0
KP: 7488: sleeping to allow threads enough time
KP: 7488: pinned new thread to CPU=0x0
KP: 7488: sleeping to allow threads enough time
KP: 7488: pinned new thread to CPU=0x0
KP: 7488: sleeping to allow threads enough time
KP: 7488: waking up from sleep (0)
For multithreaded run ramp r:99-w:0-u:0-d:1
	 2956660 total ops (0 puts + 2927364 gets + 29296 dels)
	 2000000 in runtime (usecs) = 2 secs = 1.478330 ops/usec
	 0.000000 op/sec put throughput (all threads)
	 1463682.000000 op/sec get throughput (all threads)
	 14648.000977 op/sec del throughput (all threads)
	 1478330.000000 op/sec total throughput (all threads)
	 Conflicts in worker thread: 0 (of 3662 commits)
	 Errors in worker thread: 0
	 Put errors: 0, Del errors: 0, Get errors: 0
***END OF RAMP-UP-THREADS OUTPUT***

***CONCLUDING THREAD EVALUATION***
