KP: 4496: Using 16 for local hash table size (same as merge frequency), 1610000 for master hash table size
KP: 4496: Total memory allocation size (just evaluation, not kv stores themselves) could be up to 0 bytes (0 MB)
Will create 1610000 random integers for each child thread
Now starting evaluation for key-value store: Masstree
On 16 cores
Running on storage platform: disk
Starting single-threaded tests

*** BEGINING SINGLE THREADED TESTS***

***NOW DOING LATENCY TEST ON INDIVIDUAL FUNCTIONS ***
For put-insert: 
	 time elapsed 0:44246 (sec:usec) = 44246 usecs 
	 iterations 50000 (merge every 8 -> 6250 merges)
	 average cost 0.884920 usecs
	 Conflicts: 0 (of 6249 commits)

For put-append: 
	 time elapsed 0:133067 (sec:usec) = 133067 usecs 
	 iterations 150000 (merge every 8 -> 18750 merges)
	 average cost 0.887113 usecs
	 Conflicts: 0 (of 18747 commits)

For get: 
	 time elapsed 0:106036 (sec:usec) = 106036 usecs 
	 iterations 150000 (merge every 8 -> 18750 merges)
	 average cost 0.706907 usecs
	 Conflicts: 0 (of 0 commits)

For delete: 
	 time elapsed 0:103735 (sec:usec) = 103735 usecs 
	 iterations 150000 (merge every 8 -> 18750 merges)
	 average cost 0.691567 usecs
	 Conflicts: 0 (of 18747 commits)


*** CONCLUDING SINGLE THREADED TESTS***

Starting multi-threaded tests: num_threads=1, NUM_CPUS=16
KP: 4496: pinned new thread to CPU=0x0
KP: 4496: sleeping to allow threads enough time
KP: 4496: waking up from sleep (0)
For multithreaded run ramp r:-1-w:30-u:70-d:1
	 2321018 total ops (2297710 puts + 0 gets + 23308 dels)
	 2000000 in runtime (usecs) = 2 secs = 1.160509 ops/usec
	 1148855.000000 op/sec put throughput (all threads)
	 0.000000 op/sec get throughput (all threads)
	 11654.000000 op/sec del throughput (all threads)
	 1160509.000000 op/sec total throughput (all threads)
	 Conflicts in worker thread: 0 (of 290128 commits)
	 Errors in worker thread: 0
	 Put errors: 0, Del errors: 0, Get errors: 0
***END OF RAMP-UP-THREADS OUTPUT***

KP: 4496: pinned new thread to CPU=0x0
KP: 4496: sleeping to allow threads enough time
KP: 4496: pinned new thread to CPU=0x0
KP: 4496: sleeping to allow threads enough time
KP: 4496: pinned new thread to CPU=0x0
KP: 4496: sleeping to allow threads enough time
KP: 4496: pinned new thread to CPU=0x0
KP: 4496: sleeping to allow threads enough time
KP: 4496: pinned new thread to CPU=0x0
KP: 4496: sleeping to allow threads enough time
KP: 4496: waking up from sleep (0)
For multithreaded run ramp r:99-w:0-u:0-d:1
	 2954219 total ops (0 puts + 2924945 gets + 29274 dels)
	 2000000 in runtime (usecs) = 2 secs = 1.477110 ops/usec
	 0.000000 op/sec put throughput (all threads)
	 1462472.500000 op/sec get throughput (all threads)
	 14637.000000 op/sec del throughput (all threads)
	 1477109.500000 op/sec total throughput (all threads)
	 Conflicts in worker thread: 0 (of 3660 commits)
	 Errors in worker thread: 0
	 Put errors: 0, Del errors: 0, Get errors: 0
***END OF RAMP-UP-THREADS OUTPUT***

***CONCLUDING THREAD EVALUATION***
