KP: 2672: Using 16 for local hash table size (same as merge frequency), 5777168 for master hash table size
KP: 2672: Total memory allocation size (just evaluation, not kv stores themselves) could be up to 0 bytes (0 MB)
Will create 5777168 random integers for each child thread
Now starting evaluation for key-value store: Masstree
On 16 cores
Running on storage platform: disk
Starting single-threaded tests

*** BEGINING SINGLE THREADED TESTS***

***NOW DOING LATENCY TEST ON INDIVIDUAL FUNCTIONS ***
For put-insert: 
	 time elapsed 0:459327 (sec:usec) = 459327 usecs 
	 iterations 524288 (merge every 8 -> 65536 merges)
	 average cost 0.876097 usecs
	 Conflicts: 0 (of 65535 commits)

For put-append: 
	 time elapsed 1:434183 (sec:usec) = 1434183 usecs 
	 iterations 1572864 (merge every 8 -> 196608 merges)
	 average cost 0.911829 usecs
	 Conflicts: 0 (of 196605 commits)

For get: 
	 time elapsed 1:149472 (sec:usec) = 1149472 usecs 
	 iterations 1572864 (merge every 8 -> 196608 merges)
	 average cost 0.730815 usecs
	 Conflicts: 0 (of 0 commits)

For delete: 
	 time elapsed 1:103711 (sec:usec) = 1103711 usecs 
	 iterations 1572864 (merge every 8 -> 196608 merges)
	 average cost 0.701721 usecs
	 Conflicts: 0 (of 196605 commits)


*** CONCLUDING SINGLE THREADED TESTS***

Starting multi-threaded tests: num_threads=1, NUM_CPUS=16
KP: 2672: pinned new thread to CPU=0x0
KP: 2672: sleeping to allow threads enough time
KP: 2672: waking up from sleep (0)
For multithreaded run ramp r:-1-w:30-u:70-d:1
	 2323554 total ops (2300470 puts + 0 gets + 23084 dels)
	 2000000 in runtime (usecs) = 2 secs = 1.161777 ops/usec
	 1150235.000000 op/sec put throughput (all threads)
	 0.000000 op/sec get throughput (all threads)
	 11542.000000 op/sec del throughput (all threads)
	 1161777.000000 op/sec total throughput (all threads)
	 Conflicts in worker thread: 0 (of 290445 commits)
	 Errors in worker thread: 0
	 Put errors: 0, Del errors: 0, Get errors: 0
***END OF RAMP-UP-THREADS OUTPUT***

KP: 2672: pinned new thread to CPU=0x0
KP: 2672: sleeping to allow threads enough time
KP: 2672: pinned new thread to CPU=0x0
KP: 2672: sleeping to allow threads enough time
KP: 2672: pinned new thread to CPU=0x0
KP: 2672: sleeping to allow threads enough time
KP: 2672: pinned new thread to CPU=0x0
KP: 2672: sleeping to allow threads enough time
KP: 2672: pinned new thread to CPU=0x0
KP: 2672: sleeping to allow threads enough time
KP: 2672: waking up from sleep (0)
For multithreaded run ramp r:99-w:0-u:0-d:1
	 2946093 total ops (0 puts + 2916546 gets + 29547 dels)
	 2000000 in runtime (usecs) = 2 secs = 1.473047 ops/usec
	 0.000000 op/sec put throughput (all threads)
	 1458273.000000 op/sec get throughput (all threads)
	 14773.500000 op/sec del throughput (all threads)
	 1473046.500000 op/sec total throughput (all threads)
	 Conflicts in worker thread: 0 (of 3694 commits)
	 Errors in worker thread: 0
	 Put errors: 0, Del errors: 0, Get errors: 0
***END OF RAMP-UP-THREADS OUTPUT***

***CONCLUDING THREAD EVALUATION***
