KP: 3584: Using 16 for local hash table size (same as merge frequency), 1610000 for master hash table size
KP: 3584: Total memory allocation size (just evaluation, not kv stores themselves) could be up to 0 bytes (0 MB)
Will create 1610000 random integers for each child thread
Now starting evaluation for key-value store: Masstree
On 16 cores
Running on storage platform: disk
Starting single-threaded tests

*** BEGINING SINGLE THREADED TESTS***

***NOW DOING LATENCY TEST ON INDIVIDUAL FUNCTIONS ***
For put-insert: 
	 time elapsed 0:4847 (sec:usec) = 4847 usecs 
	 iterations 128 (merge every 8 -> 16 merges)
	 average cost 37.867188 usecs
	 Conflicts: 0 (of 15 commits)

For put-append: 
	 time elapsed 0:10058 (sec:usec) = 10058 usecs 
	 iterations 384 (merge every 8 -> 48 merges)
	 average cost 26.192709 usecs
	 Conflicts: 0 (of 45 commits)

For get: 
	 time elapsed 0:275 (sec:usec) = 275 usecs 
	 iterations 384 (merge every 8 -> 48 merges)
	 average cost 0.716146 usecs
	 Conflicts: 0 (of 0 commits)

For delete: 
	 time elapsed 0:284 (sec:usec) = 284 usecs 
	 iterations 384 (merge every 8 -> 48 merges)
	 average cost 0.739583 usecs
	 Conflicts: 0 (of 45 commits)


*** CONCLUDING SINGLE THREADED TESTS***

Starting multi-threaded tests: num_threads=1, NUM_CPUS=16
KP: 3584: pinned new thread to CPU=0x0
KP: 3584: sleeping to allow threads enough time
KP: 3584: waking up from sleep (0)
For multithreaded run ramp r:-1-w:30-u:70-d:1
	 89274 total ops (88341 puts + 0 gets + 933 dels)
	 2000000 in runtime (usecs) = 2 secs = 0.044637 ops/usec
	 44170.500000 op/sec put throughput (all threads)
	 0.000000 op/sec get throughput (all threads)
	 466.500000 op/sec del throughput (all threads)
	 44637.000000 op/sec total throughput (all threads)
	 Conflicts in worker thread: 0 (of 11160 commits)
	 Errors in worker thread: 0
	 Put errors: 0, Del errors: 0, Get errors: 0
***END OF RAMP-UP-THREADS OUTPUT***

KP: 3584: pinned new thread to CPU=0x0
KP: 3584: sleeping to allow threads enough time
KP: 3584: pinned new thread to CPU=0x0
KP: 3584: sleeping to allow threads enough time
KP: 3584: pinned new thread to CPU=0x0
KP: 3584: sleeping to allow threads enough time
KP: 3584: pinned new thread to CPU=0x0
KP: 3584: sleeping to allow threads enough time
KP: 3584: pinned new thread to CPU=0x0
KP: 3584: sleeping to allow threads enough time
KP: 3584: waking up from sleep (0)
For multithreaded run ramp r:99-w:0-u:0-d:1
	 2951288 total ops (0 puts + 2921684 gets + 29604 dels)
	 2000000 in runtime (usecs) = 2 secs = 1.475644 ops/usec
	 0.000000 op/sec put throughput (all threads)
	 1460842.000000 op/sec get throughput (all threads)
	 14802.000000 op/sec del throughput (all threads)
	 1475644.000000 op/sec total throughput (all threads)
	 Conflicts in worker thread: 0 (of 3701 commits)
	 Errors in worker thread: 0
	 Put errors: 0, Del errors: 0, Get errors: 0
***END OF RAMP-UP-THREADS OUTPUT***

***CONCLUDING THREAD EVALUATION***
