KP: 432: Using 16 for local hash table size (same as merge frequency), 1610000 for master hash table size
KP: 432: Total memory allocation size (just evaluation, not kv stores themselves) could be up to 0 bytes (0 MB)
Will create 1610000 random integers for each child thread
Now starting evaluation for key-value store: Masstree
On 16 cores
Running on storage platform: disk
Starting single-threaded tests

*** BEGINING SINGLE THREADED TESTS***

***NOW DOING LATENCY TEST ON INDIVIDUAL FUNCTIONS ***
For put-insert: 
	 time elapsed 4:758030 (sec:usec) = 4758030 usecs 
	 iterations 50000 (merge every 8 -> 6250 merges)
	 average cost 95.160599 usecs
	 Conflicts: 0 (of 6249 commits)

For put-append: 
	 time elapsed 14:267448 (sec:usec) = 14267448 usecs 
	 iterations 150000 (merge every 8 -> 18750 merges)
	 average cost 95.116318 usecs
	 Conflicts: 0 (of 18747 commits)

For get: 
	 time elapsed 0:152953 (sec:usec) = 152953 usecs 
	 iterations 150000 (merge every 8 -> 18750 merges)
	 average cost 1.019687 usecs
	 Conflicts: 0 (of 0 commits)

For delete: 
	 time elapsed 0:113990 (sec:usec) = 113990 usecs 
	 iterations 150000 (merge every 8 -> 18750 merges)
	 average cost 0.759933 usecs
	 Conflicts: 0 (of 18747 commits)


*** CONCLUDING SINGLE THREADED TESTS***

Starting multi-threaded tests: num_threads=1, NUM_CPUS=16
KP: 432: pinned new thread to CPU=0x0
KP: 432: sleeping to allow threads enough time
KP: 432: waking up from sleep (0)
For multithreaded run ramp r:-1-w:30-u:70-d:1
	 23277 total ops (23044 puts + 0 gets + 233 dels)
	 2000000 in runtime (usecs) = 2 secs = 0.011638 ops/usec
	 11522.000000 op/sec put throughput (all threads)
	 0.000000 op/sec get throughput (all threads)
	 116.500000 op/sec del throughput (all threads)
	 11638.500000 op/sec total throughput (all threads)
	 Conflicts in worker thread: 0 (of 2910 commits)
	 Errors in worker thread: 0
	 Put errors: 0, Del errors: 0, Get errors: 0
***END OF RAMP-UP-THREADS OUTPUT***

KP: 432: pinned new thread to CPU=0x0
KP: 432: sleeping to allow threads enough time
KP: 432: pinned new thread to CPU=0x0
KP: 432: sleeping to allow threads enough time
KP: 432: pinned new thread to CPU=0x0
KP: 432: sleeping to allow threads enough time
KP: 432: pinned new thread to CPU=0x0
KP: 432: sleeping to allow threads enough time
KP: 432: pinned new thread to CPU=0x0
KP: 432: sleeping to allow threads enough time
KP: 432: waking up from sleep (0)
For multithreaded run ramp r:99-w:0-u:0-d:1
	 2954615 total ops (0 puts + 2925100 gets + 29515 dels)
	 2000000 in runtime (usecs) = 2 secs = 1.477308 ops/usec
	 0.000000 op/sec put throughput (all threads)
	 1462550.000000 op/sec get throughput (all threads)
	 14757.500000 op/sec del throughput (all threads)
	 1477307.500000 op/sec total throughput (all threads)
	 Conflicts in worker thread: 0 (of 3690 commits)
	 Errors in worker thread: 0
	 Put errors: 0, Del errors: 0, Get errors: 0
***END OF RAMP-UP-THREADS OUTPUT***

***CONCLUDING THREAD EVALUATION***
