KP: 1104: Using 16 for local hash table size (same as merge frequency), 1610000 for master hash table size
KP: 1104: Total memory allocation size (just evaluation, not kv stores themselves) could be up to 0 bytes (0 MB)
Will create 1610000 random integers for each child thread
Now starting evaluation for key-value store: kp_kvstore
On 16 cores
Running on storage platform: disk
Starting single-threaded tests

*** BEGINING SINGLE THREADED TESTS***

***NOW DOING LATENCY TEST ON INDIVIDUAL FUNCTIONS ***
For put-insert: 
	 time elapsed 0:297195 (sec:usec) = 297195 usecs 
	 iterations 100000 (merge every 8 -> 12500 merges)
	 average cost 2.971950 usecs
	 Conflicts: 0 (of 12499 commits)

For put-append: 
	 time elapsed 0:780952 (sec:usec) = 780952 usecs 
	 iterations 300000 (merge every 8 -> 37500 merges)
	 average cost 2.603173 usecs
	 Conflicts: 0 (of 37497 commits)

For get: 
	 time elapsed 0:448063 (sec:usec) = 448063 usecs 
	 iterations 300000 (merge every 8 -> 37500 merges)
	 average cost 1.493543 usecs
	 Conflicts: 0 (of 0 commits)

For delete: 
	 time elapsed 0:605140 (sec:usec) = 605140 usecs 
	 iterations 300000 (merge every 8 -> 37500 merges)
	 average cost 2.017133 usecs
	 Conflicts: 0 (of 37497 commits)


*** CONCLUDING SINGLE THREADED TESTS***

Starting multi-threaded tests: num_threads=1, NUM_CPUS=16
KP: 1104: pinned new thread to CPU=0x0
KP: 1104: sleeping to allow threads enough time
KP: 1104: waking up from sleep (0)
For multithreaded run ramp r:-1-w:30-u:70-d:1
	 1156450 total ops (1145007 puts + 0 gets + 11443 dels)
	 2000000 in runtime (usecs) = 2 secs = 0.578225 ops/usec
	 572503.500000 op/sec put throughput (all threads)
	 0.000000 op/sec get throughput (all threads)
	 5721.500000 op/sec del throughput (all threads)
	 578225.000000 op/sec total throughput (all threads)
	 Conflicts in worker thread: 0 (of 144557 commits)
	 Errors in worker thread: 0
	 Put errors: 0, Del errors: 0, Get errors: 0
***END OF RAMP-UP-THREADS OUTPUT***

KP: 1104: pinned new thread to CPU=0x0
KP: 1104: sleeping to allow threads enough time
KP: 1104: waking up from sleep (0)
For multithreaded run ramp r:19-w:24-u:56-d:1
	 1289227 total ops (1018853 puts + 257454 gets + 12920 dels)
	 2000000 in runtime (usecs) = 2 secs = 0.644614 ops/usec
	 509426.500000 op/sec put throughput (all threads)
	 128727.000000 op/sec get throughput (all threads)
	 6460.000488 op/sec del throughput (all threads)
	 644613.500000 op/sec total throughput (all threads)
	 Conflicts in worker thread: 0 (of 128972 commits)
	 Errors in worker thread: 0
	 Put errors: 0, Del errors: 0, Get errors: 0
***END OF RAMP-UP-THREADS OUTPUT***

KP: 1104: pinned new thread to CPU=0x0
KP: 1104: sleeping to allow threads enough time
KP: 1104: waking up from sleep (0)
For multithreaded run ramp r:39-w:18-u:42-d:1
	 1484372 total ops (875392 puts + 594211 gets + 14769 dels)
	 2000000 in runtime (usecs) = 2 secs = 0.742186 ops/usec
	 437696.000000 op/sec put throughput (all threads)
	 297105.500000 op/sec get throughput (all threads)
	 7384.500000 op/sec del throughput (all threads)
	 742186.000000 op/sec total throughput (all threads)
	 Conflicts in worker thread: 0 (of 111271 commits)
	 Errors in worker thread: 0
	 Put errors: 0, Del errors: 0, Get errors: 0
***END OF RAMP-UP-THREADS OUTPUT***

KP: 1104: pinned new thread to CPU=0x0
KP: 1104: sleeping to allow threads enough time
KP: 1104: waking up from sleep (0)
For multithreaded run ramp r:59-w:12-u:28-d:1
	 1774891 total ops (692699 puts + 1064327 gets + 17865 dels)
	 2000000 in runtime (usecs) = 2 secs = 0.887446 ops/usec
	 346349.500000 op/sec put throughput (all threads)
	 532163.500000 op/sec get throughput (all threads)
	 8932.500000 op/sec del throughput (all threads)
	 887445.500000 op/sec total throughput (all threads)
	 Conflicts in worker thread: 0 (of 88821 commits)
	 Errors in worker thread: 0
	 Put errors: 0, Del errors: 0, Get errors: 0
***END OF RAMP-UP-THREADS OUTPUT***

KP: 1104: pinned new thread to CPU=0x0
KP: 1104: sleeping to allow threads enough time
KP: 1104: waking up from sleep (0)
For multithreaded run ramp r:79-w:6-u:14-d:1
	 2238748 total ops (425477 puts + 1790684 gets + 22587 dels)
	 2000000 in runtime (usecs) = 2 secs = 1.119374 ops/usec
	 212738.500000 op/sec put throughput (all threads)
	 895342.000000 op/sec get throughput (all threads)
	 11293.500000 op/sec del throughput (all threads)
	 1119374.000000 op/sec total throughput (all threads)
	 Conflicts in worker thread: 0 (of 56008 commits)
	 Errors in worker thread: 0
	 Put errors: 0, Del errors: 0, Get errors: 0
***END OF RAMP-UP-THREADS OUTPUT***

KP: 1104: pinned new thread to CPU=0x0
KP: 1104: sleeping to allow threads enough time
KP: 1104: waking up from sleep (0)
For multithreaded run ramp r:99-w:0-u:0-d:1
	 3347779 total ops (0 puts + 3313897 gets + 33882 dels)
	 2000000 in runtime (usecs) = 2 secs = 1.673890 ops/usec
	 0.000000 op/sec put throughput (all threads)
	 1656948.500000 op/sec get throughput (all threads)
	 16941.000000 op/sec del throughput (all threads)
	 1673889.500000 op/sec total throughput (all threads)
	 Conflicts in worker thread: 0 (of 4236 commits)
	 Errors in worker thread: 0
	 Put errors: 0, Del errors: 0, Get errors: 0
***END OF RAMP-UP-THREADS OUTPUT***

***CONCLUDING THREAD EVALUATION***
