KP: 6688: Using 16 for local hash table size (same as merge frequency), 1610000 for master hash table size
KP: 6688: Total memory allocation size (just evaluation, not kv stores themselves) could be up to 0 bytes (0 MB)
Will create 1610000 random integers for each child thread
Now starting evaluation for key-value store: kp_kvstore
On 16 cores
Running on storage platform: disk
Starting single-threaded tests

*** BEGINING SINGLE THREADED TESTS***

***NOW DOING LATENCY TEST ON INDIVIDUAL FUNCTIONS ***
For put-insert: 
	 time elapsed 1:527244 (sec:usec) = 1527244 usecs 
	 iterations 100000 (merge every 8 -> 12500 merges)
	 average cost 15.272440 usecs
	 Conflicts: 0 (of 12499 commits)

For put-append: 
	 time elapsed 4:474428 (sec:usec) = 4474428 usecs 
	 iterations 300000 (merge every 8 -> 37500 merges)
	 average cost 14.914760 usecs
	 Conflicts: 0 (of 37497 commits)

For get: 
	 time elapsed 3:598871 (sec:usec) = 3598871 usecs 
	 iterations 300000 (merge every 8 -> 37500 merges)
	 average cost 11.996237 usecs
	 Conflicts: 0 (of 0 commits)

For delete: 
	 time elapsed 0:603739 (sec:usec) = 603739 usecs 
	 iterations 300000 (merge every 8 -> 37500 merges)
	 average cost 2.012463 usecs
	 Conflicts: 0 (of 37497 commits)


*** CONCLUDING SINGLE THREADED TESTS***

Starting multi-threaded tests: num_threads=1, NUM_CPUS=16
KP: 6688: pinned new thread to CPU=0x0
KP: 6688: sleeping to allow threads enough time
KP: 6688: waking up from sleep (0)
For multithreaded run ramp r:-1-w:30-u:70-d:1
	 272704 total ops (270020 puts + 0 gets + 2684 dels)
	 2000000 in runtime (usecs) = 2 secs = 0.136352 ops/usec
	 135010.000000 op/sec put throughput (all threads)
	 0.000000 op/sec get throughput (all threads)
	 1342.000000 op/sec del throughput (all threads)
	 136352.000000 op/sec total throughput (all threads)
	 Conflicts in worker thread: 0 (of 34088 commits)
	 Errors in worker thread: 0
	 Put errors: 0, Del errors: 0, Get errors: 0
***END OF RAMP-UP-THREADS OUTPUT***

KP: 6688: pinned new thread to CPU=0x0
KP: 6688: sleeping to allow threads enough time
KP: 6688: waking up from sleep (0)
For multithreaded run ramp r:19-w:24-u:56-d:1
	 318827 total ops (252058 puts + 63619 gets + 3150 dels)
	 2000000 in runtime (usecs) = 2 secs = 0.159414 ops/usec
	 126029.000000 op/sec put throughput (all threads)
	 31809.500000 op/sec get throughput (all threads)
	 1575.000122 op/sec del throughput (all threads)
	 159413.500000 op/sec total throughput (all threads)
	 Conflicts in worker thread: 0 (of 31901 commits)
	 Errors in worker thread: 0
	 Put errors: 0, Del errors: 0, Get errors: 0
***END OF RAMP-UP-THREADS OUTPUT***

KP: 6688: pinned new thread to CPU=0x0
KP: 6688: sleeping to allow threads enough time
KP: 6688: waking up from sleep (0)
For multithreaded run ramp r:39-w:18-u:42-d:1
	 389265 total ops (229965 puts + 155477 gets + 3823 dels)
	 2000000 in runtime (usecs) = 2 secs = 0.194633 ops/usec
	 114982.500000 op/sec put throughput (all threads)
	 77738.500000 op/sec get throughput (all threads)
	 1911.500000 op/sec del throughput (all threads)
	 194632.500000 op/sec total throughput (all threads)
	 Conflicts in worker thread: 0 (of 29224 commits)
	 Errors in worker thread: 0
	 Put errors: 0, Del errors: 0, Get errors: 0
***END OF RAMP-UP-THREADS OUTPUT***

KP: 6688: pinned new thread to CPU=0x0
KP: 6688: sleeping to allow threads enough time
KP: 6688: waking up from sleep (0)
For multithreaded run ramp r:59-w:12-u:28-d:1
	 505422 total ops (196910 puts + 303583 gets + 4929 dels)
	 2000000 in runtime (usecs) = 2 secs = 0.252711 ops/usec
	 98455.000000 op/sec put throughput (all threads)
	 151791.500000 op/sec get throughput (all threads)
	 2464.500000 op/sec del throughput (all threads)
	 252711.000000 op/sec total throughput (all threads)
	 Conflicts in worker thread: 0 (of 25230 commits)
	 Errors in worker thread: 0
	 Put errors: 0, Del errors: 0, Get errors: 0
***END OF RAMP-UP-THREADS OUTPUT***

KP: 6688: pinned new thread to CPU=0x0
KP: 6688: sleeping to allow threads enough time
KP: 6688: waking up from sleep (0)
For multithreaded run ramp r:79-w:6-u:14-d:1
	 734097 total ops (139719 puts + 587144 gets + 7234 dels)
	 2000000 in runtime (usecs) = 2 secs = 0.367049 ops/usec
	 69859.500000 op/sec put throughput (all threads)
	 293572.000000 op/sec get throughput (all threads)
	 3617.000000 op/sec del throughput (all threads)
	 367048.500000 op/sec total throughput (all threads)
	 Conflicts in worker thread: 0 (of 18370 commits)
	 Errors in worker thread: 0
	 Put errors: 0, Del errors: 0, Get errors: 0
***END OF RAMP-UP-THREADS OUTPUT***

KP: 6688: pinned new thread to CPU=0x0
KP: 6688: sleeping to allow threads enough time
KP: 6688: waking up from sleep (0)
For multithreaded run ramp r:99-w:0-u:0-d:1
	 3352719 total ops (0 puts + 3319558 gets + 33161 dels)
	 2000000 in runtime (usecs) = 2 secs = 1.676360 ops/usec
	 0.000000 op/sec put throughput (all threads)
	 1659779.000000 op/sec get throughput (all threads)
	 16580.500000 op/sec del throughput (all threads)
	 1676359.500000 op/sec total throughput (all threads)
	 Conflicts in worker thread: 0 (of 4146 commits)
	 Errors in worker thread: 0
	 Put errors: 0, Del errors: 0, Get errors: 0
***END OF RAMP-UP-THREADS OUTPUT***

***CONCLUDING THREAD EVALUATION***
