KP: 1776: Using 2048 for local hash table size (same as merge frequency), 1610000 for master hash table size
KP: 1776: Total memory allocation size (just evaluation, not kv stores themselves) could be up to 0 bytes (0 MB)
Will create 1610000 random integers for each child thread
Now starting evaluation for key-value store: kp_kvstore
On 16 cores
Running on storage platform: disk
Starting single-threaded tests

*** BEGINING SINGLE THREADED TESTS***

***NOW DOING LATENCY TEST ON INDIVIDUAL FUNCTIONS ***
For put-insert: 
	 time elapsed 0:36797 (sec:usec) = 36797 usecs 
	 iterations 10000 (merge every 1024 -> 9 merges)
	 average cost 3.679700 usecs
	 Conflicts: 0 (of 10 commits)

For put-append: 
	 time elapsed 0:104698 (sec:usec) = 104698 usecs 
	 iterations 30000 (merge every 1024 -> 29 merges)
	 average cost 3.489933 usecs
	 Conflicts: 0 (of 30 commits)

For get: 
	 time elapsed 0:161634 (sec:usec) = 161634 usecs 
	 iterations 30000 (merge every 1024 -> 29 merges)
	 average cost 5.387800 usecs
	 Conflicts: 0 (of 0 commits)

For delete: 
	 time elapsed 0:61233 (sec:usec) = 61233 usecs 
	 iterations 30000 (merge every 1024 -> 29 merges)
	 average cost 2.041100 usecs
	 Conflicts: 0 (of 30 commits)


*** CONCLUDING SINGLE THREADED TESTS***

Starting multi-threaded tests: num_threads=1, NUM_CPUS=16
KP: 1776: pinned new thread to CPU=0x0
KP: 1776: sleeping to allow threads enough time
KP: 1776: waking up from sleep (0)
For multithreaded run ramp r:-1-w:30-u:70-d:1
	 1110496 total ops (1099600 puts + 0 gets + 10896 dels)
	 2000000 in runtime (usecs) = 2 secs = 0.555248 ops/usec
	 549800.000000 op/sec put throughput (all threads)
	 0.000000 op/sec get throughput (all threads)
	 5448.000000 op/sec del throughput (all threads)
	 555248.000000 op/sec total throughput (all threads)
	 Conflicts in worker thread: 0 (of 1085 commits)
	 Errors in worker thread: 0
	 Put errors: 0, Del errors: 0, Get errors: 0
***END OF RAMP-UP-THREADS OUTPUT***

KP: 1776: pinned new thread to CPU=0x0
KP: 1776: sleeping to allow threads enough time
KP: 1776: waking up from sleep (0)
For multithreaded run ramp r:19-w:24-u:56-d:1
	 1253332 total ops (990933 puts + 250143 gets + 12256 dels)
	 2000000 in runtime (usecs) = 2 secs = 0.626666 ops/usec
	 495466.500000 op/sec put throughput (all threads)
	 125071.500000 op/sec get throughput (all threads)
	 6128.000000 op/sec del throughput (all threads)
	 626666.000000 op/sec total throughput (all threads)
	 Conflicts in worker thread: 0 (of 980 commits)
	 Errors in worker thread: 0
	 Put errors: 0, Del errors: 0, Get errors: 0
***END OF RAMP-UP-THREADS OUTPUT***

KP: 1776: pinned new thread to CPU=0x0
KP: 1776: sleeping to allow threads enough time
KP: 1776: waking up from sleep (0)
For multithreaded run ramp r:39-w:18-u:42-d:1
	 1474256 total ops (871193 puts + 588496 gets + 14567 dels)
	 2000000 in runtime (usecs) = 2 secs = 0.737128 ops/usec
	 435596.500000 op/sec put throughput (all threads)
	 294248.000000 op/sec get throughput (all threads)
	 7283.500000 op/sec del throughput (all threads)
	 737128.000000 op/sec total throughput (all threads)
	 Conflicts in worker thread: 0 (of 865 commits)
	 Errors in worker thread: 0
	 Put errors: 0, Del errors: 0, Get errors: 0
***END OF RAMP-UP-THREADS OUTPUT***

KP: 1776: pinned new thread to CPU=0x0
KP: 1776: sleeping to allow threads enough time
KP: 1776: waking up from sleep (0)
For multithreaded run ramp r:59-w:12-u:28-d:1
	 1783877 total ops (696850 puts + 1069182 gets + 17845 dels)
	 2000000 in runtime (usecs) = 2 secs = 0.891939 ops/usec
	 348425.000000 op/sec put throughput (all threads)
	 534591.000000 op/sec get throughput (all threads)
	 8922.500000 op/sec del throughput (all threads)
	 891938.500000 op/sec total throughput (all threads)
	 Conflicts in worker thread: 0 (of 698 commits)
	 Errors in worker thread: 0
	 Put errors: 0, Del errors: 0, Get errors: 0
***END OF RAMP-UP-THREADS OUTPUT***

KP: 1776: pinned new thread to CPU=0x0
KP: 1776: sleeping to allow threads enough time
KP: 1776: waking up from sleep (0)
For multithreaded run ramp r:79-w:6-u:14-d:1
	 2255214 total ops (430400 puts + 1802428 gets + 22386 dels)
	 2000000 in runtime (usecs) = 2 secs = 1.127607 ops/usec
	 215200.000000 op/sec put throughput (all threads)
	 901214.000000 op/sec get throughput (all threads)
	 11193.000000 op/sec del throughput (all threads)
	 1127607.000000 op/sec total throughput (all threads)
	 Conflicts in worker thread: 0 (of 443 commits)
	 Errors in worker thread: 0
	 Put errors: 0, Del errors: 0, Get errors: 0
***END OF RAMP-UP-THREADS OUTPUT***

KP: 1776: pinned new thread to CPU=0x0
KP: 1776: sleeping to allow threads enough time
KP: 1776: waking up from sleep (0)
For multithreaded run ramp r:99-w:0-u:0-d:1
	 3506321 total ops (0 puts + 3471555 gets + 34766 dels)
	 2000000 in runtime (usecs) = 2 secs = 1.753160 ops/usec
	 0.000000 op/sec put throughput (all threads)
	 1735777.500000 op/sec get throughput (all threads)
	 17383.000000 op/sec del throughput (all threads)
	 1753160.500000 op/sec total throughput (all threads)
	 Conflicts in worker thread: 0 (of 34 commits)
	 Errors in worker thread: 0
	 Put errors: 0, Del errors: 0, Get errors: 0
***END OF RAMP-UP-THREADS OUTPUT***

***CONCLUDING THREAD EVALUATION***
