KP: 9200: Using 16 for local hash table size (same as merge frequency), 1610000 for master hash table size
KP: 9200: Total memory allocation size (just evaluation, not kv stores themselves) could be up to 0 bytes (0 MB)
Will create 1610000 random integers for each child thread
Now starting evaluation for key-value store: kp_kvstore
On 16 cores
Running on storage platform: disk
Starting single-threaded tests

*** BEGINING SINGLE THREADED TESTS***

***NOW DOING LATENCY TEST ON INDIVIDUAL FUNCTIONS ***
For put-insert: 
	 time elapsed 0:47722 (sec:usec) = 47722 usecs 
	 iterations 10000 (merge every 8 -> 1250 merges)
	 average cost 4.772200 usecs
	 Conflicts: 0 (of 1249 commits)

For put-append: 
	 time elapsed 0:179142 (sec:usec) = 179142 usecs 
	 iterations 30000 (merge every 8 -> 3750 merges)
	 average cost 5.971400 usecs
	 Conflicts: 0 (of 3747 commits)

For get: 
	 time elapsed 0:213565 (sec:usec) = 213565 usecs 
	 iterations 30000 (merge every 8 -> 3750 merges)
	 average cost 7.118834 usecs
	 Conflicts: 0 (of 0 commits)

For delete: 
	 time elapsed 0:73844 (sec:usec) = 73844 usecs 
	 iterations 30000 (merge every 8 -> 3750 merges)
	 average cost 2.461467 usecs
	 Conflicts: 0 (of 3747 commits)


*** CONCLUDING SINGLE THREADED TESTS***

Starting multi-threaded tests: num_threads=1, NUM_CPUS=16
KP: 9200: pinned new thread to CPU=0x0
KP: 9200: sleeping to allow threads enough time
KP: 9200: waking up from sleep (0)
For multithreaded run ramp r:-1-w:30-u:70-d:1
	 764496 total ops (756713 puts + 0 gets + 7783 dels)
	 2000000 in runtime (usecs) = 2 secs = 0.382248 ops/usec
	 378356.500000 op/sec put throughput (all threads)
	 0.000000 op/sec get throughput (all threads)
	 3891.500000 op/sec del throughput (all threads)
	 382248.000000 op/sec total throughput (all threads)
	 Conflicts in worker thread: 0 (of 95562 commits)
	 Errors in worker thread: 0
	 Put errors: 0, Del errors: 0, Get errors: 0
***END OF RAMP-UP-THREADS OUTPUT***

KP: 9200: pinned new thread to CPU=0x0
KP: 9200: sleeping to allow threads enough time
KP: 9200: waking up from sleep (0)
For multithreaded run ramp r:19-w:24-u:56-d:1
	 858212 total ops (678473 puts + 170836 gets + 8903 dels)
	 2000000 in runtime (usecs) = 2 secs = 0.429106 ops/usec
	 339236.500000 op/sec put throughput (all threads)
	 85418.000000 op/sec get throughput (all threads)
	 4451.500000 op/sec del throughput (all threads)
	 429106.000000 op/sec total throughput (all threads)
	 Conflicts in worker thread: 0 (of 85922 commits)
	 Errors in worker thread: 0
	 Put errors: 0, Del errors: 0, Get errors: 0
***END OF RAMP-UP-THREADS OUTPUT***

KP: 9200: pinned new thread to CPU=0x0
KP: 9200: sleeping to allow threads enough time
KP: 9200: waking up from sleep (0)
For multithreaded run ramp r:39-w:18-u:42-d:1
	 1012003 total ops (597066 puts + 404499 gets + 10438 dels)
	 2000000 in runtime (usecs) = 2 secs = 0.506001 ops/usec
	 298533.000000 op/sec put throughput (all threads)
	 202249.500000 op/sec get throughput (all threads)
	 5219.000000 op/sec del throughput (all threads)
	 506001.468750 op/sec total throughput (all threads)
	 Conflicts in worker thread: 0 (of 75938 commits)
	 Errors in worker thread: 0
	 Put errors: 0, Del errors: 0, Get errors: 0
***END OF RAMP-UP-THREADS OUTPUT***

KP: 9200: pinned new thread to CPU=0x0
KP: 9200: sleeping to allow threads enough time
KP: 9200: waking up from sleep (0)
For multithreaded run ramp r:59-w:12-u:28-d:1
	 1265766 total ops (494882 puts + 757839 gets + 13045 dels)
	 2000000 in runtime (usecs) = 2 secs = 0.632883 ops/usec
	 247441.000000 op/sec put throughput (all threads)
	 378919.500000 op/sec get throughput (all threads)
	 6522.500000 op/sec del throughput (all threads)
	 632883.000000 op/sec total throughput (all threads)
	 Conflicts in worker thread: 0 (of 63491 commits)
	 Errors in worker thread: 0
	 Put errors: 0, Del errors: 0, Get errors: 0
***END OF RAMP-UP-THREADS OUTPUT***

KP: 9200: pinned new thread to CPU=0x0
KP: 9200: sleeping to allow threads enough time
KP: 9200: waking up from sleep (0)
For multithreaded run ramp r:79-w:6-u:14-d:1
	 1721584 total ops (327031 puts + 1377193 gets + 17360 dels)
	 2000000 in runtime (usecs) = 2 secs = 0.860792 ops/usec
	 163515.500000 op/sec put throughput (all threads)
	 688596.500000 op/sec get throughput (all threads)
	 8679.999023 op/sec del throughput (all threads)
	 860792.000000 op/sec total throughput (all threads)
	 Conflicts in worker thread: 0 (of 43049 commits)
	 Errors in worker thread: 0
	 Put errors: 0, Del errors: 0, Get errors: 0
***END OF RAMP-UP-THREADS OUTPUT***

KP: 9200: pinned new thread to CPU=0x0
KP: 9200: sleeping to allow threads enough time
KP: 9200: waking up from sleep (0)
For multithreaded run ramp r:99-w:0-u:0-d:1
	 3236274 total ops (0 puts + 3203542 gets + 32732 dels)
	 2000000 in runtime (usecs) = 2 secs = 1.618137 ops/usec
	 0.000000 op/sec put throughput (all threads)
	 1601771.000000 op/sec get throughput (all threads)
	 16366.000000 op/sec del throughput (all threads)
	 1618137.000000 op/sec total throughput (all threads)
	 Conflicts in worker thread: 0 (of 4092 commits)
	 Errors in worker thread: 0
	 Put errors: 0, Del errors: 0, Get errors: 0
***END OF RAMP-UP-THREADS OUTPUT***

***CONCLUDING THREAD EVALUATION***
