KP: 1312: Using 16 for local hash table size (same as merge frequency), 1610000 for master hash table size
KP: 1312: Total memory allocation size (just evaluation, not kv stores themselves) could be up to 0 bytes (0 MB)
Will create 1610000 random integers for each child thread
Now starting evaluation for key-value store: kp_kvstore
On 16 cores
Running on storage platform: disk
Starting single-threaded tests

*** BEGINING SINGLE THREADED TESTS***

***NOW DOING LATENCY TEST ON INDIVIDUAL FUNCTIONS ***
For put-insert: 
	 time elapsed 0:63842 (sec:usec) = 63842 usecs 
	 iterations 10000 (merge every 8 -> 1250 merges)
	 average cost 6.384200 usecs
	 Conflicts: 0 (of 1249 commits)

For put-append: 
	 time elapsed 0:223377 (sec:usec) = 223377 usecs 
	 iterations 30000 (merge every 8 -> 3750 merges)
	 average cost 7.445900 usecs
	 Conflicts: 0 (of 3747 commits)

For get: 
	 time elapsed 0:297481 (sec:usec) = 297481 usecs 
	 iterations 30000 (merge every 8 -> 3750 merges)
	 average cost 9.916034 usecs
	 Conflicts: 0 (of 0 commits)

For delete: 
	 time elapsed 0:75540 (sec:usec) = 75540 usecs 
	 iterations 30000 (merge every 8 -> 3750 merges)
	 average cost 2.518000 usecs
	 Conflicts: 0 (of 3747 commits)


*** CONCLUDING SINGLE THREADED TESTS***

Starting multi-threaded tests: num_threads=1, NUM_CPUS=16
KP: 1312: pinned new thread to CPU=0x0
KP: 1312: sleeping to allow threads enough time
KP: 1312: waking up from sleep (0)
For multithreaded run ramp r:-1-w:30-u:70-d:1
	 594816 total ops (588742 puts + 0 gets + 6074 dels)
	 2000000 in runtime (usecs) = 2 secs = 0.297408 ops/usec
	 294371.000000 op/sec put throughput (all threads)
	 0.000000 op/sec get throughput (all threads)
	 3037.000000 op/sec del throughput (all threads)
	 297408.000000 op/sec total throughput (all threads)
	 Conflicts in worker thread: 0 (of 74352 commits)
	 Errors in worker thread: 0
	 Put errors: 0, Del errors: 0, Get errors: 0
***END OF RAMP-UP-THREADS OUTPUT***

KP: 1312: pinned new thread to CPU=0x0
KP: 1312: sleeping to allow threads enough time
KP: 1312: waking up from sleep (0)
For multithreaded run ramp r:19-w:24-u:56-d:1
	 690106 total ops (544900 puts + 138307 gets + 6899 dels)
	 2000000 in runtime (usecs) = 2 secs = 0.345053 ops/usec
	 272450.000000 op/sec put throughput (all threads)
	 69153.500000 op/sec get throughput (all threads)
	 3449.500000 op/sec del throughput (all threads)
	 345053.000000 op/sec total throughput (all threads)
	 Conflicts in worker thread: 0 (of 68975 commits)
	 Errors in worker thread: 0
	 Put errors: 0, Del errors: 0, Get errors: 0
***END OF RAMP-UP-THREADS OUTPUT***

KP: 1312: pinned new thread to CPU=0x0
KP: 1312: sleeping to allow threads enough time
KP: 1312: waking up from sleep (0)
For multithreaded run ramp r:39-w:18-u:42-d:1
	 839169 total ops (494376 puts + 336144 gets + 8649 dels)
	 2000000 in runtime (usecs) = 2 secs = 0.419585 ops/usec
	 247188.000000 op/sec put throughput (all threads)
	 168072.000000 op/sec get throughput (all threads)
	 4324.500000 op/sec del throughput (all threads)
	 419584.500000 op/sec total throughput (all threads)
	 Conflicts in worker thread: 0 (of 62879 commits)
	 Errors in worker thread: 0
	 Put errors: 0, Del errors: 0, Get errors: 0
***END OF RAMP-UP-THREADS OUTPUT***

KP: 1312: pinned new thread to CPU=0x0
KP: 1312: sleeping to allow threads enough time
KP: 1312: waking up from sleep (0)
For multithreaded run ramp r:59-w:12-u:28-d:1
	 1063880 total ops (415237 puts + 637769 gets + 10874 dels)
	 2000000 in runtime (usecs) = 2 secs = 0.531940 ops/usec
	 207618.500000 op/sec put throughput (all threads)
	 318884.500000 op/sec get throughput (all threads)
	 5437.000000 op/sec del throughput (all threads)
	 531940.000000 op/sec total throughput (all threads)
	 Conflicts in worker thread: 0 (of 53264 commits)
	 Errors in worker thread: 0
	 Put errors: 0, Del errors: 0, Get errors: 0
***END OF RAMP-UP-THREADS OUTPUT***

KP: 1312: pinned new thread to CPU=0x0
KP: 1312: sleeping to allow threads enough time
KP: 1312: waking up from sleep (0)
For multithreaded run ramp r:79-w:6-u:14-d:1
	 1499695 total ops (285337 puts + 1198907 gets + 15451 dels)
	 2000000 in runtime (usecs) = 2 secs = 0.749847 ops/usec
	 142668.500000 op/sec put throughput (all threads)
	 599453.562500 op/sec get throughput (all threads)
	 7725.500000 op/sec del throughput (all threads)
	 749847.500000 op/sec total throughput (all threads)
	 Conflicts in worker thread: 0 (of 37599 commits)
	 Errors in worker thread: 0
	 Put errors: 0, Del errors: 0, Get errors: 0
***END OF RAMP-UP-THREADS OUTPUT***

KP: 1312: pinned new thread to CPU=0x0
KP: 1312: sleeping to allow threads enough time
KP: 1312: waking up from sleep (0)
For multithreaded run ramp r:99-w:0-u:0-d:1
	 3304379 total ops (0 puts + 3270861 gets + 33518 dels)
	 2000000 in runtime (usecs) = 2 secs = 1.652189 ops/usec
	 0.000000 op/sec put throughput (all threads)
	 1635430.625000 op/sec get throughput (all threads)
	 16759.000000 op/sec del throughput (all threads)
	 1652189.500000 op/sec total throughput (all threads)
	 Conflicts in worker thread: 0 (of 4190 commits)
	 Errors in worker thread: 0
	 Put errors: 0, Del errors: 0, Get errors: 0
***END OF RAMP-UP-THREADS OUTPUT***

***CONCLUDING THREAD EVALUATION***
