KP: 3776: Using 16 for local hash table size (same as merge frequency), 1610000 for master hash table size
KP: 3776: Total memory allocation size (just evaluation, not kv stores themselves) could be up to 0 bytes (0 MB)
Will create 1610000 random integers for each child thread
Now starting evaluation for key-value store: kp_kvstore
On 16 cores
Running on storage platform: disk
Starting single-threaded tests

*** BEGINING SINGLE THREADED TESTS***

***NOW DOING LATENCY TEST ON INDIVIDUAL FUNCTIONS ***
For put-insert: 
	 time elapsed 0:31655 (sec:usec) = 31655 usecs 
	 iterations 10000 (merge every 8 -> 1250 merges)
	 average cost 3.165500 usecs
	 Conflicts: 0 (of 1249 commits)

For put-append: 
	 time elapsed 0:63240 (sec:usec) = 63240 usecs 
	 iterations 30000 (merge every 8 -> 3750 merges)
	 average cost 2.108000 usecs
	 Conflicts: 0 (of 3747 commits)

For get: 
	 time elapsed 0:27458 (sec:usec) = 27458 usecs 
	 iterations 30000 (merge every 8 -> 3750 merges)
	 average cost 0.915267 usecs
	 Conflicts: 0 (of 0 commits)

For delete: 
	 time elapsed 0:55243 (sec:usec) = 55243 usecs 
	 iterations 30000 (merge every 8 -> 3750 merges)
	 average cost 1.841433 usecs
	 Conflicts: 0 (of 3747 commits)


*** CONCLUDING SINGLE THREADED TESTS***

Starting multi-threaded tests: num_threads=1, NUM_CPUS=16
KP: 3776: pinned new thread to CPU=0x0
KP: 3776: sleeping to allow threads enough time
KP: 3776: waking up from sleep (0)
For multithreaded run ramp r:-1-w:30-u:70-d:1
	 1093224 total ops (1082185 puts + 0 gets + 11039 dels)
	 2000000 in runtime (usecs) = 2 secs = 0.546612 ops/usec
	 541092.500000 op/sec put throughput (all threads)
	 0.000000 op/sec get throughput (all threads)
	 5519.500000 op/sec del throughput (all threads)
	 546612.000000 op/sec total throughput (all threads)
	 Conflicts in worker thread: 0 (of 136653 commits)
	 Errors in worker thread: 0
	 Put errors: 0, Del errors: 0, Get errors: 0
***END OF RAMP-UP-THREADS OUTPUT***

KP: 3776: pinned new thread to CPU=0x0
KP: 3776: sleeping to allow threads enough time
KP: 3776: waking up from sleep (0)
For multithreaded run ramp r:19-w:24-u:56-d:1
	 1184305 total ops (935283 puts + 237017 gets + 12005 dels)
	 2000000 in runtime (usecs) = 2 secs = 0.592152 ops/usec
	 467641.500000 op/sec put throughput (all threads)
	 118508.500000 op/sec get throughput (all threads)
	 6002.500000 op/sec del throughput (all threads)
	 592152.500000 op/sec total throughput (all threads)
	 Conflicts in worker thread: 0 (of 118411 commits)
	 Errors in worker thread: 0
	 Put errors: 0, Del errors: 0, Get errors: 0
***END OF RAMP-UP-THREADS OUTPUT***

KP: 3776: pinned new thread to CPU=0x0
KP: 3776: sleeping to allow threads enough time
KP: 3776: waking up from sleep (0)
For multithreaded run ramp r:39-w:18-u:42-d:1
	 1379625 total ops (813002 puts + 552855 gets + 13768 dels)
	 2000000 in runtime (usecs) = 2 secs = 0.689812 ops/usec
	 406501.000000 op/sec put throughput (all threads)
	 276427.500000 op/sec get throughput (all threads)
	 6883.999512 op/sec del throughput (all threads)
	 689812.500000 op/sec total throughput (all threads)
	 Conflicts in worker thread: 0 (of 103347 commits)
	 Errors in worker thread: 0
	 Put errors: 0, Del errors: 0, Get errors: 0
***END OF RAMP-UP-THREADS OUTPUT***

KP: 3776: pinned new thread to CPU=0x0
KP: 3776: sleeping to allow threads enough time
KP: 3776: waking up from sleep (0)
For multithreaded run ramp r:59-w:12-u:28-d:1
	 1652963 total ops (644794 puts + 991972 gets + 16197 dels)
	 2000000 in runtime (usecs) = 2 secs = 0.826482 ops/usec
	 322397.000000 op/sec put throughput (all threads)
	 495986.031250 op/sec get throughput (all threads)
	 8098.500000 op/sec del throughput (all threads)
	 826481.500000 op/sec total throughput (all threads)
	 Conflicts in worker thread: 0 (of 82624 commits)
	 Errors in worker thread: 0
	 Put errors: 0, Del errors: 0, Get errors: 0
***END OF RAMP-UP-THREADS OUTPUT***

KP: 3776: pinned new thread to CPU=0x0
KP: 3776: sleeping to allow threads enough time
KP: 3776: waking up from sleep (0)
For multithreaded run ramp r:79-w:6-u:14-d:1
	 2146884 total ops (407243 puts + 1718492 gets + 21149 dels)
	 2000000 in runtime (usecs) = 2 secs = 1.073442 ops/usec
	 203621.500000 op/sec put throughput (all threads)
	 859246.000000 op/sec get throughput (all threads)
	 10574.500000 op/sec del throughput (all threads)
	 1073442.000000 op/sec total throughput (all threads)
	 Conflicts in worker thread: 0 (of 53549 commits)
	 Errors in worker thread: 0
	 Put errors: 0, Del errors: 0, Get errors: 0
***END OF RAMP-UP-THREADS OUTPUT***

KP: 3776: pinned new thread to CPU=0x0
KP: 3776: sleeping to allow threads enough time
KP: 3776: waking up from sleep (0)
For multithreaded run ramp r:99-w:0-u:0-d:1
	 3297304 total ops (0 puts + 3264602 gets + 32702 dels)
	 2000000 in runtime (usecs) = 2 secs = 1.648652 ops/usec
	 0.000000 op/sec put throughput (all threads)
	 1632301.000000 op/sec get throughput (all threads)
	 16351.000000 op/sec del throughput (all threads)
	 1648652.000000 op/sec total throughput (all threads)
	 Conflicts in worker thread: 0 (of 4088 commits)
	 Errors in worker thread: 0
	 Put errors: 0, Del errors: 0, Get errors: 0
***END OF RAMP-UP-THREADS OUTPUT***

***CONCLUDING THREAD EVALUATION***
