KP: 4816: Using 16 for local hash table size (same as merge frequency), 1610000 for master hash table size
KP: 4816: Total memory allocation size (just evaluation, not kv stores themselves) could be up to 0 bytes (0 MB)
Will create 1610000 random integers for each child thread
Now starting evaluation for key-value store: kp_kvstore
On 16 cores
Running on storage platform: disk
Starting single-threaded tests

*** BEGINING SINGLE THREADED TESTS***

***NOW DOING LATENCY TEST ON INDIVIDUAL FUNCTIONS ***
For put-insert: 
	 time elapsed 0:532398 (sec:usec) = 532398 usecs 
	 iterations 50000 (merge every 8 -> 6250 merges)
	 average cost 10.647960 usecs
	 Conflicts: 0 (of 6249 commits)

For put-append: 
	 time elapsed 1:169805 (sec:usec) = 1169805 usecs 
	 iterations 150000 (merge every 8 -> 18750 merges)
	 average cost 7.798700 usecs
	 Conflicts: 0 (of 18747 commits)

For get: 
	 time elapsed 0:195459 (sec:usec) = 195459 usecs 
	 iterations 150000 (merge every 8 -> 18750 merges)
	 average cost 1.303060 usecs
	 Conflicts: 0 (of 0 commits)

For delete: 
	 time elapsed 1:42002 (sec:usec) = 1042002 usecs 
	 iterations 150000 (merge every 8 -> 18750 merges)
	 average cost 6.946680 usecs
	 Conflicts: 0 (of 18747 commits)


*** CONCLUDING SINGLE THREADED TESTS***

Starting multi-threaded tests: num_threads=1, NUM_CPUS=16
KP: 4816: pinned new thread to CPU=0x0
KP: 4816: sleeping to allow threads enough time
KP: 4816: waking up from sleep (0)
For multithreaded run ramp r:-1-w:30-u:70-d:1
	 399272 total ops (395265 puts + 0 gets + 4007 dels)
	 2000000 in runtime (usecs) = 2 secs = 0.199636 ops/usec
	 197632.515625 op/sec put throughput (all threads)
	 0.000000 op/sec get throughput (all threads)
	 2003.500000 op/sec del throughput (all threads)
	 199636.000000 op/sec total throughput (all threads)
	 Conflicts in worker thread: 0 (of 49909 commits)
	 Errors in worker thread: 0
	 Put errors: 0, Del errors: 0, Get errors: 0
***END OF RAMP-UP-THREADS OUTPUT***

KP: 4816: pinned new thread to CPU=0x0
KP: 4816: sleeping to allow threads enough time
KP: 4816: waking up from sleep (0)
For multithreaded run ramp r:19-w:24-u:56-d:1
	 479206 total ops (377902 puts + 96538 gets + 4766 dels)
	 2000000 in runtime (usecs) = 2 secs = 0.239603 ops/usec
	 188951.000000 op/sec put throughput (all threads)
	 48269.000000 op/sec get throughput (all threads)
	 2383.000000 op/sec del throughput (all threads)
	 239603.000000 op/sec total throughput (all threads)
	 Conflicts in worker thread: 0 (of 47834 commits)
	 Errors in worker thread: 0
	 Put errors: 0, Del errors: 0, Get errors: 0
***END OF RAMP-UP-THREADS OUTPUT***

KP: 4816: pinned new thread to CPU=0x0
KP: 4816: sleeping to allow threads enough time
KP: 4816: waking up from sleep (0)
For multithreaded run ramp r:39-w:18-u:42-d:1
	 607081 total ops (357624 puts + 243353 gets + 6104 dels)
	 2000000 in runtime (usecs) = 2 secs = 0.303540 ops/usec
	 178812.000000 op/sec put throughput (all threads)
	 121676.500000 op/sec get throughput (all threads)
	 3052.000000 op/sec del throughput (all threads)
	 303540.500000 op/sec total throughput (all threads)
	 Conflicts in worker thread: 0 (of 45466 commits)
	 Errors in worker thread: 0
	 Put errors: 0, Del errors: 0, Get errors: 0
***END OF RAMP-UP-THREADS OUTPUT***

KP: 4816: pinned new thread to CPU=0x0
KP: 4816: sleeping to allow threads enough time
KP: 4816: waking up from sleep (0)
For multithreaded run ramp r:59-w:12-u:28-d:1
	 829454 total ops (323206 puts + 497894 gets + 8354 dels)
	 2000000 in runtime (usecs) = 2 secs = 0.414727 ops/usec
	 161603.000000 op/sec put throughput (all threads)
	 248947.000000 op/sec get throughput (all threads)
	 4177.000000 op/sec del throughput (all threads)
	 414727.000000 op/sec total throughput (all threads)
	 Conflicts in worker thread: 0 (of 41445 commits)
	 Errors in worker thread: 0
	 Put errors: 0, Del errors: 0, Get errors: 0
***END OF RAMP-UP-THREADS OUTPUT***

KP: 4816: pinned new thread to CPU=0x0
KP: 4816: sleeping to allow threads enough time
KP: 4816: waking up from sleep (0)
For multithreaded run ramp r:79-w:6-u:14-d:1
	 1321255 total ops (250246 puts + 1057815 gets + 13194 dels)
	 2000000 in runtime (usecs) = 2 secs = 0.660627 ops/usec
	 125123.000000 op/sec put throughput (all threads)
	 528907.500000 op/sec get throughput (all threads)
	 6597.000000 op/sec del throughput (all threads)
	 660627.500000 op/sec total throughput (all threads)
	 Conflicts in worker thread: 0 (of 32930 commits)
	 Errors in worker thread: 0
	 Put errors: 0, Del errors: 0, Get errors: 0
***END OF RAMP-UP-THREADS OUTPUT***

KP: 4816: pinned new thread to CPU=0x0
KP: 4816: sleeping to allow threads enough time
KP: 4816: waking up from sleep (0)
For multithreaded run ramp r:99-w:0-u:0-d:1
	 3271594 total ops (0 puts + 3238817 gets + 32777 dels)
	 2000000 in runtime (usecs) = 2 secs = 1.635797 ops/usec
	 0.000000 op/sec put throughput (all threads)
	 1619408.500000 op/sec get throughput (all threads)
	 16388.500000 op/sec del throughput (all threads)
	 1635797.000000 op/sec total throughput (all threads)
	 Conflicts in worker thread: 0 (of 4098 commits)
	 Errors in worker thread: 0
	 Put errors: 0, Del errors: 0, Get errors: 0
***END OF RAMP-UP-THREADS OUTPUT***

***CONCLUDING THREAD EVALUATION***
