KP: 8688: Using 16 for local hash table size (same as merge frequency), 1610000 for master hash table size
KP: 8688: Total memory allocation size (just evaluation, not kv stores themselves) could be up to 0 bytes (0 MB)
Will create 1610000 random integers for each child thread
Now starting evaluation for key-value store: kp_kvstore
On 16 cores
Running on storage platform: disk
Starting single-threaded tests

*** BEGINING SINGLE THREADED TESTS***

***NOW DOING LATENCY TEST ON INDIVIDUAL FUNCTIONS ***
For put-insert: 
	 time elapsed 0:141937 (sec:usec) = 141937 usecs 
	 iterations 10000 (merge every 8 -> 1250 merges)
	 average cost 14.193700 usecs
	 Conflicts: 0 (of 1249 commits)

For put-append: 
	 time elapsed 0:332830 (sec:usec) = 332830 usecs 
	 iterations 30000 (merge every 8 -> 3750 merges)
	 average cost 11.094334 usecs
	 Conflicts: 0 (of 3747 commits)

For get: 
	 time elapsed 0:52412 (sec:usec) = 52412 usecs 
	 iterations 30000 (merge every 8 -> 3750 merges)
	 average cost 1.747067 usecs
	 Conflicts: 0 (of 0 commits)

For delete: 
	 time elapsed 0:171092 (sec:usec) = 171092 usecs 
	 iterations 30000 (merge every 8 -> 3750 merges)
	 average cost 5.703067 usecs
	 Conflicts: 0 (of 3747 commits)


*** CONCLUDING SINGLE THREADED TESTS***

Starting multi-threaded tests: num_threads=1, NUM_CPUS=16
KP: 8688: pinned new thread to CPU=0x0
KP: 8688: sleeping to allow threads enough time
KP: 8688: waking up from sleep (0)
For multithreaded run ramp r:-1-w:30-u:70-d:1
	 309344 total ops (306273 puts + 0 gets + 3071 dels)
	 2000000 in runtime (usecs) = 2 secs = 0.154672 ops/usec
	 153136.500000 op/sec put throughput (all threads)
	 0.000000 op/sec get throughput (all threads)
	 1535.500000 op/sec del throughput (all threads)
	 154672.000000 op/sec total throughput (all threads)
	 Conflicts in worker thread: 0 (of 38668 commits)
	 Errors in worker thread: 0
	 Put errors: 0, Del errors: 0, Get errors: 0
***END OF RAMP-UP-THREADS OUTPUT***

KP: 8688: pinned new thread to CPU=0x0
KP: 8688: sleeping to allow threads enough time
KP: 8688: waking up from sleep (0)
For multithreaded run ramp r:19-w:24-u:56-d:1
	 378312 total ops (299127 puts + 75448 gets + 3737 dels)
	 2000000 in runtime (usecs) = 2 secs = 0.189156 ops/usec
	 149563.500000 op/sec put throughput (all threads)
	 37724.000000 op/sec get throughput (all threads)
	 1868.500000 op/sec del throughput (all threads)
	 189156.000000 op/sec total throughput (all threads)
	 Conflicts in worker thread: 0 (of 37858 commits)
	 Errors in worker thread: 0
	 Put errors: 0, Del errors: 0, Get errors: 0
***END OF RAMP-UP-THREADS OUTPUT***

KP: 8688: pinned new thread to CPU=0x0
KP: 8688: sleeping to allow threads enough time
KP: 8688: waking up from sleep (0)
For multithreaded run ramp r:39-w:18-u:42-d:1
	 489779 total ops (288413 puts + 196563 gets + 4803 dels)
	 2000000 in runtime (usecs) = 2 secs = 0.244889 ops/usec
	 144206.500000 op/sec put throughput (all threads)
	 98281.500000 op/sec get throughput (all threads)
	 2401.500000 op/sec del throughput (all threads)
	 244889.500000 op/sec total throughput (all threads)
	 Conflicts in worker thread: 0 (of 36652 commits)
	 Errors in worker thread: 0
	 Put errors: 0, Del errors: 0, Get errors: 0
***END OF RAMP-UP-THREADS OUTPUT***

KP: 8688: pinned new thread to CPU=0x0
KP: 8688: sleeping to allow threads enough time
KP: 8688: waking up from sleep (0)
For multithreaded run ramp r:59-w:12-u:28-d:1
	 693256 total ops (270260 puts + 416234 gets + 6762 dels)
	 2000000 in runtime (usecs) = 2 secs = 0.346628 ops/usec
	 135130.000000 op/sec put throughput (all threads)
	 208117.000000 op/sec get throughput (all threads)
	 3381.000000 op/sec del throughput (all threads)
	 346628.000000 op/sec total throughput (all threads)
	 Conflicts in worker thread: 0 (of 34628 commits)
	 Errors in worker thread: 0
	 Put errors: 0, Del errors: 0, Get errors: 0
***END OF RAMP-UP-THREADS OUTPUT***

KP: 8688: pinned new thread to CPU=0x0
KP: 8688: sleeping to allow threads enough time
KP: 8688: waking up from sleep (0)
For multithreaded run ramp r:79-w:6-u:14-d:1
	 1208347 total ops (230781 puts + 965792 gets + 11774 dels)
	 2000000 in runtime (usecs) = 2 secs = 0.604173 ops/usec
	 115390.500000 op/sec put throughput (all threads)
	 482896.000000 op/sec get throughput (all threads)
	 5887.000000 op/sec del throughput (all threads)
	 604173.500000 op/sec total throughput (all threads)
	 Conflicts in worker thread: 0 (of 30320 commits)
	 Errors in worker thread: 0
	 Put errors: 0, Del errors: 0, Get errors: 0
***END OF RAMP-UP-THREADS OUTPUT***

KP: 8688: pinned new thread to CPU=0x0
KP: 8688: sleeping to allow threads enough time
KP: 8688: waking up from sleep (0)
For multithreaded run ramp r:99-w:0-u:0-d:1
	 4882917 total ops (0 puts + 4835112 gets + 47805 dels)
	 2000000 in runtime (usecs) = 2 secs = 2.441458 ops/usec
	 0.000000 op/sec put throughput (all threads)
	 2417556.000000 op/sec get throughput (all threads)
	 23902.500000 op/sec del throughput (all threads)
	 2441458.500000 op/sec total throughput (all threads)
	 Conflicts in worker thread: 0 (of 5976 commits)
	 Errors in worker thread: 0
	 Put errors: 0, Del errors: 0, Get errors: 0
***END OF RAMP-UP-THREADS OUTPUT***

***CONCLUDING THREAD EVALUATION***
