KP: 5488: Using 64 for local hash table size (same as merge frequency), 1610000 for master hash table size
KP: 5488: Total memory allocation size (just evaluation, not kv stores themselves) could be up to 0 bytes (0 MB)
Will create 1610000 random integers for each child thread
Now starting evaluation for key-value store: kp_kvstore
On 16 cores
Running on storage platform: disk
Starting single-threaded tests

*** BEGINING SINGLE THREADED TESTS***

***NOW DOING LATENCY TEST ON INDIVIDUAL FUNCTIONS ***
For put-insert: 
	 time elapsed 0:147682 (sec:usec) = 147682 usecs 
	 iterations 10000 (merge every 32 -> 312 merges)
	 average cost 14.768200 usecs
	 Conflicts: 0 (of 313 commits)

For put-append: 
	 time elapsed 0:352155 (sec:usec) = 352155 usecs 
	 iterations 30000 (merge every 32 -> 937 merges)
	 average cost 11.738500 usecs
	 Conflicts: 0 (of 939 commits)

For get: 
	 time elapsed 0:68268 (sec:usec) = 68268 usecs 
	 iterations 30000 (merge every 32 -> 937 merges)
	 average cost 2.275600 usecs
	 Conflicts: 0 (of 0 commits)

For delete: 
	 time elapsed 0:190830 (sec:usec) = 190830 usecs 
	 iterations 30000 (merge every 32 -> 937 merges)
	 average cost 6.361000 usecs
	 Conflicts: 0 (of 939 commits)


*** CONCLUDING SINGLE THREADED TESTS***

Starting multi-threaded tests: num_threads=1, NUM_CPUS=16
KP: 5488: pinned new thread to CPU=0x0
KP: 5488: sleeping to allow threads enough time
KP: 5488: waking up from sleep (0)
For multithreaded run ramp r:-1-w:30-u:70-d:1
	 366496 total ops (362802 puts + 0 gets + 3694 dels)
	 2000000 in runtime (usecs) = 2 secs = 0.183248 ops/usec
	 181401.000000 op/sec put throughput (all threads)
	 0.000000 op/sec get throughput (all threads)
	 1847.000122 op/sec del throughput (all threads)
	 183248.000000 op/sec total throughput (all threads)
	 Conflicts in worker thread: 0 (of 11453 commits)
	 Errors in worker thread: 0
	 Put errors: 0, Del errors: 0, Get errors: 0
***END OF RAMP-UP-THREADS OUTPUT***

KP: 5488: pinned new thread to CPU=0x0
KP: 5488: sleeping to allow threads enough time
KP: 5488: waking up from sleep (0)
For multithreaded run ramp r:19-w:24-u:56-d:1
	 442152 total ops (349332 puts + 88328 gets + 4492 dels)
	 2000000 in runtime (usecs) = 2 secs = 0.221076 ops/usec
	 174666.000000 op/sec put throughput (all threads)
	 44164.000000 op/sec get throughput (all threads)
	 2246.000244 op/sec del throughput (all threads)
	 221076.000000 op/sec total throughput (all threads)
	 Conflicts in worker thread: 0 (of 11057 commits)
	 Errors in worker thread: 0
	 Put errors: 0, Del errors: 0, Get errors: 0
***END OF RAMP-UP-THREADS OUTPUT***

KP: 5488: pinned new thread to CPU=0x0
KP: 5488: sleeping to allow threads enough time
KP: 5488: waking up from sleep (0)
For multithreaded run ramp r:39-w:18-u:42-d:1
	 558911 total ops (329870 puts + 223446 gets + 5595 dels)
	 2000000 in runtime (usecs) = 2 secs = 0.279456 ops/usec
	 164934.984375 op/sec put throughput (all threads)
	 111723.000000 op/sec get throughput (all threads)
	 2797.500000 op/sec del throughput (all threads)
	 279455.500000 op/sec total throughput (all threads)
	 Conflicts in worker thread: 0 (of 10484 commits)
	 Errors in worker thread: 0
	 Put errors: 0, Del errors: 0, Get errors: 0
***END OF RAMP-UP-THREADS OUTPUT***

KP: 5488: pinned new thread to CPU=0x0
KP: 5488: sleeping to allow threads enough time
KP: 5488: waking up from sleep (0)
For multithreaded run ramp r:59-w:12-u:28-d:1
	 763670 total ops (297805 puts + 458358 gets + 7507 dels)
	 2000000 in runtime (usecs) = 2 secs = 0.381835 ops/usec
	 148902.500000 op/sec put throughput (all threads)
	 229179.000000 op/sec get throughput (all threads)
	 3753.500000 op/sec del throughput (all threads)
	 381835.000000 op/sec total throughput (all threads)
	 Conflicts in worker thread: 0 (of 9541 commits)
	 Errors in worker thread: 0
	 Put errors: 0, Del errors: 0, Get errors: 0
***END OF RAMP-UP-THREADS OUTPUT***

KP: 5488: pinned new thread to CPU=0x0
KP: 5488: sleeping to allow threads enough time
KP: 5488: waking up from sleep (0)
For multithreaded run ramp r:79-w:6-u:14-d:1
	 1208457 total ops (230255 puts + 966281 gets + 11921 dels)
	 2000000 in runtime (usecs) = 2 secs = 0.604228 ops/usec
	 115127.500000 op/sec put throughput (all threads)
	 483140.500000 op/sec get throughput (all threads)
	 5960.500000 op/sec del throughput (all threads)
	 604228.500000 op/sec total throughput (all threads)
	 Conflicts in worker thread: 0 (of 7568 commits)
	 Errors in worker thread: 0
	 Put errors: 0, Del errors: 0, Get errors: 0
***END OF RAMP-UP-THREADS OUTPUT***

KP: 5488: pinned new thread to CPU=0x0
KP: 5488: sleeping to allow threads enough time
KP: 5488: waking up from sleep (0)
For multithreaded run ramp r:99-w:0-u:0-d:1
	 2979408 total ops (0 puts + 2949818 gets + 29590 dels)
	 2000000 in runtime (usecs) = 2 secs = 1.489704 ops/usec
	 0.000000 op/sec put throughput (all threads)
	 1474909.000000 op/sec get throughput (all threads)
	 14795.000000 op/sec del throughput (all threads)
	 1489704.000000 op/sec total throughput (all threads)
	 Conflicts in worker thread: 0 (of 925 commits)
	 Errors in worker thread: 0
	 Put errors: 0, Del errors: 0, Get errors: 0
***END OF RAMP-UP-THREADS OUTPUT***

***CONCLUDING THREAD EVALUATION***
