KP: 5792: Using 512 for local hash table size (same as merge frequency), 1610000 for master hash table size
KP: 5792: Total memory allocation size (just evaluation, not kv stores themselves) could be up to 0 bytes (0 MB)
Will create 1610000 random integers for each child thread
Now starting evaluation for key-value store: kp_kvstore
On 16 cores
Running on storage platform: disk
Starting single-threaded tests

*** BEGINING SINGLE THREADED TESTS***

***NOW DOING LATENCY TEST ON INDIVIDUAL FUNCTIONS ***
For put-insert: 
	 time elapsed 0:144457 (sec:usec) = 144457 usecs 
	 iterations 10000 (merge every 256 -> 39 merges)
	 average cost 14.445700 usecs
	 Conflicts: 0 (of 40 commits)

For put-append: 
	 time elapsed 0:344814 (sec:usec) = 344814 usecs 
	 iterations 30000 (merge every 256 -> 117 merges)
	 average cost 11.493800 usecs
	 Conflicts: 0 (of 120 commits)

For get: 
	 time elapsed 0:64008 (sec:usec) = 64008 usecs 
	 iterations 30000 (merge every 256 -> 117 merges)
	 average cost 2.133600 usecs
	 Conflicts: 0 (of 0 commits)

For delete: 
	 time elapsed 0:183506 (sec:usec) = 183506 usecs 
	 iterations 30000 (merge every 256 -> 117 merges)
	 average cost 6.116867 usecs
	 Conflicts: 0 (of 120 commits)


*** CONCLUDING SINGLE THREADED TESTS***

Starting multi-threaded tests: num_threads=1, NUM_CPUS=16
KP: 5792: pinned new thread to CPU=0x0
KP: 5792: sleeping to allow threads enough time
KP: 5792: waking up from sleep (0)
For multithreaded run ramp r:-1-w:30-u:70-d:1
	 397568 total ops (393561 puts + 0 gets + 4007 dels)
	 2000000 in runtime (usecs) = 2 secs = 0.198784 ops/usec
	 196780.500000 op/sec put throughput (all threads)
	 0.000000 op/sec get throughput (all threads)
	 2003.500000 op/sec del throughput (all threads)
	 198784.000000 op/sec total throughput (all threads)
	 Conflicts in worker thread: 0 (of 1553 commits)
	 Errors in worker thread: 0
	 Put errors: 0, Del errors: 0, Get errors: 0
***END OF RAMP-UP-THREADS OUTPUT***

KP: 5792: pinned new thread to CPU=0x0
KP: 5792: sleeping to allow threads enough time
KP: 5792: waking up from sleep (0)
For multithreaded run ramp r:19-w:24-u:56-d:1
	 483991 total ops (382339 puts + 96919 gets + 4733 dels)
	 2000000 in runtime (usecs) = 2 secs = 0.241995 ops/usec
	 191169.500000 op/sec put throughput (all threads)
	 48459.500000 op/sec get throughput (all threads)
	 2366.500000 op/sec del throughput (all threads)
	 241995.500000 op/sec total throughput (all threads)
	 Conflicts in worker thread: 0 (of 1512 commits)
	 Errors in worker thread: 0
	 Put errors: 0, Del errors: 0, Get errors: 0
***END OF RAMP-UP-THREADS OUTPUT***

KP: 5792: pinned new thread to CPU=0x0
KP: 5792: sleeping to allow threads enough time
KP: 5792: waking up from sleep (0)
For multithreaded run ramp r:39-w:18-u:42-d:1
	 612630 total ops (362100 puts + 244538 gets + 5992 dels)
	 2000000 in runtime (usecs) = 2 secs = 0.306315 ops/usec
	 181050.000000 op/sec put throughput (all threads)
	 122269.000000 op/sec get throughput (all threads)
	 2996.000000 op/sec del throughput (all threads)
	 306315.000000 op/sec total throughput (all threads)
	 Conflicts in worker thread: 0 (of 1438 commits)
	 Errors in worker thread: 0
	 Put errors: 0, Del errors: 0, Get errors: 0
***END OF RAMP-UP-THREADS OUTPUT***

KP: 5792: pinned new thread to CPU=0x0
KP: 5792: sleeping to allow threads enough time
KP: 5792: waking up from sleep (0)
For multithreaded run ramp r:59-w:12-u:28-d:1
	 844651 total ops (329789 puts + 506558 gets + 8304 dels)
	 2000000 in runtime (usecs) = 2 secs = 0.422325 ops/usec
	 164894.500000 op/sec put throughput (all threads)
	 253279.000000 op/sec get throughput (all threads)
	 4152.000000 op/sec del throughput (all threads)
	 422325.500000 op/sec total throughput (all threads)
	 Conflicts in worker thread: 0 (of 1321 commits)
	 Errors in worker thread: 0
	 Put errors: 0, Del errors: 0, Get errors: 0
***END OF RAMP-UP-THREADS OUTPUT***

KP: 5792: pinned new thread to CPU=0x0
KP: 5792: sleeping to allow threads enough time
KP: 5792: waking up from sleep (0)
For multithreaded run ramp r:79-w:6-u:14-d:1
	 1359319 total ops (258709 puts + 1087196 gets + 13414 dels)
	 2000000 in runtime (usecs) = 2 secs = 0.679659 ops/usec
	 129354.500000 op/sec put throughput (all threads)
	 543598.000000 op/sec get throughput (all threads)
	 6707.000000 op/sec del throughput (all threads)
	 679659.500000 op/sec total throughput (all threads)
	 Conflicts in worker thread: 0 (of 1063 commits)
	 Errors in worker thread: 0
	 Put errors: 0, Del errors: 0, Get errors: 0
***END OF RAMP-UP-THREADS OUTPUT***

KP: 5792: pinned new thread to CPU=0x0
KP: 5792: sleeping to allow threads enough time
KP: 5792: waking up from sleep (0)
For multithreaded run ramp r:99-w:0-u:0-d:1
	 3548602 total ops (0 puts + 3513811 gets + 34791 dels)
	 2000000 in runtime (usecs) = 2 secs = 1.774301 ops/usec
	 0.000000 op/sec put throughput (all threads)
	 1756905.500000 op/sec get throughput (all threads)
	 17395.498047 op/sec del throughput (all threads)
	 1774301.000000 op/sec total throughput (all threads)
	 Conflicts in worker thread: 0 (of 136 commits)
	 Errors in worker thread: 0
	 Put errors: 0, Del errors: 0, Get errors: 0
***END OF RAMP-UP-THREADS OUTPUT***

***CONCLUDING THREAD EVALUATION***
