KP: 5296: Using 16 for local hash table size (same as merge frequency), 1610000 for master hash table size
KP: 5296: Total memory allocation size (just evaluation, not kv stores themselves) could be up to 0 bytes (0 MB)
Will create 1610000 random integers for each child thread
Now starting evaluation for key-value store: kp_kvstore
On 16 cores
Running on storage platform: disk
Starting single-threaded tests

*** BEGINING SINGLE THREADED TESTS***

***NOW DOING LATENCY TEST ON INDIVIDUAL FUNCTIONS ***
For put-insert: 
	 time elapsed 0:106761 (sec:usec) = 106761 usecs 
	 iterations 10000 (merge every 8 -> 1250 merges)
	 average cost 10.676100 usecs
	 Conflicts: 0 (of 1249 commits)

For put-append: 
	 time elapsed 0:227803 (sec:usec) = 227803 usecs 
	 iterations 30000 (merge every 8 -> 3750 merges)
	 average cost 7.593433 usecs
	 Conflicts: 0 (of 3747 commits)

For get: 
	 time elapsed 0:26267 (sec:usec) = 26267 usecs 
	 iterations 30000 (merge every 8 -> 3750 merges)
	 average cost 0.875567 usecs
	 Conflicts: 0 (of 0 commits)

For delete: 
	 time elapsed 0:203137 (sec:usec) = 203137 usecs 
	 iterations 30000 (merge every 8 -> 3750 merges)
	 average cost 6.771234 usecs
	 Conflicts: 0 (of 3747 commits)


*** CONCLUDING SINGLE THREADED TESTS***

Starting multi-threaded tests: num_threads=1, NUM_CPUS=16
KP: 5296: pinned new thread to CPU=0x0
KP: 5296: sleeping to allow threads enough time
KP: 5296: waking up from sleep (0)
For multithreaded run ramp r:-1-w:30-u:70-d:1
	 399929 total ops (395989 puts + 1 gets + 3939 dels)
	 2000000 in runtime (usecs) = 2 secs = 0.199964 ops/usec
	 197994.500000 op/sec put throughput (all threads)
	 0.500000 op/sec get throughput (all threads)
	 1969.500000 op/sec del throughput (all threads)
	 199964.500000 op/sec total throughput (all threads)
	 Conflicts in worker thread: 0 (of 49991 commits)
	 Errors in worker thread: 0
	 Put errors: 0, Del errors: 0, Get errors: 0
***END OF RAMP-UP-THREADS OUTPUT***

KP: 5296: pinned new thread to CPU=0x0
KP: 5296: sleeping to allow threads enough time
KP: 5296: waking up from sleep (0)
For multithreaded run ramp r:19-w:24-u:56-d:1
	 478545 total ops (378063 puts + 95761 gets + 4721 dels)
	 2000000 in runtime (usecs) = 2 secs = 0.239273 ops/usec
	 189031.500000 op/sec put throughput (all threads)
	 47880.500000 op/sec get throughput (all threads)
	 2360.500000 op/sec del throughput (all threads)
	 239272.500000 op/sec total throughput (all threads)
	 Conflicts in worker thread: 0 (of 47848 commits)
	 Errors in worker thread: 0
	 Put errors: 0, Del errors: 0, Get errors: 0
***END OF RAMP-UP-THREADS OUTPUT***

KP: 5296: pinned new thread to CPU=0x0
KP: 5296: sleeping to allow threads enough time
KP: 5296: waking up from sleep (0)
For multithreaded run ramp r:39-w:18-u:42-d:1
	 604342 total ops (356775 puts + 241662 gets + 5905 dels)
	 2000000 in runtime (usecs) = 2 secs = 0.302171 ops/usec
	 178387.500000 op/sec put throughput (all threads)
	 120831.000000 op/sec get throughput (all threads)
	 2952.500000 op/sec del throughput (all threads)
	 302171.000000 op/sec total throughput (all threads)
	 Conflicts in worker thread: 0 (of 45335 commits)
	 Errors in worker thread: 0
	 Put errors: 0, Del errors: 0, Get errors: 0
***END OF RAMP-UP-THREADS OUTPUT***

KP: 5296: pinned new thread to CPU=0x0
KP: 5296: sleeping to allow threads enough time
KP: 5296: waking up from sleep (0)
For multithreaded run ramp r:59-w:12-u:28-d:1
	 826614 total ops (322178 puts + 496270 gets + 8166 dels)
	 2000000 in runtime (usecs) = 2 secs = 0.413307 ops/usec
	 161089.000000 op/sec put throughput (all threads)
	 248134.984375 op/sec get throughput (all threads)
	 4083.000000 op/sec del throughput (all threads)
	 413307.000000 op/sec total throughput (all threads)
	 Conflicts in worker thread: 0 (of 41293 commits)
	 Errors in worker thread: 0
	 Put errors: 0, Del errors: 0, Get errors: 0
***END OF RAMP-UP-THREADS OUTPUT***

KP: 5296: pinned new thread to CPU=0x0
KP: 5296: sleeping to allow threads enough time
KP: 5296: waking up from sleep (0)
For multithreaded run ramp r:79-w:6-u:14-d:1
	 1324691 total ops (252774 puts + 1058715 gets + 13202 dels)
	 2000000 in runtime (usecs) = 2 secs = 0.662346 ops/usec
	 126387.000000 op/sec put throughput (all threads)
	 529357.500000 op/sec get throughput (all threads)
	 6601.000000 op/sec del throughput (all threads)
	 662345.500000 op/sec total throughput (all threads)
	 Conflicts in worker thread: 0 (of 33247 commits)
	 Errors in worker thread: 0
	 Put errors: 0, Del errors: 0, Get errors: 0
***END OF RAMP-UP-THREADS OUTPUT***

KP: 5296: pinned new thread to CPU=0x0
KP: 5296: sleeping to allow threads enough time
KP: 5296: waking up from sleep (0)
For multithreaded run ramp r:99-w:0-u:0-d:1
	 3267132 total ops (0 puts + 3234698 gets + 32434 dels)
	 2000000 in runtime (usecs) = 2 secs = 1.633566 ops/usec
	 0.000000 op/sec put throughput (all threads)
	 1617349.000000 op/sec get throughput (all threads)
	 16217.000000 op/sec del throughput (all threads)
	 1633566.000000 op/sec total throughput (all threads)
	 Conflicts in worker thread: 0 (of 4055 commits)
	 Errors in worker thread: 0
	 Put errors: 0, Del errors: 0, Get errors: 0
***END OF RAMP-UP-THREADS OUTPUT***

***CONCLUDING THREAD EVALUATION***
