KP: 4736: Using 16 for local hash table size (same as merge frequency), 1610000 for master hash table size
KP: 4736: Total memory allocation size (just evaluation, not kv stores themselves) could be up to 0 bytes (0 MB)
Will create 268333 random integers for each child thread
Now starting evaluation for key-value store: kp_kvstore
On 16 cores
Running on storage platform: disk
Starting single-threaded tests

*** BEGINING SINGLE THREADED TESTS***

***NOW DOING LATENCY TEST ON INDIVIDUAL FUNCTIONS ***
For put-insert: 
	 time elapsed 0:151643 (sec:usec) = 151643 usecs 
	 iterations 10000 (merge every 8 -> 1250 merges)
	 average cost 15.164300 usecs
	 Conflicts: 0 (of 1249 commits)

For put-append: 
	 time elapsed 0:364706 (sec:usec) = 364706 usecs 
	 iterations 30000 (merge every 8 -> 3750 merges)
	 average cost 12.156867 usecs
	 Conflicts: 0 (of 3747 commits)

For get: 
	 time elapsed 0:63553 (sec:usec) = 63553 usecs 
	 iterations 30000 (merge every 8 -> 3750 merges)
	 average cost 2.118433 usecs
	 Conflicts: 0 (of 0 commits)

For delete: 
	 time elapsed 0:202030 (sec:usec) = 202030 usecs 
	 iterations 30000 (merge every 8 -> 3750 merges)
	 average cost 6.734334 usecs
	 Conflicts: 0 (of 3747 commits)


*** CONCLUDING SINGLE THREADED TESTS***

Starting multi-threaded tests: num_threads=6, NUM_CPUS=16
KP: 4736: pinned new thread to CPU=0x0
KP: 4736: pinned new thread to CPU=0x1
KP: 4736: pinned new thread to CPU=0x2
KP: 4736: pinned new thread to CPU=0x3
KP: 4736: pinned new thread to CPU=0x4
KP: 4736: pinned new thread to CPU=0x5
KP: 4736: sleeping to allow threads enough time
KP: 4736: waking up from sleep (0)
For multithreaded run ramp r:-1-w:30-u:70-d:1
	 1546887 total ops (1531544 puts + 0 gets + 15343 dels)
	 2000000 in runtime (usecs) = 2 secs = 0.773444 ops/usec
	 765772.000000 op/sec put throughput (all threads)
	 0.000000 op/sec get throughput (all threads)
	 7671.500000 op/sec del throughput (all threads)
	 773443.500000 op/sec total throughput (all threads)
	 Conflicts in worker thread: 161620 (of 193362 commits)
	 Errors in worker thread: 0
	 Put errors: 0, Del errors: 0, Get errors: 0
***END OF RAMP-UP-THREADS OUTPUT***

KP: 4736: pinned new thread to CPU=0x0
KP: 4736: pinned new thread to CPU=0x1
KP: 4736: pinned new thread to CPU=0x2
KP: 4736: pinned new thread to CPU=0x3
KP: 4736: pinned new thread to CPU=0x4
KP: 4736: pinned new thread to CPU=0x5
KP: 4736: sleeping to allow threads enough time
KP: 4736: waking up from sleep (0)
For multithreaded run ramp r:19-w:24-u:56-d:1
	 1886036 total ops (1488915 puts + 378396 gets + 18725 dels)
	 2000000 in runtime (usecs) = 2 secs = 0.943018 ops/usec
	 744457.500000 op/sec put throughput (all threads)
	 189197.984375 op/sec get throughput (all threads)
	 9362.500000 op/sec del throughput (all threads)
	 943018.000000 op/sec total throughput (all threads)
	 Conflicts in worker thread: 157177 (of 188455 commits)
	 Errors in worker thread: 0
	 Put errors: 0, Del errors: 0, Get errors: 0
***END OF RAMP-UP-THREADS OUTPUT***

KP: 4736: pinned new thread to CPU=0x0
KP: 4736: pinned new thread to CPU=0x1
KP: 4736: pinned new thread to CPU=0x2
KP: 4736: pinned new thread to CPU=0x3
KP: 4736: pinned new thread to CPU=0x4
KP: 4736: pinned new thread to CPU=0x5
KP: 4736: sleeping to allow threads enough time
KP: 4736: waking up from sleep (0)
For multithreaded run ramp r:39-w:18-u:42-d:1
	 1998642 total ops (1177565 puts + 801274 gets + 19803 dels)
	 2000000 in runtime (usecs) = 2 secs = 0.999321 ops/usec
	 588782.500000 op/sec put throughput (all threads)
	 400637.000000 op/sec get throughput (all threads)
	 9901.500000 op/sec del throughput (all threads)
	 999321.000000 op/sec total throughput (all threads)
	 Conflicts in worker thread: 124641 (of 149671 commits)
	 Errors in worker thread: 0
	 Put errors: 0, Del errors: 0, Get errors: 0
***END OF RAMP-UP-THREADS OUTPUT***

KP: 4736: pinned new thread to CPU=0x0
KP: 4736: pinned new thread to CPU=0x1
KP: 4736: pinned new thread to CPU=0x2
KP: 4736: pinned new thread to CPU=0x3
KP: 4736: pinned new thread to CPU=0x4
KP: 4736: pinned new thread to CPU=0x5
KP: 4736: sleeping to allow threads enough time
KP: 4736: waking up from sleep (0)
For multithreaded run ramp r:59-w:12-u:28-d:1
	 3299474 total ops (1287781 puts + 1978810 gets + 32883 dels)
	 2000000 in runtime (usecs) = 2 secs = 1.649737 ops/usec
	 643890.500000 op/sec put throughput (all threads)
	 989405.000000 op/sec get throughput (all threads)
	 16441.500000 op/sec del throughput (all threads)
	 1649737.000000 op/sec total throughput (all threads)
	 Conflicts in worker thread: 136804 (of 165085 commits)
	 Errors in worker thread: 0
	 Put errors: 0, Del errors: 0, Get errors: 0
***END OF RAMP-UP-THREADS OUTPUT***

KP: 4736: pinned new thread to CPU=0x0
KP: 4736: pinned new thread to CPU=0x1
KP: 4736: pinned new thread to CPU=0x2
KP: 4736: pinned new thread to CPU=0x3
KP: 4736: pinned new thread to CPU=0x4
KP: 4736: pinned new thread to CPU=0x5
KP: 4736: sleeping to allow threads enough time
KP: 4736: waking up from sleep (0)
For multithreaded run ramp r:79-w:6-u:14-d:1
	 5301695 total ops (1010796 puts + 4237610 gets + 53289 dels)
	 2000000 in runtime (usecs) = 2 secs = 2.650847 ops/usec
	 505398.000000 op/sec put throughput (all threads)
	 2118805.000000 op/sec get throughput (all threads)
	 26644.500000 op/sec del throughput (all threads)
	 2650847.500000 op/sec total throughput (all threads)
	 Conflicts in worker thread: 109336 (of 133012 commits)
	 Errors in worker thread: 0
	 Put errors: 0, Del errors: 0, Get errors: 0
***END OF RAMP-UP-THREADS OUTPUT***

KP: 4736: pinned new thread to CPU=0x0
KP: 4736: pinned new thread to CPU=0x1
KP: 4736: pinned new thread to CPU=0x2
KP: 4736: pinned new thread to CPU=0x3
KP: 4736: pinned new thread to CPU=0x4
KP: 4736: pinned new thread to CPU=0x5
KP: 4736: sleeping to allow threads enough time
KP: 4736: waking up from sleep (0)
For multithreaded run ramp r:99-w:0-u:0-d:1
	 16638225 total ops (0 puts + 16471456 gets + 166769 dels)
	 2000000 in runtime (usecs) = 2 secs = 8.319113 ops/usec
	 0.000000 op/sec put throughput (all threads)
	 8235728.000000 op/sec get throughput (all threads)
	 83384.500000 op/sec del throughput (all threads)
	 8319113.000000 op/sec total throughput (all threads)
	 Conflicts in worker thread: 16584 (of 20849 commits)
	 Errors in worker thread: 0
	 Put errors: 0, Del errors: 0, Get errors: 0
***END OF RAMP-UP-THREADS OUTPUT***

***CONCLUDING THREAD EVALUATION***
