KP: 368: Using 16 for local hash table size (same as merge frequency), 1610000 for master hash table size
KP: 368: Total memory allocation size (just evaluation, not kv stores themselves) could be up to 0 bytes (0 MB)
Will create 1610000 random integers for each child thread
Now starting evaluation for key-value store: kp_kvstore
On 16 cores
Running on storage platform: disk
Starting single-threaded tests

*** BEGINING SINGLE THREADED TESTS***

***NOW DOING LATENCY TEST ON INDIVIDUAL FUNCTIONS ***
For put-insert: 
	 time elapsed 0:290892 (sec:usec) = 290892 usecs 
	 iterations 10000 (merge every 8 -> 1250 merges)
	 average cost 29.089199 usecs
	 Conflicts: 0 (of 1249 commits)

For put-append: 
	 time elapsed 0:786039 (sec:usec) = 786039 usecs 
	 iterations 30000 (merge every 8 -> 3750 merges)
	 average cost 26.201300 usecs
	 Conflicts: 0 (of 3747 commits)

For get: 
	 time elapsed 0:142635 (sec:usec) = 142635 usecs 
	 iterations 30000 (merge every 8 -> 3750 merges)
	 average cost 4.754500 usecs
	 Conflicts: 0 (of 0 commits)

For delete: 
	 time elapsed 0:203506 (sec:usec) = 203506 usecs 
	 iterations 30000 (merge every 8 -> 3750 merges)
	 average cost 6.783533 usecs
	 Conflicts: 0 (of 3747 commits)


*** CONCLUDING SINGLE THREADED TESTS***

Starting multi-threaded tests: num_threads=1, NUM_CPUS=16
KP: 368: pinned new thread to CPU=0x0
KP: 368: sleeping to allow threads enough time
KP: 368: waking up from sleep (0)
For multithreaded run ramp r:-1-w:30-u:70-d:1
	 154936 total ops (153407 puts + 0 gets + 1529 dels)
	 2000000 in runtime (usecs) = 2 secs = 0.077468 ops/usec
	 76703.500000 op/sec put throughput (all threads)
	 0.000000 op/sec get throughput (all threads)
	 764.499939 op/sec del throughput (all threads)
	 77468.000000 op/sec total throughput (all threads)
	 Conflicts in worker thread: 0 (of 19367 commits)
	 Errors in worker thread: 0
	 Put errors: 0, Del errors: 0, Get errors: 0
***END OF RAMP-UP-THREADS OUTPUT***

KP: 368: pinned new thread to CPU=0x0
KP: 368: sleeping to allow threads enough time
KP: 368: waking up from sleep (0)
For multithreaded run ramp r:19-w:24-u:56-d:1
	 190137 total ops (150056 puts + 38187 gets + 1894 dels)
	 2000000 in runtime (usecs) = 2 secs = 0.095068 ops/usec
	 75028.000000 op/sec put throughput (all threads)
	 19093.500000 op/sec get throughput (all threads)
	 947.000000 op/sec del throughput (all threads)
	 95068.500000 op/sec total throughput (all threads)
	 Conflicts in worker thread: 0 (of 18994 commits)
	 Errors in worker thread: 0
	 Put errors: 0, Del errors: 0, Get errors: 0
***END OF RAMP-UP-THREADS OUTPUT***

KP: 368: pinned new thread to CPU=0x0
KP: 368: sleeping to allow threads enough time
KP: 368: waking up from sleep (0)
For multithreaded run ramp r:39-w:18-u:42-d:1
	 247539 total ops (145878 puts + 99163 gets + 2498 dels)
	 2000000 in runtime (usecs) = 2 secs = 0.123769 ops/usec
	 72939.000000 op/sec put throughput (all threads)
	 49581.500000 op/sec get throughput (all threads)
	 1248.999878 op/sec del throughput (all threads)
	 123769.500000 op/sec total throughput (all threads)
	 Conflicts in worker thread: 0 (of 18547 commits)
	 Errors in worker thread: 0
	 Put errors: 0, Del errors: 0, Get errors: 0
***END OF RAMP-UP-THREADS OUTPUT***

KP: 368: pinned new thread to CPU=0x0
KP: 368: sleeping to allow threads enough time
KP: 368: waking up from sleep (0)
For multithreaded run ramp r:59-w:12-u:28-d:1
	 356794 total ops (138856 puts + 214306 gets + 3632 dels)
	 2000000 in runtime (usecs) = 2 secs = 0.178397 ops/usec
	 69428.000000 op/sec put throughput (all threads)
	 107153.000000 op/sec get throughput (all threads)
	 1816.000000 op/sec del throughput (all threads)
	 178397.000000 op/sec total throughput (all threads)
	 Conflicts in worker thread: 0 (of 17811 commits)
	 Errors in worker thread: 0
	 Put errors: 0, Del errors: 0, Get errors: 0
***END OF RAMP-UP-THREADS OUTPUT***

KP: 368: pinned new thread to CPU=0x0
KP: 368: sleeping to allow threads enough time
KP: 368: waking up from sleep (0)
For multithreaded run ramp r:79-w:6-u:14-d:1
	 642343 total ops (122005 puts + 513831 gets + 6507 dels)
	 2000000 in runtime (usecs) = 2 secs = 0.321171 ops/usec
	 61002.500000 op/sec put throughput (all threads)
	 256915.500000 op/sec get throughput (all threads)
	 3253.500000 op/sec del throughput (all threads)
	 321171.500000 op/sec total throughput (all threads)
	 Conflicts in worker thread: 0 (of 16064 commits)
	 Errors in worker thread: 0
	 Put errors: 0, Del errors: 0, Get errors: 0
***END OF RAMP-UP-THREADS OUTPUT***

KP: 368: pinned new thread to CPU=0x0
KP: 368: sleeping to allow threads enough time
KP: 368: waking up from sleep (0)
For multithreaded run ramp r:99-w:0-u:0-d:1
	 3267700 total ops (0 puts + 3234666 gets + 33034 dels)
	 2000000 in runtime (usecs) = 2 secs = 1.633850 ops/usec
	 0.000000 op/sec put throughput (all threads)
	 1617333.000000 op/sec get throughput (all threads)
	 16517.000000 op/sec del throughput (all threads)
	 1633850.000000 op/sec total throughput (all threads)
	 Conflicts in worker thread: 0 (of 4130 commits)
	 Errors in worker thread: 0
	 Put errors: 0, Del errors: 0, Get errors: 0
***END OF RAMP-UP-THREADS OUTPUT***

***CONCLUDING THREAD EVALUATION***
