KP: 7328: Using 16 for local hash table size (same as merge frequency), 1610000 for master hash table size
KP: 7328: Total memory allocation size (just evaluation, not kv stores themselves) could be up to 0 bytes (0 MB)
Will create 1610000 random integers for each child thread
Now starting evaluation for key-value store: kp_kvstore
On 16 cores
Running on storage platform: disk
Starting single-threaded tests

*** BEGINING SINGLE THREADED TESTS***

***NOW DOING LATENCY TEST ON INDIVIDUAL FUNCTIONS ***
For put-insert: 
	 time elapsed 0:104376 (sec:usec) = 104376 usecs 
	 iterations 10000 (merge every 8 -> 1250 merges)
	 average cost 10.437600 usecs
	 Conflicts: 0 (of 1249 commits)

For put-append: 
	 time elapsed 0:221674 (sec:usec) = 221674 usecs 
	 iterations 30000 (merge every 8 -> 3750 merges)
	 average cost 7.389133 usecs
	 Conflicts: 0 (of 3747 commits)

For get: 
	 time elapsed 0:25174 (sec:usec) = 25174 usecs 
	 iterations 30000 (merge every 8 -> 3750 merges)
	 average cost 0.839133 usecs
	 Conflicts: 0 (of 0 commits)

For delete: 
	 time elapsed 0:201712 (sec:usec) = 201712 usecs 
	 iterations 30000 (merge every 8 -> 3750 merges)
	 average cost 6.723733 usecs
	 Conflicts: 0 (of 3747 commits)


*** CONCLUDING SINGLE THREADED TESTS***

Starting multi-threaded tests: num_threads=1, NUM_CPUS=16
KP: 7328: pinned new thread to CPU=0x0
KP: 7328: sleeping to allow threads enough time
KP: 7328: waking up from sleep (0)
For multithreaded run ramp r:-1-w:30-u:70-d:1
	 403784 total ops (399738 puts + 0 gets + 4046 dels)
	 2000000 in runtime (usecs) = 2 secs = 0.201892 ops/usec
	 199869.000000 op/sec put throughput (all threads)
	 0.000000 op/sec get throughput (all threads)
	 2023.000122 op/sec del throughput (all threads)
	 201892.000000 op/sec total throughput (all threads)
	 Conflicts in worker thread: 0 (of 50473 commits)
	 Errors in worker thread: 0
	 Put errors: 0, Del errors: 0, Get errors: 0
***END OF RAMP-UP-THREADS OUTPUT***

KP: 7328: pinned new thread to CPU=0x0
KP: 7328: sleeping to allow threads enough time
KP: 7328: waking up from sleep (0)
For multithreaded run ramp r:19-w:24-u:56-d:1
	 490426 total ops (387493 puts + 98074 gets + 4859 dels)
	 2000000 in runtime (usecs) = 2 secs = 0.245213 ops/usec
	 193746.500000 op/sec put throughput (all threads)
	 49037.000000 op/sec get throughput (all threads)
	 2429.500000 op/sec del throughput (all threads)
	 245213.000000 op/sec total throughput (all threads)
	 Conflicts in worker thread: 0 (of 49044 commits)
	 Errors in worker thread: 0
	 Put errors: 0, Del errors: 0, Get errors: 0
***END OF RAMP-UP-THREADS OUTPUT***

KP: 7328: pinned new thread to CPU=0x0
KP: 7328: sleeping to allow threads enough time
KP: 7328: waking up from sleep (0)
For multithreaded run ramp r:39-w:18-u:42-d:1
	 620080 total ops (365807 puts + 248136 gets + 6137 dels)
	 2000000 in runtime (usecs) = 2 secs = 0.310040 ops/usec
	 182903.500000 op/sec put throughput (all threads)
	 124068.000000 op/sec get throughput (all threads)
	 3068.500000 op/sec del throughput (all threads)
	 310040.000000 op/sec total throughput (all threads)
	 Conflicts in worker thread: 0 (of 46493 commits)
	 Errors in worker thread: 0
	 Put errors: 0, Del errors: 0, Get errors: 0
***END OF RAMP-UP-THREADS OUTPUT***

KP: 7328: pinned new thread to CPU=0x0
KP: 7328: sleeping to allow threads enough time
KP: 7328: waking up from sleep (0)
For multithreaded run ramp r:59-w:12-u:28-d:1
	 844513 total ops (329300 puts + 506753 gets + 8460 dels)
	 2000000 in runtime (usecs) = 2 secs = 0.422256 ops/usec
	 164650.000000 op/sec put throughput (all threads)
	 253376.500000 op/sec get throughput (all threads)
	 4230.000000 op/sec del throughput (all threads)
	 422256.500000 op/sec total throughput (all threads)
	 Conflicts in worker thread: 0 (of 42220 commits)
	 Errors in worker thread: 0
	 Put errors: 0, Del errors: 0, Get errors: 0
***END OF RAMP-UP-THREADS OUTPUT***

KP: 7328: pinned new thread to CPU=0x0
KP: 7328: sleeping to allow threads enough time
KP: 7328: waking up from sleep (0)
For multithreaded run ramp r:79-w:6-u:14-d:1
	 1344089 total ops (255233 puts + 1075303 gets + 13553 dels)
	 2000000 in runtime (usecs) = 2 secs = 0.672045 ops/usec
	 127616.500000 op/sec put throughput (all threads)
	 537651.500000 op/sec get throughput (all threads)
	 6776.500000 op/sec del throughput (all threads)
	 672044.500000 op/sec total throughput (all threads)
	 Conflicts in worker thread: 0 (of 33599 commits)
	 Errors in worker thread: 0
	 Put errors: 0, Del errors: 0, Get errors: 0
***END OF RAMP-UP-THREADS OUTPUT***

KP: 7328: pinned new thread to CPU=0x0
KP: 7328: sleeping to allow threads enough time
KP: 7328: waking up from sleep (0)
For multithreaded run ramp r:99-w:0-u:0-d:1
	 3269889 total ops (0 puts + 3237687 gets + 32202 dels)
	 2000000 in runtime (usecs) = 2 secs = 1.634945 ops/usec
	 0.000000 op/sec put throughput (all threads)
	 1618843.500000 op/sec get throughput (all threads)
	 16101.000000 op/sec del throughput (all threads)
	 1634944.500000 op/sec total throughput (all threads)
	 Conflicts in worker thread: 0 (of 4026 commits)
	 Errors in worker thread: 0
	 Put errors: 0, Del errors: 0, Get errors: 0
***END OF RAMP-UP-THREADS OUTPUT***

***CONCLUDING THREAD EVALUATION***
