KP: 5776: Using 16 for local hash table size (same as merge frequency), 1610000 for master hash table size
KP: 5776: Total memory allocation size (just evaluation, not kv stores themselves) could be up to 0 bytes (0 MB)
Will create 1610000 random integers for each child thread
Now starting evaluation for key-value store: kp_kvstore
On 16 cores
Running on storage platform: disk
Starting single-threaded tests

*** BEGINING SINGLE THREADED TESTS***

***NOW DOING LATENCY TEST ON INDIVIDUAL FUNCTIONS ***
For put-insert: 
	 time elapsed 0:856869 (sec:usec) = 856869 usecs 
	 iterations 10000 (merge every 8 -> 1250 merges)
	 average cost 85.686897 usecs
	 Conflicts: 0 (of 1249 commits)

For put-append: 
	 time elapsed 2:485699 (sec:usec) = 2485699 usecs 
	 iterations 30000 (merge every 8 -> 3750 merges)
	 average cost 82.856636 usecs
	 Conflicts: 0 (of 3747 commits)

For get: 
	 time elapsed 0:440502 (sec:usec) = 440502 usecs 
	 iterations 30000 (merge every 8 -> 3750 merges)
	 average cost 14.683400 usecs
	 Conflicts: 0 (of 0 commits)

For delete: 
	 time elapsed 0:203660 (sec:usec) = 203660 usecs 
	 iterations 30000 (merge every 8 -> 3750 merges)
	 average cost 6.788667 usecs
	 Conflicts: 0 (of 3747 commits)


*** CONCLUDING SINGLE THREADED TESTS***

Starting multi-threaded tests: num_threads=1, NUM_CPUS=16
KP: 5776: pinned new thread to CPU=0x0
KP: 5776: sleeping to allow threads enough time
KP: 5776: waking up from sleep (0)
For multithreaded run ramp r:-1-w:30-u:70-d:1
	 53328 total ops (52785 puts + 0 gets + 543 dels)
	 2000000 in runtime (usecs) = 2 secs = 0.026664 ops/usec
	 26392.500000 op/sec put throughput (all threads)
	 0.000000 op/sec get throughput (all threads)
	 271.500000 op/sec del throughput (all threads)
	 26664.000000 op/sec total throughput (all threads)
	 Conflicts in worker thread: 0 (of 6666 commits)
	 Errors in worker thread: 0
	 Put errors: 0, Del errors: 0, Get errors: 0
***END OF RAMP-UP-THREADS OUTPUT***

KP: 5776: pinned new thread to CPU=0x0
KP: 5776: sleeping to allow threads enough time
KP: 5776: waking up from sleep (0)
For multithreaded run ramp r:19-w:24-u:56-d:1
	 66126 total ops (52265 puts + 13174 gets + 687 dels)
	 2000000 in runtime (usecs) = 2 secs = 0.033063 ops/usec
	 26132.500000 op/sec put throughput (all threads)
	 6587.000000 op/sec get throughput (all threads)
	 343.500000 op/sec del throughput (all threads)
	 33063.000000 op/sec total throughput (all threads)
	 Conflicts in worker thread: 0 (of 6619 commits)
	 Errors in worker thread: 0
	 Put errors: 0, Del errors: 0, Get errors: 0
***END OF RAMP-UP-THREADS OUTPUT***

KP: 5776: pinned new thread to CPU=0x0
KP: 5776: sleeping to allow threads enough time
KP: 5776: waking up from sleep (0)
For multithreaded run ramp r:39-w:18-u:42-d:1
	 86348 total ops (50864 puts + 34620 gets + 864 dels)
	 2000000 in runtime (usecs) = 2 secs = 0.043174 ops/usec
	 25432.000000 op/sec put throughput (all threads)
	 17310.000000 op/sec get throughput (all threads)
	 432.000000 op/sec del throughput (all threads)
	 43174.000000 op/sec total throughput (all threads)
	 Conflicts in worker thread: 0 (of 6466 commits)
	 Errors in worker thread: 0
	 Put errors: 0, Del errors: 0, Get errors: 0
***END OF RAMP-UP-THREADS OUTPUT***

KP: 5776: pinned new thread to CPU=0x0
KP: 5776: sleeping to allow threads enough time
KP: 5776: waking up from sleep (0)
For multithreaded run ramp r:59-w:12-u:28-d:1
	 126472 total ops (49423 puts + 75792 gets + 1257 dels)
	 2000000 in runtime (usecs) = 2 secs = 0.063236 ops/usec
	 24711.500000 op/sec put throughput (all threads)
	 37896.000000 op/sec get throughput (all threads)
	 628.499939 op/sec del throughput (all threads)
	 63236.000000 op/sec total throughput (all threads)
	 Conflicts in worker thread: 0 (of 6335 commits)
	 Errors in worker thread: 0
	 Put errors: 0, Del errors: 0, Get errors: 0
***END OF RAMP-UP-THREADS OUTPUT***

KP: 5776: pinned new thread to CPU=0x0
KP: 5776: sleeping to allow threads enough time
KP: 5776: waking up from sleep (0)
For multithreaded run ramp r:79-w:6-u:14-d:1
	 236329 total ops (45048 puts + 188889 gets + 2392 dels)
	 2000000 in runtime (usecs) = 2 secs = 0.118165 ops/usec
	 22524.000000 op/sec put throughput (all threads)
	 94444.500000 op/sec get throughput (all threads)
	 1196.000000 op/sec del throughput (all threads)
	 118164.500000 op/sec total throughput (all threads)
	 Conflicts in worker thread: 0 (of 5930 commits)
	 Errors in worker thread: 0
	 Put errors: 0, Del errors: 0, Get errors: 0
***END OF RAMP-UP-THREADS OUTPUT***

KP: 5776: pinned new thread to CPU=0x0
KP: 5776: sleeping to allow threads enough time
KP: 5776: waking up from sleep (0)
For multithreaded run ramp r:99-w:0-u:0-d:1
	 3268167 total ops (0 puts + 3235256 gets + 32911 dels)
	 2000000 in runtime (usecs) = 2 secs = 1.634084 ops/usec
	 0.000000 op/sec put throughput (all threads)
	 1617628.000000 op/sec get throughput (all threads)
	 16455.500000 op/sec del throughput (all threads)
	 1634083.500000 op/sec total throughput (all threads)
	 Conflicts in worker thread: 0 (of 4114 commits)
	 Errors in worker thread: 0
	 Put errors: 0, Del errors: 0, Get errors: 0
***END OF RAMP-UP-THREADS OUTPUT***

***CONCLUDING THREAD EVALUATION***
