KP: 1520: Using 16 for local hash table size (same as merge frequency), 1610000 for master hash table size
KP: 1520: Total memory allocation size (just evaluation, not kv stores themselves) could be up to 0 bytes (0 MB)
Will create 402500 random integers for each child thread
Now starting evaluation for key-value store: LevelDB
On 16 cores
Running on storage platform: ramdisk
Starting single-threaded tests

*** BEGINING SINGLE THREADED TESTS***

ON PATH /mnt/pmfs/leveldb_client_name
***NOW DOING LATENCY TEST ON INDIVIDUAL FUNCTIONS ***
For put-insert: 
	 time elapsed 0:13262 (sec:usec) = 13262 usecs 
	 iterations 1000 (merge every 8 -> 125 merges)
	 average cost 13.262000 usecs
	 Conflicts: 0 (of 124 commits)

For put-append: 
	 time elapsed 0:41455 (sec:usec) = 41455 usecs 
	 iterations 3000 (merge every 8 -> 375 merges)
	 average cost 13.818334 usecs
	 Conflicts: 0 (of 372 commits)

For get: 
	 time elapsed 0:6166 (sec:usec) = 6166 usecs 
	 iterations 3000 (merge every 8 -> 375 merges)
	 average cost 2.055333 usecs
	 Conflicts: 0 (of 0 commits)

For delete: 
	 time elapsed 0:21540 (sec:usec) = 21540 usecs 
	 iterations 3000 (merge every 8 -> 375 merges)
	 average cost 7.180000 usecs
	 Conflicts: 0 (of 372 commits)


*** CONCLUDING SINGLE THREADED TESTS***

Starting multi-threaded tests: num_threads=4, NUM_CPUS=16
ON PATH /mnt/pmfs/leveldb_client_name
KP: 1520: pinned new thread to CPU=0x0
KP: 1520: pinned new thread to CPU=0x1
KP: 1520: pinned new thread to CPU=0x2
KP: 1520: pinned new thread to CPU=0x3
KP: 1520: sleeping to allow threads enough time
KP: 1520: waking up from sleep (0)
For multithreaded run ramp r:-1-w:30-u:70-d:1
	 97646 total ops (96694 puts + 0 gets + 952 dels)
	 2000000 in runtime (usecs) = 2 secs = 0.048823 ops/usec
	 48347.000000 op/sec put throughput (all threads)
	 0.000000 op/sec get throughput (all threads)
	 476.000000 op/sec del throughput (all threads)
	 48823.000000 op/sec total throughput (all threads)
	 Conflicts in worker thread: 0 (of 12206 commits)
	 Errors in worker thread: 0
	 Put errors: 0, Del errors: 0, Get errors: 0
***END OF RAMP-UP-THREADS OUTPUT***

ON PATH /mnt/pmfs/leveldb_client_name
KP: 1520: pinned new thread to CPU=0x0
KP: 1520: pinned new thread to CPU=0x1
KP: 1520: pinned new thread to CPU=0x2
KP: 1520: pinned new thread to CPU=0x3
KP: 1520: sleeping to allow threads enough time
KP: 1520: waking up from sleep (0)
For multithreaded run ramp r:19-w:24-u:56-d:1
	 124874 total ops (98689 puts + 24906 gets + 1279 dels)
	 2000000 in runtime (usecs) = 2 secs = 0.062437 ops/usec
	 49344.500000 op/sec put throughput (all threads)
	 12453.000000 op/sec get throughput (all threads)
	 639.500061 op/sec del throughput (all threads)
	 62437.000000 op/sec total throughput (all threads)
	 Conflicts in worker thread: 0 (of 12496 commits)
	 Errors in worker thread: 0
	 Put errors: 0, Del errors: 0, Get errors: 131
***END OF RAMP-UP-THREADS OUTPUT***

ON PATH /mnt/pmfs/leveldb_client_name
KP: 1520: pinned new thread to CPU=0x0
KP: 1520: pinned new thread to CPU=0x1
KP: 1520: pinned new thread to CPU=0x2
KP: 1520: pinned new thread to CPU=0x3
KP: 1520: sleeping to allow threads enough time
KP: 1520: waking up from sleep (0)
For multithreaded run ramp r:39-w:18-u:42-d:1
	 160912 total ops (95082 puts + 64128 gets + 1702 dels)
	 2000000 in runtime (usecs) = 2 secs = 0.080456 ops/usec
	 47541.000000 op/sec put throughput (all threads)
	 32064.000000 op/sec get throughput (all threads)
	 851.000000 op/sec del throughput (all threads)
	 80456.000000 op/sec total throughput (all threads)
	 Conflicts in worker thread: 0 (of 12098 commits)
	 Errors in worker thread: 0
	 Put errors: 0, Del errors: 0, Get errors: 471
***END OF RAMP-UP-THREADS OUTPUT***

ON PATH /mnt/pmfs/leveldb_client_name
KP: 1520: pinned new thread to CPU=0x0
KP: 1520: pinned new thread to CPU=0x1
KP: 1520: pinned new thread to CPU=0x2
KP: 1520: pinned new thread to CPU=0x3
KP: 1520: sleeping to allow threads enough time
KP: 1520: waking up from sleep (0)
For multithreaded run ramp r:59-w:12-u:28-d:1
	 234371 total ops (92051 puts + 139883 gets + 2437 dels)
	 2000000 in runtime (usecs) = 2 secs = 0.117186 ops/usec
	 46025.500000 op/sec put throughput (all threads)
	 69941.500000 op/sec get throughput (all threads)
	 1218.500000 op/sec del throughput (all threads)
	 117185.500000 op/sec total throughput (all threads)
	 Conflicts in worker thread: 0 (of 11811 commits)
	 Errors in worker thread: 0
	 Put errors: 0, Del errors: 0, Get errors: 1609
***END OF RAMP-UP-THREADS OUTPUT***

ON PATH /mnt/pmfs/leveldb_client_name
KP: 1520: pinned new thread to CPU=0x0
KP: 1520: pinned new thread to CPU=0x1
KP: 1520: pinned new thread to CPU=0x2
KP: 1520: pinned new thread to CPU=0x3
KP: 1520: sleeping to allow threads enough time
KP: 1520: waking up from sleep (0)
For multithreaded run ramp r:79-w:6-u:14-d:1
	 485752 total ops (92345 puts + 388432 gets + 4975 dels)
	 2000000 in runtime (usecs) = 2 secs = 0.242876 ops/usec
	 46172.500000 op/sec put throughput (all threads)
	 194216.000000 op/sec get throughput (all threads)
	 2487.500000 op/sec del throughput (all threads)
	 242876.000000 op/sec total throughput (all threads)
	 Conflicts in worker thread: 0 (of 12165 commits)
	 Errors in worker thread: 0
	 Put errors: 0, Del errors: 0, Get errors: 8121
***END OF RAMP-UP-THREADS OUTPUT***

ON PATH /mnt/pmfs/leveldb_client_name
KP: 1520: pinned new thread to CPU=0x0
KP: 1520: pinned new thread to CPU=0x1
KP: 1520: pinned new thread to CPU=0x2
KP: 1520: pinned new thread to CPU=0x3
KP: 1520: sleeping to allow threads enough time
KP: 1520: waking up from sleep (0)
For multithreaded run ramp r:99-w:0-u:0-d:1
	 2677497 total ops (0 puts + 2650964 gets + 26533 dels)
	 2000000 in runtime (usecs) = 2 secs = 1.338748 ops/usec
	 0.000000 op/sec put throughput (all threads)
	 1325482.000000 op/sec get throughput (all threads)
	 13266.500000 op/sec del throughput (all threads)
	 1338748.500000 op/sec total throughput (all threads)
	 Conflicts in worker thread: 0 (of 3318 commits)
	 Errors in worker thread: 0
	 Put errors: 0, Del errors: 0, Get errors: 676031
***END OF RAMP-UP-THREADS OUTPUT***

***CONCLUDING THREAD EVALUATION***
