KP: 6096: Using 16 for local hash table size (same as merge frequency), 1610000 for master hash table size
KP: 6096: Total memory allocation size (just evaluation, not kv stores themselves) could be up to 0 bytes (0 MB)
Will create 1610000 random integers for each child thread
Now starting evaluation for key-value store: kp_kvstore
On 16 cores
Running on storage platform: disk
Starting single-threaded tests

*** BEGINING SINGLE THREADED TESTS***

***NOW DOING LATENCY TEST ON INDIVIDUAL FUNCTIONS ***
For put-insert: 
	 time elapsed 0:33340 (sec:usec) = 33340 usecs 
	 iterations 10000 (merge every 8 -> 1250 merges)
	 average cost 3.334000 usecs
	 Conflicts: 0 (of 1249 commits)

For put-append: 
	 time elapsed 0:96739 (sec:usec) = 96739 usecs 
	 iterations 30000 (merge every 8 -> 3750 merges)
	 average cost 3.224633 usecs
	 Conflicts: 0 (of 3747 commits)

For get: 
	 time elapsed 0:100167 (sec:usec) = 100167 usecs 
	 iterations 30000 (merge every 8 -> 3750 merges)
	 average cost 3.338900 usecs
	 Conflicts: 0 (of 0 commits)

For delete: 
	 time elapsed 0:50811 (sec:usec) = 50811 usecs 
	 iterations 30000 (merge every 8 -> 3750 merges)
	 average cost 1.693700 usecs
	 Conflicts: 0 (of 3747 commits)


*** CONCLUDING SINGLE THREADED TESTS***

Starting multi-threaded tests: num_threads=1, NUM_CPUS=16
KP: 6096: pinned new thread to CPU=0x0
KP: 6096: sleeping to allow threads enough time
KP: 6096: waking up from sleep (0)
For multithreaded run ramp r:-1-w:30-u:70-d:1
	 1099912 total ops (1089157 puts + 0 gets + 10755 dels)
	 2000000 in runtime (usecs) = 2 secs = 0.549956 ops/usec
	 544578.500000 op/sec put throughput (all threads)
	 0.000000 op/sec get throughput (all threads)
	 5377.500000 op/sec del throughput (all threads)
	 549956.000000 op/sec total throughput (all threads)
	 Conflicts in worker thread: 0 (of 137489 commits)
	 Errors in worker thread: 0
	 Put errors: 0, Del errors: 0, Get errors: 0
***END OF RAMP-UP-THREADS OUTPUT***

KP: 6096: pinned new thread to CPU=0x0
KP: 6096: sleeping to allow threads enough time
KP: 6096: waking up from sleep (0)
For multithreaded run ramp r:19-w:24-u:56-d:1
	 1230426 total ops (972654 puts + 245458 gets + 12314 dels)
	 2000000 in runtime (usecs) = 2 secs = 0.615213 ops/usec
	 486327.000000 op/sec put throughput (all threads)
	 122729.000000 op/sec get throughput (all threads)
	 6157.000000 op/sec del throughput (all threads)
	 615213.000000 op/sec total throughput (all threads)
	 Conflicts in worker thread: 0 (of 123121 commits)
	 Errors in worker thread: 0
	 Put errors: 0, Del errors: 0, Get errors: 0
***END OF RAMP-UP-THREADS OUTPUT***

KP: 6096: pinned new thread to CPU=0x0
KP: 6096: sleeping to allow threads enough time
KP: 6096: waking up from sleep (0)
For multithreaded run ramp r:39-w:18-u:42-d:1
	 1458928 total ops (861729 puts + 582920 gets + 14279 dels)
	 2000000 in runtime (usecs) = 2 secs = 0.729464 ops/usec
	 430864.500000 op/sec put throughput (all threads)
	 291460.000000 op/sec get throughput (all threads)
	 7139.500000 op/sec del throughput (all threads)
	 729464.000000 op/sec total throughput (all threads)
	 Conflicts in worker thread: 0 (of 109501 commits)
	 Errors in worker thread: 0
	 Put errors: 0, Del errors: 0, Get errors: 0
***END OF RAMP-UP-THREADS OUTPUT***

KP: 6096: pinned new thread to CPU=0x0
KP: 6096: sleeping to allow threads enough time
KP: 6096: waking up from sleep (0)
For multithreaded run ramp r:59-w:12-u:28-d:1
	 1798395 total ops (701622 puts + 1079378 gets + 17395 dels)
	 2000000 in runtime (usecs) = 2 secs = 0.899198 ops/usec
	 350811.000000 op/sec put throughput (all threads)
	 539689.000000 op/sec get throughput (all threads)
	 8697.500000 op/sec del throughput (all threads)
	 899197.500000 op/sec total throughput (all threads)
	 Conflicts in worker thread: 0 (of 89878 commits)
	 Errors in worker thread: 0
	 Put errors: 0, Del errors: 0, Get errors: 0
***END OF RAMP-UP-THREADS OUTPUT***

KP: 6096: pinned new thread to CPU=0x0
KP: 6096: sleeping to allow threads enough time
KP: 6096: waking up from sleep (0)
For multithreaded run ramp r:79-w:6-u:14-d:1
	 2420362 total ops (459103 puts + 1937517 gets + 23742 dels)
	 2000000 in runtime (usecs) = 2 secs = 1.210181 ops/usec
	 229551.500000 op/sec put throughput (all threads)
	 968758.500000 op/sec get throughput (all threads)
	 11871.000000 op/sec del throughput (all threads)
	 1210181.000000 op/sec total throughput (all threads)
	 Conflicts in worker thread: 0 (of 60356 commits)
	 Errors in worker thread: 0
	 Put errors: 0, Del errors: 0, Get errors: 0
***END OF RAMP-UP-THREADS OUTPUT***

KP: 6096: pinned new thread to CPU=0x0
KP: 6096: sleeping to allow threads enough time
KP: 6096: waking up from sleep (0)
For multithreaded run ramp r:99-w:0-u:0-d:1
	 4278078 total ops (0 puts + 4235706 gets + 42372 dels)
	 2000000 in runtime (usecs) = 2 secs = 2.139039 ops/usec
	 0.000000 op/sec put throughput (all threads)
	 2117853.000000 op/sec get throughput (all threads)
	 21186.000000 op/sec del throughput (all threads)
	 2139039.000000 op/sec total throughput (all threads)
	 Conflicts in worker thread: 0 (of 5297 commits)
	 Errors in worker thread: 0
	 Put errors: 0, Del errors: 0, Get errors: 0
***END OF RAMP-UP-THREADS OUTPUT***

***CONCLUDING THREAD EVALUATION***
