KP: 992: Using 256 for local hash table size (same as merge frequency), 1610000 for master hash table size
KP: 992: Total memory allocation size (just evaluation, not kv stores themselves) could be up to 0 bytes (0 MB)
Will create 1610000 random integers for each child thread
Now starting evaluation for key-value store: kp_kvstore
On 16 cores
Running on storage platform: disk
Starting single-threaded tests

*** BEGINING SINGLE THREADED TESTS***

***NOW DOING LATENCY TEST ON INDIVIDUAL FUNCTIONS ***
For put-insert: 
	 time elapsed 0:35031 (sec:usec) = 35031 usecs 
	 iterations 10000 (merge every 128 -> 78 merges)
	 average cost 3.503100 usecs
	 Conflicts: 0 (of 79 commits)

For put-append: 
	 time elapsed 0:93161 (sec:usec) = 93161 usecs 
	 iterations 30000 (merge every 128 -> 234 merges)
	 average cost 3.105367 usecs
	 Conflicts: 0 (of 237 commits)

For get: 
	 time elapsed 0:112484 (sec:usec) = 112484 usecs 
	 iterations 30000 (merge every 128 -> 234 merges)
	 average cost 3.749467 usecs
	 Conflicts: 0 (of 0 commits)

For delete: 
	 time elapsed 0:56466 (sec:usec) = 56466 usecs 
	 iterations 30000 (merge every 128 -> 234 merges)
	 average cost 1.882200 usecs
	 Conflicts: 0 (of 237 commits)


*** CONCLUDING SINGLE THREADED TESTS***

Starting multi-threaded tests: num_threads=1, NUM_CPUS=16
KP: 992: pinned new thread to CPU=0x0
KP: 992: sleeping to allow threads enough time
KP: 992: waking up from sleep (0)
For multithreaded run ramp r:-1-w:30-u:70-d:1
	 1198753 total ops (1186539 puts + 0 gets + 12214 dels)
	 2000000 in runtime (usecs) = 2 secs = 0.599376 ops/usec
	 593269.500000 op/sec put throughput (all threads)
	 0.000000 op/sec get throughput (all threads)
	 6107.000000 op/sec del throughput (all threads)
	 599376.500000 op/sec total throughput (all threads)
	 Conflicts in worker thread: 0 (of 9366 commits)
	 Errors in worker thread: 0
	 Put errors: 0, Del errors: 0, Get errors: 0
***END OF RAMP-UP-THREADS OUTPUT***

KP: 992: pinned new thread to CPU=0x0
KP: 992: sleeping to allow threads enough time
KP: 992: waking up from sleep (0)
For multithreaded run ramp r:19-w:24-u:56-d:1
	 1352783 total ops (1068199 puts + 270671 gets + 13913 dels)
	 2000000 in runtime (usecs) = 2 secs = 0.676391 ops/usec
	 534099.500000 op/sec put throughput (all threads)
	 135335.500000 op/sec get throughput (all threads)
	 6956.500000 op/sec del throughput (all threads)
	 676391.500000 op/sec total throughput (all threads)
	 Conflicts in worker thread: 0 (of 8454 commits)
	 Errors in worker thread: 0
	 Put errors: 0, Del errors: 0, Get errors: 0
***END OF RAMP-UP-THREADS OUTPUT***

KP: 992: pinned new thread to CPU=0x0
KP: 992: sleeping to allow threads enough time
KP: 992: waking up from sleep (0)
For multithreaded run ramp r:39-w:18-u:42-d:1
	 1573582 total ops (929392 puts + 628316 gets + 15874 dels)
	 2000000 in runtime (usecs) = 2 secs = 0.786791 ops/usec
	 464695.968750 op/sec put throughput (all threads)
	 314158.000000 op/sec get throughput (all threads)
	 7937.000000 op/sec del throughput (all threads)
	 786791.000000 op/sec total throughput (all threads)
	 Conflicts in worker thread: 0 (of 7385 commits)
	 Errors in worker thread: 0
	 Put errors: 0, Del errors: 0, Get errors: 0
***END OF RAMP-UP-THREADS OUTPUT***

KP: 992: pinned new thread to CPU=0x0
KP: 992: sleeping to allow threads enough time
KP: 992: waking up from sleep (0)
For multithreaded run ramp r:59-w:12-u:28-d:1
	 1884294 total ops (735681 puts + 1129236 gets + 19377 dels)
	 2000000 in runtime (usecs) = 2 secs = 0.942147 ops/usec
	 367840.500000 op/sec put throughput (all threads)
	 564618.000000 op/sec get throughput (all threads)
	 9688.500000 op/sec del throughput (all threads)
	 942147.000000 op/sec total throughput (all threads)
	 Conflicts in worker thread: 0 (of 5899 commits)
	 Errors in worker thread: 0
	 Put errors: 0, Del errors: 0, Get errors: 0
***END OF RAMP-UP-THREADS OUTPUT***

KP: 992: pinned new thread to CPU=0x0
KP: 992: sleeping to allow threads enough time
KP: 992: waking up from sleep (0)
For multithreaded run ramp r:79-w:6-u:14-d:1
	 2353005 total ops (447181 puts + 1881893 gets + 23931 dels)
	 2000000 in runtime (usecs) = 2 secs = 1.176502 ops/usec
	 223590.500000 op/sec put throughput (all threads)
	 940946.500000 op/sec get throughput (all threads)
	 11965.500000 op/sec del throughput (all threads)
	 1176502.500000 op/sec total throughput (all threads)
	 Conflicts in worker thread: 0 (of 3681 commits)
	 Errors in worker thread: 0
	 Put errors: 0, Del errors: 0, Get errors: 0
***END OF RAMP-UP-THREADS OUTPUT***

KP: 992: pinned new thread to CPU=0x0
KP: 992: sleeping to allow threads enough time
KP: 992: waking up from sleep (0)
For multithreaded run ramp r:99-w:0-u:0-d:1
	 3473613 total ops (0 puts + 3438288 gets + 35325 dels)
	 2000000 in runtime (usecs) = 2 secs = 1.736807 ops/usec
	 0.000000 op/sec put throughput (all threads)
	 1719144.000000 op/sec get throughput (all threads)
	 17662.500000 op/sec del throughput (all threads)
	 1736806.500000 op/sec total throughput (all threads)
	 Conflicts in worker thread: 0 (of 276 commits)
	 Errors in worker thread: 0
	 Put errors: 0, Del errors: 0, Get errors: 0
***END OF RAMP-UP-THREADS OUTPUT***

***CONCLUDING THREAD EVALUATION***
