KP: 5472: Using 16 for local hash table size (same as merge frequency), 1610000 for master hash table size
KP: 5472: Total memory allocation size (just evaluation, not kv stores themselves) could be up to 0 bytes (0 MB)
Will create 1610000 random integers for each child thread
Now starting evaluation for key-value store: kp_kvstore
On 16 cores
Running on storage platform: disk
Starting single-threaded tests

*** BEGINING SINGLE THREADED TESTS***

***NOW DOING LATENCY TEST ON INDIVIDUAL FUNCTIONS ***
For put-insert: 
	 time elapsed 0:62427 (sec:usec) = 62427 usecs 
	 iterations 10000 (merge every 8 -> 1250 merges)
	 average cost 6.242700 usecs
	 Conflicts: 0 (of 1249 commits)

For put-append: 
	 time elapsed 0:201793 (sec:usec) = 201793 usecs 
	 iterations 30000 (merge every 8 -> 3750 merges)
	 average cost 6.726433 usecs
	 Conflicts: 0 (of 3747 commits)

For get: 
	 time elapsed 0:220125 (sec:usec) = 220125 usecs 
	 iterations 30000 (merge every 8 -> 3750 merges)
	 average cost 7.337500 usecs
	 Conflicts: 0 (of 0 commits)

For delete: 
	 time elapsed 0:66872 (sec:usec) = 66872 usecs 
	 iterations 30000 (merge every 8 -> 3750 merges)
	 average cost 2.229067 usecs
	 Conflicts: 0 (of 3747 commits)


*** CONCLUDING SINGLE THREADED TESTS***

Starting multi-threaded tests: num_threads=1, NUM_CPUS=16
KP: 5472: pinned new thread to CPU=0x0
KP: 5472: sleeping to allow threads enough time
KP: 5472: waking up from sleep (0)
For multithreaded run ramp r:-1-w:30-u:70-d:1
	 616023 total ops (609909 puts + 0 gets + 6114 dels)
	 2000000 in runtime (usecs) = 2 secs = 0.308012 ops/usec
	 304954.500000 op/sec put throughput (all threads)
	 0.000000 op/sec get throughput (all threads)
	 3057.000000 op/sec del throughput (all threads)
	 308011.500000 op/sec total throughput (all threads)
	 Conflicts in worker thread: 0 (of 77003 commits)
	 Errors in worker thread: 0
	 Put errors: 0, Del errors: 0, Get errors: 0
***END OF RAMP-UP-THREADS OUTPUT***

KP: 5472: pinned new thread to CPU=0x0
KP: 5472: sleeping to allow threads enough time
KP: 5472: waking up from sleep (0)
For multithreaded run ramp r:19-w:24-u:56-d:1
	 711187 total ops (562008 puts + 142243 gets + 6936 dels)
	 2000000 in runtime (usecs) = 2 secs = 0.355594 ops/usec
	 281004.000000 op/sec put throughput (all threads)
	 71121.500000 op/sec get throughput (all threads)
	 3468.000000 op/sec del throughput (all threads)
	 355593.500000 op/sec total throughput (all threads)
	 Conflicts in worker thread: 0 (of 71118 commits)
	 Errors in worker thread: 0
	 Put errors: 0, Del errors: 0, Get errors: 0
***END OF RAMP-UP-THREADS OUTPUT***

KP: 5472: pinned new thread to CPU=0x0
KP: 5472: sleeping to allow threads enough time
KP: 5472: waking up from sleep (0)
For multithreaded run ramp r:39-w:18-u:42-d:1
	 859113 total ops (507809 puts + 342939 gets + 8365 dels)
	 2000000 in runtime (usecs) = 2 secs = 0.429556 ops/usec
	 253904.500000 op/sec put throughput (all threads)
	 171469.500000 op/sec get throughput (all threads)
	 4182.500000 op/sec del throughput (all threads)
	 429556.500000 op/sec total throughput (all threads)
	 Conflicts in worker thread: 0 (of 64522 commits)
	 Errors in worker thread: 0
	 Put errors: 0, Del errors: 0, Get errors: 0
***END OF RAMP-UP-THREADS OUTPUT***

KP: 5472: pinned new thread to CPU=0x0
KP: 5472: sleeping to allow threads enough time
KP: 5472: waking up from sleep (0)
For multithreaded run ramp r:59-w:12-u:28-d:1
	 1098224 total ops (428559 puts + 658841 gets + 10824 dels)
	 2000000 in runtime (usecs) = 2 secs = 0.549112 ops/usec
	 214279.500000 op/sec put throughput (all threads)
	 329420.500000 op/sec get throughput (all threads)
	 5411.999512 op/sec del throughput (all threads)
	 549112.000000 op/sec total throughput (all threads)
	 Conflicts in worker thread: 0 (of 54923 commits)
	 Errors in worker thread: 0
	 Put errors: 0, Del errors: 0, Get errors: 0
***END OF RAMP-UP-THREADS OUTPUT***

KP: 5472: pinned new thread to CPU=0x0
KP: 5472: sleeping to allow threads enough time
KP: 5472: waking up from sleep (0)
For multithreaded run ramp r:79-w:6-u:14-d:1
	 1533880 total ops (290789 puts + 1227974 gets + 15117 dels)
	 2000000 in runtime (usecs) = 2 secs = 0.766940 ops/usec
	 145394.500000 op/sec put throughput (all threads)
	 613987.000000 op/sec get throughput (all threads)
	 7558.500000 op/sec del throughput (all threads)
	 766940.000000 op/sec total throughput (all threads)
	 Conflicts in worker thread: 0 (of 38239 commits)
	 Errors in worker thread: 0
	 Put errors: 0, Del errors: 0, Get errors: 0
***END OF RAMP-UP-THREADS OUTPUT***

KP: 5472: pinned new thread to CPU=0x0
KP: 5472: sleeping to allow threads enough time
KP: 5472: waking up from sleep (0)
For multithreaded run ramp r:99-w:0-u:0-d:1
	 3151401 total ops (0 puts + 3119720 gets + 31681 dels)
	 2000000 in runtime (usecs) = 2 secs = 1.575701 ops/usec
	 0.000000 op/sec put throughput (all threads)
	 1559860.000000 op/sec get throughput (all threads)
	 15840.500000 op/sec del throughput (all threads)
	 1575700.500000 op/sec total throughput (all threads)
	 Conflicts in worker thread: 0 (of 3961 commits)
	 Errors in worker thread: 0
	 Put errors: 0, Del errors: 0, Get errors: 0
***END OF RAMP-UP-THREADS OUTPUT***

***CONCLUDING THREAD EVALUATION***
