KP: 9728: Using 16 for local hash table size (same as merge frequency), 1610000 for master hash table size
KP: 9728: Total memory allocation size (just evaluation, not kv stores themselves) could be up to 0 bytes (0 MB)
Will create 1610000 random integers for each child thread
Now starting evaluation for key-value store: Masstree
On 16 cores
Running on storage platform: disk
Starting single-threaded tests

*** BEGINING SINGLE THREADED TESTS***

***NOW DOING LATENCY TEST ON INDIVIDUAL FUNCTIONS ***
For put-insert: 
	 time elapsed 0:8428 (sec:usec) = 8428 usecs 
	 iterations 4096 (merge every 8 -> 512 merges)
	 average cost 2.057617 usecs
	 Conflicts: 0 (of 511 commits)

For put-append: 
	 time elapsed 0:20436 (sec:usec) = 20436 usecs 
	 iterations 12288 (merge every 8 -> 1536 merges)
	 average cost 1.663086 usecs
	 Conflicts: 0 (of 1533 commits)

For get: 
	 time elapsed 0:8624 (sec:usec) = 8624 usecs 
	 iterations 12288 (merge every 8 -> 1536 merges)
	 average cost 0.701823 usecs
	 Conflicts: 0 (of 0 commits)

For delete: 
	 time elapsed 0:8500 (sec:usec) = 8500 usecs 
	 iterations 12288 (merge every 8 -> 1536 merges)
	 average cost 0.691732 usecs
	 Conflicts: 0 (of 1533 commits)


*** CONCLUDING SINGLE THREADED TESTS***

Starting multi-threaded tests: num_threads=1, NUM_CPUS=16
KP: 9728: pinned new thread to CPU=0x0
KP: 9728: sleeping to allow threads enough time
KP: 9728: waking up from sleep (0)
For multithreaded run ramp r:-1-w:30-u:70-d:1
	 1265610 total ops (1252707 puts + 0 gets + 12903 dels)
	 2000000 in runtime (usecs) = 2 secs = 0.632805 ops/usec
	 626353.500000 op/sec put throughput (all threads)
	 0.000000 op/sec get throughput (all threads)
	 6451.500000 op/sec del throughput (all threads)
	 632805.000000 op/sec total throughput (all threads)
	 Conflicts in worker thread: 0 (of 158202 commits)
	 Errors in worker thread: 0
	 Put errors: 0, Del errors: 0, Get errors: 0
***END OF RAMP-UP-THREADS OUTPUT***

KP: 9728: pinned new thread to CPU=0x0
KP: 9728: sleeping to allow threads enough time
KP: 9728: pinned new thread to CPU=0x0
KP: 9728: sleeping to allow threads enough time
KP: 9728: pinned new thread to CPU=0x0
KP: 9728: sleeping to allow threads enough time
KP: 9728: pinned new thread to CPU=0x0
KP: 9728: sleeping to allow threads enough time
KP: 9728: pinned new thread to CPU=0x0
KP: 9728: sleeping to allow threads enough time
KP: 9728: waking up from sleep (0)
For multithreaded run ramp r:99-w:0-u:0-d:1
	 2956360 total ops (0 puts + 2926302 gets + 30058 dels)
	 2000000 in runtime (usecs) = 2 secs = 1.478180 ops/usec
	 0.000000 op/sec put throughput (all threads)
	 1463151.000000 op/sec get throughput (all threads)
	 15029.000000 op/sec del throughput (all threads)
	 1478180.000000 op/sec total throughput (all threads)
	 Conflicts in worker thread: 0 (of 3758 commits)
	 Errors in worker thread: 0
	 Put errors: 0, Del errors: 0, Get errors: 0
***END OF RAMP-UP-THREADS OUTPUT***

***CONCLUDING THREAD EVALUATION***
