KP: 9328: Using 16 for local hash table size (same as merge frequency), 1610000 for master hash table size
KP: 9328: Total memory allocation size (just evaluation, not kv stores themselves) could be up to 0 bytes (0 MB)
Will create 1610000 random integers for each child thread
Now starting evaluation for key-value store: Masstree
On 16 cores
Running on storage platform: disk
Starting single-threaded tests

*** BEGINING SINGLE THREADED TESTS***

***NOW DOING LATENCY TEST ON INDIVIDUAL FUNCTIONS ***
For put-insert: 
	 time elapsed 0:9970 (sec:usec) = 9970 usecs 
	 iterations 10000 (merge every 8 -> 1250 merges)
	 average cost 0.997000 usecs
	 Conflicts: 0 (of 1249 commits)

For put-append: 
	 time elapsed 0:27492 (sec:usec) = 27492 usecs 
	 iterations 30000 (merge every 8 -> 3750 merges)
	 average cost 0.916400 usecs
	 Conflicts: 0 (of 3747 commits)

For get: 
	 time elapsed 0:20898 (sec:usec) = 20898 usecs 
	 iterations 30000 (merge every 8 -> 3750 merges)
	 average cost 0.696600 usecs
	 Conflicts: 0 (of 0 commits)

For delete: 
	 time elapsed 0:20584 (sec:usec) = 20584 usecs 
	 iterations 30000 (merge every 8 -> 3750 merges)
	 average cost 0.686133 usecs
	 Conflicts: 0 (of 3747 commits)


*** CONCLUDING SINGLE THREADED TESTS***

Starting multi-threaded tests: num_threads=1, NUM_CPUS=16
KP: 9328: pinned new thread to CPU=0x0
KP: 9328: sleeping to allow threads enough time
KP: 9328: waking up from sleep (0)
For multithreaded run ramp r:-1-w:30-u:70-d:1
	 2210411 total ops (2187900 puts + 0 gets + 22511 dels)
	 2000000 in runtime (usecs) = 2 secs = 1.105206 ops/usec
	 1093950.000000 op/sec put throughput (all threads)
	 0.000000 op/sec get throughput (all threads)
	 11255.500000 op/sec del throughput (all threads)
	 1105205.500000 op/sec total throughput (all threads)
	 Conflicts in worker thread: 0 (of 276302 commits)
	 Errors in worker thread: 0
	 Put errors: 0, Del errors: 0, Get errors: 0
***END OF RAMP-UP-THREADS OUTPUT***

KP: 9328: pinned new thread to CPU=0x0
KP: 9328: sleeping to allow threads enough time
KP: 9328: pinned new thread to CPU=0x0
KP: 9328: sleeping to allow threads enough time
KP: 9328: pinned new thread to CPU=0x0
KP: 9328: sleeping to allow threads enough time
KP: 9328: pinned new thread to CPU=0x0
KP: 9328: sleeping to allow threads enough time
KP: 9328: pinned new thread to CPU=0x0
KP: 9328: sleeping to allow threads enough time
KP: 9328: waking up from sleep (0)
For multithreaded run ramp r:99-w:0-u:0-d:1
	 2976457 total ops (0 puts + 2946320 gets + 30137 dels)
	 2000000 in runtime (usecs) = 2 secs = 1.488229 ops/usec
	 0.000000 op/sec put throughput (all threads)
	 1473160.000000 op/sec get throughput (all threads)
	 15068.500000 op/sec del throughput (all threads)
	 1488228.500000 op/sec total throughput (all threads)
	 Conflicts in worker thread: 0 (of 3768 commits)
	 Errors in worker thread: 0
	 Put errors: 0, Del errors: 0, Get errors: 0
***END OF RAMP-UP-THREADS OUTPUT***

***CONCLUDING THREAD EVALUATION***
