KP: 4944: Using 256 for local hash table size (same as merge frequency), 1610000 for master hash table size
KP: 4944: Total memory allocation size (just evaluation, not kv stores themselves) could be up to 0 bytes (0 MB)
Will create 1610000 random integers for each child thread
Now starting evaluation for key-value store: Masstree
On 16 cores
Running on storage platform: disk
Starting single-threaded tests

*** BEGINING SINGLE THREADED TESTS***

***NOW DOING LATENCY TEST ON INDIVIDUAL FUNCTIONS ***
For put-insert: 
	 time elapsed 0:17502 (sec:usec) = 17502 usecs 
	 iterations 10000 (merge every 128 -> 78 merges)
	 average cost 1.750200 usecs
	 Conflicts: 0 (of 79 commits)

For put-append: 
	 time elapsed 0:51690 (sec:usec) = 51690 usecs 
	 iterations 30000 (merge every 128 -> 234 merges)
	 average cost 1.723000 usecs
	 Conflicts: 0 (of 237 commits)

For get: 
	 time elapsed 0:21040 (sec:usec) = 21040 usecs 
	 iterations 30000 (merge every 128 -> 234 merges)
	 average cost 0.701333 usecs
	 Conflicts: 0 (of 0 commits)

For delete: 
	 time elapsed 0:20570 (sec:usec) = 20570 usecs 
	 iterations 30000 (merge every 128 -> 234 merges)
	 average cost 0.685667 usecs
	 Conflicts: 0 (of 237 commits)


*** CONCLUDING SINGLE THREADED TESTS***

Starting multi-threaded tests: num_threads=1, NUM_CPUS=16
KP: 4944: pinned new thread to CPU=0x0
KP: 4944: sleeping to allow threads enough time
KP: 4944: waking up from sleep (0)
For multithreaded run ramp r:-1-w:30-u:70-d:1
	 1243614 total ops (1230885 puts + 0 gets + 12729 dels)
	 2000000 in runtime (usecs) = 2 secs = 0.621807 ops/usec
	 615442.500000 op/sec put throughput (all threads)
	 0.000000 op/sec get throughput (all threads)
	 6364.500000 op/sec del throughput (all threads)
	 621807.000000 op/sec total throughput (all threads)
	 Conflicts in worker thread: 0 (of 9716 commits)
	 Errors in worker thread: 0
	 Put errors: 0, Del errors: 0, Get errors: 0
***END OF RAMP-UP-THREADS OUTPUT***

KP: 4944: pinned new thread to CPU=0x0
KP: 4944: sleeping to allow threads enough time
KP: 4944: pinned new thread to CPU=0x0
KP: 4944: sleeping to allow threads enough time
KP: 4944: pinned new thread to CPU=0x0
KP: 4944: sleeping to allow threads enough time
KP: 4944: pinned new thread to CPU=0x0
KP: 4944: sleeping to allow threads enough time
KP: 4944: pinned new thread to CPU=0x0
KP: 4944: sleeping to allow threads enough time
KP: 4944: waking up from sleep (0)
For multithreaded run ramp r:99-w:0-u:0-d:1
	 2967403 total ops (0 puts + 2937219 gets + 30184 dels)
	 2000000 in runtime (usecs) = 2 secs = 1.483701 ops/usec
	 0.000000 op/sec put throughput (all threads)
	 1468609.500000 op/sec get throughput (all threads)
	 15092.000000 op/sec del throughput (all threads)
	 1483701.500000 op/sec total throughput (all threads)
	 Conflicts in worker thread: 0 (of 236 commits)
	 Errors in worker thread: 0
	 Put errors: 0, Del errors: 0, Get errors: 0
***END OF RAMP-UP-THREADS OUTPUT***

***CONCLUDING THREAD EVALUATION***
