KP: 3920: Using 16 for local hash table size (same as merge frequency), 1610000 for master hash table size
KP: 3920: Total memory allocation size (just evaluation, not kv stores themselves) could be up to 0 bytes (0 MB)
Will create 805000 random integers for each child thread
Now starting evaluation for key-value store: Masstree
On 16 cores
Running on storage platform: disk
Starting single-threaded tests

*** BEGINING SINGLE THREADED TESTS***

***NOW DOING LATENCY TEST ON INDIVIDUAL FUNCTIONS ***
For put-insert: 
	 time elapsed 0:16764 (sec:usec) = 16764 usecs 
	 iterations 10000 (merge every 8 -> 1250 merges)
	 average cost 1.676400 usecs
	 Conflicts: 0 (of 1249 commits)

For put-append: 
	 time elapsed 0:51867 (sec:usec) = 51867 usecs 
	 iterations 30000 (merge every 8 -> 3750 merges)
	 average cost 1.728900 usecs
	 Conflicts: 0 (of 3747 commits)

For get: 
	 time elapsed 0:21064 (sec:usec) = 21064 usecs 
	 iterations 30000 (merge every 8 -> 3750 merges)
	 average cost 0.702133 usecs
	 Conflicts: 0 (of 0 commits)

For delete: 
	 time elapsed 0:20654 (sec:usec) = 20654 usecs 
	 iterations 30000 (merge every 8 -> 3750 merges)
	 average cost 0.688467 usecs
	 Conflicts: 0 (of 3747 commits)


*** CONCLUDING SINGLE THREADED TESTS***

Starting multi-threaded tests: num_threads=2, NUM_CPUS=16
KP: 3920: pinned new thread to CPU=0x0
KP: 3920: pinned new thread to CPU=0x1
KP: 3920: sleeping to allow threads enough time
KP: 3920: waking up from sleep (0)
For multithreaded run ramp r:-1-w:30-u:70-d:1
	 873841 total ops (865265 puts + 0 gets + 8576 dels)
	 2000000 in runtime (usecs) = 2 secs = 0.436920 ops/usec
	 432632.500000 op/sec put throughput (all threads)
	 0.000000 op/sec get throughput (all threads)
	 4288.000000 op/sec del throughput (all threads)
	 436920.500000 op/sec total throughput (all threads)
	 Conflicts in worker thread: 0 (of 109231 commits)
	 Errors in worker thread: 0
	 Put errors: 0, Del errors: 0, Get errors: 0
***END OF RAMP-UP-THREADS OUTPUT***

KP: 3920: pinned new thread to CPU=0x0
KP: 3920: pinned new thread to CPU=0x1
KP: 3920: sleeping to allow threads enough time
KP: 3920: pinned new thread to CPU=0x0
KP: 3920: pinned new thread to CPU=0x1
KP: 3920: sleeping to allow threads enough time
KP: 3920: pinned new thread to CPU=0x0
KP: 3920: pinned new thread to CPU=0x1
KP: 3920: sleeping to allow threads enough time
KP: 3920: pinned new thread to CPU=0x0
KP: 3920: pinned new thread to CPU=0x1
KP: 3920: sleeping to allow threads enough time
KP: 3920: pinned new thread to CPU=0x0
KP: 3920: pinned new thread to CPU=0x1
KP: 3920: sleeping to allow threads enough time
KP: 3920: waking up from sleep (0)
For multithreaded run ramp r:99-w:0-u:0-d:1
	 5367713 total ops (0 puts + 5313763 gets + 53950 dels)
	 2000000 in runtime (usecs) = 2 secs = 2.683856 ops/usec
	 0.000000 op/sec put throughput (all threads)
	 2656881.500000 op/sec get throughput (all threads)
	 26975.000000 op/sec del throughput (all threads)
	 2683856.500000 op/sec total throughput (all threads)
	 Conflicts in worker thread: 0 (of 6745 commits)
	 Errors in worker thread: 0
	 Put errors: 0, Del errors: 0, Get errors: 0
***END OF RAMP-UP-THREADS OUTPUT***

***CONCLUDING THREAD EVALUATION***
