KP: 6096: Using 16 for local hash table size (same as merge frequency), 1610000 for master hash table size
KP: 6096: Total memory allocation size (just evaluation, not kv stores themselves) could be up to 0 bytes (0 MB)
Will create 268333 random integers for each child thread
Now starting evaluation for key-value store: Masstree
On 16 cores
Running on storage platform: disk
Starting single-threaded tests

*** BEGINING SINGLE THREADED TESTS***

***NOW DOING LATENCY TEST ON INDIVIDUAL FUNCTIONS ***
For put-insert: 
	 time elapsed 0:18401 (sec:usec) = 18401 usecs 
	 iterations 10000 (merge every 8 -> 1250 merges)
	 average cost 1.840100 usecs
	 Conflicts: 0 (of 1249 commits)

For put-append: 
	 time elapsed 0:53845 (sec:usec) = 53845 usecs 
	 iterations 30000 (merge every 8 -> 3750 merges)
	 average cost 1.794833 usecs
	 Conflicts: 0 (of 3747 commits)

For get: 
	 time elapsed 0:22134 (sec:usec) = 22134 usecs 
	 iterations 30000 (merge every 8 -> 3750 merges)
	 average cost 0.737800 usecs
	 Conflicts: 0 (of 0 commits)

For delete: 
	 time elapsed 0:21866 (sec:usec) = 21866 usecs 
	 iterations 30000 (merge every 8 -> 3750 merges)
	 average cost 0.728867 usecs
	 Conflicts: 0 (of 3747 commits)


*** CONCLUDING SINGLE THREADED TESTS***

Starting multi-threaded tests: num_threads=6, NUM_CPUS=16
KP: 6096: pinned new thread to CPU=0x0
KP: 6096: pinned new thread to CPU=0x1
KP: 6096: pinned new thread to CPU=0x2
KP: 6096: pinned new thread to CPU=0x3
KP: 6096: pinned new thread to CPU=0x4
KP: 6096: pinned new thread to CPU=0x5
KP: 6096: sleeping to allow threads enough time
KP: 6096: waking up from sleep (0)
For multithreaded run ramp r:-1-w:30-u:70-d:1
	 2391351 total ops (1984711 puts + 0 gets + 23945 dels)
	 2000000 in runtime (usecs) = 2 secs = 1.195675 ops/usec
	 992355.500000 op/sec put throughput (all threads)
	 0.000000 op/sec get throughput (all threads)
	 11972.500000 op/sec del throughput (all threads)
	 1195675.500000 op/sec total throughput (all threads)
	 Conflicts in worker thread: 0 (of 298923 commits)
	 Errors in worker thread: 0
	 Put errors: 0, Del errors: 0, Get errors: 0
***END OF RAMP-UP-THREADS OUTPUT***

KP: 6096: pinned new thread to CPU=0x0
KP: 6096: pinned new thread to CPU=0x1
KP: 6096: pinned new thread to CPU=0x0
KP: 6096: pinned new thread to CPU=0x1
KP: 6096: pinned new thread to CPU=0x2
KP: 6096: pinned new thread to CPU=0x3
KP: 6096: pinned new thread to CPU=0x0
KP: 6096: pinned new thread to CPU=0x1
KP: 6096: pinned new thread to CPU=0x2
KP: 6096: pinned new thread to CPU=0x3
KP: 6096: pinned new thread to CPU=0x0
KP: 6096: pinned new thread to CPU=0x1
KP: 6096: pinned new thread to CPU=0x2
KP: 6096: pinned new thread to CPU=0x3
KP: 6096: pinned new thread to CPU=0x0
KP: 6096: pinned new thread to CPU=0x1
KP: 6096: pinned new thread to CPU=0x2
KP: 6096: pinned new thread to CPU=0x3
KP: 6096: pinned new thread to CPU=0x4
KP: 6096: pinned new thread to CPU=0x5
KP: 6096: sleeping to allow threads enough time
KP: 6096: waking up from sleep (0)
For multithreaded run ramp r:99-w:0-u:0-d:1
	 14395188 total ops (0 puts + 14251587 gets + 143601 dels)
	 2000000 in runtime (usecs) = 2 secs = 7.197594 ops/usec
	 0.000000 op/sec put throughput (all threads)
	 7125793.000000 op/sec get throughput (all threads)
	 71800.500000 op/sec del throughput (all threads)
	 7197594.000000 op/sec total throughput (all threads)
	 Conflicts in worker thread: 0 (of 17952 commits)
	 Errors in worker thread: 0
	 Put errors: 0, Del errors: 0, Get errors: 0
***END OF RAMP-UP-THREADS OUTPUT***

***CONCLUDING THREAD EVALUATION***
