KP: 1200: Using 16 for local hash table size (same as merge frequency), 1610000 for master hash table size
KP: 1200: Total memory allocation size (just evaluation, not kv stores themselves) could be up to 0 bytes (0 MB)
Will create 1610000 random integers for each child thread
Now starting evaluation for key-value store: LevelDB
On 16 cores
Running on storage platform: ramdisk
Starting single-threaded tests

*** BEGINING SINGLE THREADED TESTS***

ON PATH /mnt/pmfs/leveldb_client_name
***NOW DOING LATENCY TEST ON INDIVIDUAL FUNCTIONS ***
For put-insert: 
	 time elapsed 0:3224 (sec:usec) = 3224 usecs 
	 iterations 4 (merge every 8 -> 0 merges)
	 average cost 806.000000 usecs
	 Conflicts: 0 (of 1 commits)

For put-append: 
	 time elapsed 0:13152 (sec:usec) = 13152 usecs 
	 iterations 12 (merge every 8 -> 1 merges)
	 average cost 1096.000000 usecs
	 Conflicts: 0 (of 3 commits)

For get: 
	 time elapsed 0:880 (sec:usec) = 880 usecs 
	 iterations 12 (merge every 8 -> 1 merges)
	 average cost 73.333336 usecs
	 Conflicts: 0 (of 0 commits)

For delete: 
	 time elapsed 0:70 (sec:usec) = 70 usecs 
	 iterations 12 (merge every 8 -> 1 merges)
	 average cost 5.833333 usecs
	 Conflicts: 0 (of 3 commits)


*** CONCLUDING SINGLE THREADED TESTS***

Starting multi-threaded tests: num_threads=1, NUM_CPUS=16
ON PATH /mnt/pmfs/leveldb_client_name
KP: 1200: pinned new thread to CPU=0x0
KP: 1200: sleeping to allow threads enough time
KP: 1200: waking up from sleep (0)
For multithreaded run ramp r:-1-w:30-u:70-d:1
	 40 total ops (40 puts + 0 gets + 0 dels)
	 2000000 in runtime (usecs) = 2 secs = 0.000020 ops/usec
	 20.000000 op/sec put throughput (all threads)
	 0.000000 op/sec get throughput (all threads)
	 0.000000 op/sec del throughput (all threads)
	 20.000000 op/sec total throughput (all threads)
	 Conflicts in worker thread: 0 (of 5 commits)
	 Errors in worker thread: 0
	 Put errors: 0, Del errors: 0, Get errors: 0
***END OF RAMP-UP-THREADS OUTPUT***

ON PATH /mnt/pmfs/leveldb_client_name
KP: 1200: pinned new thread to CPU=0x0
KP: 1200: sleeping to allow threads enough time
KP: 1200: waking up from sleep (0)
For multithreaded run ramp r:19-w:24-u:56-d:1
	 56 total ops (40 puts + 16 gets + 0 dels)
	 2000000 in runtime (usecs) = 2 secs = 0.000028 ops/usec
	 20.000000 op/sec put throughput (all threads)
	 8.000000 op/sec get throughput (all threads)
	 0.000000 op/sec del throughput (all threads)
	 28.000000 op/sec total throughput (all threads)
	 Conflicts in worker thread: 0 (of 5 commits)
	 Errors in worker thread: 0
	 Put errors: 0, Del errors: 0, Get errors: 0
***END OF RAMP-UP-THREADS OUTPUT***

ON PATH /mnt/pmfs/leveldb_client_name
KP: 1200: pinned new thread to CPU=0x0
KP: 1200: sleeping to allow threads enough time
KP: 1200: waking up from sleep (0)
For multithreaded run ramp r:39-w:18-u:42-d:1
	 78 total ops (40 puts + 38 gets + 0 dels)
	 2000000 in runtime (usecs) = 2 secs = 0.000039 ops/usec
	 20.000000 op/sec put throughput (all threads)
	 19.000000 op/sec get throughput (all threads)
	 0.000000 op/sec del throughput (all threads)
	 39.000000 op/sec total throughput (all threads)
	 Conflicts in worker thread: 0 (of 5 commits)
	 Errors in worker thread: 0
	 Put errors: 0, Del errors: 0, Get errors: 0
***END OF RAMP-UP-THREADS OUTPUT***

ON PATH /mnt/pmfs/leveldb_client_name
KP: 1200: pinned new thread to CPU=0x0
KP: 1200: sleeping to allow threads enough time
KP: 1200: waking up from sleep (0)
For multithreaded run ramp r:59-w:12-u:28-d:1
	 125 total ops (47 puts + 77 gets + 1 dels)
	 2000000 in runtime (usecs) = 2 secs = 0.000063 ops/usec
	 23.500000 op/sec put throughput (all threads)
	 38.500000 op/sec get throughput (all threads)
	 0.500000 op/sec del throughput (all threads)
	 62.500004 op/sec total throughput (all threads)
	 Conflicts in worker thread: 0 (of 6 commits)
	 Errors in worker thread: 0
	 Put errors: 0, Del errors: 0, Get errors: 0
***END OF RAMP-UP-THREADS OUTPUT***

ON PATH /mnt/pmfs/leveldb_client_name
KP: 1200: pinned new thread to CPU=0x0
KP: 1200: sleeping to allow threads enough time
KP: 1200: waking up from sleep (0)
For multithreaded run ramp r:79-w:6-u:14-d:1
	 308 total ops (46 puts + 260 gets + 2 dels)
	 2000000 in runtime (usecs) = 2 secs = 0.000154 ops/usec
	 23.000000 op/sec put throughput (all threads)
	 130.000000 op/sec get throughput (all threads)
	 1.000000 op/sec del throughput (all threads)
	 154.000000 op/sec total throughput (all threads)
	 Conflicts in worker thread: 0 (of 6 commits)
	 Errors in worker thread: 0
	 Put errors: 0, Del errors: 0, Get errors: 0
***END OF RAMP-UP-THREADS OUTPUT***

ON PATH /mnt/pmfs/leveldb_client_name
KP: 1200: pinned new thread to CPU=0x0
KP: 1200: sleeping to allow threads enough time
KP: 1200: waking up from sleep (0)
For multithreaded run ramp r:99-w:0-u:0-d:1
	 1173724 total ops (0 puts + 1162089 gets + 11635 dels)
	 2000000 in runtime (usecs) = 2 secs = 0.586862 ops/usec
	 0.000000 op/sec put throughput (all threads)
	 581044.500000 op/sec get throughput (all threads)
	 5817.500000 op/sec del throughput (all threads)
	 586862.000000 op/sec total throughput (all threads)
	 Conflicts in worker thread: 0 (of 1455 commits)
	 Errors in worker thread: 0
	 Put errors: 0, Del errors: 0, Get errors: 1161089
***END OF RAMP-UP-THREADS OUTPUT***

***CONCLUDING THREAD EVALUATION***
KP: 8688: Using 16 for local hash table size (same as merge frequency), 1610000 for master hash table size
KP: 8688: Total memory allocation size (just evaluation, not kv stores themselves) could be up to 0 bytes (0 MB)
Will create 1610000 random integers for each child thread
Now starting evaluation for key-value store: LevelDB
On 16 cores
Running on storage platform: ramdisk
Starting single-threaded tests

*** BEGINING SINGLE THREADED TESTS***

ON PATH /mnt/pmfs/leveldb_client_name
***NOW DOING LATENCY TEST ON INDIVIDUAL FUNCTIONS ***
For put-insert: 
	 time elapsed 0:7771 (sec:usec) = 7771 usecs 
	 iterations 16 (merge every 8 -> 2 merges)
	 average cost 485.687500 usecs
	 Conflicts: 0 (of 1 commits)

For put-append: 
	 time elapsed 0:37094 (sec:usec) = 37094 usecs 
	 iterations 48 (merge every 8 -> 6 merges)
	 average cost 772.791687 usecs
	 Conflicts: 0 (of 3 commits)

For get: 
	 time elapsed 0:3345 (sec:usec) = 3345 usecs 
	 iterations 48 (merge every 8 -> 6 merges)
	 average cost 69.687500 usecs
	 Conflicts: 0 (of 0 commits)

For delete: 
	 time elapsed 0:103 (sec:usec) = 103 usecs 
	 iterations 48 (merge every 8 -> 6 merges)
	 average cost 2.145833 usecs
	 Conflicts: 0 (of 3 commits)


*** CONCLUDING SINGLE THREADED TESTS***

Starting multi-threaded tests: num_threads=1, NUM_CPUS=16
ON PATH /mnt/pmfs/leveldb_client_name
KP: 8688: pinned new thread to CPU=0x0
KP: 8688: sleeping to allow threads enough time
KP: 8688: waking up from sleep (0)
For multithreaded run ramp r:-1-w:30-u:70-d:1
	 48 total ops (47 puts + 0 gets + 1 dels)
	 2000000 in runtime (usecs) = 2 secs = 0.000024 ops/usec
	 23.500000 op/sec put throughput (all threads)
	 0.000000 op/sec get throughput (all threads)
	 0.500000 op/sec del throughput (all threads)
	 24.000000 op/sec total throughput (all threads)
	 Conflicts in worker thread: 0 (of 6 commits)
	 Errors in worker thread: 0
	 Put errors: 0, Del errors: 0, Get errors: 0
***END OF RAMP-UP-THREADS OUTPUT***

ON PATH /mnt/pmfs/leveldb_client_name
KP: 8688: pinned new thread to CPU=0x0
KP: 8688: sleeping to allow threads enough time
KP: 8688: waking up from sleep (0)
For multithreaded run ramp r:19-w:24-u:56-d:1
	 46 total ops (40 puts + 6 gets + 0 dels)
	 2000000 in runtime (usecs) = 2 secs = 0.000023 ops/usec
	 20.000000 op/sec put throughput (all threads)
	 3.000000 op/sec get throughput (all threads)
	 0.000000 op/sec del throughput (all threads)
	 23.000000 op/sec total throughput (all threads)
	 Conflicts in worker thread: 0 (of 5 commits)
	 Errors in worker thread: 0
	 Put errors: 0, Del errors: 0, Get errors: 0
***END OF RAMP-UP-THREADS OUTPUT***

ON PATH /mnt/pmfs/leveldb_client_name
KP: 8688: pinned new thread to CPU=0x0
KP: 8688: sleeping to allow threads enough time
KP: 8688: waking up from sleep (0)
For multithreaded run ramp r:39-w:18-u:42-d:1
	 69 total ops (40 puts + 29 gets + 0 dels)
	 2000000 in runtime (usecs) = 2 secs = 0.000035 ops/usec
	 20.000000 op/sec put throughput (all threads)
	 14.500000 op/sec get throughput (all threads)
	 0.000000 op/sec del throughput (all threads)
	 34.500000 op/sec total throughput (all threads)
	 Conflicts in worker thread: 0 (of 5 commits)
	 Errors in worker thread: 0
	 Put errors: 0, Del errors: 0, Get errors: 0
***END OF RAMP-UP-THREADS OUTPUT***

ON PATH /mnt/pmfs/leveldb_client_name
KP: 8688: pinned new thread to CPU=0x0
KP: 8688: sleeping to allow threads enough time
KP: 8688: waking up from sleep (0)
For multithreaded run ramp r:59-w:12-u:28-d:1
	 86 total ops (40 puts + 46 gets + 0 dels)
	 2000000 in runtime (usecs) = 2 secs = 0.000043 ops/usec
	 20.000000 op/sec put throughput (all threads)
	 23.000000 op/sec get throughput (all threads)
	 0.000000 op/sec del throughput (all threads)
	 43.000000 op/sec total throughput (all threads)
	 Conflicts in worker thread: 0 (of 5 commits)
	 Errors in worker thread: 0
	 Put errors: 0, Del errors: 0, Get errors: 0
***END OF RAMP-UP-THREADS OUTPUT***

ON PATH /mnt/pmfs/leveldb_client_name
KP: 8688: pinned new thread to CPU=0x0
KP: 8688: sleeping to allow threads enough time
KP: 8688: waking up from sleep (0)
For multithreaded run ramp r:79-w:6-u:14-d:1
	 181 total ops (47 puts + 133 gets + 1 dels)
	 2000000 in runtime (usecs) = 2 secs = 0.000090 ops/usec
	 23.500000 op/sec put throughput (all threads)
	 66.500000 op/sec get throughput (all threads)
	 0.500000 op/sec del throughput (all threads)
	 90.500000 op/sec total throughput (all threads)
	 Conflicts in worker thread: 0 (of 6 commits)
	 Errors in worker thread: 0
	 Put errors: 0, Del errors: 0, Get errors: 0
***END OF RAMP-UP-THREADS OUTPUT***

ON PATH /mnt/pmfs/leveldb_client_name
KP: 8688: pinned new thread to CPU=0x0
KP: 8688: sleeping to allow threads enough time
KP: 8688: waking up from sleep (0)
For multithreaded run ramp r:99-w:0-u:0-d:1
	 1171574 total ops (0 puts + 1159708 gets + 11866 dels)
	 2000000 in runtime (usecs) = 2 secs = 0.585787 ops/usec
	 0.000000 op/sec put throughput (all threads)
	 579854.000000 op/sec get throughput (all threads)
	 5933.000000 op/sec del throughput (all threads)
	 585787.000000 op/sec total throughput (all threads)
	 Conflicts in worker thread: 0 (of 1484 commits)
	 Errors in worker thread: 0
	 Put errors: 0, Del errors: 0, Get errors: 1159016
***END OF RAMP-UP-THREADS OUTPUT***

***CONCLUDING THREAD EVALUATION***
KP: 256: Using 16 for local hash table size (same as merge frequency), 1610000 for master hash table size
KP: 256: Total memory allocation size (just evaluation, not kv stores themselves) could be up to 0 bytes (0 MB)
Will create 1610000 random integers for each child thread
Now starting evaluation for key-value store: LevelDB
On 16 cores
Running on storage platform: ramdisk
Starting single-threaded tests

*** BEGINING SINGLE THREADED TESTS***

ON PATH /mnt/pmfs/leveldb_client_name
***NOW DOING LATENCY TEST ON INDIVIDUAL FUNCTIONS ***
For put-insert: 
	 time elapsed 80:691288 (sec:usec) = 80691288 usecs 
	 iterations 50000 (merge every 8 -> 6250 merges)
	 average cost 1613.825806 usecs
	 Conflicts: 0 (of 6249 commits)

For put-append: 
	 time elapsed 348:255276 (sec:usec) = 348255276 usecs 
	 iterations 150000 (merge every 8 -> 18750 merges)
	 average cost 2321.701660 usecs
	 Conflicts: 0 (of 18747 commits)

For get: 
	 time elapsed 38:837259 (sec:usec) = 38837259 usecs 
	 iterations 150000 (merge every 8 -> 18750 merges)
	 average cost 258.915070 usecs
	 Conflicts: 0 (of 0 commits)

For delete: 
	 time elapsed 1:102997 (sec:usec) = 1102997 usecs 
	 iterations 150000 (merge every 8 -> 18750 merges)
	 average cost 7.353313 usecs
	 Conflicts: 0 (of 18747 commits)


*** CONCLUDING SINGLE THREADED TESTS***

Starting multi-threaded tests: num_threads=1, NUM_CPUS=16
ON PATH /mnt/pmfs/leveldb_client_name
KP: 256: pinned new thread to CPU=0x0
KP: 256: sleeping to allow threads enough time
KP: 256: waking up from sleep (0)
For multithreaded run ramp r:-1-w:30-u:70-d:1
	 40 total ops (40 puts + 0 gets + 0 dels)
	 2000000 in runtime (usecs) = 2 secs = 0.000020 ops/usec
	 20.000000 op/sec put throughput (all threads)
	 0.000000 op/sec get throughput (all threads)
	 0.000000 op/sec del throughput (all threads)
	 20.000000 op/sec total throughput (all threads)
	 Conflicts in worker thread: 0 (of 5 commits)
	 Errors in worker thread: 0
	 Put errors: 0, Del errors: 0, Get errors: 0
***END OF RAMP-UP-THREADS OUTPUT***

ON PATH /mnt/pmfs/leveldb_client_name
KP: 256: pinned new thread to CPU=0x0
KP: 256: sleeping to allow threads enough time
KP: 256: waking up from sleep (0)
For multithreaded run ramp r:19-w:24-u:56-d:1
	 53 total ops (40 puts + 13 gets + 0 dels)
	 2000000 in runtime (usecs) = 2 secs = 0.000026 ops/usec
	 20.000000 op/sec put throughput (all threads)
	 6.500000 op/sec get throughput (all threads)
	 0.000000 op/sec del throughput (all threads)
	 26.500000 op/sec total throughput (all threads)
	 Conflicts in worker thread: 0 (of 5 commits)
	 Errors in worker thread: 0
	 Put errors: 0, Del errors: 0, Get errors: 0
***END OF RAMP-UP-THREADS OUTPUT***

ON PATH /mnt/pmfs/leveldb_client_name
KP: 256: pinned new thread to CPU=0x0
KP: 256: sleeping to allow threads enough time
KP: 256: waking up from sleep (0)
For multithreaded run ramp r:39-w:18-u:42-d:1
	 64 total ops (40 puts + 24 gets + 0 dels)
	 2000000 in runtime (usecs) = 2 secs = 0.000032 ops/usec
	 20.000000 op/sec put throughput (all threads)
	 12.000000 op/sec get throughput (all threads)
	 0.000000 op/sec del throughput (all threads)
	 32.000000 op/sec total throughput (all threads)
	 Conflicts in worker thread: 0 (of 5 commits)
	 Errors in worker thread: 0
	 Put errors: 0, Del errors: 0, Get errors: 0
***END OF RAMP-UP-THREADS OUTPUT***

ON PATH /mnt/pmfs/leveldb_client_name
KP: 256: pinned new thread to CPU=0x0
KP: 256: sleeping to allow threads enough time
KP: 256: waking up from sleep (0)
For multithreaded run ramp r:59-w:12-u:28-d:1
	 85 total ops (40 puts + 45 gets + 0 dels)
	 2000000 in runtime (usecs) = 2 secs = 0.000042 ops/usec
	 20.000000 op/sec put throughput (all threads)
	 22.500000 op/sec get throughput (all threads)
	 0.000000 op/sec del throughput (all threads)
	 42.500000 op/sec total throughput (all threads)
	 Conflicts in worker thread: 0 (of 5 commits)
	 Errors in worker thread: 0
	 Put errors: 0, Del errors: 0, Get errors: 0
***END OF RAMP-UP-THREADS OUTPUT***

ON PATH /mnt/pmfs/leveldb_client_name
KP: 256: pinned new thread to CPU=0x0
KP: 256: sleeping to allow threads enough time
KP: 256: waking up from sleep (0)
For multithreaded run ramp r:79-w:6-u:14-d:1
	 153 total ops (40 puts + 113 gets + 0 dels)
	 2000000 in runtime (usecs) = 2 secs = 0.000077 ops/usec
	 20.000000 op/sec put throughput (all threads)
	 56.500000 op/sec get throughput (all threads)
	 0.000000 op/sec del throughput (all threads)
	 76.500000 op/sec total throughput (all threads)
	 Conflicts in worker thread: 0 (of 5 commits)
	 Errors in worker thread: 0
	 Put errors: 0, Del errors: 0, Get errors: 0
***END OF RAMP-UP-THREADS OUTPUT***

ON PATH /mnt/pmfs/leveldb_client_name
KP: 256: pinned new thread to CPU=0x0
KP: 256: sleeping to allow threads enough time
KP: 256: waking up from sleep (0)
For multithreaded run ramp r:99-w:0-u:0-d:1
	 1190445 total ops (0 puts + 1178634 gets + 11811 dels)
	 2000000 in runtime (usecs) = 2 secs = 0.595222 ops/usec
	 0.000000 op/sec put throughput (all threads)
	 589317.000000 op/sec get throughput (all threads)
	 5905.500000 op/sec del throughput (all threads)
	 595222.500000 op/sec total throughput (all threads)
	 Conflicts in worker thread: 0 (of 1477 commits)
	 Errors in worker thread: 0
	 Put errors: 0, Del errors: 0, Get errors: 1177604
***END OF RAMP-UP-THREADS OUTPUT***

***CONCLUDING THREAD EVALUATION***
