KP: 1264: Using 16 for local hash table size (same as merge frequency), 1610000 for master hash table size
KP: 1264: Total memory allocation size (just evaluation, not kv stores themselves) could be up to 0 bytes (0 MB)
Will create 805000 random integers for each child thread
Now starting evaluation for key-value store: LevelDB
On 16 cores
Running on storage platform: ramdisk
Starting single-threaded tests

*** BEGINING SINGLE THREADED TESTS***

ON PATH /mnt/pmfs/leveldb_client_name
***NOW DOING LATENCY TEST ON INDIVIDUAL FUNCTIONS ***
For put-insert: 
	 time elapsed 0:13124 (sec:usec) = 13124 usecs 
	 iterations 1000 (merge every 8 -> 125 merges)
	 average cost 13.124000 usecs
	 Conflicts: 0 (of 124 commits)

For put-append: 
	 time elapsed 0:41529 (sec:usec) = 41529 usecs 
	 iterations 3000 (merge every 8 -> 375 merges)
	 average cost 13.843000 usecs
	 Conflicts: 0 (of 372 commits)

For get: 
	 time elapsed 0:5864 (sec:usec) = 5864 usecs 
	 iterations 3000 (merge every 8 -> 375 merges)
	 average cost 1.954667 usecs
	 Conflicts: 0 (of 0 commits)

For delete: 
	 time elapsed 0:25733 (sec:usec) = 25733 usecs 
	 iterations 3000 (merge every 8 -> 375 merges)
	 average cost 8.577666 usecs
	 Conflicts: 0 (of 372 commits)


*** CONCLUDING SINGLE THREADED TESTS***

Starting multi-threaded tests: num_threads=2, NUM_CPUS=16
ON PATH /mnt/pmfs/leveldb_client_name
KP: 1264: pinned new thread to CPU=0x0
KP: 1264: pinned new thread to CPU=0x1
KP: 1264: sleeping to allow threads enough time
KP: 1264: waking up from sleep (0)
For multithreaded run ramp r:-1-w:30-u:70-d:1
	 97168 total ops (96171 puts + 0 gets + 997 dels)
	 2000000 in runtime (usecs) = 2 secs = 0.048584 ops/usec
	 48085.500000 op/sec put throughput (all threads)
	 0.000000 op/sec get throughput (all threads)
	 498.500000 op/sec del throughput (all threads)
	 48584.000000 op/sec total throughput (all threads)
	 Conflicts in worker thread: 0 (of 12146 commits)
	 Errors in worker thread: 0
	 Put errors: 0, Del errors: 0, Get errors: 0
***END OF RAMP-UP-THREADS OUTPUT***

ON PATH /mnt/pmfs/leveldb_client_name
KP: 1264: pinned new thread to CPU=0x0
KP: 1264: pinned new thread to CPU=0x1
KP: 1264: sleeping to allow threads enough time
KP: 1264: waking up from sleep (0)
For multithreaded run ramp r:19-w:24-u:56-d:1
	 121192 total ops (95692 puts + 24280 gets + 1220 dels)
	 2000000 in runtime (usecs) = 2 secs = 0.060596 ops/usec
	 47846.000000 op/sec put throughput (all threads)
	 12140.000000 op/sec get throughput (all threads)
	 610.000000 op/sec del throughput (all threads)
	 60596.000000 op/sec total throughput (all threads)
	 Conflicts in worker thread: 0 (of 12114 commits)
	 Errors in worker thread: 0
	 Put errors: 0, Del errors: 0, Get errors: 288
***END OF RAMP-UP-THREADS OUTPUT***

ON PATH /mnt/pmfs/leveldb_client_name
KP: 1264: pinned new thread to CPU=0x0
KP: 1264: pinned new thread to CPU=0x1
KP: 1264: sleeping to allow threads enough time
KP: 1264: waking up from sleep (0)
For multithreaded run ramp r:39-w:18-u:42-d:1
	 159531 total ops (93948 puts + 63979 gets + 1604 dels)
	 2000000 in runtime (usecs) = 2 secs = 0.079765 ops/usec
	 46974.000000 op/sec put throughput (all threads)
	 31989.500000 op/sec get throughput (all threads)
	 802.000000 op/sec del throughput (all threads)
	 79765.500000 op/sec total throughput (all threads)
	 Conflicts in worker thread: 0 (of 11944 commits)
	 Errors in worker thread: 0
	 Put errors: 0, Del errors: 0, Get errors: 557
***END OF RAMP-UP-THREADS OUTPUT***

ON PATH /mnt/pmfs/leveldb_client_name
KP: 1264: pinned new thread to CPU=0x0
KP: 1264: pinned new thread to CPU=0x1
KP: 1264: sleeping to allow threads enough time
KP: 1264: waking up from sleep (0)
For multithreaded run ramp r:59-w:12-u:28-d:1
	 244119 total ops (94932 puts + 146687 gets + 2500 dels)
	 2000000 in runtime (usecs) = 2 secs = 0.122060 ops/usec
	 47466.000000 op/sec put throughput (all threads)
	 73343.500000 op/sec get throughput (all threads)
	 1250.000000 op/sec del throughput (all threads)
	 122059.500000 op/sec total throughput (all threads)
	 Conflicts in worker thread: 0 (of 12179 commits)
	 Errors in worker thread: 0
	 Put errors: 0, Del errors: 0, Get errors: 3685
***END OF RAMP-UP-THREADS OUTPUT***

ON PATH /mnt/pmfs/leveldb_client_name
KP: 1264: pinned new thread to CPU=0x0
KP: 1264: pinned new thread to CPU=0x1
KP: 1264: sleeping to allow threads enough time
KP: 1264: waking up from sleep (0)
For multithreaded run ramp r:79-w:6-u:14-d:1
	 494898 total ops (94001 puts + 395930 gets + 4967 dels)
	 2000000 in runtime (usecs) = 2 secs = 0.247449 ops/usec
	 47000.500000 op/sec put throughput (all threads)
	 197965.000000 op/sec get throughput (all threads)
	 2483.500000 op/sec del throughput (all threads)
	 247449.000000 op/sec total throughput (all threads)
	 Conflicts in worker thread: 0 (of 12371 commits)
	 Errors in worker thread: 0
	 Put errors: 0, Del errors: 0, Get errors: 7936
***END OF RAMP-UP-THREADS OUTPUT***

ON PATH /mnt/pmfs/leveldb_client_name
KP: 1264: pinned new thread to CPU=0x0
KP: 1264: pinned new thread to CPU=0x1
KP: 1264: sleeping to allow threads enough time
KP: 1264: waking up from sleep (0)
For multithreaded run ramp r:99-w:0-u:0-d:1
	 2821196 total ops (0 puts + 2792506 gets + 28690 dels)
	 2000000 in runtime (usecs) = 2 secs = 1.410598 ops/usec
	 0.000000 op/sec put throughput (all threads)
	 1396253.000000 op/sec get throughput (all threads)
	 14345.000000 op/sec del throughput (all threads)
	 1410598.000000 op/sec total throughput (all threads)
	 Conflicts in worker thread: 0 (of 3587 commits)
	 Errors in worker thread: 0
	 Put errors: 0, Del errors: 0, Get errors: 1439118
***END OF RAMP-UP-THREADS OUTPUT***

***CONCLUDING THREAD EVALUATION***
