KP: 8208: Using 2 for local hash table size (same as merge frequency), 1610000 for master hash table size
KP: 8208: Total memory allocation size (just evaluation, not kv stores themselves) could be up to 0 bytes (0 MB)
Will create 1610000 random integers for each child thread
Now starting evaluation for key-value store: kp_kvstore
On 16 cores
Running on storage platform: disk
Starting single-threaded tests

*** BEGINING SINGLE THREADED TESTS***

***NOW DOING LATENCY TEST ON INDIVIDUAL FUNCTIONS ***
For put-insert: 
	 time elapsed 0:197259 (sec:usec) = 197259 usecs 
	 iterations 10000 (merge every 1 -> 10000 merges)
	 average cost 19.725901 usecs
	 Conflicts: 0 (of 10000 commits)

For put-append: 
	 time elapsed 0:503858 (sec:usec) = 503858 usecs 
	 iterations 30000 (merge every 1 -> 30000 merges)
	 average cost 16.795267 usecs
	 Conflicts: 0 (of 30000 commits)

For get: 
	 time elapsed 0:65866 (sec:usec) = 65866 usecs 
	 iterations 30000 (merge every 1 -> 30000 merges)
	 average cost 2.195533 usecs
	 Conflicts: 0 (of 0 commits)

For delete: 
	 time elapsed 0:338977 (sec:usec) = 338977 usecs 
	 iterations 30000 (merge every 1 -> 30000 merges)
	 average cost 11.299233 usecs
	 Conflicts: 0 (of 30000 commits)


*** CONCLUDING SINGLE THREADED TESTS***

Starting multi-threaded tests: num_threads=1, NUM_CPUS=16
KP: 8208: pinned new thread to CPU=0x0
KP: 8208: sleeping to allow threads enough time
KP: 8208: waking up from sleep (0)
For multithreaded run ramp r:-1-w:30-u:70-d:1
	 111835 total ops (110708 puts + 0 gets + 1127 dels)
	 2000000 in runtime (usecs) = 2 secs = 0.055918 ops/usec
	 55354.000000 op/sec put throughput (all threads)
	 0.000000 op/sec get throughput (all threads)
	 563.500061 op/sec del throughput (all threads)
	 55917.500000 op/sec total throughput (all threads)
	 Conflicts in worker thread: 0 (of 111835 commits)
	 Errors in worker thread: 0
	 Put errors: 0, Del errors: 0, Get errors: 0
***END OF RAMP-UP-THREADS OUTPUT***

KP: 8208: pinned new thread to CPU=0x0
KP: 8208: sleeping to allow threads enough time
KP: 8208: waking up from sleep (0)
For multithreaded run ramp r:19-w:24-u:56-d:1
	 136551 total ops (107841 puts + 27309 gets + 1401 dels)
	 2000000 in runtime (usecs) = 2 secs = 0.068275 ops/usec
	 53920.500000 op/sec put throughput (all threads)
	 13654.500000 op/sec get throughput (all threads)
	 700.499939 op/sec del throughput (all threads)
	 68275.500000 op/sec total throughput (all threads)
	 Conflicts in worker thread: 0 (of 109242 commits)
	 Errors in worker thread: 0
	 Put errors: 0, Del errors: 0, Get errors: 0
***END OF RAMP-UP-THREADS OUTPUT***

KP: 8208: pinned new thread to CPU=0x0
KP: 8208: sleeping to allow threads enough time
KP: 8208: waking up from sleep (0)
For multithreaded run ramp r:39-w:18-u:42-d:1
	 177517 total ops (104446 puts + 71332 gets + 1739 dels)
	 2000000 in runtime (usecs) = 2 secs = 0.088758 ops/usec
	 52223.000000 op/sec put throughput (all threads)
	 35666.000000 op/sec get throughput (all threads)
	 869.500061 op/sec del throughput (all threads)
	 88758.500000 op/sec total throughput (all threads)
	 Conflicts in worker thread: 0 (of 106185 commits)
	 Errors in worker thread: 0
	 Put errors: 0, Del errors: 0, Get errors: 0
***END OF RAMP-UP-THREADS OUTPUT***

KP: 8208: pinned new thread to CPU=0x0
KP: 8208: sleeping to allow threads enough time
KP: 8208: waking up from sleep (0)
For multithreaded run ramp r:59-w:12-u:28-d:1
	 254669 total ops (99109 puts + 153036 gets + 2524 dels)
	 2000000 in runtime (usecs) = 2 secs = 0.127335 ops/usec
	 49554.500000 op/sec put throughput (all threads)
	 76518.000000 op/sec get throughput (all threads)
	 1262.000000 op/sec del throughput (all threads)
	 127334.507812 op/sec total throughput (all threads)
	 Conflicts in worker thread: 0 (of 101633 commits)
	 Errors in worker thread: 0
	 Put errors: 0, Del errors: 0, Get errors: 0
***END OF RAMP-UP-THREADS OUTPUT***

KP: 8208: pinned new thread to CPU=0x0
KP: 8208: sleeping to allow threads enough time
KP: 8208: waking up from sleep (0)
For multithreaded run ramp r:79-w:6-u:14-d:1
	 454534 total ops (86025 puts + 363940 gets + 4569 dels)
	 2000000 in runtime (usecs) = 2 secs = 0.227267 ops/usec
	 43012.500000 op/sec put throughput (all threads)
	 181970.000000 op/sec get throughput (all threads)
	 2284.500000 op/sec del throughput (all threads)
	 227267.000000 op/sec total throughput (all threads)
	 Conflicts in worker thread: 0 (of 90594 commits)
	 Errors in worker thread: 0
	 Put errors: 0, Del errors: 0, Get errors: 0
***END OF RAMP-UP-THREADS OUTPUT***

KP: 8208: pinned new thread to CPU=0x0
KP: 8208: sleeping to allow threads enough time
KP: 8208: waking up from sleep (0)
For multithreaded run ramp r:99-w:0-u:0-d:1
	 2052843 total ops (0 puts + 2032238 gets + 20605 dels)
	 2000000 in runtime (usecs) = 2 secs = 1.026422 ops/usec
	 0.000000 op/sec put throughput (all threads)
	 1016118.937500 op/sec get throughput (all threads)
	 10302.500000 op/sec del throughput (all threads)
	 1026421.562500 op/sec total throughput (all threads)
	 Conflicts in worker thread: 0 (of 20605 commits)
	 Errors in worker thread: 0
	 Put errors: 0, Del errors: 0, Get errors: 0
***END OF RAMP-UP-THREADS OUTPUT***

***CONCLUDING THREAD EVALUATION***
