KP: 4272: Using 32 for local hash table size (same as merge frequency), 1610000 for master hash table size
KP: 4272: Total memory allocation size (just evaluation, not kv stores themselves) could be up to 0 bytes (0 MB)
Will create 1610000 random integers for each child thread
Now starting evaluation for key-value store: kp_kvstore
On 16 cores
Running on storage platform: disk
Starting single-threaded tests

*** BEGINING SINGLE THREADED TESTS***

***NOW DOING LATENCY TEST ON INDIVIDUAL FUNCTIONS ***
For put-insert: 
	 time elapsed 0:148291 (sec:usec) = 148291 usecs 
	 iterations 10000 (merge every 16 -> 625 merges)
	 average cost 14.829100 usecs
	 Conflicts: 0 (of 624 commits)

For put-append: 
	 time elapsed 0:352105 (sec:usec) = 352105 usecs 
	 iterations 30000 (merge every 16 -> 1875 merges)
	 average cost 11.736834 usecs
	 Conflicts: 0 (of 1872 commits)

For get: 
	 time elapsed 0:66591 (sec:usec) = 66591 usecs 
	 iterations 30000 (merge every 16 -> 1875 merges)
	 average cost 2.219700 usecs
	 Conflicts: 0 (of 0 commits)

For delete: 
	 time elapsed 0:190594 (sec:usec) = 190594 usecs 
	 iterations 30000 (merge every 16 -> 1875 merges)
	 average cost 6.353133 usecs
	 Conflicts: 0 (of 1872 commits)


*** CONCLUDING SINGLE THREADED TESTS***

Starting multi-threaded tests: num_threads=1, NUM_CPUS=16
KP: 4272: pinned new thread to CPU=0x0
KP: 4272: sleeping to allow threads enough time
KP: 4272: waking up from sleep (0)
For multithreaded run ramp r:-1-w:30-u:70-d:1
	 334368 total ops (330977 puts + 0 gets + 3391 dels)
	 2000000 in runtime (usecs) = 2 secs = 0.167184 ops/usec
	 165488.500000 op/sec put throughput (all threads)
	 0.000000 op/sec get throughput (all threads)
	 1695.500000 op/sec del throughput (all threads)
	 167184.000000 op/sec total throughput (all threads)
	 Conflicts in worker thread: 0 (of 20898 commits)
	 Errors in worker thread: 0
	 Put errors: 0, Del errors: 0, Get errors: 0
***END OF RAMP-UP-THREADS OUTPUT***

KP: 4272: pinned new thread to CPU=0x0
KP: 4272: sleeping to allow threads enough time
KP: 4272: waking up from sleep (0)
For multithreaded run ramp r:19-w:24-u:56-d:1
	 404605 total ops (319633 puts + 80877 gets + 4095 dels)
	 2000000 in runtime (usecs) = 2 secs = 0.202303 ops/usec
	 159816.500000 op/sec put throughput (all threads)
	 40438.500000 op/sec get throughput (all threads)
	 2047.500000 op/sec del throughput (all threads)
	 202302.500000 op/sec total throughput (all threads)
	 Conflicts in worker thread: 0 (of 20233 commits)
	 Errors in worker thread: 0
	 Put errors: 0, Del errors: 0, Get errors: 0
***END OF RAMP-UP-THREADS OUTPUT***

KP: 4272: pinned new thread to CPU=0x0
KP: 4272: sleeping to allow threads enough time
KP: 4272: waking up from sleep (0)
For multithreaded run ramp r:39-w:18-u:42-d:1
	 516067 total ops (304475 puts + 206368 gets + 5224 dels)
	 2000000 in runtime (usecs) = 2 secs = 0.258034 ops/usec
	 152237.500000 op/sec put throughput (all threads)
	 103184.000000 op/sec get throughput (all threads)
	 2612.000000 op/sec del throughput (all threads)
	 258033.515625 op/sec total throughput (all threads)
	 Conflicts in worker thread: 0 (of 19357 commits)
	 Errors in worker thread: 0
	 Put errors: 0, Del errors: 0, Get errors: 0
***END OF RAMP-UP-THREADS OUTPUT***

KP: 4272: pinned new thread to CPU=0x0
KP: 4272: sleeping to allow threads enough time
KP: 4272: waking up from sleep (0)
For multithreaded run ramp r:59-w:12-u:28-d:1
	 719253 total ops (280249 puts + 431765 gets + 7239 dels)
	 2000000 in runtime (usecs) = 2 secs = 0.359627 ops/usec
	 140124.500000 op/sec put throughput (all threads)
	 215882.500000 op/sec get throughput (all threads)
	 3619.500000 op/sec del throughput (all threads)
	 359626.500000 op/sec total throughput (all threads)
	 Conflicts in worker thread: 0 (of 17968 commits)
	 Errors in worker thread: 0
	 Put errors: 0, Del errors: 0, Get errors: 0
***END OF RAMP-UP-THREADS OUTPUT***

KP: 4272: pinned new thread to CPU=0x0
KP: 4272: sleeping to allow threads enough time
KP: 4272: waking up from sleep (0)
For multithreaded run ramp r:79-w:6-u:14-d:1
	 1184735 total ops (225340 puts + 947599 gets + 11796 dels)
	 2000000 in runtime (usecs) = 2 secs = 0.592367 ops/usec
	 112670.000000 op/sec put throughput (all threads)
	 473799.500000 op/sec get throughput (all threads)
	 5898.000000 op/sec del throughput (all threads)
	 592367.500000 op/sec total throughput (all threads)
	 Conflicts in worker thread: 0 (of 14821 commits)
	 Errors in worker thread: 0
	 Put errors: 0, Del errors: 0, Get errors: 0
***END OF RAMP-UP-THREADS OUTPUT***

KP: 4272: pinned new thread to CPU=0x0
KP: 4272: sleeping to allow threads enough time
KP: 4272: waking up from sleep (0)
For multithreaded run ramp r:99-w:0-u:0-d:1
	 3409821 total ops (0 puts + 3375949 gets + 33872 dels)
	 2000000 in runtime (usecs) = 2 secs = 1.704911 ops/usec
	 0.000000 op/sec put throughput (all threads)
	 1687974.500000 op/sec get throughput (all threads)
	 16936.000000 op/sec del throughput (all threads)
	 1704910.500000 op/sec total throughput (all threads)
	 Conflicts in worker thread: 0 (of 2117 commits)
	 Errors in worker thread: 0
	 Put errors: 0, Del errors: 0, Get errors: 0
***END OF RAMP-UP-THREADS OUTPUT***

***CONCLUDING THREAD EVALUATION***
