KP: 768: Using 4096 for local hash table size (same as merge frequency), 1610000 for master hash table size
KP: 768: Total memory allocation size (just evaluation, not kv stores themselves) could be up to 0 bytes (0 MB)
Will create 1610000 random integers for each child thread
Now starting evaluation for key-value store: kp_kvstore
On 16 cores
Running on storage platform: disk
Starting single-threaded tests

*** BEGINING SINGLE THREADED TESTS***

***NOW DOING LATENCY TEST ON INDIVIDUAL FUNCTIONS ***
For put-insert: 
	 time elapsed 0:144122 (sec:usec) = 144122 usecs 
	 iterations 10000 (merge every 2048 -> 4 merges)
	 average cost 14.412200 usecs
	 Conflicts: 0 (of 5 commits)

For put-append: 
	 time elapsed 0:345168 (sec:usec) = 345168 usecs 
	 iterations 30000 (merge every 2048 -> 14 merges)
	 average cost 11.505600 usecs
	 Conflicts: 0 (of 15 commits)

For get: 
	 time elapsed 0:67878 (sec:usec) = 67878 usecs 
	 iterations 30000 (merge every 2048 -> 14 merges)
	 average cost 2.262600 usecs
	 Conflicts: 0 (of 0 commits)

For delete: 
	 time elapsed 0:184739 (sec:usec) = 184739 usecs 
	 iterations 30000 (merge every 2048 -> 14 merges)
	 average cost 6.157967 usecs
	 Conflicts: 0 (of 15 commits)


*** CONCLUDING SINGLE THREADED TESTS***

Starting multi-threaded tests: num_threads=1, NUM_CPUS=16
KP: 768: pinned new thread to CPU=0x0
KP: 768: sleeping to allow threads enough time
KP: 768: waking up from sleep (0)
For multithreaded run ramp r:-1-w:30-u:70-d:1
	 403456 total ops (399414 puts + 0 gets + 4042 dels)
	 2000000 in runtime (usecs) = 2 secs = 0.201728 ops/usec
	 199707.000000 op/sec put throughput (all threads)
	 0.000000 op/sec get throughput (all threads)
	 2020.999878 op/sec del throughput (all threads)
	 201728.000000 op/sec total throughput (all threads)
	 Conflicts in worker thread: 0 (of 197 commits)
	 Errors in worker thread: 0
	 Put errors: 0, Del errors: 0, Get errors: 0
***END OF RAMP-UP-THREADS OUTPUT***

KP: 768: pinned new thread to CPU=0x0
KP: 768: sleeping to allow threads enough time
KP: 768: waking up from sleep (0)
For multithreaded run ramp r:19-w:24-u:56-d:1
	 491532 total ops (388168 puts + 98316 gets + 5048 dels)
	 2000000 in runtime (usecs) = 2 secs = 0.245766 ops/usec
	 194084.000000 op/sec put throughput (all threads)
	 49158.000000 op/sec get throughput (all threads)
	 2524.000000 op/sec del throughput (all threads)
	 245766.000000 op/sec total throughput (all threads)
	 Conflicts in worker thread: 0 (of 192 commits)
	 Errors in worker thread: 0
	 Put errors: 0, Del errors: 0, Get errors: 0
***END OF RAMP-UP-THREADS OUTPUT***

KP: 768: pinned new thread to CPU=0x0
KP: 768: sleeping to allow threads enough time
KP: 768: waking up from sleep (0)
For multithreaded run ramp r:39-w:18-u:42-d:1
	 624056 total ops (368495 puts + 249272 gets + 6289 dels)
	 2000000 in runtime (usecs) = 2 secs = 0.312028 ops/usec
	 184247.500000 op/sec put throughput (all threads)
	 124636.000000 op/sec get throughput (all threads)
	 3144.500000 op/sec del throughput (all threads)
	 312028.000000 op/sec total throughput (all threads)
	 Conflicts in worker thread: 0 (of 183 commits)
	 Errors in worker thread: 0
	 Put errors: 0, Del errors: 0, Get errors: 0
***END OF RAMP-UP-THREADS OUTPUT***

KP: 768: pinned new thread to CPU=0x0
KP: 768: sleeping to allow threads enough time
KP: 768: waking up from sleep (0)
For multithreaded run ramp r:59-w:12-u:28-d:1
	 854816 total ops (334089 puts + 512122 gets + 8605 dels)
	 2000000 in runtime (usecs) = 2 secs = 0.427408 ops/usec
	 167044.500000 op/sec put throughput (all threads)
	 256061.000000 op/sec get throughput (all threads)
	 4302.500000 op/sec del throughput (all threads)
	 427408.000000 op/sec total throughput (all threads)
	 Conflicts in worker thread: 0 (of 168 commits)
	 Errors in worker thread: 0
	 Put errors: 0, Del errors: 0, Get errors: 0
***END OF RAMP-UP-THREADS OUTPUT***

KP: 768: pinned new thread to CPU=0x0
KP: 768: sleeping to allow threads enough time
KP: 768: waking up from sleep (0)
For multithreaded run ramp r:79-w:6-u:14-d:1
	 1385407 total ops (263676 puts + 1107785 gets + 13946 dels)
	 2000000 in runtime (usecs) = 2 secs = 0.692703 ops/usec
	 131838.000000 op/sec put throughput (all threads)
	 553892.500000 op/sec get throughput (all threads)
	 6973.000000 op/sec del throughput (all threads)
	 692703.500000 op/sec total throughput (all threads)
	 Conflicts in worker thread: 0 (of 136 commits)
	 Errors in worker thread: 0
	 Put errors: 0, Del errors: 0, Get errors: 0
***END OF RAMP-UP-THREADS OUTPUT***

KP: 768: pinned new thread to CPU=0x0
KP: 768: sleeping to allow threads enough time
KP: 768: waking up from sleep (0)
For multithreaded run ramp r:99-w:0-u:0-d:1
	 3558388 total ops (0 puts + 3522066 gets + 36322 dels)
	 2000000 in runtime (usecs) = 2 secs = 1.779194 ops/usec
	 0.000000 op/sec put throughput (all threads)
	 1761033.000000 op/sec get throughput (all threads)
	 18161.000000 op/sec del throughput (all threads)
	 1779194.000000 op/sec total throughput (all threads)
	 Conflicts in worker thread: 0 (of 18 commits)
	 Errors in worker thread: 0
	 Put errors: 0, Del errors: 0, Get errors: 0
***END OF RAMP-UP-THREADS OUTPUT***

***CONCLUDING THREAD EVALUATION***
