KP: 1856: Using 16 for local hash table size (same as merge frequency), 1610000 for master hash table size
KP: 1856: Total memory allocation size (just evaluation, not kv stores themselves) could be up to 0 bytes (0 MB)
Will create 1610000 random integers for each child thread
Now starting evaluation for key-value store: kp_kvstore
On 16 cores
Running on storage platform: disk
Starting single-threaded tests

*** BEGINING SINGLE THREADED TESTS***

***NOW DOING LATENCY TEST ON INDIVIDUAL FUNCTIONS ***
For put-insert: 
	 time elapsed 0:103826 (sec:usec) = 103826 usecs 
	 iterations 10000 (merge every 8 -> 1250 merges)
	 average cost 10.382600 usecs
	 Conflicts: 0 (of 1249 commits)

For put-append: 
	 time elapsed 0:220859 (sec:usec) = 220859 usecs 
	 iterations 30000 (merge every 8 -> 3750 merges)
	 average cost 7.361967 usecs
	 Conflicts: 0 (of 3747 commits)

For get: 
	 time elapsed 0:25200 (sec:usec) = 25200 usecs 
	 iterations 30000 (merge every 8 -> 3750 merges)
	 average cost 0.840000 usecs
	 Conflicts: 0 (of 0 commits)

For delete: 
	 time elapsed 0:201131 (sec:usec) = 201131 usecs 
	 iterations 30000 (merge every 8 -> 3750 merges)
	 average cost 6.704367 usecs
	 Conflicts: 0 (of 3747 commits)


*** CONCLUDING SINGLE THREADED TESTS***

Starting multi-threaded tests: num_threads=1, NUM_CPUS=16
KP: 1856: pinned new thread to CPU=0x0
KP: 1856: sleeping to allow threads enough time
KP: 1856: waking up from sleep (0)
For multithreaded run ramp r:-1-w:30-u:70-d:1
	 408080 total ops (404014 puts + 0 gets + 4066 dels)
	 2000000 in runtime (usecs) = 2 secs = 0.204040 ops/usec
	 202007.000000 op/sec put throughput (all threads)
	 0.000000 op/sec get throughput (all threads)
	 2032.999878 op/sec del throughput (all threads)
	 204040.000000 op/sec total throughput (all threads)
	 Conflicts in worker thread: 0 (of 51010 commits)
	 Errors in worker thread: 0
	 Put errors: 0, Del errors: 0, Get errors: 0
***END OF RAMP-UP-THREADS OUTPUT***

KP: 1856: pinned new thread to CPU=0x0
KP: 1856: sleeping to allow threads enough time
KP: 1856: waking up from sleep (0)
For multithreaded run ramp r:19-w:24-u:56-d:1
	 488971 total ops (386315 puts + 97755 gets + 4901 dels)
	 2000000 in runtime (usecs) = 2 secs = 0.244485 ops/usec
	 193157.500000 op/sec put throughput (all threads)
	 48877.500000 op/sec get throughput (all threads)
	 2450.500000 op/sec del throughput (all threads)
	 244485.500000 op/sec total throughput (all threads)
	 Conflicts in worker thread: 0 (of 48902 commits)
	 Errors in worker thread: 0
	 Put errors: 0, Del errors: 0, Get errors: 0
***END OF RAMP-UP-THREADS OUTPUT***

KP: 1856: pinned new thread to CPU=0x0
KP: 1856: sleeping to allow threads enough time
KP: 1856: waking up from sleep (0)
For multithreaded run ramp r:39-w:18-u:42-d:1
	 617821 total ops (365268 puts + 246381 gets + 6172 dels)
	 2000000 in runtime (usecs) = 2 secs = 0.308910 ops/usec
	 182634.000000 op/sec put throughput (all threads)
	 123190.500000 op/sec get throughput (all threads)
	 3086.000244 op/sec del throughput (all threads)
	 308910.500000 op/sec total throughput (all threads)
	 Conflicts in worker thread: 0 (of 46430 commits)
	 Errors in worker thread: 0
	 Put errors: 0, Del errors: 0, Get errors: 0
***END OF RAMP-UP-THREADS OUTPUT***

KP: 1856: pinned new thread to CPU=0x0
KP: 1856: sleeping to allow threads enough time
KP: 1856: waking up from sleep (0)
For multithreaded run ramp r:59-w:12-u:28-d:1
	 842155 total ops (329062 puts + 504651 gets + 8442 dels)
	 2000000 in runtime (usecs) = 2 secs = 0.421077 ops/usec
	 164531.000000 op/sec put throughput (all threads)
	 252325.500000 op/sec get throughput (all threads)
	 4221.000000 op/sec del throughput (all threads)
	 421077.500000 op/sec total throughput (all threads)
	 Conflicts in worker thread: 0 (of 42188 commits)
	 Errors in worker thread: 0
	 Put errors: 0, Del errors: 0, Get errors: 0
***END OF RAMP-UP-THREADS OUTPUT***

KP: 1856: pinned new thread to CPU=0x0
KP: 1856: sleeping to allow threads enough time
KP: 1856: waking up from sleep (0)
For multithreaded run ramp r:79-w:6-u:14-d:1
	 1337018 total ops (253325 puts + 1070210 gets + 13483 dels)
	 2000000 in runtime (usecs) = 2 secs = 0.668509 ops/usec
	 126662.500000 op/sec put throughput (all threads)
	 535105.000000 op/sec get throughput (all threads)
	 6741.500000 op/sec del throughput (all threads)
	 668509.000000 op/sec total throughput (all threads)
	 Conflicts in worker thread: 0 (of 33351 commits)
	 Errors in worker thread: 0
	 Put errors: 0, Del errors: 0, Get errors: 0
***END OF RAMP-UP-THREADS OUTPUT***

KP: 1856: pinned new thread to CPU=0x0
KP: 1856: sleeping to allow threads enough time
KP: 1856: waking up from sleep (0)
For multithreaded run ramp r:99-w:0-u:0-d:1
	 3273386 total ops (0 puts + 3241741 gets + 31645 dels)
	 2000000 in runtime (usecs) = 2 secs = 1.636693 ops/usec
	 0.000000 op/sec put throughput (all threads)
	 1620870.500000 op/sec get throughput (all threads)
	 15822.500000 op/sec del throughput (all threads)
	 1636693.000000 op/sec total throughput (all threads)
	 Conflicts in worker thread: 0 (of 3956 commits)
	 Errors in worker thread: 0
	 Put errors: 0, Del errors: 0, Get errors: 0
***END OF RAMP-UP-THREADS OUTPUT***

***CONCLUDING THREAD EVALUATION***
