KP: 528: Using 16 for local hash table size (same as merge frequency), 1610000 for master hash table size
KP: 528: Total memory allocation size (just evaluation, not kv stores themselves) could be up to 0 bytes (0 MB)
Will create 1610000 random integers for each child thread
Now starting evaluation for key-value store: Masstree
On 16 cores
Running on storage platform: disk
Starting single-threaded tests

*** BEGINING SINGLE THREADED TESTS***

***NOW DOING LATENCY TEST ON INDIVIDUAL FUNCTIONS ***
For put-insert: 
	 time elapsed 0:1961 (sec:usec) = 1961 usecs 
	 iterations 4 (merge every 8 -> 0 merges)
	 average cost 490.250000 usecs
	 Conflicts: 0 (of 1 commits)

For put-append: 
	 time elapsed 0:1174 (sec:usec) = 1174 usecs 
	 iterations 12 (merge every 8 -> 1 merges)
	 average cost 97.833336 usecs
	 Conflicts: 0 (of 3 commits)

For get: 
	 time elapsed 0:17 (sec:usec) = 17 usecs 
	 iterations 12 (merge every 8 -> 1 merges)
	 average cost 1.416667 usecs
	 Conflicts: 0 (of 0 commits)

For delete: 
	 time elapsed 0:16 (sec:usec) = 16 usecs 
	 iterations 12 (merge every 8 -> 1 merges)
	 average cost 1.333333 usecs
	 Conflicts: 0 (of 3 commits)


*** CONCLUDING SINGLE THREADED TESTS***

Starting multi-threaded tests: num_threads=1, NUM_CPUS=16
KP: 528: pinned new thread to CPU=0x0
KP: 528: sleeping to allow threads enough time
KP: 528: waking up from sleep (0)
For multithreaded run ramp r:-1-w:30-u:70-d:1
	 23141 total ops (22921 puts + 0 gets + 220 dels)
	 2000000 in runtime (usecs) = 2 secs = 0.011571 ops/usec
	 11460.500000 op/sec put throughput (all threads)
	 0.000000 op/sec get throughput (all threads)
	 110.000000 op/sec del throughput (all threads)
	 11570.500000 op/sec total throughput (all threads)
	 Conflicts in worker thread: 0 (of 2893 commits)
	 Errors in worker thread: 0
	 Put errors: 0, Del errors: 0, Get errors: 0
***END OF RAMP-UP-THREADS OUTPUT***

KP: 528: pinned new thread to CPU=0x0
KP: 528: sleeping to allow threads enough time
KP: 528: pinned new thread to CPU=0x0
KP: 528: sleeping to allow threads enough time
KP: 528: pinned new thread to CPU=0x0
KP: 528: sleeping to allow threads enough time
KP: 528: pinned new thread to CPU=0x0
KP: 528: sleeping to allow threads enough time
KP: 528: pinned new thread to CPU=0x0
KP: 528: sleeping to allow threads enough time
KP: 528: waking up from sleep (0)
For multithreaded run ramp r:99-w:0-u:0-d:1
	 2954450 total ops (0 puts + 2925362 gets + 29088 dels)
	 2000000 in runtime (usecs) = 2 secs = 1.477225 ops/usec
	 0.000000 op/sec put throughput (all threads)
	 1462681.000000 op/sec get throughput (all threads)
	 14544.000000 op/sec del throughput (all threads)
	 1477225.000000 op/sec total throughput (all threads)
	 Conflicts in worker thread: 0 (of 3636 commits)
	 Errors in worker thread: 0
	 Put errors: 0, Del errors: 0, Get errors: 0
***END OF RAMP-UP-THREADS OUTPUT***

***CONCLUDING THREAD EVALUATION***
KP: 2080: Using 16 for local hash table size (same as merge frequency), 1610000 for master hash table size
KP: 2080: Total memory allocation size (just evaluation, not kv stores themselves) could be up to 0 bytes (0 MB)
Will create 1610000 random integers for each child thread
Now starting evaluation for key-value store: Masstree
On 16 cores
Running on storage platform: disk
Starting single-threaded tests

*** BEGINING SINGLE THREADED TESTS***

***NOW DOING LATENCY TEST ON INDIVIDUAL FUNCTIONS ***
For put-insert: 
	 time elapsed 0:3105 (sec:usec) = 3105 usecs 
	 iterations 16 (merge every 8 -> 2 merges)
	 average cost 194.062500 usecs
	 Conflicts: 0 (of 1 commits)

For put-append: 
	 time elapsed 0:4740 (sec:usec) = 4740 usecs 
	 iterations 48 (merge every 8 -> 6 merges)
	 average cost 98.750000 usecs
	 Conflicts: 0 (of 3 commits)

For get: 
	 time elapsed 0:43 (sec:usec) = 43 usecs 
	 iterations 48 (merge every 8 -> 6 merges)
	 average cost 0.895833 usecs
	 Conflicts: 0 (of 0 commits)

For delete: 
	 time elapsed 0:48 (sec:usec) = 48 usecs 
	 iterations 48 (merge every 8 -> 6 merges)
	 average cost 1.000000 usecs
	 Conflicts: 0 (of 3 commits)


*** CONCLUDING SINGLE THREADED TESTS***

Starting multi-threaded tests: num_threads=1, NUM_CPUS=16
KP: 2080: pinned new thread to CPU=0x0
KP: 2080: sleeping to allow threads enough time
KP: 2080: waking up from sleep (0)
For multithreaded run ramp r:-1-w:30-u:70-d:1
	 23312 total ops (23070 puts + 0 gets + 242 dels)
	 2000000 in runtime (usecs) = 2 secs = 0.011656 ops/usec
	 11535.000000 op/sec put throughput (all threads)
	 0.000000 op/sec get throughput (all threads)
	 121.000000 op/sec del throughput (all threads)
	 11656.000000 op/sec total throughput (all threads)
	 Conflicts in worker thread: 0 (of 2914 commits)
	 Errors in worker thread: 0
	 Put errors: 0, Del errors: 0, Get errors: 0
***END OF RAMP-UP-THREADS OUTPUT***

KP: 2080: pinned new thread to CPU=0x0
KP: 2080: sleeping to allow threads enough time
KP: 2080: pinned new thread to CPU=0x0
KP: 2080: sleeping to allow threads enough time
KP: 2080: pinned new thread to CPU=0x0
KP: 2080: sleeping to allow threads enough time
KP: 2080: pinned new thread to CPU=0x0
KP: 2080: sleeping to allow threads enough time
KP: 2080: pinned new thread to CPU=0x0
KP: 2080: sleeping to allow threads enough time
KP: 2080: waking up from sleep (0)
For multithreaded run ramp r:99-w:0-u:0-d:1
	 2956646 total ops (0 puts + 2926769 gets + 29877 dels)
	 2000000 in runtime (usecs) = 2 secs = 1.478323 ops/usec
	 0.000000 op/sec put throughput (all threads)
	 1463384.500000 op/sec get throughput (all threads)
	 14938.500000 op/sec del throughput (all threads)
	 1478323.000000 op/sec total throughput (all threads)
	 Conflicts in worker thread: 0 (of 3735 commits)
	 Errors in worker thread: 0
	 Put errors: 0, Del errors: 0, Get errors: 0
***END OF RAMP-UP-THREADS OUTPUT***

***CONCLUDING THREAD EVALUATION***
KP: 7200: Using 16 for local hash table size (same as merge frequency), 1610000 for master hash table size
KP: 7200: Total memory allocation size (just evaluation, not kv stores themselves) could be up to 0 bytes (0 MB)
Will create 1610000 random integers for each child thread
Now starting evaluation for key-value store: Masstree
On 16 cores
Running on storage platform: disk
Starting single-threaded tests

*** BEGINING SINGLE THREADED TESTS***

***NOW DOING LATENCY TEST ON INDIVIDUAL FUNCTIONS ***
For put-insert: 
	 time elapsed 4:776535 (sec:usec) = 4776535 usecs 
	 iterations 50000 (merge every 8 -> 6250 merges)
	 average cost 95.530701 usecs
	 Conflicts: 0 (of 6249 commits)

For put-append: 
	 time elapsed 14:358084 (sec:usec) = 14358084 usecs 
	 iterations 150000 (merge every 8 -> 18750 merges)
	 average cost 95.720558 usecs
	 Conflicts: 0 (of 18747 commits)

For get: 
	 time elapsed 0:128820 (sec:usec) = 128820 usecs 
	 iterations 150000 (merge every 8 -> 18750 merges)
	 average cost 0.858800 usecs
	 Conflicts: 0 (of 0 commits)

For delete: 
	 time elapsed 0:108859 (sec:usec) = 108859 usecs 
	 iterations 150000 (merge every 8 -> 18750 merges)
	 average cost 0.725727 usecs
	 Conflicts: 0 (of 18747 commits)


*** CONCLUDING SINGLE THREADED TESTS***

Starting multi-threaded tests: num_threads=1, NUM_CPUS=16
KP: 7200: pinned new thread to CPU=0x0
KP: 7200: sleeping to allow threads enough time
KP: 7200: waking up from sleep (0)
For multithreaded run ramp r:-1-w:30-u:70-d:1
	 23195 total ops (22962 puts + 0 gets + 233 dels)
	 2000000 in runtime (usecs) = 2 secs = 0.011598 ops/usec
	 11481.000000 op/sec put throughput (all threads)
	 0.000000 op/sec get throughput (all threads)
	 116.500000 op/sec del throughput (all threads)
	 11597.500000 op/sec total throughput (all threads)
	 Conflicts in worker thread: 0 (of 2900 commits)
	 Errors in worker thread: 0
	 Put errors: 0, Del errors: 0, Get errors: 0
***END OF RAMP-UP-THREADS OUTPUT***

KP: 7200: pinned new thread to CPU=0x0
KP: 7200: sleeping to allow threads enough time
KP: 7200: pinned new thread to CPU=0x0
KP: 7200: sleeping to allow threads enough time
KP: 7200: pinned new thread to CPU=0x0
KP: 7200: sleeping to allow threads enough time
KP: 7200: pinned new thread to CPU=0x0
KP: 7200: sleeping to allow threads enough time
KP: 7200: pinned new thread to CPU=0x0
KP: 7200: sleeping to allow threads enough time
KP: 7200: waking up from sleep (0)
For multithreaded run ramp r:99-w:0-u:0-d:1
	 2953632 total ops (0 puts + 2923839 gets + 29793 dels)
	 2000000 in runtime (usecs) = 2 secs = 1.476816 ops/usec
	 0.000000 op/sec put throughput (all threads)
	 1461919.500000 op/sec get throughput (all threads)
	 14896.500000 op/sec del throughput (all threads)
	 1476816.000000 op/sec total throughput (all threads)
	 Conflicts in worker thread: 0 (of 3725 commits)
	 Errors in worker thread: 0
	 Put errors: 0, Del errors: 0, Get errors: 0
***END OF RAMP-UP-THREADS OUTPUT***

***CONCLUDING THREAD EVALUATION***
