KP: 5312: Using 16 for local hash table size (same as merge frequency), 1610000 for master hash table size
KP: 5312: Total memory allocation size (just evaluation, not kv stores themselves) could be up to 0 bytes (0 MB)
Will create 1610000 random integers for each child thread
Now starting evaluation for key-value store: kp_kvstore
On 16 cores
Running on storage platform: disk
Starting single-threaded tests

*** BEGINING SINGLE THREADED TESTS***

***NOW DOING LATENCY TEST ON INDIVIDUAL FUNCTIONS ***
For put-insert: 
	 time elapsed 0:43817 (sec:usec) = 43817 usecs 
	 iterations 10000 (merge every 8 -> 1250 merges)
	 average cost 4.381700 usecs
	 Conflicts: 0 (of 1249 commits)

For put-append: 
	 time elapsed 0:128046 (sec:usec) = 128046 usecs 
	 iterations 30000 (merge every 8 -> 3750 merges)
	 average cost 4.268200 usecs
	 Conflicts: 0 (of 3747 commits)

For get: 
	 time elapsed 0:105703 (sec:usec) = 105703 usecs 
	 iterations 30000 (merge every 8 -> 3750 merges)
	 average cost 3.523433 usecs
	 Conflicts: 0 (of 0 commits)

For delete: 
	 time elapsed 0:80203 (sec:usec) = 80203 usecs 
	 iterations 30000 (merge every 8 -> 3750 merges)
	 average cost 2.673433 usecs
	 Conflicts: 0 (of 3747 commits)


*** CONCLUDING SINGLE THREADED TESTS***

Starting multi-threaded tests: num_threads=1, NUM_CPUS=16
KP: 5312: pinned new thread to CPU=0x0
KP: 5312: sleeping to allow threads enough time
KP: 5312: waking up from sleep (0)
For multithreaded run ramp r:-1-w:30-u:70-d:1
	 822240 total ops (814272 puts + 0 gets + 7968 dels)
	 2000000 in runtime (usecs) = 2 secs = 0.411120 ops/usec
	 407136.000000 op/sec put throughput (all threads)
	 0.000000 op/sec get throughput (all threads)
	 3984.000000 op/sec del throughput (all threads)
	 411120.000000 op/sec total throughput (all threads)
	 Conflicts in worker thread: 0 (of 102780 commits)
	 Errors in worker thread: 0
	 Put errors: 0, Del errors: 0, Get errors: 0
***END OF RAMP-UP-THREADS OUTPUT***

KP: 5312: pinned new thread to CPU=0x0
KP: 5312: sleeping to allow threads enough time
KP: 5312: waking up from sleep (0)
For multithreaded run ramp r:19-w:24-u:56-d:1
	 912464 total ops (720974 puts + 182488 gets + 9002 dels)
	 2000000 in runtime (usecs) = 2 secs = 0.456232 ops/usec
	 360487.000000 op/sec put throughput (all threads)
	 91244.000000 op/sec get throughput (all threads)
	 4501.000000 op/sec del throughput (all threads)
	 456232.000000 op/sec total throughput (all threads)
	 Conflicts in worker thread: 0 (of 91247 commits)
	 Errors in worker thread: 0
	 Put errors: 0, Del errors: 0, Get errors: 0
***END OF RAMP-UP-THREADS OUTPUT***

KP: 5312: pinned new thread to CPU=0x0
KP: 5312: sleeping to allow threads enough time
KP: 5312: waking up from sleep (0)
For multithreaded run ramp r:39-w:18-u:42-d:1
	 1051289 total ops (620128 puts + 420705 gets + 10456 dels)
	 2000000 in runtime (usecs) = 2 secs = 0.525644 ops/usec
	 310064.000000 op/sec put throughput (all threads)
	 210352.500000 op/sec get throughput (all threads)
	 5228.000488 op/sec del throughput (all threads)
	 525644.500000 op/sec total throughput (all threads)
	 Conflicts in worker thread: 0 (of 78823 commits)
	 Errors in worker thread: 0
	 Put errors: 0, Del errors: 0, Get errors: 0
***END OF RAMP-UP-THREADS OUTPUT***

KP: 5312: pinned new thread to CPU=0x0
KP: 5312: sleeping to allow threads enough time
KP: 5312: waking up from sleep (0)
For multithreaded run ramp r:59-w:12-u:28-d:1
	 1256285 total ops (489966 puts + 753750 gets + 12569 dels)
	 2000000 in runtime (usecs) = 2 secs = 0.628142 ops/usec
	 244983.000000 op/sec put throughput (all threads)
	 376875.000000 op/sec get throughput (all threads)
	 6284.500000 op/sec del throughput (all threads)
	 628142.500000 op/sec total throughput (all threads)
	 Conflicts in worker thread: 0 (of 62817 commits)
	 Errors in worker thread: 0
	 Put errors: 0, Del errors: 0, Get errors: 0
***END OF RAMP-UP-THREADS OUTPUT***

KP: 5312: pinned new thread to CPU=0x0
KP: 5312: sleeping to allow threads enough time
KP: 5312: waking up from sleep (0)
For multithreaded run ramp r:79-w:6-u:14-d:1
	 1567241 total ops (298080 puts + 1253465 gets + 15696 dels)
	 2000000 in runtime (usecs) = 2 secs = 0.783620 ops/usec
	 149040.000000 op/sec put throughput (all threads)
	 626732.500000 op/sec get throughput (all threads)
	 7848.000000 op/sec del throughput (all threads)
	 783620.500000 op/sec total throughput (all threads)
	 Conflicts in worker thread: 0 (of 39222 commits)
	 Errors in worker thread: 0
	 Put errors: 0, Del errors: 0, Get errors: 0
***END OF RAMP-UP-THREADS OUTPUT***

KP: 5312: pinned new thread to CPU=0x0
KP: 5312: sleeping to allow threads enough time
KP: 5312: waking up from sleep (0)
For multithreaded run ramp r:99-w:0-u:0-d:1
	 2352833 total ops (0 puts + 2328901 gets + 23932 dels)
	 2000000 in runtime (usecs) = 2 secs = 1.176417 ops/usec
	 0.000000 op/sec put throughput (all threads)
	 1164450.500000 op/sec get throughput (all threads)
	 11966.000000 op/sec del throughput (all threads)
	 1176416.500000 op/sec total throughput (all threads)
	 Conflicts in worker thread: 0 (of 2992 commits)
	 Errors in worker thread: 0
	 Put errors: 0, Del errors: 0, Get errors: 0
***END OF RAMP-UP-THREADS OUTPUT***

***CONCLUDING THREAD EVALUATION***
