KP: 9120: Using 16 for local hash table size (same as merge frequency), 1610000 for master hash table size
KP: 9120: Total memory allocation size (just evaluation, not kv stores themselves) could be up to 0 bytes (0 MB)
Will create 805000 random integers for each child thread
Now starting evaluation for key-value store: kp_kvstore
On 16 cores
Running on storage platform: disk
Starting single-threaded tests

*** BEGINING SINGLE THREADED TESTS***

***NOW DOING LATENCY TEST ON INDIVIDUAL FUNCTIONS ***
For put-insert: 
	 time elapsed 0:35272 (sec:usec) = 35272 usecs 
	 iterations 10000 (merge every 8 -> 1250 merges)
	 average cost 3.527200 usecs
	 Conflicts: 0 (of 1249 commits)

For put-append: 
	 time elapsed 0:101866 (sec:usec) = 101866 usecs 
	 iterations 30000 (merge every 8 -> 3750 merges)
	 average cost 3.395533 usecs
	 Conflicts: 0 (of 3747 commits)

For get: 
	 time elapsed 0:89693 (sec:usec) = 89693 usecs 
	 iterations 30000 (merge every 8 -> 3750 merges)
	 average cost 2.989767 usecs
	 Conflicts: 0 (of 0 commits)

For delete: 
	 time elapsed 0:59648 (sec:usec) = 59648 usecs 
	 iterations 30000 (merge every 8 -> 3750 merges)
	 average cost 1.988267 usecs
	 Conflicts: 0 (of 3747 commits)


*** CONCLUDING SINGLE THREADED TESTS***

Starting multi-threaded tests: num_threads=2, NUM_CPUS=16
KP: 9120: pinned new thread to CPU=0x0
KP: 9120: pinned new thread to CPU=0x1
KP: 9120: sleeping to allow threads enough time
KP: 9120: waking up from sleep (0)
For multithreaded run ramp r:-1-w:30-u:70-d:1
	 1679943 total ops (1663244 puts + 0 gets + 16699 dels)
	 2000000 in runtime (usecs) = 2 secs = 0.839971 ops/usec
	 831622.000000 op/sec put throughput (all threads)
	 0.000000 op/sec get throughput (all threads)
	 8349.500000 op/sec del throughput (all threads)
	 839971.500000 op/sec total throughput (all threads)
	 Conflicts in worker thread: 101747 (of 209993 commits)
	 Errors in worker thread: 0
	 Put errors: 0, Del errors: 0, Get errors: 0
***END OF RAMP-UP-THREADS OUTPUT***

KP: 9120: pinned new thread to CPU=0x0
KP: 9120: pinned new thread to CPU=0x1
KP: 9120: sleeping to allow threads enough time
KP: 9120: waking up from sleep (0)
For multithreaded run ramp r:19-w:24-u:56-d:1
	 1890311 total ops (1493444 puts + 378373 gets + 18494 dels)
	 2000000 in runtime (usecs) = 2 secs = 0.945156 ops/usec
	 746721.937500 op/sec put throughput (all threads)
	 189186.500000 op/sec get throughput (all threads)
	 9247.000000 op/sec del throughput (all threads)
	 945155.500000 op/sec total throughput (all threads)
	 Conflicts in worker thread: 91953 (of 188993 commits)
	 Errors in worker thread: 0
	 Put errors: 0, Del errors: 0, Get errors: 0
***END OF RAMP-UP-THREADS OUTPUT***

KP: 9120: pinned new thread to CPU=0x0
KP: 9120: pinned new thread to CPU=0x1
KP: 9120: sleeping to allow threads enough time
KP: 9120: waking up from sleep (0)
For multithreaded run ramp r:39-w:18-u:42-d:1
	 2236138 total ops (1320044 puts + 893977 gets + 22117 dels)
	 2000000 in runtime (usecs) = 2 secs = 1.118069 ops/usec
	 660022.000000 op/sec put throughput (all threads)
	 446988.500000 op/sec get throughput (all threads)
	 11058.500000 op/sec del throughput (all threads)
	 1118069.000000 op/sec total throughput (all threads)
	 Conflicts in worker thread: 81803 (of 167771 commits)
	 Errors in worker thread: 0
	 Put errors: 0, Del errors: 0, Get errors: 0
***END OF RAMP-UP-THREADS OUTPUT***

KP: 9120: pinned new thread to CPU=0x0
KP: 9120: pinned new thread to CPU=0x1
KP: 9120: sleeping to allow threads enough time
KP: 9120: waking up from sleep (0)
For multithreaded run ramp r:59-w:12-u:28-d:1
	 2753040 total ops (1074138 puts + 1651602 gets + 27300 dels)
	 2000000 in runtime (usecs) = 2 secs = 1.376520 ops/usec
	 537069.000000 op/sec put throughput (all threads)
	 825801.000000 op/sec get throughput (all threads)
	 13650.000000 op/sec del throughput (all threads)
	 1376520.000000 op/sec total throughput (all threads)
	 Conflicts in worker thread: 67072 (of 137680 commits)
	 Errors in worker thread: 0
	 Put errors: 0, Del errors: 0, Get errors: 0
***END OF RAMP-UP-THREADS OUTPUT***

KP: 9120: pinned new thread to CPU=0x0
KP: 9120: pinned new thread to CPU=0x1
KP: 9120: sleeping to allow threads enough time
KP: 9120: waking up from sleep (0)
For multithreaded run ramp r:79-w:6-u:14-d:1
	 3595515 total ops (683976 puts + 2875940 gets + 35599 dels)
	 2000000 in runtime (usecs) = 2 secs = 1.797758 ops/usec
	 341988.031250 op/sec put throughput (all threads)
	 1437970.000000 op/sec get throughput (all threads)
	 17799.500000 op/sec del throughput (all threads)
	 1797757.500000 op/sec total throughput (all threads)
	 Conflicts in worker thread: 43324 (of 89947 commits)
	 Errors in worker thread: 0
	 Put errors: 0, Del errors: 0, Get errors: 0
***END OF RAMP-UP-THREADS OUTPUT***

KP: 9120: pinned new thread to CPU=0x0
KP: 9120: pinned new thread to CPU=0x1
KP: 9120: sleeping to allow threads enough time
KP: 9120: waking up from sleep (0)
For multithreaded run ramp r:99-w:0-u:0-d:1
	 5725874 total ops (0 puts + 5669410 gets + 56464 dels)
	 2000000 in runtime (usecs) = 2 secs = 2.862937 ops/usec
	 0.000000 op/sec put throughput (all threads)
	 2834705.000000 op/sec get throughput (all threads)
	 28232.000000 op/sec del throughput (all threads)
	 2862937.000000 op/sec total throughput (all threads)
	 Conflicts in worker thread: 3161 (of 7059 commits)
	 Errors in worker thread: 0
	 Put errors: 0, Del errors: 0, Get errors: 0
***END OF RAMP-UP-THREADS OUTPUT***

***CONCLUDING THREAD EVALUATION***
