KP: 4512: Using 16 for local hash table size (same as merge frequency), 1610000 for master hash table size
KP: 4512: Total memory allocation size (just evaluation, not kv stores themselves) could be up to 0 bytes (0 MB)
Will create 1610000 random integers for each child thread
Now starting evaluation for key-value store: Masstree
On 16 cores
Running on storage platform: disk
Starting single-threaded tests

*** BEGINING SINGLE THREADED TESTS***

***NOW DOING LATENCY TEST ON INDIVIDUAL FUNCTIONS ***
For put-insert: 
	 time elapsed 0:18448 (sec:usec) = 18448 usecs 
	 iterations 10000 (merge every 8 -> 1250 merges)
	 average cost 1.844800 usecs
	 Conflicts: 0 (of 1249 commits)

For put-append: 
	 time elapsed 0:53155 (sec:usec) = 53155 usecs 
	 iterations 30000 (merge every 8 -> 3750 merges)
	 average cost 1.771833 usecs
	 Conflicts: 0 (of 3747 commits)

For get: 
	 time elapsed 0:21160 (sec:usec) = 21160 usecs 
	 iterations 30000 (merge every 8 -> 3750 merges)
	 average cost 0.705333 usecs
	 Conflicts: 0 (of 0 commits)

For delete: 
	 time elapsed 0:20674 (sec:usec) = 20674 usecs 
	 iterations 30000 (merge every 8 -> 3750 merges)
	 average cost 0.689133 usecs
	 Conflicts: 0 (of 3747 commits)


*** CONCLUDING SINGLE THREADED TESTS***

Starting multi-threaded tests: num_threads=1, NUM_CPUS=16
KP: 4512: pinned new thread to CPU=0x0
KP: 4512: sleeping to allow threads enough time
KP: 4512: waking up from sleep (0)
For multithreaded run ramp r:-1-w:30-u:70-d:1
	 1231338 total ops (1219191 puts + 0 gets + 12147 dels)
	 2000000 in runtime (usecs) = 2 secs = 0.615669 ops/usec
	 609595.500000 op/sec put throughput (all threads)
	 0.000000 op/sec get throughput (all threads)
	 6073.500000 op/sec del throughput (all threads)
	 615669.000000 op/sec total throughput (all threads)
	 Conflicts in worker thread: 0 (of 153918 commits)
	 Errors in worker thread: 0
	 Put errors: 0, Del errors: 0, Get errors: 0
***END OF RAMP-UP-THREADS OUTPUT***

KP: 4512: pinned new thread to CPU=0x0
KP: 4512: sleeping to allow threads enough time
KP: 4512: pinned new thread to CPU=0x0
KP: 4512: sleeping to allow threads enough time
KP: 4512: pinned new thread to CPU=0x0
KP: 4512: sleeping to allow threads enough time
KP: 4512: pinned new thread to CPU=0x0
KP: 4512: sleeping to allow threads enough time
KP: 4512: pinned new thread to CPU=0x0
KP: 4512: sleeping to allow threads enough time
KP: 4512: waking up from sleep (0)
For multithreaded run ramp r:99-w:0-u:0-d:1
	 2849304 total ops (0 puts + 2821236 gets + 28068 dels)
	 2000000 in runtime (usecs) = 2 secs = 1.424652 ops/usec
	 0.000000 op/sec put throughput (all threads)
	 1410618.000000 op/sec get throughput (all threads)
	 14034.000000 op/sec del throughput (all threads)
	 1424652.000000 op/sec total throughput (all threads)
	 Conflicts in worker thread: 0 (of 3509 commits)
	 Errors in worker thread: 0
	 Put errors: 0, Del errors: 0, Get errors: 0
***END OF RAMP-UP-THREADS OUTPUT***

***CONCLUDING THREAD EVALUATION***
