KP: 6608: Using 16 for local hash table size (same as merge frequency), 1610000 for master hash table size
KP: 6608: Total memory allocation size (just evaluation, not kv stores themselves) could be up to 0 bytes (0 MB)
Will create 1610000 random integers for each child thread
Now starting evaluation for key-value store: Masstree
On 16 cores
Running on storage platform: disk
Starting single-threaded tests

*** BEGINING SINGLE THREADED TESTS***

***NOW DOING LATENCY TEST ON INDIVIDUAL FUNCTIONS ***
For put-insert: 
	 time elapsed 0:10351 (sec:usec) = 10351 usecs 
	 iterations 10000 (merge every 8 -> 1250 merges)
	 average cost 1.035100 usecs
	 Conflicts: 0 (of 1249 commits)

For put-append: 
	 time elapsed 0:28062 (sec:usec) = 28062 usecs 
	 iterations 30000 (merge every 8 -> 3750 merges)
	 average cost 0.935400 usecs
	 Conflicts: 0 (of 3747 commits)

For get: 
	 time elapsed 0:20870 (sec:usec) = 20870 usecs 
	 iterations 30000 (merge every 8 -> 3750 merges)
	 average cost 0.695667 usecs
	 Conflicts: 0 (of 0 commits)

For delete: 
	 time elapsed 0:20786 (sec:usec) = 20786 usecs 
	 iterations 30000 (merge every 8 -> 3750 merges)
	 average cost 0.692867 usecs
	 Conflicts: 0 (of 3747 commits)


*** CONCLUDING SINGLE THREADED TESTS***

Starting multi-threaded tests: num_threads=1, NUM_CPUS=16
KP: 6608: pinned new thread to CPU=0x0
KP: 6608: sleeping to allow threads enough time
KP: 6608: waking up from sleep (0)
For multithreaded run ramp r:-1-w:30-u:70-d:1
	 2142357 total ops (2121134 puts + 0 gets + 21223 dels)
	 2000000 in runtime (usecs) = 2 secs = 1.071179 ops/usec
	 1060567.000000 op/sec put throughput (all threads)
	 0.000000 op/sec get throughput (all threads)
	 10611.500000 op/sec del throughput (all threads)
	 1071178.500000 op/sec total throughput (all threads)
	 Conflicts in worker thread: 0 (of 267795 commits)
	 Errors in worker thread: 0
	 Put errors: 0, Del errors: 0, Get errors: 0
***END OF RAMP-UP-THREADS OUTPUT***

KP: 6608: pinned new thread to CPU=0x0
KP: 6608: sleeping to allow threads enough time
KP: 6608: pinned new thread to CPU=0x0
KP: 6608: sleeping to allow threads enough time
KP: 6608: pinned new thread to CPU=0x0
KP: 6608: sleeping to allow threads enough time
KP: 6608: pinned new thread to CPU=0x0
KP: 6608: sleeping to allow threads enough time
KP: 6608: pinned new thread to CPU=0x0
KP: 6608: sleeping to allow threads enough time
KP: 6608: waking up from sleep (0)
For multithreaded run ramp r:99-w:0-u:0-d:1
	 2970207 total ops (0 puts + 2940635 gets + 29572 dels)
	 2000000 in runtime (usecs) = 2 secs = 1.485103 ops/usec
	 0.000000 op/sec put throughput (all threads)
	 1470317.500000 op/sec get throughput (all threads)
	 14786.000000 op/sec del throughput (all threads)
	 1485103.500000 op/sec total throughput (all threads)
	 Conflicts in worker thread: 0 (of 3697 commits)
	 Errors in worker thread: 0
	 Put errors: 0, Del errors: 0, Get errors: 0
***END OF RAMP-UP-THREADS OUTPUT***

***CONCLUDING THREAD EVALUATION***
