KP: 8064: Using 2 for local hash table size (same as merge frequency), 1610000 for master hash table size
KP: 8064: Total memory allocation size (just evaluation, not kv stores themselves) could be up to 0 bytes (0 MB)
Will create 1610000 random integers for each child thread
Now starting evaluation for key-value store: Masstree
On 16 cores
Running on storage platform: disk
Starting single-threaded tests

*** BEGINING SINGLE THREADED TESTS***

***NOW DOING LATENCY TEST ON INDIVIDUAL FUNCTIONS ***
For put-insert: 
	 time elapsed 0:18646 (sec:usec) = 18646 usecs 
	 iterations 10000 (merge every 1 -> 10000 merges)
	 average cost 1.864600 usecs
	 Conflicts: 0 (of 10000 commits)

For put-append: 
	 time elapsed 0:58655 (sec:usec) = 58655 usecs 
	 iterations 30000 (merge every 1 -> 30000 merges)
	 average cost 1.955167 usecs
	 Conflicts: 0 (of 30000 commits)

For get: 
	 time elapsed 0:21783 (sec:usec) = 21783 usecs 
	 iterations 30000 (merge every 1 -> 30000 merges)
	 average cost 0.726100 usecs
	 Conflicts: 0 (of 0 commits)

For delete: 
	 time elapsed 0:20810 (sec:usec) = 20810 usecs 
	 iterations 30000 (merge every 1 -> 30000 merges)
	 average cost 0.693667 usecs
	 Conflicts: 0 (of 30000 commits)


*** CONCLUDING SINGLE THREADED TESTS***

Starting multi-threaded tests: num_threads=1, NUM_CPUS=16
KP: 8064: pinned new thread to CPU=0x0
KP: 8064: sleeping to allow threads enough time
KP: 8064: waking up from sleep (0)
For multithreaded run ramp r:-1-w:30-u:70-d:1
	 1207693 total ops (1195475 puts + 0 gets + 12218 dels)
	 2000000 in runtime (usecs) = 2 secs = 0.603846 ops/usec
	 597737.500000 op/sec put throughput (all threads)
	 0.000000 op/sec get throughput (all threads)
	 6109.000000 op/sec del throughput (all threads)
	 603846.500000 op/sec total throughput (all threads)
	 Conflicts in worker thread: 0 (of 1207693 commits)
	 Errors in worker thread: 0
	 Put errors: 0, Del errors: 0, Get errors: 0
***END OF RAMP-UP-THREADS OUTPUT***

KP: 8064: pinned new thread to CPU=0x0
KP: 8064: sleeping to allow threads enough time
KP: 8064: pinned new thread to CPU=0x0
KP: 8064: sleeping to allow threads enough time
KP: 8064: pinned new thread to CPU=0x0
KP: 8064: sleeping to allow threads enough time
KP: 8064: pinned new thread to CPU=0x0
KP: 8064: sleeping to allow threads enough time
KP: 8064: pinned new thread to CPU=0x0
KP: 8064: sleeping to allow threads enough time
KP: 8064: waking up from sleep (0)
For multithreaded run ramp r:99-w:0-u:0-d:1
	 2912829 total ops (0 puts + 2883215 gets + 29614 dels)
	 2000000 in runtime (usecs) = 2 secs = 1.456414 ops/usec
	 0.000000 op/sec put throughput (all threads)
	 1441607.500000 op/sec get throughput (all threads)
	 14807.000000 op/sec del throughput (all threads)
	 1456414.500000 op/sec total throughput (all threads)
	 Conflicts in worker thread: 0 (of 29614 commits)
	 Errors in worker thread: 0
	 Put errors: 0, Del errors: 0, Get errors: 0
***END OF RAMP-UP-THREADS OUTPUT***

***CONCLUDING THREAD EVALUATION***
