KP: 400: Using 4 for local hash table size (same as merge frequency), 1610000 for master hash table size
KP: 400: Total memory allocation size (just evaluation, not kv stores themselves) could be up to 0 bytes (0 MB)
Will create 1610000 random integers for each child thread
Now starting evaluation for key-value store: Masstree
On 16 cores
Running on storage platform: disk
Starting single-threaded tests

*** BEGINING SINGLE THREADED TESTS***

***NOW DOING LATENCY TEST ON INDIVIDUAL FUNCTIONS ***
For put-insert: 
	 time elapsed 0:18586 (sec:usec) = 18586 usecs 
	 iterations 10000 (merge every 2 -> 5000 merges)
	 average cost 1.858600 usecs
	 Conflicts: 0 (of 4999 commits)

For put-append: 
	 time elapsed 0:56595 (sec:usec) = 56595 usecs 
	 iterations 30000 (merge every 2 -> 15000 merges)
	 average cost 1.886500 usecs
	 Conflicts: 0 (of 14997 commits)

For get: 
	 time elapsed 0:21622 (sec:usec) = 21622 usecs 
	 iterations 30000 (merge every 2 -> 15000 merges)
	 average cost 0.720733 usecs
	 Conflicts: 0 (of 0 commits)

For delete: 
	 time elapsed 0:21239 (sec:usec) = 21239 usecs 
	 iterations 30000 (merge every 2 -> 15000 merges)
	 average cost 0.707967 usecs
	 Conflicts: 0 (of 14997 commits)


*** CONCLUDING SINGLE THREADED TESTS***

Starting multi-threaded tests: num_threads=1, NUM_CPUS=16
KP: 400: pinned new thread to CPU=0x0
KP: 400: sleeping to allow threads enough time
KP: 400: waking up from sleep (0)
For multithreaded run ramp r:-1-w:30-u:70-d:1
	 1222127 total ops (1209859 puts + 0 gets + 12268 dels)
	 2000000 in runtime (usecs) = 2 secs = 0.611063 ops/usec
	 604929.500000 op/sec put throughput (all threads)
	 0.000000 op/sec get throughput (all threads)
	 6134.000000 op/sec del throughput (all threads)
	 611063.500000 op/sec total throughput (all threads)
	 Conflicts in worker thread: 0 (of 611064 commits)
	 Errors in worker thread: 0
	 Put errors: 0, Del errors: 0, Get errors: 0
***END OF RAMP-UP-THREADS OUTPUT***

KP: 400: pinned new thread to CPU=0x0
KP: 400: sleeping to allow threads enough time
KP: 400: pinned new thread to CPU=0x0
KP: 400: sleeping to allow threads enough time
KP: 400: pinned new thread to CPU=0x0
KP: 400: sleeping to allow threads enough time
KP: 400: pinned new thread to CPU=0x0
KP: 400: sleeping to allow threads enough time
KP: 400: pinned new thread to CPU=0x0
KP: 400: sleeping to allow threads enough time
KP: 400: waking up from sleep (0)
For multithreaded run ramp r:99-w:0-u:0-d:1
	 2922410 total ops (0 puts + 2893301 gets + 29109 dels)
	 2000000 in runtime (usecs) = 2 secs = 1.461205 ops/usec
	 0.000000 op/sec put throughput (all threads)
	 1446650.500000 op/sec get throughput (all threads)
	 14554.500000 op/sec del throughput (all threads)
	 1461205.000000 op/sec total throughput (all threads)
	 Conflicts in worker thread: 0 (of 14555 commits)
	 Errors in worker thread: 0
	 Put errors: 0, Del errors: 0, Get errors: 0
***END OF RAMP-UP-THREADS OUTPUT***

***CONCLUDING THREAD EVALUATION***
