KP: 704: Using 512 for local hash table size (same as merge frequency), 1610000 for master hash table size
KP: 704: Total memory allocation size (just evaluation, not kv stores themselves) could be up to 0 bytes (0 MB)
Will create 1610000 random integers for each child thread
Now starting evaluation for key-value store: Masstree
On 16 cores
Running on storage platform: disk
Starting single-threaded tests

*** BEGINING SINGLE THREADED TESTS***

***NOW DOING LATENCY TEST ON INDIVIDUAL FUNCTIONS ***
For put-insert: 
	 time elapsed 0:18788 (sec:usec) = 18788 usecs 
	 iterations 10000 (merge every 256 -> 39 merges)
	 average cost 1.878800 usecs
	 Conflicts: 0 (of 40 commits)

For put-append: 
	 time elapsed 0:56921 (sec:usec) = 56921 usecs 
	 iterations 30000 (merge every 256 -> 117 merges)
	 average cost 1.897367 usecs
	 Conflicts: 0 (of 120 commits)

For get: 
	 time elapsed 0:21479 (sec:usec) = 21479 usecs 
	 iterations 30000 (merge every 256 -> 117 merges)
	 average cost 0.715967 usecs
	 Conflicts: 0 (of 0 commits)

For delete: 
	 time elapsed 0:20546 (sec:usec) = 20546 usecs 
	 iterations 30000 (merge every 256 -> 117 merges)
	 average cost 0.684867 usecs
	 Conflicts: 0 (of 120 commits)


*** CONCLUDING SINGLE THREADED TESTS***

Starting multi-threaded tests: num_threads=1, NUM_CPUS=16
KP: 704: pinned new thread to CPU=0x0
KP: 704: sleeping to allow threads enough time
KP: 704: waking up from sleep (0)
For multithreaded run ramp r:-1-w:30-u:70-d:1
	 1231883 total ops (1219695 puts + 0 gets + 12188 dels)
	 2000000 in runtime (usecs) = 2 secs = 0.615942 ops/usec
	 609847.500000 op/sec put throughput (all threads)
	 0.000000 op/sec get throughput (all threads)
	 6094.000000 op/sec del throughput (all threads)
	 615941.500000 op/sec total throughput (all threads)
	 Conflicts in worker thread: 0 (of 4813 commits)
	 Errors in worker thread: 0
	 Put errors: 0, Del errors: 0, Get errors: 0
***END OF RAMP-UP-THREADS OUTPUT***

KP: 704: pinned new thread to CPU=0x0
KP: 704: sleeping to allow threads enough time
KP: 704: pinned new thread to CPU=0x0
KP: 704: sleeping to allow threads enough time
KP: 704: pinned new thread to CPU=0x0
KP: 704: sleeping to allow threads enough time
KP: 704: pinned new thread to CPU=0x0
KP: 704: sleeping to allow threads enough time
KP: 704: pinned new thread to CPU=0x0
KP: 704: sleeping to allow threads enough time
KP: 704: waking up from sleep (0)
For multithreaded run ramp r:99-w:0-u:0-d:1
	 2921291 total ops (0 puts + 2892406 gets + 28885 dels)
	 2000000 in runtime (usecs) = 2 secs = 1.460646 ops/usec
	 0.000000 op/sec put throughput (all threads)
	 1446203.000000 op/sec get throughput (all threads)
	 14442.500000 op/sec del throughput (all threads)
	 1460645.500000 op/sec total throughput (all threads)
	 Conflicts in worker thread: 0 (of 113 commits)
	 Errors in worker thread: 0
	 Put errors: 0, Del errors: 0, Get errors: 0
***END OF RAMP-UP-THREADS OUTPUT***

***CONCLUDING THREAD EVALUATION***
