KP: 4800: Using 2048 for local hash table size (same as merge frequency), 1610000 for master hash table size
KP: 4800: Total memory allocation size (just evaluation, not kv stores themselves) could be up to 0 bytes (0 MB)
Will create 1610000 random integers for each child thread
Now starting evaluation for key-value store: Masstree
On 16 cores
Running on storage platform: disk
Starting single-threaded tests

*** BEGINING SINGLE THREADED TESTS***

***NOW DOING LATENCY TEST ON INDIVIDUAL FUNCTIONS ***
For put-insert: 
	 time elapsed 0:18694 (sec:usec) = 18694 usecs 
	 iterations 10000 (merge every 1024 -> 9 merges)
	 average cost 1.869400 usecs
	 Conflicts: 0 (of 10 commits)

For put-append: 
	 time elapsed 0:56512 (sec:usec) = 56512 usecs 
	 iterations 30000 (merge every 1024 -> 29 merges)
	 average cost 1.883733 usecs
	 Conflicts: 0 (of 30 commits)

For get: 
	 time elapsed 0:21626 (sec:usec) = 21626 usecs 
	 iterations 30000 (merge every 1024 -> 29 merges)
	 average cost 0.720867 usecs
	 Conflicts: 0 (of 0 commits)

For delete: 
	 time elapsed 0:21355 (sec:usec) = 21355 usecs 
	 iterations 30000 (merge every 1024 -> 29 merges)
	 average cost 0.711833 usecs
	 Conflicts: 0 (of 30 commits)


*** CONCLUDING SINGLE THREADED TESTS***

Starting multi-threaded tests: num_threads=1, NUM_CPUS=16
KP: 4800: pinned new thread to CPU=0x0
KP: 4800: sleeping to allow threads enough time
KP: 4800: waking up from sleep (0)
For multithreaded run ramp r:-1-w:30-u:70-d:1
	 1230512 total ops (1217973 puts + 0 gets + 12539 dels)
	 2000000 in runtime (usecs) = 2 secs = 0.615256 ops/usec
	 608986.500000 op/sec put throughput (all threads)
	 0.000000 op/sec get throughput (all threads)
	 6269.500000 op/sec del throughput (all threads)
	 615256.000000 op/sec total throughput (all threads)
	 Conflicts in worker thread: 0 (of 1202 commits)
	 Errors in worker thread: 0
	 Put errors: 0, Del errors: 0, Get errors: 0
***END OF RAMP-UP-THREADS OUTPUT***

KP: 4800: pinned new thread to CPU=0x0
KP: 4800: sleeping to allow threads enough time
KP: 4800: pinned new thread to CPU=0x0
KP: 4800: sleeping to allow threads enough time
KP: 4800: pinned new thread to CPU=0x0
KP: 4800: sleeping to allow threads enough time
KP: 4800: pinned new thread to CPU=0x0
KP: 4800: sleeping to allow threads enough time
KP: 4800: pinned new thread to CPU=0x0
KP: 4800: sleeping to allow threads enough time
KP: 4800: waking up from sleep (0)
For multithreaded run ramp r:99-w:0-u:0-d:1
	 2908056 total ops (0 puts + 2878500 gets + 29556 dels)
	 2000000 in runtime (usecs) = 2 secs = 1.454028 ops/usec
	 0.000000 op/sec put throughput (all threads)
	 1439250.000000 op/sec get throughput (all threads)
	 14778.000000 op/sec del throughput (all threads)
	 1454028.000000 op/sec total throughput (all threads)
	 Conflicts in worker thread: 0 (of 29 commits)
	 Errors in worker thread: 0
	 Put errors: 0, Del errors: 0, Get errors: 0
***END OF RAMP-UP-THREADS OUTPUT***

***CONCLUDING THREAD EVALUATION***
