KP: 2128: Using 16 for local hash table size (same as merge frequency), 1610000 for master hash table size
KP: 2128: Total memory allocation size (just evaluation, not kv stores themselves) could be up to 0 bytes (0 MB)
Will create 100625 random integers for each child thread
Now starting evaluation for key-value store: Masstree
On 16 cores
Running on storage platform: disk
Starting single-threaded tests

*** BEGINING SINGLE THREADED TESTS***

***NOW DOING LATENCY TEST ON INDIVIDUAL FUNCTIONS ***
For put-insert: 
	 time elapsed 0:18271 (sec:usec) = 18271 usecs 
	 iterations 10000 (merge every 8 -> 1250 merges)
	 average cost 1.827100 usecs
	 Conflicts: 0 (of 1249 commits)

For put-append: 
	 time elapsed 0:57401 (sec:usec) = 57401 usecs 
	 iterations 30000 (merge every 8 -> 3750 merges)
	 average cost 1.913367 usecs
	 Conflicts: 0 (of 3747 commits)

For get: 
	 time elapsed 0:21533 (sec:usec) = 21533 usecs 
	 iterations 30000 (merge every 8 -> 3750 merges)
	 average cost 0.717767 usecs
	 Conflicts: 0 (of 0 commits)

For delete: 
	 time elapsed 0:20649 (sec:usec) = 20649 usecs 
	 iterations 30000 (merge every 8 -> 3750 merges)
	 average cost 0.688300 usecs
	 Conflicts: 0 (of 3747 commits)


*** CONCLUDING SINGLE THREADED TESTS***

Starting multi-threaded tests: num_threads=16, NUM_CPUS=16
KP: 2128: pinned new thread to CPU=0x0
KP: 2128: pinned new thread to CPU=0x1
KP: 2128: pinned new thread to CPU=0x2
KP: 2128: pinned new thread to CPU=0x3
KP: 2128: pinned new thread to CPU=0x4
KP: 2128: pinned new thread to CPU=0x5
KP: 2128: pinned new thread to CPU=0x6
KP: 2128: pinned new thread to CPU=0x7
KP: 2128: pinned new thread to CPU=0x8
KP: 2128: pinned new thread to CPU=0x9
KP: 2128: pinned new thread to CPU=0xA
KP: 2128: pinned new thread to CPU=0xB
KP: 2128: pinned new thread to CPU=0xC
KP: 2128: pinned new thread to CPU=0xD
KP: 2128: pinned new thread to CPU=0xE
KP: 2128: pinned new thread to CPU=0xF
KP: 2128: sleeping to allow threads enough time
KP: 2128: waking up from sleep (0)
For multithreaded run ramp r:-1-w:30-u:70-d:1
	 214653 total ops (212541 puts + 0 gets + 2112 dels)
	 2000000 in runtime (usecs) = 2 secs = 0.107327 ops/usec
	 106270.500000 op/sec put throughput (all threads)
	 0.000000 op/sec get throughput (all threads)
	 1056.000000 op/sec del throughput (all threads)
	 107326.500000 op/sec total throughput (all threads)
	 Conflicts in worker thread: 0 (of 26839 commits)
	 Errors in worker thread: 0
	 Put errors: 0, Del errors: 0, Get errors: 0
***END OF RAMP-UP-THREADS OUTPUT***

KP: 2128: pinned new thread to CPU=0x0
KP: 2128: pinned new thread to CPU=0x1
KP: 2128: pinned new thread to CPU=0x2
KP: 2128: pinned new thread to CPU=0x3
KP: 2128: pinned new thread to CPU=0x4
KP: 2128: pinned new thread to CPU=0x5
KP: 2128: pinned new thread to CPU=0x0
KP: 2128: pinned new thread to CPU=0x1
KP: 2128: pinned new thread to CPU=0x2
KP: 2128: pinned new thread to CPU=0x3
KP: 2128: pinned new thread to CPU=0x4
KP: 2128: pinned new thread to CPU=0x0
KP: 2128: pinned new thread to CPU=0x1
KP: 2128: pinned new thread to CPU=0x2
KP: 2128: pinned new thread to CPU=0x3
KP: 2128: pinned new thread to CPU=0x0
KP: 2128: pinned new thread to CPU=0x1
KP: 2128: pinned new thread to CPU=0x2
KP: 2128: pinned new thread to CPU=0x3
KP: 2128: pinned new thread to CPU=0x4
KP: 2128: pinned new thread to CPU=0x5
KP: 2128: pinned new thread to CPU=0x0
KP: 2128: pinned new thread to CPU=0x1
KP: 2128: pinned new thread to CPU=0x2
KP: 2128: pinned new thread to CPU=0x3
KP: 2128: pinned new thread to CPU=0x4
KP: 2128: pinned new thread to CPU=0x5
KP: 2128: pinned new thread to CPU=0x6
KP: 2128: pinned new thread to CPU=0x7
KP: 2128: pinned new thread to CPU=0x8
KP: 2128: pinned new thread to CPU=0x9
KP: 2128: pinned new thread to CPU=0xA
KP: 2128: pinned new thread to CPU=0xB
KP: 2128: pinned new thread to CPU=0xC
KP: 2128: pinned new thread to CPU=0xD
KP: 2128: pinned new thread to CPU=0xE
KP: 2128: pinned new thread to CPU=0xF
KP: 2128: sleeping to allow threads enough time
KP: 2128: waking up from sleep (0)
For multithreaded run ramp r:99-w:0-u:0-d:1
	 6723049 total ops (0 puts + 6655131 gets + 67918 dels)
	 2000000 in runtime (usecs) = 2 secs = 3.361525 ops/usec
	 0.000000 op/sec put throughput (all threads)
	 3327565.500000 op/sec get throughput (all threads)
	 33959.000000 op/sec del throughput (all threads)
	 3361524.500000 op/sec total throughput (all threads)
	 Conflicts in worker thread: 0 (of 7814 commits)
	 Errors in worker thread: 0
	 Put errors: 0, Del errors: 0, Get errors: 0
***END OF RAMP-UP-THREADS OUTPUT***

***CONCLUDING THREAD EVALUATION***
