KP: 8848: Using 16 for local hash table size (same as merge frequency), 1610000 for master hash table size
KP: 8848: Total memory allocation size (just evaluation, not kv stores themselves) could be up to 0 bytes (0 MB)
Will create 268333 random integers for each child thread
Now starting evaluation for key-value store: Masstree
On 16 cores
Running on storage platform: disk
Starting single-threaded tests

*** BEGINING SINGLE THREADED TESTS***

***NOW DOING LATENCY TEST ON INDIVIDUAL FUNCTIONS ***
For put-insert: 
	 time elapsed 0:18171 (sec:usec) = 18171 usecs 
	 iterations 10000 (merge every 8 -> 1250 merges)
	 average cost 1.817100 usecs
	 Conflicts: 0 (of 1249 commits)

For put-append: 
	 time elapsed 0:57678 (sec:usec) = 57678 usecs 
	 iterations 30000 (merge every 8 -> 3750 merges)
	 average cost 1.922600 usecs
	 Conflicts: 0 (of 3747 commits)

For get: 
	 time elapsed 0:21504 (sec:usec) = 21504 usecs 
	 iterations 30000 (merge every 8 -> 3750 merges)
	 average cost 0.716800 usecs
	 Conflicts: 0 (of 0 commits)

For delete: 
	 time elapsed 0:20701 (sec:usec) = 20701 usecs 
	 iterations 30000 (merge every 8 -> 3750 merges)
	 average cost 0.690033 usecs
	 Conflicts: 0 (of 3747 commits)


*** CONCLUDING SINGLE THREADED TESTS***

Starting multi-threaded tests: num_threads=6, NUM_CPUS=16
KP: 8848: pinned new thread to CPU=0x0
KP: 8848: pinned new thread to CPU=0x1
KP: 8848: pinned new thread to CPU=0x2
KP: 8848: pinned new thread to CPU=0x3
KP: 8848: pinned new thread to CPU=0x4
KP: 8848: pinned new thread to CPU=0x5
KP: 8848: sleeping to allow threads enough time
KP: 8848: waking up from sleep (0)
For multithreaded run ramp r:-1-w:30-u:70-d:1
	 1463552 total ops (1448788 puts + 0 gets + 14764 dels)
	 2000000 in runtime (usecs) = 2 secs = 0.731776 ops/usec
	 724394.000000 op/sec put throughput (all threads)
	 0.000000 op/sec get throughput (all threads)
	 7382.000000 op/sec del throughput (all threads)
	 731776.000000 op/sec total throughput (all threads)
	 Conflicts in worker thread: 0 (of 182946 commits)
	 Errors in worker thread: 0
	 Put errors: 0, Del errors: 0, Get errors: 0
***END OF RAMP-UP-THREADS OUTPUT***

KP: 8848: pinned new thread to CPU=0x0
KP: 8848: pinned new thread to CPU=0x1
KP: 8848: pinned new thread to CPU=0x0
KP: 8848: pinned new thread to CPU=0x1
KP: 8848: pinned new thread to CPU=0x2
KP: 8848: pinned new thread to CPU=0x3
KP: 8848: pinned new thread to CPU=0x0
KP: 8848: pinned new thread to CPU=0x1
KP: 8848: pinned new thread to CPU=0x2
KP: 8848: pinned new thread to CPU=0x3
KP: 8848: pinned new thread to CPU=0x4
KP: 8848: pinned new thread to CPU=0x0
KP: 8848: pinned new thread to CPU=0x1
KP: 8848: pinned new thread to CPU=0x2
KP: 8848: pinned new thread to CPU=0x3
KP: 8848: pinned new thread to CPU=0x0
KP: 8848: pinned new thread to CPU=0x1
KP: 8848: pinned new thread to CPU=0x2
KP: 8848: pinned new thread to CPU=0x3
KP: 8848: pinned new thread to CPU=0x4
KP: 8848: pinned new thread to CPU=0x5
KP: 8848: sleeping to allow threads enough time
KP: 8848: waking up from sleep (0)
For multithreaded run ramp r:99-w:0-u:0-d:1
	 10694841 total ops (0 puts + 10587957 gets + 106884 dels)
	 2000000 in runtime (usecs) = 2 secs = 5.347421 ops/usec
	 0.000000 op/sec put throughput (all threads)
	 5293978.500000 op/sec get throughput (all threads)
	 53442.000000 op/sec del throughput (all threads)
	 5347420.500000 op/sec total throughput (all threads)
	 Conflicts in worker thread: 0 (of 10980 commits)
	 Errors in worker thread: 0
	 Put errors: 0, Del errors: 0, Get errors: 0
***END OF RAMP-UP-THREADS OUTPUT***

***CONCLUDING THREAD EVALUATION***
