KP: 496: Using 16 for local hash table size (same as merge frequency), 1610000 for master hash table size
KP: 496: Total memory allocation size (just evaluation, not kv stores themselves) could be up to 0 bytes (0 MB)
Will create 1610000 random integers for each child thread
Now starting evaluation for key-value store: Masstree
On 16 cores
Running on storage platform: disk
Starting single-threaded tests

*** BEGINING SINGLE THREADED TESTS***

***NOW DOING LATENCY TEST ON INDIVIDUAL FUNCTIONS ***
For put-insert: 
	 time elapsed 0:10498 (sec:usec) = 10498 usecs 
	 iterations 10000 (merge every 8 -> 1250 merges)
	 average cost 1.049800 usecs
	 Conflicts: 0 (of 1249 commits)

For put-append: 
	 time elapsed 0:28159 (sec:usec) = 28159 usecs 
	 iterations 30000 (merge every 8 -> 3750 merges)
	 average cost 0.938633 usecs
	 Conflicts: 0 (of 3747 commits)

For get: 
	 time elapsed 0:20985 (sec:usec) = 20985 usecs 
	 iterations 30000 (merge every 8 -> 3750 merges)
	 average cost 0.699500 usecs
	 Conflicts: 0 (of 0 commits)

For delete: 
	 time elapsed 0:20659 (sec:usec) = 20659 usecs 
	 iterations 30000 (merge every 8 -> 3750 merges)
	 average cost 0.688633 usecs
	 Conflicts: 0 (of 3747 commits)


*** CONCLUDING SINGLE THREADED TESTS***

Starting multi-threaded tests: num_threads=1, NUM_CPUS=16
KP: 496: pinned new thread to CPU=0x0
KP: 496: sleeping to allow threads enough time
KP: 496: waking up from sleep (0)
For multithreaded run ramp r:-1-w:30-u:70-d:1
	 2184739 total ops (2162656 puts + 0 gets + 22083 dels)
	 2000000 in runtime (usecs) = 2 secs = 1.092370 ops/usec
	 1081328.000000 op/sec put throughput (all threads)
	 0.000000 op/sec get throughput (all threads)
	 11041.500000 op/sec del throughput (all threads)
	 1092369.500000 op/sec total throughput (all threads)
	 Conflicts in worker thread: 0 (of 273093 commits)
	 Errors in worker thread: 0
	 Put errors: 0, Del errors: 0, Get errors: 0
***END OF RAMP-UP-THREADS OUTPUT***

KP: 496: pinned new thread to CPU=0x0
KP: 496: sleeping to allow threads enough time
KP: 496: pinned new thread to CPU=0x0
KP: 496: sleeping to allow threads enough time
KP: 496: pinned new thread to CPU=0x0
KP: 496: sleeping to allow threads enough time
KP: 496: pinned new thread to CPU=0x0
KP: 496: sleeping to allow threads enough time
KP: 496: pinned new thread to CPU=0x0
KP: 496: sleeping to allow threads enough time
KP: 496: waking up from sleep (0)
For multithreaded run ramp r:99-w:0-u:0-d:1
	 2928162 total ops (0 puts + 2898658 gets + 29504 dels)
	 2000000 in runtime (usecs) = 2 secs = 1.464081 ops/usec
	 0.000000 op/sec put throughput (all threads)
	 1449329.000000 op/sec get throughput (all threads)
	 14752.000000 op/sec del throughput (all threads)
	 1464081.000000 op/sec total throughput (all threads)
	 Conflicts in worker thread: 0 (of 3688 commits)
	 Errors in worker thread: 0
	 Put errors: 0, Del errors: 0, Get errors: 0
***END OF RAMP-UP-THREADS OUTPUT***

***CONCLUDING THREAD EVALUATION***
