KP: 9744: Using 16 for local hash table size (same as merge frequency), 1610000 for master hash table size
KP: 9744: Total memory allocation size (just evaluation, not kv stores themselves) could be up to 0 bytes (0 MB)
Will create 1610000 random integers for each child thread
Now starting evaluation for key-value store: Masstree
On 16 cores
Running on storage platform: disk
Starting single-threaded tests

*** BEGINING SINGLE THREADED TESTS***

***NOW DOING LATENCY TEST ON INDIVIDUAL FUNCTIONS ***
For put-insert: 
	 time elapsed 0:72869 (sec:usec) = 72869 usecs 
	 iterations 10000 (merge every 8 -> 1250 merges)
	 average cost 7.286900 usecs
	 Conflicts: 0 (of 1249 commits)

For put-append: 
	 time elapsed 0:219550 (sec:usec) = 219550 usecs 
	 iterations 30000 (merge every 8 -> 3750 merges)
	 average cost 7.318333 usecs
	 Conflicts: 0 (of 3747 commits)

For get: 
	 time elapsed 0:27354 (sec:usec) = 27354 usecs 
	 iterations 30000 (merge every 8 -> 3750 merges)
	 average cost 0.911800 usecs
	 Conflicts: 0 (of 0 commits)

For delete: 
	 time elapsed 0:20686 (sec:usec) = 20686 usecs 
	 iterations 30000 (merge every 8 -> 3750 merges)
	 average cost 0.689533 usecs
	 Conflicts: 0 (of 3747 commits)


*** CONCLUDING SINGLE THREADED TESTS***

Starting multi-threaded tests: num_threads=1, NUM_CPUS=16
KP: 9744: pinned new thread to CPU=0x0
KP: 9744: sleeping to allow threads enough time
KP: 9744: waking up from sleep (0)
For multithreaded run ramp r:-1-w:30-u:70-d:1
	 315978 total ops (312806 puts + 0 gets + 3172 dels)
	 2000000 in runtime (usecs) = 2 secs = 0.157989 ops/usec
	 156403.000000 op/sec put throughput (all threads)
	 0.000000 op/sec get throughput (all threads)
	 1586.000000 op/sec del throughput (all threads)
	 157989.000000 op/sec total throughput (all threads)
	 Conflicts in worker thread: 0 (of 39498 commits)
	 Errors in worker thread: 0
	 Put errors: 0, Del errors: 0, Get errors: 0
***END OF RAMP-UP-THREADS OUTPUT***

KP: 9744: pinned new thread to CPU=0x0
KP: 9744: sleeping to allow threads enough time
KP: 9744: pinned new thread to CPU=0x0
KP: 9744: sleeping to allow threads enough time
KP: 9744: pinned new thread to CPU=0x0
KP: 9744: sleeping to allow threads enough time
KP: 9744: pinned new thread to CPU=0x0
KP: 9744: sleeping to allow threads enough time
KP: 9744: pinned new thread to CPU=0x0
KP: 9744: sleeping to allow threads enough time
KP: 9744: waking up from sleep (0)
For multithreaded run ramp r:99-w:0-u:0-d:1
	 2925358 total ops (0 puts + 2895821 gets + 29537 dels)
	 2000000 in runtime (usecs) = 2 secs = 1.462679 ops/usec
	 0.000000 op/sec put throughput (all threads)
	 1447910.500000 op/sec get throughput (all threads)
	 14768.500000 op/sec del throughput (all threads)
	 1462679.000000 op/sec total throughput (all threads)
	 Conflicts in worker thread: 0 (of 3693 commits)
	 Errors in worker thread: 0
	 Put errors: 0, Del errors: 0, Get errors: 0
***END OF RAMP-UP-THREADS OUTPUT***

***CONCLUDING THREAD EVALUATION***
