KP: 5088: Using 16 for local hash table size (same as merge frequency), 1610000 for master hash table size
KP: 5088: Total memory allocation size (just evaluation, not kv stores themselves) could be up to 0 bytes (0 MB)
Will create 1610000 random integers for each child thread
Now starting evaluation for key-value store: Masstree
On 16 cores
Running on storage platform: disk
Starting single-threaded tests

*** BEGINING SINGLE THREADED TESTS***

***NOW DOING LATENCY TEST ON INDIVIDUAL FUNCTIONS ***
For put-insert: 
	 time elapsed 0:14999 (sec:usec) = 14999 usecs 
	 iterations 10000 (merge every 8 -> 1250 merges)
	 average cost 1.499900 usecs
	 Conflicts: 0 (of 1249 commits)

For put-append: 
	 time elapsed 0:40822 (sec:usec) = 40822 usecs 
	 iterations 30000 (merge every 8 -> 3750 merges)
	 average cost 1.360733 usecs
	 Conflicts: 0 (of 3747 commits)

For get: 
	 time elapsed 0:21025 (sec:usec) = 21025 usecs 
	 iterations 30000 (merge every 8 -> 3750 merges)
	 average cost 0.700833 usecs
	 Conflicts: 0 (of 0 commits)

For delete: 
	 time elapsed 0:20637 (sec:usec) = 20637 usecs 
	 iterations 30000 (merge every 8 -> 3750 merges)
	 average cost 0.687900 usecs
	 Conflicts: 0 (of 3747 commits)


*** CONCLUDING SINGLE THREADED TESTS***

Starting multi-threaded tests: num_threads=1, NUM_CPUS=16
KP: 5088: pinned new thread to CPU=0x0
KP: 5088: sleeping to allow threads enough time
KP: 5088: waking up from sleep (0)
For multithreaded run ramp r:-1-w:30-u:70-d:1
	 1542800 total ops (1527974 puts + 0 gets + 14826 dels)
	 2000000 in runtime (usecs) = 2 secs = 0.771400 ops/usec
	 763986.937500 op/sec put throughput (all threads)
	 0.000000 op/sec get throughput (all threads)
	 7413.000000 op/sec del throughput (all threads)
	 771400.000000 op/sec total throughput (all threads)
	 Conflicts in worker thread: 0 (of 192850 commits)
	 Errors in worker thread: 0
	 Put errors: 0, Del errors: 0, Get errors: 0
***END OF RAMP-UP-THREADS OUTPUT***

KP: 5088: pinned new thread to CPU=0x0
KP: 5088: sleeping to allow threads enough time
KP: 5088: pinned new thread to CPU=0x0
KP: 5088: sleeping to allow threads enough time
KP: 5088: pinned new thread to CPU=0x0
KP: 5088: sleeping to allow threads enough time
KP: 5088: pinned new thread to CPU=0x0
KP: 5088: sleeping to allow threads enough time
KP: 5088: pinned new thread to CPU=0x0
KP: 5088: sleeping to allow threads enough time
KP: 5088: waking up from sleep (0)
For multithreaded run ramp r:99-w:0-u:0-d:1
	 2933980 total ops (0 puts + 2905253 gets + 28727 dels)
	 2000000 in runtime (usecs) = 2 secs = 1.466990 ops/usec
	 0.000000 op/sec put throughput (all threads)
	 1452626.500000 op/sec get throughput (all threads)
	 14363.500000 op/sec del throughput (all threads)
	 1466990.000000 op/sec total throughput (all threads)
	 Conflicts in worker thread: 0 (of 3591 commits)
	 Errors in worker thread: 0
	 Put errors: 0, Del errors: 0, Get errors: 0
***END OF RAMP-UP-THREADS OUTPUT***

***CONCLUDING THREAD EVALUATION***
