KP: 3792: Using 128 for local hash table size (same as merge frequency), 1610000 for master hash table size
KP: 3792: Total memory allocation size (just evaluation, not kv stores themselves) could be up to 0 bytes (0 MB)
Will create 1610000 random integers for each child thread
Now starting evaluation for key-value store: kp_kvstore
On 16 cores
Running on storage platform: disk
Starting single-threaded tests

*** BEGINING SINGLE THREADED TESTS***

***NOW DOING LATENCY TEST ON INDIVIDUAL FUNCTIONS ***
For put-insert: 
	 time elapsed 0:161170 (sec:usec) = 161170 usecs 
	 iterations 10000 (merge every 64 -> 156 merges)
	 average cost 16.117001 usecs
	 Conflicts: 0 (of 157 commits)

For put-append: 
	 time elapsed 0:380114 (sec:usec) = 380114 usecs 
	 iterations 30000 (merge every 64 -> 468 merges)
	 average cost 12.670466 usecs
	 Conflicts: 0 (of 471 commits)

For get: 
	 time elapsed 0:83556 (sec:usec) = 83556 usecs 
	 iterations 30000 (merge every 64 -> 468 merges)
	 average cost 2.785200 usecs
	 Conflicts: 0 (of 0 commits)

For delete: 
	 time elapsed 0:220776 (sec:usec) = 220776 usecs 
	 iterations 30000 (merge every 64 -> 468 merges)
	 average cost 7.359200 usecs
	 Conflicts: 0 (of 471 commits)


*** CONCLUDING SINGLE THREADED TESTS***

Starting multi-threaded tests: num_threads=1, NUM_CPUS=16
KP: 3792: pinned new thread to CPU=0x0
KP: 3792: sleeping to allow threads enough time
KP: 3792: waking up from sleep (0)
For multithreaded run ramp r:-1-w:30-u:70-d:1
	 347328 total ops (344004 puts + 0 gets + 3324 dels)
	 2000000 in runtime (usecs) = 2 secs = 0.173664 ops/usec
	 172002.000000 op/sec put throughput (all threads)
	 0.000000 op/sec get throughput (all threads)
	 1662.000000 op/sec del throughput (all threads)
	 173664.000000 op/sec total throughput (all threads)
	 Conflicts in worker thread: 0 (of 5427 commits)
	 Errors in worker thread: 0
	 Put errors: 0, Del errors: 0, Get errors: 0
***END OF RAMP-UP-THREADS OUTPUT***

KP: 3792: pinned new thread to CPU=0x0
KP: 3792: sleeping to allow threads enough time
KP: 3792: waking up from sleep (0)
For multithreaded run ramp r:19-w:24-u:56-d:1
	 419527 total ops (331666 puts + 83765 gets + 4096 dels)
	 2000000 in runtime (usecs) = 2 secs = 0.209763 ops/usec
	 165833.000000 op/sec put throughput (all threads)
	 41882.500000 op/sec get throughput (all threads)
	 2048.000000 op/sec del throughput (all threads)
	 209763.500000 op/sec total throughput (all threads)
	 Conflicts in worker thread: 0 (of 5247 commits)
	 Errors in worker thread: 0
	 Put errors: 0, Del errors: 0, Get errors: 0
***END OF RAMP-UP-THREADS OUTPUT***

KP: 3792: pinned new thread to CPU=0x0
KP: 3792: sleeping to allow threads enough time
KP: 3792: waking up from sleep (0)
For multithreaded run ramp r:39-w:18-u:42-d:1
	 538679 total ops (317796 puts + 215479 gets + 5404 dels)
	 2000000 in runtime (usecs) = 2 secs = 0.269340 ops/usec
	 158898.000000 op/sec put throughput (all threads)
	 107739.500000 op/sec get throughput (all threads)
	 2702.000244 op/sec del throughput (all threads)
	 269339.500000 op/sec total throughput (all threads)
	 Conflicts in worker thread: 0 (of 5050 commits)
	 Errors in worker thread: 0
	 Put errors: 0, Del errors: 0, Get errors: 0
***END OF RAMP-UP-THREADS OUTPUT***

KP: 3792: pinned new thread to CPU=0x0
KP: 3792: sleeping to allow threads enough time
KP: 3792: waking up from sleep (0)
For multithreaded run ramp r:59-w:12-u:28-d:1
	 748372 total ops (291232 puts + 449726 gets + 7414 dels)
	 2000000 in runtime (usecs) = 2 secs = 0.374186 ops/usec
	 145616.000000 op/sec put throughput (all threads)
	 224863.000000 op/sec get throughput (all threads)
	 3707.000000 op/sec del throughput (all threads)
	 374186.000000 op/sec total throughput (all threads)
	 Conflicts in worker thread: 0 (of 4667 commits)
	 Errors in worker thread: 0
	 Put errors: 0, Del errors: 0, Get errors: 0
***END OF RAMP-UP-THREADS OUTPUT***

KP: 3792: pinned new thread to CPU=0x0
KP: 3792: sleeping to allow threads enough time
KP: 3792: waking up from sleep (0)
For multithreaded run ramp r:79-w:6-u:14-d:1
	 1230209 total ops (233045 puts + 984853 gets + 12311 dels)
	 2000000 in runtime (usecs) = 2 secs = 0.615104 ops/usec
	 116522.500000 op/sec put throughput (all threads)
	 492426.500000 op/sec get throughput (all threads)
	 6155.500000 op/sec del throughput (all threads)
	 615104.500000 op/sec total throughput (all threads)
	 Conflicts in worker thread: 0 (of 3834 commits)
	 Errors in worker thread: 0
	 Put errors: 0, Del errors: 0, Get errors: 0
***END OF RAMP-UP-THREADS OUTPUT***

KP: 3792: pinned new thread to CPU=0x0
KP: 3792: sleeping to allow threads enough time
KP: 3792: waking up from sleep (0)
For multithreaded run ramp r:99-w:0-u:0-d:1
	 3489860 total ops (0 puts + 3454895 gets + 34965 dels)
	 2000000 in runtime (usecs) = 2 secs = 1.744930 ops/usec
	 0.000000 op/sec put throughput (all threads)
	 1727447.625000 op/sec get throughput (all threads)
	 17482.500000 op/sec del throughput (all threads)
	 1744930.000000 op/sec total throughput (all threads)
	 Conflicts in worker thread: 0 (of 547 commits)
	 Errors in worker thread: 0
	 Put errors: 0, Del errors: 0, Get errors: 0
***END OF RAMP-UP-THREADS OUTPUT***

***CONCLUDING THREAD EVALUATION***
