KP: 2624: Using 16 for local hash table size (same as merge frequency), 1610000 for master hash table size
KP: 2624: Total memory allocation size (just evaluation, not kv stores themselves) could be up to 0 bytes (0 MB)
Will create 115000 random integers for each child thread
Now starting evaluation for key-value store: kp_kvstore
On 16 cores
Running on storage platform: disk
Starting single-threaded tests

*** BEGINING SINGLE THREADED TESTS***

***NOW DOING LATENCY TEST ON INDIVIDUAL FUNCTIONS ***
For put-insert: 
	 time elapsed 0:166201 (sec:usec) = 166201 usecs 
	 iterations 10000 (merge every 8 -> 1250 merges)
	 average cost 16.620100 usecs
	 Conflicts: 0 (of 1249 commits)

For put-append: 
	 time elapsed 0:407259 (sec:usec) = 407259 usecs 
	 iterations 30000 (merge every 8 -> 3750 merges)
	 average cost 13.575300 usecs
	 Conflicts: 0 (of 3747 commits)

For get: 
	 time elapsed 0:85502 (sec:usec) = 85502 usecs 
	 iterations 30000 (merge every 8 -> 3750 merges)
	 average cost 2.850067 usecs
	 Conflicts: 0 (of 0 commits)

For delete: 
	 time elapsed 0:245382 (sec:usec) = 245382 usecs 
	 iterations 30000 (merge every 8 -> 3750 merges)
	 average cost 8.179400 usecs
	 Conflicts: 0 (of 3747 commits)


*** CONCLUDING SINGLE THREADED TESTS***

Starting multi-threaded tests: num_threads=14, NUM_CPUS=16
KP: 2624: pinned new thread to CPU=0x0
KP: 2624: pinned new thread to CPU=0x1
KP: 2624: pinned new thread to CPU=0x2
KP: 2624: pinned new thread to CPU=0x3
KP: 2624: pinned new thread to CPU=0x4
KP: 2624: pinned new thread to CPU=0x5
KP: 2624: pinned new thread to CPU=0x6
KP: 2624: pinned new thread to CPU=0x7
KP: 2624: pinned new thread to CPU=0x8
KP: 2624: pinned new thread to CPU=0x9
KP: 2624: pinned new thread to CPU=0xA
KP: 2624: pinned new thread to CPU=0xB
KP: 2624: pinned new thread to CPU=0xC
KP: 2624: pinned new thread to CPU=0xD
KP: 2624: sleeping to allow threads enough time
KP: 2624: waking up from sleep (0)
For multithreaded run ramp r:-1-w:30-u:70-d:1
	 1640985 total ops (1624247 puts + 0 gets + 16738 dels)
	 2000000 in runtime (usecs) = 2 secs = 0.820493 ops/usec
	 812123.500000 op/sec put throughput (all threads)
	 0.000000 op/sec get throughput (all threads)
	 8369.000000 op/sec del throughput (all threads)
	 820492.500000 op/sec total throughput (all threads)
	 Conflicts in worker thread: 191753 (of 205124 commits)
	 Errors in worker thread: 0
	 Put errors: 0, Del errors: 0, Get errors: 0
***END OF RAMP-UP-THREADS OUTPUT***

KP: 2624: pinned new thread to CPU=0x0
KP: 2624: pinned new thread to CPU=0x1
KP: 2624: pinned new thread to CPU=0x2
KP: 2624: pinned new thread to CPU=0x3
KP: 2624: pinned new thread to CPU=0x4
KP: 2624: pinned new thread to CPU=0x5
KP: 2624: pinned new thread to CPU=0x6
KP: 2624: pinned new thread to CPU=0x7
KP: 2624: pinned new thread to CPU=0x8
KP: 2624: pinned new thread to CPU=0x9
KP: 2624: pinned new thread to CPU=0xA
KP: 2624: pinned new thread to CPU=0xB
KP: 2624: pinned new thread to CPU=0xC
KP: 2624: pinned new thread to CPU=0xD
KP: 2624: sleeping to allow threads enough time
KP: 2624: waking up from sleep (0)
For multithreaded run ramp r:19-w:24-u:56-d:1
	 1929326 total ops (1524754 puts + 385199 gets + 19373 dels)
	 2000000 in runtime (usecs) = 2 secs = 0.964663 ops/usec
	 762377.000000 op/sec put throughput (all threads)
	 192599.500000 op/sec get throughput (all threads)
	 9686.500000 op/sec del throughput (all threads)
	 964663.000000 op/sec total throughput (all threads)
	 Conflicts in worker thread: 179872 (of 193016 commits)
	 Errors in worker thread: 0
	 Put errors: 0, Del errors: 0, Get errors: 0
***END OF RAMP-UP-THREADS OUTPUT***

KP: 2624: pinned new thread to CPU=0x0
KP: 2624: pinned new thread to CPU=0x1
KP: 2624: pinned new thread to CPU=0x2
KP: 2624: pinned new thread to CPU=0x3
KP: 2624: pinned new thread to CPU=0x4
KP: 2624: pinned new thread to CPU=0x5
KP: 2624: pinned new thread to CPU=0x6
KP: 2624: pinned new thread to CPU=0x7
KP: 2624: pinned new thread to CPU=0x8
KP: 2624: pinned new thread to CPU=0x9
KP: 2624: pinned new thread to CPU=0xA
KP: 2624: pinned new thread to CPU=0xB
KP: 2624: pinned new thread to CPU=0xC
KP: 2624: pinned new thread to CPU=0xD
KP: 2624: sleeping to allow threads enough time
KP: 2624: waking up from sleep (0)
For multithreaded run ramp r:39-w:18-u:42-d:1
	 2405625 total ops (1418804 puts + 962953 gets + 23868 dels)
	 2000000 in runtime (usecs) = 2 secs = 1.202813 ops/usec
	 709401.937500 op/sec put throughput (all threads)
	 481476.500000 op/sec get throughput (all threads)
	 11934.000000 op/sec del throughput (all threads)
	 1202812.500000 op/sec total throughput (all threads)
	 Conflicts in worker thread: 167344 (of 180334 commits)
	 Errors in worker thread: 0
	 Put errors: 0, Del errors: 0, Get errors: 0
***END OF RAMP-UP-THREADS OUTPUT***

KP: 2624: pinned new thread to CPU=0x0
KP: 2624: pinned new thread to CPU=0x1
KP: 2624: pinned new thread to CPU=0x2
KP: 2624: pinned new thread to CPU=0x3
KP: 2624: pinned new thread to CPU=0x4
KP: 2624: pinned new thread to CPU=0x5
KP: 2624: pinned new thread to CPU=0x6
KP: 2624: pinned new thread to CPU=0x7
KP: 2624: pinned new thread to CPU=0x8
KP: 2624: pinned new thread to CPU=0x9
KP: 2624: pinned new thread to CPU=0xA
KP: 2624: pinned new thread to CPU=0xB
KP: 2624: pinned new thread to CPU=0xC
KP: 2624: pinned new thread to CPU=0xD
KP: 2624: sleeping to allow threads enough time
KP: 2624: waking up from sleep (0)
For multithreaded run ramp r:59-w:12-u:28-d:1
	 3257810 total ops (1271811 puts + 1953234 gets + 32765 dels)
	 2000000 in runtime (usecs) = 2 secs = 1.628905 ops/usec
	 635905.500000 op/sec put throughput (all threads)
	 976617.000000 op/sec get throughput (all threads)
	 16382.500000 op/sec del throughput (all threads)
	 1628905.000000 op/sec total throughput (all threads)
	 Conflicts in worker thread: 150186 (of 163073 commits)
	 Errors in worker thread: 0
	 Put errors: 0, Del errors: 0, Get errors: 0
***END OF RAMP-UP-THREADS OUTPUT***

KP: 2624: pinned new thread to CPU=0x0
KP: 2624: pinned new thread to CPU=0x1
KP: 2624: pinned new thread to CPU=0x2
KP: 2624: pinned new thread to CPU=0x3
KP: 2624: pinned new thread to CPU=0x4
KP: 2624: pinned new thread to CPU=0x5
KP: 2624: pinned new thread to CPU=0x6
KP: 2624: pinned new thread to CPU=0x7
KP: 2624: pinned new thread to CPU=0x8
KP: 2624: pinned new thread to CPU=0x9
KP: 2624: pinned new thread to CPU=0xA
KP: 2624: pinned new thread to CPU=0xB
KP: 2624: pinned new thread to CPU=0xC
KP: 2624: pinned new thread to CPU=0xD
KP: 2624: sleeping to allow threads enough time
KP: 2624: waking up from sleep (0)
For multithreaded run ramp r:79-w:6-u:14-d:1
	 5210974 total ops (988917 puts + 4168589 gets + 53468 dels)
	 2000000 in runtime (usecs) = 2 secs = 2.605487 ops/usec
	 494458.500000 op/sec put throughput (all threads)
	 2084294.500000 op/sec get throughput (all threads)
	 26734.000000 op/sec del throughput (all threads)
	 2605487.000000 op/sec total throughput (all threads)
	 Conflicts in worker thread: 118292 (of 130303 commits)
	 Errors in worker thread: 0
	 Put errors: 0, Del errors: 0, Get errors: 0
***END OF RAMP-UP-THREADS OUTPUT***

KP: 2624: pinned new thread to CPU=0x0
KP: 2624: pinned new thread to CPU=0x1
KP: 2624: pinned new thread to CPU=0x2
KP: 2624: pinned new thread to CPU=0x3
KP: 2624: pinned new thread to CPU=0x4
KP: 2624: pinned new thread to CPU=0x5
KP: 2624: pinned new thread to CPU=0x6
KP: 2624: pinned new thread to CPU=0x7
KP: 2624: pinned new thread to CPU=0x8
KP: 2624: pinned new thread to CPU=0x9
KP: 2624: pinned new thread to CPU=0xA
KP: 2624: pinned new thread to CPU=0xB
KP: 2624: pinned new thread to CPU=0xC
KP: 2624: pinned new thread to CPU=0xD
KP: 2624: sleeping to allow threads enough time
KP: 2624: waking up from sleep (0)
For multithreaded run ramp r:99-w:0-u:0-d:1
	 14702079 total ops (0 puts + 14554552 gets + 147527 dels)
	 2000000 in runtime (usecs) = 2 secs = 7.351039 ops/usec
	 0.000000 op/sec put throughput (all threads)
	 7277276.000000 op/sec get throughput (all threads)
	 73763.492188 op/sec del throughput (all threads)
	 7351039.500000 op/sec total throughput (all threads)
	 Conflicts in worker thread: 16396 (of 18441 commits)
	 Errors in worker thread: 0
	 Put errors: 0, Del errors: 0, Get errors: 0
***END OF RAMP-UP-THREADS OUTPUT***

***CONCLUDING THREAD EVALUATION***
