KP: 9232: Using 16 for local hash table size (same as merge frequency), 1610000 for master hash table size
KP: 9232: Total memory allocation size (just evaluation, not kv stores themselves) could be up to 0 bytes (0 MB)
Will create 1610000 random integers for each child thread
Now starting evaluation for key-value store: kp_kvstore
On 16 cores
Running on storage platform: disk
Starting single-threaded tests

*** BEGINING SINGLE THREADED TESTS***

***NOW DOING LATENCY TEST ON INDIVIDUAL FUNCTIONS ***
For put-insert: 
	 time elapsed 5:871362 (sec:usec) = 5871362 usecs 
	 iterations 10000 (merge every 8 -> 1250 merges)
	 average cost 587.136230 usecs
	 Conflicts: 0 (of 1249 commits)

For put-append: 
	 time elapsed 17:514104 (sec:usec) = 17514104 usecs 
	 iterations 30000 (merge every 8 -> 3750 merges)
	 average cost 583.803467 usecs
	 Conflicts: 0 (of 3747 commits)

For get: 
	 time elapsed 2:997372 (sec:usec) = 2997372 usecs 
	 iterations 30000 (merge every 8 -> 3750 merges)
	 average cost 99.912399 usecs
	 Conflicts: 0 (of 0 commits)

For delete: 
	 time elapsed 0:253031 (sec:usec) = 253031 usecs 
	 iterations 30000 (merge every 8 -> 3750 merges)
	 average cost 8.434366 usecs
	 Conflicts: 0 (of 3747 commits)


*** CONCLUDING SINGLE THREADED TESTS***

Starting multi-threaded tests: num_threads=1, NUM_CPUS=16
KP: 9232: pinned new thread to CPU=0x0
KP: 9232: sleeping to allow threads enough time
KP: 9232: waking up from sleep (0)
For multithreaded run ramp r:-1-w:30-u:70-d:1
	 8072 total ops (7984 puts + 0 gets + 88 dels)
	 2000000 in runtime (usecs) = 2 secs = 0.004036 ops/usec
	 3992.000000 op/sec put throughput (all threads)
	 0.000000 op/sec get throughput (all threads)
	 44.000000 op/sec del throughput (all threads)
	 4036.000000 op/sec total throughput (all threads)
	 Conflicts in worker thread: 0 (of 1009 commits)
	 Errors in worker thread: 0
	 Put errors: 0, Del errors: 0, Get errors: 0
***END OF RAMP-UP-THREADS OUTPUT***

KP: 9232: pinned new thread to CPU=0x0
KP: 9232: sleeping to allow threads enough time
KP: 9232: waking up from sleep (0)
For multithreaded run ramp r:19-w:24-u:56-d:1
	 10131 total ops (8046 puts + 1987 gets + 98 dels)
	 2000000 in runtime (usecs) = 2 secs = 0.005065 ops/usec
	 4023.000000 op/sec put throughput (all threads)
	 993.500061 op/sec get throughput (all threads)
	 49.000000 op/sec del throughput (all threads)
	 5065.500000 op/sec total throughput (all threads)
	 Conflicts in worker thread: 0 (of 1018 commits)
	 Errors in worker thread: 0
	 Put errors: 0, Del errors: 0, Get errors: 0
***END OF RAMP-UP-THREADS OUTPUT***

KP: 9232: pinned new thread to CPU=0x0
KP: 9232: sleeping to allow threads enough time
KP: 9232: waking up from sleep (0)
For multithreaded run ramp r:39-w:18-u:42-d:1
	 12952 total ops (7716 puts + 5096 gets + 140 dels)
	 2000000 in runtime (usecs) = 2 secs = 0.006476 ops/usec
	 3857.999756 op/sec put throughput (all threads)
	 2548.000000 op/sec get throughput (all threads)
	 70.000000 op/sec del throughput (all threads)
	 6476.000000 op/sec total throughput (all threads)
	 Conflicts in worker thread: 0 (of 982 commits)
	 Errors in worker thread: 0
	 Put errors: 0, Del errors: 0, Get errors: 0
***END OF RAMP-UP-THREADS OUTPUT***

KP: 9232: pinned new thread to CPU=0x0
KP: 9232: sleeping to allow threads enough time
KP: 9232: waking up from sleep (0)
For multithreaded run ramp r:59-w:12-u:28-d:1
	 18386 total ops (7331 puts + 10866 gets + 189 dels)
	 2000000 in runtime (usecs) = 2 secs = 0.009193 ops/usec
	 3665.500000 op/sec put throughput (all threads)
	 5433.000000 op/sec get throughput (all threads)
	 94.500000 op/sec del throughput (all threads)
	 9193.000000 op/sec total throughput (all threads)
	 Conflicts in worker thread: 0 (of 940 commits)
	 Errors in worker thread: 0
	 Put errors: 0, Del errors: 0, Get errors: 0
***END OF RAMP-UP-THREADS OUTPUT***

KP: 9232: pinned new thread to CPU=0x0
KP: 9232: sleeping to allow threads enough time
KP: 9232: waking up from sleep (0)
For multithreaded run ramp r:79-w:6-u:14-d:1
	 34282 total ops (6654 puts + 27274 gets + 354 dels)
	 2000000 in runtime (usecs) = 2 secs = 0.017141 ops/usec
	 3327.000000 op/sec put throughput (all threads)
	 13637.000000 op/sec get throughput (all threads)
	 177.000000 op/sec del throughput (all threads)
	 17141.000000 op/sec total throughput (all threads)
	 Conflicts in worker thread: 0 (of 876 commits)
	 Errors in worker thread: 0
	 Put errors: 0, Del errors: 0, Get errors: 0
***END OF RAMP-UP-THREADS OUTPUT***

KP: 9232: pinned new thread to CPU=0x0
KP: 9232: sleeping to allow threads enough time
KP: 9232: waking up from sleep (0)
For multithreaded run ramp r:99-w:0-u:0-d:1
	 3236090 total ops (0 puts + 3203932 gets + 32158 dels)
	 2000000 in runtime (usecs) = 2 secs = 1.618045 ops/usec
	 0.000000 op/sec put throughput (all threads)
	 1601966.000000 op/sec get throughput (all threads)
	 16079.000000 op/sec del throughput (all threads)
	 1618045.000000 op/sec total throughput (all threads)
	 Conflicts in worker thread: 0 (of 4020 commits)
	 Errors in worker thread: 0
	 Put errors: 0, Del errors: 0, Get errors: 0
***END OF RAMP-UP-THREADS OUTPUT***

***CONCLUDING THREAD EVALUATION***
