KP: 9360: Using 16 for local hash table size (same as merge frequency), 1610000 for master hash table size
KP: 9360: Total memory allocation size (just evaluation, not kv stores themselves) could be up to 0 bytes (0 MB)
Will create 1610000 random integers for each child thread
Now starting evaluation for key-value store: kp_kvstore
On 16 cores
Running on storage platform: disk
Starting single-threaded tests

*** BEGINING SINGLE THREADED TESTS***

***NOW DOING LATENCY TEST ON INDIVIDUAL FUNCTIONS ***
For put-insert: 
	 time elapsed 1:611178 (sec:usec) = 1611178 usecs 
	 iterations 10000 (merge every 8 -> 1250 merges)
	 average cost 161.117798 usecs
	 Conflicts: 0 (of 1249 commits)

For put-append: 
	 time elapsed 4:746305 (sec:usec) = 4746305 usecs 
	 iterations 30000 (merge every 8 -> 3750 merges)
	 average cost 158.210159 usecs
	 Conflicts: 0 (of 3747 commits)

For get: 
	 time elapsed 0:904593 (sec:usec) = 904593 usecs 
	 iterations 30000 (merge every 8 -> 3750 merges)
	 average cost 30.153099 usecs
	 Conflicts: 0 (of 0 commits)

For delete: 
	 time elapsed 0:249277 (sec:usec) = 249277 usecs 
	 iterations 30000 (merge every 8 -> 3750 merges)
	 average cost 8.309234 usecs
	 Conflicts: 0 (of 3747 commits)


*** CONCLUDING SINGLE THREADED TESTS***

Starting multi-threaded tests: num_threads=1, NUM_CPUS=16
KP: 9360: pinned new thread to CPU=0x0
KP: 9360: sleeping to allow threads enough time
KP: 9360: waking up from sleep (0)
For multithreaded run ramp r:-1-w:30-u:70-d:1
	 28472 total ops (28183 puts + 0 gets + 289 dels)
	 2000000 in runtime (usecs) = 2 secs = 0.014236 ops/usec
	 14091.500000 op/sec put throughput (all threads)
	 0.000000 op/sec get throughput (all threads)
	 144.500000 op/sec del throughput (all threads)
	 14236.000000 op/sec total throughput (all threads)
	 Conflicts in worker thread: 0 (of 3559 commits)
	 Errors in worker thread: 0
	 Put errors: 0, Del errors: 0, Get errors: 0
***END OF RAMP-UP-THREADS OUTPUT***

KP: 9360: pinned new thread to CPU=0x0
KP: 9360: sleeping to allow threads enough time
KP: 9360: waking up from sleep (0)
For multithreaded run ramp r:19-w:24-u:56-d:1
	 35002 total ops (27722 puts + 6930 gets + 350 dels)
	 2000000 in runtime (usecs) = 2 secs = 0.017501 ops/usec
	 13861.000000 op/sec put throughput (all threads)
	 3465.000000 op/sec get throughput (all threads)
	 175.000000 op/sec del throughput (all threads)
	 17501.000000 op/sec total throughput (all threads)
	 Conflicts in worker thread: 0 (of 3509 commits)
	 Errors in worker thread: 0
	 Put errors: 0, Del errors: 0, Get errors: 0
***END OF RAMP-UP-THREADS OUTPUT***

KP: 9360: pinned new thread to CPU=0x0
KP: 9360: sleeping to allow threads enough time
KP: 9360: waking up from sleep (0)
For multithreaded run ramp r:39-w:18-u:42-d:1
	 46715 total ops (27505 puts + 18739 gets + 471 dels)
	 2000000 in runtime (usecs) = 2 secs = 0.023357 ops/usec
	 13752.500000 op/sec put throughput (all threads)
	 9369.500000 op/sec get throughput (all threads)
	 235.500000 op/sec del throughput (all threads)
	 23357.500000 op/sec total throughput (all threads)
	 Conflicts in worker thread: 0 (of 3497 commits)
	 Errors in worker thread: 0
	 Put errors: 0, Del errors: 0, Get errors: 0
***END OF RAMP-UP-THREADS OUTPUT***

KP: 9360: pinned new thread to CPU=0x0
KP: 9360: sleeping to allow threads enough time
KP: 9360: waking up from sleep (0)
For multithreaded run ramp r:59-w:12-u:28-d:1
	 69296 total ops (26936 puts + 41696 gets + 664 dels)
	 2000000 in runtime (usecs) = 2 secs = 0.034648 ops/usec
	 13468.000000 op/sec put throughput (all threads)
	 20848.001953 op/sec get throughput (all threads)
	 332.000000 op/sec del throughput (all threads)
	 34648.000000 op/sec total throughput (all threads)
	 Conflicts in worker thread: 0 (of 3450 commits)
	 Errors in worker thread: 0
	 Put errors: 0, Del errors: 0, Get errors: 0
***END OF RAMP-UP-THREADS OUTPUT***

KP: 9360: pinned new thread to CPU=0x0
KP: 9360: sleeping to allow threads enough time
KP: 9360: waking up from sleep (0)
For multithreaded run ramp r:79-w:6-u:14-d:1
	 129627 total ops (24592 puts + 103787 gets + 1248 dels)
	 2000000 in runtime (usecs) = 2 secs = 0.064814 ops/usec
	 12295.999023 op/sec put throughput (all threads)
	 51893.500000 op/sec get throughput (all threads)
	 624.000000 op/sec del throughput (all threads)
	 64813.503906 op/sec total throughput (all threads)
	 Conflicts in worker thread: 0 (of 3230 commits)
	 Errors in worker thread: 0
	 Put errors: 0, Del errors: 0, Get errors: 0
***END OF RAMP-UP-THREADS OUTPUT***

KP: 9360: pinned new thread to CPU=0x0
KP: 9360: sleeping to allow threads enough time
KP: 9360: waking up from sleep (0)
For multithreaded run ramp r:99-w:0-u:0-d:1
	 3231412 total ops (0 puts + 3198844 gets + 32568 dels)
	 2000000 in runtime (usecs) = 2 secs = 1.615706 ops/usec
	 0.000000 op/sec put throughput (all threads)
	 1599422.000000 op/sec get throughput (all threads)
	 16284.000000 op/sec del throughput (all threads)
	 1615706.000000 op/sec total throughput (all threads)
	 Conflicts in worker thread: 0 (of 4071 commits)
	 Errors in worker thread: 0
	 Put errors: 0, Del errors: 0, Get errors: 0
***END OF RAMP-UP-THREADS OUTPUT***

***CONCLUDING THREAD EVALUATION***
