KP: 8464: Using 16 for local hash table size (same as merge frequency), 1610000 for master hash table size
KP: 8464: Total memory allocation size (just evaluation, not kv stores themselves) could be up to 0 bytes (0 MB)
Will create 1610000 random integers for each child thread
Now starting evaluation for key-value store: kp_kvstore
On 16 cores
Running on storage platform: disk
Starting single-threaded tests

*** BEGINING SINGLE THREADED TESTS***

***NOW DOING LATENCY TEST ON INDIVIDUAL FUNCTIONS ***
For put-insert: 
	 time elapsed 0:131634 (sec:usec) = 131634 usecs 
	 iterations 50000 (merge every 8 -> 6250 merges)
	 average cost 2.632680 usecs
	 Conflicts: 0 (of 6249 commits)

For put-append: 
	 time elapsed 0:398072 (sec:usec) = 398072 usecs 
	 iterations 150000 (merge every 8 -> 18750 merges)
	 average cost 2.653813 usecs
	 Conflicts: 0 (of 18747 commits)

For get: 
	 time elapsed 0:265054 (sec:usec) = 265054 usecs 
	 iterations 150000 (merge every 8 -> 18750 merges)
	 average cost 1.767027 usecs
	 Conflicts: 0 (of 0 commits)

For delete: 
	 time elapsed 0:382140 (sec:usec) = 382140 usecs 
	 iterations 150000 (merge every 8 -> 18750 merges)
	 average cost 2.547600 usecs
	 Conflicts: 0 (of 18747 commits)


*** CONCLUDING SINGLE THREADED TESTS***

Starting multi-threaded tests: num_threads=1, NUM_CPUS=16
KP: 8464: pinned new thread to CPU=0x0
KP: 8464: sleeping to allow threads enough time
KP: 8464: waking up from sleep (0)
For multithreaded run ramp r:-1-w:30-u:70-d:1
	 1268904 total ops (1255898 puts + 0 gets + 13006 dels)
	 2000000 in runtime (usecs) = 2 secs = 0.634452 ops/usec
	 627949.000000 op/sec put throughput (all threads)
	 0.000000 op/sec get throughput (all threads)
	 6503.000000 op/sec del throughput (all threads)
	 634452.000000 op/sec total throughput (all threads)
	 Conflicts in worker thread: 0 (of 158613 commits)
	 Errors in worker thread: 0
	 Put errors: 0, Del errors: 0, Get errors: 0
***END OF RAMP-UP-THREADS OUTPUT***

KP: 8464: pinned new thread to CPU=0x0
KP: 8464: sleeping to allow threads enough time
KP: 8464: waking up from sleep (0)
For multithreaded run ramp r:19-w:24-u:56-d:1
	 1374747 total ops (1086396 puts + 274440 gets + 13911 dels)
	 2000000 in runtime (usecs) = 2 secs = 0.687374 ops/usec
	 543198.000000 op/sec put throughput (all threads)
	 137220.000000 op/sec get throughput (all threads)
	 6955.500000 op/sec del throughput (all threads)
	 687373.500000 op/sec total throughput (all threads)
	 Conflicts in worker thread: 0 (of 137539 commits)
	 Errors in worker thread: 0
	 Put errors: 0, Del errors: 0, Get errors: 0
***END OF RAMP-UP-THREADS OUTPUT***

KP: 8464: pinned new thread to CPU=0x0
KP: 8464: sleeping to allow threads enough time
KP: 8464: waking up from sleep (0)
For multithreaded run ramp r:39-w:18-u:42-d:1
	 1574356 total ops (929096 puts + 629453 gets + 15807 dels)
	 2000000 in runtime (usecs) = 2 secs = 0.787178 ops/usec
	 464548.000000 op/sec put throughput (all threads)
	 314726.500000 op/sec get throughput (all threads)
	 7903.500000 op/sec del throughput (all threads)
	 787178.000000 op/sec total throughput (all threads)
	 Conflicts in worker thread: 0 (of 118113 commits)
	 Errors in worker thread: 0
	 Put errors: 0, Del errors: 0, Get errors: 0
***END OF RAMP-UP-THREADS OUTPUT***

KP: 8464: pinned new thread to CPU=0x0
KP: 8464: sleeping to allow threads enough time
KP: 8464: waking up from sleep (0)
For multithreaded run ramp r:59-w:12-u:28-d:1
	 1868779 total ops (728594 puts + 1121427 gets + 18758 dels)
	 2000000 in runtime (usecs) = 2 secs = 0.934389 ops/usec
	 364297.000000 op/sec put throughput (all threads)
	 560713.500000 op/sec get throughput (all threads)
	 9379.000000 op/sec del throughput (all threads)
	 934389.500000 op/sec total throughput (all threads)
	 Conflicts in worker thread: 0 (of 93419 commits)
	 Errors in worker thread: 0
	 Put errors: 0, Del errors: 0, Get errors: 0
***END OF RAMP-UP-THREADS OUTPUT***

KP: 8464: pinned new thread to CPU=0x0
KP: 8464: sleeping to allow threads enough time
KP: 8464: waking up from sleep (0)
For multithreaded run ramp r:79-w:6-u:14-d:1
	 2317519 total ops (440694 puts + 1853614 gets + 23211 dels)
	 2000000 in runtime (usecs) = 2 secs = 1.158759 ops/usec
	 220347.000000 op/sec put throughput (all threads)
	 926807.062500 op/sec get throughput (all threads)
	 11605.500000 op/sec del throughput (all threads)
	 1158759.500000 op/sec total throughput (all threads)
	 Conflicts in worker thread: 0 (of 57989 commits)
	 Errors in worker thread: 0
	 Put errors: 0, Del errors: 0, Get errors: 0
***END OF RAMP-UP-THREADS OUTPUT***

KP: 8464: pinned new thread to CPU=0x0
KP: 8464: sleeping to allow threads enough time
KP: 8464: waking up from sleep (0)
For multithreaded run ramp r:99-w:0-u:0-d:1
	 3393968 total ops (0 puts + 3359560 gets + 34408 dels)
	 2000000 in runtime (usecs) = 2 secs = 1.696984 ops/usec
	 0.000000 op/sec put throughput (all threads)
	 1679780.000000 op/sec get throughput (all threads)
	 17204.000000 op/sec del throughput (all threads)
	 1696984.000000 op/sec total throughput (all threads)
	 Conflicts in worker thread: 0 (of 4301 commits)
	 Errors in worker thread: 0
	 Put errors: 0, Del errors: 0, Get errors: 0
***END OF RAMP-UP-THREADS OUTPUT***

***CONCLUDING THREAD EVALUATION***
