KP: 7792: Using 16 for local hash table size (same as merge frequency), 46147344 for master hash table size
KP: 7792: Total memory allocation size (just evaluation, not kv stores themselves) could be up to 0 bytes (0 MB)
Will create 46147344 random integers for each child thread
Now starting evaluation for key-value store: kp_kvstore
On 16 cores
Running on storage platform: disk
Starting single-threaded tests

*** BEGINING SINGLE THREADED TESTS***

***NOW DOING LATENCY TEST ON INDIVIDUAL FUNCTIONS ***
For put-insert: 
	 time elapsed 17:96999 (sec:usec) = 17096999 usecs 
	 iterations 4194304 (merge every 8 -> 524288 merges)
	 average cost 4.076242 usecs
	 Conflicts: 0 (of 524287 commits)

For put-append: 
	 time elapsed 90:369358 (sec:usec) = 90369358 usecs 
	 iterations 12582912 (merge every 8 -> 1572864 merges)
	 average cost 7.181911 usecs
	 Conflicts: 0 (of 1572861 commits)

For get: 
	 time elapsed 77:721343 (sec:usec) = 77721343 usecs 
	 iterations 12582912 (merge every 8 -> 1572864 merges)
	 average cost 6.176737 usecs
	 Conflicts: 0 (of 0 commits)

For delete: 
	 time elapsed 208:824287 (sec:usec) = 208824287 usecs 
	 iterations 12582912 (merge every 8 -> 1572864 merges)
	 average cost 16.595863 usecs
	 Conflicts: 0 (of 1572861 commits)


*** CONCLUDING SINGLE THREADED TESTS***

Starting multi-threaded tests: num_threads=1, NUM_CPUS=16
KP: 7792: pinned new thread to CPU=0x0
KP: 7792: sleeping to allow threads enough time
KP: 7792: waking up from sleep (0)
For multithreaded run ramp r:-1-w:30-u:70-d:1
	 1289830 total ops (1277014 puts + 1 gets + 12815 dels)
	 2000000 in runtime (usecs) = 2 secs = 0.644915 ops/usec
	 638507.000000 op/sec put throughput (all threads)
	 0.500000 op/sec get throughput (all threads)
	 6407.500000 op/sec del throughput (all threads)
	 644915.000000 op/sec total throughput (all threads)
	 Conflicts in worker thread: 0 (of 161229 commits)
	 Errors in worker thread: 0
	 Put errors: 0, Del errors: 0, Get errors: 0
***END OF RAMP-UP-THREADS OUTPUT***

KP: 7792: pinned new thread to CPU=0x0
KP: 7792: sleeping to allow threads enough time
KP: 7792: waking up from sleep (0)
For multithreaded run ramp r:19-w:24-u:56-d:1
	 1398712 total ops (1105528 puts + 279390 gets + 13794 dels)
	 2000000 in runtime (usecs) = 2 secs = 0.699356 ops/usec
	 552764.000000 op/sec put throughput (all threads)
	 139695.000000 op/sec get throughput (all threads)
	 6897.000000 op/sec del throughput (all threads)
	 699356.000000 op/sec total throughput (all threads)
	 Conflicts in worker thread: 0 (of 139916 commits)
	 Errors in worker thread: 0
	 Put errors: 0, Del errors: 0, Get errors: 0
***END OF RAMP-UP-THREADS OUTPUT***

KP: 7792: pinned new thread to CPU=0x0
KP: 7792: sleeping to allow threads enough time
KP: 7792: waking up from sleep (0)
For multithreaded run ramp r:39-w:18-u:42-d:1
	 1608183 total ops (947900 puts + 644100 gets + 16183 dels)
	 2000000 in runtime (usecs) = 2 secs = 0.804092 ops/usec
	 473950.000000 op/sec put throughput (all threads)
	 322050.000000 op/sec get throughput (all threads)
	 8091.500000 op/sec del throughput (all threads)
	 804091.500000 op/sec total throughput (all threads)
	 Conflicts in worker thread: 0 (of 120511 commits)
	 Errors in worker thread: 0
	 Put errors: 0, Del errors: 0, Get errors: 0
***END OF RAMP-UP-THREADS OUTPUT***

KP: 7792: pinned new thread to CPU=0x0
KP: 7792: sleeping to allow threads enough time
KP: 7792: waking up from sleep (0)
For multithreaded run ramp r:59-w:12-u:28-d:1
	 1889974 total ops (737524 puts + 1133262 gets + 19188 dels)
	 2000000 in runtime (usecs) = 2 secs = 0.944987 ops/usec
	 368762.000000 op/sec put throughput (all threads)
	 566631.000000 op/sec get throughput (all threads)
	 9594.000000 op/sec del throughput (all threads)
	 944987.000000 op/sec total throughput (all threads)
	 Conflicts in worker thread: 0 (of 94589 commits)
	 Errors in worker thread: 0
	 Put errors: 0, Del errors: 0, Get errors: 0
***END OF RAMP-UP-THREADS OUTPUT***

KP: 7792: pinned new thread to CPU=0x0
KP: 7792: sleeping to allow threads enough time
KP: 7792: waking up from sleep (0)
For multithreaded run ramp r:79-w:6-u:14-d:1
	 2342123 total ops (444055 puts + 1874724 gets + 23344 dels)
	 2000000 in runtime (usecs) = 2 secs = 1.171062 ops/usec
	 222027.500000 op/sec put throughput (all threads)
	 937362.000000 op/sec get throughput (all threads)
	 11672.000977 op/sec del throughput (all threads)
	 1171061.500000 op/sec total throughput (all threads)
	 Conflicts in worker thread: 0 (of 58425 commits)
	 Errors in worker thread: 0
	 Put errors: 0, Del errors: 0, Get errors: 0
***END OF RAMP-UP-THREADS OUTPUT***

KP: 7792: pinned new thread to CPU=0x0
KP: 7792: sleeping to allow threads enough time
KP: 7792: waking up from sleep (0)
For multithreaded run ramp r:99-w:0-u:0-d:1
	 3320304 total ops (0 puts + 3287357 gets + 32947 dels)
	 2000000 in runtime (usecs) = 2 secs = 1.660152 ops/usec
	 0.000000 op/sec put throughput (all threads)
	 1643678.500000 op/sec get throughput (all threads)
	 16473.500000 op/sec del throughput (all threads)
	 1660152.000000 op/sec total throughput (all threads)
	 Conflicts in worker thread: 0 (of 4119 commits)
	 Errors in worker thread: 0
	 Put errors: 0, Del errors: 0, Get errors: 0
***END OF RAMP-UP-THREADS OUTPUT***

***CONCLUDING THREAD EVALUATION***
