KP: 8768: Using 16 for local hash table size (same as merge frequency), 1610000 for master hash table size
KP: 8768: Total memory allocation size (just evaluation, not kv stores themselves) could be up to 0 bytes (0 MB)
Will create 1610000 random integers for each child thread
Now starting evaluation for key-value store: kp_kvstore
On 16 cores
Running on storage platform: disk
Starting single-threaded tests

*** BEGINING SINGLE THREADED TESTS***

***NOW DOING LATENCY TEST ON INDIVIDUAL FUNCTIONS ***
For put-insert: 
	 time elapsed 0:14496 (sec:usec) = 14496 usecs 
	 iterations 4096 (merge every 8 -> 512 merges)
	 average cost 3.539062 usecs
	 Conflicts: 0 (of 511 commits)

For put-append: 
	 time elapsed 0:34601 (sec:usec) = 34601 usecs 
	 iterations 12288 (merge every 8 -> 1536 merges)
	 average cost 2.815837 usecs
	 Conflicts: 0 (of 1533 commits)

For get: 
	 time elapsed 0:19138 (sec:usec) = 19138 usecs 
	 iterations 12288 (merge every 8 -> 1536 merges)
	 average cost 1.557454 usecs
	 Conflicts: 0 (of 0 commits)

For delete: 
	 time elapsed 0:22396 (sec:usec) = 22396 usecs 
	 iterations 12288 (merge every 8 -> 1536 merges)
	 average cost 1.822591 usecs
	 Conflicts: 0 (of 1533 commits)


*** CONCLUDING SINGLE THREADED TESTS***

Starting multi-threaded tests: num_threads=1, NUM_CPUS=16
KP: 8768: pinned new thread to CPU=0x0
KP: 8768: sleeping to allow threads enough time
KP: 8768: waking up from sleep (0)
For multithreaded run ramp r:-1-w:30-u:70-d:1
	 1013712 total ops (1003356 puts + 0 gets + 10356 dels)
	 2000000 in runtime (usecs) = 2 secs = 0.506856 ops/usec
	 501678.000000 op/sec put throughput (all threads)
	 0.000000 op/sec get throughput (all threads)
	 5178.000000 op/sec del throughput (all threads)
	 506856.031250 op/sec total throughput (all threads)
	 Conflicts in worker thread: 0 (of 126714 commits)
	 Errors in worker thread: 0
	 Put errors: 0, Del errors: 0, Get errors: 0
***END OF RAMP-UP-THREADS OUTPUT***

KP: 8768: pinned new thread to CPU=0x0
KP: 8768: sleeping to allow threads enough time
KP: 8768: waking up from sleep (0)
For multithreaded run ramp r:19-w:24-u:56-d:1
	 1141237 total ops (901026 puts + 228581 gets + 11630 dels)
	 2000000 in runtime (usecs) = 2 secs = 0.570619 ops/usec
	 450513.000000 op/sec put throughput (all threads)
	 114290.500000 op/sec get throughput (all threads)
	 5815.000000 op/sec del throughput (all threads)
	 570618.500000 op/sec total throughput (all threads)
	 Conflicts in worker thread: 0 (of 114082 commits)
	 Errors in worker thread: 0
	 Put errors: 0, Del errors: 0, Get errors: 0
***END OF RAMP-UP-THREADS OUTPUT***

KP: 8768: pinned new thread to CPU=0x0
KP: 8768: sleeping to allow threads enough time
KP: 8768: waking up from sleep (0)
For multithreaded run ramp r:39-w:18-u:42-d:1
	 1336828 total ops (788571 puts + 534812 gets + 13445 dels)
	 2000000 in runtime (usecs) = 2 secs = 0.668414 ops/usec
	 394285.500000 op/sec put throughput (all threads)
	 267406.000000 op/sec get throughput (all threads)
	 6722.500000 op/sec del throughput (all threads)
	 668414.000000 op/sec total throughput (all threads)
	 Conflicts in worker thread: 0 (of 100252 commits)
	 Errors in worker thread: 0
	 Put errors: 0, Del errors: 0, Get errors: 0
***END OF RAMP-UP-THREADS OUTPUT***

KP: 8768: pinned new thread to CPU=0x0
KP: 8768: sleeping to allow threads enough time
KP: 8768: waking up from sleep (0)
For multithreaded run ramp r:59-w:12-u:28-d:1
	 1626057 total ops (634224 puts + 975497 gets + 16336 dels)
	 2000000 in runtime (usecs) = 2 secs = 0.813029 ops/usec
	 317112.000000 op/sec put throughput (all threads)
	 487748.500000 op/sec get throughput (all threads)
	 8168.000000 op/sec del throughput (all threads)
	 813028.500000 op/sec total throughput (all threads)
	 Conflicts in worker thread: 0 (of 81320 commits)
	 Errors in worker thread: 0
	 Put errors: 0, Del errors: 0, Get errors: 0
***END OF RAMP-UP-THREADS OUTPUT***

KP: 8768: pinned new thread to CPU=0x0
KP: 8768: sleeping to allow threads enough time
KP: 8768: waking up from sleep (0)
For multithreaded run ramp r:79-w:6-u:14-d:1
	 2111961 total ops (402748 puts + 1687944 gets + 21269 dels)
	 2000000 in runtime (usecs) = 2 secs = 1.055980 ops/usec
	 201374.000000 op/sec put throughput (all threads)
	 843972.000000 op/sec get throughput (all threads)
	 10634.500000 op/sec del throughput (all threads)
	 1055980.500000 op/sec total throughput (all threads)
	 Conflicts in worker thread: 0 (of 53003 commits)
	 Errors in worker thread: 0
	 Put errors: 0, Del errors: 0, Get errors: 0
***END OF RAMP-UP-THREADS OUTPUT***

KP: 8768: pinned new thread to CPU=0x0
KP: 8768: sleeping to allow threads enough time
KP: 8768: waking up from sleep (0)
For multithreaded run ramp r:99-w:0-u:0-d:1
	 3388629 total ops (0 puts + 3354580 gets + 34049 dels)
	 2000000 in runtime (usecs) = 2 secs = 1.694314 ops/usec
	 0.000000 op/sec put throughput (all threads)
	 1677290.000000 op/sec get throughput (all threads)
	 17024.500000 op/sec del throughput (all threads)
	 1694314.500000 op/sec total throughput (all threads)
	 Conflicts in worker thread: 0 (of 4257 commits)
	 Errors in worker thread: 0
	 Put errors: 0, Del errors: 0, Get errors: 0
***END OF RAMP-UP-THREADS OUTPUT***

***CONCLUDING THREAD EVALUATION***
