KP: 5840: Using 16 for local hash table size (same as merge frequency), 1610000 for master hash table size
KP: 5840: Total memory allocation size (just evaluation, not kv stores themselves) could be up to 0 bytes (0 MB)
Will create 1610000 random integers for each child thread
Now starting evaluation for key-value store: kp_kvstore
On 16 cores
Running on storage platform: disk
Starting single-threaded tests

*** BEGINING SINGLE THREADED TESTS***

***NOW DOING LATENCY TEST ON INDIVIDUAL FUNCTIONS ***
For put-insert: 
	 time elapsed 0:145282 (sec:usec) = 145282 usecs 
	 iterations 50000 (merge every 8 -> 6250 merges)
	 average cost 2.905640 usecs
	 Conflicts: 0 (of 6249 commits)

For put-append: 
	 time elapsed 0:443228 (sec:usec) = 443228 usecs 
	 iterations 150000 (merge every 8 -> 18750 merges)
	 average cost 2.954853 usecs
	 Conflicts: 0 (of 18747 commits)

For get: 
	 time elapsed 0:306007 (sec:usec) = 306007 usecs 
	 iterations 150000 (merge every 8 -> 18750 merges)
	 average cost 2.040047 usecs
	 Conflicts: 0 (of 0 commits)

For delete: 
	 time elapsed 0:385668 (sec:usec) = 385668 usecs 
	 iterations 150000 (merge every 8 -> 18750 merges)
	 average cost 2.571120 usecs
	 Conflicts: 0 (of 18747 commits)


*** CONCLUDING SINGLE THREADED TESTS***

Starting multi-threaded tests: num_threads=1, NUM_CPUS=16
KP: 5840: pinned new thread to CPU=0x0
KP: 5840: sleeping to allow threads enough time
KP: 5840: waking up from sleep (0)
For multithreaded run ramp r:-1-w:30-u:70-d:1
	 1185504 total ops (1173640 puts + 0 gets + 11864 dels)
	 2000000 in runtime (usecs) = 2 secs = 0.592752 ops/usec
	 586820.000000 op/sec put throughput (all threads)
	 0.000000 op/sec get throughput (all threads)
	 5932.000488 op/sec del throughput (all threads)
	 592752.000000 op/sec total throughput (all threads)
	 Conflicts in worker thread: 0 (of 148188 commits)
	 Errors in worker thread: 0
	 Put errors: 0, Del errors: 0, Get errors: 0
***END OF RAMP-UP-THREADS OUTPUT***

KP: 5840: pinned new thread to CPU=0x0
KP: 5840: sleeping to allow threads enough time
KP: 5840: waking up from sleep (0)
For multithreaded run ramp r:19-w:24-u:56-d:1
	 1296464 total ops (1024938 puts + 258712 gets + 12814 dels)
	 2000000 in runtime (usecs) = 2 secs = 0.648232 ops/usec
	 512469.000000 op/sec put throughput (all threads)
	 129356.000000 op/sec get throughput (all threads)
	 6407.000000 op/sec del throughput (all threads)
	 648232.000000 op/sec total throughput (all threads)
	 Conflicts in worker thread: 0 (of 129719 commits)
	 Errors in worker thread: 0
	 Put errors: 0, Del errors: 0, Get errors: 0
***END OF RAMP-UP-THREADS OUTPUT***

KP: 5840: pinned new thread to CPU=0x0
KP: 5840: sleeping to allow threads enough time
KP: 5840: waking up from sleep (0)
For multithreaded run ramp r:39-w:18-u:42-d:1
	 1497397 total ops (885299 puts + 596983 gets + 15115 dels)
	 2000000 in runtime (usecs) = 2 secs = 0.748698 ops/usec
	 442649.500000 op/sec put throughput (all threads)
	 298491.500000 op/sec get throughput (all threads)
	 7557.500000 op/sec del throughput (all threads)
	 748698.500000 op/sec total throughput (all threads)
	 Conflicts in worker thread: 0 (of 112552 commits)
	 Errors in worker thread: 0
	 Put errors: 0, Del errors: 0, Get errors: 0
***END OF RAMP-UP-THREADS OUTPUT***

KP: 5840: pinned new thread to CPU=0x0
KP: 5840: sleeping to allow threads enough time
KP: 5840: waking up from sleep (0)
For multithreaded run ramp r:59-w:12-u:28-d:1
	 1797326 total ops (702381 puts + 1077053 gets + 17892 dels)
	 2000000 in runtime (usecs) = 2 secs = 0.898663 ops/usec
	 351190.531250 op/sec put throughput (all threads)
	 538526.500000 op/sec get throughput (all threads)
	 8946.000000 op/sec del throughput (all threads)
	 898663.000000 op/sec total throughput (all threads)
	 Conflicts in worker thread: 0 (of 90035 commits)
	 Errors in worker thread: 0
	 Put errors: 0, Del errors: 0, Get errors: 0
***END OF RAMP-UP-THREADS OUTPUT***

KP: 5840: pinned new thread to CPU=0x0
KP: 5840: sleeping to allow threads enough time
KP: 5840: waking up from sleep (0)
For multithreaded run ramp r:79-w:6-u:14-d:1
	 2269344 total ops (432388 puts + 1814436 gets + 22520 dels)
	 2000000 in runtime (usecs) = 2 secs = 1.134672 ops/usec
	 216194.000000 op/sec put throughput (all threads)
	 907218.000000 op/sec get throughput (all threads)
	 11260.000000 op/sec del throughput (all threads)
	 1134672.000000 op/sec total throughput (all threads)
	 Conflicts in worker thread: 0 (of 56864 commits)
	 Errors in worker thread: 0
	 Put errors: 0, Del errors: 0, Get errors: 0
***END OF RAMP-UP-THREADS OUTPUT***

KP: 5840: pinned new thread to CPU=0x0
KP: 5840: sleeping to allow threads enough time
KP: 5840: waking up from sleep (0)
For multithreaded run ramp r:99-w:0-u:0-d:1
	 3389870 total ops (0 puts + 3355377 gets + 34493 dels)
	 2000000 in runtime (usecs) = 2 secs = 1.694935 ops/usec
	 0.000000 op/sec put throughput (all threads)
	 1677688.500000 op/sec get throughput (all threads)
	 17246.500000 op/sec del throughput (all threads)
	 1694935.000000 op/sec total throughput (all threads)
	 Conflicts in worker thread: 0 (of 4312 commits)
	 Errors in worker thread: 0
	 Put errors: 0, Del errors: 0, Get errors: 0
***END OF RAMP-UP-THREADS OUTPUT***

***CONCLUDING THREAD EVALUATION***
