KP: 7584: Using 16 for local hash table size (same as merge frequency), 1610000 for master hash table size
KP: 7584: Total memory allocation size (just evaluation, not kv stores themselves) could be up to 0 bytes (0 MB)
Will create 1610000 random integers for each child thread
Now starting evaluation for key-value store: Masstree
On 16 cores
Running on storage platform: disk
Starting single-threaded tests

*** BEGINING SINGLE THREADED TESTS***

***NOW DOING LATENCY TEST ON INDIVIDUAL FUNCTIONS ***
For put-insert: 
	 time elapsed 0:32084 (sec:usec) = 32084 usecs 
	 iterations 10000 (merge every 8 -> 1250 merges)
	 average cost 3.208400 usecs
	 Conflicts: 0 (of 1249 commits)

For put-append: 
	 time elapsed 0:94635 (sec:usec) = 94635 usecs 
	 iterations 30000 (merge every 8 -> 3750 merges)
	 average cost 3.154500 usecs
	 Conflicts: 0 (of 3747 commits)

For get: 
	 time elapsed 0:55684 (sec:usec) = 55684 usecs 
	 iterations 30000 (merge every 8 -> 3750 merges)
	 average cost 1.856133 usecs
	 Conflicts: 0 (of 0 commits)

For delete: 
	 time elapsed 0:56947 (sec:usec) = 56947 usecs 
	 iterations 30000 (merge every 8 -> 3750 merges)
	 average cost 1.898233 usecs
	 Conflicts: 0 (of 3747 commits)


*** CONCLUDING SINGLE THREADED TESTS***

Starting multi-threaded tests: num_threads=1, NUM_CPUS=16
KP: 7584: pinned new thread to CPU=0x0
KP: 7584: sleeping to allow threads enough time
KP: 7584: waking up from sleep (0)
For multithreaded run ramp r:-1-w:30-u:70-d:1
	 671211 total ops (664640 puts + 0 gets + 6571 dels)
	 2000000 in runtime (usecs) = 2 secs = 0.335606 ops/usec
	 332320.000000 op/sec put throughput (all threads)
	 0.000000 op/sec get throughput (all threads)
	 3285.500000 op/sec del throughput (all threads)
	 335605.500000 op/sec total throughput (all threads)
	 Conflicts in worker thread: 0 (of 83902 commits)
	 Errors in worker thread: 0
	 Put errors: 0, Del errors: 0, Get errors: 0
***END OF RAMP-UP-THREADS OUTPUT***

KP: 7584: pinned new thread to CPU=0x0
KP: 7584: sleeping to allow threads enough time
KP: 7584: pinned new thread to CPU=0x0
KP: 7584: sleeping to allow threads enough time
KP: 7584: pinned new thread to CPU=0x0
KP: 7584: sleeping to allow threads enough time
KP: 7584: pinned new thread to CPU=0x0
KP: 7584: sleeping to allow threads enough time
KP: 7584: pinned new thread to CPU=0x0
KP: 7584: sleeping to allow threads enough time
KP: 7584: waking up from sleep (0)
For multithreaded run ramp r:99-w:0-u:0-d:1
	 1100800 total ops (0 puts + 1089923 gets + 10877 dels)
	 2000000 in runtime (usecs) = 2 secs = 0.550400 ops/usec
	 0.000000 op/sec put throughput (all threads)
	 544961.500000 op/sec get throughput (all threads)
	 5438.500000 op/sec del throughput (all threads)
	 550400.000000 op/sec total throughput (all threads)
	 Conflicts in worker thread: 0 (of 1360 commits)
	 Errors in worker thread: 0
	 Put errors: 0, Del errors: 0, Get errors: 0
***END OF RAMP-UP-THREADS OUTPUT***

***CONCLUDING THREAD EVALUATION***
