KP: 4288: Using 16 for local hash table size (same as merge frequency), 1610000 for master hash table size
KP: 4288: Total memory allocation size (just evaluation, not kv stores themselves) could be up to 0 bytes (0 MB)
Will create 805000 random integers for each child thread
Now starting evaluation for key-value store: Masstree
On 16 cores
Running on storage platform: disk
Starting single-threaded tests

*** BEGINING SINGLE THREADED TESTS***

***NOW DOING LATENCY TEST ON INDIVIDUAL FUNCTIONS ***
For put-insert: 
	 time elapsed 0:18272 (sec:usec) = 18272 usecs 
	 iterations 10000 (merge every 8 -> 1250 merges)
	 average cost 1.827200 usecs
	 Conflicts: 0 (of 1249 commits)

For put-append: 
	 time elapsed 0:54756 (sec:usec) = 54756 usecs 
	 iterations 30000 (merge every 8 -> 3750 merges)
	 average cost 1.825200 usecs
	 Conflicts: 0 (of 3747 commits)

For get: 
	 time elapsed 0:21209 (sec:usec) = 21209 usecs 
	 iterations 30000 (merge every 8 -> 3750 merges)
	 average cost 0.706967 usecs
	 Conflicts: 0 (of 0 commits)

For delete: 
	 time elapsed 0:20824 (sec:usec) = 20824 usecs 
	 iterations 30000 (merge every 8 -> 3750 merges)
	 average cost 0.694133 usecs
	 Conflicts: 0 (of 3747 commits)


*** CONCLUDING SINGLE THREADED TESTS***

Starting multi-threaded tests: num_threads=2, NUM_CPUS=16
KP: 4288: pinned new thread to CPU=0x0
KP: 4288: pinned new thread to CPU=0x1
KP: 4288: sleeping to allow threads enough time
KP: 4288: waking up from sleep (0)
For multithreaded run ramp r:-1-w:30-u:70-d:1
	 767639 total ops (759977 puts + 0 gets + 7662 dels)
	 2000000 in runtime (usecs) = 2 secs = 0.383819 ops/usec
	 379988.500000 op/sec put throughput (all threads)
	 0.000000 op/sec get throughput (all threads)
	 3831.000000 op/sec del throughput (all threads)
	 383819.500000 op/sec total throughput (all threads)
	 Conflicts in worker thread: 0 (of 95955 commits)
	 Errors in worker thread: 0
	 Put errors: 0, Del errors: 0, Get errors: 0
***END OF RAMP-UP-THREADS OUTPUT***

KP: 4288: pinned new thread to CPU=0x0
KP: 4288: pinned new thread to CPU=0x1
KP: 4288: sleeping to allow threads enough time
KP: 4288: pinned new thread to CPU=0x0
KP: 4288: pinned new thread to CPU=0x1
KP: 4288: sleeping to allow threads enough time
KP: 4288: pinned new thread to CPU=0x0
KP: 4288: pinned new thread to CPU=0x1
KP: 4288: sleeping to allow threads enough time
KP: 4288: pinned new thread to CPU=0x0
KP: 4288: pinned new thread to CPU=0x1
KP: 4288: sleeping to allow threads enough time
KP: 4288: pinned new thread to CPU=0x0
KP: 4288: pinned new thread to CPU=0x1
KP: 4288: sleeping to allow threads enough time
KP: 4288: waking up from sleep (0)
For multithreaded run ramp r:99-w:0-u:0-d:1
	 4645927 total ops (0 puts + 4599820 gets + 46107 dels)
	 2000000 in runtime (usecs) = 2 secs = 2.322963 ops/usec
	 0.000000 op/sec put throughput (all threads)
	 2299910.000000 op/sec get throughput (all threads)
	 23053.500000 op/sec del throughput (all threads)
	 2322963.500000 op/sec total throughput (all threads)
	 Conflicts in worker thread: 0 (of 5764 commits)
	 Errors in worker thread: 0
	 Put errors: 0, Del errors: 0, Get errors: 0
***END OF RAMP-UP-THREADS OUTPUT***

***CONCLUDING THREAD EVALUATION***
