KP: 5088: Using 16 for local hash table size (same as merge frequency), 1610000 for master hash table size
KP: 5088: Total memory allocation size (just evaluation, not kv stores themselves) could be up to 0 bytes (0 MB)
Will create 1610000 random integers for each child thread
Now starting evaluation for key-value store: Masstree
On 16 cores
Running on storage platform: disk
Starting single-threaded tests

*** BEGINING SINGLE THREADED TESTS***

***NOW DOING LATENCY TEST ON INDIVIDUAL FUNCTIONS ***
For put-insert: 
	 time elapsed 0:47417 (sec:usec) = 47417 usecs 
	 iterations 50000 (merge every 8 -> 6250 merges)
	 average cost 0.948340 usecs
	 Conflicts: 0 (of 6249 commits)

For put-append: 
	 time elapsed 0:142082 (sec:usec) = 142082 usecs 
	 iterations 150000 (merge every 8 -> 18750 merges)
	 average cost 0.947213 usecs
	 Conflicts: 0 (of 18747 commits)

For get: 
	 time elapsed 0:105284 (sec:usec) = 105284 usecs 
	 iterations 150000 (merge every 8 -> 18750 merges)
	 average cost 0.701893 usecs
	 Conflicts: 0 (of 0 commits)

For delete: 
	 time elapsed 0:107253 (sec:usec) = 107253 usecs 
	 iterations 150000 (merge every 8 -> 18750 merges)
	 average cost 0.715020 usecs
	 Conflicts: 0 (of 18747 commits)


*** CONCLUDING SINGLE THREADED TESTS***

Starting multi-threaded tests: num_threads=1, NUM_CPUS=16
KP: 5088: pinned new thread to CPU=0x0
KP: 5088: sleeping to allow threads enough time
KP: 5088: waking up from sleep (0)
For multithreaded run ramp r:-1-w:30-u:70-d:1
	 2172545 total ops (2150511 puts + 0 gets + 22034 dels)
	 2000000 in runtime (usecs) = 2 secs = 1.086272 ops/usec
	 1075255.500000 op/sec put throughput (all threads)
	 0.000000 op/sec get throughput (all threads)
	 11017.000000 op/sec del throughput (all threads)
	 1086272.500000 op/sec total throughput (all threads)
	 Conflicts in worker thread: 0 (of 271569 commits)
	 Errors in worker thread: 0
	 Put errors: 0, Del errors: 0, Get errors: 0
***END OF RAMP-UP-THREADS OUTPUT***

KP: 5088: pinned new thread to CPU=0x0
KP: 5088: sleeping to allow threads enough time
KP: 5088: pinned new thread to CPU=0x0
KP: 5088: sleeping to allow threads enough time
KP: 5088: pinned new thread to CPU=0x0
KP: 5088: sleeping to allow threads enough time
KP: 5088: pinned new thread to CPU=0x0
KP: 5088: sleeping to allow threads enough time
KP: 5088: pinned new thread to CPU=0x0
KP: 5088: sleeping to allow threads enough time
KP: 5088: waking up from sleep (0)
For multithreaded run ramp r:99-w:0-u:0-d:1
	 2928090 total ops (0 puts + 2898706 gets + 29384 dels)
	 2000000 in runtime (usecs) = 2 secs = 1.464045 ops/usec
	 0.000000 op/sec put throughput (all threads)
	 1449353.000000 op/sec get throughput (all threads)
	 14692.000000 op/sec del throughput (all threads)
	 1464045.000000 op/sec total throughput (all threads)
	 Conflicts in worker thread: 0 (of 3673 commits)
	 Errors in worker thread: 0
	 Put errors: 0, Del errors: 0, Get errors: 0
***END OF RAMP-UP-THREADS OUTPUT***

***CONCLUDING THREAD EVALUATION***
