KP: 9664: Using 16 for local hash table size (same as merge frequency), 1610000 for master hash table size
KP: 9664: Total memory allocation size (just evaluation, not kv stores themselves) could be up to 0 bytes (0 MB)
Will create 1610000 random integers for each child thread
Now starting evaluation for key-value store: Masstree
On 16 cores
Running on storage platform: disk
Starting single-threaded tests

*** BEGINING SINGLE THREADED TESTS***

***NOW DOING LATENCY TEST ON INDIVIDUAL FUNCTIONS ***
For put-insert: 
	 time elapsed 0:13971 (sec:usec) = 13971 usecs 
	 iterations 10000 (merge every 8 -> 1250 merges)
	 average cost 1.397100 usecs
	 Conflicts: 0 (of 1249 commits)

For put-append: 
	 time elapsed 0:49202 (sec:usec) = 49202 usecs 
	 iterations 30000 (merge every 8 -> 3750 merges)
	 average cost 1.640067 usecs
	 Conflicts: 0 (of 3747 commits)

For get: 
	 time elapsed 0:12074 (sec:usec) = 12074 usecs 
	 iterations 30000 (merge every 8 -> 3750 merges)
	 average cost 0.402467 usecs
	 Conflicts: 0 (of 0 commits)

For delete: 
	 time elapsed 0:11074 (sec:usec) = 11074 usecs 
	 iterations 30000 (merge every 8 -> 3750 merges)
	 average cost 0.369133 usecs
	 Conflicts: 0 (of 3747 commits)


*** CONCLUDING SINGLE THREADED TESTS***

Starting multi-threaded tests: num_threads=1, NUM_CPUS=16
KP: 9664: pinned new thread to CPU=0x0
KP: 9664: sleeping to allow threads enough time
KP: 9664: waking up from sleep (0)
For multithreaded run ramp r:-1-w:30-u:70-d:1
	 1546972 total ops (1531721 puts + 0 gets + 15251 dels)
	 2000000 in runtime (usecs) = 2 secs = 0.773486 ops/usec
	 765860.500000 op/sec put throughput (all threads)
	 0.000000 op/sec get throughput (all threads)
	 7625.500000 op/sec del throughput (all threads)
	 773486.000000 op/sec total throughput (all threads)
	 Conflicts in worker thread: 0 (of 193372 commits)
	 Errors in worker thread: 0
	 Put errors: 0, Del errors: 0, Get errors: 0
***END OF RAMP-UP-THREADS OUTPUT***

KP: 9664: pinned new thread to CPU=0x0
KP: 9664: sleeping to allow threads enough time
KP: 9664: pinned new thread to CPU=0x0
KP: 9664: sleeping to allow threads enough time
KP: 9664: pinned new thread to CPU=0x0
KP: 9664: sleeping to allow threads enough time
KP: 9664: pinned new thread to CPU=0x0
KP: 9664: sleeping to allow threads enough time
KP: 9664: pinned new thread to CPU=0x0
KP: 9664: sleeping to allow threads enough time
KP: 9664: waking up from sleep (0)
For multithreaded run ramp r:99-w:0-u:0-d:1
	 5254796 total ops (0 puts + 5203365 gets + 51431 dels)
	 2000000 in runtime (usecs) = 2 secs = 2.627398 ops/usec
	 0.000000 op/sec put throughput (all threads)
	 2601682.500000 op/sec get throughput (all threads)
	 25715.498047 op/sec del throughput (all threads)
	 2627398.000000 op/sec total throughput (all threads)
	 Conflicts in worker thread: 0 (of 6429 commits)
	 Errors in worker thread: 0
	 Put errors: 0, Del errors: 0, Get errors: 0
***END OF RAMP-UP-THREADS OUTPUT***

***CONCLUDING THREAD EVALUATION***
