KP: 3568: Using 16 for local hash table size (same as merge frequency), 1610000 for master hash table size
KP: 3568: Total memory allocation size (just evaluation, not kv stores themselves) could be up to 0 bytes (0 MB)
Will create 1610000 random integers for each child thread
Now starting evaluation for key-value store: Masstree
On 16 cores
Running on storage platform: disk
Starting single-threaded tests

*** BEGINING SINGLE THREADED TESTS***

***NOW DOING LATENCY TEST ON INDIVIDUAL FUNCTIONS ***
For put-insert: 
	 time elapsed 0:12704 (sec:usec) = 12704 usecs 
	 iterations 10000 (merge every 8 -> 1250 merges)
	 average cost 1.270400 usecs
	 Conflicts: 0 (of 1249 commits)

For put-append: 
	 time elapsed 0:33457 (sec:usec) = 33457 usecs 
	 iterations 30000 (merge every 8 -> 3750 merges)
	 average cost 1.115233 usecs
	 Conflicts: 0 (of 3747 commits)

For get: 
	 time elapsed 0:20929 (sec:usec) = 20929 usecs 
	 iterations 30000 (merge every 8 -> 3750 merges)
	 average cost 0.697633 usecs
	 Conflicts: 0 (of 0 commits)

For delete: 
	 time elapsed 0:20611 (sec:usec) = 20611 usecs 
	 iterations 30000 (merge every 8 -> 3750 merges)
	 average cost 0.687033 usecs
	 Conflicts: 0 (of 3747 commits)


*** CONCLUDING SINGLE THREADED TESTS***

Starting multi-threaded tests: num_threads=1, NUM_CPUS=16
KP: 3568: pinned new thread to CPU=0x0
KP: 3568: sleeping to allow threads enough time
KP: 3568: waking up from sleep (0)
For multithreaded run ramp r:-1-w:30-u:70-d:1
	 1806839 total ops (1788980 puts + 0 gets + 17859 dels)
	 2000000 in runtime (usecs) = 2 secs = 0.903419 ops/usec
	 894490.000000 op/sec put throughput (all threads)
	 0.000000 op/sec get throughput (all threads)
	 8929.500000 op/sec del throughput (all threads)
	 903419.500000 op/sec total throughput (all threads)
	 Conflicts in worker thread: 0 (of 225855 commits)
	 Errors in worker thread: 0
	 Put errors: 0, Del errors: 0, Get errors: 0
***END OF RAMP-UP-THREADS OUTPUT***

KP: 3568: pinned new thread to CPU=0x0
KP: 3568: sleeping to allow threads enough time
KP: 3568: pinned new thread to CPU=0x0
KP: 3568: sleeping to allow threads enough time
KP: 3568: pinned new thread to CPU=0x0
KP: 3568: sleeping to allow threads enough time
KP: 3568: pinned new thread to CPU=0x0
KP: 3568: sleeping to allow threads enough time
KP: 3568: pinned new thread to CPU=0x0
KP: 3568: sleeping to allow threads enough time
KP: 3568: waking up from sleep (0)
For multithreaded run ramp r:99-w:0-u:0-d:1
	 2925907 total ops (0 puts + 2896687 gets + 29220 dels)
	 2000000 in runtime (usecs) = 2 secs = 1.462953 ops/usec
	 0.000000 op/sec put throughput (all threads)
	 1448343.500000 op/sec get throughput (all threads)
	 14610.000000 op/sec del throughput (all threads)
	 1462953.500000 op/sec total throughput (all threads)
	 Conflicts in worker thread: 0 (of 3653 commits)
	 Errors in worker thread: 0
	 Put errors: 0, Del errors: 0, Get errors: 0
***END OF RAMP-UP-THREADS OUTPUT***

***CONCLUDING THREAD EVALUATION***
