KP: 4976: Using 16 for local hash table size (same as merge frequency), 1610000 for master hash table size
KP: 4976: Total memory allocation size (just evaluation, not kv stores themselves) could be up to 0 bytes (0 MB)
Will create 1610000 random integers for each child thread
Now starting evaluation for key-value store: Masstree
On 16 cores
Running on storage platform: disk
Starting single-threaded tests

*** BEGINING SINGLE THREADED TESTS***

***NOW DOING LATENCY TEST ON INDIVIDUAL FUNCTIONS ***
For put-insert: 
	 time elapsed 0:18375 (sec:usec) = 18375 usecs 
	 iterations 10000 (merge every 8 -> 1250 merges)
	 average cost 1.837500 usecs
	 Conflicts: 0 (of 1249 commits)

For put-append: 
	 time elapsed 0:59038 (sec:usec) = 59038 usecs 
	 iterations 30000 (merge every 8 -> 3750 merges)
	 average cost 1.967933 usecs
	 Conflicts: 0 (of 3747 commits)

For get: 
	 time elapsed 0:21389 (sec:usec) = 21389 usecs 
	 iterations 30000 (merge every 8 -> 3750 merges)
	 average cost 0.712967 usecs
	 Conflicts: 0 (of 0 commits)

For delete: 
	 time elapsed 0:20622 (sec:usec) = 20622 usecs 
	 iterations 30000 (merge every 8 -> 3750 merges)
	 average cost 0.687400 usecs
	 Conflicts: 0 (of 3747 commits)


*** CONCLUDING SINGLE THREADED TESTS***

Starting multi-threaded tests: num_threads=1, NUM_CPUS=16
KP: 4976: pinned new thread to CPU=0x0
KP: 4976: sleeping to allow threads enough time
KP: 4976: waking up from sleep (0)
For multithreaded run ramp r:-1-w:30-u:70-d:1
	 1217840 total ops (1205671 puts + 0 gets + 12169 dels)
	 2000000 in runtime (usecs) = 2 secs = 0.608920 ops/usec
	 602835.500000 op/sec put throughput (all threads)
	 0.000000 op/sec get throughput (all threads)
	 6084.500000 op/sec del throughput (all threads)
	 608920.000000 op/sec total throughput (all threads)
	 Conflicts in worker thread: 0 (of 152230 commits)
	 Errors in worker thread: 0
	 Put errors: 0, Del errors: 0, Get errors: 0
***END OF RAMP-UP-THREADS OUTPUT***

KP: 4976: pinned new thread to CPU=0x0
KP: 4976: sleeping to allow threads enough time
KP: 4976: pinned new thread to CPU=0x0
KP: 4976: sleeping to allow threads enough time
KP: 4976: pinned new thread to CPU=0x0
KP: 4976: sleeping to allow threads enough time
KP: 4976: pinned new thread to CPU=0x0
KP: 4976: sleeping to allow threads enough time
KP: 4976: pinned new thread to CPU=0x0
KP: 4976: sleeping to allow threads enough time
KP: 4976: waking up from sleep (0)
For multithreaded run ramp r:99-w:0-u:0-d:1
	 2925612 total ops (0 puts + 2896444 gets + 29168 dels)
	 2000000 in runtime (usecs) = 2 secs = 1.462806 ops/usec
	 0.000000 op/sec put throughput (all threads)
	 1448222.000000 op/sec get throughput (all threads)
	 14584.000977 op/sec del throughput (all threads)
	 1462806.000000 op/sec total throughput (all threads)
	 Conflicts in worker thread: 0 (of 3646 commits)
	 Errors in worker thread: 0
	 Put errors: 0, Del errors: 0, Get errors: 0
***END OF RAMP-UP-THREADS OUTPUT***

***CONCLUDING THREAD EVALUATION***
