KP: 6128: Using 16 for local hash table size (same as merge frequency), 1610000 for master hash table size
KP: 6128: Total memory allocation size (just evaluation, not kv stores themselves) could be up to 0 bytes (0 MB)
Will create 1610000 random integers for each child thread
Now starting evaluation for key-value store: Masstree
On 16 cores
Running on storage platform: disk
Starting single-threaded tests

*** BEGINING SINGLE THREADED TESTS***

***NOW DOING LATENCY TEST ON INDIVIDUAL FUNCTIONS ***
For put-insert: 
	 time elapsed 0:42643 (sec:usec) = 42643 usecs 
	 iterations 10000 (merge every 8 -> 1250 merges)
	 average cost 4.264300 usecs
	 Conflicts: 0 (of 1249 commits)

For put-append: 
	 time elapsed 0:144308 (sec:usec) = 144308 usecs 
	 iterations 30000 (merge every 8 -> 3750 merges)
	 average cost 4.810266 usecs
	 Conflicts: 0 (of 3747 commits)

For get: 
	 time elapsed 0:28379 (sec:usec) = 28379 usecs 
	 iterations 30000 (merge every 8 -> 3750 merges)
	 average cost 0.945967 usecs
	 Conflicts: 0 (of 0 commits)

For delete: 
	 time elapsed 0:20695 (sec:usec) = 20695 usecs 
	 iterations 30000 (merge every 8 -> 3750 merges)
	 average cost 0.689833 usecs
	 Conflicts: 0 (of 3747 commits)


*** CONCLUDING SINGLE THREADED TESTS***

Starting multi-threaded tests: num_threads=1, NUM_CPUS=16
KP: 6128: pinned new thread to CPU=0x0
KP: 6128: sleeping to allow threads enough time
KP: 6128: waking up from sleep (0)
For multithreaded run ramp r:-1-w:30-u:70-d:1
	 522167 total ops (517131 puts + 0 gets + 5036 dels)
	 2000000 in runtime (usecs) = 2 secs = 0.261084 ops/usec
	 258565.500000 op/sec put throughput (all threads)
	 0.000000 op/sec get throughput (all threads)
	 2518.000244 op/sec del throughput (all threads)
	 261083.515625 op/sec total throughput (all threads)
	 Conflicts in worker thread: 0 (of 65271 commits)
	 Errors in worker thread: 0
	 Put errors: 0, Del errors: 0, Get errors: 0
***END OF RAMP-UP-THREADS OUTPUT***

KP: 6128: pinned new thread to CPU=0x0
KP: 6128: sleeping to allow threads enough time
KP: 6128: pinned new thread to CPU=0x0
KP: 6128: sleeping to allow threads enough time
KP: 6128: pinned new thread to CPU=0x0
KP: 6128: sleeping to allow threads enough time
KP: 6128: pinned new thread to CPU=0x0
KP: 6128: sleeping to allow threads enough time
KP: 6128: pinned new thread to CPU=0x0
KP: 6128: sleeping to allow threads enough time
KP: 6128: waking up from sleep (0)
For multithreaded run ramp r:99-w:0-u:0-d:1
	 2917721 total ops (0 puts + 2888889 gets + 28832 dels)
	 2000000 in runtime (usecs) = 2 secs = 1.458861 ops/usec
	 0.000000 op/sec put throughput (all threads)
	 1444444.500000 op/sec get throughput (all threads)
	 14416.000000 op/sec del throughput (all threads)
	 1458860.500000 op/sec total throughput (all threads)
	 Conflicts in worker thread: 0 (of 3604 commits)
	 Errors in worker thread: 0
	 Put errors: 0, Del errors: 0, Get errors: 0
***END OF RAMP-UP-THREADS OUTPUT***

***CONCLUDING THREAD EVALUATION***
