KP: 3312: Using 16 for local hash table size (same as merge frequency), 1610000 for master hash table size
KP: 3312: Total memory allocation size (just evaluation, not kv stores themselves) could be up to 0 bytes (0 MB)
Will create 1610000 random integers for each child thread
Now starting evaluation for key-value store: Masstree
On 16 cores
Running on storage platform: disk
Starting single-threaded tests

*** BEGINING SINGLE THREADED TESTS***

***NOW DOING LATENCY TEST ON INDIVIDUAL FUNCTIONS ***
For put-insert: 
	 time elapsed 0:10313 (sec:usec) = 10313 usecs 
	 iterations 10000 (merge every 8 -> 1250 merges)
	 average cost 1.031300 usecs
	 Conflicts: 0 (of 1249 commits)

For put-append: 
	 time elapsed 0:27628 (sec:usec) = 27628 usecs 
	 iterations 30000 (merge every 8 -> 3750 merges)
	 average cost 0.920933 usecs
	 Conflicts: 0 (of 3747 commits)

For get: 
	 time elapsed 0:20931 (sec:usec) = 20931 usecs 
	 iterations 30000 (merge every 8 -> 3750 merges)
	 average cost 0.697700 usecs
	 Conflicts: 0 (of 0 commits)

For delete: 
	 time elapsed 0:20582 (sec:usec) = 20582 usecs 
	 iterations 30000 (merge every 8 -> 3750 merges)
	 average cost 0.686067 usecs
	 Conflicts: 0 (of 3747 commits)


*** CONCLUDING SINGLE THREADED TESTS***

Starting multi-threaded tests: num_threads=1, NUM_CPUS=16
KP: 3312: pinned new thread to CPU=0x0
KP: 3312: sleeping to allow threads enough time
KP: 3312: waking up from sleep (0)
For multithreaded run ramp r:-1-w:30-u:70-d:1
	 2160780 total ops (2139186 puts + 0 gets + 21594 dels)
	 2000000 in runtime (usecs) = 2 secs = 1.080390 ops/usec
	 1069593.000000 op/sec put throughput (all threads)
	 0.000000 op/sec get throughput (all threads)
	 10797.000000 op/sec del throughput (all threads)
	 1080390.000000 op/sec total throughput (all threads)
	 Conflicts in worker thread: 0 (of 270098 commits)
	 Errors in worker thread: 0
	 Put errors: 0, Del errors: 0, Get errors: 0
***END OF RAMP-UP-THREADS OUTPUT***

KP: 3312: pinned new thread to CPU=0x0
KP: 3312: sleeping to allow threads enough time
KP: 3312: pinned new thread to CPU=0x0
KP: 3312: sleeping to allow threads enough time
KP: 3312: pinned new thread to CPU=0x0
KP: 3312: sleeping to allow threads enough time
KP: 3312: pinned new thread to CPU=0x0
KP: 3312: sleeping to allow threads enough time
KP: 3312: pinned new thread to CPU=0x0
KP: 3312: sleeping to allow threads enough time
KP: 3312: waking up from sleep (0)
For multithreaded run ramp r:99-w:0-u:0-d:1
	 2926326 total ops (0 puts + 2896914 gets + 29412 dels)
	 2000000 in runtime (usecs) = 2 secs = 1.463163 ops/usec
	 0.000000 op/sec put throughput (all threads)
	 1448457.000000 op/sec get throughput (all threads)
	 14706.000000 op/sec del throughput (all threads)
	 1463163.000000 op/sec total throughput (all threads)
	 Conflicts in worker thread: 0 (of 3677 commits)
	 Errors in worker thread: 0
	 Put errors: 0, Del errors: 0, Get errors: 0
***END OF RAMP-UP-THREADS OUTPUT***

***CONCLUDING THREAD EVALUATION***
