KP: 8784: Using 16 for local hash table size (same as merge frequency), 11010000 for master hash table size
KP: 8784: Total memory allocation size (just evaluation, not kv stores themselves) could be up to 0 bytes (0 MB)
Will create 11010000 random integers for each child thread
Now starting evaluation for key-value store: kp_kvstore
On 16 cores
Running on storage platform: disk
Starting single-threaded tests

*** BEGINING SINGLE THREADED TESTS***

***NOW DOING LATENCY TEST ON INDIVIDUAL FUNCTIONS ***
For put-insert: 
	 time elapsed 13:840401 (sec:usec) = 13840401 usecs 
	 iterations 1000000 (merge every 8 -> 125000 merges)
	 average cost 13.840401 usecs
	 Conflicts: 0 (of 124999 commits)

For put-append: 
	 time elapsed 33:447197 (sec:usec) = 33447197 usecs 
	 iterations 3000000 (merge every 8 -> 375000 merges)
	 average cost 11.149065 usecs
	 Conflicts: 0 (of 374997 commits)

For get: 
	 time elapsed 6:856107 (sec:usec) = 6856107 usecs 
	 iterations 3000000 (merge every 8 -> 375000 merges)
	 average cost 2.285369 usecs
	 Conflicts: 0 (of 0 commits)

For delete: 
	 time elapsed 32:440814 (sec:usec) = 32440814 usecs 
	 iterations 3000000 (merge every 8 -> 375000 merges)
	 average cost 10.813604 usecs
	 Conflicts: 0 (of 374997 commits)


*** CONCLUDING SINGLE THREADED TESTS***

Starting multi-threaded tests: num_threads=1, NUM_CPUS=16
KP: 8784: pinned new thread to CPU=0x0
KP: 8784: sleeping to allow threads enough time
KP: 8784: waking up from sleep (0)
For multithreaded run ramp r:-1-w:30-u:70-d:1
	 323448 total ops (320152 puts + 0 gets + 3296 dels)
	 2000000 in runtime (usecs) = 2 secs = 0.161724 ops/usec
	 160076.000000 op/sec put throughput (all threads)
	 0.000000 op/sec get throughput (all threads)
	 1648.000000 op/sec del throughput (all threads)
	 161724.000000 op/sec total throughput (all threads)
	 Conflicts in worker thread: 0 (of 40431 commits)
	 Errors in worker thread: 0
	 Put errors: 0, Del errors: 0, Get errors: 0
***END OF RAMP-UP-THREADS OUTPUT***

KP: 8784: pinned new thread to CPU=0x0
KP: 8784: sleeping to allow threads enough time
KP: 8784: waking up from sleep (0)
For multithreaded run ramp r:19-w:24-u:56-d:1
	 387499 total ops (306246 puts + 77363 gets + 3890 dels)
	 2000000 in runtime (usecs) = 2 secs = 0.193750 ops/usec
	 153123.000000 op/sec put throughput (all threads)
	 38681.500000 op/sec get throughput (all threads)
	 1944.999878 op/sec del throughput (all threads)
	 193749.500000 op/sec total throughput (all threads)
	 Conflicts in worker thread: 0 (of 38767 commits)
	 Errors in worker thread: 0
	 Put errors: 0, Del errors: 0, Get errors: 0
***END OF RAMP-UP-THREADS OUTPUT***

KP: 8784: pinned new thread to CPU=0x0
KP: 8784: sleeping to allow threads enough time
KP: 8784: waking up from sleep (0)
For multithreaded run ramp r:39-w:18-u:42-d:1
	 500495 total ops (295027 puts + 200479 gets + 4989 dels)
	 2000000 in runtime (usecs) = 2 secs = 0.250248 ops/usec
	 147513.515625 op/sec put throughput (all threads)
	 100239.500000 op/sec get throughput (all threads)
	 2494.500000 op/sec del throughput (all threads)
	 250247.515625 op/sec total throughput (all threads)
	 Conflicts in worker thread: 0 (of 37502 commits)
	 Errors in worker thread: 0
	 Put errors: 0, Del errors: 0, Get errors: 0
***END OF RAMP-UP-THREADS OUTPUT***

KP: 8784: pinned new thread to CPU=0x0
KP: 8784: sleeping to allow threads enough time
KP: 8784: waking up from sleep (0)
For multithreaded run ramp r:59-w:12-u:28-d:1
	 685966 total ops (267581 puts + 411542 gets + 6843 dels)
	 2000000 in runtime (usecs) = 2 secs = 0.342983 ops/usec
	 133790.500000 op/sec put throughput (all threads)
	 205771.000000 op/sec get throughput (all threads)
	 3421.500000 op/sec del throughput (all threads)
	 342983.000000 op/sec total throughput (all threads)
	 Conflicts in worker thread: 0 (of 34303 commits)
	 Errors in worker thread: 0
	 Put errors: 0, Del errors: 0, Get errors: 0
***END OF RAMP-UP-THREADS OUTPUT***

KP: 8784: pinned new thread to CPU=0x0
KP: 8784: sleeping to allow threads enough time
KP: 8784: waking up from sleep (0)
For multithreaded run ramp r:79-w:6-u:14-d:1
	 1122579 total ops (213915 puts + 897459 gets + 11205 dels)
	 2000000 in runtime (usecs) = 2 secs = 0.561289 ops/usec
	 106957.500000 op/sec put throughput (all threads)
	 448729.500000 op/sec get throughput (all threads)
	 5602.500000 op/sec del throughput (all threads)
	 561289.500000 op/sec total throughput (all threads)
	 Conflicts in worker thread: 0 (of 28140 commits)
	 Errors in worker thread: 0
	 Put errors: 0, Del errors: 0, Get errors: 0
***END OF RAMP-UP-THREADS OUTPUT***

KP: 8784: pinned new thread to CPU=0x0
KP: 8784: sleeping to allow threads enough time
KP: 8784: waking up from sleep (0)
For multithreaded run ramp r:99-w:0-u:0-d:1
	 3118913 total ops (0 puts + 3087782 gets + 31131 dels)
	 2000000 in runtime (usecs) = 2 secs = 1.559456 ops/usec
	 0.000000 op/sec put throughput (all threads)
	 1543891.000000 op/sec get throughput (all threads)
	 15565.500000 op/sec del throughput (all threads)
	 1559456.500000 op/sec total throughput (all threads)
	 Conflicts in worker thread: 0 (of 3892 commits)
	 Errors in worker thread: 0
	 Put errors: 0, Del errors: 0, Get errors: 0
***END OF RAMP-UP-THREADS OUTPUT***

***CONCLUDING THREAD EVALUATION***
