KP: 9456: Using 16 for local hash table size (same as merge frequency), 1610000 for master hash table size
KP: 9456: Total memory allocation size (just evaluation, not kv stores themselves) could be up to 0 bytes (0 MB)
Will create 1610000 random integers for each child thread
Now starting evaluation for key-value store: kp_kvstore
On 16 cores
Running on storage platform: disk
Starting single-threaded tests

*** BEGINING SINGLE THREADED TESTS***

***NOW DOING LATENCY TEST ON INDIVIDUAL FUNCTIONS ***
For put-insert: 
	 time elapsed 0:162270 (sec:usec) = 162270 usecs 
	 iterations 10000 (merge every 8 -> 1250 merges)
	 average cost 16.226999 usecs
	 Conflicts: 0 (of 1249 commits)

For put-append: 
	 time elapsed 0:387396 (sec:usec) = 387396 usecs 
	 iterations 30000 (merge every 8 -> 3750 merges)
	 average cost 12.913200 usecs
	 Conflicts: 0 (of 3747 commits)

For get: 
	 time elapsed 0:77956 (sec:usec) = 77956 usecs 
	 iterations 30000 (merge every 8 -> 3750 merges)
	 average cost 2.598533 usecs
	 Conflicts: 0 (of 0 commits)

For delete: 
	 time elapsed 0:225934 (sec:usec) = 225934 usecs 
	 iterations 30000 (merge every 8 -> 3750 merges)
	 average cost 7.531133 usecs
	 Conflicts: 0 (of 3747 commits)


*** CONCLUDING SINGLE THREADED TESTS***

Starting multi-threaded tests: num_threads=1, NUM_CPUS=16
KP: 9456: pinned new thread to CPU=0x0
KP: 9456: sleeping to allow threads enough time
KP: 9456: waking up from sleep (0)
For multithreaded run ramp r:-1-w:30-u:70-d:1
	 265040 total ops (262377 puts + 0 gets + 2663 dels)
	 2000000 in runtime (usecs) = 2 secs = 0.132520 ops/usec
	 131188.500000 op/sec put throughput (all threads)
	 0.000000 op/sec get throughput (all threads)
	 1331.500000 op/sec del throughput (all threads)
	 132520.000000 op/sec total throughput (all threads)
	 Conflicts in worker thread: 0 (of 33130 commits)
	 Errors in worker thread: 0
	 Put errors: 0, Del errors: 0, Get errors: 0
***END OF RAMP-UP-THREADS OUTPUT***

KP: 9456: pinned new thread to CPU=0x0
KP: 9456: sleeping to allow threads enough time
KP: 9456: waking up from sleep (0)
For multithreaded run ramp r:19-w:24-u:56-d:1
	 321938 total ops (254141 puts + 64538 gets + 3259 dels)
	 2000000 in runtime (usecs) = 2 secs = 0.160969 ops/usec
	 127070.500000 op/sec put throughput (all threads)
	 32269.000000 op/sec get throughput (all threads)
	 1629.500000 op/sec del throughput (all threads)
	 160969.000000 op/sec total throughput (all threads)
	 Conflicts in worker thread: 0 (of 32175 commits)
	 Errors in worker thread: 0
	 Put errors: 0, Del errors: 0, Get errors: 0
***END OF RAMP-UP-THREADS OUTPUT***

KP: 9456: pinned new thread to CPU=0x0
KP: 9456: sleeping to allow threads enough time
KP: 9456: waking up from sleep (0)
For multithreaded run ramp r:39-w:18-u:42-d:1
	 415358 total ops (245130 puts + 165974 gets + 4254 dels)
	 2000000 in runtime (usecs) = 2 secs = 0.207679 ops/usec
	 122565.000000 op/sec put throughput (all threads)
	 82987.000000 op/sec get throughput (all threads)
	 2127.000000 op/sec del throughput (all threads)
	 207679.000000 op/sec total throughput (all threads)
	 Conflicts in worker thread: 0 (of 31173 commits)
	 Errors in worker thread: 0
	 Put errors: 0, Del errors: 0, Get errors: 0
***END OF RAMP-UP-THREADS OUTPUT***

KP: 9456: pinned new thread to CPU=0x0
KP: 9456: sleeping to allow threads enough time
KP: 9456: waking up from sleep (0)
For multithreaded run ramp r:59-w:12-u:28-d:1
	 587706 total ops (229409 puts + 352338 gets + 5959 dels)
	 2000000 in runtime (usecs) = 2 secs = 0.293853 ops/usec
	 114704.500000 op/sec put throughput (all threads)
	 176169.000000 op/sec get throughput (all threads)
	 2979.500000 op/sec del throughput (all threads)
	 293853.000000 op/sec total throughput (all threads)
	 Conflicts in worker thread: 0 (of 29421 commits)
	 Errors in worker thread: 0
	 Put errors: 0, Del errors: 0, Get errors: 0
***END OF RAMP-UP-THREADS OUTPUT***

KP: 9456: pinned new thread to CPU=0x0
KP: 9456: sleeping to allow threads enough time
KP: 9456: waking up from sleep (0)
For multithreaded run ramp r:79-w:6-u:14-d:1
	 1031770 total ops (195604 puts + 825834 gets + 10332 dels)
	 2000000 in runtime (usecs) = 2 secs = 0.515885 ops/usec
	 97802.000000 op/sec put throughput (all threads)
	 412917.000000 op/sec get throughput (all threads)
	 5166.000000 op/sec del throughput (all threads)
	 515885.000000 op/sec total throughput (all threads)
	 Conflicts in worker thread: 0 (of 25742 commits)
	 Errors in worker thread: 0
	 Put errors: 0, Del errors: 0, Get errors: 0
***END OF RAMP-UP-THREADS OUTPUT***

KP: 9456: pinned new thread to CPU=0x0
KP: 9456: sleeping to allow threads enough time
KP: 9456: waking up from sleep (0)
For multithreaded run ramp r:99-w:0-u:0-d:1
	 4153680 total ops (0 puts + 4111981 gets + 41699 dels)
	 2000000 in runtime (usecs) = 2 secs = 2.076840 ops/usec
	 0.000000 op/sec put throughput (all threads)
	 2055990.500000 op/sec get throughput (all threads)
	 20849.500000 op/sec del throughput (all threads)
	 2076839.875000 op/sec total throughput (all threads)
	 Conflicts in worker thread: 0 (of 5213 commits)
	 Errors in worker thread: 0
	 Put errors: 0, Del errors: 0, Get errors: 0
***END OF RAMP-UP-THREADS OUTPUT***

***CONCLUDING THREAD EVALUATION***
