KP: 8096: Using 4 for local hash table size (same as merge frequency), 1610000 for master hash table size
KP: 8096: Total memory allocation size (just evaluation, not kv stores themselves) could be up to 0 bytes (0 MB)
Will create 1610000 random integers for each child thread
Now starting evaluation for key-value store: kp_kvstore
On 16 cores
Running on storage platform: disk
Starting single-threaded tests

*** BEGINING SINGLE THREADED TESTS***

***NOW DOING LATENCY TEST ON INDIVIDUAL FUNCTIONS ***
For put-insert: 
	 time elapsed 0:197856 (sec:usec) = 197856 usecs 
	 iterations 10000 (merge every 2 -> 5000 merges)
	 average cost 19.785601 usecs
	 Conflicts: 0 (of 4999 commits)

For put-append: 
	 time elapsed 0:495584 (sec:usec) = 495584 usecs 
	 iterations 30000 (merge every 2 -> 15000 merges)
	 average cost 16.519466 usecs
	 Conflicts: 0 (of 14997 commits)

For get: 
	 time elapsed 0:85291 (sec:usec) = 85291 usecs 
	 iterations 30000 (merge every 2 -> 15000 merges)
	 average cost 2.843033 usecs
	 Conflicts: 0 (of 0 commits)

For delete: 
	 time elapsed 0:328046 (sec:usec) = 328046 usecs 
	 iterations 30000 (merge every 2 -> 15000 merges)
	 average cost 10.934867 usecs
	 Conflicts: 0 (of 14997 commits)


*** CONCLUDING SINGLE THREADED TESTS***

Starting multi-threaded tests: num_threads=1, NUM_CPUS=16
KP: 8096: pinned new thread to CPU=0x0
KP: 8096: sleeping to allow threads enough time
KP: 8096: waking up from sleep (0)
For multithreaded run ramp r:-1-w:30-u:70-d:1
	 135796 total ops (134438 puts + 0 gets + 1358 dels)
	 2000000 in runtime (usecs) = 2 secs = 0.067898 ops/usec
	 67219.000000 op/sec put throughput (all threads)
	 0.000000 op/sec get throughput (all threads)
	 679.000000 op/sec del throughput (all threads)
	 67898.000000 op/sec total throughput (all threads)
	 Conflicts in worker thread: 0 (of 67898 commits)
	 Errors in worker thread: 0
	 Put errors: 0, Del errors: 0, Get errors: 0
***END OF RAMP-UP-THREADS OUTPUT***

KP: 8096: pinned new thread to CPU=0x0
KP: 8096: sleeping to allow threads enough time
KP: 8096: waking up from sleep (0)
For multithreaded run ramp r:19-w:24-u:56-d:1
	 165232 total ops (130806 puts + 32816 gets + 1610 dels)
	 2000000 in runtime (usecs) = 2 secs = 0.082616 ops/usec
	 65403.000000 op/sec put throughput (all threads)
	 16408.000000 op/sec get throughput (all threads)
	 805.000000 op/sec del throughput (all threads)
	 82616.000000 op/sec total throughput (all threads)
	 Conflicts in worker thread: 0 (of 66208 commits)
	 Errors in worker thread: 0
	 Put errors: 0, Del errors: 0, Get errors: 0
***END OF RAMP-UP-THREADS OUTPUT***

KP: 8096: pinned new thread to CPU=0x0
KP: 8096: sleeping to allow threads enough time
KP: 8096: waking up from sleep (0)
For multithreaded run ramp r:39-w:18-u:42-d:1
	 213761 total ops (126146 puts + 85499 gets + 2116 dels)
	 2000000 in runtime (usecs) = 2 secs = 0.106881 ops/usec
	 63073.000000 op/sec put throughput (all threads)
	 42749.500000 op/sec get throughput (all threads)
	 1058.000000 op/sec del throughput (all threads)
	 106880.500000 op/sec total throughput (all threads)
	 Conflicts in worker thread: 0 (of 64131 commits)
	 Errors in worker thread: 0
	 Put errors: 0, Del errors: 0, Get errors: 0
***END OF RAMP-UP-THREADS OUTPUT***

KP: 8096: pinned new thread to CPU=0x0
KP: 8096: sleeping to allow threads enough time
KP: 8096: waking up from sleep (0)
For multithreaded run ramp r:59-w:12-u:28-d:1
	 304508 total ops (118477 puts + 183009 gets + 3022 dels)
	 2000000 in runtime (usecs) = 2 secs = 0.152254 ops/usec
	 59238.500000 op/sec put throughput (all threads)
	 91504.500000 op/sec get throughput (all threads)
	 1511.000122 op/sec del throughput (all threads)
	 152254.000000 op/sec total throughput (all threads)
	 Conflicts in worker thread: 0 (of 60750 commits)
	 Errors in worker thread: 0
	 Put errors: 0, Del errors: 0, Get errors: 0
***END OF RAMP-UP-THREADS OUTPUT***

KP: 8096: pinned new thread to CPU=0x0
KP: 8096: sleeping to allow threads enough time
KP: 8096: waking up from sleep (0)
For multithreaded run ramp r:79-w:6-u:14-d:1
	 542000 total ops (102749 puts + 433850 gets + 5401 dels)
	 2000000 in runtime (usecs) = 2 secs = 0.271000 ops/usec
	 51374.500000 op/sec put throughput (all threads)
	 216925.000000 op/sec get throughput (all threads)
	 2700.500000 op/sec del throughput (all threads)
	 271000.000000 op/sec total throughput (all threads)
	 Conflicts in worker thread: 0 (of 54075 commits)
	 Errors in worker thread: 0
	 Put errors: 0, Del errors: 0, Get errors: 0
***END OF RAMP-UP-THREADS OUTPUT***

KP: 8096: pinned new thread to CPU=0x0
KP: 8096: sleeping to allow threads enough time
KP: 8096: waking up from sleep (0)
For multithreaded run ramp r:99-w:0-u:0-d:1
	 2547616 total ops (0 puts + 2522146 gets + 25470 dels)
	 2000000 in runtime (usecs) = 2 secs = 1.273808 ops/usec
	 0.000000 op/sec put throughput (all threads)
	 1261073.000000 op/sec get throughput (all threads)
	 12735.000000 op/sec del throughput (all threads)
	 1273808.000000 op/sec total throughput (all threads)
	 Conflicts in worker thread: 0 (of 12735 commits)
	 Errors in worker thread: 0
	 Put errors: 0, Del errors: 0, Get errors: 0
***END OF RAMP-UP-THREADS OUTPUT***

***CONCLUDING THREAD EVALUATION***
