KP: 6160: Using 64 for local hash table size (same as merge frequency), 1610000 for master hash table size
KP: 6160: Total memory allocation size (just evaluation, not kv stores themselves) could be up to 0 bytes (0 MB)
Will create 1610000 random integers for each child thread
Now starting evaluation for key-value store: kp_kvstore
On 16 cores
Running on storage platform: disk
Starting single-threaded tests

*** BEGINING SINGLE THREADED TESTS***

***NOW DOING LATENCY TEST ON INDIVIDUAL FUNCTIONS ***
For put-insert: 
	 time elapsed 0:162177 (sec:usec) = 162177 usecs 
	 iterations 10000 (merge every 32 -> 312 merges)
	 average cost 16.217699 usecs
	 Conflicts: 0 (of 313 commits)

For put-append: 
	 time elapsed 0:384664 (sec:usec) = 384664 usecs 
	 iterations 30000 (merge every 32 -> 937 merges)
	 average cost 12.822133 usecs
	 Conflicts: 0 (of 939 commits)

For get: 
	 time elapsed 0:87235 (sec:usec) = 87235 usecs 
	 iterations 30000 (merge every 32 -> 937 merges)
	 average cost 2.907833 usecs
	 Conflicts: 0 (of 0 commits)

For delete: 
	 time elapsed 0:226076 (sec:usec) = 226076 usecs 
	 iterations 30000 (merge every 32 -> 937 merges)
	 average cost 7.535867 usecs
	 Conflicts: 0 (of 939 commits)


*** CONCLUDING SINGLE THREADED TESTS***

Starting multi-threaded tests: num_threads=1, NUM_CPUS=16
KP: 6160: pinned new thread to CPU=0x0
KP: 6160: sleeping to allow threads enough time
KP: 6160: waking up from sleep (0)
For multithreaded run ramp r:-1-w:30-u:70-d:1
	 323936 total ops (320700 puts + 0 gets + 3236 dels)
	 2000000 in runtime (usecs) = 2 secs = 0.161968 ops/usec
	 160350.000000 op/sec put throughput (all threads)
	 0.000000 op/sec get throughput (all threads)
	 1618.000000 op/sec del throughput (all threads)
	 161968.000000 op/sec total throughput (all threads)
	 Conflicts in worker thread: 0 (of 10123 commits)
	 Errors in worker thread: 0
	 Put errors: 0, Del errors: 0, Get errors: 0
***END OF RAMP-UP-THREADS OUTPUT***

KP: 6160: pinned new thread to CPU=0x0
KP: 6160: sleeping to allow threads enough time
KP: 6160: waking up from sleep (0)
For multithreaded run ramp r:19-w:24-u:56-d:1
	 394324 total ops (311640 puts + 78804 gets + 3880 dels)
	 2000000 in runtime (usecs) = 2 secs = 0.197162 ops/usec
	 155820.000000 op/sec put throughput (all threads)
	 39402.000000 op/sec get throughput (all threads)
	 1940.000000 op/sec del throughput (all threads)
	 197162.000000 op/sec total throughput (all threads)
	 Conflicts in worker thread: 0 (of 9860 commits)
	 Errors in worker thread: 0
	 Put errors: 0, Del errors: 0, Get errors: 0
***END OF RAMP-UP-THREADS OUTPUT***

KP: 6160: pinned new thread to CPU=0x0
KP: 6160: sleeping to allow threads enough time
KP: 6160: waking up from sleep (0)
For multithreaded run ramp r:39-w:18-u:42-d:1
	 507547 total ops (299323 puts + 203291 gets + 4933 dels)
	 2000000 in runtime (usecs) = 2 secs = 0.253774 ops/usec
	 149661.500000 op/sec put throughput (all threads)
	 101645.500000 op/sec get throughput (all threads)
	 2466.500000 op/sec del throughput (all threads)
	 253773.515625 op/sec total throughput (all threads)
	 Conflicts in worker thread: 0 (of 9508 commits)
	 Errors in worker thread: 0
	 Put errors: 0, Del errors: 0, Get errors: 0
***END OF RAMP-UP-THREADS OUTPUT***

KP: 6160: pinned new thread to CPU=0x0
KP: 6160: sleeping to allow threads enough time
KP: 6160: waking up from sleep (0)
For multithreaded run ramp r:59-w:12-u:28-d:1
	 698954 total ops (273191 puts + 418954 gets + 6809 dels)
	 2000000 in runtime (usecs) = 2 secs = 0.349477 ops/usec
	 136595.500000 op/sec put throughput (all threads)
	 209477.000000 op/sec get throughput (all threads)
	 3404.500000 op/sec del throughput (all threads)
	 349477.000000 op/sec total throughput (all threads)
	 Conflicts in worker thread: 0 (of 8750 commits)
	 Errors in worker thread: 0
	 Put errors: 0, Del errors: 0, Get errors: 0
***END OF RAMP-UP-THREADS OUTPUT***

KP: 6160: pinned new thread to CPU=0x0
KP: 6160: sleeping to allow threads enough time
KP: 6160: waking up from sleep (0)
For multithreaded run ramp r:79-w:6-u:14-d:1
	 1168156 total ops (222829 puts + 933760 gets + 11567 dels)
	 2000000 in runtime (usecs) = 2 secs = 0.584078 ops/usec
	 111414.500000 op/sec put throughput (all threads)
	 466880.000000 op/sec get throughput (all threads)
	 5783.500000 op/sec del throughput (all threads)
	 584078.000000 op/sec total throughput (all threads)
	 Conflicts in worker thread: 0 (of 7325 commits)
	 Errors in worker thread: 0
	 Put errors: 0, Del errors: 0, Get errors: 0
***END OF RAMP-UP-THREADS OUTPUT***

KP: 6160: pinned new thread to CPU=0x0
KP: 6160: sleeping to allow threads enough time
KP: 6160: waking up from sleep (0)
For multithreaded run ramp r:99-w:0-u:0-d:1
	 3465908 total ops (0 puts + 3431859 gets + 34049 dels)
	 2000000 in runtime (usecs) = 2 secs = 1.732954 ops/usec
	 0.000000 op/sec put throughput (all threads)
	 1715929.500000 op/sec get throughput (all threads)
	 17024.500000 op/sec del throughput (all threads)
	 1732954.000000 op/sec total throughput (all threads)
	 Conflicts in worker thread: 0 (of 1065 commits)
	 Errors in worker thread: 0
	 Put errors: 0, Del errors: 0, Get errors: 0
***END OF RAMP-UP-THREADS OUTPUT***

***CONCLUDING THREAD EVALUATION***
