KP: 4240: Using 16 for local hash table size (same as merge frequency), 1610000 for master hash table size
KP: 4240: Total memory allocation size (just evaluation, not kv stores themselves) could be up to 0 bytes (0 MB)
Will create 201250 random integers for each child thread
Now starting evaluation for key-value store: kp_kvstore
On 16 cores
Running on storage platform: disk
Starting single-threaded tests

*** BEGINING SINGLE THREADED TESTS***

***NOW DOING LATENCY TEST ON INDIVIDUAL FUNCTIONS ***
For put-insert: 
	 time elapsed 0:168633 (sec:usec) = 168633 usecs 
	 iterations 10000 (merge every 8 -> 1250 merges)
	 average cost 16.863300 usecs
	 Conflicts: 0 (of 1249 commits)

For put-append: 
	 time elapsed 0:404993 (sec:usec) = 404993 usecs 
	 iterations 30000 (merge every 8 -> 3750 merges)
	 average cost 13.499766 usecs
	 Conflicts: 0 (of 3747 commits)

For get: 
	 time elapsed 0:84771 (sec:usec) = 84771 usecs 
	 iterations 30000 (merge every 8 -> 3750 merges)
	 average cost 2.825700 usecs
	 Conflicts: 0 (of 0 commits)

For delete: 
	 time elapsed 0:243467 (sec:usec) = 243467 usecs 
	 iterations 30000 (merge every 8 -> 3750 merges)
	 average cost 8.115566 usecs
	 Conflicts: 0 (of 3747 commits)


*** CONCLUDING SINGLE THREADED TESTS***

Starting multi-threaded tests: num_threads=8, NUM_CPUS=16
KP: 4240: pinned new thread to CPU=0x0
KP: 4240: pinned new thread to CPU=0x1
KP: 4240: pinned new thread to CPU=0x2
KP: 4240: pinned new thread to CPU=0x3
KP: 4240: pinned new thread to CPU=0x4
KP: 4240: pinned new thread to CPU=0x5
KP: 4240: pinned new thread to CPU=0x6
KP: 4240: pinned new thread to CPU=0x7
KP: 4240: sleeping to allow threads enough time
KP: 4240: waking up from sleep (0)
For multithreaded run ramp r:-1-w:30-u:70-d:1
	 1624768 total ops (1609124 puts + 0 gets + 15644 dels)
	 2000000 in runtime (usecs) = 2 secs = 0.812384 ops/usec
	 804562.000000 op/sec put throughput (all threads)
	 0.000000 op/sec get throughput (all threads)
	 7822.000000 op/sec del throughput (all threads)
	 812384.000000 op/sec total throughput (all threads)
	 Conflicts in worker thread: 178788 (of 203096 commits)
	 Errors in worker thread: 0
	 Put errors: 0, Del errors: 0, Get errors: 0
***END OF RAMP-UP-THREADS OUTPUT***

KP: 4240: pinned new thread to CPU=0x0
KP: 4240: pinned new thread to CPU=0x1
KP: 4240: pinned new thread to CPU=0x2
KP: 4240: pinned new thread to CPU=0x3
KP: 4240: pinned new thread to CPU=0x4
KP: 4240: pinned new thread to CPU=0x5
KP: 4240: pinned new thread to CPU=0x6
KP: 4240: pinned new thread to CPU=0x7
KP: 4240: sleeping to allow threads enough time
KP: 4240: waking up from sleep (0)
For multithreaded run ramp r:19-w:24-u:56-d:1
	 1972767 total ops (1556420 puts + 396958 gets + 19389 dels)
	 2000000 in runtime (usecs) = 2 secs = 0.986383 ops/usec
	 778210.000000 op/sec put throughput (all threads)
	 198479.000000 op/sec get throughput (all threads)
	 9694.500000 op/sec del throughput (all threads)
	 986383.500000 op/sec total throughput (all threads)
	 Conflicts in worker thread: 173077 (of 196978 commits)
	 Errors in worker thread: 0
	 Put errors: 0, Del errors: 0, Get errors: 0
***END OF RAMP-UP-THREADS OUTPUT***

KP: 4240: pinned new thread to CPU=0x0
KP: 4240: pinned new thread to CPU=0x1
KP: 4240: pinned new thread to CPU=0x2
KP: 4240: pinned new thread to CPU=0x3
KP: 4240: pinned new thread to CPU=0x4
KP: 4240: pinned new thread to CPU=0x5
KP: 4240: pinned new thread to CPU=0x6
KP: 4240: pinned new thread to CPU=0x7
KP: 4240: sleeping to allow threads enough time
KP: 4240: waking up from sleep (0)
For multithreaded run ramp r:39-w:18-u:42-d:1
	 2504919 total ops (1475227 puts + 1005279 gets + 24413 dels)
	 2000000 in runtime (usecs) = 2 secs = 1.252460 ops/usec
	 737613.500000 op/sec put throughput (all threads)
	 502639.500000 op/sec get throughput (all threads)
	 12206.500000 op/sec del throughput (all threads)
	 1252459.500000 op/sec total throughput (all threads)
	 Conflicts in worker thread: 164208 (of 187455 commits)
	 Errors in worker thread: 0
	 Put errors: 0, Del errors: 0, Get errors: 0
***END OF RAMP-UP-THREADS OUTPUT***

KP: 4240: pinned new thread to CPU=0x0
KP: 4240: pinned new thread to CPU=0x1
KP: 4240: pinned new thread to CPU=0x2
KP: 4240: pinned new thread to CPU=0x3
KP: 4240: pinned new thread to CPU=0x4
KP: 4240: pinned new thread to CPU=0x5
KP: 4240: pinned new thread to CPU=0x6
KP: 4240: pinned new thread to CPU=0x7
KP: 4240: sleeping to allow threads enough time
KP: 4240: waking up from sleep (0)
For multithreaded run ramp r:59-w:12-u:28-d:1
	 3420901 total ops (1332379 puts + 2055601 gets + 32921 dels)
	 2000000 in runtime (usecs) = 2 secs = 1.710451 ops/usec
	 666189.500000 op/sec put throughput (all threads)
	 1027800.500000 op/sec get throughput (all threads)
	 16460.500000 op/sec del throughput (all threads)
	 1710450.500000 op/sec total throughput (all threads)
	 Conflicts in worker thread: 148756 (of 170664 commits)
	 Errors in worker thread: 0
	 Put errors: 0, Del errors: 0, Get errors: 0
***END OF RAMP-UP-THREADS OUTPUT***

KP: 4240: pinned new thread to CPU=0x0
KP: 4240: pinned new thread to CPU=0x1
KP: 4240: pinned new thread to CPU=0x2
KP: 4240: pinned new thread to CPU=0x3
KP: 4240: pinned new thread to CPU=0x4
KP: 4240: pinned new thread to CPU=0x5
KP: 4240: pinned new thread to CPU=0x6
KP: 4240: pinned new thread to CPU=0x7
KP: 4240: sleeping to allow threads enough time
KP: 4240: waking up from sleep (0)
For multithreaded run ramp r:79-w:6-u:14-d:1
	 5578013 total ops (1055454 puts + 4467678 gets + 54881 dels)
	 2000000 in runtime (usecs) = 2 secs = 2.789006 ops/usec
	 527727.000000 op/sec put throughput (all threads)
	 2233839.000000 op/sec get throughput (all threads)
	 27440.500000 op/sec del throughput (all threads)
	 2789006.500000 op/sec total throughput (all threads)
	 Conflicts in worker thread: 119738 (of 138793 commits)
	 Errors in worker thread: 0
	 Put errors: 0, Del errors: 0, Get errors: 0
***END OF RAMP-UP-THREADS OUTPUT***

KP: 4240: pinned new thread to CPU=0x0
KP: 4240: pinned new thread to CPU=0x1
KP: 4240: pinned new thread to CPU=0x2
KP: 4240: pinned new thread to CPU=0x3
KP: 4240: pinned new thread to CPU=0x4
KP: 4240: pinned new thread to CPU=0x5
KP: 4240: pinned new thread to CPU=0x6
KP: 4240: pinned new thread to CPU=0x7
KP: 4240: sleeping to allow threads enough time
KP: 4240: waking up from sleep (0)
For multithreaded run ramp r:99-w:0-u:0-d:1
	 18397401 total ops (0 puts + 18217353 gets + 180048 dels)
	 2000000 in runtime (usecs) = 2 secs = 9.198700 ops/usec
	 0.000000 op/sec put throughput (all threads)
	 9108676.000000 op/sec get throughput (all threads)
	 90024.000000 op/sec del throughput (all threads)
	 9198700.000000 op/sec total throughput (all threads)
	 Conflicts in worker thread: 18971 (of 22506 commits)
	 Errors in worker thread: 0
	 Put errors: 0, Del errors: 0, Get errors: 0
***END OF RAMP-UP-THREADS OUTPUT***

***CONCLUDING THREAD EVALUATION***
