KP: 7008: Using 16 for local hash table size (same as merge frequency), 1610000 for master hash table size
KP: 7008: Total memory allocation size (just evaluation, not kv stores themselves) could be up to 0 bytes (0 MB)
Will create 1610000 random integers for each child thread
Now starting evaluation for key-value store: kp_kvstore
On 16 cores
Running on storage platform: disk
Starting single-threaded tests

*** BEGINING SINGLE THREADED TESTS***

***NOW DOING LATENCY TEST ON INDIVIDUAL FUNCTIONS ***
For put-insert: 
	 time elapsed 0:129117 (sec:usec) = 129117 usecs 
	 iterations 10000 (merge every 8 -> 1250 merges)
	 average cost 12.911700 usecs
	 Conflicts: 0 (of 1249 commits)

For put-append: 
	 time elapsed 0:287301 (sec:usec) = 287301 usecs 
	 iterations 30000 (merge every 8 -> 3750 merges)
	 average cost 9.576700 usecs
	 Conflicts: 0 (of 3747 commits)

For get: 
	 time elapsed 0:28931 (sec:usec) = 28931 usecs 
	 iterations 30000 (merge every 8 -> 3750 merges)
	 average cost 0.964367 usecs
	 Conflicts: 0 (of 0 commits)

For delete: 
	 time elapsed 0:243602 (sec:usec) = 243602 usecs 
	 iterations 30000 (merge every 8 -> 3750 merges)
	 average cost 8.120067 usecs
	 Conflicts: 0 (of 3747 commits)


*** CONCLUDING SINGLE THREADED TESTS***

Starting multi-threaded tests: num_threads=1, NUM_CPUS=16
KP: 7008: pinned new thread to CPU=0x0
KP: 7008: sleeping to allow threads enough time
KP: 7008: waking up from sleep (0)
For multithreaded run ramp r:-1-w:30-u:70-d:1
	 319672 total ops (316353 puts + 0 gets + 3319 dels)
	 2000000 in runtime (usecs) = 2 secs = 0.159836 ops/usec
	 158176.500000 op/sec put throughput (all threads)
	 0.000000 op/sec get throughput (all threads)
	 1659.500000 op/sec del throughput (all threads)
	 159836.000000 op/sec total throughput (all threads)
	 Conflicts in worker thread: 0 (of 39959 commits)
	 Errors in worker thread: 0
	 Put errors: 0, Del errors: 0, Get errors: 0
***END OF RAMP-UP-THREADS OUTPUT***

KP: 7008: pinned new thread to CPU=0x0
KP: 7008: sleeping to allow threads enough time
KP: 7008: waking up from sleep (0)
For multithreaded run ramp r:19-w:24-u:56-d:1
	 388383 total ops (306677 puts + 77799 gets + 3907 dels)
	 2000000 in runtime (usecs) = 2 secs = 0.194192 ops/usec
	 153338.500000 op/sec put throughput (all threads)
	 38899.500000 op/sec get throughput (all threads)
	 1953.500000 op/sec del throughput (all threads)
	 194191.500000 op/sec total throughput (all threads)
	 Conflicts in worker thread: 0 (of 38823 commits)
	 Errors in worker thread: 0
	 Put errors: 0, Del errors: 0, Get errors: 0
***END OF RAMP-UP-THREADS OUTPUT***

KP: 7008: pinned new thread to CPU=0x0
KP: 7008: sleeping to allow threads enough time
KP: 7008: waking up from sleep (0)
For multithreaded run ramp r:39-w:18-u:42-d:1
	 494757 total ops (291414 puts + 198405 gets + 4938 dels)
	 2000000 in runtime (usecs) = 2 secs = 0.247378 ops/usec
	 145707.015625 op/sec put throughput (all threads)
	 99202.500000 op/sec get throughput (all threads)
	 2469.000000 op/sec del throughput (all threads)
	 247378.500000 op/sec total throughput (all threads)
	 Conflicts in worker thread: 0 (of 37044 commits)
	 Errors in worker thread: 0
	 Put errors: 0, Del errors: 0, Get errors: 0
***END OF RAMP-UP-THREADS OUTPUT***

KP: 7008: pinned new thread to CPU=0x0
KP: 7008: sleeping to allow threads enough time
KP: 7008: waking up from sleep (0)
For multithreaded run ramp r:59-w:12-u:28-d:1
	 683338 total ops (267050 puts + 409341 gets + 6947 dels)
	 2000000 in runtime (usecs) = 2 secs = 0.341669 ops/usec
	 133525.000000 op/sec put throughput (all threads)
	 204670.500000 op/sec get throughput (all threads)
	 3473.500000 op/sec del throughput (all threads)
	 341669.000000 op/sec total throughput (all threads)
	 Conflicts in worker thread: 0 (of 34250 commits)
	 Errors in worker thread: 0
	 Put errors: 0, Del errors: 0, Get errors: 0
***END OF RAMP-UP-THREADS OUTPUT***

KP: 7008: pinned new thread to CPU=0x0
KP: 7008: sleeping to allow threads enough time
KP: 7008: waking up from sleep (0)
For multithreaded run ramp r:79-w:6-u:14-d:1
	 1126715 total ops (214694 puts + 900523 gets + 11498 dels)
	 2000000 in runtime (usecs) = 2 secs = 0.563357 ops/usec
	 107347.000000 op/sec put throughput (all threads)
	 450261.531250 op/sec get throughput (all threads)
	 5749.000000 op/sec del throughput (all threads)
	 563357.500000 op/sec total throughput (all threads)
	 Conflicts in worker thread: 0 (of 28274 commits)
	 Errors in worker thread: 0
	 Put errors: 0, Del errors: 0, Get errors: 0
***END OF RAMP-UP-THREADS OUTPUT***

KP: 7008: pinned new thread to CPU=0x0
KP: 7008: sleeping to allow threads enough time
KP: 7008: waking up from sleep (0)
For multithreaded run ramp r:99-w:0-u:0-d:1
	 3205020 total ops (0 puts + 3172681 gets + 32339 dels)
	 2000000 in runtime (usecs) = 2 secs = 1.602510 ops/usec
	 0.000000 op/sec put throughput (all threads)
	 1586340.500000 op/sec get throughput (all threads)
	 16169.500000 op/sec del throughput (all threads)
	 1602510.000000 op/sec total throughput (all threads)
	 Conflicts in worker thread: 0 (of 4043 commits)
	 Errors in worker thread: 0
	 Put errors: 0, Del errors: 0, Get errors: 0
***END OF RAMP-UP-THREADS OUTPUT***

***CONCLUDING THREAD EVALUATION***
