KP: 6464: Using 16 for local hash table size (same as merge frequency), 1610000 for master hash table size
KP: 6464: Total memory allocation size (just evaluation, not kv stores themselves) could be up to 0 bytes (0 MB)
Will create 1610000 random integers for each child thread
Now starting evaluation for key-value store: kp_kvstore
On 16 cores
Running on storage platform: disk
Starting single-threaded tests

*** BEGINING SINGLE THREADED TESTS***

***NOW DOING LATENCY TEST ON INDIVIDUAL FUNCTIONS ***
For put-insert: 
	 time elapsed 0:213601 (sec:usec) = 213601 usecs 
	 iterations 10000 (merge every 8 -> 1250 merges)
	 average cost 21.360100 usecs
	 Conflicts: 0 (of 1249 commits)

For put-append: 
	 time elapsed 0:546087 (sec:usec) = 546087 usecs 
	 iterations 30000 (merge every 8 -> 3750 merges)
	 average cost 18.202900 usecs
	 Conflicts: 0 (of 3747 commits)

For get: 
	 time elapsed 0:119676 (sec:usec) = 119676 usecs 
	 iterations 30000 (merge every 8 -> 3750 merges)
	 average cost 3.989200 usecs
	 Conflicts: 0 (of 0 commits)

For delete: 
	 time elapsed 0:247393 (sec:usec) = 247393 usecs 
	 iterations 30000 (merge every 8 -> 3750 merges)
	 average cost 8.246433 usecs
	 Conflicts: 0 (of 3747 commits)


*** CONCLUDING SINGLE THREADED TESTS***

Starting multi-threaded tests: num_threads=1, NUM_CPUS=16
KP: 6464: pinned new thread to CPU=0x0
KP: 6464: sleeping to allow threads enough time
KP: 6464: waking up from sleep (0)
For multithreaded run ramp r:-1-w:30-u:70-d:1
	 202416 total ops (200407 puts + 0 gets + 2009 dels)
	 2000000 in runtime (usecs) = 2 secs = 0.101208 ops/usec
	 100203.500000 op/sec put throughput (all threads)
	 0.000000 op/sec get throughput (all threads)
	 1004.499939 op/sec del throughput (all threads)
	 101208.000000 op/sec total throughput (all threads)
	 Conflicts in worker thread: 0 (of 25302 commits)
	 Errors in worker thread: 0
	 Put errors: 0, Del errors: 0, Get errors: 0
***END OF RAMP-UP-THREADS OUTPUT***

KP: 6464: pinned new thread to CPU=0x0
KP: 6464: sleeping to allow threads enough time
KP: 6464: waking up from sleep (0)
For multithreaded run ramp r:19-w:24-u:56-d:1
	 247709 total ops (195719 puts + 49485 gets + 2505 dels)
	 2000000 in runtime (usecs) = 2 secs = 0.123855 ops/usec
	 97859.500000 op/sec put throughput (all threads)
	 24742.500000 op/sec get throughput (all threads)
	 1252.500000 op/sec del throughput (all threads)
	 123854.500000 op/sec total throughput (all threads)
	 Conflicts in worker thread: 0 (of 24778 commits)
	 Errors in worker thread: 0
	 Put errors: 0, Del errors: 0, Get errors: 0
***END OF RAMP-UP-THREADS OUTPUT***

KP: 6464: pinned new thread to CPU=0x0
KP: 6464: sleeping to allow threads enough time
KP: 6464: waking up from sleep (0)
For multithreaded run ramp r:39-w:18-u:42-d:1
	 319756 total ops (188650 puts + 127860 gets + 3246 dels)
	 2000000 in runtime (usecs) = 2 secs = 0.159878 ops/usec
	 94325.000000 op/sec put throughput (all threads)
	 63930.000000 op/sec get throughput (all threads)
	 1623.000122 op/sec del throughput (all threads)
	 159878.000000 op/sec total throughput (all threads)
	 Conflicts in worker thread: 0 (of 23987 commits)
	 Errors in worker thread: 0
	 Put errors: 0, Del errors: 0, Get errors: 0
***END OF RAMP-UP-THREADS OUTPUT***

KP: 6464: pinned new thread to CPU=0x0
KP: 6464: sleeping to allow threads enough time
KP: 6464: waking up from sleep (0)
For multithreaded run ramp r:59-w:12-u:28-d:1
	 453573 total ops (176567 puts + 272357 gets + 4649 dels)
	 2000000 in runtime (usecs) = 2 secs = 0.226786 ops/usec
	 88283.500000 op/sec put throughput (all threads)
	 136178.500000 op/sec get throughput (all threads)
	 2324.500000 op/sec del throughput (all threads)
	 226786.500000 op/sec total throughput (all threads)
	 Conflicts in worker thread: 0 (of 22652 commits)
	 Errors in worker thread: 0
	 Put errors: 0, Del errors: 0, Get errors: 0
***END OF RAMP-UP-THREADS OUTPUT***

KP: 6464: pinned new thread to CPU=0x0
KP: 6464: sleeping to allow threads enough time
KP: 6464: waking up from sleep (0)
For multithreaded run ramp r:79-w:6-u:14-d:1
	 800247 total ops (151142 puts + 640935 gets + 8170 dels)
	 2000000 in runtime (usecs) = 2 secs = 0.400124 ops/usec
	 75571.000000 op/sec put throughput (all threads)
	 320467.500000 op/sec get throughput (all threads)
	 4085.000000 op/sec del throughput (all threads)
	 400123.500000 op/sec total throughput (all threads)
	 Conflicts in worker thread: 0 (of 19914 commits)
	 Errors in worker thread: 0
	 Put errors: 0, Del errors: 0, Get errors: 0
***END OF RAMP-UP-THREADS OUTPUT***

KP: 6464: pinned new thread to CPU=0x0
KP: 6464: sleeping to allow threads enough time
KP: 6464: waking up from sleep (0)
For multithreaded run ramp r:99-w:0-u:0-d:1
	 3228938 total ops (0 puts + 3196158 gets + 32780 dels)
	 2000000 in runtime (usecs) = 2 secs = 1.614469 ops/usec
	 0.000000 op/sec put throughput (all threads)
	 1598079.000000 op/sec get throughput (all threads)
	 16390.000000 op/sec del throughput (all threads)
	 1614469.000000 op/sec total throughput (all threads)
	 Conflicts in worker thread: 0 (of 4098 commits)
	 Errors in worker thread: 0
	 Put errors: 0, Del errors: 0, Get errors: 0
***END OF RAMP-UP-THREADS OUTPUT***

***CONCLUDING THREAD EVALUATION***
