KP: 9424: Using 16 for local hash table size (same as merge frequency), 1610000 for master hash table size
KP: 9424: Total memory allocation size (just evaluation, not kv stores themselves) could be up to 0 bytes (0 MB)
Will create 1610000 random integers for each child thread
Now starting evaluation for key-value store: kp_kvstore
On 16 cores
Running on storage platform: disk
Starting single-threaded tests

*** BEGINING SINGLE THREADED TESTS***

***NOW DOING LATENCY TEST ON INDIVIDUAL FUNCTIONS ***
For put-insert: 
	 time elapsed 44:335322 (sec:usec) = 44335322 usecs 
	 iterations 10000 (merge every 8 -> 1250 merges)
	 average cost 4433.532227 usecs
	 Conflicts: 0 (of 1249 commits)

For put-append: 
	 time elapsed 133:71355 (sec:usec) = 133071355 usecs 
	 iterations 30000 (merge every 8 -> 3750 merges)
	 average cost 4435.711914 usecs
	 Conflicts: 0 (of 3747 commits)

For get: 
	 time elapsed 20:961218 (sec:usec) = 20961218 usecs 
	 iterations 30000 (merge every 8 -> 3750 merges)
	 average cost 698.707275 usecs
	 Conflicts: 0 (of 0 commits)

For delete: 
	 time elapsed 0:273008 (sec:usec) = 273008 usecs 
	 iterations 30000 (merge every 8 -> 3750 merges)
	 average cost 9.100266 usecs
	 Conflicts: 0 (of 3747 commits)


*** CONCLUDING SINGLE THREADED TESTS***

Starting multi-threaded tests: num_threads=1, NUM_CPUS=16
KP: 9424: pinned new thread to CPU=0x0
KP: 9424: sleeping to allow threads enough time
KP: 9424: waking up from sleep (0)
For multithreaded run ramp r:-1-w:30-u:70-d:1
	 1032 total ops (1022 puts + 0 gets + 10 dels)
	 2000000 in runtime (usecs) = 2 secs = 0.000516 ops/usec
	 511.000000 op/sec put throughput (all threads)
	 0.000000 op/sec get throughput (all threads)
	 5.000000 op/sec del throughput (all threads)
	 516.000000 op/sec total throughput (all threads)
	 Conflicts in worker thread: 0 (of 129 commits)
	 Errors in worker thread: 0
	 Put errors: 0, Del errors: 0, Get errors: 0
***END OF RAMP-UP-THREADS OUTPUT***

KP: 9424: pinned new thread to CPU=0x0
KP: 9424: sleeping to allow threads enough time
KP: 9424: waking up from sleep (0)
For multithreaded run ramp r:19-w:24-u:56-d:1
	 1282 total ops (1021 puts + 242 gets + 19 dels)
	 2000000 in runtime (usecs) = 2 secs = 0.000641 ops/usec
	 510.500000 op/sec put throughput (all threads)
	 121.000000 op/sec get throughput (all threads)
	 9.500000 op/sec del throughput (all threads)
	 641.000000 op/sec total throughput (all threads)
	 Conflicts in worker thread: 0 (of 130 commits)
	 Errors in worker thread: 0
	 Put errors: 0, Del errors: 0, Get errors: 0
***END OF RAMP-UP-THREADS OUTPUT***

KP: 9424: pinned new thread to CPU=0x0
KP: 9424: sleeping to allow threads enough time
KP: 9424: waking up from sleep (0)
For multithreaded run ramp r:39-w:18-u:42-d:1
	 1735 total ops (1006 puts + 703 gets + 26 dels)
	 2000000 in runtime (usecs) = 2 secs = 0.000868 ops/usec
	 503.000000 op/sec put throughput (all threads)
	 351.500000 op/sec get throughput (all threads)
	 13.000000 op/sec del throughput (all threads)
	 867.500000 op/sec total throughput (all threads)
	 Conflicts in worker thread: 0 (of 129 commits)
	 Errors in worker thread: 0
	 Put errors: 0, Del errors: 0, Get errors: 0
***END OF RAMP-UP-THREADS OUTPUT***

KP: 9424: pinned new thread to CPU=0x0
KP: 9424: sleeping to allow threads enough time
KP: 9424: waking up from sleep (0)
For multithreaded run ramp r:59-w:12-u:28-d:1
	 2616 total ops (993 puts + 1592 gets + 31 dels)
	 2000000 in runtime (usecs) = 2 secs = 0.001308 ops/usec
	 496.500000 op/sec put throughput (all threads)
	 796.000000 op/sec get throughput (all threads)
	 15.500000 op/sec del throughput (all threads)
	 1308.000000 op/sec total throughput (all threads)
	 Conflicts in worker thread: 0 (of 128 commits)
	 Errors in worker thread: 0
	 Put errors: 0, Del errors: 0, Get errors: 0
***END OF RAMP-UP-THREADS OUTPUT***

KP: 9424: pinned new thread to CPU=0x0
KP: 9424: sleeping to allow threads enough time
KP: 9424: waking up from sleep (0)
For multithreaded run ramp r:79-w:6-u:14-d:1
	 4649 total ops (878 puts + 3729 gets + 42 dels)
	 2000000 in runtime (usecs) = 2 secs = 0.002324 ops/usec
	 439.000000 op/sec put throughput (all threads)
	 1864.500000 op/sec get throughput (all threads)
	 21.000000 op/sec del throughput (all threads)
	 2324.500000 op/sec total throughput (all threads)
	 Conflicts in worker thread: 0 (of 115 commits)
	 Errors in worker thread: 0
	 Put errors: 0, Del errors: 0, Get errors: 0
***END OF RAMP-UP-THREADS OUTPUT***

KP: 9424: pinned new thread to CPU=0x0
KP: 9424: sleeping to allow threads enough time
KP: 9424: waking up from sleep (0)
For multithreaded run ramp r:99-w:0-u:0-d:1
	 3231712 total ops (0 puts + 3199609 gets + 32103 dels)
	 2000000 in runtime (usecs) = 2 secs = 1.615856 ops/usec
	 0.000000 op/sec put throughput (all threads)
	 1599804.500000 op/sec get throughput (all threads)
	 16051.500000 op/sec del throughput (all threads)
	 1615856.000000 op/sec total throughput (all threads)
	 Conflicts in worker thread: 0 (of 4013 commits)
	 Errors in worker thread: 0
	 Put errors: 0, Del errors: 0, Get errors: 0
***END OF RAMP-UP-THREADS OUTPUT***

***CONCLUDING THREAD EVALUATION***
