KP: 2768: Using 16 for local hash table size (same as merge frequency), 1610000 for master hash table size
KP: 2768: Total memory allocation size (just evaluation, not kv stores themselves) could be up to 0 bytes (0 MB)
Will create 1610000 random integers for each child thread
Now starting evaluation for key-value store: kp_kvstore
On 16 cores
Running on storage platform: disk
Starting single-threaded tests

*** BEGINING SINGLE THREADED TESTS***

***NOW DOING LATENCY TEST ON INDIVIDUAL FUNCTIONS ***
For put-insert: 
	 time elapsed 0:169047 (sec:usec) = 169047 usecs 
	 iterations 10000 (merge every 8 -> 1250 merges)
	 average cost 16.904699 usecs
	 Conflicts: 0 (of 1249 commits)

For put-append: 
	 time elapsed 0:405656 (sec:usec) = 405656 usecs 
	 iterations 30000 (merge every 8 -> 3750 merges)
	 average cost 13.521867 usecs
	 Conflicts: 0 (of 3747 commits)

For get: 
	 time elapsed 0:85252 (sec:usec) = 85252 usecs 
	 iterations 30000 (merge every 8 -> 3750 merges)
	 average cost 2.841733 usecs
	 Conflicts: 0 (of 0 commits)

For delete: 
	 time elapsed 0:244213 (sec:usec) = 244213 usecs 
	 iterations 30000 (merge every 8 -> 3750 merges)
	 average cost 8.140433 usecs
	 Conflicts: 0 (of 3747 commits)


*** CONCLUDING SINGLE THREADED TESTS***

Starting multi-threaded tests: num_threads=1, NUM_CPUS=16
KP: 2768: pinned new thread to CPU=0x0
KP: 2768: sleeping to allow threads enough time
KP: 2768: waking up from sleep (0)
For multithreaded run ramp r:-1-w:30-u:70-d:1
	 250000 total ops (247495 puts + 0 gets + 2505 dels)
	 2000000 in runtime (usecs) = 2 secs = 0.125000 ops/usec
	 123747.500000 op/sec put throughput (all threads)
	 0.000000 op/sec get throughput (all threads)
	 1252.500000 op/sec del throughput (all threads)
	 125000.000000 op/sec total throughput (all threads)
	 Conflicts in worker thread: 0 (of 31250 commits)
	 Errors in worker thread: 0
	 Put errors: 0, Del errors: 0, Get errors: 0
***END OF RAMP-UP-THREADS OUTPUT***

KP: 2768: pinned new thread to CPU=0x0
KP: 2768: sleeping to allow threads enough time
KP: 2768: waking up from sleep (0)
For multithreaded run ramp r:19-w:24-u:56-d:1
	 302146 total ops (238704 puts + 60402 gets + 3040 dels)
	 2000000 in runtime (usecs) = 2 secs = 0.151073 ops/usec
	 119352.000000 op/sec put throughput (all threads)
	 30201.000000 op/sec get throughput (all threads)
	 1520.000000 op/sec del throughput (all threads)
	 151073.000000 op/sec total throughput (all threads)
	 Conflicts in worker thread: 0 (of 30218 commits)
	 Errors in worker thread: 0
	 Put errors: 0, Del errors: 0, Get errors: 0
***END OF RAMP-UP-THREADS OUTPUT***

KP: 2768: pinned new thread to CPU=0x0
KP: 2768: sleeping to allow threads enough time
KP: 2768: waking up from sleep (0)
For multithreaded run ramp r:39-w:18-u:42-d:1
	 386955 total ops (227919 puts + 155195 gets + 3841 dels)
	 2000000 in runtime (usecs) = 2 secs = 0.193477 ops/usec
	 113959.500000 op/sec put throughput (all threads)
	 77597.500000 op/sec get throughput (all threads)
	 1920.500000 op/sec del throughput (all threads)
	 193477.500000 op/sec total throughput (all threads)
	 Conflicts in worker thread: 0 (of 28970 commits)
	 Errors in worker thread: 0
	 Put errors: 0, Del errors: 0, Get errors: 0
***END OF RAMP-UP-THREADS OUTPUT***

KP: 2768: pinned new thread to CPU=0x0
KP: 2768: sleeping to allow threads enough time
KP: 2768: waking up from sleep (0)
For multithreaded run ramp r:59-w:12-u:28-d:1
	 545767 total ops (212699 puts + 327583 gets + 5485 dels)
	 2000000 in runtime (usecs) = 2 secs = 0.272884 ops/usec
	 106349.500000 op/sec put throughput (all threads)
	 163791.500000 op/sec get throughput (all threads)
	 2742.500000 op/sec del throughput (all threads)
	 272883.500000 op/sec total throughput (all threads)
	 Conflicts in worker thread: 0 (of 27273 commits)
	 Errors in worker thread: 0
	 Put errors: 0, Del errors: 0, Get errors: 0
***END OF RAMP-UP-THREADS OUTPUT***

KP: 2768: pinned new thread to CPU=0x0
KP: 2768: sleeping to allow threads enough time
KP: 2768: waking up from sleep (0)
For multithreaded run ramp r:79-w:6-u:14-d:1
	 930228 total ops (177105 puts + 743748 gets + 9375 dels)
	 2000000 in runtime (usecs) = 2 secs = 0.465114 ops/usec
	 88552.500000 op/sec put throughput (all threads)
	 371874.000000 op/sec get throughput (all threads)
	 4687.500000 op/sec del throughput (all threads)
	 465114.000000 op/sec total throughput (all threads)
	 Conflicts in worker thread: 0 (of 23310 commits)
	 Errors in worker thread: 0
	 Put errors: 0, Del errors: 0, Get errors: 0
***END OF RAMP-UP-THREADS OUTPUT***

KP: 2768: pinned new thread to CPU=0x0
KP: 2768: sleeping to allow threads enough time
KP: 2768: waking up from sleep (0)
For multithreaded run ramp r:99-w:0-u:0-d:1
	 3234154 total ops (0 puts + 3202133 gets + 32021 dels)
	 2000000 in runtime (usecs) = 2 secs = 1.617077 ops/usec
	 0.000000 op/sec put throughput (all threads)
	 1601066.500000 op/sec get throughput (all threads)
	 16010.500000 op/sec del throughput (all threads)
	 1617077.000000 op/sec total throughput (all threads)
	 Conflicts in worker thread: 0 (of 4003 commits)
	 Errors in worker thread: 0
	 Put errors: 0, Del errors: 0, Get errors: 0
***END OF RAMP-UP-THREADS OUTPUT***

***CONCLUDING THREAD EVALUATION***
