KP: 2368: Using 16 for local hash table size (same as merge frequency), 1610000 for master hash table size
KP: 2368: Total memory allocation size (just evaluation, not kv stores themselves) could be up to 0 bytes (0 MB)
Will create 1610000 random integers for each child thread
Now starting evaluation for key-value store: kp_kvstore
On 16 cores
Running on storage platform: disk
Starting single-threaded tests

*** BEGINING SINGLE THREADED TESTS***

***NOW DOING LATENCY TEST ON INDIVIDUAL FUNCTIONS ***
For put-insert: 
	 time elapsed 0:2883 (sec:usec) = 2883 usecs 
	 iterations 1000 (merge every 8 -> 125 merges)
	 average cost 2.883000 usecs
	 Conflicts: 0 (of 124 commits)

For put-append: 
	 time elapsed 0:6059 (sec:usec) = 6059 usecs 
	 iterations 3000 (merge every 8 -> 375 merges)
	 average cost 2.019667 usecs
	 Conflicts: 0 (of 372 commits)

For get: 
	 time elapsed 0:2627 (sec:usec) = 2627 usecs 
	 iterations 3000 (merge every 8 -> 375 merges)
	 average cost 0.875667 usecs
	 Conflicts: 0 (of 0 commits)

For delete: 
	 time elapsed 0:5591 (sec:usec) = 5591 usecs 
	 iterations 3000 (merge every 8 -> 375 merges)
	 average cost 1.863667 usecs
	 Conflicts: 0 (of 372 commits)


*** CONCLUDING SINGLE THREADED TESTS***

Starting multi-threaded tests: num_threads=1, NUM_CPUS=16
KP: 2368: pinned new thread to CPU=0x0
KP: 2368: sleeping to allow threads enough time
KP: 2368: waking up from sleep (0)
For multithreaded run ramp r:-1-w:30-u:70-d:1
	 1246188 total ops (1233929 puts + 0 gets + 12259 dels)
	 2000000 in runtime (usecs) = 2 secs = 0.623094 ops/usec
	 616964.500000 op/sec put throughput (all threads)
	 0.000000 op/sec get throughput (all threads)
	 6129.500000 op/sec del throughput (all threads)
	 623094.000000 op/sec total throughput (all threads)
	 Conflicts in worker thread: 0 (of 155774 commits)
	 Errors in worker thread: 0
	 Put errors: 0, Del errors: 0, Get errors: 0
***END OF RAMP-UP-THREADS OUTPUT***

KP: 2368: pinned new thread to CPU=0x0
KP: 2368: sleeping to allow threads enough time
KP: 2368: waking up from sleep (0)
For multithreaded run ramp r:19-w:24-u:56-d:1
	 1354485 total ops (1069190 puts + 272037 gets + 13258 dels)
	 2000000 in runtime (usecs) = 2 secs = 0.677243 ops/usec
	 534595.000000 op/sec put throughput (all threads)
	 136018.500000 op/sec get throughput (all threads)
	 6629.000000 op/sec del throughput (all threads)
	 677242.500000 op/sec total throughput (all threads)
	 Conflicts in worker thread: 0 (of 135306 commits)
	 Errors in worker thread: 0
	 Put errors: 0, Del errors: 0, Get errors: 0
***END OF RAMP-UP-THREADS OUTPUT***

KP: 2368: pinned new thread to CPU=0x0
KP: 2368: sleeping to allow threads enough time
KP: 2368: waking up from sleep (0)
For multithreaded run ramp r:39-w:18-u:42-d:1
	 1548205 total ops (913728 puts + 619285 gets + 15192 dels)
	 2000000 in runtime (usecs) = 2 secs = 0.774103 ops/usec
	 456864.000000 op/sec put throughput (all threads)
	 309642.500000 op/sec get throughput (all threads)
	 7596.000488 op/sec del throughput (all threads)
	 774102.500000 op/sec total throughput (all threads)
	 Conflicts in worker thread: 0 (of 116115 commits)
	 Errors in worker thread: 0
	 Put errors: 0, Del errors: 0, Get errors: 0
***END OF RAMP-UP-THREADS OUTPUT***

KP: 2368: pinned new thread to CPU=0x0
KP: 2368: sleeping to allow threads enough time
KP: 2368: waking up from sleep (0)
For multithreaded run ramp r:59-w:12-u:28-d:1
	 1850576 total ops (719679 puts + 1112707 gets + 18190 dels)
	 2000000 in runtime (usecs) = 2 secs = 0.925288 ops/usec
	 359839.500000 op/sec put throughput (all threads)
	 556353.500000 op/sec get throughput (all threads)
	 9095.000000 op/sec del throughput (all threads)
	 925288.000000 op/sec total throughput (all threads)
	 Conflicts in worker thread: 0 (of 92234 commits)
	 Errors in worker thread: 0
	 Put errors: 0, Del errors: 0, Get errors: 0
***END OF RAMP-UP-THREADS OUTPUT***

KP: 2368: pinned new thread to CPU=0x0
KP: 2368: sleeping to allow threads enough time
KP: 2368: waking up from sleep (0)
For multithreaded run ramp r:79-w:6-u:14-d:1
	 2300014 total ops (436479 puts + 1840872 gets + 22663 dels)
	 2000000 in runtime (usecs) = 2 secs = 1.150007 ops/usec
	 218239.500000 op/sec put throughput (all threads)
	 920436.000000 op/sec get throughput (all threads)
	 11331.500000 op/sec del throughput (all threads)
	 1150007.000000 op/sec total throughput (all threads)
	 Conflicts in worker thread: 0 (of 57393 commits)
	 Errors in worker thread: 0
	 Put errors: 0, Del errors: 0, Get errors: 0
***END OF RAMP-UP-THREADS OUTPUT***

KP: 2368: pinned new thread to CPU=0x0
KP: 2368: sleeping to allow threads enough time
KP: 2368: waking up from sleep (0)
For multithreaded run ramp r:99-w:0-u:0-d:1
	 3327745 total ops (0 puts + 3294904 gets + 32841 dels)
	 2000000 in runtime (usecs) = 2 secs = 1.663872 ops/usec
	 0.000000 op/sec put throughput (all threads)
	 1647452.000000 op/sec get throughput (all threads)
	 16420.500000 op/sec del throughput (all threads)
	 1663872.500000 op/sec total throughput (all threads)
	 Conflicts in worker thread: 0 (of 4106 commits)
	 Errors in worker thread: 0
	 Put errors: 0, Del errors: 0, Get errors: 0
***END OF RAMP-UP-THREADS OUTPUT***

***CONCLUDING THREAD EVALUATION***
