KP: 9392: Using 16 for local hash table size (same as merge frequency), 1610000 for master hash table size
KP: 9392: Total memory allocation size (just evaluation, not kv stores themselves) could be up to 0 bytes (0 MB)
Will create 1610000 random integers for each child thread
Now starting evaluation for key-value store: kp_kvstore
On 16 cores
Running on storage platform: disk
Starting single-threaded tests

*** BEGINING SINGLE THREADED TESTS***

***NOW DOING LATENCY TEST ON INDIVIDUAL FUNCTIONS ***
For put-insert: 
	 time elapsed 0:28716 (sec:usec) = 28716 usecs 
	 iterations 10000 (merge every 8 -> 1250 merges)
	 average cost 2.871600 usecs
	 Conflicts: 0 (of 1249 commits)

For put-append: 
	 time elapsed 0:77471 (sec:usec) = 77471 usecs 
	 iterations 30000 (merge every 8 -> 3750 merges)
	 average cost 2.582367 usecs
	 Conflicts: 0 (of 3747 commits)

For get: 
	 time elapsed 0:73713 (sec:usec) = 73713 usecs 
	 iterations 30000 (merge every 8 -> 3750 merges)
	 average cost 2.457100 usecs
	 Conflicts: 0 (of 0 commits)

For delete: 
	 time elapsed 0:39608 (sec:usec) = 39608 usecs 
	 iterations 30000 (merge every 8 -> 3750 merges)
	 average cost 1.320267 usecs
	 Conflicts: 0 (of 3747 commits)


*** CONCLUDING SINGLE THREADED TESTS***

Starting multi-threaded tests: num_threads=1, NUM_CPUS=16
KP: 9392: pinned new thread to CPU=0x0
KP: 9392: sleeping to allow threads enough time
KP: 9392: waking up from sleep (0)
For multithreaded run ramp r:-1-w:30-u:70-d:1
	 1272739 total ops (1260145 puts + 0 gets + 12594 dels)
	 2000000 in runtime (usecs) = 2 secs = 0.636370 ops/usec
	 630072.500000 op/sec put throughput (all threads)
	 0.000000 op/sec get throughput (all threads)
	 6297.000000 op/sec del throughput (all threads)
	 636369.500000 op/sec total throughput (all threads)
	 Conflicts in worker thread: 0 (of 159093 commits)
	 Errors in worker thread: 0
	 Put errors: 0, Del errors: 0, Get errors: 0
***END OF RAMP-UP-THREADS OUTPUT***

KP: 9392: pinned new thread to CPU=0x0
KP: 9392: sleeping to allow threads enough time
KP: 9392: waking up from sleep (0)
For multithreaded run ramp r:19-w:24-u:56-d:1
	 1419640 total ops (1121622 puts + 283936 gets + 14082 dels)
	 2000000 in runtime (usecs) = 2 secs = 0.709820 ops/usec
	 560811.000000 op/sec put throughput (all threads)
	 141968.000000 op/sec get throughput (all threads)
	 7041.000000 op/sec del throughput (all threads)
	 709820.000000 op/sec total throughput (all threads)
	 Conflicts in worker thread: 0 (of 141963 commits)
	 Errors in worker thread: 0
	 Put errors: 0, Del errors: 0, Get errors: 0
***END OF RAMP-UP-THREADS OUTPUT***

KP: 9392: pinned new thread to CPU=0x0
KP: 9392: sleeping to allow threads enough time
KP: 9392: waking up from sleep (0)
For multithreaded run ramp r:39-w:18-u:42-d:1
	 1703244 total ops (1003976 puts + 682524 gets + 16744 dels)
	 2000000 in runtime (usecs) = 2 secs = 0.851622 ops/usec
	 501988.000000 op/sec put throughput (all threads)
	 341262.000000 op/sec get throughput (all threads)
	 8372.000000 op/sec del throughput (all threads)
	 851622.000000 op/sec total throughput (all threads)
	 Conflicts in worker thread: 0 (of 127590 commits)
	 Errors in worker thread: 0
	 Put errors: 0, Del errors: 0, Get errors: 0
***END OF RAMP-UP-THREADS OUTPUT***

KP: 9392: pinned new thread to CPU=0x0
KP: 9392: sleeping to allow threads enough time
KP: 9392: waking up from sleep (0)
For multithreaded run ramp r:59-w:12-u:28-d:1
	 2128727 total ops (829319 puts + 1278447 gets + 20961 dels)
	 2000000 in runtime (usecs) = 2 secs = 1.064363 ops/usec
	 414659.500000 op/sec put throughput (all threads)
	 639223.500000 op/sec get throughput (all threads)
	 10480.500000 op/sec del throughput (all threads)
	 1064363.500000 op/sec total throughput (all threads)
	 Conflicts in worker thread: 0 (of 106285 commits)
	 Errors in worker thread: 0
	 Put errors: 0, Del errors: 0, Get errors: 0
***END OF RAMP-UP-THREADS OUTPUT***

KP: 9392: pinned new thread to CPU=0x0
KP: 9392: sleeping to allow threads enough time
KP: 9392: waking up from sleep (0)
For multithreaded run ramp r:79-w:6-u:14-d:1
	 2939881 total ops (558931 puts + 2351944 gets + 29006 dels)
	 2000000 in runtime (usecs) = 2 secs = 1.469941 ops/usec
	 279465.500000 op/sec put throughput (all threads)
	 1175972.000000 op/sec get throughput (all threads)
	 14503.000000 op/sec del throughput (all threads)
	 1469940.500000 op/sec total throughput (all threads)
	 Conflicts in worker thread: 0 (of 73493 commits)
	 Errors in worker thread: 0
	 Put errors: 0, Del errors: 0, Get errors: 0
***END OF RAMP-UP-THREADS OUTPUT***

KP: 9392: pinned new thread to CPU=0x0
KP: 9392: sleeping to allow threads enough time
KP: 9392: waking up from sleep (0)
For multithreaded run ramp r:99-w:0-u:0-d:1
	 5500444 total ops (0 puts + 5445775 gets + 54669 dels)
	 2000000 in runtime (usecs) = 2 secs = 2.750222 ops/usec
	 0.000000 op/sec put throughput (all threads)
	 2722887.750000 op/sec get throughput (all threads)
	 27334.500000 op/sec del throughput (all threads)
	 2750222.000000 op/sec total throughput (all threads)
	 Conflicts in worker thread: 0 (of 6834 commits)
	 Errors in worker thread: 0
	 Put errors: 0, Del errors: 0, Get errors: 0
***END OF RAMP-UP-THREADS OUTPUT***

***CONCLUDING THREAD EVALUATION***
