KP: 8656: Using 16 for local hash table size (same as merge frequency), 1610000 for master hash table size
KP: 8656: Total memory allocation size (just evaluation, not kv stores themselves) could be up to 0 bytes (0 MB)
Will create 1610000 random integers for each child thread
Now starting evaluation for key-value store: kp_kvstore
On 16 cores
Running on storage platform: disk
Starting single-threaded tests

*** BEGINING SINGLE THREADED TESTS***

***NOW DOING LATENCY TEST ON INDIVIDUAL FUNCTIONS ***
For put-insert: 
	 time elapsed 0:31968 (sec:usec) = 31968 usecs 
	 iterations 10000 (merge every 8 -> 1250 merges)
	 average cost 3.196800 usecs
	 Conflicts: 0 (of 1249 commits)

For put-append: 
	 time elapsed 0:89497 (sec:usec) = 89497 usecs 
	 iterations 30000 (merge every 8 -> 3750 merges)
	 average cost 2.983233 usecs
	 Conflicts: 0 (of 3747 commits)

For get: 
	 time elapsed 0:81133 (sec:usec) = 81133 usecs 
	 iterations 30000 (merge every 8 -> 3750 merges)
	 average cost 2.704433 usecs
	 Conflicts: 0 (of 0 commits)

For delete: 
	 time elapsed 0:48788 (sec:usec) = 48788 usecs 
	 iterations 30000 (merge every 8 -> 3750 merges)
	 average cost 1.626267 usecs
	 Conflicts: 0 (of 3747 commits)


*** CONCLUDING SINGLE THREADED TESTS***

Starting multi-threaded tests: num_threads=1, NUM_CPUS=16
KP: 8656: pinned new thread to CPU=0x0
KP: 8656: sleeping to allow threads enough time
KP: 8656: waking up from sleep (0)
For multithreaded run ramp r:-1-w:30-u:70-d:1
	 1139512 total ops (1127920 puts + 0 gets + 11592 dels)
	 2000000 in runtime (usecs) = 2 secs = 0.569756 ops/usec
	 563960.000000 op/sec put throughput (all threads)
	 0.000000 op/sec get throughput (all threads)
	 5795.999512 op/sec del throughput (all threads)
	 569756.000000 op/sec total throughput (all threads)
	 Conflicts in worker thread: 0 (of 142439 commits)
	 Errors in worker thread: 0
	 Put errors: 0, Del errors: 0, Get errors: 0
***END OF RAMP-UP-THREADS OUTPUT***

KP: 8656: pinned new thread to CPU=0x0
KP: 8656: sleeping to allow threads enough time
KP: 8656: waking up from sleep (0)
For multithreaded run ramp r:19-w:24-u:56-d:1
	 1281592 total ops (1012080 puts + 256521 gets + 12991 dels)
	 2000000 in runtime (usecs) = 2 secs = 0.640796 ops/usec
	 506040.000000 op/sec put throughput (all threads)
	 128260.500000 op/sec get throughput (all threads)
	 6495.500000 op/sec del throughput (all threads)
	 640796.000000 op/sec total throughput (all threads)
	 Conflicts in worker thread: 0 (of 128134 commits)
	 Errors in worker thread: 0
	 Put errors: 0, Del errors: 0, Get errors: 0
***END OF RAMP-UP-THREADS OUTPUT***

KP: 8656: pinned new thread to CPU=0x0
KP: 8656: sleeping to allow threads enough time
KP: 8656: waking up from sleep (0)
For multithreaded run ramp r:39-w:18-u:42-d:1
	 1508133 total ops (889488 puts + 603609 gets + 15036 dels)
	 2000000 in runtime (usecs) = 2 secs = 0.754067 ops/usec
	 444744.000000 op/sec put throughput (all threads)
	 301804.500000 op/sec get throughput (all threads)
	 7518.000000 op/sec del throughput (all threads)
	 754066.500000 op/sec total throughput (all threads)
	 Conflicts in worker thread: 0 (of 113066 commits)
	 Errors in worker thread: 0
	 Put errors: 0, Del errors: 0, Get errors: 0
***END OF RAMP-UP-THREADS OUTPUT***

KP: 8656: pinned new thread to CPU=0x0
KP: 8656: sleeping to allow threads enough time
KP: 8656: waking up from sleep (0)
For multithreaded run ramp r:59-w:12-u:28-d:1
	 1853331 total ops (722391 puts + 1112676 gets + 18264 dels)
	 2000000 in runtime (usecs) = 2 secs = 0.926665 ops/usec
	 361195.500000 op/sec put throughput (all threads)
	 556338.000000 op/sec get throughput (all threads)
	 9132.000000 op/sec del throughput (all threads)
	 926665.500000 op/sec total throughput (all threads)
	 Conflicts in worker thread: 0 (of 92582 commits)
	 Errors in worker thread: 0
	 Put errors: 0, Del errors: 0, Get errors: 0
***END OF RAMP-UP-THREADS OUTPUT***

KP: 8656: pinned new thread to CPU=0x0
KP: 8656: sleeping to allow threads enough time
KP: 8656: waking up from sleep (0)
For multithreaded run ramp r:79-w:6-u:14-d:1
	 2484152 total ops (471551 puts + 1987776 gets + 24825 dels)
	 2000000 in runtime (usecs) = 2 secs = 1.242076 ops/usec
	 235775.484375 op/sec put throughput (all threads)
	 993888.000000 op/sec get throughput (all threads)
	 12412.500000 op/sec del throughput (all threads)
	 1242076.000000 op/sec total throughput (all threads)
	 Conflicts in worker thread: 0 (of 62047 commits)
	 Errors in worker thread: 0
	 Put errors: 0, Del errors: 0, Get errors: 0
***END OF RAMP-UP-THREADS OUTPUT***

KP: 8656: pinned new thread to CPU=0x0
KP: 8656: sleeping to allow threads enough time
KP: 8656: waking up from sleep (0)
For multithreaded run ramp r:99-w:0-u:0-d:1
	 4302973 total ops (0 puts + 4259720 gets + 43253 dels)
	 2000000 in runtime (usecs) = 2 secs = 2.151486 ops/usec
	 0.000000 op/sec put throughput (all threads)
	 2129860.000000 op/sec get throughput (all threads)
	 21626.500000 op/sec del throughput (all threads)
	 2151486.500000 op/sec total throughput (all threads)
	 Conflicts in worker thread: 0 (of 5407 commits)
	 Errors in worker thread: 0
	 Put errors: 0, Del errors: 0, Get errors: 0
***END OF RAMP-UP-THREADS OUTPUT***

***CONCLUDING THREAD EVALUATION***
