KP: 1744: Using 16 for local hash table size (same as merge frequency), 1610000 for master hash table size
KP: 1744: Total memory allocation size (just evaluation, not kv stores themselves) could be up to 0 bytes (0 MB)
Will create 1610000 random integers for each child thread
Now starting evaluation for key-value store: kp_kvstore
On 16 cores
Running on storage platform: disk
Starting single-threaded tests

*** BEGINING SINGLE THREADED TESTS***

***NOW DOING LATENCY TEST ON INDIVIDUAL FUNCTIONS ***
For put-insert: 
	 time elapsed 0:35489 (sec:usec) = 35489 usecs 
	 iterations 10000 (merge every 8 -> 1250 merges)
	 average cost 3.548900 usecs
	 Conflicts: 0 (of 1249 commits)

For put-append: 
	 time elapsed 0:101954 (sec:usec) = 101954 usecs 
	 iterations 30000 (merge every 8 -> 3750 merges)
	 average cost 3.398467 usecs
	 Conflicts: 0 (of 3747 commits)

For get: 
	 time elapsed 0:89242 (sec:usec) = 89242 usecs 
	 iterations 30000 (merge every 8 -> 3750 merges)
	 average cost 2.974733 usecs
	 Conflicts: 0 (of 0 commits)

For delete: 
	 time elapsed 0:59024 (sec:usec) = 59024 usecs 
	 iterations 30000 (merge every 8 -> 3750 merges)
	 average cost 1.967467 usecs
	 Conflicts: 0 (of 3747 commits)


*** CONCLUDING SINGLE THREADED TESTS***

Starting multi-threaded tests: num_threads=1, NUM_CPUS=16
KP: 1744: pinned new thread to CPU=0x0
KP: 1744: sleeping to allow threads enough time
KP: 1744: waking up from sleep (0)
For multithreaded run ramp r:-1-w:30-u:70-d:1
	 1000947 total ops (990946 puts + 0 gets + 10001 dels)
	 2000000 in runtime (usecs) = 2 secs = 0.500473 ops/usec
	 495473.000000 op/sec put throughput (all threads)
	 0.000000 op/sec get throughput (all threads)
	 5000.500000 op/sec del throughput (all threads)
	 500473.500000 op/sec total throughput (all threads)
	 Conflicts in worker thread: 0 (of 125119 commits)
	 Errors in worker thread: 0
	 Put errors: 0, Del errors: 0, Get errors: 0
***END OF RAMP-UP-THREADS OUTPUT***

KP: 1744: pinned new thread to CPU=0x0
KP: 1744: sleeping to allow threads enough time
KP: 1744: waking up from sleep (0)
For multithreaded run ramp r:19-w:24-u:56-d:1
	 1115499 total ops (881604 puts + 222771 gets + 11124 dels)
	 2000000 in runtime (usecs) = 2 secs = 0.557750 ops/usec
	 440802.000000 op/sec put throughput (all threads)
	 111385.500000 op/sec get throughput (all threads)
	 5562.000000 op/sec del throughput (all threads)
	 557749.500000 op/sec total throughput (all threads)
	 Conflicts in worker thread: 0 (of 111591 commits)
	 Errors in worker thread: 0
	 Put errors: 0, Del errors: 0, Get errors: 0
***END OF RAMP-UP-THREADS OUTPUT***

KP: 1744: pinned new thread to CPU=0x0
KP: 1744: sleeping to allow threads enough time
KP: 1744: waking up from sleep (0)
For multithreaded run ramp r:39-w:18-u:42-d:1
	 1305862 total ops (773178 puts + 519863 gets + 12821 dels)
	 2000000 in runtime (usecs) = 2 secs = 0.652931 ops/usec
	 386589.000000 op/sec put throughput (all threads)
	 259931.500000 op/sec get throughput (all threads)
	 6410.500000 op/sec del throughput (all threads)
	 652931.000000 op/sec total throughput (all threads)
	 Conflicts in worker thread: 0 (of 98250 commits)
	 Errors in worker thread: 0
	 Put errors: 0, Del errors: 0, Get errors: 0
***END OF RAMP-UP-THREADS OUTPUT***

KP: 1744: pinned new thread to CPU=0x0
KP: 1744: sleeping to allow threads enough time
KP: 1744: waking up from sleep (0)
For multithreaded run ramp r:59-w:12-u:28-d:1
	 1594384 total ops (621356 puts + 957328 gets + 15700 dels)
	 2000000 in runtime (usecs) = 2 secs = 0.797192 ops/usec
	 310678.000000 op/sec put throughput (all threads)
	 478664.000000 op/sec get throughput (all threads)
	 7850.000000 op/sec del throughput (all threads)
	 797192.000000 op/sec total throughput (all threads)
	 Conflicts in worker thread: 0 (of 79632 commits)
	 Errors in worker thread: 0
	 Put errors: 0, Del errors: 0, Get errors: 0
***END OF RAMP-UP-THREADS OUTPUT***

KP: 1744: pinned new thread to CPU=0x0
KP: 1744: sleeping to allow threads enough time
KP: 1744: waking up from sleep (0)
For multithreaded run ramp r:79-w:6-u:14-d:1
	 2068068 total ops (392790 puts + 1655064 gets + 20214 dels)
	 2000000 in runtime (usecs) = 2 secs = 1.034034 ops/usec
	 196395.015625 op/sec put throughput (all threads)
	 827532.000000 op/sec get throughput (all threads)
	 10107.000000 op/sec del throughput (all threads)
	 1034034.000000 op/sec total throughput (all threads)
	 Conflicts in worker thread: 0 (of 51626 commits)
	 Errors in worker thread: 0
	 Put errors: 0, Del errors: 0, Get errors: 0
***END OF RAMP-UP-THREADS OUTPUT***

KP: 1744: pinned new thread to CPU=0x0
KP: 1744: sleeping to allow threads enough time
KP: 1744: waking up from sleep (0)
For multithreaded run ramp r:99-w:0-u:0-d:1
	 3320281 total ops (0 puts + 3287134 gets + 33147 dels)
	 2000000 in runtime (usecs) = 2 secs = 1.660141 ops/usec
	 0.000000 op/sec put throughput (all threads)
	 1643567.000000 op/sec get throughput (all threads)
	 16573.500000 op/sec del throughput (all threads)
	 1660140.500000 op/sec total throughput (all threads)
	 Conflicts in worker thread: 0 (of 4144 commits)
	 Errors in worker thread: 0
	 Put errors: 0, Del errors: 0, Get errors: 0
***END OF RAMP-UP-THREADS OUTPUT***

***CONCLUDING THREAD EVALUATION***
