KP: 2896: Using 16 for local hash table size (same as merge frequency), 1610000 for master hash table size
KP: 2896: Total memory allocation size (just evaluation, not kv stores themselves) could be up to 0 bytes (0 MB)
Will create 115000 random integers for each child thread
Now starting evaluation for key-value store: kp_kvstore
On 16 cores
Running on storage platform: disk
Starting single-threaded tests

*** BEGINING SINGLE THREADED TESTS***

***NOW DOING LATENCY TEST ON INDIVIDUAL FUNCTIONS ***
For put-insert: 
	 time elapsed 0:34835 (sec:usec) = 34835 usecs 
	 iterations 10000 (merge every 8 -> 1250 merges)
	 average cost 3.483500 usecs
	 Conflicts: 0 (of 1249 commits)

For put-append: 
	 time elapsed 0:102661 (sec:usec) = 102661 usecs 
	 iterations 30000 (merge every 8 -> 3750 merges)
	 average cost 3.422033 usecs
	 Conflicts: 0 (of 3747 commits)

For get: 
	 time elapsed 0:89608 (sec:usec) = 89608 usecs 
	 iterations 30000 (merge every 8 -> 3750 merges)
	 average cost 2.986933 usecs
	 Conflicts: 0 (of 0 commits)

For delete: 
	 time elapsed 0:59010 (sec:usec) = 59010 usecs 
	 iterations 30000 (merge every 8 -> 3750 merges)
	 average cost 1.967000 usecs
	 Conflicts: 0 (of 3747 commits)


*** CONCLUDING SINGLE THREADED TESTS***

Starting multi-threaded tests: num_threads=14, NUM_CPUS=16
KP: 2896: pinned new thread to CPU=0x0
KP: 2896: pinned new thread to CPU=0x1
KP: 2896: pinned new thread to CPU=0x2
KP: 2896: pinned new thread to CPU=0x3
KP: 2896: pinned new thread to CPU=0x4
KP: 2896: pinned new thread to CPU=0x5
KP: 2896: pinned new thread to CPU=0x6
KP: 2896: pinned new thread to CPU=0x7
KP: 2896: pinned new thread to CPU=0x8
KP: 2896: pinned new thread to CPU=0x9
KP: 2896: pinned new thread to CPU=0xA
KP: 2896: pinned new thread to CPU=0xB
KP: 2896: pinned new thread to CPU=0xC
KP: 2896: pinned new thread to CPU=0xD
KP: 2896: sleeping to allow threads enough time
KP: 2896: waking up from sleep (0)
For multithreaded run ramp r:-1-w:30-u:70-d:1
	 2826741 total ops (2799490 puts + 0 gets + 27251 dels)
	 2000000 in runtime (usecs) = 2 secs = 1.413370 ops/usec
	 1399745.000000 op/sec put throughput (all threads)
	 0.000000 op/sec get throughput (all threads)
	 13625.500000 op/sec del throughput (all threads)
	 1413370.500000 op/sec total throughput (all threads)
	 Conflicts in worker thread: 328535 (of 353344 commits)
	 Errors in worker thread: 0
	 Put errors: 0, Del errors: 0, Get errors: 0
***END OF RAMP-UP-THREADS OUTPUT***

KP: 2896: pinned new thread to CPU=0x0
KP: 2896: pinned new thread to CPU=0x1
KP: 2896: pinned new thread to CPU=0x2
KP: 2896: pinned new thread to CPU=0x3
KP: 2896: pinned new thread to CPU=0x4
KP: 2896: pinned new thread to CPU=0x5
KP: 2896: pinned new thread to CPU=0x6
KP: 2896: pinned new thread to CPU=0x7
KP: 2896: pinned new thread to CPU=0x8
KP: 2896: pinned new thread to CPU=0x9
KP: 2896: pinned new thread to CPU=0xA
KP: 2896: pinned new thread to CPU=0xB
KP: 2896: pinned new thread to CPU=0xC
KP: 2896: pinned new thread to CPU=0xD
KP: 2896: sleeping to allow threads enough time
KP: 2896: waking up from sleep (0)
For multithreaded run ramp r:19-w:24-u:56-d:1
	 3194987 total ops (2525567 puts + 638411 gets + 31009 dels)
	 2000000 in runtime (usecs) = 2 secs = 1.597494 ops/usec
	 1262783.500000 op/sec put throughput (all threads)
	 319205.500000 op/sec get throughput (all threads)
	 15504.500000 op/sec del throughput (all threads)
	 1597493.500000 op/sec total throughput (all threads)
	 Conflicts in worker thread: 296872 (of 319572 commits)
	 Errors in worker thread: 0
	 Put errors: 0, Del errors: 0, Get errors: 0
***END OF RAMP-UP-THREADS OUTPUT***

KP: 2896: pinned new thread to CPU=0x0
KP: 2896: pinned new thread to CPU=0x1
KP: 2896: pinned new thread to CPU=0x2
KP: 2896: pinned new thread to CPU=0x3
KP: 2896: pinned new thread to CPU=0x4
KP: 2896: pinned new thread to CPU=0x5
KP: 2896: pinned new thread to CPU=0x6
KP: 2896: pinned new thread to CPU=0x7
KP: 2896: pinned new thread to CPU=0x8
KP: 2896: pinned new thread to CPU=0x9
KP: 2896: pinned new thread to CPU=0xA
KP: 2896: pinned new thread to CPU=0xB
KP: 2896: pinned new thread to CPU=0xC
KP: 2896: pinned new thread to CPU=0xD
KP: 2896: sleeping to allow threads enough time
KP: 2896: waking up from sleep (0)
For multithreaded run ramp r:39-w:18-u:42-d:1
	 3553427 total ops (2094464 puts + 1424059 gets + 34904 dels)
	 2000000 in runtime (usecs) = 2 secs = 1.776713 ops/usec
	 1047232.000000 op/sec put throughput (all threads)
	 712029.500000 op/sec get throughput (all threads)
	 17452.000000 op/sec del throughput (all threads)
	 1776713.500000 op/sec total throughput (all threads)
	 Conflicts in worker thread: 246331 (of 266171 commits)
	 Errors in worker thread: 0
	 Put errors: 0, Del errors: 0, Get errors: 0
***END OF RAMP-UP-THREADS OUTPUT***

KP: 2896: pinned new thread to CPU=0x0
KP: 2896: pinned new thread to CPU=0x1
KP: 2896: pinned new thread to CPU=0x2
KP: 2896: pinned new thread to CPU=0x3
KP: 2896: pinned new thread to CPU=0x4
KP: 2896: pinned new thread to CPU=0x5
KP: 2896: pinned new thread to CPU=0x6
KP: 2896: pinned new thread to CPU=0x7
KP: 2896: pinned new thread to CPU=0x8
KP: 2896: pinned new thread to CPU=0x9
KP: 2896: pinned new thread to CPU=0xA
KP: 2896: pinned new thread to CPU=0xB
KP: 2896: pinned new thread to CPU=0xC
KP: 2896: pinned new thread to CPU=0xD
KP: 2896: sleeping to allow threads enough time
KP: 2896: waking up from sleep (0)
For multithreaded run ramp r:59-w:12-u:28-d:1
	 4867105 total ops (1897691 puts + 2921526 gets + 47888 dels)
	 2000000 in runtime (usecs) = 2 secs = 2.433553 ops/usec
	 948845.500000 op/sec put throughput (all threads)
	 1460763.000000 op/sec get throughput (all threads)
	 23944.000000 op/sec del throughput (all threads)
	 2433552.500000 op/sec total throughput (all threads)
	 Conflicts in worker thread: 223548 (of 243201 commits)
	 Errors in worker thread: 0
	 Put errors: 0, Del errors: 0, Get errors: 0
***END OF RAMP-UP-THREADS OUTPUT***

KP: 2896: pinned new thread to CPU=0x0
KP: 2896: pinned new thread to CPU=0x1
KP: 2896: pinned new thread to CPU=0x2
KP: 2896: pinned new thread to CPU=0x3
KP: 2896: pinned new thread to CPU=0x4
KP: 2896: pinned new thread to CPU=0x5
KP: 2896: pinned new thread to CPU=0x6
KP: 2896: pinned new thread to CPU=0x7
KP: 2896: pinned new thread to CPU=0x8
KP: 2896: pinned new thread to CPU=0x9
KP: 2896: pinned new thread to CPU=0xA
KP: 2896: pinned new thread to CPU=0xB
KP: 2896: pinned new thread to CPU=0xC
KP: 2896: pinned new thread to CPU=0xD
KP: 2896: sleeping to allow threads enough time
KP: 2896: waking up from sleep (0)
For multithreaded run ramp r:79-w:6-u:14-d:1
	 6724315 total ops (1273544 puts + 5384391 gets + 66380 dels)
	 2000000 in runtime (usecs) = 2 secs = 3.362158 ops/usec
	 636772.000000 op/sec put throughput (all threads)
	 2692195.500000 op/sec get throughput (all threads)
	 33190.000000 op/sec del throughput (all threads)
	 3362157.500000 op/sec total throughput (all threads)
	 Conflicts in worker thread: 151751 (of 167495 commits)
	 Errors in worker thread: 0
	 Put errors: 0, Del errors: 0, Get errors: 0
***END OF RAMP-UP-THREADS OUTPUT***

KP: 2896: pinned new thread to CPU=0x0
KP: 2896: pinned new thread to CPU=0x1
KP: 2896: pinned new thread to CPU=0x2
KP: 2896: pinned new thread to CPU=0x3
KP: 2896: pinned new thread to CPU=0x4
KP: 2896: pinned new thread to CPU=0x5
KP: 2896: pinned new thread to CPU=0x6
KP: 2896: pinned new thread to CPU=0x7
KP: 2896: pinned new thread to CPU=0x8
KP: 2896: pinned new thread to CPU=0x9
KP: 2896: pinned new thread to CPU=0xA
KP: 2896: pinned new thread to CPU=0xB
KP: 2896: pinned new thread to CPU=0xC
KP: 2896: pinned new thread to CPU=0xD
KP: 2896: sleeping to allow threads enough time
KP: 2896: waking up from sleep (0)
For multithreaded run ramp r:99-w:0-u:0-d:1
	 15807201 total ops (0 puts + 15648284 gets + 158917 dels)
	 2000000 in runtime (usecs) = 2 secs = 7.903601 ops/usec
	 0.000000 op/sec put throughput (all threads)
	 7824142.000000 op/sec get throughput (all threads)
	 79458.500000 op/sec del throughput (all threads)
	 7903600.500000 op/sec total throughput (all threads)
	 Conflicts in worker thread: 17490 (of 19870 commits)
	 Errors in worker thread: 0
	 Put errors: 0, Del errors: 0, Get errors: 0
***END OF RAMP-UP-THREADS OUTPUT***

***CONCLUDING THREAD EVALUATION***
