KP: 8192: Using 16 for local hash table size (same as merge frequency), 1610000 for master hash table size
KP: 8192: Total memory allocation size (just evaluation, not kv stores themselves) could be up to 0 bytes (0 MB)
Will create 134166 random integers for each child thread
Now starting evaluation for key-value store: kp_kvstore
On 16 cores
Running on storage platform: disk
Starting single-threaded tests

*** BEGINING SINGLE THREADED TESTS***

***NOW DOING LATENCY TEST ON INDIVIDUAL FUNCTIONS ***
For put-insert: 
	 time elapsed 0:35417 (sec:usec) = 35417 usecs 
	 iterations 10000 (merge every 8 -> 1250 merges)
	 average cost 3.541700 usecs
	 Conflicts: 0 (of 1249 commits)

For put-append: 
	 time elapsed 0:102603 (sec:usec) = 102603 usecs 
	 iterations 30000 (merge every 8 -> 3750 merges)
	 average cost 3.420100 usecs
	 Conflicts: 0 (of 3747 commits)

For get: 
	 time elapsed 0:89291 (sec:usec) = 89291 usecs 
	 iterations 30000 (merge every 8 -> 3750 merges)
	 average cost 2.976367 usecs
	 Conflicts: 0 (of 0 commits)

For delete: 
	 time elapsed 0:59336 (sec:usec) = 59336 usecs 
	 iterations 30000 (merge every 8 -> 3750 merges)
	 average cost 1.977867 usecs
	 Conflicts: 0 (of 3747 commits)


*** CONCLUDING SINGLE THREADED TESTS***

Starting multi-threaded tests: num_threads=12, NUM_CPUS=16
KP: 8192: pinned new thread to CPU=0x0
KP: 8192: pinned new thread to CPU=0x1
KP: 8192: pinned new thread to CPU=0x2
KP: 8192: pinned new thread to CPU=0x3
KP: 8192: pinned new thread to CPU=0x4
KP: 8192: pinned new thread to CPU=0x5
KP: 8192: pinned new thread to CPU=0x6
KP: 8192: pinned new thread to CPU=0x7
KP: 8192: pinned new thread to CPU=0x8
KP: 8192: pinned new thread to CPU=0x9
KP: 8192: pinned new thread to CPU=0xA
KP: 8192: pinned new thread to CPU=0xB
KP: 8192: sleeping to allow threads enough time
KP: 8192: waking up from sleep (0)
For multithreaded run ramp r:-1-w:30-u:70-d:1
	 2906490 total ops (2878049 puts + 0 gets + 28441 dels)
	 2000000 in runtime (usecs) = 2 secs = 1.453245 ops/usec
	 1439024.500000 op/sec put throughput (all threads)
	 0.000000 op/sec get throughput (all threads)
	 14220.500000 op/sec del throughput (all threads)
	 1453245.000000 op/sec total throughput (all threads)
	 Conflicts in worker thread: 333124 (of 363312 commits)
	 Errors in worker thread: 0
	 Put errors: 0, Del errors: 0, Get errors: 0
***END OF RAMP-UP-THREADS OUTPUT***

KP: 8192: pinned new thread to CPU=0x0
KP: 8192: pinned new thread to CPU=0x1
KP: 8192: pinned new thread to CPU=0x2
KP: 8192: pinned new thread to CPU=0x3
KP: 8192: pinned new thread to CPU=0x4
KP: 8192: pinned new thread to CPU=0x5
KP: 8192: pinned new thread to CPU=0x6
KP: 8192: pinned new thread to CPU=0x7
KP: 8192: pinned new thread to CPU=0x8
KP: 8192: pinned new thread to CPU=0x9
KP: 8192: pinned new thread to CPU=0xA
KP: 8192: pinned new thread to CPU=0xB
KP: 8192: sleeping to allow threads enough time
KP: 8192: waking up from sleep (0)
For multithreaded run ramp r:19-w:24-u:56-d:1
	 3295677 total ops (2604790 puts + 657791 gets + 33096 dels)
	 2000000 in runtime (usecs) = 2 secs = 1.647838 ops/usec
	 1302395.000000 op/sec put throughput (all threads)
	 328895.500000 op/sec get throughput (all threads)
	 16548.000000 op/sec del throughput (all threads)
	 1647838.500000 op/sec total throughput (all threads)
	 Conflicts in worker thread: 301961 (of 329737 commits)
	 Errors in worker thread: 0
	 Put errors: 0, Del errors: 0, Get errors: 0
***END OF RAMP-UP-THREADS OUTPUT***

KP: 8192: pinned new thread to CPU=0x0
KP: 8192: pinned new thread to CPU=0x1
KP: 8192: pinned new thread to CPU=0x2
KP: 8192: pinned new thread to CPU=0x3
KP: 8192: pinned new thread to CPU=0x4
KP: 8192: pinned new thread to CPU=0x5
KP: 8192: pinned new thread to CPU=0x6
KP: 8192: pinned new thread to CPU=0x7
KP: 8192: pinned new thread to CPU=0x8
KP: 8192: pinned new thread to CPU=0x9
KP: 8192: pinned new thread to CPU=0xA
KP: 8192: pinned new thread to CPU=0xB
KP: 8192: sleeping to allow threads enough time
KP: 8192: waking up from sleep (0)
For multithreaded run ramp r:39-w:18-u:42-d:1
	 4016617 total ops (2367911 puts + 1608346 gets + 40360 dels)
	 2000000 in runtime (usecs) = 2 secs = 2.008308 ops/usec
	 1183955.500000 op/sec put throughput (all threads)
	 804173.000000 op/sec get throughput (all threads)
	 20180.000000 op/sec del throughput (all threads)
	 2008308.375000 op/sec total throughput (all threads)
	 Conflicts in worker thread: 274751 (of 301036 commits)
	 Errors in worker thread: 0
	 Put errors: 0, Del errors: 0, Get errors: 0
***END OF RAMP-UP-THREADS OUTPUT***

KP: 8192: pinned new thread to CPU=0x0
KP: 8192: pinned new thread to CPU=0x1
KP: 8192: pinned new thread to CPU=0x2
KP: 8192: pinned new thread to CPU=0x3
KP: 8192: pinned new thread to CPU=0x4
KP: 8192: pinned new thread to CPU=0x5
KP: 8192: pinned new thread to CPU=0x6
KP: 8192: pinned new thread to CPU=0x7
KP: 8192: pinned new thread to CPU=0x8
KP: 8192: pinned new thread to CPU=0x9
KP: 8192: pinned new thread to CPU=0xA
KP: 8192: pinned new thread to CPU=0xB
KP: 8192: sleeping to allow threads enough time
KP: 8192: waking up from sleep (0)
For multithreaded run ramp r:59-w:12-u:28-d:1
	 5124615 total ops (1993795 puts + 3079913 gets + 50907 dels)
	 2000000 in runtime (usecs) = 2 secs = 2.562308 ops/usec
	 996897.500000 op/sec put throughput (all threads)
	 1539956.500000 op/sec get throughput (all threads)
	 25453.500000 op/sec del throughput (all threads)
	 2562307.500000 op/sec total throughput (all threads)
	 Conflicts in worker thread: 231530 (of 255590 commits)
	 Errors in worker thread: 0
	 Put errors: 0, Del errors: 0, Get errors: 0
***END OF RAMP-UP-THREADS OUTPUT***

KP: 8192: pinned new thread to CPU=0x0
KP: 8192: pinned new thread to CPU=0x1
KP: 8192: pinned new thread to CPU=0x2
KP: 8192: pinned new thread to CPU=0x3
KP: 8192: pinned new thread to CPU=0x4
KP: 8192: pinned new thread to CPU=0x5
KP: 8192: pinned new thread to CPU=0x6
KP: 8192: pinned new thread to CPU=0x7
KP: 8192: pinned new thread to CPU=0x8
KP: 8192: pinned new thread to CPU=0x9
KP: 8192: pinned new thread to CPU=0xA
KP: 8192: pinned new thread to CPU=0xB
KP: 8192: sleeping to allow threads enough time
KP: 8192: waking up from sleep (0)
For multithreaded run ramp r:79-w:6-u:14-d:1
	 7082050 total ops (1343053 puts + 5668572 gets + 70425 dels)
	 2000000 in runtime (usecs) = 2 secs = 3.541025 ops/usec
	 671526.500000 op/sec put throughput (all threads)
	 2834286.000000 op/sec get throughput (all threads)
	 35212.500000 op/sec del throughput (all threads)
	 3541025.000000 op/sec total throughput (all threads)
	 Conflicts in worker thread: 157633 (of 176687 commits)
	 Errors in worker thread: 0
	 Put errors: 0, Del errors: 0, Get errors: 0
***END OF RAMP-UP-THREADS OUTPUT***

KP: 8192: pinned new thread to CPU=0x0
KP: 8192: pinned new thread to CPU=0x1
KP: 8192: pinned new thread to CPU=0x2
KP: 8192: pinned new thread to CPU=0x3
KP: 8192: pinned new thread to CPU=0x4
KP: 8192: pinned new thread to CPU=0x5
KP: 8192: pinned new thread to CPU=0x6
KP: 8192: pinned new thread to CPU=0x7
KP: 8192: pinned new thread to CPU=0x8
KP: 8192: pinned new thread to CPU=0x9
KP: 8192: pinned new thread to CPU=0xA
KP: 8192: pinned new thread to CPU=0xB
KP: 8192: sleeping to allow threads enough time
KP: 8192: waking up from sleep (0)
For multithreaded run ramp r:99-w:0-u:0-d:1
	 16194832 total ops (0 puts + 16032009 gets + 162823 dels)
	 2000000 in runtime (usecs) = 2 secs = 8.097416 ops/usec
	 0.000000 op/sec put throughput (all threads)
	 8016004.500000 op/sec get throughput (all threads)
	 81411.500000 op/sec del throughput (all threads)
	 8097416.000000 op/sec total throughput (all threads)
	 Conflicts in worker thread: 17720 (of 20356 commits)
	 Errors in worker thread: 0
	 Put errors: 0, Del errors: 0, Get errors: 0
***END OF RAMP-UP-THREADS OUTPUT***

***CONCLUDING THREAD EVALUATION***
