KP: 1456: Using 16 for local hash table size (same as merge frequency), 1610000 for master hash table size
KP: 1456: Total memory allocation size (just evaluation, not kv stores themselves) could be up to 0 bytes (0 MB)
Will create 1610000 random integers for each child thread
Now starting evaluation for key-value store: kp_kvstore
On 16 cores
Running on storage platform: disk
Starting single-threaded tests

*** BEGINING SINGLE THREADED TESTS***

***NOW DOING LATENCY TEST ON INDIVIDUAL FUNCTIONS ***
For put-insert: 
	 time elapsed 0:27552 (sec:usec) = 27552 usecs 
	 iterations 10000 (merge every 8 -> 1250 merges)
	 average cost 2.755200 usecs
	 Conflicts: 0 (of 1249 commits)

For put-append: 
	 time elapsed 0:62167 (sec:usec) = 62167 usecs 
	 iterations 30000 (merge every 8 -> 3750 merges)
	 average cost 2.072233 usecs
	 Conflicts: 0 (of 3747 commits)

For get: 
	 time elapsed 0:28190 (sec:usec) = 28190 usecs 
	 iterations 30000 (merge every 8 -> 3750 merges)
	 average cost 0.939667 usecs
	 Conflicts: 0 (of 0 commits)

For delete: 
	 time elapsed 0:54817 (sec:usec) = 54817 usecs 
	 iterations 30000 (merge every 8 -> 3750 merges)
	 average cost 1.827233 usecs
	 Conflicts: 0 (of 3747 commits)


*** CONCLUDING SINGLE THREADED TESTS***

Starting multi-threaded tests: num_threads=1, NUM_CPUS=16
KP: 1456: pinned new thread to CPU=0x0
KP: 1456: sleeping to allow threads enough time
KP: 1456: waking up from sleep (0)
For multithreaded run ramp r:-1-w:30-u:70-d:1
	 1233312 total ops (1220848 puts + 0 gets + 12464 dels)
	 2000000 in runtime (usecs) = 2 secs = 0.616656 ops/usec
	 610424.000000 op/sec put throughput (all threads)
	 0.000000 op/sec get throughput (all threads)
	 6232.000000 op/sec del throughput (all threads)
	 616656.000000 op/sec total throughput (all threads)
	 Conflicts in worker thread: 0 (of 154164 commits)
	 Errors in worker thread: 0
	 Put errors: 0, Del errors: 0, Get errors: 0
***END OF RAMP-UP-THREADS OUTPUT***

KP: 1456: pinned new thread to CPU=0x0
KP: 1456: sleeping to allow threads enough time
KP: 1456: waking up from sleep (0)
For multithreaded run ramp r:19-w:24-u:56-d:1
	 1340421 total ops (1058675 puts + 268500 gets + 13246 dels)
	 2000000 in runtime (usecs) = 2 secs = 0.670210 ops/usec
	 529337.500000 op/sec put throughput (all threads)
	 134250.000000 op/sec get throughput (all threads)
	 6623.000000 op/sec del throughput (all threads)
	 670210.500000 op/sec total throughput (all threads)
	 Conflicts in worker thread: 0 (of 133991 commits)
	 Errors in worker thread: 0
	 Put errors: 0, Del errors: 0, Get errors: 0
***END OF RAMP-UP-THREADS OUTPUT***

KP: 1456: pinned new thread to CPU=0x0
KP: 1456: sleeping to allow threads enough time
KP: 1456: waking up from sleep (0)
For multithreaded run ramp r:39-w:18-u:42-d:1
	 1536834 total ops (908337 puts + 613020 gets + 15477 dels)
	 2000000 in runtime (usecs) = 2 secs = 0.768417 ops/usec
	 454168.500000 op/sec put throughput (all threads)
	 306510.000000 op/sec get throughput (all threads)
	 7738.500000 op/sec del throughput (all threads)
	 768417.000000 op/sec total throughput (all threads)
	 Conflicts in worker thread: 0 (of 115477 commits)
	 Errors in worker thread: 0
	 Put errors: 0, Del errors: 0, Get errors: 0
***END OF RAMP-UP-THREADS OUTPUT***

KP: 1456: pinned new thread to CPU=0x0
KP: 1456: sleeping to allow threads enough time
KP: 1456: waking up from sleep (0)
For multithreaded run ramp r:59-w:12-u:28-d:1
	 1835242 total ops (716596 puts + 1100338 gets + 18308 dels)
	 2000000 in runtime (usecs) = 2 secs = 0.917621 ops/usec
	 358298.000000 op/sec put throughput (all threads)
	 550169.000000 op/sec get throughput (all threads)
	 9154.000000 op/sec del throughput (all threads)
	 917621.000000 op/sec total throughput (all threads)
	 Conflicts in worker thread: 0 (of 91863 commits)
	 Errors in worker thread: 0
	 Put errors: 0, Del errors: 0, Get errors: 0
***END OF RAMP-UP-THREADS OUTPUT***

KP: 1456: pinned new thread to CPU=0x0
KP: 1456: sleeping to allow threads enough time
KP: 1456: waking up from sleep (0)
For multithreaded run ramp r:79-w:6-u:14-d:1
	 2304225 total ops (438907 puts + 1842455 gets + 22863 dels)
	 2000000 in runtime (usecs) = 2 secs = 1.152112 ops/usec
	 219453.500000 op/sec put throughput (all threads)
	 921227.500000 op/sec get throughput (all threads)
	 11431.500000 op/sec del throughput (all threads)
	 1152112.500000 op/sec total throughput (all threads)
	 Conflicts in worker thread: 0 (of 57722 commits)
	 Errors in worker thread: 0
	 Put errors: 0, Del errors: 0, Get errors: 0
***END OF RAMP-UP-THREADS OUTPUT***

KP: 1456: pinned new thread to CPU=0x0
KP: 1456: sleeping to allow threads enough time
KP: 1456: waking up from sleep (0)
For multithreaded run ramp r:99-w:0-u:0-d:1
	 3333418 total ops (0 puts + 3299792 gets + 33626 dels)
	 2000000 in runtime (usecs) = 2 secs = 1.666709 ops/usec
	 0.000000 op/sec put throughput (all threads)
	 1649896.125000 op/sec get throughput (all threads)
	 16813.000000 op/sec del throughput (all threads)
	 1666709.000000 op/sec total throughput (all threads)
	 Conflicts in worker thread: 0 (of 4204 commits)
	 Errors in worker thread: 0
	 Put errors: 0, Del errors: 0, Get errors: 0
***END OF RAMP-UP-THREADS OUTPUT***

***CONCLUDING THREAD EVALUATION***
