KP: 6528: Using 16 for local hash table size (same as merge frequency), 1610000 for master hash table size
KP: 6528: Total memory allocation size (just evaluation, not kv stores themselves) could be up to 0 bytes (0 MB)
Will create 1610000 random integers for each child thread
Now starting evaluation for key-value store: kp_kvstore
On 16 cores
Running on storage platform: disk
Starting single-threaded tests

*** BEGINING SINGLE THREADED TESTS***

***NOW DOING LATENCY TEST ON INDIVIDUAL FUNCTIONS ***
For put-insert: 
	 time elapsed 0:61219 (sec:usec) = 61219 usecs 
	 iterations 10000 (merge every 8 -> 1250 merges)
	 average cost 6.121900 usecs
	 Conflicts: 0 (of 1249 commits)

For put-append: 
	 time elapsed 0:187836 (sec:usec) = 187836 usecs 
	 iterations 30000 (merge every 8 -> 3750 merges)
	 average cost 6.261200 usecs
	 Conflicts: 0 (of 3747 commits)

For get: 
	 time elapsed 0:181224 (sec:usec) = 181224 usecs 
	 iterations 30000 (merge every 8 -> 3750 merges)
	 average cost 6.040800 usecs
	 Conflicts: 0 (of 0 commits)

For delete: 
	 time elapsed 0:61823 (sec:usec) = 61823 usecs 
	 iterations 30000 (merge every 8 -> 3750 merges)
	 average cost 2.060767 usecs
	 Conflicts: 0 (of 3747 commits)


*** CONCLUDING SINGLE THREADED TESTS***

Starting multi-threaded tests: num_threads=1, NUM_CPUS=16
KP: 6528: pinned new thread to CPU=0x0
KP: 6528: sleeping to allow threads enough time
KP: 6528: waking up from sleep (0)
For multithreaded run ramp r:-1-w:30-u:70-d:1
	 634108 total ops (627715 puts + 0 gets + 6393 dels)
	 2000000 in runtime (usecs) = 2 secs = 0.317054 ops/usec
	 313857.500000 op/sec put throughput (all threads)
	 0.000000 op/sec get throughput (all threads)
	 3196.500000 op/sec del throughput (all threads)
	 317054.000000 op/sec total throughput (all threads)
	 Conflicts in worker thread: 0 (of 79264 commits)
	 Errors in worker thread: 0
	 Put errors: 0, Del errors: 0, Get errors: 0
***END OF RAMP-UP-THREADS OUTPUT***

KP: 6528: pinned new thread to CPU=0x0
KP: 6528: sleeping to allow threads enough time
KP: 6528: waking up from sleep (0)
For multithreaded run ramp r:19-w:24-u:56-d:1
	 730951 total ops (577567 puts + 146111 gets + 7273 dels)
	 2000000 in runtime (usecs) = 2 secs = 0.365476 ops/usec
	 288783.500000 op/sec put throughput (all threads)
	 73055.500000 op/sec get throughput (all threads)
	 3636.500000 op/sec del throughput (all threads)
	 365475.500000 op/sec total throughput (all threads)
	 Conflicts in worker thread: 0 (of 73105 commits)
	 Errors in worker thread: 0
	 Put errors: 0, Del errors: 0, Get errors: 0
***END OF RAMP-UP-THREADS OUTPUT***

KP: 6528: pinned new thread to CPU=0x0
KP: 6528: sleeping to allow threads enough time
KP: 6528: waking up from sleep (0)
For multithreaded run ramp r:39-w:18-u:42-d:1
	 886340 total ops (522735 puts + 354705 gets + 8900 dels)
	 2000000 in runtime (usecs) = 2 secs = 0.443170 ops/usec
	 261367.500000 op/sec put throughput (all threads)
	 177352.500000 op/sec get throughput (all threads)
	 4450.000000 op/sec del throughput (all threads)
	 443170.000000 op/sec total throughput (all threads)
	 Conflicts in worker thread: 0 (of 66455 commits)
	 Errors in worker thread: 0
	 Put errors: 0, Del errors: 0, Get errors: 0
***END OF RAMP-UP-THREADS OUTPUT***

KP: 6528: pinned new thread to CPU=0x0
KP: 6528: sleeping to allow threads enough time
KP: 6528: waking up from sleep (0)
For multithreaded run ramp r:59-w:12-u:28-d:1
	 1135624 total ops (442184 puts + 682168 gets + 11272 dels)
	 2000000 in runtime (usecs) = 2 secs = 0.567812 ops/usec
	 221092.000000 op/sec put throughput (all threads)
	 341084.000000 op/sec get throughput (all threads)
	 5635.999512 op/sec del throughput (all threads)
	 567812.000000 op/sec total throughput (all threads)
	 Conflicts in worker thread: 0 (of 56682 commits)
	 Errors in worker thread: 0
	 Put errors: 0, Del errors: 0, Get errors: 0
***END OF RAMP-UP-THREADS OUTPUT***

KP: 6528: pinned new thread to CPU=0x0
KP: 6528: sleeping to allow threads enough time
KP: 6528: waking up from sleep (0)
For multithreaded run ramp r:79-w:6-u:14-d:1
	 1593552 total ops (303676 puts + 1273890 gets + 15986 dels)
	 2000000 in runtime (usecs) = 2 secs = 0.796776 ops/usec
	 151838.000000 op/sec put throughput (all threads)
	 636945.000000 op/sec get throughput (all threads)
	 7993.000000 op/sec del throughput (all threads)
	 796776.000000 op/sec total throughput (all threads)
	 Conflicts in worker thread: 0 (of 39958 commits)
	 Errors in worker thread: 0
	 Put errors: 0, Del errors: 0, Get errors: 0
***END OF RAMP-UP-THREADS OUTPUT***

KP: 6528: pinned new thread to CPU=0x0
KP: 6528: sleeping to allow threads enough time
KP: 6528: waking up from sleep (0)
For multithreaded run ramp r:99-w:0-u:0-d:1
	 3338603 total ops (0 puts + 3305246 gets + 33357 dels)
	 2000000 in runtime (usecs) = 2 secs = 1.669302 ops/usec
	 0.000000 op/sec put throughput (all threads)
	 1652623.000000 op/sec get throughput (all threads)
	 16678.500000 op/sec del throughput (all threads)
	 1669301.500000 op/sec total throughput (all threads)
	 Conflicts in worker thread: 0 (of 4170 commits)
	 Errors in worker thread: 0
	 Put errors: 0, Del errors: 0, Get errors: 0
***END OF RAMP-UP-THREADS OUTPUT***

***CONCLUDING THREAD EVALUATION***
