KP: 592: Using 16 for local hash table size (same as merge frequency), 1610000 for master hash table size
KP: 592: Total memory allocation size (just evaluation, not kv stores themselves) could be up to 0 bytes (0 MB)
Will create 1610000 random integers for each child thread
Now starting evaluation for key-value store: kp_kvstore
On 16 cores
Running on storage platform: disk
Starting single-threaded tests

*** BEGINING SINGLE THREADED TESTS***

***NOW DOING LATENCY TEST ON INDIVIDUAL FUNCTIONS ***
For put-insert: 
	 time elapsed 8:667257 (sec:usec) = 8667257 usecs 
	 iterations 10000 (merge every 8 -> 1250 merges)
	 average cost 866.725708 usecs
	 Conflicts: 0 (of 1249 commits)

For put-append: 
	 time elapsed 26:13949 (sec:usec) = 26013949 usecs 
	 iterations 30000 (merge every 8 -> 3750 merges)
	 average cost 867.131592 usecs
	 Conflicts: 0 (of 3747 commits)

For get: 
	 time elapsed 20:999733 (sec:usec) = 20999733 usecs 
	 iterations 30000 (merge every 8 -> 3750 merges)
	 average cost 699.991089 usecs
	 Conflicts: 0 (of 0 commits)

For delete: 
	 time elapsed 0:63479 (sec:usec) = 63479 usecs 
	 iterations 30000 (merge every 8 -> 3750 merges)
	 average cost 2.115967 usecs
	 Conflicts: 0 (of 3747 commits)


*** CONCLUDING SINGLE THREADED TESTS***

Starting multi-threaded tests: num_threads=1, NUM_CPUS=16
KP: 592: pinned new thread to CPU=0x0
KP: 592: sleeping to allow threads enough time
KP: 592: waking up from sleep (0)
For multithreaded run ramp r:-1-w:30-u:70-d:1
	 4807 total ops (4762 puts + 0 gets + 45 dels)
	 2000000 in runtime (usecs) = 2 secs = 0.002404 ops/usec
	 2381.000000 op/sec put throughput (all threads)
	 0.000000 op/sec get throughput (all threads)
	 22.500000 op/sec del throughput (all threads)
	 2403.500000 op/sec total throughput (all threads)
	 Conflicts in worker thread: 0 (of 601 commits)
	 Errors in worker thread: 0
	 Put errors: 0, Del errors: 0, Get errors: 0
***END OF RAMP-UP-THREADS OUTPUT***

KP: 592: pinned new thread to CPU=0x0
KP: 592: sleeping to allow threads enough time
KP: 592: waking up from sleep (0)
For multithreaded run ramp r:19-w:24-u:56-d:1
	 5728 total ops (4531 puts + 1142 gets + 55 dels)
	 2000000 in runtime (usecs) = 2 secs = 0.002864 ops/usec
	 2265.500000 op/sec put throughput (all threads)
	 571.000000 op/sec get throughput (all threads)
	 27.500000 op/sec del throughput (all threads)
	 2864.000000 op/sec total throughput (all threads)
	 Conflicts in worker thread: 0 (of 574 commits)
	 Errors in worker thread: 0
	 Put errors: 0, Del errors: 0, Get errors: 0
***END OF RAMP-UP-THREADS OUTPUT***

KP: 592: pinned new thread to CPU=0x0
KP: 592: sleeping to allow threads enough time
KP: 592: waking up from sleep (0)
For multithreaded run ramp r:39-w:18-u:42-d:1
	 7180 total ops (4211 puts + 2892 gets + 77 dels)
	 2000000 in runtime (usecs) = 2 secs = 0.003590 ops/usec
	 2105.500000 op/sec put throughput (all threads)
	 1446.000000 op/sec get throughput (all threads)
	 38.500000 op/sec del throughput (all threads)
	 3590.000000 op/sec total throughput (all threads)
	 Conflicts in worker thread: 0 (of 536 commits)
	 Errors in worker thread: 0
	 Put errors: 0, Del errors: 0, Get errors: 0
***END OF RAMP-UP-THREADS OUTPUT***

KP: 592: pinned new thread to CPU=0x0
KP: 592: sleeping to allow threads enough time
KP: 592: waking up from sleep (0)
For multithreaded run ramp r:59-w:12-u:28-d:1
	 9650 total ops (3693 puts + 5850 gets + 107 dels)
	 2000000 in runtime (usecs) = 2 secs = 0.004825 ops/usec
	 1846.500000 op/sec put throughput (all threads)
	 2925.000000 op/sec get throughput (all threads)
	 53.500000 op/sec del throughput (all threads)
	 4825.000000 op/sec total throughput (all threads)
	 Conflicts in worker thread: 0 (of 475 commits)
	 Errors in worker thread: 0
	 Put errors: 0, Del errors: 0, Get errors: 0
***END OF RAMP-UP-THREADS OUTPUT***

KP: 592: pinned new thread to CPU=0x0
KP: 592: sleeping to allow threads enough time
KP: 592: waking up from sleep (0)
For multithreaded run ramp r:79-w:6-u:14-d:1
	 14483 total ops (2645 puts + 11685 gets + 153 dels)
	 2000000 in runtime (usecs) = 2 secs = 0.007242 ops/usec
	 1322.500000 op/sec put throughput (all threads)
	 5842.500000 op/sec get throughput (all threads)
	 76.500000 op/sec del throughput (all threads)
	 7241.500000 op/sec total throughput (all threads)
	 Conflicts in worker thread: 0 (of 350 commits)
	 Errors in worker thread: 0
	 Put errors: 0, Del errors: 0, Get errors: 0
***END OF RAMP-UP-THREADS OUTPUT***

KP: 592: pinned new thread to CPU=0x0
KP: 592: sleeping to allow threads enough time
KP: 592: waking up from sleep (0)
For multithreaded run ramp r:99-w:0-u:0-d:1
	 3243587 total ops (0 puts + 3211755 gets + 31832 dels)
	 2000000 in runtime (usecs) = 2 secs = 1.621794 ops/usec
	 0.000000 op/sec put throughput (all threads)
	 1605877.500000 op/sec get throughput (all threads)
	 15916.000000 op/sec del throughput (all threads)
	 1621793.500000 op/sec total throughput (all threads)
	 Conflicts in worker thread: 0 (of 3979 commits)
	 Errors in worker thread: 0
	 Put errors: 0, Del errors: 0, Get errors: 0
***END OF RAMP-UP-THREADS OUTPUT***

***CONCLUDING THREAD EVALUATION***
