KP: 9696: Using 16 for local hash table size (same as merge frequency), 1610000 for master hash table size
KP: 9696: Total memory allocation size (just evaluation, not kv stores themselves) could be up to 0 bytes (0 MB)
Will create 1610000 random integers for each child thread
Now starting evaluation for key-value store: kp_kvstore
On 16 cores
Running on storage platform: disk
Starting single-threaded tests

*** BEGINING SINGLE THREADED TESTS***

***NOW DOING LATENCY TEST ON INDIVIDUAL FUNCTIONS ***
For put-insert: 
	 time elapsed 4:336484 (sec:usec) = 4336484 usecs 
	 iterations 10000 (merge every 8 -> 1250 merges)
	 average cost 433.648407 usecs
	 Conflicts: 0 (of 1249 commits)

For put-append: 
	 time elapsed 12:997900 (sec:usec) = 12997900 usecs 
	 iterations 30000 (merge every 8 -> 3750 merges)
	 average cost 433.263336 usecs
	 Conflicts: 0 (of 3747 commits)

For get: 
	 time elapsed 10:742809 (sec:usec) = 10742809 usecs 
	 iterations 30000 (merge every 8 -> 3750 merges)
	 average cost 358.093628 usecs
	 Conflicts: 0 (of 0 commits)

For delete: 
	 time elapsed 0:63922 (sec:usec) = 63922 usecs 
	 iterations 30000 (merge every 8 -> 3750 merges)
	 average cost 2.130733 usecs
	 Conflicts: 0 (of 3747 commits)


*** CONCLUDING SINGLE THREADED TESTS***

Starting multi-threaded tests: num_threads=1, NUM_CPUS=16
KP: 9696: pinned new thread to CPU=0x0
KP: 9696: sleeping to allow threads enough time
KP: 9696: waking up from sleep (0)
For multithreaded run ramp r:-1-w:30-u:70-d:1
	 10128 total ops (10037 puts + 0 gets + 91 dels)
	 2000000 in runtime (usecs) = 2 secs = 0.005064 ops/usec
	 5018.500000 op/sec put throughput (all threads)
	 0.000000 op/sec get throughput (all threads)
	 45.500000 op/sec del throughput (all threads)
	 5064.000000 op/sec total throughput (all threads)
	 Conflicts in worker thread: 0 (of 1266 commits)
	 Errors in worker thread: 0
	 Put errors: 0, Del errors: 0, Get errors: 0
***END OF RAMP-UP-THREADS OUTPUT***

KP: 9696: pinned new thread to CPU=0x0
KP: 9696: sleeping to allow threads enough time
KP: 9696: waking up from sleep (0)
For multithreaded run ramp r:19-w:24-u:56-d:1
	 11979 total ops (9434 puts + 2427 gets + 118 dels)
	 2000000 in runtime (usecs) = 2 secs = 0.005989 ops/usec
	 4717.000000 op/sec put throughput (all threads)
	 1213.500000 op/sec get throughput (all threads)
	 59.000000 op/sec del throughput (all threads)
	 5989.500000 op/sec total throughput (all threads)
	 Conflicts in worker thread: 0 (of 1194 commits)
	 Errors in worker thread: 0
	 Put errors: 0, Del errors: 0, Get errors: 0
***END OF RAMP-UP-THREADS OUTPUT***

KP: 9696: pinned new thread to CPU=0x0
KP: 9696: sleeping to allow threads enough time
KP: 9696: waking up from sleep (0)
For multithreaded run ramp r:39-w:18-u:42-d:1
	 14862 total ops (8763 puts + 5943 gets + 156 dels)
	 2000000 in runtime (usecs) = 2 secs = 0.007431 ops/usec
	 4381.500000 op/sec put throughput (all threads)
	 2971.500000 op/sec get throughput (all threads)
	 78.000000 op/sec del throughput (all threads)
	 7431.000000 op/sec total throughput (all threads)
	 Conflicts in worker thread: 0 (of 1115 commits)
	 Errors in worker thread: 0
	 Put errors: 0, Del errors: 0, Get errors: 0
***END OF RAMP-UP-THREADS OUTPUT***

KP: 9696: pinned new thread to CPU=0x0
KP: 9696: sleeping to allow threads enough time
KP: 9696: waking up from sleep (0)
For multithreaded run ramp r:59-w:12-u:28-d:1
	 19582 total ops (7662 puts + 11710 gets + 210 dels)
	 2000000 in runtime (usecs) = 2 secs = 0.009791 ops/usec
	 3831.000000 op/sec put throughput (all threads)
	 5855.000000 op/sec get throughput (all threads)
	 105.000000 op/sec del throughput (all threads)
	 9791.000000 op/sec total throughput (all threads)
	 Conflicts in worker thread: 0 (of 984 commits)
	 Errors in worker thread: 0
	 Put errors: 0, Del errors: 0, Get errors: 0
***END OF RAMP-UP-THREADS OUTPUT***

KP: 9696: pinned new thread to CPU=0x0
KP: 9696: sleeping to allow threads enough time
KP: 9696: waking up from sleep (0)
For multithreaded run ramp r:79-w:6-u:14-d:1
	 29234 total ops (5552 puts + 23389 gets + 293 dels)
	 2000000 in runtime (usecs) = 2 secs = 0.014617 ops/usec
	 2776.000000 op/sec put throughput (all threads)
	 11694.500000 op/sec get throughput (all threads)
	 146.500000 op/sec del throughput (all threads)
	 14617.000000 op/sec total throughput (all threads)
	 Conflicts in worker thread: 0 (of 731 commits)
	 Errors in worker thread: 0
	 Put errors: 0, Del errors: 0, Get errors: 0
***END OF RAMP-UP-THREADS OUTPUT***

KP: 9696: pinned new thread to CPU=0x0
KP: 9696: sleeping to allow threads enough time
KP: 9696: waking up from sleep (0)
For multithreaded run ramp r:99-w:0-u:0-d:1
	 3317379 total ops (0 puts + 3284017 gets + 33362 dels)
	 2000000 in runtime (usecs) = 2 secs = 1.658689 ops/usec
	 0.000000 op/sec put throughput (all threads)
	 1642008.500000 op/sec get throughput (all threads)
	 16681.000000 op/sec del throughput (all threads)
	 1658689.500000 op/sec total throughput (all threads)
	 Conflicts in worker thread: 0 (of 4171 commits)
	 Errors in worker thread: 0
	 Put errors: 0, Del errors: 0, Get errors: 0
***END OF RAMP-UP-THREADS OUTPUT***

***CONCLUDING THREAD EVALUATION***
