KP: 9296: Using 16 for local hash table size (same as merge frequency), 1610000 for master hash table size
KP: 9296: Total memory allocation size (just evaluation, not kv stores themselves) could be up to 0 bytes (0 MB)
Will create 1610000 random integers for each child thread
Now starting evaluation for key-value store: kp_kvstore
On 16 cores
Running on storage platform: disk
Starting single-threaded tests

*** BEGINING SINGLE THREADED TESTS***

***NOW DOING LATENCY TEST ON INDIVIDUAL FUNCTIONS ***
For put-insert: 
	 time elapsed 0:29500 (sec:usec) = 29500 usecs 
	 iterations 10000 (merge every 8 -> 1250 merges)
	 average cost 2.950000 usecs
	 Conflicts: 0 (of 1249 commits)

For put-append: 
	 time elapsed 0:67932 (sec:usec) = 67932 usecs 
	 iterations 30000 (merge every 8 -> 3750 merges)
	 average cost 2.264400 usecs
	 Conflicts: 0 (of 3747 commits)

For get: 
	 time elapsed 0:31607 (sec:usec) = 31607 usecs 
	 iterations 30000 (merge every 8 -> 3750 merges)
	 average cost 1.053567 usecs
	 Conflicts: 0 (of 0 commits)

For delete: 
	 time elapsed 0:55131 (sec:usec) = 55131 usecs 
	 iterations 30000 (merge every 8 -> 3750 merges)
	 average cost 1.837700 usecs
	 Conflicts: 0 (of 3747 commits)


*** CONCLUDING SINGLE THREADED TESTS***

Starting multi-threaded tests: num_threads=1, NUM_CPUS=16
KP: 9296: pinned new thread to CPU=0x0
KP: 9296: sleeping to allow threads enough time
KP: 9296: waking up from sleep (0)
For multithreaded run ramp r:-1-w:30-u:70-d:1
	 1173712 total ops (1162110 puts + 0 gets + 11602 dels)
	 2000000 in runtime (usecs) = 2 secs = 0.586856 ops/usec
	 581055.000000 op/sec put throughput (all threads)
	 0.000000 op/sec get throughput (all threads)
	 5801.000000 op/sec del throughput (all threads)
	 586856.000000 op/sec total throughput (all threads)
	 Conflicts in worker thread: 0 (of 146714 commits)
	 Errors in worker thread: 0
	 Put errors: 0, Del errors: 0, Get errors: 0
***END OF RAMP-UP-THREADS OUTPUT***

KP: 9296: pinned new thread to CPU=0x0
KP: 9296: sleeping to allow threads enough time
KP: 9296: waking up from sleep (0)
For multithreaded run ramp r:19-w:24-u:56-d:1
	 1275094 total ops (1007933 puts + 254725 gets + 12436 dels)
	 2000000 in runtime (usecs) = 2 secs = 0.637547 ops/usec
	 503966.500000 op/sec put throughput (all threads)
	 127362.500000 op/sec get throughput (all threads)
	 6218.000000 op/sec del throughput (all threads)
	 637547.000000 op/sec total throughput (all threads)
	 Conflicts in worker thread: 0 (of 127547 commits)
	 Errors in worker thread: 0
	 Put errors: 0, Del errors: 0, Get errors: 0
***END OF RAMP-UP-THREADS OUTPUT***

KP: 9296: pinned new thread to CPU=0x0
KP: 9296: sleeping to allow threads enough time
KP: 9296: waking up from sleep (0)
For multithreaded run ramp r:39-w:18-u:42-d:1
	 1480742 total ops (875290 puts + 590974 gets + 14478 dels)
	 2000000 in runtime (usecs) = 2 secs = 0.740371 ops/usec
	 437644.968750 op/sec put throughput (all threads)
	 295487.000000 op/sec get throughput (all threads)
	 7239.000000 op/sec del throughput (all threads)
	 740371.000000 op/sec total throughput (all threads)
	 Conflicts in worker thread: 0 (of 111221 commits)
	 Errors in worker thread: 0
	 Put errors: 0, Del errors: 0, Get errors: 0
***END OF RAMP-UP-THREADS OUTPUT***

KP: 9296: pinned new thread to CPU=0x0
KP: 9296: sleeping to allow threads enough time
KP: 9296: waking up from sleep (0)
For multithreaded run ramp r:59-w:12-u:28-d:1
	 1778037 total ops (694360 puts + 1066083 gets + 17594 dels)
	 2000000 in runtime (usecs) = 2 secs = 0.889018 ops/usec
	 347180.000000 op/sec put throughput (all threads)
	 533041.500000 op/sec get throughput (all threads)
	 8797.000000 op/sec del throughput (all threads)
	 889018.500000 op/sec total throughput (all threads)
	 Conflicts in worker thread: 0 (of 88995 commits)
	 Errors in worker thread: 0
	 Put errors: 0, Del errors: 0, Get errors: 0
***END OF RAMP-UP-THREADS OUTPUT***

KP: 9296: pinned new thread to CPU=0x0
KP: 9296: sleeping to allow threads enough time
KP: 9296: waking up from sleep (0)
For multithreaded run ramp r:79-w:6-u:14-d:1
	 2252238 total ops (429532 puts + 1800286 gets + 22420 dels)
	 2000000 in runtime (usecs) = 2 secs = 1.126119 ops/usec
	 214766.000000 op/sec put throughput (all threads)
	 900143.000000 op/sec get throughput (all threads)
	 11210.000000 op/sec del throughput (all threads)
	 1126119.000000 op/sec total throughput (all threads)
	 Conflicts in worker thread: 0 (of 56494 commits)
	 Errors in worker thread: 0
	 Put errors: 0, Del errors: 0, Get errors: 0
***END OF RAMP-UP-THREADS OUTPUT***

KP: 9296: pinned new thread to CPU=0x0
KP: 9296: sleeping to allow threads enough time
KP: 9296: waking up from sleep (0)
For multithreaded run ramp r:99-w:0-u:0-d:1
	 3334605 total ops (0 puts + 3301511 gets + 33094 dels)
	 2000000 in runtime (usecs) = 2 secs = 1.667302 ops/usec
	 0.000000 op/sec put throughput (all threads)
	 1650755.500000 op/sec get throughput (all threads)
	 16547.000000 op/sec del throughput (all threads)
	 1667302.500000 op/sec total throughput (all threads)
	 Conflicts in worker thread: 0 (of 4137 commits)
	 Errors in worker thread: 0
	 Put errors: 0, Del errors: 0, Get errors: 0
***END OF RAMP-UP-THREADS OUTPUT***

***CONCLUDING THREAD EVALUATION***
