KP: 1280: Using 16 for local hash table size (same as merge frequency), 1610000 for master hash table size
KP: 1280: Total memory allocation size (just evaluation, not kv stores themselves) could be up to 0 bytes (0 MB)
Will create 1610000 random integers for each child thread
Now starting evaluation for key-value store: kp_kvstore
On 16 cores
Running on storage platform: disk
Starting single-threaded tests

*** BEGINING SINGLE THREADED TESTS***

***NOW DOING LATENCY TEST ON INDIVIDUAL FUNCTIONS ***
For put-insert: 
	 time elapsed 0:568744 (sec:usec) = 568744 usecs 
	 iterations 10000 (merge every 8 -> 1250 merges)
	 average cost 56.874401 usecs
	 Conflicts: 0 (of 1249 commits)

For put-append: 
	 time elapsed 1:709367 (sec:usec) = 1709367 usecs 
	 iterations 30000 (merge every 8 -> 3750 merges)
	 average cost 56.978901 usecs
	 Conflicts: 0 (of 3747 commits)

For get: 
	 time elapsed 1:535741 (sec:usec) = 1535741 usecs 
	 iterations 30000 (merge every 8 -> 3750 merges)
	 average cost 51.191368 usecs
	 Conflicts: 0 (of 0 commits)

For delete: 
	 time elapsed 0:63942 (sec:usec) = 63942 usecs 
	 iterations 30000 (merge every 8 -> 3750 merges)
	 average cost 2.131400 usecs
	 Conflicts: 0 (of 3747 commits)


*** CONCLUDING SINGLE THREADED TESTS***

Starting multi-threaded tests: num_threads=1, NUM_CPUS=16
KP: 1280: pinned new thread to CPU=0x0
KP: 1280: sleeping to allow threads enough time
KP: 1280: waking up from sleep (0)
For multithreaded run ramp r:-1-w:30-u:70-d:1
	 76096 total ops (75313 puts + 0 gets + 783 dels)
	 2000000 in runtime (usecs) = 2 secs = 0.038048 ops/usec
	 37656.500000 op/sec put throughput (all threads)
	 0.000000 op/sec get throughput (all threads)
	 391.500000 op/sec del throughput (all threads)
	 38048.000000 op/sec total throughput (all threads)
	 Conflicts in worker thread: 0 (of 9512 commits)
	 Errors in worker thread: 0
	 Put errors: 0, Del errors: 0, Get errors: 0
***END OF RAMP-UP-THREADS OUTPUT***

KP: 1280: pinned new thread to CPU=0x0
KP: 1280: sleeping to allow threads enough time
KP: 1280: waking up from sleep (0)
For multithreaded run ramp r:19-w:24-u:56-d:1
	 89485 total ops (70639 puts + 17917 gets + 929 dels)
	 2000000 in runtime (usecs) = 2 secs = 0.044742 ops/usec
	 35319.500000 op/sec put throughput (all threads)
	 8958.500000 op/sec get throughput (all threads)
	 464.500000 op/sec del throughput (all threads)
	 44742.500000 op/sec total throughput (all threads)
	 Conflicts in worker thread: 0 (of 8946 commits)
	 Errors in worker thread: 0
	 Put errors: 0, Del errors: 0, Get errors: 0
***END OF RAMP-UP-THREADS OUTPUT***

KP: 1280: pinned new thread to CPU=0x0
KP: 1280: sleeping to allow threads enough time
KP: 1280: waking up from sleep (0)
For multithreaded run ramp r:39-w:18-u:42-d:1
	 110408 total ops (65131 puts + 44184 gets + 1093 dels)
	 2000000 in runtime (usecs) = 2 secs = 0.055204 ops/usec
	 32565.500000 op/sec put throughput (all threads)
	 22092.000000 op/sec get throughput (all threads)
	 546.499939 op/sec del throughput (all threads)
	 55204.000000 op/sec total throughput (all threads)
	 Conflicts in worker thread: 0 (of 8278 commits)
	 Errors in worker thread: 0
	 Put errors: 0, Del errors: 0, Get errors: 0
***END OF RAMP-UP-THREADS OUTPUT***

KP: 1280: pinned new thread to CPU=0x0
KP: 1280: sleeping to allow threads enough time
KP: 1280: waking up from sleep (0)
For multithreaded run ramp r:59-w:12-u:28-d:1
	 145102 total ops (56569 puts + 87071 gets + 1462 dels)
	 2000000 in runtime (usecs) = 2 secs = 0.072551 ops/usec
	 28284.500000 op/sec put throughput (all threads)
	 43535.500000 op/sec get throughput (all threads)
	 731.000000 op/sec del throughput (all threads)
	 72551.000000 op/sec total throughput (all threads)
	 Conflicts in worker thread: 0 (of 7254 commits)
	 Errors in worker thread: 0
	 Put errors: 0, Del errors: 0, Get errors: 0
***END OF RAMP-UP-THREADS OUTPUT***

KP: 1280: pinned new thread to CPU=0x0
KP: 1280: sleeping to allow threads enough time
KP: 1280: waking up from sleep (0)
For multithreaded run ramp r:79-w:6-u:14-d:1
	 214954 total ops (40650 puts + 172169 gets + 2135 dels)
	 2000000 in runtime (usecs) = 2 secs = 0.107477 ops/usec
	 20325.000000 op/sec put throughput (all threads)
	 86084.500000 op/sec get throughput (all threads)
	 1067.500000 op/sec del throughput (all threads)
	 107477.000000 op/sec total throughput (all threads)
	 Conflicts in worker thread: 0 (of 5349 commits)
	 Errors in worker thread: 0
	 Put errors: 0, Del errors: 0, Get errors: 0
***END OF RAMP-UP-THREADS OUTPUT***

KP: 1280: pinned new thread to CPU=0x0
KP: 1280: sleeping to allow threads enough time
KP: 1280: waking up from sleep (0)
For multithreaded run ramp r:99-w:0-u:0-d:1
	 3322576 total ops (0 puts + 3288864 gets + 33712 dels)
	 2000000 in runtime (usecs) = 2 secs = 1.661288 ops/usec
	 0.000000 op/sec put throughput (all threads)
	 1644432.125000 op/sec get throughput (all threads)
	 16856.000000 op/sec del throughput (all threads)
	 1661288.000000 op/sec total throughput (all threads)
	 Conflicts in worker thread: 0 (of 4214 commits)
	 Errors in worker thread: 0
	 Put errors: 0, Del errors: 0, Get errors: 0
***END OF RAMP-UP-THREADS OUTPUT***

***CONCLUDING THREAD EVALUATION***
