KP: 9904: Using 16 for local hash table size (same as merge frequency), 1610000 for master hash table size
KP: 9904: Total memory allocation size (just evaluation, not kv stores themselves) could be up to 0 bytes (0 MB)
Will create 1610000 random integers for each child thread
Now starting evaluation for key-value store: Masstree
On 16 cores
Running on storage platform: disk
Starting single-threaded tests

*** BEGINING SINGLE THREADED TESTS***

***NOW DOING LATENCY TEST ON INDIVIDUAL FUNCTIONS ***
For put-insert: 
	 time elapsed 0:259888 (sec:usec) = 259888 usecs 
	 iterations 10000 (merge every 8 -> 1250 merges)
	 average cost 25.988800 usecs
	 Conflicts: 0 (of 1249 commits)

For put-append: 
	 time elapsed 0:767130 (sec:usec) = 767130 usecs 
	 iterations 30000 (merge every 8 -> 3750 merges)
	 average cost 25.570999 usecs
	 Conflicts: 0 (of 3747 commits)

For get: 
	 time elapsed 0:37289 (sec:usec) = 37289 usecs 
	 iterations 30000 (merge every 8 -> 3750 merges)
	 average cost 1.242967 usecs
	 Conflicts: 0 (of 0 commits)

For delete: 
	 time elapsed 0:25223 (sec:usec) = 25223 usecs 
	 iterations 30000 (merge every 8 -> 3750 merges)
	 average cost 0.840767 usecs
	 Conflicts: 0 (of 3747 commits)


*** CONCLUDING SINGLE THREADED TESTS***

Starting multi-threaded tests: num_threads=1, NUM_CPUS=16
KP: 9904: pinned new thread to CPU=0x0
KP: 9904: sleeping to allow threads enough time
KP: 9904: waking up from sleep (0)
For multithreaded run ramp r:-1-w:30-u:70-d:1
	 87575 total ops (86649 puts + 0 gets + 926 dels)
	 2000000 in runtime (usecs) = 2 secs = 0.043788 ops/usec
	 43324.503906 op/sec put throughput (all threads)
	 0.000000 op/sec get throughput (all threads)
	 463.000000 op/sec del throughput (all threads)
	 43787.500000 op/sec total throughput (all threads)
	 Conflicts in worker thread: 0 (of 10947 commits)
	 Errors in worker thread: 0
	 Put errors: 0, Del errors: 0, Get errors: 0
***END OF RAMP-UP-THREADS OUTPUT***

KP: 9904: pinned new thread to CPU=0x0
KP: 9904: sleeping to allow threads enough time
KP: 9904: pinned new thread to CPU=0x0
KP: 9904: sleeping to allow threads enough time
KP: 9904: pinned new thread to CPU=0x0
KP: 9904: sleeping to allow threads enough time
KP: 9904: pinned new thread to CPU=0x0
KP: 9904: sleeping to allow threads enough time
KP: 9904: pinned new thread to CPU=0x0
KP: 9904: sleeping to allow threads enough time
KP: 9904: waking up from sleep (0)
For multithreaded run ramp r:99-w:0-u:0-d:1
	 2968017 total ops (0 puts + 2938662 gets + 29355 dels)
	 2000000 in runtime (usecs) = 2 secs = 1.484009 ops/usec
	 0.000000 op/sec put throughput (all threads)
	 1469331.000000 op/sec get throughput (all threads)
	 14677.500000 op/sec del throughput (all threads)
	 1484008.500000 op/sec total throughput (all threads)
	 Conflicts in worker thread: 0 (of 3670 commits)
	 Errors in worker thread: 0
	 Put errors: 0, Del errors: 0, Get errors: 0
***END OF RAMP-UP-THREADS OUTPUT***

***CONCLUDING THREAD EVALUATION***
