KP: 8672: Using 16 for local hash table size (same as merge frequency), 1610000 for master hash table size
KP: 8672: Total memory allocation size (just evaluation, not kv stores themselves) could be up to 0 bytes (0 MB)
Will create 1610000 random integers for each child thread
Now starting evaluation for key-value store: Masstree
On 16 cores
Running on storage platform: disk
Starting single-threaded tests

*** BEGINING SINGLE THREADED TESTS***

***NOW DOING LATENCY TEST ON INDIVIDUAL FUNCTIONS ***
For put-insert: 
	 time elapsed 0:9934 (sec:usec) = 9934 usecs 
	 iterations 10000 (merge every 8 -> 1250 merges)
	 average cost 0.993400 usecs
	 Conflicts: 0 (of 1249 commits)

For put-append: 
	 time elapsed 0:26708 (sec:usec) = 26708 usecs 
	 iterations 30000 (merge every 8 -> 3750 merges)
	 average cost 0.890267 usecs
	 Conflicts: 0 (of 3747 commits)

For get: 
	 time elapsed 0:20886 (sec:usec) = 20886 usecs 
	 iterations 30000 (merge every 8 -> 3750 merges)
	 average cost 0.696200 usecs
	 Conflicts: 0 (of 0 commits)

For delete: 
	 time elapsed 0:20540 (sec:usec) = 20540 usecs 
	 iterations 30000 (merge every 8 -> 3750 merges)
	 average cost 0.684667 usecs
	 Conflicts: 0 (of 3747 commits)


*** CONCLUDING SINGLE THREADED TESTS***

Starting multi-threaded tests: num_threads=1, NUM_CPUS=16
KP: 8672: pinned new thread to CPU=0x0
KP: 8672: sleeping to allow threads enough time
KP: 8672: waking up from sleep (0)
For multithreaded run ramp r:-1-w:30-u:70-d:1
	 2214453 total ops (2191877 puts + 0 gets + 22576 dels)
	 2000000 in runtime (usecs) = 2 secs = 1.107226 ops/usec
	 1095938.500000 op/sec put throughput (all threads)
	 0.000000 op/sec get throughput (all threads)
	 11288.000977 op/sec del throughput (all threads)
	 1107226.500000 op/sec total throughput (all threads)
	 Conflicts in worker thread: 0 (of 276807 commits)
	 Errors in worker thread: 0
	 Put errors: 0, Del errors: 0, Get errors: 0
***END OF RAMP-UP-THREADS OUTPUT***

KP: 8672: pinned new thread to CPU=0x0
KP: 8672: sleeping to allow threads enough time
KP: 8672: pinned new thread to CPU=0x0
KP: 8672: sleeping to allow threads enough time
KP: 8672: pinned new thread to CPU=0x0
KP: 8672: sleeping to allow threads enough time
KP: 8672: pinned new thread to CPU=0x0
KP: 8672: sleeping to allow threads enough time
KP: 8672: pinned new thread to CPU=0x0
KP: 8672: sleeping to allow threads enough time
KP: 8672: waking up from sleep (0)
For multithreaded run ramp r:99-w:0-u:0-d:1
	 2967423 total ops (0 puts + 2937299 gets + 30124 dels)
	 2000000 in runtime (usecs) = 2 secs = 1.483711 ops/usec
	 0.000000 op/sec put throughput (all threads)
	 1468649.500000 op/sec get throughput (all threads)
	 15062.000000 op/sec del throughput (all threads)
	 1483711.500000 op/sec total throughput (all threads)
	 Conflicts in worker thread: 0 (of 3766 commits)
	 Errors in worker thread: 0
	 Put errors: 0, Del errors: 0, Get errors: 0
***END OF RAMP-UP-THREADS OUTPUT***

***CONCLUDING THREAD EVALUATION***
