KP: 1040: Using 16 for local hash table size (same as merge frequency), 1610000 for master hash table size
KP: 1040: Total memory allocation size (just evaluation, not kv stores themselves) could be up to 0 bytes (0 MB)
Will create 1610000 random integers for each child thread
Now starting evaluation for key-value store: kp_kvstore
On 16 cores
Running on storage platform: disk
Starting single-threaded tests

*** BEGINING SINGLE THREADED TESTS***

***NOW DOING LATENCY TEST ON INDIVIDUAL FUNCTIONS ***
For put-insert: 
	 time elapsed 0:619480 (sec:usec) = 619480 usecs 
	 iterations 50000 (merge every 8 -> 6250 merges)
	 average cost 12.389600 usecs
	 Conflicts: 0 (of 6249 commits)

For put-append: 
	 time elapsed 1:448416 (sec:usec) = 1448416 usecs 
	 iterations 150000 (merge every 8 -> 18750 merges)
	 average cost 9.656107 usecs
	 Conflicts: 0 (of 18747 commits)

For get: 
	 time elapsed 0:276967 (sec:usec) = 276967 usecs 
	 iterations 150000 (merge every 8 -> 18750 merges)
	 average cost 1.846447 usecs
	 Conflicts: 0 (of 0 commits)

For delete: 
	 time elapsed 1:303578 (sec:usec) = 1303578 usecs 
	 iterations 150000 (merge every 8 -> 18750 merges)
	 average cost 8.690520 usecs
	 Conflicts: 0 (of 18747 commits)


*** CONCLUDING SINGLE THREADED TESTS***

Starting multi-threaded tests: num_threads=1, NUM_CPUS=16
KP: 1040: pinned new thread to CPU=0x0
KP: 1040: sleeping to allow threads enough time
KP: 1040: waking up from sleep (0)
For multithreaded run ramp r:-1-w:30-u:70-d:1
	 338048 total ops (334751 puts + 0 gets + 3297 dels)
	 2000000 in runtime (usecs) = 2 secs = 0.169024 ops/usec
	 167375.500000 op/sec put throughput (all threads)
	 0.000000 op/sec get throughput (all threads)
	 1648.500000 op/sec del throughput (all threads)
	 169024.000000 op/sec total throughput (all threads)
	 Conflicts in worker thread: 0 (of 42256 commits)
	 Errors in worker thread: 0
	 Put errors: 0, Del errors: 0, Get errors: 0
***END OF RAMP-UP-THREADS OUTPUT***

KP: 1040: pinned new thread to CPU=0x0
KP: 1040: sleeping to allow threads enough time
KP: 1040: waking up from sleep (0)
For multithreaded run ramp r:19-w:24-u:56-d:1
	 405949 total ops (320592 puts + 81325 gets + 4032 dels)
	 2000000 in runtime (usecs) = 2 secs = 0.202974 ops/usec
	 160296.000000 op/sec put throughput (all threads)
	 40662.500000 op/sec get throughput (all threads)
	 2016.000000 op/sec del throughput (all threads)
	 202974.500000 op/sec total throughput (all threads)
	 Conflicts in worker thread: 0 (of 40578 commits)
	 Errors in worker thread: 0
	 Put errors: 0, Del errors: 0, Get errors: 0
***END OF RAMP-UP-THREADS OUTPUT***

KP: 1040: pinned new thread to CPU=0x0
KP: 1040: sleeping to allow threads enough time
KP: 1040: waking up from sleep (0)
For multithreaded run ramp r:39-w:18-u:42-d:1
	 518960 total ops (305752 puts + 208064 gets + 5144 dels)
	 2000000 in runtime (usecs) = 2 secs = 0.259480 ops/usec
	 152876.000000 op/sec put throughput (all threads)
	 104032.000000 op/sec get throughput (all threads)
	 2572.000000 op/sec del throughput (all threads)
	 259480.000000 op/sec total throughput (all threads)
	 Conflicts in worker thread: 0 (of 38862 commits)
	 Errors in worker thread: 0
	 Put errors: 0, Del errors: 0, Get errors: 0
***END OF RAMP-UP-THREADS OUTPUT***

KP: 1040: pinned new thread to CPU=0x0
KP: 1040: sleeping to allow threads enough time
KP: 1040: waking up from sleep (0)
For multithreaded run ramp r:59-w:12-u:28-d:1
	 715613 total ops (279146 puts + 429333 gets + 7134 dels)
	 2000000 in runtime (usecs) = 2 secs = 0.357807 ops/usec
	 139573.000000 op/sec put throughput (all threads)
	 214666.500000 op/sec get throughput (all threads)
	 3567.000000 op/sec del throughput (all threads)
	 357806.500000 op/sec total throughput (all threads)
	 Conflicts in worker thread: 0 (of 35785 commits)
	 Errors in worker thread: 0
	 Put errors: 0, Del errors: 0, Get errors: 0
***END OF RAMP-UP-THREADS OUTPUT***

KP: 1040: pinned new thread to CPU=0x0
KP: 1040: sleeping to allow threads enough time
KP: 1040: waking up from sleep (0)
For multithreaded run ramp r:79-w:6-u:14-d:1
	 1169949 total ops (222037 puts + 936149 gets + 11763 dels)
	 2000000 in runtime (usecs) = 2 secs = 0.584975 ops/usec
	 111018.500000 op/sec put throughput (all threads)
	 468074.500000 op/sec get throughput (all threads)
	 5881.500000 op/sec del throughput (all threads)
	 584974.500000 op/sec total throughput (all threads)
	 Conflicts in worker thread: 0 (of 29225 commits)
	 Errors in worker thread: 0
	 Put errors: 0, Del errors: 0, Get errors: 0
***END OF RAMP-UP-THREADS OUTPUT***

KP: 1040: pinned new thread to CPU=0x0
KP: 1040: sleeping to allow threads enough time
KP: 1040: waking up from sleep (0)
For multithreaded run ramp r:99-w:0-u:0-d:1
	 3225569 total ops (0 puts + 3194169 gets + 31400 dels)
	 2000000 in runtime (usecs) = 2 secs = 1.612785 ops/usec
	 0.000000 op/sec put throughput (all threads)
	 1597084.500000 op/sec get throughput (all threads)
	 15700.000000 op/sec del throughput (all threads)
	 1612784.500000 op/sec total throughput (all threads)
	 Conflicts in worker thread: 0 (of 3925 commits)
	 Errors in worker thread: 0
	 Put errors: 0, Del errors: 0, Get errors: 0
***END OF RAMP-UP-THREADS OUTPUT***

***CONCLUDING THREAD EVALUATION***
