KP: 2320: Using 16 for local hash table size (same as merge frequency), 1610000 for master hash table size
KP: 2320: Total memory allocation size (just evaluation, not kv stores themselves) could be up to 0 bytes (0 MB)
Will create 100625 random integers for each child thread
Now starting evaluation for key-value store: LevelDB
On 16 cores
Running on storage platform: disk
Starting single-threaded tests

*** BEGINING SINGLE THREADED TESTS***

ON PATH /home/katelin/leveldb_client_name
***NOW DOING LATENCY TEST ON INDIVIDUAL FUNCTIONS ***
For put-insert: 
	 time elapsed 4:119958 (sec:usec) = 4119958 usecs 
	 iterations 1000 (merge every 8 -> 125 merges)
	 average cost 4119.958008 usecs
	 Conflicts: 0 (of 124 commits)

For put-append: 
	 time elapsed 13:471895 (sec:usec) = 13471895 usecs 
	 iterations 3000 (merge every 8 -> 375 merges)
	 average cost 4490.631836 usecs
	 Conflicts: 0 (of 372 commits)

For get: 
	 time elapsed 0:103851 (sec:usec) = 103851 usecs 
	 iterations 3000 (merge every 8 -> 375 merges)
	 average cost 34.617001 usecs
	 Conflicts: 0 (of 0 commits)

For delete: 
	 time elapsed 12:831172 (sec:usec) = 12831172 usecs 
	 iterations 3000 (merge every 8 -> 375 merges)
	 average cost 4277.057129 usecs
	 Conflicts: 0 (of 372 commits)


*** CONCLUDING SINGLE THREADED TESTS***

Starting multi-threaded tests: num_threads=16, NUM_CPUS=16
ON PATH /home/katelin/leveldb_client_name
KP: 2320: pinned new thread to CPU=0x0
KP: 2320: pinned new thread to CPU=0x1
KP: 2320: pinned new thread to CPU=0x2
KP: 2320: pinned new thread to CPU=0x3
KP: 2320: pinned new thread to CPU=0x4
KP: 2320: pinned new thread to CPU=0x5
KP: 2320: pinned new thread to CPU=0x6
KP: 2320: pinned new thread to CPU=0x7
KP: 2320: pinned new thread to CPU=0x8
KP: 2320: pinned new thread to CPU=0x9
KP: 2320: pinned new thread to CPU=0xA
KP: 2320: pinned new thread to CPU=0xB
KP: 2320: pinned new thread to CPU=0xC
KP: 2320: pinned new thread to CPU=0xD
KP: 2320: pinned new thread to CPU=0xE
KP: 2320: pinned new thread to CPU=0xF
KP: 2320: sleeping to allow threads enough time
KP: 2320: waking up from sleep (0)
For multithreaded run ramp r:-1-w:30-u:70-d:1
	 488 total ops (484 puts + 0 gets + 4 dels)
	 2000000 in runtime (usecs) = 2 secs = 0.000244 ops/usec
	 242.000000 op/sec put throughput (all threads)
	 0.000000 op/sec get throughput (all threads)
	 2.000000 op/sec del throughput (all threads)
	 244.000000 op/sec total throughput (all threads)
	 Conflicts in worker thread: 0 (of 61 commits)
	 Errors in worker thread: 0
	 Put errors: 0, Del errors: 0, Get errors: 0
***END OF RAMP-UP-THREADS OUTPUT***

ON PATH /home/katelin/leveldb_client_name
KP: 2320: pinned new thread to CPU=0x0
KP: 2320: pinned new thread to CPU=0x1
KP: 2320: pinned new thread to CPU=0x2
KP: 2320: pinned new thread to CPU=0x3
KP: 2320: pinned new thread to CPU=0x4
KP: 2320: pinned new thread to CPU=0x5
KP: 2320: pinned new thread to CPU=0x6
KP: 2320: pinned new thread to CPU=0x7
KP: 2320: pinned new thread to CPU=0x8
KP: 2320: pinned new thread to CPU=0x9
KP: 2320: pinned new thread to CPU=0xA
KP: 2320: pinned new thread to CPU=0xB
KP: 2320: pinned new thread to CPU=0xC
KP: 2320: pinned new thread to CPU=0xD
KP: 2320: pinned new thread to CPU=0xE
KP: 2320: pinned new thread to CPU=0xF
KP: 2320: sleeping to allow threads enough time
KP: 2320: waking up from sleep (0)
For multithreaded run ramp r:19-w:24-u:56-d:1
	 648 total ops (501 puts + 144 gets + 3 dels)
	 2000000 in runtime (usecs) = 2 secs = 0.000324 ops/usec
	 250.500000 op/sec put throughput (all threads)
	 72.000000 op/sec get throughput (all threads)
	 1.500000 op/sec del throughput (all threads)
	 324.000000 op/sec total throughput (all threads)
	 Conflicts in worker thread: 0 (of 63 commits)
	 Errors in worker thread: 0
	 Put errors: 0, Del errors: 0, Get errors: 0
***END OF RAMP-UP-THREADS OUTPUT***

ON PATH /home/katelin/leveldb_client_name
KP: 2320: pinned new thread to CPU=0x0
KP: 2320: pinned new thread to CPU=0x1
KP: 2320: pinned new thread to CPU=0x2
KP: 2320: pinned new thread to CPU=0x3
KP: 2320: pinned new thread to CPU=0x4
KP: 2320: pinned new thread to CPU=0x5
KP: 2320: pinned new thread to CPU=0x6
KP: 2320: pinned new thread to CPU=0x7
KP: 2320: pinned new thread to CPU=0x8
KP: 2320: pinned new thread to CPU=0x9
KP: 2320: pinned new thread to CPU=0xA
KP: 2320: pinned new thread to CPU=0xB
KP: 2320: pinned new thread to CPU=0xC
KP: 2320: pinned new thread to CPU=0xD
KP: 2320: pinned new thread to CPU=0xE
KP: 2320: pinned new thread to CPU=0xF
KP: 2320: sleeping to allow threads enough time
KP: 2320: waking up from sleep (0)
For multithreaded run ramp r:39-w:18-u:42-d:1
	 821 total ops (466 puts + 349 gets + 6 dels)
	 2000000 in runtime (usecs) = 2 secs = 0.000411 ops/usec
	 233.000000 op/sec put throughput (all threads)
	 174.500000 op/sec get throughput (all threads)
	 3.000000 op/sec del throughput (all threads)
	 410.500000 op/sec total throughput (all threads)
	 Conflicts in worker thread: 0 (of 59 commits)
	 Errors in worker thread: 0
	 Put errors: 0, Del errors: 0, Get errors: 0
***END OF RAMP-UP-THREADS OUTPUT***

ON PATH /home/katelin/leveldb_client_name
KP: 2320: pinned new thread to CPU=0x0
KP: 2320: pinned new thread to CPU=0x1
KP: 2320: pinned new thread to CPU=0x2
KP: 2320: pinned new thread to CPU=0x3
KP: 2320: pinned new thread to CPU=0x4
KP: 2320: pinned new thread to CPU=0x5
KP: 2320: pinned new thread to CPU=0x6
KP: 2320: pinned new thread to CPU=0x7
KP: 2320: pinned new thread to CPU=0x8
KP: 2320: pinned new thread to CPU=0x9
KP: 2320: pinned new thread to CPU=0xA
KP: 2320: pinned new thread to CPU=0xB
KP: 2320: pinned new thread to CPU=0xC
KP: 2320: pinned new thread to CPU=0xD
KP: 2320: pinned new thread to CPU=0xE
KP: 2320: pinned new thread to CPU=0xF
KP: 2320: sleeping to allow threads enough time
KP: 2320: waking up from sleep (0)
For multithreaded run ramp r:59-w:12-u:28-d:1
	 1173 total ops (445 puts + 717 gets + 11 dels)
	 2000000 in runtime (usecs) = 2 secs = 0.000586 ops/usec
	 222.500000 op/sec put throughput (all threads)
	 358.500000 op/sec get throughput (all threads)
	 5.500000 op/sec del throughput (all threads)
	 586.500000 op/sec total throughput (all threads)
	 Conflicts in worker thread: 0 (of 57 commits)
	 Errors in worker thread: 0
	 Put errors: 0, Del errors: 0, Get errors: 0
***END OF RAMP-UP-THREADS OUTPUT***

ON PATH /home/katelin/leveldb_client_name
KP: 2320: pinned new thread to CPU=0x0
KP: 2320: pinned new thread to CPU=0x1
KP: 2320: pinned new thread to CPU=0x2
KP: 2320: pinned new thread to CPU=0x3
KP: 2320: pinned new thread to CPU=0x4
KP: 2320: pinned new thread to CPU=0x5
KP: 2320: pinned new thread to CPU=0x6
KP: 2320: pinned new thread to CPU=0x7
KP: 2320: pinned new thread to CPU=0x8
KP: 2320: pinned new thread to CPU=0x9
KP: 2320: pinned new thread to CPU=0xA
KP: 2320: pinned new thread to CPU=0xB
KP: 2320: pinned new thread to CPU=0xC
KP: 2320: pinned new thread to CPU=0xD
KP: 2320: pinned new thread to CPU=0xE
KP: 2320: pinned new thread to CPU=0xF
KP: 2320: sleeping to allow threads enough time
KP: 2320: waking up from sleep (0)
For multithreaded run ramp r:79-w:6-u:14-d:1
	 2450 total ops (470 puts + 1962 gets + 18 dels)
	 2000000 in runtime (usecs) = 2 secs = 0.001225 ops/usec
	 235.000000 op/sec put throughput (all threads)
	 981.000000 op/sec get throughput (all threads)
	 9.000000 op/sec del throughput (all threads)
	 1225.000000 op/sec total throughput (all threads)
	 Conflicts in worker thread: 0 (of 61 commits)
	 Errors in worker thread: 0
	 Put errors: 0, Del errors: 0, Get errors: 0
***END OF RAMP-UP-THREADS OUTPUT***

ON PATH /home/katelin/leveldb_client_name
KP: 2320: pinned new thread to CPU=0x0
KP: 2320: pinned new thread to CPU=0x1
KP: 2320: pinned new thread to CPU=0x2
KP: 2320: pinned new thread to CPU=0x3
KP: 2320: pinned new thread to CPU=0x4
KP: 2320: pinned new thread to CPU=0x5
KP: 2320: pinned new thread to CPU=0x6
KP: 2320: pinned new thread to CPU=0x7
KP: 2320: pinned new thread to CPU=0x8
KP: 2320: pinned new thread to CPU=0x9
KP: 2320: pinned new thread to CPU=0xA
KP: 2320: pinned new thread to CPU=0xB
KP: 2320: pinned new thread to CPU=0xC
KP: 2320: pinned new thread to CPU=0xD
KP: 2320: pinned new thread to CPU=0xE
KP: 2320: pinned new thread to CPU=0xF
KP: 2320: sleeping to allow threads enough time
KP: 2320: waking up from sleep (0)
For multithreaded run ramp r:99-w:0-u:0-d:1
	 52335 total ops (0 puts + 51831 gets + 504 dels)
	 2000000 in runtime (usecs) = 2 secs = 0.026168 ops/usec
	 0.000000 op/sec put throughput (all threads)
	 25915.500000 op/sec get throughput (all threads)
	 252.000000 op/sec del throughput (all threads)
	 26167.500000 op/sec total throughput (all threads)
	 Conflicts in worker thread: 0 (of 63 commits)
	 Errors in worker thread: 0
	 Put errors: 0, Del errors: 0, Get errors: 2739
***END OF RAMP-UP-THREADS OUTPUT***

***CONCLUDING THREAD EVALUATION***
