KP: 1792: Using 16 for local hash table size (same as merge frequency), 1610000 for master hash table size
KP: 1792: Total memory allocation size (just evaluation, not kv stores themselves) could be up to 0 bytes (0 MB)
Will create 100625 random integers for each child thread
Now starting evaluation for key-value store: kp_kvstore
On 16 cores
Running on storage platform: disk
Starting single-threaded tests

*** BEGINING SINGLE THREADED TESTS***

***NOW DOING LATENCY TEST ON INDIVIDUAL FUNCTIONS ***
For put-insert: 
	 time elapsed 0:39037 (sec:usec) = 39037 usecs 
	 iterations 10000 (merge every 8 -> 1250 merges)
	 average cost 3.903700 usecs
	 Conflicts: 0 (of 1249 commits)

For put-append: 
	 time elapsed 0:130105 (sec:usec) = 130105 usecs 
	 iterations 30000 (merge every 8 -> 3750 merges)
	 average cost 4.336833 usecs
	 Conflicts: 0 (of 3747 commits)

For get: 
	 time elapsed 0:155577 (sec:usec) = 155577 usecs 
	 iterations 30000 (merge every 8 -> 3750 merges)
	 average cost 5.185900 usecs
	 Conflicts: 0 (of 0 commits)

For delete: 
	 time elapsed 0:65621 (sec:usec) = 65621 usecs 
	 iterations 30000 (merge every 8 -> 3750 merges)
	 average cost 2.187367 usecs
	 Conflicts: 0 (of 3747 commits)


*** CONCLUDING SINGLE THREADED TESTS***

Starting multi-threaded tests: num_threads=16, NUM_CPUS=16
KP: 1792: pinned new thread to CPU=0x0
KP: 1792: pinned new thread to CPU=0xF
KP: 1792: pinned new thread to CPU=0x1
KP: 1792: pinned new thread to CPU=0xE
KP: 1792: pinned new thread to CPU=0x2
KP: 1792: pinned new thread to CPU=0xD
KP: 1792: pinned new thread to CPU=0x3
KP: 1792: pinned new thread to CPU=0xC
KP: 1792: pinned new thread to CPU=0x4
KP: 1792: pinned new thread to CPU=0xB
KP: 1792: pinned new thread to CPU=0x5
KP: 1792: pinned new thread to CPU=0xA
KP: 1792: pinned new thread to CPU=0x6
KP: 1792: pinned new thread to CPU=0x9
KP: 1792: pinned new thread to CPU=0x7
KP: 1792: pinned new thread to CPU=0x8
KP: 1792: sleeping to allow threads enough time
KP: 1792: waking up from sleep (0)
For multithreaded run ramp r:-1-w:30-u:70-d:1
	 1892160 total ops (1873296 puts + 0 gets + 18864 dels)
	 2000000 in runtime (usecs) = 2 secs = 0.946080 ops/usec
	 936648.000000 op/sec put throughput (all threads)
	 0.000000 op/sec get throughput (all threads)
	 9432.000977 op/sec del throughput (all threads)
	 946080.000000 op/sec total throughput (all threads)
	 Conflicts in worker thread: 221436 (of 236520 commits)
	 Errors in worker thread: 0
	 Put errors: 0, Del errors: 0, Get errors: 0
***END OF RAMP-UP-THREADS OUTPUT***

KP: 1792: pinned new thread to CPU=0x0
KP: 1792: pinned new thread to CPU=0xF
KP: 1792: pinned new thread to CPU=0x1
KP: 1792: pinned new thread to CPU=0xE
KP: 1792: pinned new thread to CPU=0x2
KP: 1792: pinned new thread to CPU=0xD
KP: 1792: pinned new thread to CPU=0x3
KP: 1792: pinned new thread to CPU=0xC
KP: 1792: pinned new thread to CPU=0x4
KP: 1792: pinned new thread to CPU=0xB
KP: 1792: pinned new thread to CPU=0x5
KP: 1792: pinned new thread to CPU=0xA
KP: 1792: pinned new thread to CPU=0x6
KP: 1792: pinned new thread to CPU=0x9
KP: 1792: pinned new thread to CPU=0x7
KP: 1792: pinned new thread to CPU=0x8
KP: 1792: sleeping to allow threads enough time
KP: 1792: waking up from sleep (0)
For multithreaded run ramp r:19-w:24-u:56-d:1
	 2198885 total ops (1737591 puts + 439389 gets + 21905 dels)
	 2000000 in runtime (usecs) = 2 secs = 1.099442 ops/usec
	 868795.500000 op/sec put throughput (all threads)
	 219694.500000 op/sec get throughput (all threads)
	 10952.500000 op/sec del throughput (all threads)
	 1099442.500000 op/sec total throughput (all threads)
	 Conflicts in worker thread: 205554 (of 219937 commits)
	 Errors in worker thread: 0
	 Put errors: 0, Del errors: 0, Get errors: 0
***END OF RAMP-UP-THREADS OUTPUT***

KP: 1792: pinned new thread to CPU=0x0
KP: 1792: pinned new thread to CPU=0xF
KP: 1792: pinned new thread to CPU=0x1
KP: 1792: pinned new thread to CPU=0xE
KP: 1792: pinned new thread to CPU=0x2
KP: 1792: pinned new thread to CPU=0xD
KP: 1792: pinned new thread to CPU=0x3
KP: 1792: pinned new thread to CPU=0xC
KP: 1792: pinned new thread to CPU=0x4
KP: 1792: pinned new thread to CPU=0xB
KP: 1792: pinned new thread to CPU=0x5
KP: 1792: pinned new thread to CPU=0xA
KP: 1792: pinned new thread to CPU=0x6
KP: 1792: pinned new thread to CPU=0x9
KP: 1792: pinned new thread to CPU=0x7
KP: 1792: pinned new thread to CPU=0x8
KP: 1792: sleeping to allow threads enough time
KP: 1792: waking up from sleep (0)
For multithreaded run ramp r:39-w:18-u:42-d:1
	 2750225 total ops (1621845 puts + 1100851 gets + 27529 dels)
	 2000000 in runtime (usecs) = 2 secs = 1.375113 ops/usec
	 810922.500000 op/sec put throughput (all threads)
	 550425.500000 op/sec get throughput (all threads)
	 13764.500000 op/sec del throughput (all threads)
	 1375112.500000 op/sec total throughput (all threads)
	 Conflicts in worker thread: 192368 (of 206173 commits)
	 Errors in worker thread: 0
	 Put errors: 0, Del errors: 0, Get errors: 0
***END OF RAMP-UP-THREADS OUTPUT***

KP: 1792: pinned new thread to CPU=0x0
KP: 1792: pinned new thread to CPU=0xF
KP: 1792: pinned new thread to CPU=0x1
KP: 1792: pinned new thread to CPU=0xE
KP: 1792: pinned new thread to CPU=0x2
KP: 1792: pinned new thread to CPU=0xD
KP: 1792: pinned new thread to CPU=0x3
KP: 1792: pinned new thread to CPU=0xC
KP: 1792: pinned new thread to CPU=0x4
KP: 1792: pinned new thread to CPU=0xB
KP: 1792: pinned new thread to CPU=0x5
KP: 1792: pinned new thread to CPU=0xA
KP: 1792: pinned new thread to CPU=0x6
KP: 1792: pinned new thread to CPU=0x9
KP: 1792: pinned new thread to CPU=0x7
KP: 1792: pinned new thread to CPU=0x8
KP: 1792: sleeping to allow threads enough time
KP: 1792: waking up from sleep (0)
For multithreaded run ramp r:59-w:12-u:28-d:1
	 3497689 total ops (1360916 puts + 2101045 gets + 35728 dels)
	 2000000 in runtime (usecs) = 2 secs = 1.748845 ops/usec
	 680458.000000 op/sec put throughput (all threads)
	 1050522.500000 op/sec get throughput (all threads)
	 17864.000000 op/sec del throughput (all threads)
	 1748844.500000 op/sec total throughput (all threads)
	 Conflicts in worker thread: 162083 (of 174583 commits)
	 Errors in worker thread: 0
	 Put errors: 0, Del errors: 0, Get errors: 0
***END OF RAMP-UP-THREADS OUTPUT***

KP: 1792: pinned new thread to CPU=0x0
KP: 1792: pinned new thread to CPU=0xF
KP: 1792: pinned new thread to CPU=0x1
KP: 1792: pinned new thread to CPU=0xE
KP: 1792: pinned new thread to CPU=0x2
KP: 1792: pinned new thread to CPU=0xD
KP: 1792: pinned new thread to CPU=0x3
KP: 1792: pinned new thread to CPU=0xC
KP: 1792: pinned new thread to CPU=0x4
KP: 1792: pinned new thread to CPU=0xB
KP: 1792: pinned new thread to CPU=0x5
KP: 1792: pinned new thread to CPU=0xA
KP: 1792: pinned new thread to CPU=0x6
KP: 1792: pinned new thread to CPU=0x9
KP: 1792: pinned new thread to CPU=0x7
KP: 1792: pinned new thread to CPU=0x8
KP: 1792: sleeping to allow threads enough time
KP: 1792: waking up from sleep (0)
For multithreaded run ramp r:79-w:6-u:14-d:1
	 4670890 total ops (887366 puts + 3736530 gets + 46994 dels)
	 2000000 in runtime (usecs) = 2 secs = 2.335445 ops/usec
	 443683.000000 op/sec put throughput (all threads)
	 1868265.000000 op/sec get throughput (all threads)
	 23497.000000 op/sec del throughput (all threads)
	 2335445.000000 op/sec total throughput (all threads)
	 Conflicts in worker thread: 106995 (of 116798 commits)
	 Errors in worker thread: 0
	 Put errors: 0, Del errors: 0, Get errors: 0
***END OF RAMP-UP-THREADS OUTPUT***

KP: 1792: pinned new thread to CPU=0x0
KP: 1792: pinned new thread to CPU=0xF
KP: 1792: pinned new thread to CPU=0x1
KP: 1792: pinned new thread to CPU=0xE
KP: 1792: pinned new thread to CPU=0x2
KP: 1792: pinned new thread to CPU=0xD
KP: 1792: pinned new thread to CPU=0x3
KP: 1792: pinned new thread to CPU=0xC
KP: 1792: pinned new thread to CPU=0x4
KP: 1792: pinned new thread to CPU=0xB
KP: 1792: pinned new thread to CPU=0x5
KP: 1792: pinned new thread to CPU=0xA
KP: 1792: pinned new thread to CPU=0x6
KP: 1792: pinned new thread to CPU=0x9
KP: 1792: pinned new thread to CPU=0x7
KP: 1792: pinned new thread to CPU=0x8
KP: 1792: sleeping to allow threads enough time
KP: 1792: waking up from sleep (0)
For multithreaded run ramp r:99-w:0-u:0-d:1
	 13213569 total ops (0 puts + 13081583 gets + 131986 dels)
	 2000000 in runtime (usecs) = 2 secs = 6.606784 ops/usec
	 0.000000 op/sec put throughput (all threads)
	 6540791.500000 op/sec get throughput (all threads)
	 65993.000000 op/sec del throughput (all threads)
	 6606784.500000 op/sec total throughput (all threads)
	 Conflicts in worker thread: 14670 (of 16505 commits)
	 Errors in worker thread: 0
	 Put errors: 0, Del errors: 0, Get errors: 0
***END OF RAMP-UP-THREADS OUTPUT***

***CONCLUDING THREAD EVALUATION***
