KP: 5120: Using 16 for local hash table size (same as merge frequency), 1610000 for master hash table size
KP: 5120: Total memory allocation size (just evaluation, not kv stores themselves) could be up to 0 bytes (0 MB)
Will create 1610000 random integers for each child thread
Now starting evaluation for key-value store: kp_kvstore
On 16 cores
Running on storage platform: disk
Starting single-threaded tests

*** BEGINING SINGLE THREADED TESTS***

***NOW DOING LATENCY TEST ON INDIVIDUAL FUNCTIONS ***
For put-insert: 
	 time elapsed 0:226275 (sec:usec) = 226275 usecs 
	 iterations 10000 (merge every 8 -> 1250 merges)
	 average cost 22.627501 usecs
	 Conflicts: 0 (of 1249 commits)

For put-append: 
	 time elapsed 0:572038 (sec:usec) = 572038 usecs 
	 iterations 30000 (merge every 8 -> 3750 merges)
	 average cost 19.067934 usecs
	 Conflicts: 0 (of 3747 commits)

For get: 
	 time elapsed 0:166127 (sec:usec) = 166127 usecs 
	 iterations 30000 (merge every 8 -> 3750 merges)
	 average cost 5.537567 usecs
	 Conflicts: 0 (of 0 commits)

For delete: 
	 time elapsed 0:411333 (sec:usec) = 411333 usecs 
	 iterations 30000 (merge every 8 -> 3750 merges)
	 average cost 13.711100 usecs
	 Conflicts: 0 (of 3747 commits)


*** CONCLUDING SINGLE THREADED TESTS***

Starting multi-threaded tests: num_threads=1, NUM_CPUS=16
KP: 5120: pinned new thread to CPU=0x0
KP: 5120: sleeping to allow threads enough time
KP: 5120: waking up from sleep (0)
For multithreaded run ramp r:-1-w:30-u:70-d:1
	 179040 total ops (177234 puts + 0 gets + 1806 dels)
	 2000000 in runtime (usecs) = 2 secs = 0.089520 ops/usec
	 88617.000000 op/sec put throughput (all threads)
	 0.000000 op/sec get throughput (all threads)
	 903.000000 op/sec del throughput (all threads)
	 89520.000000 op/sec total throughput (all threads)
	 Conflicts in worker thread: 0 (of 22380 commits)
	 Errors in worker thread: 0
	 Put errors: 0, Del errors: 0, Get errors: 0
***END OF RAMP-UP-THREADS OUTPUT***

KP: 5120: pinned new thread to CPU=0x0
KP: 5120: sleeping to allow threads enough time
KP: 5120: waking up from sleep (0)
For multithreaded run ramp r:19-w:24-u:56-d:1
	 215495 total ops (169916 puts + 43407 gets + 2172 dels)
	 2000000 in runtime (usecs) = 2 secs = 0.107748 ops/usec
	 84958.000000 op/sec put throughput (all threads)
	 21703.500000 op/sec get throughput (all threads)
	 1086.000000 op/sec del throughput (all threads)
	 107747.500000 op/sec total throughput (all threads)
	 Conflicts in worker thread: 0 (of 21511 commits)
	 Errors in worker thread: 0
	 Put errors: 0, Del errors: 0, Get errors: 0
***END OF RAMP-UP-THREADS OUTPUT***

KP: 5120: pinned new thread to CPU=0x0
KP: 5120: sleeping to allow threads enough time
KP: 5120: waking up from sleep (0)
For multithreaded run ramp r:39-w:18-u:42-d:1
	 271438 total ops (159921 puts + 108766 gets + 2751 dels)
	 2000000 in runtime (usecs) = 2 secs = 0.135719 ops/usec
	 79960.500000 op/sec put throughput (all threads)
	 54383.000000 op/sec get throughput (all threads)
	 1375.500000 op/sec del throughput (all threads)
	 135719.000000 op/sec total throughput (all threads)
	 Conflicts in worker thread: 0 (of 20334 commits)
	 Errors in worker thread: 0
	 Put errors: 0, Del errors: 0, Get errors: 0
***END OF RAMP-UP-THREADS OUTPUT***

KP: 5120: pinned new thread to CPU=0x0
KP: 5120: sleeping to allow threads enough time
KP: 5120: waking up from sleep (0)
For multithreaded run ramp r:59-w:12-u:28-d:1
	 370225 total ops (144780 puts + 221649 gets + 3796 dels)
	 2000000 in runtime (usecs) = 2 secs = 0.185113 ops/usec
	 72390.000000 op/sec put throughput (all threads)
	 110824.500000 op/sec get throughput (all threads)
	 1898.000000 op/sec del throughput (all threads)
	 185112.500000 op/sec total throughput (all threads)
	 Conflicts in worker thread: 0 (of 18572 commits)
	 Errors in worker thread: 0
	 Put errors: 0, Del errors: 0, Get errors: 0
***END OF RAMP-UP-THREADS OUTPUT***

KP: 5120: pinned new thread to CPU=0x0
KP: 5120: sleeping to allow threads enough time
KP: 5120: waking up from sleep (0)
For multithreaded run ramp r:79-w:6-u:14-d:1
	 586837 total ops (111580 puts + 469464 gets + 5793 dels)
	 2000000 in runtime (usecs) = 2 secs = 0.293418 ops/usec
	 55790.000000 op/sec put throughput (all threads)
	 234732.000000 op/sec get throughput (all threads)
	 2896.500000 op/sec del throughput (all threads)
	 293418.500000 op/sec total throughput (all threads)
	 Conflicts in worker thread: 0 (of 14672 commits)
	 Errors in worker thread: 0
	 Put errors: 0, Del errors: 0, Get errors: 0
***END OF RAMP-UP-THREADS OUTPUT***

KP: 5120: pinned new thread to CPU=0x0
KP: 5120: sleeping to allow threads enough time
KP: 5120: waking up from sleep (0)
For multithreaded run ramp r:99-w:0-u:0-d:1
	 1445091 total ops (0 puts + 1430523 gets + 14568 dels)
	 2000000 in runtime (usecs) = 2 secs = 0.722546 ops/usec
	 0.000000 op/sec put throughput (all threads)
	 715261.500000 op/sec get throughput (all threads)
	 7283.999512 op/sec del throughput (all threads)
	 722545.500000 op/sec total throughput (all threads)
	 Conflicts in worker thread: 0 (of 1821 commits)
	 Errors in worker thread: 0
	 Put errors: 0, Del errors: 0, Get errors: 0
***END OF RAMP-UP-THREADS OUTPUT***

***CONCLUDING THREAD EVALUATION***
