KP: 1872: Using 16 for local hash table size (same as merge frequency), 1610000 for master hash table size
KP: 1872: Total memory allocation size (just evaluation, not kv stores themselves) could be up to 0 bytes (0 MB)
Will create 1610000 random integers for each child thread
Now starting evaluation for key-value store: kp_kvstore
On 16 cores
Running on storage platform: disk
Starting single-threaded tests

*** BEGINING SINGLE THREADED TESTS***

***NOW DOING LATENCY TEST ON INDIVIDUAL FUNCTIONS ***
For put-insert: 
	 time elapsed 0:174341 (sec:usec) = 174341 usecs 
	 iterations 10000 (merge every 8 -> 1250 merges)
	 average cost 17.434099 usecs
	 Conflicts: 0 (of 1249 commits)

For put-append: 
	 time elapsed 0:411241 (sec:usec) = 411241 usecs 
	 iterations 30000 (merge every 8 -> 3750 merges)
	 average cost 13.708034 usecs
	 Conflicts: 0 (of 3747 commits)

For get: 
	 time elapsed 0:86765 (sec:usec) = 86765 usecs 
	 iterations 30000 (merge every 8 -> 3750 merges)
	 average cost 2.892167 usecs
	 Conflicts: 0 (of 0 commits)

For delete: 
	 time elapsed 0:250683 (sec:usec) = 250683 usecs 
	 iterations 30000 (merge every 8 -> 3750 merges)
	 average cost 8.356100 usecs
	 Conflicts: 0 (of 3747 commits)


*** CONCLUDING SINGLE THREADED TESTS***

Starting multi-threaded tests: num_threads=1, NUM_CPUS=16
KP: 1872: pinned new thread to CPU=0x0
KP: 1872: sleeping to allow threads enough time
KP: 1872: waking up from sleep (0)
For multithreaded run ramp r:-1-w:30-u:70-d:1
	 239600 total ops (237142 puts + 0 gets + 2458 dels)
	 2000000 in runtime (usecs) = 2 secs = 0.119800 ops/usec
	 118571.000000 op/sec put throughput (all threads)
	 0.000000 op/sec get throughput (all threads)
	 1228.999878 op/sec del throughput (all threads)
	 119800.000000 op/sec total throughput (all threads)
	 Conflicts in worker thread: 0 (of 29950 commits)
	 Errors in worker thread: 0
	 Put errors: 0, Del errors: 0, Get errors: 0
***END OF RAMP-UP-THREADS OUTPUT***

KP: 1872: pinned new thread to CPU=0x0
KP: 1872: sleeping to allow threads enough time
KP: 1872: waking up from sleep (0)
For multithreaded run ramp r:19-w:24-u:56-d:1
	 292833 total ops (231216 puts + 58593 gets + 3024 dels)
	 2000000 in runtime (usecs) = 2 secs = 0.146417 ops/usec
	 115608.000000 op/sec put throughput (all threads)
	 29296.500000 op/sec get throughput (all threads)
	 1512.000000 op/sec del throughput (all threads)
	 146416.500000 op/sec total throughput (all threads)
	 Conflicts in worker thread: 0 (of 29280 commits)
	 Errors in worker thread: 0
	 Put errors: 0, Del errors: 0, Get errors: 0
***END OF RAMP-UP-THREADS OUTPUT***

KP: 1872: pinned new thread to CPU=0x0
KP: 1872: sleeping to allow threads enough time
KP: 1872: waking up from sleep (0)
For multithreaded run ramp r:39-w:18-u:42-d:1
	 380348 total ops (223940 puts + 152568 gets + 3840 dels)
	 2000000 in runtime (usecs) = 2 secs = 0.190174 ops/usec
	 111970.000000 op/sec put throughput (all threads)
	 76284.000000 op/sec get throughput (all threads)
	 1920.000000 op/sec del throughput (all threads)
	 190174.000000 op/sec total throughput (all threads)
	 Conflicts in worker thread: 0 (of 28473 commits)
	 Errors in worker thread: 0
	 Put errors: 0, Del errors: 0, Get errors: 0
***END OF RAMP-UP-THREADS OUTPUT***

KP: 1872: pinned new thread to CPU=0x0
KP: 1872: sleeping to allow threads enough time
KP: 1872: waking up from sleep (0)
For multithreaded run ramp r:59-w:12-u:28-d:1
	 549552 total ops (214169 puts + 329864 gets + 5519 dels)
	 2000000 in runtime (usecs) = 2 secs = 0.274776 ops/usec
	 107084.500000 op/sec put throughput (all threads)
	 164932.000000 op/sec get throughput (all threads)
	 2759.500000 op/sec del throughput (all threads)
	 274776.000000 op/sec total throughput (all threads)
	 Conflicts in worker thread: 0 (of 27461 commits)
	 Errors in worker thread: 0
	 Put errors: 0, Del errors: 0, Get errors: 0
***END OF RAMP-UP-THREADS OUTPUT***

KP: 1872: pinned new thread to CPU=0x0
KP: 1872: sleeping to allow threads enough time
KP: 1872: waking up from sleep (0)
For multithreaded run ramp r:79-w:6-u:14-d:1
	 992112 total ops (188478 puts + 793640 gets + 9994 dels)
	 2000000 in runtime (usecs) = 2 secs = 0.496056 ops/usec
	 94239.000000 op/sec put throughput (all threads)
	 396820.000000 op/sec get throughput (all threads)
	 4997.000000 op/sec del throughput (all threads)
	 496056.000000 op/sec total throughput (all threads)
	 Conflicts in worker thread: 0 (of 24809 commits)
	 Errors in worker thread: 0
	 Put errors: 0, Del errors: 0, Get errors: 0
***END OF RAMP-UP-THREADS OUTPUT***

KP: 1872: pinned new thread to CPU=0x0
KP: 1872: sleeping to allow threads enough time
KP: 1872: waking up from sleep (0)
For multithreaded run ramp r:99-w:0-u:0-d:1
	 5550816 total ops (0 puts + 5495216 gets + 55600 dels)
	 2000000 in runtime (usecs) = 2 secs = 2.775408 ops/usec
	 0.000000 op/sec put throughput (all threads)
	 2747608.000000 op/sec get throughput (all threads)
	 27800.000000 op/sec del throughput (all threads)
	 2775408.000000 op/sec total throughput (all threads)
	 Conflicts in worker thread: 0 (of 6950 commits)
	 Errors in worker thread: 0
	 Put errors: 0, Del errors: 0, Get errors: 0
***END OF RAMP-UP-THREADS OUTPUT***

***CONCLUDING THREAD EVALUATION***
