KP: 5584: Using 16 for local hash table size (same as merge frequency), 1610000 for master hash table size
KP: 5584: Total memory allocation size (just evaluation, not kv stores themselves) could be up to 0 bytes (0 MB)
Will create 1610000 random integers for each child thread
Now starting evaluation for key-value store: kp_kvstore
On 16 cores
Running on storage platform: disk
Starting single-threaded tests

*** BEGINING SINGLE THREADED TESTS***

***NOW DOING LATENCY TEST ON INDIVIDUAL FUNCTIONS ***
For put-insert: 
	 time elapsed 1:302490 (sec:usec) = 1302490 usecs 
	 iterations 10000 (merge every 8 -> 1250 merges)
	 average cost 130.248993 usecs
	 Conflicts: 0 (of 1249 commits)

For put-append: 
	 time elapsed 3:820154 (sec:usec) = 3820154 usecs 
	 iterations 30000 (merge every 8 -> 3750 merges)
	 average cost 127.338470 usecs
	 Conflicts: 0 (of 3747 commits)

For get: 
	 time elapsed 0:761599 (sec:usec) = 761599 usecs 
	 iterations 30000 (merge every 8 -> 3750 merges)
	 average cost 25.386633 usecs
	 Conflicts: 0 (of 0 commits)

For delete: 
	 time elapsed 0:293086 (sec:usec) = 293086 usecs 
	 iterations 30000 (merge every 8 -> 3750 merges)
	 average cost 9.769533 usecs
	 Conflicts: 0 (of 3747 commits)


*** CONCLUDING SINGLE THREADED TESTS***

Starting multi-threaded tests: num_threads=1, NUM_CPUS=16
KP: 5584: pinned new thread to CPU=0x0
KP: 5584: sleeping to allow threads enough time
KP: 5584: waking up from sleep (0)
For multithreaded run ramp r:-1-w:30-u:70-d:1
	 34376 total ops (34005 puts + 0 gets + 371 dels)
	 2000000 in runtime (usecs) = 2 secs = 0.017188 ops/usec
	 17002.500000 op/sec put throughput (all threads)
	 0.000000 op/sec get throughput (all threads)
	 185.500000 op/sec del throughput (all threads)
	 17188.000000 op/sec total throughput (all threads)
	 Conflicts in worker thread: 0 (of 4297 commits)
	 Errors in worker thread: 0
	 Put errors: 0, Del errors: 0, Get errors: 0
***END OF RAMP-UP-THREADS OUTPUT***

KP: 5584: pinned new thread to CPU=0x0
KP: 5584: sleeping to allow threads enough time
KP: 5584: waking up from sleep (0)
For multithreaded run ramp r:19-w:24-u:56-d:1
	 42212 total ops (33459 puts + 8356 gets + 397 dels)
	 2000000 in runtime (usecs) = 2 secs = 0.021106 ops/usec
	 16729.500000 op/sec put throughput (all threads)
	 4178.000000 op/sec get throughput (all threads)
	 198.500000 op/sec del throughput (all threads)
	 21106.000000 op/sec total throughput (all threads)
	 Conflicts in worker thread: 0 (of 4232 commits)
	 Errors in worker thread: 0
	 Put errors: 0, Del errors: 0, Get errors: 0
***END OF RAMP-UP-THREADS OUTPUT***

KP: 5584: pinned new thread to CPU=0x0
KP: 5584: sleeping to allow threads enough time
KP: 5584: waking up from sleep (0)
For multithreaded run ramp r:39-w:18-u:42-d:1
	 56830 total ops (33710 puts + 22574 gets + 546 dels)
	 2000000 in runtime (usecs) = 2 secs = 0.028415 ops/usec
	 16855.000000 op/sec put throughput (all threads)
	 11287.000000 op/sec get throughput (all threads)
	 273.000000 op/sec del throughput (all threads)
	 28415.000000 op/sec total throughput (all threads)
	 Conflicts in worker thread: 0 (of 4282 commits)
	 Errors in worker thread: 0
	 Put errors: 0, Del errors: 0, Get errors: 0
***END OF RAMP-UP-THREADS OUTPUT***

KP: 5584: pinned new thread to CPU=0x0
KP: 5584: sleeping to allow threads enough time
KP: 5584: waking up from sleep (0)
For multithreaded run ramp r:59-w:12-u:28-d:1
	 83618 total ops (32711 puts + 50092 gets + 815 dels)
	 2000000 in runtime (usecs) = 2 secs = 0.041809 ops/usec
	 16355.500000 op/sec put throughput (all threads)
	 25046.000000 op/sec get throughput (all threads)
	 407.500000 op/sec del throughput (all threads)
	 41809.000000 op/sec total throughput (all threads)
	 Conflicts in worker thread: 0 (of 4191 commits)
	 Errors in worker thread: 0
	 Put errors: 0, Del errors: 0, Get errors: 0
***END OF RAMP-UP-THREADS OUTPUT***

KP: 5584: pinned new thread to CPU=0x0
KP: 5584: sleeping to allow threads enough time
KP: 5584: waking up from sleep (0)
For multithreaded run ramp r:79-w:6-u:14-d:1
	 157026 total ops (29823 puts + 125562 gets + 1641 dels)
	 2000000 in runtime (usecs) = 2 secs = 0.078513 ops/usec
	 14911.500000 op/sec put throughput (all threads)
	 62781.000000 op/sec get throughput (all threads)
	 820.499939 op/sec del throughput (all threads)
	 78513.000000 op/sec total throughput (all threads)
	 Conflicts in worker thread: 0 (of 3933 commits)
	 Errors in worker thread: 0
	 Put errors: 0, Del errors: 0, Get errors: 0
***END OF RAMP-UP-THREADS OUTPUT***

KP: 5584: pinned new thread to CPU=0x0
KP: 5584: sleeping to allow threads enough time
KP: 5584: waking up from sleep (0)
For multithreaded run ramp r:99-w:0-u:0-d:1
	 3191867 total ops (0 puts + 3159586 gets + 32281 dels)
	 2000000 in runtime (usecs) = 2 secs = 1.595934 ops/usec
	 0.000000 op/sec put throughput (all threads)
	 1579793.000000 op/sec get throughput (all threads)
	 16140.500000 op/sec del throughput (all threads)
	 1595933.500000 op/sec total throughput (all threads)
	 Conflicts in worker thread: 0 (of 4036 commits)
	 Errors in worker thread: 0
	 Put errors: 0, Del errors: 0, Get errors: 0
***END OF RAMP-UP-THREADS OUTPUT***

***CONCLUDING THREAD EVALUATION***
