KP: 5936: Using 16 for local hash table size (same as merge frequency), 1610000 for master hash table size
KP: 5936: Total memory allocation size (just evaluation, not kv stores themselves) could be up to 0 bytes (0 MB)
Will create 1610000 random integers for each child thread
Now starting evaluation for key-value store: kp_kvstore
On 16 cores
Running on storage platform: disk
Starting single-threaded tests

*** BEGINING SINGLE THREADED TESTS***

***NOW DOING LATENCY TEST ON INDIVIDUAL FUNCTIONS ***
For put-insert: 
	 time elapsed 0:230748 (sec:usec) = 230748 usecs 
	 iterations 10000 (merge every 8 -> 1250 merges)
	 average cost 23.074800 usecs
	 Conflicts: 0 (of 1249 commits)

For put-append: 
	 time elapsed 0:584049 (sec:usec) = 584049 usecs 
	 iterations 30000 (merge every 8 -> 3750 merges)
	 average cost 19.468300 usecs
	 Conflicts: 0 (of 3747 commits)

For get: 
	 time elapsed 0:150139 (sec:usec) = 150139 usecs 
	 iterations 30000 (merge every 8 -> 3750 merges)
	 average cost 5.004633 usecs
	 Conflicts: 0 (of 0 commits)

For delete: 
	 time elapsed 0:289219 (sec:usec) = 289219 usecs 
	 iterations 30000 (merge every 8 -> 3750 merges)
	 average cost 9.640634 usecs
	 Conflicts: 0 (of 3747 commits)


*** CONCLUDING SINGLE THREADED TESTS***

Starting multi-threaded tests: num_threads=1, NUM_CPUS=16
KP: 5936: pinned new thread to CPU=0x0
KP: 5936: sleeping to allow threads enough time
KP: 5936: waking up from sleep (0)
For multithreaded run ramp r:-1-w:30-u:70-d:1
	 184816 total ops (182983 puts + 0 gets + 1833 dels)
	 2000000 in runtime (usecs) = 2 secs = 0.092408 ops/usec
	 91491.500000 op/sec put throughput (all threads)
	 0.000000 op/sec get throughput (all threads)
	 916.499939 op/sec del throughput (all threads)
	 92408.000000 op/sec total throughput (all threads)
	 Conflicts in worker thread: 0 (of 23102 commits)
	 Errors in worker thread: 0
	 Put errors: 0, Del errors: 0, Get errors: 0
***END OF RAMP-UP-THREADS OUTPUT***

KP: 5936: pinned new thread to CPU=0x0
KP: 5936: sleeping to allow threads enough time
KP: 5936: waking up from sleep (0)
For multithreaded run ramp r:19-w:24-u:56-d:1
	 224317 total ops (177548 puts + 44543 gets + 2226 dels)
	 2000000 in runtime (usecs) = 2 secs = 0.112158 ops/usec
	 88774.000000 op/sec put throughput (all threads)
	 22271.500000 op/sec get throughput (all threads)
	 1112.999878 op/sec del throughput (all threads)
	 112158.500000 op/sec total throughput (all threads)
	 Conflicts in worker thread: 0 (of 22472 commits)
	 Errors in worker thread: 0
	 Put errors: 0, Del errors: 0, Get errors: 0
***END OF RAMP-UP-THREADS OUTPUT***

KP: 5936: pinned new thread to CPU=0x0
KP: 5936: sleeping to allow threads enough time
KP: 5936: waking up from sleep (0)
For multithreaded run ramp r:39-w:18-u:42-d:1
	 291256 total ops (171850 puts + 116448 gets + 2958 dels)
	 2000000 in runtime (usecs) = 2 secs = 0.145628 ops/usec
	 85925.000000 op/sec put throughput (all threads)
	 58224.000000 op/sec get throughput (all threads)
	 1479.000122 op/sec del throughput (all threads)
	 145628.000000 op/sec total throughput (all threads)
	 Conflicts in worker thread: 0 (of 21851 commits)
	 Errors in worker thread: 0
	 Put errors: 0, Del errors: 0, Get errors: 0
***END OF RAMP-UP-THREADS OUTPUT***

KP: 5936: pinned new thread to CPU=0x0
KP: 5936: sleeping to allow threads enough time
KP: 5936: waking up from sleep (0)
For multithreaded run ramp r:59-w:12-u:28-d:1
	 415828 total ops (162305 puts + 249396 gets + 4127 dels)
	 2000000 in runtime (usecs) = 2 secs = 0.207914 ops/usec
	 81152.500000 op/sec put throughput (all threads)
	 124698.000000 op/sec get throughput (all threads)
	 2063.500000 op/sec del throughput (all threads)
	 207914.000000 op/sec total throughput (all threads)
	 Conflicts in worker thread: 0 (of 20804 commits)
	 Errors in worker thread: 0
	 Put errors: 0, Del errors: 0, Get errors: 0
***END OF RAMP-UP-THREADS OUTPUT***

KP: 5936: pinned new thread to CPU=0x0
KP: 5936: sleeping to allow threads enough time
KP: 5936: waking up from sleep (0)
For multithreaded run ramp r:79-w:6-u:14-d:1
	 732261 total ops (139226 puts + 585670 gets + 7365 dels)
	 2000000 in runtime (usecs) = 2 secs = 0.366131 ops/usec
	 69613.000000 op/sec put throughput (all threads)
	 292835.000000 op/sec get throughput (all threads)
	 3682.500000 op/sec del throughput (all threads)
	 366130.500000 op/sec total throughput (all threads)
	 Conflicts in worker thread: 0 (of 18324 commits)
	 Errors in worker thread: 0
	 Put errors: 0, Del errors: 0, Get errors: 0
***END OF RAMP-UP-THREADS OUTPUT***

KP: 5936: pinned new thread to CPU=0x0
KP: 5936: sleeping to allow threads enough time
KP: 5936: waking up from sleep (0)
For multithreaded run ramp r:99-w:0-u:0-d:1
	 3182014 total ops (0 puts + 3150121 gets + 31893 dels)
	 2000000 in runtime (usecs) = 2 secs = 1.591007 ops/usec
	 0.000000 op/sec put throughput (all threads)
	 1575060.500000 op/sec get throughput (all threads)
	 15946.500000 op/sec del throughput (all threads)
	 1591007.000000 op/sec total throughput (all threads)
	 Conflicts in worker thread: 0 (of 3987 commits)
	 Errors in worker thread: 0
	 Put errors: 0, Del errors: 0, Get errors: 0
***END OF RAMP-UP-THREADS OUTPUT***

***CONCLUDING THREAD EVALUATION***
