KP: 3184: Using 16 for local hash table size (same as merge frequency), 1610000 for master hash table size
KP: 3184: Total memory allocation size (just evaluation, not kv stores themselves) could be up to 0 bytes (0 MB)
Will create 1610000 random integers for each child thread
Now starting evaluation for key-value store: kp_kvstore
On 16 cores
Running on storage platform: disk
Starting single-threaded tests

*** BEGINING SINGLE THREADED TESTS***

***NOW DOING LATENCY TEST ON INDIVIDUAL FUNCTIONS ***
For put-insert: 
	 time elapsed 0:31785 (sec:usec) = 31785 usecs 
	 iterations 10000 (merge every 8 -> 1250 merges)
	 average cost 3.178500 usecs
	 Conflicts: 0 (of 1249 commits)

For put-append: 
	 time elapsed 0:89315 (sec:usec) = 89315 usecs 
	 iterations 30000 (merge every 8 -> 3750 merges)
	 average cost 2.977167 usecs
	 Conflicts: 0 (of 3747 commits)

For get: 
	 time elapsed 0:109870 (sec:usec) = 109870 usecs 
	 iterations 30000 (merge every 8 -> 3750 merges)
	 average cost 3.662333 usecs
	 Conflicts: 0 (of 0 commits)

For delete: 
	 time elapsed 0:42452 (sec:usec) = 42452 usecs 
	 iterations 30000 (merge every 8 -> 3750 merges)
	 average cost 1.415067 usecs
	 Conflicts: 0 (of 3747 commits)


*** CONCLUDING SINGLE THREADED TESTS***

Starting multi-threaded tests: num_threads=1, NUM_CPUS=16
KP: 3184: pinned new thread to CPU=0x0
KP: 3184: sleeping to allow threads enough time
KP: 3184: waking up from sleep (0)
For multithreaded run ramp r:-1-w:30-u:70-d:1
	 1173560 total ops (1161898 puts + 0 gets + 11662 dels)
	 2000000 in runtime (usecs) = 2 secs = 0.586780 ops/usec
	 580949.000000 op/sec put throughput (all threads)
	 0.000000 op/sec get throughput (all threads)
	 5831.000000 op/sec del throughput (all threads)
	 586780.000000 op/sec total throughput (all threads)
	 Conflicts in worker thread: 0 (of 146695 commits)
	 Errors in worker thread: 0
	 Put errors: 0, Del errors: 0, Get errors: 0
***END OF RAMP-UP-THREADS OUTPUT***

KP: 3184: pinned new thread to CPU=0x0
KP: 3184: sleeping to allow threads enough time
KP: 3184: waking up from sleep (0)
For multithreaded run ramp r:19-w:24-u:56-d:1
	 1295036 total ops (1023113 puts + 259084 gets + 12839 dels)
	 2000000 in runtime (usecs) = 2 secs = 0.647518 ops/usec
	 511556.500000 op/sec put throughput (all threads)
	 129542.000000 op/sec get throughput (all threads)
	 6419.500000 op/sec del throughput (all threads)
	 647518.000000 op/sec total throughput (all threads)
	 Conflicts in worker thread: 0 (of 129494 commits)
	 Errors in worker thread: 0
	 Put errors: 0, Del errors: 0, Get errors: 0
***END OF RAMP-UP-THREADS OUTPUT***

KP: 3184: pinned new thread to CPU=0x0
KP: 3184: sleeping to allow threads enough time
KP: 3184: waking up from sleep (0)
For multithreaded run ramp r:39-w:18-u:42-d:1
	 1538169 total ops (908456 puts + 614394 gets + 15319 dels)
	 2000000 in runtime (usecs) = 2 secs = 0.769085 ops/usec
	 454228.000000 op/sec put throughput (all threads)
	 307197.000000 op/sec get throughput (all threads)
	 7659.500000 op/sec del throughput (all threads)
	 769084.500000 op/sec total throughput (all threads)
	 Conflicts in worker thread: 0 (of 115472 commits)
	 Errors in worker thread: 0
	 Put errors: 0, Del errors: 0, Get errors: 0
***END OF RAMP-UP-THREADS OUTPUT***

KP: 3184: pinned new thread to CPU=0x0
KP: 3184: sleeping to allow threads enough time
KP: 3184: waking up from sleep (0)
For multithreaded run ramp r:59-w:12-u:28-d:1
	 1970406 total ops (770880 puts + 1180039 gets + 19487 dels)
	 2000000 in runtime (usecs) = 2 secs = 0.985203 ops/usec
	 385440.000000 op/sec put throughput (all threads)
	 590019.500000 op/sec get throughput (all threads)
	 9743.500000 op/sec del throughput (all threads)
	 985203.000000 op/sec total throughput (all threads)
	 Conflicts in worker thread: 0 (of 98796 commits)
	 Errors in worker thread: 0
	 Put errors: 0, Del errors: 0, Get errors: 0
***END OF RAMP-UP-THREADS OUTPUT***

KP: 3184: pinned new thread to CPU=0x0
KP: 3184: sleeping to allow threads enough time
KP: 3184: waking up from sleep (0)
For multithreaded run ramp r:79-w:6-u:14-d:1
	 2762283 total ops (523875 puts + 2210443 gets + 27965 dels)
	 2000000 in runtime (usecs) = 2 secs = 1.381142 ops/usec
	 261937.500000 op/sec put throughput (all threads)
	 1105221.500000 op/sec get throughput (all threads)
	 13982.500000 op/sec del throughput (all threads)
	 1381141.500000 op/sec total throughput (all threads)
	 Conflicts in worker thread: 0 (of 68980 commits)
	 Errors in worker thread: 0
	 Put errors: 0, Del errors: 0, Get errors: 0
***END OF RAMP-UP-THREADS OUTPUT***

KP: 3184: pinned new thread to CPU=0x0
KP: 3184: sleeping to allow threads enough time
KP: 3184: waking up from sleep (0)
For multithreaded run ramp r:99-w:0-u:0-d:1
	 5460400 total ops (0 puts + 5405736 gets + 54664 dels)
	 2000000 in runtime (usecs) = 2 secs = 2.730200 ops/usec
	 0.000000 op/sec put throughput (all threads)
	 2702868.000000 op/sec get throughput (all threads)
	 27332.000000 op/sec del throughput (all threads)
	 2730200.000000 op/sec total throughput (all threads)
	 Conflicts in worker thread: 0 (of 6833 commits)
	 Errors in worker thread: 0
	 Put errors: 0, Del errors: 0, Get errors: 0
***END OF RAMP-UP-THREADS OUTPUT***

***CONCLUDING THREAD EVALUATION***
