KP: 7072: Using 1024 for local hash table size (same as merge frequency), 1610000 for master hash table size
KP: 7072: Total memory allocation size (just evaluation, not kv stores themselves) could be up to 0 bytes (0 MB)
Will create 1610000 random integers for each child thread
Now starting evaluation for key-value store: kp_kvstore
On 16 cores
Running on storage platform: disk
Starting single-threaded tests

*** BEGINING SINGLE THREADED TESTS***

***NOW DOING LATENCY TEST ON INDIVIDUAL FUNCTIONS ***
For put-insert: 
	 time elapsed 0:36306 (sec:usec) = 36306 usecs 
	 iterations 10000 (merge every 512 -> 19 merges)
	 average cost 3.630600 usecs
	 Conflicts: 0 (of 20 commits)

For put-append: 
	 time elapsed 0:97088 (sec:usec) = 97088 usecs 
	 iterations 30000 (merge every 512 -> 58 merges)
	 average cost 3.236267 usecs
	 Conflicts: 0 (of 60 commits)

For get: 
	 time elapsed 0:131912 (sec:usec) = 131912 usecs 
	 iterations 30000 (merge every 512 -> 58 merges)
	 average cost 4.397067 usecs
	 Conflicts: 0 (of 0 commits)

For delete: 
	 time elapsed 0:57459 (sec:usec) = 57459 usecs 
	 iterations 30000 (merge every 512 -> 58 merges)
	 average cost 1.915300 usecs
	 Conflicts: 0 (of 60 commits)


*** CONCLUDING SINGLE THREADED TESTS***

Starting multi-threaded tests: num_threads=1, NUM_CPUS=16
KP: 7072: pinned new thread to CPU=0x0
KP: 7072: sleeping to allow threads enough time
KP: 7072: waking up from sleep (0)
For multithreaded run ramp r:-1-w:30-u:70-d:1
	 1167968 total ops (1156135 puts + 0 gets + 11833 dels)
	 2000000 in runtime (usecs) = 2 secs = 0.583984 ops/usec
	 578067.500000 op/sec put throughput (all threads)
	 0.000000 op/sec get throughput (all threads)
	 5916.500000 op/sec del throughput (all threads)
	 583984.000000 op/sec total throughput (all threads)
	 Conflicts in worker thread: 0 (of 2282 commits)
	 Errors in worker thread: 0
	 Put errors: 0, Del errors: 0, Get errors: 0
***END OF RAMP-UP-THREADS OUTPUT***

KP: 7072: pinned new thread to CPU=0x0
KP: 7072: sleeping to allow threads enough time
KP: 7072: waking up from sleep (0)
For multithreaded run ramp r:19-w:24-u:56-d:1
	 1317595 total ops (1040453 puts + 264200 gets + 12942 dels)
	 2000000 in runtime (usecs) = 2 secs = 0.658798 ops/usec
	 520226.500000 op/sec put throughput (all threads)
	 132100.000000 op/sec get throughput (all threads)
	 6471.000000 op/sec del throughput (all threads)
	 658797.500000 op/sec total throughput (all threads)
	 Conflicts in worker thread: 0 (of 2058 commits)
	 Errors in worker thread: 0
	 Put errors: 0, Del errors: 0, Get errors: 0
***END OF RAMP-UP-THREADS OUTPUT***

KP: 7072: pinned new thread to CPU=0x0
KP: 7072: sleeping to allow threads enough time
KP: 7072: waking up from sleep (0)
For multithreaded run ramp r:39-w:18-u:42-d:1
	 1534716 total ops (905310 puts + 614240 gets + 15166 dels)
	 2000000 in runtime (usecs) = 2 secs = 0.767358 ops/usec
	 452655.000000 op/sec put throughput (all threads)
	 307120.000000 op/sec get throughput (all threads)
	 7583.000000 op/sec del throughput (all threads)
	 767358.000000 op/sec total throughput (all threads)
	 Conflicts in worker thread: 0 (of 1798 commits)
	 Errors in worker thread: 0
	 Put errors: 0, Del errors: 0, Get errors: 0
***END OF RAMP-UP-THREADS OUTPUT***

KP: 7072: pinned new thread to CPU=0x0
KP: 7072: sleeping to allow threads enough time
KP: 7072: waking up from sleep (0)
For multithreaded run ramp r:59-w:12-u:28-d:1
	 1849034 total ops (720221 puts + 1110218 gets + 18595 dels)
	 2000000 in runtime (usecs) = 2 secs = 0.924517 ops/usec
	 360110.500000 op/sec put throughput (all threads)
	 555109.000000 op/sec get throughput (all threads)
	 9297.500000 op/sec del throughput (all threads)
	 924517.000000 op/sec total throughput (all threads)
	 Conflicts in worker thread: 0 (of 1443 commits)
	 Errors in worker thread: 0
	 Put errors: 0, Del errors: 0, Get errors: 0
***END OF RAMP-UP-THREADS OUTPUT***

KP: 7072: pinned new thread to CPU=0x0
KP: 7072: sleeping to allow threads enough time
KP: 7072: waking up from sleep (0)
For multithreaded run ramp r:79-w:6-u:14-d:1
	 2337214 total ops (441676 puts + 1872146 gets + 23392 dels)
	 2000000 in runtime (usecs) = 2 secs = 1.168607 ops/usec
	 220838.000000 op/sec put throughput (all threads)
	 936073.000000 op/sec get throughput (all threads)
	 11696.000000 op/sec del throughput (all threads)
	 1168607.000000 op/sec total throughput (all threads)
	 Conflicts in worker thread: 0 (of 909 commits)
	 Errors in worker thread: 0
	 Put errors: 0, Del errors: 0, Get errors: 0
***END OF RAMP-UP-THREADS OUTPUT***

KP: 7072: pinned new thread to CPU=0x0
KP: 7072: sleeping to allow threads enough time
KP: 7072: waking up from sleep (0)
For multithreaded run ramp r:99-w:0-u:0-d:1
	 3516575 total ops (0 puts + 3481375 gets + 35200 dels)
	 2000000 in runtime (usecs) = 2 secs = 1.758288 ops/usec
	 0.000000 op/sec put throughput (all threads)
	 1740687.500000 op/sec get throughput (all threads)
	 17600.000000 op/sec del throughput (all threads)
	 1758287.500000 op/sec total throughput (all threads)
	 Conflicts in worker thread: 0 (of 69 commits)
	 Errors in worker thread: 0
	 Put errors: 0, Del errors: 0, Get errors: 0
***END OF RAMP-UP-THREADS OUTPUT***

***CONCLUDING THREAD EVALUATION***
