KP: 7680: Using 16 for local hash table size (same as merge frequency), 1610000 for master hash table size
KP: 7680: Total memory allocation size (just evaluation, not kv stores themselves) could be up to 0 bytes (0 MB)
Will create 115000 random integers for each child thread
Now starting evaluation for key-value store: kp_kvstore
On 16 cores
Running on storage platform: disk
Starting single-threaded tests

*** BEGINING SINGLE THREADED TESTS***

***NOW DOING LATENCY TEST ON INDIVIDUAL FUNCTIONS ***
For put-insert: 
	 time elapsed 0:37989 (sec:usec) = 37989 usecs 
	 iterations 10000 (merge every 8 -> 1250 merges)
	 average cost 3.798900 usecs
	 Conflicts: 0 (of 1249 commits)

For put-append: 
	 time elapsed 0:119427 (sec:usec) = 119427 usecs 
	 iterations 30000 (merge every 8 -> 3750 merges)
	 average cost 3.980900 usecs
	 Conflicts: 0 (of 3747 commits)

For get: 
	 time elapsed 0:124644 (sec:usec) = 124644 usecs 
	 iterations 30000 (merge every 8 -> 3750 merges)
	 average cost 4.154800 usecs
	 Conflicts: 0 (of 0 commits)

For delete: 
	 time elapsed 0:63225 (sec:usec) = 63225 usecs 
	 iterations 30000 (merge every 8 -> 3750 merges)
	 average cost 2.107500 usecs
	 Conflicts: 0 (of 3747 commits)


*** CONCLUDING SINGLE THREADED TESTS***

Starting multi-threaded tests: num_threads=14, NUM_CPUS=16
KP: 7680: pinned new thread to CPU=0x0
KP: 7680: pinned new thread to CPU=0x1
KP: 7680: pinned new thread to CPU=0x2
KP: 7680: pinned new thread to CPU=0x3
KP: 7680: pinned new thread to CPU=0x4
KP: 7680: pinned new thread to CPU=0x5
KP: 7680: pinned new thread to CPU=0x6
KP: 7680: pinned new thread to CPU=0x7
KP: 7680: pinned new thread to CPU=0x8
KP: 7680: pinned new thread to CPU=0x9
KP: 7680: pinned new thread to CPU=0xA
KP: 7680: pinned new thread to CPU=0xB
KP: 7680: pinned new thread to CPU=0xC
KP: 7680: pinned new thread to CPU=0xD
KP: 7680: sleeping to allow threads enough time
KP: 7680: waking up from sleep (0)
For multithreaded run ramp r:-1-w:30-u:70-d:1
	 2144741 total ops (2123341 puts + 0 gets + 21400 dels)
	 2000000 in runtime (usecs) = 2 secs = 1.072371 ops/usec
	 1061670.500000 op/sec put throughput (all threads)
	 0.000000 op/sec get throughput (all threads)
	 10700.000000 op/sec del throughput (all threads)
	 1072370.500000 op/sec total throughput (all threads)
	 Conflicts in worker thread: 249015 (of 268095 commits)
	 Errors in worker thread: 0
	 Put errors: 0, Del errors: 0, Get errors: 0
***END OF RAMP-UP-THREADS OUTPUT***

KP: 7680: pinned new thread to CPU=0x0
KP: 7680: pinned new thread to CPU=0x1
KP: 7680: pinned new thread to CPU=0x2
KP: 7680: pinned new thread to CPU=0x3
KP: 7680: pinned new thread to CPU=0x4
KP: 7680: pinned new thread to CPU=0x5
KP: 7680: pinned new thread to CPU=0x6
KP: 7680: pinned new thread to CPU=0x7
KP: 7680: pinned new thread to CPU=0x8
KP: 7680: pinned new thread to CPU=0x9
KP: 7680: pinned new thread to CPU=0xA
KP: 7680: pinned new thread to CPU=0xB
KP: 7680: pinned new thread to CPU=0xC
KP: 7680: pinned new thread to CPU=0xD
KP: 7680: sleeping to allow threads enough time
KP: 7680: waking up from sleep (0)
For multithreaded run ramp r:19-w:24-u:56-d:1
	 2523777 total ops (1995019 puts + 503995 gets + 24763 dels)
	 2000000 in runtime (usecs) = 2 secs = 1.261889 ops/usec
	 997509.500000 op/sec put throughput (all threads)
	 251997.500000 op/sec get throughput (all threads)
	 12381.500000 op/sec del throughput (all threads)
	 1261888.500000 op/sec total throughput (all threads)
	 Conflicts in worker thread: 234101 (of 252474 commits)
	 Errors in worker thread: 0
	 Put errors: 0, Del errors: 0, Get errors: 0
***END OF RAMP-UP-THREADS OUTPUT***

KP: 7680: pinned new thread to CPU=0x0
KP: 7680: pinned new thread to CPU=0x1
KP: 7680: pinned new thread to CPU=0x2
KP: 7680: pinned new thread to CPU=0x3
KP: 7680: pinned new thread to CPU=0x4
KP: 7680: pinned new thread to CPU=0x5
KP: 7680: pinned new thread to CPU=0x6
KP: 7680: pinned new thread to CPU=0x7
KP: 7680: pinned new thread to CPU=0x8
KP: 7680: pinned new thread to CPU=0x9
KP: 7680: pinned new thread to CPU=0xA
KP: 7680: pinned new thread to CPU=0xB
KP: 7680: pinned new thread to CPU=0xC
KP: 7680: pinned new thread to CPU=0xD
KP: 7680: sleeping to allow threads enough time
KP: 7680: waking up from sleep (0)
For multithreaded run ramp r:39-w:18-u:42-d:1
	 3127351 total ops (1847054 puts + 1249244 gets + 31053 dels)
	 2000000 in runtime (usecs) = 2 secs = 1.563676 ops/usec
	 923527.000000 op/sec put throughput (all threads)
	 624622.000000 op/sec get throughput (all threads)
	 15526.500000 op/sec del throughput (all threads)
	 1563675.500000 op/sec total throughput (all threads)
	 Conflicts in worker thread: 217149 (of 234765 commits)
	 Errors in worker thread: 0
	 Put errors: 0, Del errors: 0, Get errors: 0
***END OF RAMP-UP-THREADS OUTPUT***

KP: 7680: pinned new thread to CPU=0x0
KP: 7680: pinned new thread to CPU=0x1
KP: 7680: pinned new thread to CPU=0x2
KP: 7680: pinned new thread to CPU=0x3
KP: 7680: pinned new thread to CPU=0x4
KP: 7680: pinned new thread to CPU=0x5
KP: 7680: pinned new thread to CPU=0x6
KP: 7680: pinned new thread to CPU=0x7
KP: 7680: pinned new thread to CPU=0x8
KP: 7680: pinned new thread to CPU=0x9
KP: 7680: pinned new thread to CPU=0xA
KP: 7680: pinned new thread to CPU=0xB
KP: 7680: pinned new thread to CPU=0xC
KP: 7680: pinned new thread to CPU=0xD
KP: 7680: sleeping to allow threads enough time
KP: 7680: waking up from sleep (0)
For multithreaded run ramp r:59-w:12-u:28-d:1
	 3967351 total ops (1547215 puts + 2380328 gets + 39808 dels)
	 2000000 in runtime (usecs) = 2 secs = 1.983675 ops/usec
	 773607.500000 op/sec put throughput (all threads)
	 1190164.000000 op/sec get throughput (all threads)
	 19904.000000 op/sec del throughput (all threads)
	 1983675.500000 op/sec total throughput (all threads)
	 Conflicts in worker thread: 182406 (of 198378 commits)
	 Errors in worker thread: 0
	 Put errors: 0, Del errors: 0, Get errors: 0
***END OF RAMP-UP-THREADS OUTPUT***

KP: 7680: pinned new thread to CPU=0x0
KP: 7680: pinned new thread to CPU=0x1
KP: 7680: pinned new thread to CPU=0x2
KP: 7680: pinned new thread to CPU=0x3
KP: 7680: pinned new thread to CPU=0x4
KP: 7680: pinned new thread to CPU=0x5
KP: 7680: pinned new thread to CPU=0x6
KP: 7680: pinned new thread to CPU=0x7
KP: 7680: pinned new thread to CPU=0x8
KP: 7680: pinned new thread to CPU=0x9
KP: 7680: pinned new thread to CPU=0xA
KP: 7680: pinned new thread to CPU=0xB
KP: 7680: pinned new thread to CPU=0xC
KP: 7680: pinned new thread to CPU=0xD
KP: 7680: sleeping to allow threads enough time
KP: 7680: waking up from sleep (0)
For multithreaded run ramp r:79-w:6-u:14-d:1
	 5318393 total ops (1011502 puts + 4253894 gets + 52997 dels)
	 2000000 in runtime (usecs) = 2 secs = 2.659197 ops/usec
	 505751.000000 op/sec put throughput (all threads)
	 2126947.000000 op/sec get throughput (all threads)
	 26498.500000 op/sec del throughput (all threads)
	 2659196.500000 op/sec total throughput (all threads)
	 Conflicts in worker thread: 120764 (of 133065 commits)
	 Errors in worker thread: 0
	 Put errors: 0, Del errors: 0, Get errors: 0
***END OF RAMP-UP-THREADS OUTPUT***

KP: 7680: pinned new thread to CPU=0x0
KP: 7680: pinned new thread to CPU=0x1
KP: 7680: pinned new thread to CPU=0x2
KP: 7680: pinned new thread to CPU=0x3
KP: 7680: pinned new thread to CPU=0x4
KP: 7680: pinned new thread to CPU=0x5
KP: 7680: pinned new thread to CPU=0x6
KP: 7680: pinned new thread to CPU=0x7
KP: 7680: pinned new thread to CPU=0x8
KP: 7680: pinned new thread to CPU=0x9
KP: 7680: pinned new thread to CPU=0xA
KP: 7680: pinned new thread to CPU=0xB
KP: 7680: pinned new thread to CPU=0xC
KP: 7680: pinned new thread to CPU=0xD
KP: 7680: sleeping to allow threads enough time
KP: 7680: waking up from sleep (0)
For multithreaded run ramp r:99-w:0-u:0-d:1
	 13161708 total ops (0 puts + 13031031 gets + 130677 dels)
	 2000000 in runtime (usecs) = 2 secs = 6.580854 ops/usec
	 0.000000 op/sec put throughput (all threads)
	 6515515.500000 op/sec get throughput (all threads)
	 65338.500000 op/sec del throughput (all threads)
	 6580854.000000 op/sec total throughput (all threads)
	 Conflicts in worker thread: 14325 (of 16337 commits)
	 Errors in worker thread: 0
	 Put errors: 0, Del errors: 0, Get errors: 0
***END OF RAMP-UP-THREADS OUTPUT***

***CONCLUDING THREAD EVALUATION***
