KP: 9728: Using 16 for local hash table size (same as merge frequency), 1610000 for master hash table size
KP: 9728: Total memory allocation size (just evaluation, not kv stores themselves) could be up to 0 bytes (0 MB)
Will create 1610000 random integers for each child thread
Now starting evaluation for key-value store: kp_kvstore
On 16 cores
Running on storage platform: disk
Starting single-threaded tests

*** BEGINING SINGLE THREADED TESTS***

***NOW DOING LATENCY TEST ON INDIVIDUAL FUNCTIONS ***
For put-insert: 
	 time elapsed 0:63507 (sec:usec) = 63507 usecs 
	 iterations 10000 (merge every 8 -> 1250 merges)
	 average cost 6.350700 usecs
	 Conflicts: 0 (of 1249 commits)

For put-append: 
	 time elapsed 0:216643 (sec:usec) = 216643 usecs 
	 iterations 30000 (merge every 8 -> 3750 merges)
	 average cost 7.221433 usecs
	 Conflicts: 0 (of 3747 commits)

For get: 
	 time elapsed 0:257011 (sec:usec) = 257011 usecs 
	 iterations 30000 (merge every 8 -> 3750 merges)
	 average cost 8.567034 usecs
	 Conflicts: 0 (of 0 commits)

For delete: 
	 time elapsed 0:73175 (sec:usec) = 73175 usecs 
	 iterations 30000 (merge every 8 -> 3750 merges)
	 average cost 2.439167 usecs
	 Conflicts: 0 (of 3747 commits)


*** CONCLUDING SINGLE THREADED TESTS***

Starting multi-threaded tests: num_threads=1, NUM_CPUS=16
KP: 9728: pinned new thread to CPU=0x0
KP: 9728: sleeping to allow threads enough time
KP: 9728: waking up from sleep (0)
For multithreaded run ramp r:-1-w:30-u:70-d:1
	 604904 total ops (598896 puts + 0 gets + 6008 dels)
	 2000000 in runtime (usecs) = 2 secs = 0.302452 ops/usec
	 299448.000000 op/sec put throughput (all threads)
	 0.000000 op/sec get throughput (all threads)
	 3004.000000 op/sec del throughput (all threads)
	 302452.000000 op/sec total throughput (all threads)
	 Conflicts in worker thread: 0 (of 75613 commits)
	 Errors in worker thread: 0
	 Put errors: 0, Del errors: 0, Get errors: 0
***END OF RAMP-UP-THREADS OUTPUT***

KP: 9728: pinned new thread to CPU=0x0
KP: 9728: sleeping to allow threads enough time
KP: 9728: waking up from sleep (0)
For multithreaded run ramp r:19-w:24-u:56-d:1
	 698530 total ops (552194 puts + 139346 gets + 6990 dels)
	 2000000 in runtime (usecs) = 2 secs = 0.349265 ops/usec
	 276097.000000 op/sec put throughput (all threads)
	 69673.000000 op/sec get throughput (all threads)
	 3495.000000 op/sec del throughput (all threads)
	 349265.000000 op/sec total throughput (all threads)
	 Conflicts in worker thread: 0 (of 69898 commits)
	 Errors in worker thread: 0
	 Put errors: 0, Del errors: 0, Get errors: 0
***END OF RAMP-UP-THREADS OUTPUT***

KP: 9728: pinned new thread to CPU=0x0
KP: 9728: sleeping to allow threads enough time
KP: 9728: waking up from sleep (0)
For multithreaded run ramp r:39-w:18-u:42-d:1
	 851620 total ops (502562 puts + 340564 gets + 8494 dels)
	 2000000 in runtime (usecs) = 2 secs = 0.425810 ops/usec
	 251281.000000 op/sec put throughput (all threads)
	 170282.000000 op/sec get throughput (all threads)
	 4247.000000 op/sec del throughput (all threads)
	 425810.000000 op/sec total throughput (all threads)
	 Conflicts in worker thread: 0 (of 63882 commits)
	 Errors in worker thread: 0
	 Put errors: 0, Del errors: 0, Get errors: 0
***END OF RAMP-UP-THREADS OUTPUT***

KP: 9728: pinned new thread to CPU=0x0
KP: 9728: sleeping to allow threads enough time
KP: 9728: waking up from sleep (0)
For multithreaded run ramp r:59-w:12-u:28-d:1
	 1079719 total ops (421971 puts + 647112 gets + 10636 dels)
	 2000000 in runtime (usecs) = 2 secs = 0.539859 ops/usec
	 210985.500000 op/sec put throughput (all threads)
	 323556.031250 op/sec get throughput (all threads)
	 5318.000000 op/sec del throughput (all threads)
	 539859.500000 op/sec total throughput (all threads)
	 Conflicts in worker thread: 0 (of 54076 commits)
	 Errors in worker thread: 0
	 Put errors: 0, Del errors: 0, Get errors: 0
***END OF RAMP-UP-THREADS OUTPUT***

KP: 9728: pinned new thread to CPU=0x0
KP: 9728: sleeping to allow threads enough time
KP: 9728: waking up from sleep (0)
For multithreaded run ramp r:79-w:6-u:14-d:1
	 1502041 total ops (285946 puts + 1201011 gets + 15084 dels)
	 2000000 in runtime (usecs) = 2 secs = 0.751020 ops/usec
	 142973.000000 op/sec put throughput (all threads)
	 600505.500000 op/sec get throughput (all threads)
	 7542.000000 op/sec del throughput (all threads)
	 751020.500000 op/sec total throughput (all threads)
	 Conflicts in worker thread: 0 (of 37629 commits)
	 Errors in worker thread: 0
	 Put errors: 0, Del errors: 0, Get errors: 0
***END OF RAMP-UP-THREADS OUTPUT***

KP: 9728: pinned new thread to CPU=0x0
KP: 9728: sleeping to allow threads enough time
KP: 9728: waking up from sleep (0)
For multithreaded run ramp r:99-w:0-u:0-d:1
	 3284984 total ops (0 puts + 3252489 gets + 32495 dels)
	 2000000 in runtime (usecs) = 2 secs = 1.642492 ops/usec
	 0.000000 op/sec put throughput (all threads)
	 1626244.500000 op/sec get throughput (all threads)
	 16247.500000 op/sec del throughput (all threads)
	 1642492.000000 op/sec total throughput (all threads)
	 Conflicts in worker thread: 0 (of 4062 commits)
	 Errors in worker thread: 0
	 Put errors: 0, Del errors: 0, Get errors: 0
***END OF RAMP-UP-THREADS OUTPUT***

***CONCLUDING THREAD EVALUATION***
