KP: 7472: Using 16 for local hash table size (same as merge frequency), 1610000 for master hash table size
KP: 7472: Total memory allocation size (just evaluation, not kv stores themselves) could be up to 0 bytes (0 MB)
Will create 1610000 random integers for each child thread
Now starting evaluation for key-value store: Masstree
On 16 cores
Running on storage platform: disk
Starting single-threaded tests

*** BEGINING SINGLE THREADED TESTS***

***NOW DOING LATENCY TEST ON INDIVIDUAL FUNCTIONS ***
For put-insert: 
	 time elapsed 0:2662 (sec:usec) = 2662 usecs 
	 iterations 1024 (merge every 8 -> 128 merges)
	 average cost 2.599609 usecs
	 Conflicts: 0 (of 127 commits)

For put-append: 
	 time elapsed 0:3885 (sec:usec) = 3885 usecs 
	 iterations 3072 (merge every 8 -> 384 merges)
	 average cost 1.264648 usecs
	 Conflicts: 0 (of 381 commits)

For get: 
	 time elapsed 0:2138 (sec:usec) = 2138 usecs 
	 iterations 3072 (merge every 8 -> 384 merges)
	 average cost 0.695964 usecs
	 Conflicts: 0 (of 0 commits)

For delete: 
	 time elapsed 0:2115 (sec:usec) = 2115 usecs 
	 iterations 3072 (merge every 8 -> 384 merges)
	 average cost 0.688477 usecs
	 Conflicts: 0 (of 381 commits)


*** CONCLUDING SINGLE THREADED TESTS***

Starting multi-threaded tests: num_threads=1, NUM_CPUS=16
KP: 7472: pinned new thread to CPU=0x0
KP: 7472: sleeping to allow threads enough time
KP: 7472: waking up from sleep (0)
For multithreaded run ramp r:-1-w:30-u:70-d:1
	 1618870 total ops (1602803 puts + 0 gets + 16067 dels)
	 2000000 in runtime (usecs) = 2 secs = 0.809435 ops/usec
	 801401.500000 op/sec put throughput (all threads)
	 0.000000 op/sec get throughput (all threads)
	 8033.500000 op/sec del throughput (all threads)
	 809435.000000 op/sec total throughput (all threads)
	 Conflicts in worker thread: 0 (of 202359 commits)
	 Errors in worker thread: 0
	 Put errors: 0, Del errors: 0, Get errors: 0
***END OF RAMP-UP-THREADS OUTPUT***

KP: 7472: pinned new thread to CPU=0x0
KP: 7472: sleeping to allow threads enough time
KP: 7472: pinned new thread to CPU=0x0
KP: 7472: sleeping to allow threads enough time
KP: 7472: pinned new thread to CPU=0x0
KP: 7472: sleeping to allow threads enough time
KP: 7472: pinned new thread to CPU=0x0
KP: 7472: sleeping to allow threads enough time
KP: 7472: pinned new thread to CPU=0x0
KP: 7472: sleeping to allow threads enough time
KP: 7472: waking up from sleep (0)
For multithreaded run ramp r:99-w:0-u:0-d:1
	 2959697 total ops (0 puts + 2930024 gets + 29673 dels)
	 2000000 in runtime (usecs) = 2 secs = 1.479849 ops/usec
	 0.000000 op/sec put throughput (all threads)
	 1465012.000000 op/sec get throughput (all threads)
	 14836.500000 op/sec del throughput (all threads)
	 1479848.500000 op/sec total throughput (all threads)
	 Conflicts in worker thread: 0 (of 3710 commits)
	 Errors in worker thread: 0
	 Put errors: 0, Del errors: 0, Get errors: 0
***END OF RAMP-UP-THREADS OUTPUT***

***CONCLUDING THREAD EVALUATION***
KP: 2672: Using 16 for local hash table size (same as merge frequency), 1610000 for master hash table size
KP: 2672: Total memory allocation size (just evaluation, not kv stores themselves) could be up to 0 bytes (0 MB)
Will create 1610000 random integers for each child thread
Now starting evaluation for key-value store: Masstree
On 16 cores
Running on storage platform: disk
Starting single-threaded tests

*** BEGINING SINGLE THREADED TESTS***

***NOW DOING LATENCY TEST ON INDIVIDUAL FUNCTIONS ***
For put-insert: 
	 time elapsed 0:6731 (sec:usec) = 6731 usecs 
	 iterations 4096 (merge every 8 -> 512 merges)
	 average cost 1.643311 usecs
	 Conflicts: 0 (of 511 commits)

For put-append: 
	 time elapsed 0:15832 (sec:usec) = 15832 usecs 
	 iterations 12288 (merge every 8 -> 1536 merges)
	 average cost 1.288411 usecs
	 Conflicts: 0 (of 1533 commits)

For get: 
	 time elapsed 0:8605 (sec:usec) = 8605 usecs 
	 iterations 12288 (merge every 8 -> 1536 merges)
	 average cost 0.700277 usecs
	 Conflicts: 0 (of 0 commits)

For delete: 
	 time elapsed 0:8495 (sec:usec) = 8495 usecs 
	 iterations 12288 (merge every 8 -> 1536 merges)
	 average cost 0.691325 usecs
	 Conflicts: 0 (of 1533 commits)


*** CONCLUDING SINGLE THREADED TESTS***

Starting multi-threaded tests: num_threads=1, NUM_CPUS=16
KP: 2672: pinned new thread to CPU=0x0
KP: 2672: sleeping to allow threads enough time
KP: 2672: waking up from sleep (0)
For multithreaded run ramp r:-1-w:30-u:70-d:1
	 1623122 total ops (1607131 puts + 0 gets + 15991 dels)
	 2000000 in runtime (usecs) = 2 secs = 0.811561 ops/usec
	 803565.500000 op/sec put throughput (all threads)
	 0.000000 op/sec get throughput (all threads)
	 7995.500000 op/sec del throughput (all threads)
	 811561.000000 op/sec total throughput (all threads)
	 Conflicts in worker thread: 0 (of 202891 commits)
	 Errors in worker thread: 0
	 Put errors: 0, Del errors: 0, Get errors: 0
***END OF RAMP-UP-THREADS OUTPUT***

KP: 2672: pinned new thread to CPU=0x0
KP: 2672: sleeping to allow threads enough time
KP: 2672: pinned new thread to CPU=0x0
KP: 2672: sleeping to allow threads enough time
KP: 2672: pinned new thread to CPU=0x0
KP: 2672: sleeping to allow threads enough time
KP: 2672: pinned new thread to CPU=0x0
KP: 2672: sleeping to allow threads enough time
KP: 2672: pinned new thread to CPU=0x0
KP: 2672: sleeping to allow threads enough time
KP: 2672: waking up from sleep (0)
For multithreaded run ramp r:99-w:0-u:0-d:1
	 2959116 total ops (0 puts + 2929240 gets + 29876 dels)
	 2000000 in runtime (usecs) = 2 secs = 1.479558 ops/usec
	 0.000000 op/sec put throughput (all threads)
	 1464620.000000 op/sec get throughput (all threads)
	 14938.000000 op/sec del throughput (all threads)
	 1479558.000000 op/sec total throughput (all threads)
	 Conflicts in worker thread: 0 (of 3735 commits)
	 Errors in worker thread: 0
	 Put errors: 0, Del errors: 0, Get errors: 0
***END OF RAMP-UP-THREADS OUTPUT***

***CONCLUDING THREAD EVALUATION***
KP: 9216: Using 16 for local hash table size (same as merge frequency), 1610000 for master hash table size
KP: 9216: Total memory allocation size (just evaluation, not kv stores themselves) could be up to 0 bytes (0 MB)
Will create 1610000 random integers for each child thread
Now starting evaluation for key-value store: Masstree
On 16 cores
Running on storage platform: disk
Starting single-threaded tests

*** BEGINING SINGLE THREADED TESTS***

***NOW DOING LATENCY TEST ON INDIVIDUAL FUNCTIONS ***
For put-insert: 
	 time elapsed 0:63668 (sec:usec) = 63668 usecs 
	 iterations 50000 (merge every 8 -> 6250 merges)
	 average cost 1.273360 usecs
	 Conflicts: 0 (of 6249 commits)

For put-append: 
	 time elapsed 0:210912 (sec:usec) = 210912 usecs 
	 iterations 150000 (merge every 8 -> 18750 merges)
	 average cost 1.406080 usecs
	 Conflicts: 0 (of 18747 commits)

For get: 
	 time elapsed 0:108452 (sec:usec) = 108452 usecs 
	 iterations 150000 (merge every 8 -> 18750 merges)
	 average cost 0.723013 usecs
	 Conflicts: 0 (of 0 commits)

For delete: 
	 time elapsed 0:105839 (sec:usec) = 105839 usecs 
	 iterations 150000 (merge every 8 -> 18750 merges)
	 average cost 0.705593 usecs
	 Conflicts: 0 (of 18747 commits)


*** CONCLUDING SINGLE THREADED TESTS***

Starting multi-threaded tests: num_threads=1, NUM_CPUS=16
KP: 9216: pinned new thread to CPU=0x0
KP: 9216: sleeping to allow threads enough time
KP: 9216: waking up from sleep (0)
For multithreaded run ramp r:-1-w:30-u:70-d:1
	 1615042 total ops (1599108 puts + 0 gets + 15934 dels)
	 2000000 in runtime (usecs) = 2 secs = 0.807521 ops/usec
	 799554.000000 op/sec put throughput (all threads)
	 0.000000 op/sec get throughput (all threads)
	 7967.000000 op/sec del throughput (all threads)
	 807521.000000 op/sec total throughput (all threads)
	 Conflicts in worker thread: 0 (of 201881 commits)
	 Errors in worker thread: 0
	 Put errors: 0, Del errors: 0, Get errors: 0
***END OF RAMP-UP-THREADS OUTPUT***

KP: 9216: pinned new thread to CPU=0x0
KP: 9216: sleeping to allow threads enough time
KP: 9216: pinned new thread to CPU=0x0
KP: 9216: sleeping to allow threads enough time
KP: 9216: pinned new thread to CPU=0x0
KP: 9216: sleeping to allow threads enough time
KP: 9216: pinned new thread to CPU=0x0
KP: 9216: sleeping to allow threads enough time
KP: 9216: pinned new thread to CPU=0x0
KP: 9216: sleeping to allow threads enough time
KP: 9216: waking up from sleep (0)
For multithreaded run ramp r:99-w:0-u:0-d:1
	 2957997 total ops (0 puts + 2928619 gets + 29378 dels)
	 2000000 in runtime (usecs) = 2 secs = 1.478999 ops/usec
	 0.000000 op/sec put throughput (all threads)
	 1464309.500000 op/sec get throughput (all threads)
	 14689.000000 op/sec del throughput (all threads)
	 1478998.500000 op/sec total throughput (all threads)
	 Conflicts in worker thread: 0 (of 3673 commits)
	 Errors in worker thread: 0
	 Put errors: 0, Del errors: 0, Get errors: 0
***END OF RAMP-UP-THREADS OUTPUT***

***CONCLUDING THREAD EVALUATION***
