KP: 9968: Using 16 for local hash table size (same as merge frequency), 1610000 for master hash table size
KP: 9968: Total memory allocation size (just evaluation, not kv stores themselves) could be up to 0 bytes (0 MB)
Will create 1610000 random integers for each child thread
Now starting evaluation for key-value store: Masstree
On 16 cores
Running on storage platform: disk
Starting single-threaded tests

*** BEGINING SINGLE THREADED TESTS***

***NOW DOING LATENCY TEST ON INDIVIDUAL FUNCTIONS ***
For put-insert: 
	 time elapsed 0:17481 (sec:usec) = 17481 usecs 
	 iterations 10000 (merge every 8 -> 1250 merges)
	 average cost 1.748100 usecs
	 Conflicts: 0 (of 1249 commits)

For put-append: 
	 time elapsed 0:51653 (sec:usec) = 51653 usecs 
	 iterations 30000 (merge every 8 -> 3750 merges)
	 average cost 1.721767 usecs
	 Conflicts: 0 (of 3747 commits)

For get: 
	 time elapsed 0:21000 (sec:usec) = 21000 usecs 
	 iterations 30000 (merge every 8 -> 3750 merges)
	 average cost 0.700000 usecs
	 Conflicts: 0 (of 0 commits)

For delete: 
	 time elapsed 0:20736 (sec:usec) = 20736 usecs 
	 iterations 30000 (merge every 8 -> 3750 merges)
	 average cost 0.691200 usecs
	 Conflicts: 0 (of 3747 commits)


*** CONCLUDING SINGLE THREADED TESTS***

Starting multi-threaded tests: num_threads=1, NUM_CPUS=16
KP: 9968: pinned new thread to CPU=0x0
KP: 9968: sleeping to allow threads enough time
KP: 9968: waking up from sleep (0)
For multithreaded run ramp r:-1-w:30-u:70-d:1
	 1243410 total ops (1230895 puts + 0 gets + 12515 dels)
	 2000000 in runtime (usecs) = 2 secs = 0.621705 ops/usec
	 615447.500000 op/sec put throughput (all threads)
	 0.000000 op/sec get throughput (all threads)
	 6257.500000 op/sec del throughput (all threads)
	 621705.000000 op/sec total throughput (all threads)
	 Conflicts in worker thread: 0 (of 155427 commits)
	 Errors in worker thread: 0
	 Put errors: 0, Del errors: 0, Get errors: 0
***END OF RAMP-UP-THREADS OUTPUT***

KP: 9968: pinned new thread to CPU=0x0
KP: 9968: sleeping to allow threads enough time
KP: 9968: pinned new thread to CPU=0x0
KP: 9968: sleeping to allow threads enough time
KP: 9968: pinned new thread to CPU=0x0
KP: 9968: sleeping to allow threads enough time
KP: 9968: pinned new thread to CPU=0x0
KP: 9968: sleeping to allow threads enough time
KP: 9968: pinned new thread to CPU=0x0
KP: 9968: sleeping to allow threads enough time
KP: 9968: waking up from sleep (0)
For multithreaded run ramp r:99-w:0-u:0-d:1
	 2977101 total ops (0 puts + 2947818 gets + 29283 dels)
	 2000000 in runtime (usecs) = 2 secs = 1.488551 ops/usec
	 0.000000 op/sec put throughput (all threads)
	 1473909.000000 op/sec get throughput (all threads)
	 14641.500000 op/sec del throughput (all threads)
	 1488550.500000 op/sec total throughput (all threads)
	 Conflicts in worker thread: 0 (of 3661 commits)
	 Errors in worker thread: 0
	 Put errors: 0, Del errors: 0, Get errors: 0
***END OF RAMP-UP-THREADS OUTPUT***

***CONCLUDING THREAD EVALUATION***
