KP: 8704: Using 4 for local hash table size (same as merge frequency), 1610000 for master hash table size
KP: 8704: Total memory allocation size (just evaluation, not kv stores themselves) could be up to 0 bytes (0 MB)
Will create 1610000 random integers for each child thread
Now starting evaluation for key-value store: Masstree
On 16 cores
Running on storage platform: disk
Starting single-threaded tests

*** BEGINING SINGLE THREADED TESTS***

***NOW DOING LATENCY TEST ON INDIVIDUAL FUNCTIONS ***
For put-insert: 
	 time elapsed 0:17677 (sec:usec) = 17677 usecs 
	 iterations 10000 (merge every 2 -> 5000 merges)
	 average cost 1.767700 usecs
	 Conflicts: 0 (of 4999 commits)

For put-append: 
	 time elapsed 0:51959 (sec:usec) = 51959 usecs 
	 iterations 30000 (merge every 2 -> 15000 merges)
	 average cost 1.731967 usecs
	 Conflicts: 0 (of 14997 commits)

For get: 
	 time elapsed 0:20975 (sec:usec) = 20975 usecs 
	 iterations 30000 (merge every 2 -> 15000 merges)
	 average cost 0.699167 usecs
	 Conflicts: 0 (of 0 commits)

For delete: 
	 time elapsed 0:22216 (sec:usec) = 22216 usecs 
	 iterations 30000 (merge every 2 -> 15000 merges)
	 average cost 0.740533 usecs
	 Conflicts: 0 (of 14997 commits)


*** CONCLUDING SINGLE THREADED TESTS***

Starting multi-threaded tests: num_threads=1, NUM_CPUS=16
KP: 8704: pinned new thread to CPU=0x0
KP: 8704: sleeping to allow threads enough time
KP: 8704: waking up from sleep (0)
For multithreaded run ramp r:-1-w:30-u:70-d:1
	 1238563 total ops (1225918 puts + 0 gets + 12645 dels)
	 2000000 in runtime (usecs) = 2 secs = 0.619281 ops/usec
	 612959.000000 op/sec put throughput (all threads)
	 0.000000 op/sec get throughput (all threads)
	 6322.500000 op/sec del throughput (all threads)
	 619281.500000 op/sec total throughput (all threads)
	 Conflicts in worker thread: 0 (of 619282 commits)
	 Errors in worker thread: 0
	 Put errors: 0, Del errors: 0, Get errors: 0
***END OF RAMP-UP-THREADS OUTPUT***

KP: 8704: pinned new thread to CPU=0x0
KP: 8704: sleeping to allow threads enough time
KP: 8704: pinned new thread to CPU=0x0
KP: 8704: sleeping to allow threads enough time
KP: 8704: pinned new thread to CPU=0x0
KP: 8704: sleeping to allow threads enough time
KP: 8704: pinned new thread to CPU=0x0
KP: 8704: sleeping to allow threads enough time
KP: 8704: pinned new thread to CPU=0x0
KP: 8704: sleeping to allow threads enough time
KP: 8704: waking up from sleep (0)
For multithreaded run ramp r:99-w:0-u:0-d:1
	 2974729 total ops (0 puts + 2944612 gets + 30117 dels)
	 2000000 in runtime (usecs) = 2 secs = 1.487365 ops/usec
	 0.000000 op/sec put throughput (all threads)
	 1472306.000000 op/sec get throughput (all threads)
	 15058.500000 op/sec del throughput (all threads)
	 1487364.500000 op/sec total throughput (all threads)
	 Conflicts in worker thread: 0 (of 15059 commits)
	 Errors in worker thread: 0
	 Put errors: 0, Del errors: 0, Get errors: 0
***END OF RAMP-UP-THREADS OUTPUT***

***CONCLUDING THREAD EVALUATION***
