KP: 7776: Using 16 for local hash table size (same as merge frequency), 1610000 for master hash table size
KP: 7776: Total memory allocation size (just evaluation, not kv stores themselves) could be up to 0 bytes (0 MB)
Will create 1610000 random integers for each child thread
Now starting evaluation for key-value store: kp_kvstore
On 16 cores
Running on storage platform: disk
Starting single-threaded tests

*** BEGINING SINGLE THREADED TESTS***

***NOW DOING LATENCY TEST ON INDIVIDUAL FUNCTIONS ***
For put-insert: 
	 time elapsed 0:14611 (sec:usec) = 14611 usecs 
	 iterations 1000 (merge every 8 -> 125 merges)
	 average cost 14.611000 usecs
	 Conflicts: 0 (of 124 commits)

For put-append: 
	 time elapsed 0:32453 (sec:usec) = 32453 usecs 
	 iterations 3000 (merge every 8 -> 375 merges)
	 average cost 10.817667 usecs
	 Conflicts: 0 (of 372 commits)

For get: 
	 time elapsed 0:2631 (sec:usec) = 2631 usecs 
	 iterations 3000 (merge every 8 -> 375 merges)
	 average cost 0.877000 usecs
	 Conflicts: 0 (of 0 commits)

For delete: 
	 time elapsed 0:29007 (sec:usec) = 29007 usecs 
	 iterations 3000 (merge every 8 -> 375 merges)
	 average cost 9.669000 usecs
	 Conflicts: 0 (of 372 commits)


*** CONCLUDING SINGLE THREADED TESTS***

Starting multi-threaded tests: num_threads=1, NUM_CPUS=16
KP: 7776: pinned new thread to CPU=0x0
KP: 7776: sleeping to allow threads enough time
KP: 7776: waking up from sleep (0)
For multithreaded run ramp r:-1-w:30-u:70-d:1
	 290248 total ops (287361 puts + 0 gets + 2887 dels)
	 2000000 in runtime (usecs) = 2 secs = 0.145124 ops/usec
	 143680.500000 op/sec put throughput (all threads)
	 0.000000 op/sec get throughput (all threads)
	 1443.500000 op/sec del throughput (all threads)
	 145124.000000 op/sec total throughput (all threads)
	 Conflicts in worker thread: 0 (of 36281 commits)
	 Errors in worker thread: 0
	 Put errors: 0, Del errors: 0, Get errors: 0
***END OF RAMP-UP-THREADS OUTPUT***

KP: 7776: pinned new thread to CPU=0x0
KP: 7776: sleeping to allow threads enough time
KP: 7776: waking up from sleep (0)
For multithreaded run ramp r:19-w:24-u:56-d:1
	 352652 total ops (278563 puts + 70617 gets + 3472 dels)
	 2000000 in runtime (usecs) = 2 secs = 0.176326 ops/usec
	 139281.500000 op/sec put throughput (all threads)
	 35308.500000 op/sec get throughput (all threads)
	 1736.000000 op/sec del throughput (all threads)
	 176326.000000 op/sec total throughput (all threads)
	 Conflicts in worker thread: 0 (of 35255 commits)
	 Errors in worker thread: 0
	 Put errors: 0, Del errors: 0, Get errors: 0
***END OF RAMP-UP-THREADS OUTPUT***

KP: 7776: pinned new thread to CPU=0x0
KP: 7776: sleeping to allow threads enough time
KP: 7776: waking up from sleep (0)
For multithreaded run ramp r:39-w:18-u:42-d:1
	 450022 total ops (265597 puts + 180022 gets + 4403 dels)
	 2000000 in runtime (usecs) = 2 secs = 0.225011 ops/usec
	 132798.500000 op/sec put throughput (all threads)
	 90011.000000 op/sec get throughput (all threads)
	 2201.500000 op/sec del throughput (all threads)
	 225011.000000 op/sec total throughput (all threads)
	 Conflicts in worker thread: 0 (of 33750 commits)
	 Errors in worker thread: 0
	 Put errors: 0, Del errors: 0, Get errors: 0
***END OF RAMP-UP-THREADS OUTPUT***

KP: 7776: pinned new thread to CPU=0x0
KP: 7776: sleeping to allow threads enough time
KP: 7776: waking up from sleep (0)
For multithreaded run ramp r:59-w:12-u:28-d:1
	 629315 total ops (245248 puts + 377891 gets + 6176 dels)
	 2000000 in runtime (usecs) = 2 secs = 0.314658 ops/usec
	 122624.000000 op/sec put throughput (all threads)
	 188945.500000 op/sec get throughput (all threads)
	 3088.000000 op/sec del throughput (all threads)
	 314657.500000 op/sec total throughput (all threads)
	 Conflicts in worker thread: 0 (of 31428 commits)
	 Errors in worker thread: 0
	 Put errors: 0, Del errors: 0, Get errors: 0
***END OF RAMP-UP-THREADS OUTPUT***

KP: 7776: pinned new thread to CPU=0x0
KP: 7776: sleeping to allow threads enough time
KP: 7776: waking up from sleep (0)
For multithreaded run ramp r:79-w:6-u:14-d:1
	 1049968 total ops (198766 puts + 840800 gets + 10402 dels)
	 2000000 in runtime (usecs) = 2 secs = 0.524984 ops/usec
	 99383.000000 op/sec put throughput (all threads)
	 420400.000000 op/sec get throughput (all threads)
	 5201.000000 op/sec del throughput (all threads)
	 524984.000000 op/sec total throughput (all threads)
	 Conflicts in worker thread: 0 (of 26146 commits)
	 Errors in worker thread: 0
	 Put errors: 0, Del errors: 0, Get errors: 0
***END OF RAMP-UP-THREADS OUTPUT***

KP: 7776: pinned new thread to CPU=0x0
KP: 7776: sleeping to allow threads enough time
KP: 7776: waking up from sleep (0)
For multithreaded run ramp r:99-w:0-u:0-d:1
	 3200874 total ops (0 puts + 3168994 gets + 31880 dels)
	 2000000 in runtime (usecs) = 2 secs = 1.600437 ops/usec
	 0.000000 op/sec put throughput (all threads)
	 1584497.000000 op/sec get throughput (all threads)
	 15940.000000 op/sec del throughput (all threads)
	 1600437.000000 op/sec total throughput (all threads)
	 Conflicts in worker thread: 0 (of 3985 commits)
	 Errors in worker thread: 0
	 Put errors: 0, Del errors: 0, Get errors: 0
***END OF RAMP-UP-THREADS OUTPUT***

***CONCLUDING THREAD EVALUATION***
