KP: 4032: Using 2048 for local hash table size (same as merge frequency), 1610000 for master hash table size
KP: 4032: Total memory allocation size (just evaluation, not kv stores themselves) could be up to 0 bytes (0 MB)
Will create 1610000 random integers for each child thread
Now starting evaluation for key-value store: kp_kvstore
On 16 cores
Running on storage platform: disk
Starting single-threaded tests

*** BEGINING SINGLE THREADED TESTS***

***NOW DOING LATENCY TEST ON INDIVIDUAL FUNCTIONS ***
For put-insert: 
	 time elapsed 0:169053 (sec:usec) = 169053 usecs 
	 iterations 10000 (merge every 1024 -> 9 merges)
	 average cost 16.905300 usecs
	 Conflicts: 0 (of 10 commits)

For put-append: 
	 time elapsed 0:401013 (sec:usec) = 401013 usecs 
	 iterations 30000 (merge every 1024 -> 29 merges)
	 average cost 13.367100 usecs
	 Conflicts: 0 (of 30 commits)

For get: 
	 time elapsed 0:106016 (sec:usec) = 106016 usecs 
	 iterations 30000 (merge every 1024 -> 29 merges)
	 average cost 3.533867 usecs
	 Conflicts: 0 (of 0 commits)

For delete: 
	 time elapsed 0:246590 (sec:usec) = 246590 usecs 
	 iterations 30000 (merge every 1024 -> 29 merges)
	 average cost 8.219666 usecs
	 Conflicts: 0 (of 30 commits)


*** CONCLUDING SINGLE THREADED TESTS***

Starting multi-threaded tests: num_threads=1, NUM_CPUS=16
KP: 4032: pinned new thread to CPU=0x0
KP: 4032: sleeping to allow threads enough time
KP: 4032: waking up from sleep (0)
For multithreaded run ramp r:-1-w:30-u:70-d:1
	 345088 total ops (341699 puts + 0 gets + 3389 dels)
	 2000000 in runtime (usecs) = 2 secs = 0.172544 ops/usec
	 170849.500000 op/sec put throughput (all threads)
	 0.000000 op/sec get throughput (all threads)
	 1694.500000 op/sec del throughput (all threads)
	 172544.000000 op/sec total throughput (all threads)
	 Conflicts in worker thread: 0 (of 337 commits)
	 Errors in worker thread: 0
	 Put errors: 0, Del errors: 0, Get errors: 0
***END OF RAMP-UP-THREADS OUTPUT***

KP: 4032: pinned new thread to CPU=0x0
KP: 4032: sleeping to allow threads enough time
KP: 4032: waking up from sleep (0)
For multithreaded run ramp r:19-w:24-u:56-d:1
	 415919 total ops (328659 puts + 83119 gets + 4141 dels)
	 2000000 in runtime (usecs) = 2 secs = 0.207960 ops/usec
	 164329.500000 op/sec put throughput (all threads)
	 41559.500000 op/sec get throughput (all threads)
	 2070.500000 op/sec del throughput (all threads)
	 207959.500000 op/sec total throughput (all threads)
	 Conflicts in worker thread: 0 (of 325 commits)
	 Errors in worker thread: 0
	 Put errors: 0, Del errors: 0, Get errors: 0
***END OF RAMP-UP-THREADS OUTPUT***

KP: 4032: pinned new thread to CPU=0x0
KP: 4032: sleeping to allow threads enough time
KP: 4032: waking up from sleep (0)
For multithreaded run ramp r:39-w:18-u:42-d:1
	 532157 total ops (314352 puts + 212449 gets + 5356 dels)
	 2000000 in runtime (usecs) = 2 secs = 0.266079 ops/usec
	 157176.000000 op/sec put throughput (all threads)
	 106224.500000 op/sec get throughput (all threads)
	 2678.000244 op/sec del throughput (all threads)
	 266078.500000 op/sec total throughput (all threads)
	 Conflicts in worker thread: 0 (of 313 commits)
	 Errors in worker thread: 0
	 Put errors: 0, Del errors: 0, Get errors: 0
***END OF RAMP-UP-THREADS OUTPUT***

KP: 4032: pinned new thread to CPU=0x0
KP: 4032: sleeping to allow threads enough time
KP: 4032: waking up from sleep (0)
For multithreaded run ramp r:59-w:12-u:28-d:1
	 738847 total ops (288908 puts + 442500 gets + 7439 dels)
	 2000000 in runtime (usecs) = 2 secs = 0.369424 ops/usec
	 144454.000000 op/sec put throughput (all threads)
	 221250.000000 op/sec get throughput (all threads)
	 3719.500000 op/sec del throughput (all threads)
	 369423.500000 op/sec total throughput (all threads)
	 Conflicts in worker thread: 0 (of 290 commits)
	 Errors in worker thread: 0
	 Put errors: 0, Del errors: 0, Get errors: 0
***END OF RAMP-UP-THREADS OUTPUT***

KP: 4032: pinned new thread to CPU=0x0
KP: 4032: sleeping to allow threads enough time
KP: 4032: waking up from sleep (0)
For multithreaded run ramp r:79-w:6-u:14-d:1
	 1228734 total ops (233345 puts + 982974 gets + 12415 dels)
	 2000000 in runtime (usecs) = 2 secs = 0.614367 ops/usec
	 116672.500000 op/sec put throughput (all threads)
	 491487.000000 op/sec get throughput (all threads)
	 6207.500000 op/sec del throughput (all threads)
	 614367.000000 op/sec total throughput (all threads)
	 Conflicts in worker thread: 0 (of 240 commits)
	 Errors in worker thread: 0
	 Put errors: 0, Del errors: 0, Get errors: 0
***END OF RAMP-UP-THREADS OUTPUT***

KP: 4032: pinned new thread to CPU=0x0
KP: 4032: sleeping to allow threads enough time
KP: 4032: waking up from sleep (0)
For multithreaded run ramp r:99-w:0-u:0-d:1
	 3537485 total ops (0 puts + 3501761 gets + 35724 dels)
	 2000000 in runtime (usecs) = 2 secs = 1.768742 ops/usec
	 0.000000 op/sec put throughput (all threads)
	 1750880.500000 op/sec get throughput (all threads)
	 17862.000000 op/sec del throughput (all threads)
	 1768742.500000 op/sec total throughput (all threads)
	 Conflicts in worker thread: 0 (of 35 commits)
	 Errors in worker thread: 0
	 Put errors: 0, Del errors: 0, Get errors: 0
***END OF RAMP-UP-THREADS OUTPUT***

***CONCLUDING THREAD EVALUATION***
