KP: 9936: Using 1024 for local hash table size (same as merge frequency), 1610000 for master hash table size
KP: 9936: Total memory allocation size (just evaluation, not kv stores themselves) could be up to 0 bytes (0 MB)
Will create 1610000 random integers for each child thread
Now starting evaluation for key-value store: kp_kvstore
On 16 cores
Running on storage platform: disk
Starting single-threaded tests

*** BEGINING SINGLE THREADED TESTS***

***NOW DOING LATENCY TEST ON INDIVIDUAL FUNCTIONS ***
For put-insert: 
	 time elapsed 0:171906 (sec:usec) = 171906 usecs 
	 iterations 10000 (merge every 512 -> 19 merges)
	 average cost 17.190599 usecs
	 Conflicts: 0 (of 20 commits)

For put-append: 
	 time elapsed 0:404479 (sec:usec) = 404479 usecs 
	 iterations 30000 (merge every 512 -> 58 merges)
	 average cost 13.482634 usecs
	 Conflicts: 0 (of 60 commits)

For get: 
	 time elapsed 0:109815 (sec:usec) = 109815 usecs 
	 iterations 30000 (merge every 512 -> 58 merges)
	 average cost 3.660500 usecs
	 Conflicts: 0 (of 0 commits)

For delete: 
	 time elapsed 0:247630 (sec:usec) = 247630 usecs 
	 iterations 30000 (merge every 512 -> 58 merges)
	 average cost 8.254333 usecs
	 Conflicts: 0 (of 60 commits)


*** CONCLUDING SINGLE THREADED TESTS***

Starting multi-threaded tests: num_threads=1, NUM_CPUS=16
KP: 9936: pinned new thread to CPU=0x0
KP: 9936: sleeping to allow threads enough time
KP: 9936: waking up from sleep (0)
For multithreaded run ramp r:-1-w:30-u:70-d:1
	 331978 total ops (328695 puts + 0 gets + 3283 dels)
	 2000000 in runtime (usecs) = 2 secs = 0.165989 ops/usec
	 164347.500000 op/sec put throughput (all threads)
	 0.000000 op/sec get throughput (all threads)
	 1641.500000 op/sec del throughput (all threads)
	 165989.000000 op/sec total throughput (all threads)
	 Conflicts in worker thread: 0 (of 649 commits)
	 Errors in worker thread: 0
	 Put errors: 0, Del errors: 0, Get errors: 0
***END OF RAMP-UP-THREADS OUTPUT***

KP: 9936: pinned new thread to CPU=0x0
KP: 9936: sleeping to allow threads enough time
KP: 9936: waking up from sleep (0)
For multithreaded run ramp r:19-w:24-u:56-d:1
	 402542 total ops (318066 puts + 80494 gets + 3982 dels)
	 2000000 in runtime (usecs) = 2 secs = 0.201271 ops/usec
	 159033.000000 op/sec put throughput (all threads)
	 40247.000000 op/sec get throughput (all threads)
	 1991.000122 op/sec del throughput (all threads)
	 201271.000000 op/sec total throughput (all threads)
	 Conflicts in worker thread: 0 (of 629 commits)
	 Errors in worker thread: 0
	 Put errors: 0, Del errors: 0, Get errors: 0
***END OF RAMP-UP-THREADS OUTPUT***

KP: 9936: pinned new thread to CPU=0x0
KP: 9936: sleeping to allow threads enough time
KP: 9936: waking up from sleep (0)
For multithreaded run ramp r:39-w:18-u:42-d:1
	 517532 total ops (305018 puts + 207303 gets + 5211 dels)
	 2000000 in runtime (usecs) = 2 secs = 0.258766 ops/usec
	 152509.000000 op/sec put throughput (all threads)
	 103651.500000 op/sec get throughput (all threads)
	 2605.500000 op/sec del throughput (all threads)
	 258766.000000 op/sec total throughput (all threads)
	 Conflicts in worker thread: 0 (of 606 commits)
	 Errors in worker thread: 0
	 Put errors: 0, Del errors: 0, Get errors: 0
***END OF RAMP-UP-THREADS OUTPUT***

KP: 9936: pinned new thread to CPU=0x0
KP: 9936: sleeping to allow threads enough time
KP: 9936: waking up from sleep (0)
For multithreaded run ramp r:59-w:12-u:28-d:1
	 721178 total ops (281556 puts + 432410 gets + 7212 dels)
	 2000000 in runtime (usecs) = 2 secs = 0.360589 ops/usec
	 140778.000000 op/sec put throughput (all threads)
	 216205.000000 op/sec get throughput (all threads)
	 3606.000244 op/sec del throughput (all threads)
	 360589.000000 op/sec total throughput (all threads)
	 Conflicts in worker thread: 0 (of 564 commits)
	 Errors in worker thread: 0
	 Put errors: 0, Del errors: 0, Get errors: 0
***END OF RAMP-UP-THREADS OUTPUT***

KP: 9936: pinned new thread to CPU=0x0
KP: 9936: sleeping to allow threads enough time
KP: 9936: waking up from sleep (0)
For multithreaded run ramp r:79-w:6-u:14-d:1
	 1195281 total ops (226844 puts + 956580 gets + 11857 dels)
	 2000000 in runtime (usecs) = 2 secs = 0.597641 ops/usec
	 113422.000000 op/sec put throughput (all threads)
	 478290.000000 op/sec get throughput (all threads)
	 5928.500000 op/sec del throughput (all threads)
	 597640.500000 op/sec total throughput (all threads)
	 Conflicts in worker thread: 0 (of 467 commits)
	 Errors in worker thread: 0
	 Put errors: 0, Del errors: 0, Get errors: 0
***END OF RAMP-UP-THREADS OUTPUT***

KP: 9936: pinned new thread to CPU=0x0
KP: 9936: sleeping to allow threads enough time
KP: 9936: waking up from sleep (0)
For multithreaded run ramp r:99-w:0-u:0-d:1
	 3526777 total ops (0 puts + 3491652 gets + 35125 dels)
	 2000000 in runtime (usecs) = 2 secs = 1.763389 ops/usec
	 0.000000 op/sec put throughput (all threads)
	 1745826.000000 op/sec get throughput (all threads)
	 17562.500000 op/sec del throughput (all threads)
	 1763388.500000 op/sec total throughput (all threads)
	 Conflicts in worker thread: 0 (of 69 commits)
	 Errors in worker thread: 0
	 Put errors: 0, Del errors: 0, Get errors: 0
***END OF RAMP-UP-THREADS OUTPUT***

***CONCLUDING THREAD EVALUATION***
