KP: 9952: Using 16 for local hash table size (same as merge frequency), 1610000 for master hash table size
KP: 9952: Total memory allocation size (just evaluation, not kv stores themselves) could be up to 0 bytes (0 MB)
Will create 115000 random integers for each child thread
Now starting evaluation for key-value store: kp_kvstore
On 16 cores
Running on storage platform: disk
Starting single-threaded tests

*** BEGINING SINGLE THREADED TESTS***

***NOW DOING LATENCY TEST ON INDIVIDUAL FUNCTIONS ***
For put-insert: 
	 time elapsed 0:186518 (sec:usec) = 186518 usecs 
	 iterations 10000 (merge every 8 -> 1250 merges)
	 average cost 18.651800 usecs
	 Conflicts: 0 (of 1249 commits)

For put-append: 
	 time elapsed 0:446998 (sec:usec) = 446998 usecs 
	 iterations 30000 (merge every 8 -> 3750 merges)
	 average cost 14.899933 usecs
	 Conflicts: 0 (of 3747 commits)

For get: 
	 time elapsed 0:107177 (sec:usec) = 107177 usecs 
	 iterations 30000 (merge every 8 -> 3750 merges)
	 average cost 3.572567 usecs
	 Conflicts: 0 (of 0 commits)

For delete: 
	 time elapsed 0:286546 (sec:usec) = 286546 usecs 
	 iterations 30000 (merge every 8 -> 3750 merges)
	 average cost 9.551534 usecs
	 Conflicts: 0 (of 3747 commits)


*** CONCLUDING SINGLE THREADED TESTS***

Starting multi-threaded tests: num_threads=14, NUM_CPUS=16
KP: 9952: pinned new thread to CPU=0x0
KP: 9952: pinned new thread to CPU=0x1
KP: 9952: pinned new thread to CPU=0x2
KP: 9952: pinned new thread to CPU=0x3
KP: 9952: pinned new thread to CPU=0x4
KP: 9952: pinned new thread to CPU=0x5
KP: 9952: pinned new thread to CPU=0x6
KP: 9952: pinned new thread to CPU=0x7
KP: 9952: pinned new thread to CPU=0x8
KP: 9952: pinned new thread to CPU=0x9
KP: 9952: pinned new thread to CPU=0xA
KP: 9952: pinned new thread to CPU=0xB
KP: 9952: pinned new thread to CPU=0xC
KP: 9952: pinned new thread to CPU=0xD
KP: 9952: sleeping to allow threads enough time
KP: 9952: waking up from sleep (0)
For multithreaded run ramp r:-1-w:30-u:70-d:1
	 1471025 total ops (1456469 puts + 0 gets + 14556 dels)
	 2000000 in runtime (usecs) = 2 secs = 0.735512 ops/usec
	 728234.500000 op/sec put throughput (all threads)
	 0.000000 op/sec get throughput (all threads)
	 7278.000000 op/sec del throughput (all threads)
	 735512.500000 op/sec total throughput (all threads)
	 Conflicts in worker thread: 171704 (of 183879 commits)
	 Errors in worker thread: 0
	 Put errors: 0, Del errors: 0, Get errors: 0
***END OF RAMP-UP-THREADS OUTPUT***

KP: 9952: pinned new thread to CPU=0x0
KP: 9952: pinned new thread to CPU=0x1
KP: 9952: pinned new thread to CPU=0x2
KP: 9952: pinned new thread to CPU=0x3
KP: 9952: pinned new thread to CPU=0x4
KP: 9952: pinned new thread to CPU=0x5
KP: 9952: pinned new thread to CPU=0x6
KP: 9952: pinned new thread to CPU=0x7
KP: 9952: pinned new thread to CPU=0x8
KP: 9952: pinned new thread to CPU=0x9
KP: 9952: pinned new thread to CPU=0xA
KP: 9952: pinned new thread to CPU=0xB
KP: 9952: pinned new thread to CPU=0xC
KP: 9952: pinned new thread to CPU=0xD
KP: 9952: sleeping to allow threads enough time
KP: 9952: waking up from sleep (0)
For multithreaded run ramp r:19-w:24-u:56-d:1
	 1748717 total ops (1382188 puts + 349264 gets + 17265 dels)
	 2000000 in runtime (usecs) = 2 secs = 0.874358 ops/usec
	 691094.000000 op/sec put throughput (all threads)
	 174632.000000 op/sec get throughput (all threads)
	 8632.500000 op/sec del throughput (all threads)
	 874358.500000 op/sec total throughput (all threads)
	 Conflicts in worker thread: 162893 (of 174932 commits)
	 Errors in worker thread: 0
	 Put errors: 0, Del errors: 0, Get errors: 0
***END OF RAMP-UP-THREADS OUTPUT***

KP: 9952: pinned new thread to CPU=0x0
KP: 9952: pinned new thread to CPU=0x1
KP: 9952: pinned new thread to CPU=0x2
KP: 9952: pinned new thread to CPU=0x3
KP: 9952: pinned new thread to CPU=0x4
KP: 9952: pinned new thread to CPU=0x5
KP: 9952: pinned new thread to CPU=0x6
KP: 9952: pinned new thread to CPU=0x7
KP: 9952: pinned new thread to CPU=0x8
KP: 9952: pinned new thread to CPU=0x9
KP: 9952: pinned new thread to CPU=0xA
KP: 9952: pinned new thread to CPU=0xB
KP: 9952: pinned new thread to CPU=0xC
KP: 9952: pinned new thread to CPU=0xD
KP: 9952: sleeping to allow threads enough time
KP: 9952: waking up from sleep (0)
For multithreaded run ramp r:39-w:18-u:42-d:1
	 2189852 total ops (1295151 puts + 873347 gets + 21354 dels)
	 2000000 in runtime (usecs) = 2 secs = 1.094926 ops/usec
	 647575.500000 op/sec put throughput (all threads)
	 436673.500000 op/sec get throughput (all threads)
	 10677.000000 op/sec del throughput (all threads)
	 1094926.000000 op/sec total throughput (all threads)
	 Conflicts in worker thread: 152610 (of 164564 commits)
	 Errors in worker thread: 0
	 Put errors: 0, Del errors: 0, Get errors: 0
***END OF RAMP-UP-THREADS OUTPUT***

KP: 9952: pinned new thread to CPU=0x0
KP: 9952: pinned new thread to CPU=0x1
KP: 9952: pinned new thread to CPU=0x2
KP: 9952: pinned new thread to CPU=0x3
KP: 9952: pinned new thread to CPU=0x4
KP: 9952: pinned new thread to CPU=0x5
KP: 9952: pinned new thread to CPU=0x6
KP: 9952: pinned new thread to CPU=0x7
KP: 9952: pinned new thread to CPU=0x8
KP: 9952: pinned new thread to CPU=0x9
KP: 9952: pinned new thread to CPU=0xA
KP: 9952: pinned new thread to CPU=0xB
KP: 9952: pinned new thread to CPU=0xC
KP: 9952: pinned new thread to CPU=0xD
KP: 9952: sleeping to allow threads enough time
KP: 9952: waking up from sleep (0)
For multithreaded run ramp r:59-w:12-u:28-d:1
	 2985183 total ops (1165122 puts + 1790919 gets + 29142 dels)
	 2000000 in runtime (usecs) = 2 secs = 1.492592 ops/usec
	 582561.000000 op/sec put throughput (all threads)
	 895459.500000 op/sec get throughput (all threads)
	 14571.000000 op/sec del throughput (all threads)
	 1492591.500000 op/sec total throughput (all threads)
	 Conflicts in worker thread: 137557 (of 149284 commits)
	 Errors in worker thread: 0
	 Put errors: 0, Del errors: 0, Get errors: 0
***END OF RAMP-UP-THREADS OUTPUT***

KP: 9952: pinned new thread to CPU=0x0
KP: 9952: pinned new thread to CPU=0x1
KP: 9952: pinned new thread to CPU=0x2
KP: 9952: pinned new thread to CPU=0x3
KP: 9952: pinned new thread to CPU=0x4
KP: 9952: pinned new thread to CPU=0x5
KP: 9952: pinned new thread to CPU=0x6
KP: 9952: pinned new thread to CPU=0x7
KP: 9952: pinned new thread to CPU=0x8
KP: 9952: pinned new thread to CPU=0x9
KP: 9952: pinned new thread to CPU=0xA
KP: 9952: pinned new thread to CPU=0xB
KP: 9952: pinned new thread to CPU=0xC
KP: 9952: pinned new thread to CPU=0xD
KP: 9952: sleeping to allow threads enough time
KP: 9952: waking up from sleep (0)
For multithreaded run ramp r:79-w:6-u:14-d:1
	 4387699 total ops (832852 puts + 3510901 gets + 43946 dels)
	 2000000 in runtime (usecs) = 2 secs = 2.193850 ops/usec
	 416426.000000 op/sec put throughput (all threads)
	 1755450.500000 op/sec get throughput (all threads)
	 21973.000000 op/sec del throughput (all threads)
	 2193849.500000 op/sec total throughput (all threads)
	 Conflicts in worker thread: 99718 (of 118178 commits)
	 Errors in worker thread: 0
	 Put errors: 0, Del errors: 0, Get errors: 0
***END OF RAMP-UP-THREADS OUTPUT***

KP: 9952: pinned new thread to CPU=0x0
KP: 9952: pinned new thread to CPU=0x1
KP: 9952: pinned new thread to CPU=0x2
KP: 9952: pinned new thread to CPU=0x3
KP: 9952: pinned new thread to CPU=0x4
KP: 9952: pinned new thread to CPU=0x5
KP: 9952: pinned new thread to CPU=0x6
KP: 9952: pinned new thread to CPU=0x7
KP: 9952: pinned new thread to CPU=0x8
KP: 9952: pinned new thread to CPU=0x9
KP: 9952: pinned new thread to CPU=0xA
KP: 9952: pinned new thread to CPU=0xB
KP: 9952: pinned new thread to CPU=0xC
KP: 9952: pinned new thread to CPU=0xD
KP: 9952: sleeping to allow threads enough time
KP: 9952: waking up from sleep (0)
For multithreaded run ramp r:99-w:0-u:0-d:1
	 12774777 total ops (0 puts + 12648668 gets + 126109 dels)
	 2000000 in runtime (usecs) = 2 secs = 6.387389 ops/usec
	 0.000000 op/sec put throughput (all threads)
	 6324334.000000 op/sec get throughput (all threads)
	 63054.500000 op/sec del throughput (all threads)
	 6387388.500000 op/sec total throughput (all threads)
	 Conflicts in worker thread: 14043 (of 15769 commits)
	 Errors in worker thread: 0
	 Put errors: 0, Del errors: 0, Get errors: 0
***END OF RAMP-UP-THREADS OUTPUT***

***CONCLUDING THREAD EVALUATION***
