KP: 6784: Using 16 for local hash table size (same as merge frequency), 1610000 for master hash table size
KP: 6784: Total memory allocation size (just evaluation, not kv stores themselves) could be up to 0 bytes (0 MB)
Will create 1610000 random integers for each child thread
Now starting evaluation for key-value store: kp_kvstore
On 16 cores
Running on storage platform: disk
Starting single-threaded tests

*** BEGINING SINGLE THREADED TESTS***

***NOW DOING LATENCY TEST ON INDIVIDUAL FUNCTIONS ***
For put-insert: 
	 time elapsed 0:140650 (sec:usec) = 140650 usecs 
	 iterations 10000 (merge every 8 -> 1250 merges)
	 average cost 14.065000 usecs
	 Conflicts: 0 (of 1249 commits)

For put-append: 
	 time elapsed 0:309885 (sec:usec) = 309885 usecs 
	 iterations 30000 (merge every 8 -> 3750 merges)
	 average cost 10.329500 usecs
	 Conflicts: 0 (of 3747 commits)

For get: 
	 time elapsed 0:25660 (sec:usec) = 25660 usecs 
	 iterations 30000 (merge every 8 -> 3750 merges)
	 average cost 0.855333 usecs
	 Conflicts: 0 (of 0 commits)

For delete: 
	 time elapsed 0:284907 (sec:usec) = 284907 usecs 
	 iterations 30000 (merge every 8 -> 3750 merges)
	 average cost 9.496900 usecs
	 Conflicts: 0 (of 3747 commits)


*** CONCLUDING SINGLE THREADED TESTS***

Starting multi-threaded tests: num_threads=1, NUM_CPUS=16
KP: 6784: pinned new thread to CPU=0x0
KP: 6784: sleeping to allow threads enough time
KP: 6784: waking up from sleep (0)
For multithreaded run ramp r:-1-w:30-u:70-d:1
	 281392 total ops (278568 puts + 0 gets + 2824 dels)
	 2000000 in runtime (usecs) = 2 secs = 0.140696 ops/usec
	 139284.000000 op/sec put throughput (all threads)
	 0.000000 op/sec get throughput (all threads)
	 1412.000000 op/sec del throughput (all threads)
	 140696.000000 op/sec total throughput (all threads)
	 Conflicts in worker thread: 0 (of 35174 commits)
	 Errors in worker thread: 0
	 Put errors: 0, Del errors: 0, Get errors: 0
***END OF RAMP-UP-THREADS OUTPUT***

KP: 6784: pinned new thread to CPU=0x0
KP: 6784: sleeping to allow threads enough time
KP: 6784: waking up from sleep (0)
For multithreaded run ramp r:19-w:24-u:56-d:1
	 341760 total ops (269953 puts + 68456 gets + 3351 dels)
	 2000000 in runtime (usecs) = 2 secs = 0.170880 ops/usec
	 134976.500000 op/sec put throughput (all threads)
	 34228.000000 op/sec get throughput (all threads)
	 1675.500000 op/sec del throughput (all threads)
	 170880.000000 op/sec total throughput (all threads)
	 Conflicts in worker thread: 0 (of 34163 commits)
	 Errors in worker thread: 0
	 Put errors: 0, Del errors: 0, Get errors: 0
***END OF RAMP-UP-THREADS OUTPUT***

KP: 6784: pinned new thread to CPU=0x0
KP: 6784: sleeping to allow threads enough time
KP: 6784: waking up from sleep (0)
For multithreaded run ramp r:39-w:18-u:42-d:1
	 435326 total ops (257026 puts + 174006 gets + 4294 dels)
	 2000000 in runtime (usecs) = 2 secs = 0.217663 ops/usec
	 128513.000000 op/sec put throughput (all threads)
	 87003.000000 op/sec get throughput (all threads)
	 2147.000000 op/sec del throughput (all threads)
	 217663.000000 op/sec total throughput (all threads)
	 Conflicts in worker thread: 0 (of 32665 commits)
	 Errors in worker thread: 0
	 Put errors: 0, Del errors: 0, Get errors: 0
***END OF RAMP-UP-THREADS OUTPUT***

KP: 6784: pinned new thread to CPU=0x0
KP: 6784: sleeping to allow threads enough time
KP: 6784: waking up from sleep (0)
For multithreaded run ramp r:59-w:12-u:28-d:1
	 611733 total ops (238488 puts + 367232 gets + 6013 dels)
	 2000000 in runtime (usecs) = 2 secs = 0.305867 ops/usec
	 119244.000000 op/sec put throughput (all threads)
	 183616.000000 op/sec get throughput (all threads)
	 3006.500000 op/sec del throughput (all threads)
	 305866.500000 op/sec total throughput (all threads)
	 Conflicts in worker thread: 0 (of 30563 commits)
	 Errors in worker thread: 0
	 Put errors: 0, Del errors: 0, Get errors: 0
***END OF RAMP-UP-THREADS OUTPUT***

KP: 6784: pinned new thread to CPU=0x0
KP: 6784: sleeping to allow threads enough time
KP: 6784: waking up from sleep (0)
For multithreaded run ramp r:79-w:6-u:14-d:1
	 1022314 total ops (193727 puts + 818306 gets + 10281 dels)
	 2000000 in runtime (usecs) = 2 secs = 0.511157 ops/usec
	 96863.500000 op/sec put throughput (all threads)
	 409153.000000 op/sec get throughput (all threads)
	 5140.500000 op/sec del throughput (all threads)
	 511156.968750 op/sec total throughput (all threads)
	 Conflicts in worker thread: 0 (of 25501 commits)
	 Errors in worker thread: 0
	 Put errors: 0, Del errors: 0, Get errors: 0
***END OF RAMP-UP-THREADS OUTPUT***

KP: 6784: pinned new thread to CPU=0x0
KP: 6784: sleeping to allow threads enough time
KP: 6784: waking up from sleep (0)
For multithreaded run ramp r:99-w:0-u:0-d:1
	 3190718 total ops (0 puts + 3158857 gets + 31861 dels)
	 2000000 in runtime (usecs) = 2 secs = 1.595359 ops/usec
	 0.000000 op/sec put throughput (all threads)
	 1579428.500000 op/sec get throughput (all threads)
	 15930.500000 op/sec del throughput (all threads)
	 1595359.000000 op/sec total throughput (all threads)
	 Conflicts in worker thread: 0 (of 3983 commits)
	 Errors in worker thread: 0
	 Put errors: 0, Del errors: 0, Get errors: 0
***END OF RAMP-UP-THREADS OUTPUT***

***CONCLUDING THREAD EVALUATION***
