KP: 7408: Using 16 for local hash table size (same as merge frequency), 1610000 for master hash table size
KP: 7408: Total memory allocation size (just evaluation, not kv stores themselves) could be up to 0 bytes (0 MB)
Will create 1610000 random integers for each child thread
Now starting evaluation for key-value store: kp_kvstore
On 16 cores
Running on storage platform: disk
Starting single-threaded tests

*** BEGINING SINGLE THREADED TESTS***

***NOW DOING LATENCY TEST ON INDIVIDUAL FUNCTIONS ***
For put-insert: 
	 time elapsed 0:143006 (sec:usec) = 143006 usecs 
	 iterations 10000 (merge every 8 -> 1250 merges)
	 average cost 14.300600 usecs
	 Conflicts: 0 (of 1249 commits)

For put-append: 
	 time elapsed 0:320329 (sec:usec) = 320329 usecs 
	 iterations 30000 (merge every 8 -> 3750 merges)
	 average cost 10.677633 usecs
	 Conflicts: 0 (of 3747 commits)

For get: 
	 time elapsed 0:27262 (sec:usec) = 27262 usecs 
	 iterations 30000 (merge every 8 -> 3750 merges)
	 average cost 0.908733 usecs
	 Conflicts: 0 (of 0 commits)

For delete: 
	 time elapsed 0:283079 (sec:usec) = 283079 usecs 
	 iterations 30000 (merge every 8 -> 3750 merges)
	 average cost 9.435966 usecs
	 Conflicts: 0 (of 3747 commits)


*** CONCLUDING SINGLE THREADED TESTS***

Starting multi-threaded tests: num_threads=1, NUM_CPUS=16
KP: 7408: pinned new thread to CPU=0x0
KP: 7408: sleeping to allow threads enough time
KP: 7408: waking up from sleep (0)
For multithreaded run ramp r:-1-w:30-u:70-d:1
	 287256 total ops (284463 puts + 0 gets + 2793 dels)
	 2000000 in runtime (usecs) = 2 secs = 0.143628 ops/usec
	 142231.500000 op/sec put throughput (all threads)
	 0.000000 op/sec get throughput (all threads)
	 1396.500000 op/sec del throughput (all threads)
	 143628.000000 op/sec total throughput (all threads)
	 Conflicts in worker thread: 0 (of 35907 commits)
	 Errors in worker thread: 0
	 Put errors: 0, Del errors: 0, Get errors: 0
***END OF RAMP-UP-THREADS OUTPUT***

KP: 7408: pinned new thread to CPU=0x0
KP: 7408: sleeping to allow threads enough time
KP: 7408: waking up from sleep (0)
For multithreaded run ramp r:19-w:24-u:56-d:1
	 345713 total ops (273160 puts + 69089 gets + 3464 dels)
	 2000000 in runtime (usecs) = 2 secs = 0.172856 ops/usec
	 136580.000000 op/sec put throughput (all threads)
	 34544.500000 op/sec get throughput (all threads)
	 1732.000000 op/sec del throughput (all threads)
	 172856.500000 op/sec total throughput (all threads)
	 Conflicts in worker thread: 0 (of 34578 commits)
	 Errors in worker thread: 0
	 Put errors: 0, Del errors: 0, Get errors: 0
***END OF RAMP-UP-THREADS OUTPUT***

KP: 7408: pinned new thread to CPU=0x0
KP: 7408: sleeping to allow threads enough time
KP: 7408: waking up from sleep (0)
For multithreaded run ramp r:39-w:18-u:42-d:1
	 444656 total ops (262227 puts + 177992 gets + 4437 dels)
	 2000000 in runtime (usecs) = 2 secs = 0.222328 ops/usec
	 131113.500000 op/sec put throughput (all threads)
	 88996.000000 op/sec get throughput (all threads)
	 2218.500000 op/sec del throughput (all threads)
	 222328.000000 op/sec total throughput (all threads)
	 Conflicts in worker thread: 0 (of 33333 commits)
	 Errors in worker thread: 0
	 Put errors: 0, Del errors: 0, Get errors: 0
***END OF RAMP-UP-THREADS OUTPUT***

KP: 7408: pinned new thread to CPU=0x0
KP: 7408: sleeping to allow threads enough time
KP: 7408: waking up from sleep (0)
For multithreaded run ramp r:59-w:12-u:28-d:1
	 619652 total ops (241466 puts + 372068 gets + 6118 dels)
	 2000000 in runtime (usecs) = 2 secs = 0.309826 ops/usec
	 120733.000000 op/sec put throughput (all threads)
	 186034.000000 op/sec get throughput (all threads)
	 3059.000000 op/sec del throughput (all threads)
	 309826.000000 op/sec total throughput (all threads)
	 Conflicts in worker thread: 0 (of 30948 commits)
	 Errors in worker thread: 0
	 Put errors: 0, Del errors: 0, Get errors: 0
***END OF RAMP-UP-THREADS OUTPUT***

KP: 7408: pinned new thread to CPU=0x0
KP: 7408: sleeping to allow threads enough time
KP: 7408: waking up from sleep (0)
For multithreaded run ramp r:79-w:6-u:14-d:1
	 1039307 total ops (197796 puts + 831357 gets + 10154 dels)
	 2000000 in runtime (usecs) = 2 secs = 0.519653 ops/usec
	 98898.000000 op/sec put throughput (all threads)
	 415678.500000 op/sec get throughput (all threads)
	 5077.000000 op/sec del throughput (all threads)
	 519653.500000 op/sec total throughput (all threads)
	 Conflicts in worker thread: 0 (of 25994 commits)
	 Errors in worker thread: 0
	 Put errors: 0, Del errors: 0, Get errors: 0
***END OF RAMP-UP-THREADS OUTPUT***

KP: 7408: pinned new thread to CPU=0x0
KP: 7408: sleeping to allow threads enough time
KP: 7408: waking up from sleep (0)
For multithreaded run ramp r:99-w:0-u:0-d:1
	 3200595 total ops (0 puts + 3168467 gets + 32128 dels)
	 2000000 in runtime (usecs) = 2 secs = 1.600297 ops/usec
	 0.000000 op/sec put throughput (all threads)
	 1584233.500000 op/sec get throughput (all threads)
	 16064.000000 op/sec del throughput (all threads)
	 1600297.500000 op/sec total throughput (all threads)
	 Conflicts in worker thread: 0 (of 4016 commits)
	 Errors in worker thread: 0
	 Put errors: 0, Del errors: 0, Get errors: 0
***END OF RAMP-UP-THREADS OUTPUT***

***CONCLUDING THREAD EVALUATION***
