KP: 9344: Using 16 for local hash table size (same as merge frequency), 1610000 for master hash table size
KP: 9344: Total memory allocation size (just evaluation, not kv stores themselves) could be up to 0 bytes (0 MB)
Will create 1610000 random integers for each child thread
Now starting evaluation for key-value store: Masstree
On 16 cores
Running on storage platform: disk
Starting single-threaded tests

*** BEGINING SINGLE THREADED TESTS***

***NOW DOING LATENCY TEST ON INDIVIDUAL FUNCTIONS ***
For put-insert: 
	 time elapsed 0:2631 (sec:usec) = 2631 usecs 
	 iterations 1000 (merge every 8 -> 125 merges)
	 average cost 2.631000 usecs
	 Conflicts: 0 (of 124 commits)

For put-append: 
	 time elapsed 0:2778 (sec:usec) = 2778 usecs 
	 iterations 3000 (merge every 8 -> 375 merges)
	 average cost 0.926000 usecs
	 Conflicts: 0 (of 372 commits)

For get: 
	 time elapsed 0:2070 (sec:usec) = 2070 usecs 
	 iterations 3000 (merge every 8 -> 375 merges)
	 average cost 0.690000 usecs
	 Conflicts: 0 (of 0 commits)

For delete: 
	 time elapsed 0:2057 (sec:usec) = 2057 usecs 
	 iterations 3000 (merge every 8 -> 375 merges)
	 average cost 0.685667 usecs
	 Conflicts: 0 (of 372 commits)


*** CONCLUDING SINGLE THREADED TESTS***

Starting multi-threaded tests: num_threads=1, NUM_CPUS=16
KP: 9344: pinned new thread to CPU=0x0
KP: 9344: sleeping to allow threads enough time
KP: 9344: waking up from sleep (0)
For multithreaded run ramp r:-1-w:30-u:70-d:1
	 2192660 total ops (2170438 puts + 0 gets + 22222 dels)
	 2000000 in runtime (usecs) = 2 secs = 1.096330 ops/usec
	 1085219.000000 op/sec put throughput (all threads)
	 0.000000 op/sec get throughput (all threads)
	 11111.000000 op/sec del throughput (all threads)
	 1096330.000000 op/sec total throughput (all threads)
	 Conflicts in worker thread: 0 (of 274083 commits)
	 Errors in worker thread: 0
	 Put errors: 0, Del errors: 0, Get errors: 0
***END OF RAMP-UP-THREADS OUTPUT***

KP: 9344: pinned new thread to CPU=0x0
KP: 9344: sleeping to allow threads enough time
KP: 9344: pinned new thread to CPU=0x0
KP: 9344: sleeping to allow threads enough time
KP: 9344: pinned new thread to CPU=0x0
KP: 9344: sleeping to allow threads enough time
KP: 9344: pinned new thread to CPU=0x0
KP: 9344: sleeping to allow threads enough time
KP: 9344: pinned new thread to CPU=0x0
KP: 9344: sleeping to allow threads enough time
KP: 9344: waking up from sleep (0)
For multithreaded run ramp r:99-w:0-u:0-d:1
	 2975219 total ops (0 puts + 2945056 gets + 30163 dels)
	 2000000 in runtime (usecs) = 2 secs = 1.487610 ops/usec
	 0.000000 op/sec put throughput (all threads)
	 1472528.000000 op/sec get throughput (all threads)
	 15081.500000 op/sec del throughput (all threads)
	 1487609.500000 op/sec total throughput (all threads)
	 Conflicts in worker thread: 0 (of 3771 commits)
	 Errors in worker thread: 0
	 Put errors: 0, Del errors: 0, Get errors: 0
***END OF RAMP-UP-THREADS OUTPUT***

***CONCLUDING THREAD EVALUATION***
