KP: 7008: Using 16 for local hash table size (same as merge frequency), 1610000 for master hash table size
KP: 7008: Total memory allocation size (just evaluation, not kv stores themselves) could be up to 0 bytes (0 MB)
Will create 1610000 random integers for each child thread
Now starting evaluation for key-value store: Masstree
On 16 cores
Running on storage platform: disk
Starting single-threaded tests

*** BEGINING SINGLE THREADED TESTS***

***NOW DOING LATENCY TEST ON INDIVIDUAL FUNCTIONS ***
For put-insert: 
	 time elapsed 0:475071 (sec:usec) = 475071 usecs 
	 iterations 10000 (merge every 8 -> 1250 merges)
	 average cost 47.507099 usecs
	 Conflicts: 0 (of 1249 commits)

For put-append: 
	 time elapsed 1:404728 (sec:usec) = 1404728 usecs 
	 iterations 30000 (merge every 8 -> 3750 merges)
	 average cost 46.824268 usecs
	 Conflicts: 0 (of 3747 commits)

For get: 
	 time elapsed 0:33930 (sec:usec) = 33930 usecs 
	 iterations 30000 (merge every 8 -> 3750 merges)
	 average cost 1.131000 usecs
	 Conflicts: 0 (of 0 commits)

For delete: 
	 time elapsed 0:24027 (sec:usec) = 24027 usecs 
	 iterations 30000 (merge every 8 -> 3750 merges)
	 average cost 0.800900 usecs
	 Conflicts: 0 (of 3747 commits)


*** CONCLUDING SINGLE THREADED TESTS***

Starting multi-threaded tests: num_threads=1, NUM_CPUS=16
KP: 7008: pinned new thread to CPU=0x0
KP: 7008: sleeping to allow threads enough time
KP: 7008: waking up from sleep (0)
For multithreaded run ramp r:-1-w:30-u:70-d:1
	 47967 total ops (47490 puts + 0 gets + 477 dels)
	 2000000 in runtime (usecs) = 2 secs = 0.023984 ops/usec
	 23745.000000 op/sec put throughput (all threads)
	 0.000000 op/sec get throughput (all threads)
	 238.500000 op/sec del throughput (all threads)
	 23983.500000 op/sec total throughput (all threads)
	 Conflicts in worker thread: 0 (of 5996 commits)
	 Errors in worker thread: 0
	 Put errors: 0, Del errors: 0, Get errors: 0
***END OF RAMP-UP-THREADS OUTPUT***

KP: 7008: pinned new thread to CPU=0x0
KP: 7008: sleeping to allow threads enough time
KP: 7008: pinned new thread to CPU=0x0
KP: 7008: sleeping to allow threads enough time
KP: 7008: pinned new thread to CPU=0x0
KP: 7008: sleeping to allow threads enough time
KP: 7008: pinned new thread to CPU=0x0
KP: 7008: sleeping to allow threads enough time
KP: 7008: pinned new thread to CPU=0x0
KP: 7008: sleeping to allow threads enough time
KP: 7008: waking up from sleep (0)
For multithreaded run ramp r:99-w:0-u:0-d:1
	 2963597 total ops (0 puts + 2934416 gets + 29181 dels)
	 2000000 in runtime (usecs) = 2 secs = 1.481799 ops/usec
	 0.000000 op/sec put throughput (all threads)
	 1467208.000000 op/sec get throughput (all threads)
	 14590.500000 op/sec del throughput (all threads)
	 1481798.500000 op/sec total throughput (all threads)
	 Conflicts in worker thread: 0 (of 3648 commits)
	 Errors in worker thread: 0
	 Put errors: 0, Del errors: 0, Get errors: 0
***END OF RAMP-UP-THREADS OUTPUT***

***CONCLUDING THREAD EVALUATION***
