KP: 608: Using 16 for local hash table size (same as merge frequency), 1610000 for master hash table size
KP: 608: Total memory allocation size (just evaluation, not kv stores themselves) could be up to 0 bytes (0 MB)
Will create 1610000 random integers for each child thread
Now starting evaluation for key-value store: Masstree
On 16 cores
Running on storage platform: disk
Starting single-threaded tests

*** BEGINING SINGLE THREADED TESTS***

***NOW DOING LATENCY TEST ON INDIVIDUAL FUNCTIONS ***
For put-insert: 
	 time elapsed 0:10975 (sec:usec) = 10975 usecs 
	 iterations 10000 (merge every 8 -> 1250 merges)
	 average cost 1.097500 usecs
	 Conflicts: 0 (of 1249 commits)

For put-append: 
	 time elapsed 0:28619 (sec:usec) = 28619 usecs 
	 iterations 30000 (merge every 8 -> 3750 merges)
	 average cost 0.953967 usecs
	 Conflicts: 0 (of 3747 commits)

For get: 
	 time elapsed 0:20932 (sec:usec) = 20932 usecs 
	 iterations 30000 (merge every 8 -> 3750 merges)
	 average cost 0.697733 usecs
	 Conflicts: 0 (of 0 commits)

For delete: 
	 time elapsed 0:20602 (sec:usec) = 20602 usecs 
	 iterations 30000 (merge every 8 -> 3750 merges)
	 average cost 0.686733 usecs
	 Conflicts: 0 (of 3747 commits)


*** CONCLUDING SINGLE THREADED TESTS***

Starting multi-threaded tests: num_threads=1, NUM_CPUS=16
KP: 608: pinned new thread to CPU=0x0
KP: 608: sleeping to allow threads enough time
KP: 608: waking up from sleep (0)
For multithreaded run ramp r:-1-w:30-u:70-d:1
	 2125353 total ops (2103939 puts + 0 gets + 21414 dels)
	 2000000 in runtime (usecs) = 2 secs = 1.062677 ops/usec
	 1051969.500000 op/sec put throughput (all threads)
	 0.000000 op/sec get throughput (all threads)
	 10707.000000 op/sec del throughput (all threads)
	 1062676.500000 op/sec total throughput (all threads)
	 Conflicts in worker thread: 0 (of 265670 commits)
	 Errors in worker thread: 0
	 Put errors: 0, Del errors: 0, Get errors: 0
***END OF RAMP-UP-THREADS OUTPUT***

KP: 608: pinned new thread to CPU=0x0
KP: 608: sleeping to allow threads enough time
KP: 608: pinned new thread to CPU=0x0
KP: 608: sleeping to allow threads enough time
KP: 608: pinned new thread to CPU=0x0
KP: 608: sleeping to allow threads enough time
KP: 608: pinned new thread to CPU=0x0
KP: 608: sleeping to allow threads enough time
KP: 608: pinned new thread to CPU=0x0
KP: 608: sleeping to allow threads enough time
KP: 608: waking up from sleep (0)
For multithreaded run ramp r:99-w:0-u:0-d:1
	 2966407 total ops (0 puts + 2936775 gets + 29632 dels)
	 2000000 in runtime (usecs) = 2 secs = 1.483204 ops/usec
	 0.000000 op/sec put throughput (all threads)
	 1468387.500000 op/sec get throughput (all threads)
	 14816.000000 op/sec del throughput (all threads)
	 1483203.500000 op/sec total throughput (all threads)
	 Conflicts in worker thread: 0 (of 3704 commits)
	 Errors in worker thread: 0
	 Put errors: 0, Del errors: 0, Get errors: 0
***END OF RAMP-UP-THREADS OUTPUT***

***CONCLUDING THREAD EVALUATION***
