KP: 2944: Using 2 for local hash table size (same as merge frequency), 1610000 for master hash table size
KP: 2944: Total memory allocation size (just evaluation, not kv stores themselves) could be up to 0 bytes (0 MB)
Will create 1610000 random integers for each child thread
Now starting evaluation for key-value store: kp_kvstore
On 16 cores
Running on storage platform: disk
Starting single-threaded tests

*** BEGINING SINGLE THREADED TESTS***

***NOW DOING LATENCY TEST ON INDIVIDUAL FUNCTIONS ***
For put-insert: 
	 time elapsed 0:45223 (sec:usec) = 45223 usecs 
	 iterations 10000 (merge every 1 -> 10000 merges)
	 average cost 4.522300 usecs
	 Conflicts: 0 (of 10000 commits)

For put-append: 
	 time elapsed 0:133045 (sec:usec) = 133045 usecs 
	 iterations 30000 (merge every 1 -> 30000 merges)
	 average cost 4.434834 usecs
	 Conflicts: 0 (of 30000 commits)

For get: 
	 time elapsed 0:66749 (sec:usec) = 66749 usecs 
	 iterations 30000 (merge every 1 -> 30000 merges)
	 average cost 2.224967 usecs
	 Conflicts: 0 (of 0 commits)

For delete: 
	 time elapsed 0:88029 (sec:usec) = 88029 usecs 
	 iterations 30000 (merge every 1 -> 30000 merges)
	 average cost 2.934300 usecs
	 Conflicts: 0 (of 30000 commits)


*** CONCLUDING SINGLE THREADED TESTS***

Starting multi-threaded tests: num_threads=1, NUM_CPUS=16
KP: 2944: pinned new thread to CPU=0x0
KP: 2944: sleeping to allow threads enough time
KP: 2944: waking up from sleep (0)
For multithreaded run ramp r:-1-w:30-u:70-d:1
	 491862 total ops (487043 puts + 0 gets + 4819 dels)
	 2000000 in runtime (usecs) = 2 secs = 0.245931 ops/usec
	 243521.500000 op/sec put throughput (all threads)
	 0.000000 op/sec get throughput (all threads)
	 2409.500000 op/sec del throughput (all threads)
	 245931.000000 op/sec total throughput (all threads)
	 Conflicts in worker thread: 0 (of 491862 commits)
	 Errors in worker thread: 0
	 Put errors: 0, Del errors: 0, Get errors: 0
***END OF RAMP-UP-THREADS OUTPUT***

KP: 2944: pinned new thread to CPU=0x0
KP: 2944: sleeping to allow threads enough time
KP: 2944: waking up from sleep (0)
For multithreaded run ramp r:19-w:24-u:56-d:1
	 560313 total ops (442725 puts + 112129 gets + 5459 dels)
	 2000000 in runtime (usecs) = 2 secs = 0.280156 ops/usec
	 221362.500000 op/sec put throughput (all threads)
	 56064.500000 op/sec get throughput (all threads)
	 2729.500000 op/sec del throughput (all threads)
	 280156.500000 op/sec total throughput (all threads)
	 Conflicts in worker thread: 0 (of 448184 commits)
	 Errors in worker thread: 0
	 Put errors: 0, Del errors: 0, Get errors: 0
***END OF RAMP-UP-THREADS OUTPUT***

KP: 2944: pinned new thread to CPU=0x0
KP: 2944: sleeping to allow threads enough time
KP: 2944: waking up from sleep (0)
For multithreaded run ramp r:39-w:18-u:42-d:1
	 674380 total ops (397567 puts + 270136 gets + 6677 dels)
	 2000000 in runtime (usecs) = 2 secs = 0.337190 ops/usec
	 198783.500000 op/sec put throughput (all threads)
	 135068.000000 op/sec get throughput (all threads)
	 3338.500000 op/sec del throughput (all threads)
	 337190.000000 op/sec total throughput (all threads)
	 Conflicts in worker thread: 0 (of 404244 commits)
	 Errors in worker thread: 0
	 Put errors: 0, Del errors: 0, Get errors: 0
***END OF RAMP-UP-THREADS OUTPUT***

KP: 2944: pinned new thread to CPU=0x0
KP: 2944: sleeping to allow threads enough time
KP: 2944: waking up from sleep (0)
For multithreaded run ramp r:59-w:12-u:28-d:1
	 857115 total ops (333980 puts + 514698 gets + 8437 dels)
	 2000000 in runtime (usecs) = 2 secs = 0.428557 ops/usec
	 166990.000000 op/sec put throughput (all threads)
	 257349.000000 op/sec get throughput (all threads)
	 4218.500000 op/sec del throughput (all threads)
	 428557.500000 op/sec total throughput (all threads)
	 Conflicts in worker thread: 0 (of 342417 commits)
	 Errors in worker thread: 0
	 Put errors: 0, Del errors: 0, Get errors: 0
***END OF RAMP-UP-THREADS OUTPUT***

KP: 2944: pinned new thread to CPU=0x0
KP: 2944: sleeping to allow threads enough time
KP: 2944: waking up from sleep (0)
For multithreaded run ramp r:79-w:6-u:14-d:1
	 1210251 total ops (230806 puts + 967392 gets + 12053 dels)
	 2000000 in runtime (usecs) = 2 secs = 0.605125 ops/usec
	 115403.000000 op/sec put throughput (all threads)
	 483696.000000 op/sec get throughput (all threads)
	 6026.500000 op/sec del throughput (all threads)
	 605125.500000 op/sec total throughput (all threads)
	 Conflicts in worker thread: 0 (of 242859 commits)
	 Errors in worker thread: 0
	 Put errors: 0, Del errors: 0, Get errors: 0
***END OF RAMP-UP-THREADS OUTPUT***

KP: 2944: pinned new thread to CPU=0x0
KP: 2944: sleeping to allow threads enough time
KP: 2944: waking up from sleep (0)
For multithreaded run ramp r:99-w:0-u:0-d:1
	 2265396 total ops (0 puts + 2243026 gets + 22370 dels)
	 2000000 in runtime (usecs) = 2 secs = 1.132698 ops/usec
	 0.000000 op/sec put throughput (all threads)
	 1121513.000000 op/sec get throughput (all threads)
	 11185.000000 op/sec del throughput (all threads)
	 1132698.000000 op/sec total throughput (all threads)
	 Conflicts in worker thread: 0 (of 22370 commits)
	 Errors in worker thread: 0
	 Put errors: 0, Del errors: 0, Get errors: 0
***END OF RAMP-UP-THREADS OUTPUT***

***CONCLUDING THREAD EVALUATION***
