KP: 8048: Using 16 for local hash table size (same as merge frequency), 1610000 for master hash table size
KP: 8048: Total memory allocation size (just evaluation, not kv stores themselves) could be up to 0 bytes (0 MB)
Will create 1610000 random integers for each child thread
Now starting evaluation for key-value store: kp_kvstore
On 16 cores
Running on storage platform: disk
Starting single-threaded tests

*** BEGINING SINGLE THREADED TESTS***

***NOW DOING LATENCY TEST ON INDIVIDUAL FUNCTIONS ***
For put-insert: 
	 time elapsed 1:106112 (sec:usec) = 1106112 usecs 
	 iterations 10000 (merge every 8 -> 1250 merges)
	 average cost 110.611198 usecs
	 Conflicts: 0 (of 1249 commits)

For put-append: 
	 time elapsed 3:322337 (sec:usec) = 3322337 usecs 
	 iterations 30000 (merge every 8 -> 3750 merges)
	 average cost 110.744568 usecs
	 Conflicts: 0 (of 3747 commits)

For get: 
	 time elapsed 2:693474 (sec:usec) = 2693474 usecs 
	 iterations 30000 (merge every 8 -> 3750 merges)
	 average cost 89.782463 usecs
	 Conflicts: 0 (of 0 commits)

For delete: 
	 time elapsed 0:59089 (sec:usec) = 59089 usecs 
	 iterations 30000 (merge every 8 -> 3750 merges)
	 average cost 1.969633 usecs
	 Conflicts: 0 (of 3747 commits)


*** CONCLUDING SINGLE THREADED TESTS***

Starting multi-threaded tests: num_threads=1, NUM_CPUS=16
KP: 8048: pinned new thread to CPU=0x0
KP: 8048: sleeping to allow threads enough time
KP: 8048: waking up from sleep (0)
For multithreaded run ramp r:-1-w:30-u:70-d:1
	 39120 total ops (38733 puts + 0 gets + 387 dels)
	 2000000 in runtime (usecs) = 2 secs = 0.019560 ops/usec
	 19366.500000 op/sec put throughput (all threads)
	 0.000000 op/sec get throughput (all threads)
	 193.500000 op/sec del throughput (all threads)
	 19560.000000 op/sec total throughput (all threads)
	 Conflicts in worker thread: 0 (of 4890 commits)
	 Errors in worker thread: 0
	 Put errors: 0, Del errors: 0, Get errors: 0
***END OF RAMP-UP-THREADS OUTPUT***

KP: 8048: pinned new thread to CPU=0x0
KP: 8048: sleeping to allow threads enough time
KP: 8048: waking up from sleep (0)
For multithreaded run ramp r:19-w:24-u:56-d:1
	 46404 total ops (36565 puts + 9390 gets + 449 dels)
	 2000000 in runtime (usecs) = 2 secs = 0.023202 ops/usec
	 18282.500000 op/sec put throughput (all threads)
	 4695.000000 op/sec get throughput (all threads)
	 224.500000 op/sec del throughput (all threads)
	 23202.000000 op/sec total throughput (all threads)
	 Conflicts in worker thread: 0 (of 4627 commits)
	 Errors in worker thread: 0
	 Put errors: 0, Del errors: 0, Get errors: 0
***END OF RAMP-UP-THREADS OUTPUT***

KP: 8048: pinned new thread to CPU=0x0
KP: 8048: sleeping to allow threads enough time
KP: 8048: waking up from sleep (0)
For multithreaded run ramp r:39-w:18-u:42-d:1
	 57309 total ops (33881 puts + 22864 gets + 564 dels)
	 2000000 in runtime (usecs) = 2 secs = 0.028655 ops/usec
	 16940.500000 op/sec put throughput (all threads)
	 11431.999023 op/sec get throughput (all threads)
	 282.000000 op/sec del throughput (all threads)
	 28654.500000 op/sec total throughput (all threads)
	 Conflicts in worker thread: 0 (of 4306 commits)
	 Errors in worker thread: 0
	 Put errors: 0, Del errors: 0, Get errors: 0
***END OF RAMP-UP-THREADS OUTPUT***

KP: 8048: pinned new thread to CPU=0x0
KP: 8048: sleeping to allow threads enough time
KP: 8048: waking up from sleep (0)
For multithreaded run ramp r:59-w:12-u:28-d:1
	 75207 total ops (29447 puts + 44993 gets + 767 dels)
	 2000000 in runtime (usecs) = 2 secs = 0.037604 ops/usec
	 14723.500000 op/sec put throughput (all threads)
	 22496.500000 op/sec get throughput (all threads)
	 383.500000 op/sec del throughput (all threads)
	 37603.500000 op/sec total throughput (all threads)
	 Conflicts in worker thread: 0 (of 3777 commits)
	 Errors in worker thread: 0
	 Put errors: 0, Del errors: 0, Get errors: 0
***END OF RAMP-UP-THREADS OUTPUT***

KP: 8048: pinned new thread to CPU=0x0
KP: 8048: sleeping to allow threads enough time
KP: 8048: waking up from sleep (0)
For multithreaded run ramp r:79-w:6-u:14-d:1
	 112075 total ops (21401 puts + 89554 gets + 1120 dels)
	 2000000 in runtime (usecs) = 2 secs = 0.056038 ops/usec
	 10700.500000 op/sec put throughput (all threads)
	 44777.000000 op/sec get throughput (all threads)
	 560.000000 op/sec del throughput (all threads)
	 56037.500000 op/sec total throughput (all threads)
	 Conflicts in worker thread: 0 (of 2816 commits)
	 Errors in worker thread: 0
	 Put errors: 0, Del errors: 0, Get errors: 0
***END OF RAMP-UP-THREADS OUTPUT***

KP: 8048: pinned new thread to CPU=0x0
KP: 8048: sleeping to allow threads enough time
KP: 8048: waking up from sleep (0)
For multithreaded run ramp r:99-w:0-u:0-d:1
	 3197801 total ops (0 puts + 3165580 gets + 32221 dels)
	 2000000 in runtime (usecs) = 2 secs = 1.598901 ops/usec
	 0.000000 op/sec put throughput (all threads)
	 1582790.000000 op/sec get throughput (all threads)
	 16110.500000 op/sec del throughput (all threads)
	 1598900.500000 op/sec total throughput (all threads)
	 Conflicts in worker thread: 0 (of 4028 commits)
	 Errors in worker thread: 0
	 Put errors: 0, Del errors: 0, Get errors: 0
***END OF RAMP-UP-THREADS OUTPUT***

***CONCLUDING THREAD EVALUATION***
