KP: 5536: Using 16 for local hash table size (same as merge frequency), 1610000 for master hash table size
KP: 5536: Total memory allocation size (just evaluation, not kv stores themselves) could be up to 0 bytes (0 MB)
Will create 1610000 random integers for each child thread
Now starting evaluation for key-value store: kp_kvstore
On 16 cores
Running on storage platform: disk
Starting single-threaded tests

*** BEGINING SINGLE THREADED TESTS***

***NOW DOING LATENCY TEST ON INDIVIDUAL FUNCTIONS ***
For put-insert: 
	 time elapsed 0:26367 (sec:usec) = 26367 usecs 
	 iterations 10000 (merge every 8 -> 1250 merges)
	 average cost 2.636700 usecs
	 Conflicts: 0 (of 1249 commits)

For put-append: 
	 time elapsed 0:61710 (sec:usec) = 61710 usecs 
	 iterations 30000 (merge every 8 -> 3750 merges)
	 average cost 2.057000 usecs
	 Conflicts: 0 (of 3747 commits)

For get: 
	 time elapsed 0:27215 (sec:usec) = 27215 usecs 
	 iterations 30000 (merge every 8 -> 3750 merges)
	 average cost 0.907167 usecs
	 Conflicts: 0 (of 0 commits)

For delete: 
	 time elapsed 0:55198 (sec:usec) = 55198 usecs 
	 iterations 30000 (merge every 8 -> 3750 merges)
	 average cost 1.839933 usecs
	 Conflicts: 0 (of 3747 commits)


*** CONCLUDING SINGLE THREADED TESTS***

Starting multi-threaded tests: num_threads=1, NUM_CPUS=16
KP: 5536: pinned new thread to CPU=0x0
KP: 5536: sleeping to allow threads enough time
KP: 5536: waking up from sleep (0)
For multithreaded run ramp r:-1-w:30-u:70-d:1
	 1284514 total ops (1271639 puts + 0 gets + 12875 dels)
	 2000000 in runtime (usecs) = 2 secs = 0.642257 ops/usec
	 635819.500000 op/sec put throughput (all threads)
	 0.000000 op/sec get throughput (all threads)
	 6437.500000 op/sec del throughput (all threads)
	 642257.000000 op/sec total throughput (all threads)
	 Conflicts in worker thread: 0 (of 160565 commits)
	 Errors in worker thread: 0
	 Put errors: 0, Del errors: 0, Get errors: 0
***END OF RAMP-UP-THREADS OUTPUT***

KP: 5536: pinned new thread to CPU=0x0
KP: 5536: sleeping to allow threads enough time
KP: 5536: waking up from sleep (0)
For multithreaded run ramp r:19-w:24-u:56-d:1
	 1417572 total ops (1119969 puts + 283492 gets + 14111 dels)
	 2000000 in runtime (usecs) = 2 secs = 0.708786 ops/usec
	 559984.500000 op/sec put throughput (all threads)
	 141746.000000 op/sec get throughput (all threads)
	 7055.500000 op/sec del throughput (all threads)
	 708786.000000 op/sec total throughput (all threads)
	 Conflicts in worker thread: 0 (of 141760 commits)
	 Errors in worker thread: 0
	 Put errors: 0, Del errors: 0, Get errors: 0
***END OF RAMP-UP-THREADS OUTPUT***

KP: 5536: pinned new thread to CPU=0x0
KP: 5536: sleeping to allow threads enough time
KP: 5536: waking up from sleep (0)
For multithreaded run ramp r:39-w:18-u:42-d:1
	 1620762 total ops (956871 puts + 647522 gets + 16369 dels)
	 2000000 in runtime (usecs) = 2 secs = 0.810381 ops/usec
	 478435.500000 op/sec put throughput (all threads)
	 323761.000000 op/sec get throughput (all threads)
	 8184.500000 op/sec del throughput (all threads)
	 810381.000000 op/sec total throughput (all threads)
	 Conflicts in worker thread: 0 (of 121655 commits)
	 Errors in worker thread: 0
	 Put errors: 0, Del errors: 0, Get errors: 0
***END OF RAMP-UP-THREADS OUTPUT***

KP: 5536: pinned new thread to CPU=0x0
KP: 5536: sleeping to allow threads enough time
KP: 5536: waking up from sleep (0)
For multithreaded run ramp r:59-w:12-u:28-d:1
	 1919303 total ops (748628 puts + 1151431 gets + 19244 dels)
	 2000000 in runtime (usecs) = 2 secs = 0.959652 ops/usec
	 374314.000000 op/sec put throughput (all threads)
	 575715.500000 op/sec get throughput (all threads)
	 9622.000000 op/sec del throughput (all threads)
	 959651.500000 op/sec total throughput (all threads)
	 Conflicts in worker thread: 0 (of 95984 commits)
	 Errors in worker thread: 0
	 Put errors: 0, Del errors: 0, Get errors: 0
***END OF RAMP-UP-THREADS OUTPUT***

KP: 5536: pinned new thread to CPU=0x0
KP: 5536: sleeping to allow threads enough time
KP: 5536: waking up from sleep (0)
For multithreaded run ramp r:79-w:6-u:14-d:1
	 2373885 total ops (450422 puts + 1899296 gets + 24167 dels)
	 2000000 in runtime (usecs) = 2 secs = 1.186942 ops/usec
	 225211.000000 op/sec put throughput (all threads)
	 949648.062500 op/sec get throughput (all threads)
	 12083.500000 op/sec del throughput (all threads)
	 1186942.500000 op/sec total throughput (all threads)
	 Conflicts in worker thread: 0 (of 59324 commits)
	 Errors in worker thread: 0
	 Put errors: 0, Del errors: 0, Get errors: 0
***END OF RAMP-UP-THREADS OUTPUT***

KP: 5536: pinned new thread to CPU=0x0
KP: 5536: sleeping to allow threads enough time
KP: 5536: waking up from sleep (0)
For multithreaded run ramp r:99-w:0-u:0-d:1
	 3343311 total ops (0 puts + 3309317 gets + 33994 dels)
	 2000000 in runtime (usecs) = 2 secs = 1.671656 ops/usec
	 0.000000 op/sec put throughput (all threads)
	 1654658.625000 op/sec get throughput (all threads)
	 16997.000000 op/sec del throughput (all threads)
	 1671655.500000 op/sec total throughput (all threads)
	 Conflicts in worker thread: 0 (of 4250 commits)
	 Errors in worker thread: 0
	 Put errors: 0, Del errors: 0, Get errors: 0
***END OF RAMP-UP-THREADS OUTPUT***

***CONCLUDING THREAD EVALUATION***
